1/9/2026 7:06:39 PM - View Style Manager Started
1/9/2026 7:06:39 PM - Log file: C:\Users\Quintin\Documents\Spectiv\3. Working\FINAL_PRODUCTION_SCRIPTS 1 Oct 2025\View_Style_Manager\ViewStyleManager_1-9-2026_7-06-39_PM.log
1/9/2026 7:06:39 PM - === VIEW STYLE MANAGER ===
1/9/2026 7:06:39 PM - Scan and manage view styles in Inventor IDW files
1/9/2026 7:06:39 PM - SUCCESS: Connected to Inventor
1/9/2026 7:06:39 PM - Working with drawing: KNL-N0200-SCR05-0779-PD New.idw
1/9/2026 7:06:41 PM - === SCANNING VIEW STYLES ===
1/9/2026 7:06:41 PM - Active Standard: PEN25 A1-3RD ANGLE
1/9/2026 7:06:41 PM - Found 19 standard styles
1/9/2026 7:06:41 PM -   Standard Style: Default Standard (ANSI)
1/9/2026 7:06:41 PM -   Standard Style: Default Standard (ANSI) - 3DA
1/9/2026 7:06:41 PM -   Standard Style: Default Standard (ANSI-mm)
1/9/2026 7:06:41 PM -   Standard Style: Default Standard (ANSI-mm) - 3DA
1/9/2026 7:06:41 PM -   Standard Style: Default Standard (BSI)
1/9/2026 7:06:41 PM -   Standard Style: Default Standard (DIN)
1/9/2026 7:06:41 PM -   Standard Style: Default Standard (DIN) - 3DA
1/9/2026 7:06:41 PM -   Standard Style: Default Standard (Fabrication)
1/9/2026 7:06:41 PM -   Standard Style: Default Standard (Fabrication-mm)
1/9/2026 7:06:41 PM -   Standard Style: Default Standard (GB)
1/9/2026 7:06:41 PM -   Standard Style: Default Standard (GOST)
1/9/2026 7:06:41 PM -   Standard Style: Default Standard (ISO)
1/9/2026 7:06:41 PM -   Standard Style: Default Standard (ISO) - 3DA
1/9/2026 7:06:41 PM -   Standard Style: Default Standard (JIS)
1/9/2026 7:06:41 PM -   Standard Style: DESIGN SOLVE (ISO)
1/9/2026 7:06:41 PM -   Standard Style: PENTALIN 25
1/9/2026 7:06:41 PM -   Standard Style: RDE
1/9/2026 7:06:41 PM -   Standard Style: RDE 201807 A1
1/9/2026 7:06:41 PM - Scanning sheet: Sheet:1
1/9/2026 7:06:41 PM - View Style Manager Ended
