2026-03-02 20:44:39 | === DWG REF UPDATER START ===
2026-03-02 20:44:39 | FORCE_TEST_MODE=False
2026-03-02 20:44:39 | Drawing: C:\Users\Quintin\Documents\Spectiv\3. Working\24. Primary - DMS\20. N1SCR03 - Deslime Screen Station\768 Flood Box\N1SCR03-768-PA.idw
2026-03-02 20:44:40 | SKIP DXF SHEET (parts list scan): DXF FOR N1SCR03-768-PLA1:6
2026-03-02 20:44:40 | SKIP DXF SHEET (view placement): DXF FOR N1SCR03-768-PLA1:6
2026-03-02 20:44:40 | Collected models: 19
2026-03-02 20:44:40 | DWG_REF_ONLY_MODE=False
2026-03-02 20:44:40 | AUTO_PLACE_ENABLED=True
2026-03-02 20:44:49 | No undetailed parts found
2026-03-02 20:44:49 | Undetailed parts found: 0
2026-03-02 20:44:51 | INFO: No DWG REF column found on sheet Sheet:5
2026-03-02 20:44:51 | SKIP DXF SHEET (cell update): DXF FOR N1SCR03-768-PLA1:6
2026-03-02 20:44:51 | Parts list DWG REF cells updated: 36
2026-03-02 20:44:51 | ERROR: Failed updating C:\Users\Quintin\Documents\Spectiv\3. Working\24. Primary - DMS\20. N1SCR03 - Deslime Screen Station\768 Flood Box\Support\N1SCR03-768-BA3.iam
2026-03-02 20:44:51 | ERROR: Failed updating C:\Users\Quintin\Documents\Spectiv\3. Working\24. Primary - DMS\20. N1SCR03 - Deslime Screen Station\768 Flood Box\Chute\N1SCR03-768-PLA1.iam
2026-03-02 20:44:51 | ERROR: Failed updating C:\Users\Quintin\Documents\Spectiv\3. Working\24. Primary - DMS\20. N1SCR03 - Deslime Screen Station\768 Flood Box\Chute\N1SCR03-768-PL3.ipt
2026-03-02 20:44:51 | ERROR: Failed updating C:\Users\Quintin\Documents\Spectiv\3. Working\24. Primary - DMS\20. N1SCR03 - Deslime Screen Station\768 Flood Box\Chute\N1SCR03-768-PL4.ipt
2026-03-02 20:44:51 | ERROR: Failed updating C:\Users\Quintin\Documents\Spectiv\3. Working\24. Primary - DMS\20. N1SCR03 - Deslime Screen Station\768 Flood Box\Chute\N1SCR03-768-A1.ipt
2026-03-02 20:44:51 | ERROR: Failed updating C:\Users\Quintin\Documents\Spectiv\3. Working\24. Primary - DMS\20. N1SCR03 - Deslime Screen Station\768 Flood Box\Chute\N1SCR03-768-A2.ipt
2026-03-02 20:44:51 | ERROR: Failed updating C:\Users\Quintin\Documents\Spectiv\3. Working\24. Primary - DMS\20. N1SCR03 - Deslime Screen Station\768 Flood Box\Chute\N1SCR03-768-A3.ipt
2026-03-02 20:44:51 | ERROR: Failed updating C:\Users\Quintin\Documents\Spectiv\3. Working\24. Primary - DMS\20. N1SCR03 - Deslime Screen Station\768 Flood Box\Chute\N1SCR03-768-A4.ipt
2026-03-02 20:44:51 | ERROR: Failed updating C:\Users\Quintin\Documents\Spectiv\3. Working\24. Primary - DMS\20. N1SCR03 - Deslime Screen Station\768 Flood Box\Chute\N1SCR03-768-PL5.ipt
2026-03-02 20:44:51 | ERROR: Failed updating C:\Users\Quintin\Documents\Spectiv\3. Working\24. Primary - DMS\20. N1SCR03 - Deslime Screen Station\768 Flood Box\Chute\N1SCR03-768-PL6.ipt
2026-03-02 20:44:51 | ERROR: Failed updating C:\Users\Quintin\Documents\Spectiv\3. Working\24. Primary - DMS\20. N1SCR03 - Deslime Screen Station\768 Flood Box\Chute\N1SCR03-768-PL7.ipt
2026-03-02 20:44:51 | ERROR: Failed updating C:\Users\Quintin\Documents\Spectiv\3. Working\24. Primary - DMS\20. N1SCR03 - Deslime Screen Station\768 Flood Box\Chute\N1SCR03-768-LPL1.ipt
2026-03-02 20:44:51 | ERROR: Failed updating C:\Users\Quintin\Documents\Spectiv\3. Working\24. Primary - DMS\20. N1SCR03 - Deslime Screen Station\768 Flood Box\Chute\N1SCR03-768-LPL2.ipt
2026-03-02 20:44:51 | ERROR: Failed updating C:\Users\Quintin\Documents\Spectiv\3. Working\24. Primary - DMS\20. N1SCR03 - Deslime Screen Station\768 Flood Box\Chute\N1SCR03-768-LPL3.ipt
2026-03-02 20:44:51 | ERROR: Failed updating C:\Users\Quintin\Documents\Spectiv\3. Working\24. Primary - DMS\20. N1SCR03 - Deslime Screen Station\768 Flood Box\Chute\N1SCR03-768-LPL4.ipt
2026-03-02 20:44:51 | ERROR: Failed updating C:\Users\Quintin\Documents\Spectiv\3. Working\24. Primary - DMS\20. N1SCR03 - Deslime Screen Station\768 Flood Box\Chute\N1SCR03-768-P1.ipt
2026-03-02 20:44:51 | ERROR: Failed updating C:\Users\Quintin\Documents\Spectiv\3. Working\24. Primary - DMS\20. N1SCR03 - Deslime Screen Station\768 Flood Box\Chute\N1SCR03-768-FLG1.ipt
2026-03-02 20:44:51 | ERROR: Failed updating C:\Users\Quintin\Documents\Spectiv\3. Working\24. Primary - DMS\20. N1SCR03 - Deslime Screen Station\768 Flood Box\Support\Support Beam-1\N1SCR03-768-BA1.iam
2026-03-02 20:44:52 | ERROR: Failed updating C:\Users\Quintin\Documents\Spectiv\3. Working\24. Primary - DMS\20. N1SCR03 - Deslime Screen Station\768 Flood Box\Support\Support Beam-2\N1SCR03-768-BA2.iam
2026-03-02 20:44:54 | Sheets scanned: 8
2026-03-02 20:44:54 | Parts lists scanned: 6
2026-03-02 20:44:54 | Rows scanned: 51
2026-03-02 20:44:54 | Models updated: 0
2026-03-02 20:44:54 | Model update errors: 19
2026-03-02 20:44:54 | Log path: C:\Users\Quintin\Documents\Spectiv\3. Working\INVENTOR_AUTOMATION_SUITE_2026\File_Utilities\Logs\Populate_DWG_REF_20260302_204439.log
