2026-03-02 14:46:53 | === DWG REF UPDATER START ===
2026-03-02 14:46:53 | FORCE_TEST_MODE=False
2026-03-02 14:46:53 | Drawing: C:\Users\Quintin\Documents\Spectiv\3. Working\24. Primary - DMS\20. N1SCR03 - Deslime Screen Station\768 Flood Box\N1SCR03-768-PA.idw
2026-03-02 14:46:54 | Collected models: 17
2026-03-02 14:46:54 | AUTO_PLACE_ENABLED=True
2026-03-02 14:46:54 | AUTO_PLACE_TARGET=Sheet:5
2026-03-02 14:46:55 | Placed N1SCR03-768-A4 on Sheet:5
2026-03-02 14:46:55 | Undetailed parts found: 11
2026-03-02 14:46:58 | Parts list DWG REF cells updated: 34
2026-03-02 14:46:58 | ERROR: Failed updating C:\Users\Quintin\Documents\Spectiv\3. Working\24. Primary - DMS\20. N1SCR03 - Deslime Screen Station\768 Flood Box\Support\N1SCR03-768-BA3.iam
2026-03-02 14:46:58 | ERROR: Failed updating C:\Users\Quintin\Documents\Spectiv\3. Working\24. Primary - DMS\20. N1SCR03 - Deslime Screen Station\768 Flood Box\Chute\N1SCR03-768-PLA1.iam
2026-03-02 14:46:58 | ERROR: Failed updating C:\Users\Quintin\Documents\Spectiv\3. Working\24. Primary - DMS\20. N1SCR03 - Deslime Screen Station\768 Flood Box\Chute\N1SCR03-768-PL3.ipt
2026-03-02 14:46:58 | ERROR: Failed updating C:\Users\Quintin\Documents\Spectiv\3. Working\24. Primary - DMS\20. N1SCR03 - Deslime Screen Station\768 Flood Box\Chute\N1SCR03-768-PL4.ipt
2026-03-02 14:46:59 | ERROR: Failed updating C:\Users\Quintin\Documents\Spectiv\3. Working\24. Primary - DMS\20. N1SCR03 - Deslime Screen Station\768 Flood Box\Chute\N1SCR03-768-A1.ipt
2026-03-02 14:46:59 | ERROR: Failed updating C:\Users\Quintin\Documents\Spectiv\3. Working\24. Primary - DMS\20. N1SCR03 - Deslime Screen Station\768 Flood Box\Chute\N1SCR03-768-A2.ipt
2026-03-02 14:46:59 | ERROR: Failed updating C:\Users\Quintin\Documents\Spectiv\3. Working\24. Primary - DMS\20. N1SCR03 - Deslime Screen Station\768 Flood Box\Chute\N1SCR03-768-A3.ipt
2026-03-02 14:46:59 | ERROR: Failed updating C:\Users\Quintin\Documents\Spectiv\3. Working\24. Primary - DMS\20. N1SCR03 - Deslime Screen Station\768 Flood Box\Chute\N1SCR03-768-A4.ipt
2026-03-02 14:46:59 | ERROR: Failed updating C:\Users\Quintin\Documents\Spectiv\3. Working\24. Primary - DMS\20. N1SCR03 - Deslime Screen Station\768 Flood Box\Chute\N1SCR03-768-PL5.ipt
2026-03-02 14:46:59 | ERROR: Failed updating C:\Users\Quintin\Documents\Spectiv\3. Working\24. Primary - DMS\20. N1SCR03 - Deslime Screen Station\768 Flood Box\Chute\N1SCR03-768-PL6.ipt
2026-03-02 14:46:59 | ERROR: Failed updating C:\Users\Quintin\Documents\Spectiv\3. Working\24. Primary - DMS\20. N1SCR03 - Deslime Screen Station\768 Flood Box\Chute\N1SCR03-768-PL7.ipt
2026-03-02 14:46:59 | ERROR: Failed updating C:\Users\Quintin\Documents\Spectiv\3. Working\24. Primary - DMS\20. N1SCR03 - Deslime Screen Station\768 Flood Box\Chute\N1SCR03-768-LPL1.ipt
2026-03-02 14:46:59 | ERROR: Failed updating C:\Users\Quintin\Documents\Spectiv\3. Working\24. Primary - DMS\20. N1SCR03 - Deslime Screen Station\768 Flood Box\Chute\N1SCR03-768-LPL2.ipt
2026-03-02 14:46:59 | ERROR: Failed updating C:\Users\Quintin\Documents\Spectiv\3. Working\24. Primary - DMS\20. N1SCR03 - Deslime Screen Station\768 Flood Box\Chute\N1SCR03-768-LPL3.ipt
2026-03-02 14:46:59 | ERROR: Failed updating C:\Users\Quintin\Documents\Spectiv\3. Working\24. Primary - DMS\20. N1SCR03 - Deslime Screen Station\768 Flood Box\Chute\N1SCR03-768-LPL4.ipt
2026-03-02 14:46:59 | ERROR: Failed updating C:\Users\Quintin\Documents\Spectiv\3. Working\24. Primary - DMS\20. N1SCR03 - Deslime Screen Station\768 Flood Box\Chute\N1SCR03-768-P1.ipt
2026-03-02 14:46:59 | ERROR: Failed updating C:\Users\Quintin\Documents\Spectiv\3. Working\24. Primary - DMS\20. N1SCR03 - Deslime Screen Station\768 Flood Box\Chute\N1SCR03-768-FLG1.ipt
2026-03-02 14:47:01 | Sheets scanned: 5
2026-03-02 14:47:01 | Parts lists scanned: 4
2026-03-02 14:47:01 | Rows scanned: 34
2026-03-02 14:47:01 | Models updated: 0
2026-03-02 14:47:01 | Model update errors: 17
2026-03-02 14:47:01 | Log path: C:\Users\Quintin\Documents\Spectiv\3. Working\INVENTOR_AUTOMATION_SUITE_2026\File_Utilities\Logs\Populate_DWG_REF_20260302_144653.log
