2026-03-02 20:52:49 | === DWG REF UPDATER START ===
2026-03-02 20:52:49 | FORCE_TEST_MODE=False
2026-03-02 20:52:49 | Drawing: C:\Users\Quintin\Documents\Spectiv\3. Working\24. Primary - DMS\20. N1SCR03 - Deslime Screen Station\768 Flood Box\N1SCR03-768-PA.idw
2026-03-02 20:52:50 | SKIP DXF SHEET (parts list scan): DXF FOR N1SCR03-768-PLA1:6
2026-03-02 20:52:50 | SKIP DXF SHEET (view placement): DXF FOR N1SCR03-768-PLA1:6
2026-03-02 20:52:50 | Collected models: 21
2026-03-02 20:52:50 | DWG_REF_ONLY_MODE=True
2026-03-02 20:52:50 | AUTO_PLACE_ENABLED=False
2026-03-02 20:52:50 | Auto-place disabled by mode/argument
2026-03-02 20:52:50 | Undetailed parts found: 0
2026-03-02 20:52:51 | INFO: No DWG REF column found on sheet Sheet:5
2026-03-02 20:52:51 | SKIP DXF SHEET (cell update): DXF FOR N1SCR03-768-PLA1:6
2026-03-02 20:52:51 | Parts list DWG REF cells updated: 40
2026-03-02 20:52:51 | ERROR: Failed updating C:\Users\Quintin\Documents\Spectiv\3. Working\24. Primary - DMS\20. N1SCR03 - Deslime Screen Station\768 Flood Box\Support\N1SCR03-768-BA3.iam
2026-03-02 20:52:51 | ERROR: Failed updating C:\Users\Quintin\Documents\Spectiv\3. Working\24. Primary - DMS\20. N1SCR03 - Deslime Screen Station\768 Flood Box\Chute\N1SCR03-768-PLA1.iam
2026-03-02 20:52:51 | ERROR: Failed updating C:\Users\Quintin\Documents\Spectiv\3. Working\24. Primary - DMS\20. N1SCR03 - Deslime Screen Station\768 Flood Box\Chute\N1SCR03-768-PL3.ipt
2026-03-02 20:52:51 | ERROR: Failed updating C:\Users\Quintin\Documents\Spectiv\3. Working\24. Primary - DMS\20. N1SCR03 - Deslime Screen Station\768 Flood Box\Chute\N1SCR03-768-PL4.ipt
2026-03-02 20:52:51 | ERROR: Failed updating C:\Users\Quintin\Documents\Spectiv\3. Working\24. Primary - DMS\20. N1SCR03 - Deslime Screen Station\768 Flood Box\Chute\N1SCR03-768-A1.ipt
2026-03-02 20:52:51 | ERROR: Failed updating C:\Users\Quintin\Documents\Spectiv\3. Working\24. Primary - DMS\20. N1SCR03 - Deslime Screen Station\768 Flood Box\Chute\N1SCR03-768-A2.ipt
2026-03-02 20:52:52 | ERROR: Failed updating C:\Users\Quintin\Documents\Spectiv\3. Working\24. Primary - DMS\20. N1SCR03 - Deslime Screen Station\768 Flood Box\Chute\N1SCR03-768-A3.ipt
2026-03-02 20:52:52 | ERROR: Failed updating C:\Users\Quintin\Documents\Spectiv\3. Working\24. Primary - DMS\20. N1SCR03 - Deslime Screen Station\768 Flood Box\Chute\N1SCR03-768-A4.ipt
2026-03-02 20:52:52 | ERROR: Failed updating C:\Users\Quintin\Documents\Spectiv\3. Working\24. Primary - DMS\20. N1SCR03 - Deslime Screen Station\768 Flood Box\Chute\N1SCR03-768-PL5.ipt
2026-03-02 20:52:52 | ERROR: Failed updating C:\Users\Quintin\Documents\Spectiv\3. Working\24. Primary - DMS\20. N1SCR03 - Deslime Screen Station\768 Flood Box\Chute\N1SCR03-768-PL6.ipt
2026-03-02 20:52:52 | ERROR: Failed updating C:\Users\Quintin\Documents\Spectiv\3. Working\24. Primary - DMS\20. N1SCR03 - Deslime Screen Station\768 Flood Box\Chute\N1SCR03-768-PL7.ipt
2026-03-02 20:52:52 | ERROR: Failed updating C:\Users\Quintin\Documents\Spectiv\3. Working\24. Primary - DMS\20. N1SCR03 - Deslime Screen Station\768 Flood Box\Chute\N1SCR03-768-LPL1.ipt
2026-03-02 20:52:52 | ERROR: Failed updating C:\Users\Quintin\Documents\Spectiv\3. Working\24. Primary - DMS\20. N1SCR03 - Deslime Screen Station\768 Flood Box\Chute\N1SCR03-768-LPL2.ipt
2026-03-02 20:52:52 | ERROR: Failed updating C:\Users\Quintin\Documents\Spectiv\3. Working\24. Primary - DMS\20. N1SCR03 - Deslime Screen Station\768 Flood Box\Chute\N1SCR03-768-LPL3.ipt
2026-03-02 20:52:52 | ERROR: Failed updating C:\Users\Quintin\Documents\Spectiv\3. Working\24. Primary - DMS\20. N1SCR03 - Deslime Screen Station\768 Flood Box\Chute\N1SCR03-768-LPL4.ipt
2026-03-02 20:52:52 | ERROR: Failed updating C:\Users\Quintin\Documents\Spectiv\3. Working\24. Primary - DMS\20. N1SCR03 - Deslime Screen Station\768 Flood Box\Chute\N1SCR03-768-P1.ipt
2026-03-02 20:52:52 | ERROR: Failed updating C:\Users\Quintin\Documents\Spectiv\3. Working\24. Primary - DMS\20. N1SCR03 - Deslime Screen Station\768 Flood Box\Chute\N1SCR03-768-FLG1.ipt
2026-03-02 20:52:52 | ERROR: Failed updating C:\Users\Quintin\Documents\Spectiv\3. Working\24. Primary - DMS\20. N1SCR03 - Deslime Screen Station\768 Flood Box\Support\Support Beam-1\N1SCR03-768-BA1.iam
2026-03-02 20:52:52 | ERROR: Failed updating C:\Users\Quintin\Documents\Spectiv\3. Working\24. Primary - DMS\20. N1SCR03 - Deslime Screen Station\768 Flood Box\Support\Support Beam-2\N1SCR03-768-BA2.iam
2026-03-02 20:52:52 | ERROR: Failed updating C:\Users\Quintin\Documents\Spectiv\3. Working\24. Primary - DMS\20. N1SCR03 - Deslime Screen Station\768 Flood Box\Support\Support Beam-1\N1SCR03-768-PL1.ipt
2026-03-02 20:52:52 | ERROR: Failed updating C:\Users\Quintin\Documents\Spectiv\3. Working\24. Primary - DMS\20. N1SCR03 - Deslime Screen Station\768 Flood Box\Support\Support Beam-1\N1SCR03-768-B1.ipt
2026-03-02 20:52:58 | Sheets scanned: 9
2026-03-02 20:52:58 | Parts lists scanned: 8
2026-03-02 20:52:58 | Rows scanned: 55
2026-03-02 20:52:58 | Models updated: 0
2026-03-02 20:52:58 | Model update errors: 21
2026-03-02 20:52:58 | Log path: C:\Users\Quintin\Documents\Spectiv\3. Working\INVENTOR_AUTOMATION_SUITE_2026\File_Utilities\Logs\Populate_DWG_REF_20260302_205249.log
