2/26/2026 6:06:52 PM - START: Drawing=N1SCR03-723-PD.idw, Sheet=Sheet:1
2/26/2026 6:06:52 PM - ERROR: No single selected template balloon found.
2/26/2026 6:07:02 PM - START: Drawing=N1SCR03-723-PD.idw, Sheet=Sheet:1
2/26/2026 6:07:03 PM - Target view resolved: 12
2/26/2026 6:07:16 PM - START: Drawing=N1SCR03-723-PD.idw, Sheet=Sheet:1
2/26/2026 6:07:16 PM - Target view resolved: 12
2/26/2026 6:07:58 PM - START: Drawing=N1SCR03-723-PD.idw, Sheet=Sheet:1
2/26/2026 6:07:58 PM - Target view resolved: 12
2/26/2026 6:08:04 PM - Mode selected: Vertex-first
2/26/2026 6:08:04 PM - Occurrences detected: 185
2/26/2026 6:08:40 PM - START: Drawing=N1SCR03-723-PD.idw, Sheet=Sheet:1
2/26/2026 6:08:40 PM - Target view resolved: 12
2/26/2026 6:11:04 PM - Mode selected: Vertex-first
2/26/2026 6:11:04 PM - Occurrences detected: 185
2/26/2026 6:11:12 PM - No candidates after filtering. Scanned=185, Existing balloons in view=2
2/26/2026 6:12:28 PM - START: Drawing=N1SCR03-723-PD.idw, Sheet=Sheet:1
2/26/2026 6:12:28 PM - No selected template balloon found. Falling back to first balloon on sheet.
2/26/2026 6:12:28 PM - Target view resolved: 13
2/26/2026 6:12:33 PM - Mode selected: Vertex-first
2/26/2026 6:12:33 PM - Occurrences detected: 185
2/26/2026 6:12:37 PM - Occurrence-based candidate scan found 0. Trying DrawingCurves-based fallback.
2/26/2026 6:12:50 PM - DrawingCurves fallback candidates: right=0, left=0
2/26/2026 6:12:50 PM - No candidates after filtering. Scanned=185, Existing balloons in view=2
2/26/2026 6:14:42 PM - START: Drawing=N1SCR03-723-PD.idw, Sheet=Sheet:1
2/26/2026 6:14:42 PM - No selected template balloon found. Falling back to first balloon on sheet.
2/26/2026 6:14:42 PM - Target view resolved: 13
2/26/2026 6:14:43 PM - Mode selected: Vertex-first
2/26/2026 6:14:43 PM - Occurrences detected: 185
2/26/2026 6:14:47 PM - Occurrence-based candidate scan found 0. Trying DrawingCurves-based fallback.
2/26/2026 6:14:57 PM - DrawingCurves fallback candidates: right=0, left=0
2/26/2026 6:14:57 PM - No candidates after filtering. Scanned=185, Existing balloons in view=2
2/26/2026 6:15:01 PM - START: Drawing=N1SCR03-723-PD.idw, Sheet=Sheet:1
2/26/2026 6:15:01 PM - No selected template balloon found. Falling back to first balloon on sheet.
2/26/2026 6:15:01 PM - Target view resolved: 13
2/26/2026 6:15:03 PM - Mode selected: Separate-balloons-only
2/26/2026 6:15:03 PM - Occurrences detected: 185
2/26/2026 6:15:07 PM - Occurrence-based candidate scan found 0. Trying DrawingCurves-based fallback.
2/26/2026 6:15:23 PM - DrawingCurves fallback candidates: right=0, left=0
2/26/2026 6:15:23 PM - No candidates after filtering. Scanned=185, Existing balloons in view=2
