2026-02-02 11:43:39 | SUCCESS: Connected to Inventor
2026-02-02 11:43:39 | SUCCESS: Drawing document found: N1SCR05-726-PA.idw
2026-02-02 11:43:39 | STEP 1: Extracting parts from drawing references
2026-02-02 11:43:39 | BOM: Checking sheet parts lists...
2026-02-02 11:43:39 | BOM: Sheet 1 - Sheet:1
2026-02-02 11:43:39 | BOM:   Found 1 parts list(s)
2026-02-02 11:43:39 | BOM:     Processing parts list 1
2026-02-02 11:43:39 | BOM:       Found sub-assembly: Screen Deck Frame Wider.iam - Scanning contents...
2026-02-02 11:43:39 |   ERROR: Could not open assembly: Screen Deck Frame Wider.iam
2026-02-02 11:43:39 | BOM:       Found sub-assembly: Static Screen Bottom Wider.iam - Scanning contents...
2026-02-02 11:43:39 |   ERROR: Could not open assembly: Static Screen Bottom Wider.iam
2026-02-02 11:43:39 | BOM:       Found sub-assembly: Static Screen Launder.iam - Scanning contents...
2026-02-02 11:43:39 |   ERROR: Could not open assembly: Static Screen Launder.iam
2026-02-02 11:43:39 | BOM:       Found sub-assembly: Static Screen Middle Wider.iam - Scanning contents...
2026-02-02 11:43:39 |   ERROR: Could not open assembly: Static Screen Middle Wider.iam
2026-02-02 11:43:39 | BOM:       Found sub-assembly: Static Screen Top Wider.iam - Scanning contents...
2026-02-02 11:43:39 |   ERROR: Could not open assembly: Static Screen Top Wider.iam
2026-02-02 11:43:39 | BOM: Sheet 2 - Sheet:2
2026-02-02 11:43:39 | BOM: Sheet 3 - Sheet:3
2026-02-02 11:43:39 | BOM:   Found 1 parts list(s)
2026-02-02 11:43:39 | BOM:     Processing parts list 1
2026-02-02 11:43:39 | BOM:       Found sub-assembly: Screen Deck Frame Wider.iam - Scanning contents...
2026-02-02 11:43:39 |   ERROR: Could not open assembly: Screen Deck Frame Wider.iam
2026-02-02 11:43:39 | BOM:       Found sub-assembly: Static Screen Bottom Wider.iam - Scanning contents...
2026-02-02 11:43:39 |   ERROR: Could not open assembly: Static Screen Bottom Wider.iam
2026-02-02 11:43:39 | BOM:       Found sub-assembly: Static Screen Launder.iam - Scanning contents...
2026-02-02 11:43:39 |   ERROR: Could not open assembly: Static Screen Launder.iam
2026-02-02 11:43:39 | BOM:       Found sub-assembly: Static Screen Middle Wider.iam - Scanning contents...
2026-02-02 11:43:39 |   ERROR: Could not open assembly: Static Screen Middle Wider.iam
2026-02-02 11:43:39 | BOM:       Found sub-assembly: Static Screen Top Wider.iam - Scanning contents...
2026-02-02 11:43:39 |   ERROR: Could not open assembly: Static Screen Top Wider.iam
2026-02-02 11:43:39 | REFS: Checking all referenced file descriptors...
2026-02-02 11:43:39 | REFS:   Found assembly: Static Screen Bottom Wider.iam - Scanning contents...
2026-02-02 11:43:39 | REFS:   Found assembly: Static Screen Launder.iam - Scanning contents...
2026-02-02 11:43:39 | REFS:   Found assembly: Static Screen Middle Wider.iam - Scanning contents...
2026-02-02 11:43:39 | REFS:   Found assembly: N1SCR05-727.iam - Scanning contents...
2026-02-02 11:43:39 | REFS:   Found assembly: Screen Deck Frame Wider.iam - Scanning contents...
2026-02-02 11:43:39 | REFS:   Found assembly: Static Screen Top Wider.iam - Scanning contents...
2026-02-02 11:43:39 | EXTRACT: Total unique parts found: 0
2026-02-02 11:43:39 | ERROR: No parts found in drawing!
2026-02-02 11:43:39 | The drawing may not have any model references.
