2026-03-03 14:09:51 | SUCCESS: Connected to Inventor
2026-03-03 14:09:51 | SUCCESS: Drawing document found: CLONETEST.idw
2026-03-03 14:09:51 | STEP 1: Extracting parts from drawing references
2026-03-03 14:09:51 | BOM: Checking sheet parts lists...
2026-03-03 14:09:51 | BOM: Sheet 1 - Sheet:1
2026-03-03 14:09:51 | BOM: Sheet 2 - CLONETEST - ISO:2
2026-03-03 14:09:51 | BOM:   Found 1 parts list(s)
2026-03-03 14:09:51 | BOM:     Processing parts list 1
2026-03-03 14:09:51 | BOM:       Found sub-assembly: CLONETEST-ASM1.iam - Scanning contents...
2026-03-03 14:09:51 |   ERROR: Could not open assembly: CLONETEST-ASM1.iam
2026-03-03 14:09:51 | BOM:       Found sub-assembly: CLONETEST-ASM4.iam - Scanning contents...
2026-03-03 14:09:51 |   ERROR: Could not open assembly: CLONETEST-ASM4.iam
2026-03-03 14:09:51 | BOM: Sheet 3 - CLONETEST - BASE:3
2026-03-03 14:09:51 | BOM:   Found 1 parts list(s)
2026-03-03 14:09:51 | BOM:     Processing parts list 1
2026-03-03 14:09:51 | BOM:       Found sub-assembly: CLONETEST-ASM1.iam - Scanning contents...
2026-03-03 14:09:51 |   ERROR: Could not open assembly: CLONETEST-ASM1.iam
2026-03-03 14:09:51 | BOM:       Found sub-assembly: CLONETEST-ASM4.iam - Scanning contents...
2026-03-03 14:09:51 |   ERROR: Could not open assembly: CLONETEST-ASM4.iam
2026-03-03 14:09:51 | BOM: Sheet 4 - CLONETEST - PARTS:4
2026-03-03 14:09:51 | BOM: Sheet 5 - CLONETEST - PARTS 2:5
2026-03-03 14:09:51 | BOM: Sheet 6 - CLONETEST - PARTS 3:6
2026-03-03 14:09:51 | BOM: Sheet 7 - Bolted Connection1 - ISO:7
2026-03-03 14:09:51 | BOM:   Found 1 parts list(s)
2026-03-03 14:09:51 | BOM:     Processing parts list 1
2026-03-03 14:09:51 | BOM: Sheet 8 - Bolted Connection1 - BASE:8
2026-03-03 14:09:51 | BOM:   Found 1 parts list(s)
2026-03-03 14:09:51 | BOM:     Processing parts list 1
2026-03-03 14:09:51 | BOM: Sheet 9 - CLONETEST-ASM1 - ISO:9
2026-03-03 14:09:51 | BOM:   Found 1 parts list(s)
2026-03-03 14:09:51 | BOM:     Processing parts list 1
2026-03-03 14:09:51 | BOM:       Found sub-assembly: CLONETEST-ASM2.iam - Scanning contents...
2026-03-03 14:09:51 |   ERROR: Could not open assembly: CLONETEST-ASM2.iam
2026-03-03 14:09:51 | BOM:       Found sub-assembly: CLONETEST-ASM3.iam - Scanning contents...
2026-03-03 14:09:51 |   ERROR: Could not open assembly: CLONETEST-ASM3.iam
2026-03-03 14:09:51 | BOM: Sheet 10 - CLONETEST-ASM1 - BASE:10
2026-03-03 14:09:51 | BOM:   Found 1 parts list(s)
2026-03-03 14:09:51 | BOM:     Processing parts list 1
2026-03-03 14:09:51 | BOM:       Found sub-assembly: CLONETEST-ASM2.iam - Scanning contents...
2026-03-03 14:09:51 |   ERROR: Could not open assembly: CLONETEST-ASM2.iam
2026-03-03 14:09:51 | BOM:       Found sub-assembly: CLONETEST-ASM3.iam - Scanning contents...
2026-03-03 14:09:51 |   ERROR: Could not open assembly: CLONETEST-ASM3.iam
2026-03-03 14:09:51 | BOM: Sheet 11 - CLONETEST-ASM1 - PARTS:11
2026-03-03 14:09:51 | BOM: Sheet 12 - CLONETEST-ASM4 - ISO:12
2026-03-03 14:09:51 | BOM:   Found 1 parts list(s)
2026-03-03 14:09:51 | BOM:     Processing parts list 1
2026-03-03 14:09:51 | BOM:       Added: TESTPLANT-001-PL3.ipt
2026-03-03 14:09:51 | BOM:       Added: TESTPLANT-001-PL4.ipt
2026-03-03 14:09:51 | BOM:       Added: TESTPLANT-001-A1.ipt
2026-03-03 14:09:51 | BOM:       Added: TESTPLANT-001-A2.ipt
2026-03-03 14:09:51 | BOM:       Added: TESTPLANT-001-A3.ipt
2026-03-03 14:09:51 | BOM:       Added: TESTPLANT-001-A4.ipt
2026-03-03 14:09:51 | BOM:       Added: TESTPLANT-001-PL5.ipt
2026-03-03 14:09:51 | BOM:       Added: TESTPLANT-001-PL6.ipt
2026-03-03 14:09:51 | BOM:       Added: TESTPLANT-001-PL7.ipt
2026-03-03 14:09:51 | BOM:       Added: TESTPLANT-001-LPL1.ipt
2026-03-03 14:09:51 | BOM:       Added: TESTPLANT-001-LPL2.ipt
2026-03-03 14:09:51 | BOM:       Added: TESTPLANT-001-LPL3.ipt
2026-03-03 14:09:51 | BOM:       Added: TESTPLANT-001-LPL4.ipt
2026-03-03 14:09:51 | BOM:       Added: TESTPLANT-001-PART1.ipt
2026-03-03 14:09:51 | BOM:       Added: TESTPLANT-001-FL1.ipt
2026-03-03 14:09:51 | BOM: Sheet 13 - CLONETEST-ASM4 - BASE:13
2026-03-03 14:09:51 | BOM:   Found 1 parts list(s)
2026-03-03 14:09:51 | BOM:     Processing parts list 1
2026-03-03 14:09:51 | BOM: Sheet 14 - CLONETEST-ASM4 - PARTS:14
2026-03-03 14:09:51 | BOM: Sheet 15 - CLONETEST-ASM4 - PARTS 2:15
2026-03-03 14:09:51 | REFS: Checking all referenced file descriptors...
2026-03-03 14:09:51 | REFS:   Found assembly: Bolted Connection1.iam - Scanning contents...
2026-03-03 14:09:51 | REFS:   Found assembly: CLONETEST.iam - Scanning contents...
2026-03-03 14:09:51 | REFS:   Found assembly: CLONETEST-ASM1.iam - Scanning contents...
2026-03-03 14:09:51 | REFS:   Found assembly: CLONETEST-ASM4.iam - Scanning contents...
2026-03-03 14:09:51 | REFS:   Already exists: TESTPLANT-001-A1.ipt
2026-03-03 14:09:51 | REFS:   Already exists: TESTPLANT-001-A2.ipt
2026-03-03 14:09:51 | REFS:   Already exists: TESTPLANT-001-A3.ipt
2026-03-03 14:09:51 | REFS:   Already exists: TESTPLANT-001-A4.ipt
2026-03-03 14:09:51 | REFS:   Added: TESTPLANT-001-B1.ipt
2026-03-03 14:09:51 | REFS:   Added: TESTPLANT-001-B2.ipt
2026-03-03 14:09:51 | REFS:   Already exists: TESTPLANT-001-FL1.ipt
2026-03-03 14:09:51 | REFS:   Already exists: TESTPLANT-001-LPL1.ipt
2026-03-03 14:09:51 | REFS:   Already exists: TESTPLANT-001-LPL2.ipt
2026-03-03 14:09:51 | REFS:   Already exists: TESTPLANT-001-LPL3.ipt
2026-03-03 14:09:51 | REFS:   Already exists: TESTPLANT-001-LPL4.ipt
2026-03-03 14:09:51 | REFS:   Already exists: TESTPLANT-001-PART1.ipt
2026-03-03 14:09:51 | REFS:   Added: TESTPLANT-001-PL1.ipt
2026-03-03 14:09:51 | REFS:   Added: TESTPLANT-001-PL2.ipt
2026-03-03 14:09:51 | REFS:   Already exists: TESTPLANT-001-PL3.ipt
2026-03-03 14:09:51 | REFS:   Already exists: TESTPLANT-001-PL4.ipt
2026-03-03 14:09:51 | REFS:   Already exists: TESTPLANT-001-PL5.ipt
2026-03-03 14:09:51 | REFS:   Already exists: TESTPLANT-001-PL6.ipt
2026-03-03 14:09:51 | REFS:   Already exists: TESTPLANT-001-PL7.ipt
2026-03-03 14:09:51 | EXTRACT: Total unique parts found: 19
2026-03-03 14:09:51 | SUCCESS: Found 19 parts in drawing
2026-03-03 14:09:51 | 
2026-03-03 14:09:51 | === PARTS LIST SUMMARY ===
2026-03-03 14:09:51 | Total parts referenced in drawing: 19
2026-03-03 14:09:51 | 
2026-03-03 14:09:51 |   1. C:\Users\Quintin\Documents\Spectiv\3. Working\TEMP\CLONETEST\TESTPLANT-001-PL3.ipt
2026-03-03 14:09:51 |   2. C:\Users\Quintin\Documents\Spectiv\3. Working\TEMP\CLONETEST\TESTPLANT-001-PL4.ipt
2026-03-03 14:09:51 |   3. C:\Users\Quintin\Documents\Spectiv\3. Working\TEMP\CLONETEST\TESTPLANT-001-A1.ipt
2026-03-03 14:09:51 |   4. C:\Users\Quintin\Documents\Spectiv\3. Working\TEMP\CLONETEST\TESTPLANT-001-A2.ipt
2026-03-03 14:09:51 |   5. C:\Users\Quintin\Documents\Spectiv\3. Working\TEMP\CLONETEST\TESTPLANT-001-A3.ipt
2026-03-03 14:09:51 |   6. C:\Users\Quintin\Documents\Spectiv\3. Working\TEMP\CLONETEST\TESTPLANT-001-A4.ipt
2026-03-03 14:09:51 |   7. C:\Users\Quintin\Documents\Spectiv\3. Working\TEMP\CLONETEST\TESTPLANT-001-PL5.ipt
2026-03-03 14:09:51 |   8. C:\Users\Quintin\Documents\Spectiv\3. Working\TEMP\CLONETEST\TESTPLANT-001-PL6.ipt
2026-03-03 14:09:51 |   9. C:\Users\Quintin\Documents\Spectiv\3. Working\TEMP\CLONETEST\TESTPLANT-001-PL7.ipt
2026-03-03 14:09:51 |   10. C:\Users\Quintin\Documents\Spectiv\3. Working\TEMP\CLONETEST\TESTPLANT-001-LPL1.ipt
2026-03-03 14:09:51 |   11. C:\Users\Quintin\Documents\Spectiv\3. Working\TEMP\CLONETEST\TESTPLANT-001-LPL2.ipt
2026-03-03 14:09:51 |   12. C:\Users\Quintin\Documents\Spectiv\3. Working\TEMP\CLONETEST\TESTPLANT-001-LPL3.ipt
2026-03-03 14:09:51 |   13. C:\Users\Quintin\Documents\Spectiv\3. Working\TEMP\CLONETEST\TESTPLANT-001-LPL4.ipt
2026-03-03 14:09:51 |   14. C:\Users\Quintin\Documents\Spectiv\3. Working\TEMP\CLONETEST\TESTPLANT-001-PART1.ipt
2026-03-03 14:09:51 |   15. C:\Users\Quintin\Documents\Spectiv\3. Working\TEMP\CLONETEST\TESTPLANT-001-FL1.ipt
2026-03-03 14:09:51 |   16. C:\Users\Quintin\Documents\Spectiv\3. Working\TEMP\CLONETEST\TESTPLANT-001-B1.ipt
2026-03-03 14:09:51 |   17. C:\Users\Quintin\Documents\Spectiv\3. Working\TEMP\CLONETEST\TESTPLANT-001-B2.ipt
2026-03-03 14:09:51 |   18. C:\Users\Quintin\Documents\Spectiv\3. Working\TEMP\CLONETEST\TESTPLANT-001-PL1.ipt
2026-03-03 14:09:51 |   19. C:\Users\Quintin\Documents\Spectiv\3. Working\TEMP\CLONETEST\TESTPLANT-001-PL2.ipt
2026-03-03 14:09:51 | 
2026-03-03 14:09:51 | STEP 2: Scanning folder for all IPT files
2026-03-03 14:09:51 | FOLDER: C:\Users\Quintin\Documents\Spectiv\3. Working\TEMP
2026-03-03 14:09:52 | SKIP: Development file - Flood Chute Development for plates.ipt
2026-03-03 14:09:52 | SKIP: Development file - Flood Chute Development.ipt
2026-03-03 14:09:52 | IPT: Found Lug FB-C.ipt
2026-03-03 14:09:52 | IPT: Found N1SCR03-768-A1.ipt
2026-03-03 14:09:52 | IPT: Found N1SCR03-768-A2.ipt
2026-03-03 14:09:52 | IPT: Found N1SCR03-768-A3.ipt
2026-03-03 14:09:52 | IPT: Found N1SCR03-768-A4.ipt
2026-03-03 14:09:52 | IPT: Found N1SCR03-768-FLG1.ipt
2026-03-03 14:09:52 | IPT: Found N1SCR03-768-LPL1.ipt
2026-03-03 14:09:52 | IPT: Found N1SCR03-768-LPL2.ipt
2026-03-03 14:09:52 | IPT: Found N1SCR03-768-LPL3.ipt
2026-03-03 14:09:52 | IPT: Found N1SCR03-768-LPL4.ipt
2026-03-03 14:09:52 | IPT: Found N1SCR03-768-P1.ipt
2026-03-03 14:09:52 | IPT: Found N1SCR03-768-PL3.ipt
2026-03-03 14:09:52 | IPT: Found N1SCR03-768-PL4.ipt
2026-03-03 14:09:52 | IPT: Found N1SCR03-768-PL5.ipt
2026-03-03 14:09:52 | IPT: Found N1SCR03-768-PL6.ipt
2026-03-03 14:09:52 | IPT: Found N1SCR03-768-PL7.ipt
2026-03-03 14:09:52 | IPT: Found Part1 FB-C.ipt
2026-03-03 14:09:52 | IPT: Found Part10 FB-C.ipt
2026-03-03 14:09:52 | IPT: Found Part11 Corner Gusset FB-C.ipt
2026-03-03 14:09:52 | IPT: Found Part12 FB-C.ipt
2026-03-03 14:09:52 | IPT: Found Part13 FB-C.ipt
2026-03-03 14:09:52 | IPT: Found Part14 FB-C.ipt
2026-03-03 14:09:52 | IPT: Found Part15.ipt
2026-03-03 14:09:52 | IPT: Found Part2 FB-C.ipt
2026-03-03 14:09:52 | IPT: Found Part2 Pipe L1.ipt
2026-03-03 14:09:52 | IPT: Found Part3 FB-C.ipt
2026-03-03 14:09:52 | IPT: Found Part3 Flange L1.ipt
2026-03-03 14:09:52 | IPT: Found Part4 FB-C.ipt
2026-03-03 14:09:52 | IPT: Found Part5 FB-C.ipt
2026-03-03 14:09:52 | IPT: Found Part6 Angle FB-C.ipt
2026-03-03 14:09:52 | IPT: Found Part7 Angle FB-C.ipt
2026-03-03 14:09:52 | IPT: Found Part8 (Part7 Angle MIR) FB-C.ipt
2026-03-03 14:09:52 | IPT: Found Part9 Angle FB-C.ipt
2026-03-03 14:09:52 | IPT: Found PLANT1-000-A1.ipt
2026-03-03 14:09:52 | IPT: Found PLANT1-000-A2.ipt
2026-03-03 14:09:52 | IPT: Found PLANT1-000-A3.ipt
2026-03-03 14:09:52 | IPT: Found PLANT1-000-A4.ipt
2026-03-03 14:09:52 | IPT: Found PLANT1-000-FL1.ipt
2026-03-03 14:09:52 | IPT: Found PLANT1-000-LPL1.ipt
2026-03-03 14:09:52 | IPT: Found PLANT1-000-LPL2.ipt
2026-03-03 14:09:52 | IPT: Found PLANT1-000-LPL3.ipt
2026-03-03 14:09:52 | IPT: Found PLANT1-000-LPL4.ipt
2026-03-03 14:09:52 | IPT: Found PLANT1-000-PART1.ipt
2026-03-03 14:09:52 | IPT: Found PLANT1-000-PL3.ipt
2026-03-03 14:09:52 | IPT: Found PLANT1-000-PL4.ipt
2026-03-03 14:09:52 | IPT: Found PLANT1-000-PL5.ipt
2026-03-03 14:09:52 | IPT: Found PLANT1-000-PL6.ipt
2026-03-03 14:09:52 | IPT: Found PLANT1-000-PL7.ipt
2026-03-03 14:09:52 | IPT: Found TEST001-000-A1.ipt
2026-03-03 14:09:52 | IPT: Found TEST001-000-A2.ipt
2026-03-03 14:09:52 | IPT: Found TEST001-000-A3.ipt
2026-03-03 14:09:52 | IPT: Found TEST001-000-A4.ipt
2026-03-03 14:09:52 | IPT: Found TEST001-000-FL1.ipt
2026-03-03 14:09:52 | IPT: Found TEST001-000-LPL1.ipt
2026-03-03 14:09:52 | IPT: Found TEST001-000-LPL2.ipt
2026-03-03 14:09:52 | IPT: Found TEST001-000-LPL3.ipt
2026-03-03 14:09:52 | IPT: Found TEST001-000-LPL4.ipt
2026-03-03 14:09:52 | IPT: Found TEST001-000-PART1.ipt
2026-03-03 14:09:52 | IPT: Found TEST001-000-PL3.ipt
2026-03-03 14:09:52 | IPT: Found TEST001-000-PL4.ipt
2026-03-03 14:09:52 | IPT: Found TEST001-000-PL5.ipt
2026-03-03 14:09:52 | IPT: Found TEST001-000-PL6.ipt
2026-03-03 14:09:52 | IPT: Found TEST001-000-PL7.ipt
2026-03-03 14:09:52 | IPT: Found N1SCR03-768-B1.ipt
2026-03-03 14:09:52 | IPT: Found N1SCR03-768-PL1.ipt
2026-03-03 14:09:52 | IPT: Found Part1 FB-B1.ipt
2026-03-03 14:09:52 | IPT: Found Part2 203x133x25 FB-B1.ipt
2026-03-03 14:09:52 | IPT: Found PLANT1-000-B1.ipt
2026-03-03 14:09:52 | IPT: Found PLANT1-000-PL1.ipt
2026-03-03 14:09:52 | IPT: Found TEST001-000-B1.ipt
2026-03-03 14:09:52 | IPT: Found TEST001-000-PL1.ipt
2026-03-03 14:09:52 | IPT: Found N1SCR03-768-B2.ipt
2026-03-03 14:09:52 | IPT: Found N1SCR03-768-PL2.ipt
2026-03-03 14:09:52 | IPT: Found Part1 FB-B2.ipt
2026-03-03 14:09:52 | IPT: Found Part2 203x133x25 FB-B2.ipt
2026-03-03 14:09:52 | IPT: Found PLANT1-000-B2.ipt
2026-03-03 14:09:52 | IPT: Found PLANT1-000-PL2.ipt
2026-03-03 14:09:52 | IPT: Found TEST001-000-B2.ipt
2026-03-03 14:09:52 | IPT: Found TEST001-000-PL2.ipt
2026-03-03 14:09:52 | IPT: Found CLONETEST-A10.ipt
2026-03-03 14:09:52 | IPT: Found CLONETEST-A7.ipt
2026-03-03 14:09:52 | IPT: Found CLONETEST-A8.ipt
2026-03-03 14:09:52 | IPT: Found CLONETEST-A9.ipt
2026-03-03 14:09:52 | IPT: Found CLONETEST-B2.ipt
2026-03-03 14:09:52 | IPT: Found CLONETEST-B4.ipt
2026-03-03 14:09:52 | IPT: Found CLONETEST-FL19.ipt
2026-03-03 14:09:52 | IPT: Found CLONETEST-LPL14.ipt
2026-03-03 14:09:52 | IPT: Found CLONETEST-LPL15.ipt
2026-03-03 14:09:52 | IPT: Found CLONETEST-LPL16.ipt
2026-03-03 14:09:52 | IPT: Found CLONETEST-LPL17.ipt
2026-03-03 14:09:52 | IPT: Found CLONETEST-OTHER18.ipt
2026-03-03 14:09:52 | IPT: Found CLONETEST-PL1.ipt
2026-03-03 14:09:52 | IPT: Found CLONETEST-PL11.ipt
2026-03-03 14:09:52 | IPT: Found CLONETEST-PL12.ipt
2026-03-03 14:09:52 | IPT: Found CLONETEST-PL13.ipt
2026-03-03 14:09:52 | IPT: Found CLONETEST-PL3.ipt
2026-03-03 14:09:52 | IPT: Found CLONETEST-PL5.ipt
2026-03-03 14:09:52 | IPT: Found CLONETEST-PL6.ipt
2026-03-03 14:09:52 | IPT: Found TESTPLANT-001-A1.ipt
2026-03-03 14:09:52 | IPT: Found TESTPLANT-001-A2.ipt
2026-03-03 14:09:52 | IPT: Found TESTPLANT-001-A3.ipt
2026-03-03 14:09:52 | IPT: Found TESTPLANT-001-A4.ipt
2026-03-03 14:09:52 | IPT: Found TESTPLANT-001-B1.ipt
2026-03-03 14:09:52 | IPT: Found TESTPLANT-001-B2.ipt
2026-03-03 14:09:52 | IPT: Found TESTPLANT-001-FL1.ipt
2026-03-03 14:09:52 | IPT: Found TESTPLANT-001-LPL1.ipt
2026-03-03 14:09:52 | IPT: Found TESTPLANT-001-LPL2.ipt
2026-03-03 14:09:52 | IPT: Found TESTPLANT-001-LPL3.ipt
2026-03-03 14:09:52 | IPT: Found TESTPLANT-001-LPL4.ipt
2026-03-03 14:09:52 | IPT: Found TESTPLANT-001-PART1.ipt
2026-03-03 14:09:52 | IPT: Found TESTPLANT-001-PL1.ipt
2026-03-03 14:09:52 | IPT: Found TESTPLANT-001-PL2.ipt
2026-03-03 14:09:52 | IPT: Found TESTPLANT-001-PL3.ipt
2026-03-03 14:09:52 | IPT: Found TESTPLANT-001-PL4.ipt
2026-03-03 14:09:52 | IPT: Found TESTPLANT-001-PL5.ipt
2026-03-03 14:09:52 | IPT: Found TESTPLANT-001-PL6.ipt
2026-03-03 14:09:52 | IPT: Found TESTPLANT-001-PL7.ipt
2026-03-03 14:09:52 | FOUND: 117 IPT files in folder
2026-03-03 14:09:52 | STEP 3: Identifying unreferenced IPT files
2026-03-03 14:09:52 | UNREFERENCED: Lug FB-C.ipt
2026-03-03 14:09:52 | UNREFERENCED: N1SCR03-768-A1.ipt
2026-03-03 14:09:52 | UNREFERENCED: N1SCR03-768-A2.ipt
2026-03-03 14:09:52 | UNREFERENCED: N1SCR03-768-A3.ipt
2026-03-03 14:09:52 | UNREFERENCED: N1SCR03-768-A4.ipt
2026-03-03 14:09:52 | UNREFERENCED: N1SCR03-768-FLG1.ipt
2026-03-03 14:09:52 | UNREFERENCED: N1SCR03-768-LPL1.ipt
2026-03-03 14:09:52 | UNREFERENCED: N1SCR03-768-LPL2.ipt
2026-03-03 14:09:52 | UNREFERENCED: N1SCR03-768-LPL3.ipt
2026-03-03 14:09:52 | UNREFERENCED: N1SCR03-768-LPL4.ipt
2026-03-03 14:09:52 | UNREFERENCED: N1SCR03-768-P1.ipt
2026-03-03 14:09:52 | UNREFERENCED: N1SCR03-768-PL3.ipt
2026-03-03 14:09:52 | UNREFERENCED: N1SCR03-768-PL4.ipt
2026-03-03 14:09:52 | UNREFERENCED: N1SCR03-768-PL5.ipt
2026-03-03 14:09:52 | UNREFERENCED: N1SCR03-768-PL6.ipt
2026-03-03 14:09:52 | UNREFERENCED: N1SCR03-768-PL7.ipt
2026-03-03 14:09:52 | UNREFERENCED: Part1 FB-C.ipt
2026-03-03 14:09:52 | UNREFERENCED: Part10 FB-C.ipt
2026-03-03 14:09:52 | UNREFERENCED: Part11 Corner Gusset FB-C.ipt
2026-03-03 14:09:52 | UNREFERENCED: Part12 FB-C.ipt
2026-03-03 14:09:52 | UNREFERENCED: Part13 FB-C.ipt
2026-03-03 14:09:52 | UNREFERENCED: Part14 FB-C.ipt
2026-03-03 14:09:52 | UNREFERENCED: Part15.ipt
2026-03-03 14:09:52 | UNREFERENCED: Part2 FB-C.ipt
2026-03-03 14:09:52 | UNREFERENCED: Part2 Pipe L1.ipt
2026-03-03 14:09:52 | UNREFERENCED: Part3 FB-C.ipt
2026-03-03 14:09:52 | UNREFERENCED: Part3 Flange L1.ipt
2026-03-03 14:09:52 | UNREFERENCED: Part4 FB-C.ipt
2026-03-03 14:09:52 | UNREFERENCED: Part5 FB-C.ipt
2026-03-03 14:09:52 | UNREFERENCED: Part6 Angle FB-C.ipt
2026-03-03 14:09:52 | UNREFERENCED: Part7 Angle FB-C.ipt
2026-03-03 14:09:52 | UNREFERENCED: Part8 (Part7 Angle MIR) FB-C.ipt
2026-03-03 14:09:52 | UNREFERENCED: Part9 Angle FB-C.ipt
2026-03-03 14:09:52 | UNREFERENCED: PLANT1-000-A1.ipt
2026-03-03 14:09:52 | UNREFERENCED: PLANT1-000-A2.ipt
2026-03-03 14:09:52 | UNREFERENCED: PLANT1-000-A3.ipt
2026-03-03 14:09:52 | UNREFERENCED: PLANT1-000-A4.ipt
2026-03-03 14:09:52 | UNREFERENCED: PLANT1-000-FL1.ipt
2026-03-03 14:09:52 | UNREFERENCED: PLANT1-000-LPL1.ipt
2026-03-03 14:09:52 | UNREFERENCED: PLANT1-000-LPL2.ipt
2026-03-03 14:09:52 | UNREFERENCED: PLANT1-000-LPL3.ipt
2026-03-03 14:09:52 | UNREFERENCED: PLANT1-000-LPL4.ipt
2026-03-03 14:09:52 | UNREFERENCED: PLANT1-000-PART1.ipt
2026-03-03 14:09:52 | UNREFERENCED: PLANT1-000-PL3.ipt
2026-03-03 14:09:52 | UNREFERENCED: PLANT1-000-PL4.ipt
2026-03-03 14:09:52 | UNREFERENCED: PLANT1-000-PL5.ipt
2026-03-03 14:09:52 | UNREFERENCED: PLANT1-000-PL6.ipt
2026-03-03 14:09:52 | UNREFERENCED: PLANT1-000-PL7.ipt
2026-03-03 14:09:52 | UNREFERENCED: TEST001-000-A1.ipt
2026-03-03 14:09:52 | UNREFERENCED: TEST001-000-A2.ipt
2026-03-03 14:09:52 | UNREFERENCED: TEST001-000-A3.ipt
2026-03-03 14:09:52 | UNREFERENCED: TEST001-000-A4.ipt
2026-03-03 14:09:52 | UNREFERENCED: TEST001-000-FL1.ipt
2026-03-03 14:09:52 | UNREFERENCED: TEST001-000-LPL1.ipt
2026-03-03 14:09:52 | UNREFERENCED: TEST001-000-LPL2.ipt
2026-03-03 14:09:52 | UNREFERENCED: TEST001-000-LPL3.ipt
2026-03-03 14:09:52 | UNREFERENCED: TEST001-000-LPL4.ipt
2026-03-03 14:09:52 | UNREFERENCED: TEST001-000-PART1.ipt
2026-03-03 14:09:52 | UNREFERENCED: TEST001-000-PL3.ipt
2026-03-03 14:09:52 | UNREFERENCED: TEST001-000-PL4.ipt
2026-03-03 14:09:52 | UNREFERENCED: TEST001-000-PL5.ipt
2026-03-03 14:09:52 | UNREFERENCED: TEST001-000-PL6.ipt
2026-03-03 14:09:52 | UNREFERENCED: TEST001-000-PL7.ipt
2026-03-03 14:09:52 | UNREFERENCED: N1SCR03-768-B1.ipt
2026-03-03 14:09:52 | UNREFERENCED: N1SCR03-768-PL1.ipt
2026-03-03 14:09:52 | UNREFERENCED: Part1 FB-B1.ipt
2026-03-03 14:09:52 | UNREFERENCED: Part2 203x133x25 FB-B1.ipt
2026-03-03 14:09:52 | UNREFERENCED: PLANT1-000-B1.ipt
2026-03-03 14:09:52 | UNREFERENCED: PLANT1-000-PL1.ipt
2026-03-03 14:09:52 | UNREFERENCED: TEST001-000-B1.ipt
2026-03-03 14:09:52 | UNREFERENCED: TEST001-000-PL1.ipt
2026-03-03 14:09:52 | UNREFERENCED: N1SCR03-768-B2.ipt
2026-03-03 14:09:52 | UNREFERENCED: N1SCR03-768-PL2.ipt
2026-03-03 14:09:52 | UNREFERENCED: Part1 FB-B2.ipt
2026-03-03 14:09:52 | UNREFERENCED: Part2 203x133x25 FB-B2.ipt
2026-03-03 14:09:52 | UNREFERENCED: PLANT1-000-B2.ipt
2026-03-03 14:09:52 | UNREFERENCED: PLANT1-000-PL2.ipt
2026-03-03 14:09:52 | UNREFERENCED: TEST001-000-B2.ipt
2026-03-03 14:09:52 | UNREFERENCED: TEST001-000-PL2.ipt
2026-03-03 14:09:52 | UNREFERENCED: CLONETEST-A10.ipt
2026-03-03 14:09:52 | UNREFERENCED: CLONETEST-A7.ipt
2026-03-03 14:09:52 | UNREFERENCED: CLONETEST-A8.ipt
2026-03-03 14:09:52 | UNREFERENCED: CLONETEST-A9.ipt
2026-03-03 14:09:52 | UNREFERENCED: CLONETEST-B2.ipt
2026-03-03 14:09:52 | UNREFERENCED: CLONETEST-B4.ipt
2026-03-03 14:09:52 | UNREFERENCED: CLONETEST-FL19.ipt
2026-03-03 14:09:52 | UNREFERENCED: CLONETEST-LPL14.ipt
2026-03-03 14:09:52 | UNREFERENCED: CLONETEST-LPL15.ipt
2026-03-03 14:09:52 | UNREFERENCED: CLONETEST-LPL16.ipt
2026-03-03 14:09:52 | UNREFERENCED: CLONETEST-LPL17.ipt
2026-03-03 14:09:52 | UNREFERENCED: CLONETEST-OTHER18.ipt
2026-03-03 14:09:52 | UNREFERENCED: CLONETEST-PL1.ipt
2026-03-03 14:09:52 | UNREFERENCED: CLONETEST-PL11.ipt
2026-03-03 14:09:52 | UNREFERENCED: CLONETEST-PL12.ipt
2026-03-03 14:09:52 | UNREFERENCED: CLONETEST-PL13.ipt
2026-03-03 14:09:52 | UNREFERENCED: CLONETEST-PL3.ipt
2026-03-03 14:09:52 | UNREFERENCED: CLONETEST-PL5.ipt
2026-03-03 14:09:52 | UNREFERENCED: CLONETEST-PL6.ipt
2026-03-03 14:09:52 | REFERENCED:   TESTPLANT-001-A1.ipt
2026-03-03 14:09:52 | REFERENCED:   TESTPLANT-001-A2.ipt
2026-03-03 14:09:52 | REFERENCED:   TESTPLANT-001-A3.ipt
2026-03-03 14:09:52 | REFERENCED:   TESTPLANT-001-A4.ipt
2026-03-03 14:09:52 | REFERENCED:   TESTPLANT-001-B1.ipt
2026-03-03 14:09:52 | REFERENCED:   TESTPLANT-001-B2.ipt
2026-03-03 14:09:52 | REFERENCED:   TESTPLANT-001-FL1.ipt
2026-03-03 14:09:52 | REFERENCED:   TESTPLANT-001-LPL1.ipt
2026-03-03 14:09:52 | REFERENCED:   TESTPLANT-001-LPL2.ipt
2026-03-03 14:09:52 | REFERENCED:   TESTPLANT-001-LPL3.ipt
2026-03-03 14:09:52 | REFERENCED:   TESTPLANT-001-LPL4.ipt
2026-03-03 14:09:52 | REFERENCED:   TESTPLANT-001-PART1.ipt
2026-03-03 14:09:52 | REFERENCED:   TESTPLANT-001-PL1.ipt
2026-03-03 14:09:52 | REFERENCED:   TESTPLANT-001-PL2.ipt
2026-03-03 14:09:52 | REFERENCED:   TESTPLANT-001-PL3.ipt
2026-03-03 14:09:52 | REFERENCED:   TESTPLANT-001-PL4.ipt
2026-03-03 14:09:52 | REFERENCED:   TESTPLANT-001-PL5.ipt
2026-03-03 14:09:52 | REFERENCED:   TESTPLANT-001-PL6.ipt
2026-03-03 14:09:52 | REFERENCED:   TESTPLANT-001-PL7.ipt
2026-03-03 14:09:52 | TOTAL: 98 unreferenced files found
2026-03-03 14:09:52 | STEP 4: Moving unreferenced files to 'Unrenamed Parts' folder
2026-03-03 14:09:52 | Creating folder: C:\Users\Quintin\Documents\Spectiv\3. Working\TEMP\Unrenamed Parts
2026-03-03 14:09:52 | MOVED: Lug FB-C.ipt -> Unrenamed Parts\
2026-03-03 14:09:52 | MOVED: N1SCR03-768-A1.ipt -> Unrenamed Parts\
2026-03-03 14:09:52 | MOVED: N1SCR03-768-A2.ipt -> Unrenamed Parts\
2026-03-03 14:09:52 | MOVED: N1SCR03-768-A3.ipt -> Unrenamed Parts\
2026-03-03 14:09:52 | MOVED: N1SCR03-768-A4.ipt -> Unrenamed Parts\
2026-03-03 14:09:52 | MOVED: N1SCR03-768-FLG1.ipt -> Unrenamed Parts\
2026-03-03 14:09:52 | MOVED: N1SCR03-768-LPL1.ipt -> Unrenamed Parts\
2026-03-03 14:09:52 | MOVED: N1SCR03-768-LPL2.ipt -> Unrenamed Parts\
2026-03-03 14:09:52 | MOVED: N1SCR03-768-LPL3.ipt -> Unrenamed Parts\
2026-03-03 14:09:52 | MOVED: N1SCR03-768-LPL4.ipt -> Unrenamed Parts\
2026-03-03 14:09:52 | MOVED: N1SCR03-768-P1.ipt -> Unrenamed Parts\
2026-03-03 14:09:52 | MOVED: N1SCR03-768-PL3.ipt -> Unrenamed Parts\
2026-03-03 14:09:52 | MOVED: N1SCR03-768-PL4.ipt -> Unrenamed Parts\
2026-03-03 14:09:52 | MOVED: N1SCR03-768-PL5.ipt -> Unrenamed Parts\
2026-03-03 14:09:52 | MOVED: N1SCR03-768-PL6.ipt -> Unrenamed Parts\
2026-03-03 14:09:52 | MOVED: N1SCR03-768-PL7.ipt -> Unrenamed Parts\
2026-03-03 14:09:52 | MOVED: Part1 FB-C.ipt -> Unrenamed Parts\
2026-03-03 14:09:52 | MOVED: Part10 FB-C.ipt -> Unrenamed Parts\
2026-03-03 14:09:52 | MOVED: Part11 Corner Gusset FB-C.ipt -> Unrenamed Parts\
2026-03-03 14:09:52 | MOVED: Part12 FB-C.ipt -> Unrenamed Parts\
2026-03-03 14:09:52 | MOVED: Part13 FB-C.ipt -> Unrenamed Parts\
2026-03-03 14:09:52 | MOVED: Part14 FB-C.ipt -> Unrenamed Parts\
2026-03-03 14:09:52 | MOVED: Part15.ipt -> Unrenamed Parts\
2026-03-03 14:09:52 | MOVED: Part2 FB-C.ipt -> Unrenamed Parts\
2026-03-03 14:09:52 | MOVED: Part2 Pipe L1.ipt -> Unrenamed Parts\
2026-03-03 14:09:52 | MOVED: Part3 FB-C.ipt -> Unrenamed Parts\
2026-03-03 14:09:52 | MOVED: Part3 Flange L1.ipt -> Unrenamed Parts\
2026-03-03 14:09:52 | MOVED: Part4 FB-C.ipt -> Unrenamed Parts\
2026-03-03 14:09:52 | MOVED: Part5 FB-C.ipt -> Unrenamed Parts\
2026-03-03 14:09:52 | MOVED: Part6 Angle FB-C.ipt -> Unrenamed Parts\
2026-03-03 14:09:52 | MOVED: Part7 Angle FB-C.ipt -> Unrenamed Parts\
2026-03-03 14:09:52 | MOVED: Part8 (Part7 Angle MIR) FB-C.ipt -> Unrenamed Parts\
2026-03-03 14:09:52 | MOVED: Part9 Angle FB-C.ipt -> Unrenamed Parts\
2026-03-03 14:09:52 | MOVED: PLANT1-000-A1.ipt -> Unrenamed Parts\
2026-03-03 14:09:52 | MOVED: PLANT1-000-A2.ipt -> Unrenamed Parts\
2026-03-03 14:09:52 | MOVED: PLANT1-000-A3.ipt -> Unrenamed Parts\
2026-03-03 14:09:52 | MOVED: PLANT1-000-A4.ipt -> Unrenamed Parts\
2026-03-03 14:09:52 | MOVED: PLANT1-000-FL1.ipt -> Unrenamed Parts\
2026-03-03 14:09:52 | MOVED: PLANT1-000-LPL1.ipt -> Unrenamed Parts\
2026-03-03 14:09:52 | MOVED: PLANT1-000-LPL2.ipt -> Unrenamed Parts\
2026-03-03 14:09:52 | MOVED: PLANT1-000-LPL3.ipt -> Unrenamed Parts\
2026-03-03 14:09:52 | MOVED: PLANT1-000-LPL4.ipt -> Unrenamed Parts\
2026-03-03 14:09:52 | MOVED: PLANT1-000-PART1.ipt -> Unrenamed Parts\
2026-03-03 14:09:52 | MOVED: PLANT1-000-PL3.ipt -> Unrenamed Parts\
2026-03-03 14:09:52 | MOVED: PLANT1-000-PL4.ipt -> Unrenamed Parts\
2026-03-03 14:09:52 | MOVED: PLANT1-000-PL5.ipt -> Unrenamed Parts\
2026-03-03 14:09:52 | MOVED: PLANT1-000-PL6.ipt -> Unrenamed Parts\
2026-03-03 14:09:52 | MOVED: PLANT1-000-PL7.ipt -> Unrenamed Parts\
2026-03-03 14:09:52 | MOVED: TEST001-000-A1.ipt -> Unrenamed Parts\
2026-03-03 14:09:52 | MOVED: TEST001-000-A2.ipt -> Unrenamed Parts\
2026-03-03 14:09:52 | MOVED: TEST001-000-A3.ipt -> Unrenamed Parts\
2026-03-03 14:09:52 | MOVED: TEST001-000-A4.ipt -> Unrenamed Parts\
2026-03-03 14:09:52 | MOVED: TEST001-000-FL1.ipt -> Unrenamed Parts\
2026-03-03 14:09:52 | MOVED: TEST001-000-LPL1.ipt -> Unrenamed Parts\
2026-03-03 14:09:52 | MOVED: TEST001-000-LPL2.ipt -> Unrenamed Parts\
2026-03-03 14:09:52 | MOVED: TEST001-000-LPL3.ipt -> Unrenamed Parts\
2026-03-03 14:09:52 | MOVED: TEST001-000-LPL4.ipt -> Unrenamed Parts\
2026-03-03 14:09:52 | MOVED: TEST001-000-PART1.ipt -> Unrenamed Parts\
2026-03-03 14:09:52 | MOVED: TEST001-000-PL3.ipt -> Unrenamed Parts\
2026-03-03 14:09:52 | MOVED: TEST001-000-PL4.ipt -> Unrenamed Parts\
2026-03-03 14:09:52 | MOVED: TEST001-000-PL5.ipt -> Unrenamed Parts\
2026-03-03 14:09:52 | MOVED: TEST001-000-PL6.ipt -> Unrenamed Parts\
2026-03-03 14:09:52 | MOVED: TEST001-000-PL7.ipt -> Unrenamed Parts\
2026-03-03 14:09:52 | MOVED: N1SCR03-768-B1.ipt -> Unrenamed Parts\
2026-03-03 14:09:52 | MOVED: N1SCR03-768-PL1.ipt -> Unrenamed Parts\
2026-03-03 14:09:52 | MOVED: Part1 FB-B1.ipt -> Unrenamed Parts\
2026-03-03 14:09:52 | MOVED: Part2 203x133x25 FB-B1.ipt -> Unrenamed Parts\
2026-03-03 14:09:52 | MOVED: PLANT1-000-B1.ipt -> Unrenamed Parts\
2026-03-03 14:09:52 | MOVED: PLANT1-000-PL1.ipt -> Unrenamed Parts\
2026-03-03 14:09:52 | MOVED: TEST001-000-B1.ipt -> Unrenamed Parts\
2026-03-03 14:09:52 | MOVED: TEST001-000-PL1.ipt -> Unrenamed Parts\
2026-03-03 14:09:52 | MOVED: N1SCR03-768-B2.ipt -> Unrenamed Parts\
2026-03-03 14:09:52 | MOVED: N1SCR03-768-PL2.ipt -> Unrenamed Parts\
2026-03-03 14:09:52 | MOVED: Part1 FB-B2.ipt -> Unrenamed Parts\
2026-03-03 14:09:52 | MOVED: Part2 203x133x25 FB-B2.ipt -> Unrenamed Parts\
2026-03-03 14:09:52 | MOVED: PLANT1-000-B2.ipt -> Unrenamed Parts\
2026-03-03 14:09:52 | MOVED: PLANT1-000-PL2.ipt -> Unrenamed Parts\
2026-03-03 14:09:52 | MOVED: TEST001-000-B2.ipt -> Unrenamed Parts\
2026-03-03 14:09:52 | MOVED: TEST001-000-PL2.ipt -> Unrenamed Parts\
2026-03-03 14:09:52 | MOVED: CLONETEST-A10.ipt -> Unrenamed Parts\
2026-03-03 14:09:52 | MOVED: CLONETEST-A7.ipt -> Unrenamed Parts\
2026-03-03 14:09:52 | MOVED: CLONETEST-A8.ipt -> Unrenamed Parts\
2026-03-03 14:09:52 | MOVED: CLONETEST-A9.ipt -> Unrenamed Parts\
2026-03-03 14:09:52 | MOVED: CLONETEST-B2.ipt -> Unrenamed Parts\
2026-03-03 14:09:52 | MOVED: CLONETEST-B4.ipt -> Unrenamed Parts\
2026-03-03 14:09:52 | MOVED: CLONETEST-FL19.ipt -> Unrenamed Parts\
2026-03-03 14:09:52 | MOVED: CLONETEST-LPL14.ipt -> Unrenamed Parts\
2026-03-03 14:09:52 | MOVED: CLONETEST-LPL15.ipt -> Unrenamed Parts\
2026-03-03 14:09:52 | MOVED: CLONETEST-LPL16.ipt -> Unrenamed Parts\
2026-03-03 14:09:52 | MOVED: CLONETEST-LPL17.ipt -> Unrenamed Parts\
2026-03-03 14:09:52 | MOVED: CLONETEST-OTHER18.ipt -> Unrenamed Parts\
2026-03-03 14:09:52 | MOVED: CLONETEST-PL1.ipt -> Unrenamed Parts\
2026-03-03 14:09:52 | MOVED: CLONETEST-PL11.ipt -> Unrenamed Parts\
2026-03-03 14:09:52 | MOVED: CLONETEST-PL12.ipt -> Unrenamed Parts\
2026-03-03 14:09:52 | MOVED: CLONETEST-PL13.ipt -> Unrenamed Parts\
2026-03-03 14:09:52 | MOVED: CLONETEST-PL3.ipt -> Unrenamed Parts\
2026-03-03 14:09:52 | MOVED: CLONETEST-PL5.ipt -> Unrenamed Parts\
2026-03-03 14:09:52 | MOVED: CLONETEST-PL6.ipt -> Unrenamed Parts\
2026-03-03 14:09:52 | MOVE COMPLETE: 98 files moved, 0 errors
2026-03-03 14:09:52 | === IDW PARTS LIST SCANNER COMPLETED ===
