2026-01-14 05:36:01 | SUCCESS: Connected to Inventor
2026-01-14 05:36:01 | SUCCESS: Drawing document found: KNL-N1200-SCR04-0730-PA.idw
2026-01-14 05:36:01 | STEP 1: Extracting parts from drawing references
2026-01-14 05:36:01 | BOM: Checking sheet parts lists...
2026-01-14 05:36:01 | BOM: Sheet 1 - Sheet:1
2026-01-14 05:36:01 | BOM:   Found 1 parts list(s)
2026-01-14 05:36:01 | BOM:     Processing parts list 1
2026-01-14 05:36:01 | BOM:       Added: N1SCR04-730-PL19.ipt
2026-01-14 05:36:01 | BOM: Sheet 2 - Sheet:2
2026-01-14 05:36:01 | BOM:   Found 1 parts list(s)
2026-01-14 05:36:01 | BOM:     Processing parts list 1
2026-01-14 05:36:01 | BOM: Sheet 3 - Sheet:3
2026-01-14 05:36:01 | BOM: Sheet 4 - Sheet:4
2026-01-14 05:36:01 | BOM: Sheet 5 - Sheet:5
2026-01-14 05:36:01 | BOM: Sheet 6 - Sheet:6
2026-01-14 05:36:01 | BOM:   Found 1 parts list(s)
2026-01-14 05:36:01 | BOM:     Processing parts list 1
2026-01-14 05:36:01 | BOM:       Added: N1SCR04-730-A1.ipt
2026-01-14 05:36:01 | BOM:       Added: N1SCR04-730-A2.ipt
2026-01-14 05:36:01 | BOM:       Added: N1SCR04-730-A3.ipt
2026-01-14 05:36:01 | BOM:       Added: N1SCR04-730-A4.ipt
2026-01-14 05:36:01 | BOM:       Added: N1SCR04-730-A5.ipt
2026-01-14 05:36:01 | BOM:       Added: N1SCR04-730-A6.ipt
2026-01-14 05:36:01 | BOM:       Added: N1SCR04-730-A7.ipt
2026-01-14 05:36:01 | BOM:       Added: N1SCR04-730-A8.ipt
2026-01-14 05:36:01 | BOM:       Added: N1SCR04-730-FL1.ipt
2026-01-14 05:36:01 | BOM:       Added: N1SCR04-730-FLG1.ipt
2026-01-14 05:36:01 | BOM:       Added: N1SCR04-730-FLG2.ipt
2026-01-14 05:36:01 | BOM:       Added: N1SCR04-730-FLG3.ipt
2026-01-14 05:36:01 | BOM:       Added: N1SCR04-730-FLG4.ipt
2026-01-14 05:36:01 | BOM:       Added: N1SCR04-730-FLG5.ipt
2026-01-14 05:36:01 | BOM:       Added: N1SCR04-730-FLG6.ipt
2026-01-14 05:36:01 | BOM:       Added: N1SCR04-730-PL1.ipt
2026-01-14 05:36:01 | BOM:       Added: N1SCR04-730-PL10.ipt
2026-01-14 05:36:01 | BOM:       Added: N1SCR04-730-PL11.ipt
2026-01-14 05:36:01 | BOM:       Added: N1SCR04-730-PL12.ipt
2026-01-14 05:36:01 | BOM:       Added: N1SCR04-730-PL13.ipt
2026-01-14 05:36:01 | BOM:       Added: N1SCR04-730-PL14.ipt
2026-01-14 05:36:01 | BOM:       Added: N1SCR04-730-PL15.ipt
2026-01-14 05:36:01 | BOM:       Added: N1SCR04-730-PL16.ipt
2026-01-14 05:36:01 | BOM:       Added: N1SCR04-730-PL2.ipt
2026-01-14 05:36:01 | BOM:       Added: N1SCR04-730-PL3.ipt
2026-01-14 05:36:01 | BOM:       Added: N1SCR04-730-PL4.ipt
2026-01-14 05:36:01 | BOM:       Added: N1SCR04-730-PL5.ipt
2026-01-14 05:36:01 | BOM:       Added: N1SCR04-730-PL6.ipt
2026-01-14 05:36:01 | BOM:       Added: N1SCR04-730-PL7.ipt
2026-01-14 05:36:01 | BOM:       Added: N1SCR04-730-PL8.ipt
2026-01-14 05:36:01 | BOM:       Added: N1SCR04-730-PL9.ipt
2026-01-14 05:36:01 | BOM: Sheet 7 - Sheet:7
2026-01-14 05:36:01 | BOM: Sheet 8 - Sheet:8
2026-01-14 05:36:01 | BOM:   Found 1 parts list(s)
2026-01-14 05:36:01 | BOM:     Processing parts list 1
2026-01-14 05:36:02 | BOM: Sheet 9 - Sheet:9
2026-01-14 05:36:02 | BOM:   Found 1 parts list(s)
2026-01-14 05:36:02 | BOM:     Processing parts list 1
2026-01-14 05:36:02 | BOM: Sheet 10 - Sheet:10
2026-01-14 05:36:02 | BOM:   Found 1 parts list(s)
2026-01-14 05:36:02 | BOM:     Processing parts list 1
2026-01-14 05:36:02 | BOM: Sheet 11 - Sheet:11
2026-01-14 05:36:02 | BOM: Sheet 12 - Sheet:12
2026-01-14 05:36:02 | BOM:   Found 1 parts list(s)
2026-01-14 05:36:02 | BOM:     Processing parts list 1
2026-01-14 05:36:02 | BOM:       Added: N1SCR04-730-A11.ipt
2026-01-14 05:36:02 | BOM:       Added: N1SCR04-730-FL8.ipt
2026-01-14 05:36:02 | BOM:       Added: N1SCR04-730-FL9.ipt
2026-01-14 05:36:02 | BOM:       Added: N1SCR04-730-FL10.ipt
2026-01-14 05:36:02 | BOM:       Added: N1SCR04-730-PART3.ipt
2026-01-14 05:36:02 | BOM:       Added: N1SCR04-730-PL20.ipt
2026-01-14 05:36:02 | BOM: Sheet 13 - Sheet:13
2026-01-14 05:36:02 | BOM:   Found 1 parts list(s)
2026-01-14 05:36:02 | BOM:     Processing parts list 1
2026-01-14 05:36:02 | BOM: Sheet 14 - Sheet:14
2026-01-14 05:36:02 | BOM:   Found 1 parts list(s)
2026-01-14 05:36:02 | BOM:     Processing parts list 1
2026-01-14 05:36:02 | BOM: Sheet 15 - Sheet:15
2026-01-14 05:36:02 | BOM:   Found 1 parts list(s)
2026-01-14 05:36:02 | BOM:     Processing parts list 1
2026-01-14 05:36:02 | BOM:       Added: N1SCR04-730-A12.ipt
2026-01-14 05:36:02 | BOM:       Added: N1SCR04-730-FL11.ipt
2026-01-14 05:36:02 | BOM:       Added: N1SCR04-730-FL12.ipt
2026-01-14 05:36:02 | BOM:       Added: N1SCR04-730-FL13.ipt
2026-01-14 05:36:02 | BOM:       Added: N1SCR04-730-PART4.ipt
2026-01-14 05:36:03 | BOM:       Added: N1SCR04-730-PL21.ipt
2026-01-14 05:36:03 | BOM: Sheet 16 - Sheet:16
2026-01-14 05:36:03 | BOM:   Found 1 parts list(s)
2026-01-14 05:36:03 | BOM:     Processing parts list 1
2026-01-14 05:36:03 | BOM: Sheet 17 - Sheet:17
2026-01-14 05:36:03 | BOM:   Found 1 parts list(s)
2026-01-14 05:36:03 | BOM:     Processing parts list 1
2026-01-14 05:36:03 | REFS: Checking all referenced file descriptors...
2026-01-14 05:36:03 | REFS:   Already exists: N1SCR04-730-A1.ipt
2026-01-14 05:36:03 | REFS:   Already exists: N1SCR04-730-A11.ipt
2026-01-14 05:36:03 | REFS:   Already exists: N1SCR04-730-A12.ipt
2026-01-14 05:36:03 | REFS:   Already exists: N1SCR04-730-A2.ipt
2026-01-14 05:36:03 | REFS:   Already exists: N1SCR04-730-A3.ipt
2026-01-14 05:36:03 | REFS:   Already exists: N1SCR04-730-A4.ipt
2026-01-14 05:36:03 | REFS:   Already exists: N1SCR04-730-A5.ipt
2026-01-14 05:36:03 | REFS:   Already exists: N1SCR04-730-A6.ipt
2026-01-14 05:36:03 | REFS:   Already exists: N1SCR04-730-A7.ipt
2026-01-14 05:36:03 | REFS:   Already exists: N1SCR04-730-A8.ipt
2026-01-14 05:36:03 | REFS:   Already exists: N1SCR04-730-FL1.ipt
2026-01-14 05:36:03 | REFS:   Already exists: N1SCR04-730-FL10.ipt
2026-01-14 05:36:03 | REFS:   Already exists: N1SCR04-730-FL11.ipt
2026-01-14 05:36:03 | REFS:   Already exists: N1SCR04-730-FL12.ipt
2026-01-14 05:36:03 | REFS:   Already exists: N1SCR04-730-FL13.ipt
2026-01-14 05:36:03 | REFS:   Already exists: N1SCR04-730-FL9.ipt
2026-01-14 05:36:03 | REFS:   Already exists: N1SCR04-730-FLG1.ipt
2026-01-14 05:36:03 | REFS:   Already exists: N1SCR04-730-FLG2.ipt
2026-01-14 05:36:03 | REFS:   Already exists: N1SCR04-730-FLG3.ipt
2026-01-14 05:36:03 | REFS:   Already exists: N1SCR04-730-FLG4.ipt
2026-01-14 05:36:03 | REFS:   Already exists: N1SCR04-730-FLG5.ipt
2026-01-14 05:36:03 | REFS:   Already exists: N1SCR04-730-FLG6.ipt
2026-01-14 05:36:03 | REFS:   Already exists: N1SCR04-730-PART3.ipt
2026-01-14 05:36:03 | REFS:   Already exists: N1SCR04-730-PART4.ipt
2026-01-14 05:36:03 | REFS:   Already exists: N1SCR04-730-PL1.ipt
2026-01-14 05:36:03 | REFS:   Already exists: N1SCR04-730-PL10.ipt
2026-01-14 05:36:03 | REFS:   Already exists: N1SCR04-730-PL11.ipt
2026-01-14 05:36:03 | REFS:   Already exists: N1SCR04-730-PL12.ipt
2026-01-14 05:36:03 | REFS:   Already exists: N1SCR04-730-PL13.ipt
2026-01-14 05:36:03 | REFS:   Already exists: N1SCR04-730-PL14.ipt
2026-01-14 05:36:03 | REFS:   Already exists: N1SCR04-730-PL15.ipt
2026-01-14 05:36:03 | REFS:   Already exists: N1SCR04-730-PL16.ipt
2026-01-14 05:36:03 | REFS:   Already exists: N1SCR04-730-PL19.ipt
2026-01-14 05:36:03 | REFS:   Already exists: N1SCR04-730-PL2.ipt
2026-01-14 05:36:03 | REFS:   Already exists: N1SCR04-730-PL20.ipt
2026-01-14 05:36:03 | REFS:   Already exists: N1SCR04-730-PL3.ipt
2026-01-14 05:36:03 | REFS:   Already exists: N1SCR04-730-PL4.ipt
2026-01-14 05:36:03 | REFS:   Already exists: N1SCR04-730-PL5.ipt
2026-01-14 05:36:03 | REFS:   Already exists: N1SCR04-730-PL6.ipt
2026-01-14 05:36:03 | REFS:   Already exists: N1SCR04-730-PL7.ipt
2026-01-14 05:36:03 | REFS:   Already exists: N1SCR04-730-PL8.ipt
2026-01-14 05:36:03 | REFS:   Already exists: N1SCR04-730-PL9.ipt
2026-01-14 05:36:03 | REFS:   Already exists: N1SCR04-730-PL21.ipt
2026-01-14 05:36:03 | EXTRACT: Total unique parts found: 44
2026-01-14 05:36:03 | SUCCESS: Found 44 parts in drawing
2026-01-14 05:36:03 | 
2026-01-14 05:36:03 | === PARTS LIST SUMMARY ===
2026-01-14 05:36:03 | Total parts referenced in drawing: 44
2026-01-14 05:36:03 | 
2026-01-14 05:36:03 |   1. C:\Users\Quintin\Documents\Spectiv\3. Working\22. DMS plant\21. SSCR04 - Primary Floats D&R Screen Station\730 CM Head Box\N1SCR04-730-PL19.ipt
2026-01-14 05:36:03 |   2. C:\Users\Quintin\Documents\Spectiv\3. Working\22. DMS plant\21. SSCR04 - Primary Floats D&R Screen Station\730 CM Head Box\N1SCR04-730-A1.ipt
2026-01-14 05:36:03 |   3. C:\Users\Quintin\Documents\Spectiv\3. Working\22. DMS plant\21. SSCR04 - Primary Floats D&R Screen Station\730 CM Head Box\N1SCR04-730-A2.ipt
2026-01-14 05:36:03 |   4. C:\Users\Quintin\Documents\Spectiv\3. Working\22. DMS plant\21. SSCR04 - Primary Floats D&R Screen Station\730 CM Head Box\N1SCR04-730-A3.ipt
2026-01-14 05:36:03 |   5. C:\Users\Quintin\Documents\Spectiv\3. Working\22. DMS plant\21. SSCR04 - Primary Floats D&R Screen Station\730 CM Head Box\N1SCR04-730-A4.ipt
2026-01-14 05:36:03 |   6. C:\Users\Quintin\Documents\Spectiv\3. Working\22. DMS plant\21. SSCR04 - Primary Floats D&R Screen Station\730 CM Head Box\N1SCR04-730-A5.ipt
2026-01-14 05:36:03 |   7. C:\Users\Quintin\Documents\Spectiv\3. Working\22. DMS plant\21. SSCR04 - Primary Floats D&R Screen Station\730 CM Head Box\N1SCR04-730-A6.ipt
2026-01-14 05:36:03 |   8. C:\Users\Quintin\Documents\Spectiv\3. Working\22. DMS plant\21. SSCR04 - Primary Floats D&R Screen Station\730 CM Head Box\N1SCR04-730-A7.ipt
2026-01-14 05:36:03 |   9. C:\Users\Quintin\Documents\Spectiv\3. Working\22. DMS plant\21. SSCR04 - Primary Floats D&R Screen Station\730 CM Head Box\N1SCR04-730-A8.ipt
2026-01-14 05:36:03 |   10. C:\Users\Quintin\Documents\Spectiv\3. Working\22. DMS plant\21. SSCR04 - Primary Floats D&R Screen Station\730 CM Head Box\N1SCR04-730-FL1.ipt
2026-01-14 05:36:03 |   11. C:\Users\Quintin\Documents\Spectiv\3. Working\22. DMS plant\21. SSCR04 - Primary Floats D&R Screen Station\730 CM Head Box\N1SCR04-730-FLG1.ipt
2026-01-14 05:36:03 |   12. C:\Users\Quintin\Documents\Spectiv\3. Working\22. DMS plant\21. SSCR04 - Primary Floats D&R Screen Station\730 CM Head Box\N1SCR04-730-FLG2.ipt
2026-01-14 05:36:03 |   13. C:\Users\Quintin\Documents\Spectiv\3. Working\22. DMS plant\21. SSCR04 - Primary Floats D&R Screen Station\730 CM Head Box\N1SCR04-730-FLG3.ipt
2026-01-14 05:36:03 |   14. C:\Users\Quintin\Documents\Spectiv\3. Working\22. DMS plant\21. SSCR04 - Primary Floats D&R Screen Station\730 CM Head Box\N1SCR04-730-FLG4.ipt
2026-01-14 05:36:03 |   15. C:\Users\Quintin\Documents\Spectiv\3. Working\22. DMS plant\21. SSCR04 - Primary Floats D&R Screen Station\730 CM Head Box\N1SCR04-730-FLG5.ipt
2026-01-14 05:36:03 |   16. C:\Users\Quintin\Documents\Spectiv\3. Working\22. DMS plant\21. SSCR04 - Primary Floats D&R Screen Station\730 CM Head Box\N1SCR04-730-FLG6.ipt
2026-01-14 05:36:03 |   17. C:\Users\Quintin\Documents\Spectiv\3. Working\22. DMS plant\21. SSCR04 - Primary Floats D&R Screen Station\730 CM Head Box\N1SCR04-730-PL1.ipt
2026-01-14 05:36:03 |   18. C:\Users\Quintin\Documents\Spectiv\3. Working\22. DMS plant\21. SSCR04 - Primary Floats D&R Screen Station\730 CM Head Box\N1SCR04-730-PL10.ipt
2026-01-14 05:36:03 |   19. C:\Users\Quintin\Documents\Spectiv\3. Working\22. DMS plant\21. SSCR04 - Primary Floats D&R Screen Station\730 CM Head Box\N1SCR04-730-PL11.ipt
2026-01-14 05:36:03 |   20. C:\Users\Quintin\Documents\Spectiv\3. Working\22. DMS plant\21. SSCR04 - Primary Floats D&R Screen Station\730 CM Head Box\N1SCR04-730-PL12.ipt
2026-01-14 05:36:03 |   21. C:\Users\Quintin\Documents\Spectiv\3. Working\22. DMS plant\21. SSCR04 - Primary Floats D&R Screen Station\730 CM Head Box\N1SCR04-730-PL13.ipt
2026-01-14 05:36:03 |   22. C:\Users\Quintin\Documents\Spectiv\3. Working\22. DMS plant\21. SSCR04 - Primary Floats D&R Screen Station\730 CM Head Box\N1SCR04-730-PL14.ipt
2026-01-14 05:36:03 |   23. C:\Users\Quintin\Documents\Spectiv\3. Working\22. DMS plant\21. SSCR04 - Primary Floats D&R Screen Station\730 CM Head Box\N1SCR04-730-PL15.ipt
2026-01-14 05:36:03 |   24. C:\Users\Quintin\Documents\Spectiv\3. Working\22. DMS plant\21. SSCR04 - Primary Floats D&R Screen Station\730 CM Head Box\N1SCR04-730-PL16.ipt
2026-01-14 05:36:03 |   25. C:\Users\Quintin\Documents\Spectiv\3. Working\22. DMS plant\21. SSCR04 - Primary Floats D&R Screen Station\730 CM Head Box\N1SCR04-730-PL2.ipt
2026-01-14 05:36:03 |   26. C:\Users\Quintin\Documents\Spectiv\3. Working\22. DMS plant\21. SSCR04 - Primary Floats D&R Screen Station\730 CM Head Box\N1SCR04-730-PL3.ipt
2026-01-14 05:36:03 |   27. C:\Users\Quintin\Documents\Spectiv\3. Working\22. DMS plant\21. SSCR04 - Primary Floats D&R Screen Station\730 CM Head Box\N1SCR04-730-PL4.ipt
2026-01-14 05:36:03 |   28. C:\Users\Quintin\Documents\Spectiv\3. Working\22. DMS plant\21. SSCR04 - Primary Floats D&R Screen Station\730 CM Head Box\N1SCR04-730-PL5.ipt
2026-01-14 05:36:03 |   29. C:\Users\Quintin\Documents\Spectiv\3. Working\22. DMS plant\21. SSCR04 - Primary Floats D&R Screen Station\730 CM Head Box\N1SCR04-730-PL6.ipt
2026-01-14 05:36:03 |   30. C:\Users\Quintin\Documents\Spectiv\3. Working\22. DMS plant\21. SSCR04 - Primary Floats D&R Screen Station\730 CM Head Box\N1SCR04-730-PL7.ipt
2026-01-14 05:36:03 |   31. C:\Users\Quintin\Documents\Spectiv\3. Working\22. DMS plant\21. SSCR04 - Primary Floats D&R Screen Station\730 CM Head Box\N1SCR04-730-PL8.ipt
2026-01-14 05:36:03 |   32. C:\Users\Quintin\Documents\Spectiv\3. Working\22. DMS plant\21. SSCR04 - Primary Floats D&R Screen Station\730 CM Head Box\N1SCR04-730-PL9.ipt
2026-01-14 05:36:03 |   33. C:\Users\Quintin\Documents\Spectiv\3. Working\22. DMS plant\21. SSCR04 - Primary Floats D&R Screen Station\730 CM Head Box\N1SCR04-730-A11.ipt
2026-01-14 05:36:03 |   34. C:\Users\Quintin\Documents\Spectiv\3. Working\22. DMS plant\21. SSCR04 - Primary Floats D&R Screen Station\730 CM Head Box\N1SCR04-730-FL8.ipt
2026-01-14 05:36:03 |   35. C:\Users\Quintin\Documents\Spectiv\3. Working\22. DMS plant\21. SSCR04 - Primary Floats D&R Screen Station\730 CM Head Box\N1SCR04-730-FL9.ipt
2026-01-14 05:36:03 |   36. C:\Users\Quintin\Documents\Spectiv\3. Working\22. DMS plant\21. SSCR04 - Primary Floats D&R Screen Station\730 CM Head Box\N1SCR04-730-FL10.ipt
2026-01-14 05:36:03 |   37. C:\Users\Quintin\Documents\Spectiv\3. Working\22. DMS plant\21. SSCR04 - Primary Floats D&R Screen Station\730 CM Head Box\N1SCR04-730-PART3.ipt
2026-01-14 05:36:03 |   38. C:\Users\Quintin\Documents\Spectiv\3. Working\22. DMS plant\21. SSCR04 - Primary Floats D&R Screen Station\730 CM Head Box\N1SCR04-730-PL20.ipt
2026-01-14 05:36:03 |   39. C:\Users\Quintin\Documents\Spectiv\3. Working\22. DMS plant\21. SSCR04 - Primary Floats D&R Screen Station\730 CM Head Box\N1SCR04-730-A12.ipt
2026-01-14 05:36:03 |   40. C:\Users\Quintin\Documents\Spectiv\3. Working\22. DMS plant\21. SSCR04 - Primary Floats D&R Screen Station\730 CM Head Box\N1SCR04-730-FL11.ipt
2026-01-14 05:36:03 |   41. C:\Users\Quintin\Documents\Spectiv\3. Working\22. DMS plant\21. SSCR04 - Primary Floats D&R Screen Station\730 CM Head Box\N1SCR04-730-FL12.ipt
2026-01-14 05:36:03 |   42. C:\Users\Quintin\Documents\Spectiv\3. Working\22. DMS plant\21. SSCR04 - Primary Floats D&R Screen Station\730 CM Head Box\N1SCR04-730-FL13.ipt
2026-01-14 05:36:03 |   43. C:\Users\Quintin\Documents\Spectiv\3. Working\22. DMS plant\21. SSCR04 - Primary Floats D&R Screen Station\730 CM Head Box\N1SCR04-730-PART4.ipt
2026-01-14 05:36:03 |   44. C:\Users\Quintin\Documents\Spectiv\3. Working\22. DMS plant\21. SSCR04 - Primary Floats D&R Screen Station\730 CM Head Box\Unrenamed Parts\N1SCR04-730-PL21.ipt
2026-01-14 05:36:03 | 
2026-01-14 05:36:03 | STEP 2: Scanning folder for all IPT files
2026-01-14 05:36:03 | FOLDER: C:\Users\Quintin\Documents\Spectiv\3. Working\22. DMS plant\21. SSCR04 - Primary Floats D&R Screen Station\730 CM Head Box
2026-01-14 05:36:03 | SKIP: Development file - CM Head Box Development For Plates.ipt
2026-01-14 05:36:03 | SKIP: Development file - CM HeadBox Development.ipt
2026-01-14 05:36:03 | IPT: Found N1SCR04-730-A1.ipt
2026-01-14 05:36:03 | IPT: Found N1SCR04-730-A11.ipt
2026-01-14 05:36:03 | IPT: Found N1SCR04-730-A12.ipt
2026-01-14 05:36:03 | IPT: Found N1SCR04-730-A2.ipt
2026-01-14 05:36:03 | IPT: Found N1SCR04-730-A3.ipt
2026-01-14 05:36:03 | IPT: Found N1SCR04-730-A4.ipt
2026-01-14 05:36:03 | IPT: Found N1SCR04-730-A5.ipt
2026-01-14 05:36:03 | IPT: Found N1SCR04-730-A6.ipt
2026-01-14 05:36:03 | IPT: Found N1SCR04-730-A7.ipt
2026-01-14 05:36:03 | IPT: Found N1SCR04-730-A8.ipt
2026-01-14 05:36:03 | IPT: Found N1SCR04-730-FL1.ipt
2026-01-14 05:36:03 | IPT: Found N1SCR04-730-FL10.ipt
2026-01-14 05:36:03 | IPT: Found N1SCR04-730-FL11.ipt
2026-01-14 05:36:03 | IPT: Found N1SCR04-730-FL12.ipt
2026-01-14 05:36:03 | IPT: Found N1SCR04-730-FL13.ipt
2026-01-14 05:36:03 | IPT: Found N1SCR04-730-FL8.ipt
2026-01-14 05:36:03 | IPT: Found N1SCR04-730-FL9.ipt
2026-01-14 05:36:03 | IPT: Found N1SCR04-730-FLG1.ipt
2026-01-14 05:36:03 | IPT: Found N1SCR04-730-FLG2.ipt
2026-01-14 05:36:03 | IPT: Found N1SCR04-730-FLG3.ipt
2026-01-14 05:36:03 | IPT: Found N1SCR04-730-FLG4.ipt
2026-01-14 05:36:03 | IPT: Found N1SCR04-730-FLG5.ipt
2026-01-14 05:36:03 | IPT: Found N1SCR04-730-FLG6.ipt
2026-01-14 05:36:03 | IPT: Found N1SCR04-730-PART3.ipt
2026-01-14 05:36:03 | IPT: Found N1SCR04-730-PART4.ipt
2026-01-14 05:36:03 | IPT: Found N1SCR04-730-PL1.ipt
2026-01-14 05:36:03 | IPT: Found N1SCR04-730-PL10.ipt
2026-01-14 05:36:03 | IPT: Found N1SCR04-730-PL11.ipt
2026-01-14 05:36:03 | IPT: Found N1SCR04-730-PL12.ipt
2026-01-14 05:36:03 | IPT: Found N1SCR04-730-PL13.ipt
2026-01-14 05:36:03 | IPT: Found N1SCR04-730-PL14.ipt
2026-01-14 05:36:03 | IPT: Found N1SCR04-730-PL15.ipt
2026-01-14 05:36:03 | IPT: Found N1SCR04-730-PL16.ipt
2026-01-14 05:36:03 | IPT: Found N1SCR04-730-PL19.ipt
2026-01-14 05:36:03 | IPT: Found N1SCR04-730-PL2.ipt
2026-01-14 05:36:03 | IPT: Found N1SCR04-730-PL20.ipt
2026-01-14 05:36:03 | IPT: Found N1SCR04-730-PL3.ipt
2026-01-14 05:36:03 | IPT: Found N1SCR04-730-PL4.ipt
2026-01-14 05:36:03 | IPT: Found N1SCR04-730-PL5.ipt
2026-01-14 05:36:03 | IPT: Found N1SCR04-730-PL6.ipt
2026-01-14 05:36:03 | IPT: Found N1SCR04-730-PL7.ipt
2026-01-14 05:36:03 | IPT: Found N1SCR04-730-PL8.ipt
2026-01-14 05:36:03 | IPT: Found N1SCR04-730-PL9.ipt
2026-01-14 05:36:03 | IPT: Found Part1.ipt
2026-01-14 05:36:03 | IPT: Found Part2 Angle.ipt
2026-01-14 05:36:03 | IPT: Found Part3 Stiffener.ipt
2026-01-14 05:36:03 | IPT: Found Part4 Stiffener.ipt
2026-01-14 05:36:03 | IPT: Found Part5 Stiffener.ipt
2026-01-14 05:36:03 | IPT: Found Part6 Handle.ipt
2026-01-14 05:36:03 | IPT: Found TEST01-A1.ipt
2026-01-14 05:36:03 | IPT: Found TEST01-A10.ipt
2026-01-14 05:36:03 | IPT: Found TEST01-A2.ipt
2026-01-14 05:36:03 | IPT: Found TEST01-A3.ipt
2026-01-14 05:36:03 | IPT: Found TEST01-A4.ipt
2026-01-14 05:36:03 | IPT: Found TEST01-A5.ipt
2026-01-14 05:36:03 | IPT: Found TEST01-A6.ipt
2026-01-14 05:36:03 | IPT: Found TEST01-A7.ipt
2026-01-14 05:36:03 | IPT: Found TEST01-A8.ipt
2026-01-14 05:36:03 | IPT: Found TEST01-A9.ipt
2026-01-14 05:36:03 | IPT: Found TEST01-FL1.ipt
2026-01-14 05:36:03 | IPT: Found TEST01-FL2.ipt
2026-01-14 05:36:03 | IPT: Found TEST01-FL3.ipt
2026-01-14 05:36:03 | IPT: Found TEST01-FL4.ipt
2026-01-14 05:36:03 | IPT: Found TEST01-FL5.ipt
2026-01-14 05:36:03 | IPT: Found TEST01-FL6.ipt
2026-01-14 05:36:03 | IPT: Found TEST01-FL7.ipt
2026-01-14 05:36:03 | IPT: Found TEST01-FLG1.ipt
2026-01-14 05:36:03 | IPT: Found TEST01-FLG2.ipt
2026-01-14 05:36:03 | IPT: Found TEST01-FLG3.ipt
2026-01-14 05:36:03 | IPT: Found TEST01-FLG4.ipt
2026-01-14 05:36:03 | IPT: Found TEST01-FLG5.ipt
2026-01-14 05:36:03 | IPT: Found TEST01-FLG6.ipt
2026-01-14 05:36:03 | IPT: Found TEST01-PART1.ipt
2026-01-14 05:36:03 | IPT: Found TEST01-PART2.ipt
2026-01-14 05:36:03 | IPT: Found TEST01-PL1.ipt
2026-01-14 05:36:03 | IPT: Found TEST01-PL10.ipt
2026-01-14 05:36:03 | IPT: Found TEST01-PL11.ipt
2026-01-14 05:36:03 | IPT: Found TEST01-PL12.ipt
2026-01-14 05:36:03 | IPT: Found TEST01-PL13.ipt
2026-01-14 05:36:03 | IPT: Found TEST01-PL14.ipt
2026-01-14 05:36:03 | IPT: Found TEST01-PL15.ipt
2026-01-14 05:36:03 | IPT: Found TEST01-PL16.ipt
2026-01-14 05:36:03 | IPT: Found TEST01-PL17.ipt
2026-01-14 05:36:03 | IPT: Found TEST01-PL19.ipt
2026-01-14 05:36:03 | IPT: Found TEST01-PL2.ipt
2026-01-14 05:36:03 | IPT: Found TEST01-PL3.ipt
2026-01-14 05:36:03 | IPT: Found TEST01-PL4.ipt
2026-01-14 05:36:03 | IPT: Found TEST01-PL5.ipt
2026-01-14 05:36:03 | IPT: Found TEST01-PL6.ipt
2026-01-14 05:36:03 | IPT: Found TEST01-PL7.ipt
2026-01-14 05:36:03 | IPT: Found TEST01-PL8.ipt
2026-01-14 05:36:03 | IPT: Found TEST01-PL9.ipt
2026-01-14 05:36:03 | IPT: Found Part1.ipt
2026-01-14 05:36:03 | IPT: Found N1SCR04-730-PL21.ipt
2026-01-14 05:36:03 | IPT: Found TEST01-PL18.ipt
2026-01-14 05:36:03 | FOUND: 95 IPT files in folder
2026-01-14 05:36:03 | STEP 3: Identifying unreferenced IPT files
2026-01-14 05:36:03 | REFERENCED:   N1SCR04-730-A1.ipt
2026-01-14 05:36:03 | REFERENCED:   N1SCR04-730-A11.ipt
2026-01-14 05:36:03 | REFERENCED:   N1SCR04-730-A12.ipt
2026-01-14 05:36:03 | REFERENCED:   N1SCR04-730-A2.ipt
2026-01-14 05:36:03 | REFERENCED:   N1SCR04-730-A3.ipt
2026-01-14 05:36:03 | REFERENCED:   N1SCR04-730-A4.ipt
2026-01-14 05:36:03 | REFERENCED:   N1SCR04-730-A5.ipt
2026-01-14 05:36:03 | REFERENCED:   N1SCR04-730-A6.ipt
2026-01-14 05:36:03 | REFERENCED:   N1SCR04-730-A7.ipt
2026-01-14 05:36:03 | REFERENCED:   N1SCR04-730-A8.ipt
2026-01-14 05:36:03 | REFERENCED:   N1SCR04-730-FL1.ipt
2026-01-14 05:36:03 | REFERENCED:   N1SCR04-730-FL10.ipt
2026-01-14 05:36:03 | REFERENCED:   N1SCR04-730-FL11.ipt
2026-01-14 05:36:03 | REFERENCED:   N1SCR04-730-FL12.ipt
2026-01-14 05:36:03 | REFERENCED:   N1SCR04-730-FL13.ipt
2026-01-14 05:36:03 | REFERENCED:   N1SCR04-730-FL8.ipt
2026-01-14 05:36:03 | REFERENCED:   N1SCR04-730-FL9.ipt
2026-01-14 05:36:03 | REFERENCED:   N1SCR04-730-FLG1.ipt
2026-01-14 05:36:03 | REFERENCED:   N1SCR04-730-FLG2.ipt
2026-01-14 05:36:03 | REFERENCED:   N1SCR04-730-FLG3.ipt
2026-01-14 05:36:03 | REFERENCED:   N1SCR04-730-FLG4.ipt
2026-01-14 05:36:03 | REFERENCED:   N1SCR04-730-FLG5.ipt
2026-01-14 05:36:03 | REFERENCED:   N1SCR04-730-FLG6.ipt
2026-01-14 05:36:03 | REFERENCED:   N1SCR04-730-PART3.ipt
2026-01-14 05:36:03 | REFERENCED:   N1SCR04-730-PART4.ipt
2026-01-14 05:36:03 | REFERENCED:   N1SCR04-730-PL1.ipt
2026-01-14 05:36:03 | REFERENCED:   N1SCR04-730-PL10.ipt
2026-01-14 05:36:03 | REFERENCED:   N1SCR04-730-PL11.ipt
2026-01-14 05:36:03 | REFERENCED:   N1SCR04-730-PL12.ipt
2026-01-14 05:36:03 | REFERENCED:   N1SCR04-730-PL13.ipt
2026-01-14 05:36:03 | REFERENCED:   N1SCR04-730-PL14.ipt
2026-01-14 05:36:03 | REFERENCED:   N1SCR04-730-PL15.ipt
2026-01-14 05:36:03 | REFERENCED:   N1SCR04-730-PL16.ipt
2026-01-14 05:36:03 | REFERENCED:   N1SCR04-730-PL19.ipt
2026-01-14 05:36:03 | REFERENCED:   N1SCR04-730-PL2.ipt
2026-01-14 05:36:03 | REFERENCED:   N1SCR04-730-PL20.ipt
2026-01-14 05:36:03 | REFERENCED:   N1SCR04-730-PL3.ipt
2026-01-14 05:36:03 | REFERENCED:   N1SCR04-730-PL4.ipt
2026-01-14 05:36:03 | REFERENCED:   N1SCR04-730-PL5.ipt
2026-01-14 05:36:03 | REFERENCED:   N1SCR04-730-PL6.ipt
2026-01-14 05:36:03 | REFERENCED:   N1SCR04-730-PL7.ipt
2026-01-14 05:36:03 | REFERENCED:   N1SCR04-730-PL8.ipt
2026-01-14 05:36:03 | REFERENCED:   N1SCR04-730-PL9.ipt
2026-01-14 05:36:03 | UNREFERENCED: Part1.ipt
2026-01-14 05:36:03 | UNREFERENCED: Part2 Angle.ipt
2026-01-14 05:36:03 | UNREFERENCED: Part3 Stiffener.ipt
2026-01-14 05:36:03 | UNREFERENCED: Part4 Stiffener.ipt
2026-01-14 05:36:03 | UNREFERENCED: Part5 Stiffener.ipt
2026-01-14 05:36:03 | UNREFERENCED: Part6 Handle.ipt
2026-01-14 05:36:03 | UNREFERENCED: TEST01-A1.ipt
2026-01-14 05:36:03 | UNREFERENCED: TEST01-A10.ipt
2026-01-14 05:36:03 | UNREFERENCED: TEST01-A2.ipt
2026-01-14 05:36:03 | UNREFERENCED: TEST01-A3.ipt
2026-01-14 05:36:03 | UNREFERENCED: TEST01-A4.ipt
2026-01-14 05:36:03 | UNREFERENCED: TEST01-A5.ipt
2026-01-14 05:36:03 | UNREFERENCED: TEST01-A6.ipt
2026-01-14 05:36:03 | UNREFERENCED: TEST01-A7.ipt
2026-01-14 05:36:03 | UNREFERENCED: TEST01-A8.ipt
2026-01-14 05:36:03 | UNREFERENCED: TEST01-A9.ipt
2026-01-14 05:36:03 | UNREFERENCED: TEST01-FL1.ipt
2026-01-14 05:36:03 | UNREFERENCED: TEST01-FL2.ipt
2026-01-14 05:36:03 | UNREFERENCED: TEST01-FL3.ipt
2026-01-14 05:36:03 | UNREFERENCED: TEST01-FL4.ipt
2026-01-14 05:36:03 | UNREFERENCED: TEST01-FL5.ipt
2026-01-14 05:36:03 | UNREFERENCED: TEST01-FL6.ipt
2026-01-14 05:36:03 | UNREFERENCED: TEST01-FL7.ipt
2026-01-14 05:36:03 | UNREFERENCED: TEST01-FLG1.ipt
2026-01-14 05:36:03 | UNREFERENCED: TEST01-FLG2.ipt
2026-01-14 05:36:03 | UNREFERENCED: TEST01-FLG3.ipt
2026-01-14 05:36:03 | UNREFERENCED: TEST01-FLG4.ipt
2026-01-14 05:36:03 | UNREFERENCED: TEST01-FLG5.ipt
2026-01-14 05:36:03 | UNREFERENCED: TEST01-FLG6.ipt
2026-01-14 05:36:03 | UNREFERENCED: TEST01-PART1.ipt
2026-01-14 05:36:03 | UNREFERENCED: TEST01-PART2.ipt
2026-01-14 05:36:03 | UNREFERENCED: TEST01-PL1.ipt
2026-01-14 05:36:03 | UNREFERENCED: TEST01-PL10.ipt
2026-01-14 05:36:03 | UNREFERENCED: TEST01-PL11.ipt
2026-01-14 05:36:03 | UNREFERENCED: TEST01-PL12.ipt
2026-01-14 05:36:03 | UNREFERENCED: TEST01-PL13.ipt
2026-01-14 05:36:03 | UNREFERENCED: TEST01-PL14.ipt
2026-01-14 05:36:03 | UNREFERENCED: TEST01-PL15.ipt
2026-01-14 05:36:03 | UNREFERENCED: TEST01-PL16.ipt
2026-01-14 05:36:03 | UNREFERENCED: TEST01-PL17.ipt
2026-01-14 05:36:03 | UNREFERENCED: TEST01-PL19.ipt
2026-01-14 05:36:03 | UNREFERENCED: TEST01-PL2.ipt
2026-01-14 05:36:03 | UNREFERENCED: TEST01-PL3.ipt
2026-01-14 05:36:03 | UNREFERENCED: TEST01-PL4.ipt
2026-01-14 05:36:03 | UNREFERENCED: TEST01-PL5.ipt
2026-01-14 05:36:03 | UNREFERENCED: TEST01-PL6.ipt
2026-01-14 05:36:03 | UNREFERENCED: TEST01-PL7.ipt
2026-01-14 05:36:03 | UNREFERENCED: TEST01-PL8.ipt
2026-01-14 05:36:03 | UNREFERENCED: TEST01-PL9.ipt
2026-01-14 05:36:03 | UNREFERENCED: Part1.ipt
2026-01-14 05:36:03 | REFERENCED:   N1SCR04-730-PL21.ipt
2026-01-14 05:36:03 | UNREFERENCED: TEST01-PL18.ipt
2026-01-14 05:36:03 | TOTAL: 51 unreferenced files found
2026-01-14 05:36:03 | STEP 4: Moving unreferenced files to 'Unrenamed Parts' folder
2026-01-14 05:36:03 | Folder already exists: C:\Users\Quintin\Documents\Spectiv\3. Working\22. DMS plant\21. SSCR04 - Primary Floats D&R Screen Station\730 CM Head Box\Unrenamed Parts
2026-01-14 05:36:03 | MOVED: Part1.ipt -> Unrenamed Parts\
2026-01-14 05:36:03 | MOVED: Part2 Angle.ipt -> Unrenamed Parts\
2026-01-14 05:36:03 | MOVED: Part3 Stiffener.ipt -> Unrenamed Parts\
2026-01-14 05:36:03 | MOVED: Part4 Stiffener.ipt -> Unrenamed Parts\
2026-01-14 05:36:03 | MOVED: Part5 Stiffener.ipt -> Unrenamed Parts\
2026-01-14 05:36:03 | MOVED: Part6 Handle.ipt -> Unrenamed Parts\
2026-01-14 05:36:03 | MOVED: TEST01-A1.ipt -> Unrenamed Parts\
2026-01-14 05:36:03 | MOVED: TEST01-A10.ipt -> Unrenamed Parts\
2026-01-14 05:36:03 | MOVED: TEST01-A2.ipt -> Unrenamed Parts\
2026-01-14 05:36:03 | MOVED: TEST01-A3.ipt -> Unrenamed Parts\
2026-01-14 05:36:03 | MOVED: TEST01-A4.ipt -> Unrenamed Parts\
2026-01-14 05:36:03 | MOVED: TEST01-A5.ipt -> Unrenamed Parts\
2026-01-14 05:36:03 | MOVED: TEST01-A6.ipt -> Unrenamed Parts\
2026-01-14 05:36:03 | MOVED: TEST01-A7.ipt -> Unrenamed Parts\
2026-01-14 05:36:03 | MOVED: TEST01-A8.ipt -> Unrenamed Parts\
2026-01-14 05:36:03 | MOVED: TEST01-A9.ipt -> Unrenamed Parts\
2026-01-14 05:36:03 | MOVED: TEST01-FL1.ipt -> Unrenamed Parts\
2026-01-14 05:36:03 | MOVED: TEST01-FL2.ipt -> Unrenamed Parts\
2026-01-14 05:36:03 | MOVED: TEST01-FL3.ipt -> Unrenamed Parts\
2026-01-14 05:36:03 | MOVED: TEST01-FL4.ipt -> Unrenamed Parts\
2026-01-14 05:36:03 | MOVED: TEST01-FL5.ipt -> Unrenamed Parts\
2026-01-14 05:36:03 | MOVED: TEST01-FL6.ipt -> Unrenamed Parts\
2026-01-14 05:36:03 | MOVED: TEST01-FL7.ipt -> Unrenamed Parts\
2026-01-14 05:36:03 | MOVED: TEST01-FLG1.ipt -> Unrenamed Parts\
2026-01-14 05:36:03 | MOVED: TEST01-FLG2.ipt -> Unrenamed Parts\
2026-01-14 05:36:03 | MOVED: TEST01-FLG3.ipt -> Unrenamed Parts\
2026-01-14 05:36:03 | MOVED: TEST01-FLG4.ipt -> Unrenamed Parts\
2026-01-14 05:36:03 | MOVED: TEST01-FLG5.ipt -> Unrenamed Parts\
2026-01-14 05:36:03 | MOVED: TEST01-FLG6.ipt -> Unrenamed Parts\
2026-01-14 05:36:03 | MOVED: TEST01-PART1.ipt -> Unrenamed Parts\
2026-01-14 05:36:03 | MOVED: TEST01-PART2.ipt -> Unrenamed Parts\
2026-01-14 05:36:03 | MOVED: TEST01-PL1.ipt -> Unrenamed Parts\
2026-01-14 05:36:03 | MOVED: TEST01-PL10.ipt -> Unrenamed Parts\
2026-01-14 05:36:03 | MOVED: TEST01-PL11.ipt -> Unrenamed Parts\
2026-01-14 05:36:03 | MOVED: TEST01-PL12.ipt -> Unrenamed Parts\
2026-01-14 05:36:03 | MOVED: TEST01-PL13.ipt -> Unrenamed Parts\
2026-01-14 05:36:03 | MOVED: TEST01-PL14.ipt -> Unrenamed Parts\
2026-01-14 05:36:03 | MOVED: TEST01-PL15.ipt -> Unrenamed Parts\
2026-01-14 05:36:03 | MOVED: TEST01-PL16.ipt -> Unrenamed Parts\
2026-01-14 05:36:03 | MOVED: TEST01-PL17.ipt -> Unrenamed Parts\
2026-01-14 05:36:03 | MOVED: TEST01-PL19.ipt -> Unrenamed Parts\
2026-01-14 05:36:03 | MOVED: TEST01-PL2.ipt -> Unrenamed Parts\
2026-01-14 05:36:03 | MOVED: TEST01-PL3.ipt -> Unrenamed Parts\
2026-01-14 05:36:03 | MOVED: TEST01-PL4.ipt -> Unrenamed Parts\
2026-01-14 05:36:03 | MOVED: TEST01-PL5.ipt -> Unrenamed Parts\
2026-01-14 05:36:03 | MOVED: TEST01-PL6.ipt -> Unrenamed Parts\
2026-01-14 05:36:03 | MOVED: TEST01-PL7.ipt -> Unrenamed Parts\
2026-01-14 05:36:03 | MOVED: TEST01-PL8.ipt -> Unrenamed Parts\
2026-01-14 05:36:03 | MOVED: TEST01-PL9.ipt -> Unrenamed Parts\
2026-01-14 05:36:03 | WARNING: File already exists in destination: Part1.ipt
2026-01-14 05:36:03 | WARNING: Skipping move to avoid overwrite
2026-01-14 05:36:03 | WARNING: File already exists in destination: TEST01-PL18.ipt
2026-01-14 05:36:03 | WARNING: Skipping move to avoid overwrite
2026-01-14 05:36:03 | MOVE COMPLETE: 49 files moved, 2 errors
2026-01-14 05:36:03 | === IDW PARTS LIST SCANNER COMPLETED ===
