2026-01-12 19:36:53 | SUCCESS: Connected to Inventor
2026-01-12 19:36:53 | SUCCESS: Drawing document found: KNL-N1200-SCR04-0730-PA.idw
2026-01-12 19:36:53 | STEP 1: Extracting parts from drawing references
2026-01-12 19:36:53 | BOM: Checking sheet parts lists...
2026-01-12 19:36:53 | BOM: Sheet 1 - Sheet:1
2026-01-12 19:36:53 | BOM:   Found 1 parts list(s)
2026-01-12 19:36:53 | BOM:     Processing parts list 1
2026-01-12 19:36:53 | BOM:       Added: TEST01-PL19.ipt
2026-01-12 19:36:53 | BOM: Sheet 2 - Sheet:2
2026-01-12 19:36:53 | BOM:   Found 1 parts list(s)
2026-01-12 19:36:53 | BOM:     Processing parts list 1
2026-01-12 19:36:53 | REFS: Checking all referenced file descriptors...
2026-01-12 19:36:53 | EXTRACT: Total unique parts found: 1
2026-01-12 19:36:53 | SUCCESS: Found 1 parts in drawing
2026-01-12 19:36:53 | 
2026-01-12 19:36:53 | === PARTS LIST SUMMARY ===
2026-01-12 19:36:53 | Total parts referenced in drawing: 1
2026-01-12 19:36:53 | 
2026-01-12 19:36:53 |   1. C:\Users\Quintin\Documents\Spectiv\3. Working\22. DMS plant\21. SSCR04 - Primary Floats D&R Screen Station\730 CM Head Box\Head box\TEST01-PL19.ipt
2026-01-12 19:36:53 | 
2026-01-12 19:36:53 | STEP 2: Scanning folder for all IPT files
2026-01-12 19:36:53 | FOLDER: C:\Users\Quintin\Documents\Spectiv\3. Working\22. DMS plant\21. SSCR04 - Primary Floats D&R Screen Station\730 CM Head Box
2026-01-12 19:36:54 | SKIP: Development file - CM Head Box Development For Plates.ipt
2026-01-12 19:36:54 | SKIP: Development file - CM HeadBox Development.ipt
2026-01-12 19:36:54 | IPT: Found Lug.ipt
2026-01-12 19:36:54 | IPT: Found N1SCR04-730-A1.ipt
2026-01-12 19:36:54 | IPT: Found N1SCR04-730-A2.ipt
2026-01-12 19:36:54 | IPT: Found N1SCR04-730-A3.ipt
2026-01-12 19:36:54 | IPT: Found N1SCR04-730-A4.ipt
2026-01-12 19:36:54 | IPT: Found N1SCR04-730-A5.ipt
2026-01-12 19:36:54 | IPT: Found N1SCR04-730-A6.ipt
2026-01-12 19:36:54 | IPT: Found N1SCR04-730-A7.ipt
2026-01-12 19:36:54 | IPT: Found N1SCR04-730-A8.ipt
2026-01-12 19:36:54 | IPT: Found N1SCR04-730-FL1.ipt
2026-01-12 19:36:54 | IPT: Found N1SCR04-730-FL2.ipt
2026-01-12 19:36:54 | IPT: Found N1SCR04-730-FL3.ipt
2026-01-12 19:36:54 | IPT: Found N1SCR04-730-FL4.ipt
2026-01-12 19:36:54 | IPT: Found N1SCR04-730-PART1.ipt
2026-01-12 19:36:54 | IPT: Found N1SCR04-730-PART2.ipt
2026-01-12 19:36:54 | IPT: Found N1SCR04-730-PART3.ipt
2026-01-12 19:36:54 | IPT: Found N1SCR04-730-PL1.ipt
2026-01-12 19:36:54 | IPT: Found N1SCR04-730-PL10.ipt
2026-01-12 19:36:54 | IPT: Found N1SCR04-730-PL11.ipt
2026-01-12 19:36:54 | IPT: Found N1SCR04-730-PL12.ipt
2026-01-12 19:36:54 | IPT: Found N1SCR04-730-PL13.ipt
2026-01-12 19:36:54 | IPT: Found N1SCR04-730-PL14.ipt
2026-01-12 19:36:54 | IPT: Found N1SCR04-730-PL15.ipt
2026-01-12 19:36:54 | IPT: Found N1SCR04-730-PL16.ipt
2026-01-12 19:36:54 | IPT: Found N1SCR04-730-PL17.ipt
2026-01-12 19:36:54 | IPT: Found N1SCR04-730-PL2.ipt
2026-01-12 19:36:54 | IPT: Found N1SCR04-730-PL3.ipt
2026-01-12 19:36:54 | IPT: Found N1SCR04-730-PL4.ipt
2026-01-12 19:36:54 | IPT: Found N1SCR04-730-PL5.ipt
2026-01-12 19:36:54 | IPT: Found N1SCR04-730-PL6.ipt
2026-01-12 19:36:54 | IPT: Found N1SCR04-730-PL7.ipt
2026-01-12 19:36:54 | IPT: Found N1SCR04-730-PL8.ipt
2026-01-12 19:36:54 | IPT: Found N1SCR04-730-PL9.ipt
2026-01-12 19:36:54 | IPT: Found Part1.ipt
2026-01-12 19:36:54 | IPT: Found Part10.ipt
2026-01-12 19:36:54 | IPT: Found Part11 Pipe.ipt
2026-01-12 19:36:54 | IPT: Found Part12 Flange.ipt
2026-01-12 19:36:54 | IPT: Found Part13 Pipe.ipt
2026-01-12 19:36:54 | IPT: Found Part14 Flange.ipt
2026-01-12 19:36:54 | IPT: Found Part15 Pipe.ipt
2026-01-12 19:36:54 | IPT: Found Part16 Flange.ipt
2026-01-12 19:36:54 | IPT: Found Part16 Flange500NB.ipt
2026-01-12 19:36:54 | IPT: Found Part17 Angle.ipt
2026-01-12 19:36:54 | IPT: Found Part18 Angle.ipt
2026-01-12 19:36:54 | IPT: Found Part19 Angle.ipt
2026-01-12 19:36:54 | IPT: Found Part2.ipt
2026-01-12 19:36:54 | IPT: Found Part20 Angle.ipt
2026-01-12 19:36:54 | IPT: Found Part21 Angle.ipt
2026-01-12 19:36:54 | IPT: Found Part22 Angle.ipt
2026-01-12 19:36:54 | IPT: Found Part23 Angle.ipt
2026-01-12 19:36:54 | IPT: Found Part24 Angle.ipt
2026-01-12 19:36:54 | IPT: Found Part25 End Plate.ipt
2026-01-12 19:36:54 | IPT: Found Part26.ipt
2026-01-12 19:36:54 | IPT: Found Part27 Corner Gusset.ipt
2026-01-12 19:36:54 | IPT: Found Part28 Stiffener.ipt
2026-01-12 19:36:54 | IPT: Found Part29 End Plate.ipt
2026-01-12 19:36:54 | IPT: Found Part3.ipt
2026-01-12 19:36:54 | IPT: Found Part30 Corner Gusset.ipt
2026-01-12 19:36:54 | IPT: Found Part4.ipt
2026-01-12 19:36:54 | IPT: Found Part5.ipt
2026-01-12 19:36:54 | IPT: Found Part6.ipt
2026-01-12 19:36:54 | IPT: Found Part7.ipt
2026-01-12 19:36:54 | IPT: Found Part8.ipt
2026-01-12 19:36:54 | IPT: Found Part9.ipt
2026-01-12 19:36:54 | IPT: Found Slats.ipt
2026-01-12 19:36:54 | IPT: Found TEST01-A1.ipt
2026-01-12 19:36:54 | IPT: Found TEST01-A2.ipt
2026-01-12 19:36:54 | IPT: Found TEST01-A3.ipt
2026-01-12 19:36:54 | IPT: Found TEST01-A4.ipt
2026-01-12 19:36:54 | IPT: Found TEST01-A5.ipt
2026-01-12 19:36:54 | IPT: Found TEST01-A6.ipt
2026-01-12 19:36:54 | IPT: Found TEST01-A7.ipt
2026-01-12 19:36:54 | IPT: Found TEST01-A8.ipt
2026-01-12 19:36:54 | IPT: Found TEST01-FL1.ipt
2026-01-12 19:36:54 | IPT: Found TEST01-FLG1.ipt
2026-01-12 19:36:54 | IPT: Found TEST01-FLG2.ipt
2026-01-12 19:36:54 | IPT: Found TEST01-FLG3.ipt
2026-01-12 19:36:54 | IPT: Found TEST01-FLG4.ipt
2026-01-12 19:36:54 | IPT: Found TEST01-FLG5.ipt
2026-01-12 19:36:54 | IPT: Found TEST01-FLG6.ipt
2026-01-12 19:36:54 | IPT: Found TEST01-PL1.ipt
2026-01-12 19:36:54 | IPT: Found TEST01-PL10.ipt
2026-01-12 19:36:54 | IPT: Found TEST01-PL11.ipt
2026-01-12 19:36:54 | IPT: Found TEST01-PL12.ipt
2026-01-12 19:36:54 | IPT: Found TEST01-PL13.ipt
2026-01-12 19:36:54 | IPT: Found TEST01-PL14.ipt
2026-01-12 19:36:54 | IPT: Found TEST01-PL15.ipt
2026-01-12 19:36:54 | IPT: Found TEST01-PL16.ipt
2026-01-12 19:36:54 | IPT: Found TEST01-PL19.ipt
2026-01-12 19:36:54 | IPT: Found TEST01-PL2.ipt
2026-01-12 19:36:54 | IPT: Found TEST01-PL3.ipt
2026-01-12 19:36:54 | IPT: Found TEST01-PL4.ipt
2026-01-12 19:36:54 | IPT: Found TEST01-PL5.ipt
2026-01-12 19:36:54 | IPT: Found TEST01-PL6.ipt
2026-01-12 19:36:54 | IPT: Found TEST01-PL7.ipt
2026-01-12 19:36:54 | IPT: Found TEST01-PL8.ipt
2026-01-12 19:36:54 | IPT: Found TEST01-PL9.ipt
2026-01-12 19:36:54 | IPT: Found N1SCR04-730-A9.ipt
2026-01-12 19:36:54 | IPT: Found N1SCR04-730-FL5.ipt
2026-01-12 19:36:54 | IPT: Found N1SCR04-730-FL6.ipt
2026-01-12 19:36:54 | IPT: Found N1SCR04-730-FL7.ipt
2026-01-12 19:36:54 | IPT: Found N1SCR04-730-PART4.ipt
2026-01-12 19:36:54 | IPT: Found N1SCR04-730-PL18.ipt
2026-01-12 19:36:54 | IPT: Found Part1.ipt
2026-01-12 19:36:54 | IPT: Found Part2 Angle.ipt
2026-01-12 19:36:54 | IPT: Found Part3 Stiffener.ipt
2026-01-12 19:36:54 | IPT: Found Part4 Stiffener.ipt
2026-01-12 19:36:54 | IPT: Found Part5 Stiffener.ipt
2026-01-12 19:36:54 | IPT: Found Part6 Handle.ipt
2026-01-12 19:36:54 | IPT: Found TEST01-A9.ipt
2026-01-12 19:36:54 | IPT: Found TEST01-FL2.ipt
2026-01-12 19:36:54 | IPT: Found TEST01-FL3.ipt
2026-01-12 19:36:54 | IPT: Found TEST01-FL4.ipt
2026-01-12 19:36:54 | IPT: Found TEST01-PART1.ipt
2026-01-12 19:36:54 | IPT: Found TEST01-PL17.ipt
2026-01-12 19:36:54 | IPT: Found N1SCR04-730-A10.ipt
2026-01-12 19:36:54 | IPT: Found N1SCR04-730-FL10.ipt
2026-01-12 19:36:54 | IPT: Found N1SCR04-730-FL8.ipt
2026-01-12 19:36:54 | IPT: Found N1SCR04-730-FL9.ipt
2026-01-12 19:36:54 | IPT: Found N1SCR04-730-PART5.ipt
2026-01-12 19:36:54 | IPT: Found N1SCR04-730-PL19.ipt
2026-01-12 19:36:54 | IPT: Found Part1.ipt
2026-01-12 19:36:54 | IPT: Found Part2 Angle.ipt
2026-01-12 19:36:54 | IPT: Found Part3 Stiffener.ipt
2026-01-12 19:36:54 | IPT: Found Part4 Stiffener.ipt
2026-01-12 19:36:54 | IPT: Found Part5 Stiffener.ipt
2026-01-12 19:36:54 | IPT: Found Part6 Handle.ipt
2026-01-12 19:36:54 | IPT: Found TEST01-A10.ipt
2026-01-12 19:36:54 | IPT: Found TEST01-FL5.ipt
2026-01-12 19:36:54 | IPT: Found TEST01-FL6.ipt
2026-01-12 19:36:54 | IPT: Found TEST01-FL7.ipt
2026-01-12 19:36:54 | IPT: Found TEST01-PART2.ipt
2026-01-12 19:36:54 | IPT: Found TEST01-PL18.ipt
2026-01-12 19:36:54 | FOUND: 133 IPT files in folder
2026-01-12 19:36:54 | STEP 3: Identifying unreferenced IPT files
2026-01-12 19:36:54 | UNREFERENCED: Lug.ipt
2026-01-12 19:36:54 | UNREFERENCED: N1SCR04-730-A1.ipt
2026-01-12 19:36:54 | UNREFERENCED: N1SCR04-730-A2.ipt
2026-01-12 19:36:54 | UNREFERENCED: N1SCR04-730-A3.ipt
2026-01-12 19:36:54 | UNREFERENCED: N1SCR04-730-A4.ipt
2026-01-12 19:36:54 | UNREFERENCED: N1SCR04-730-A5.ipt
2026-01-12 19:36:54 | UNREFERENCED: N1SCR04-730-A6.ipt
2026-01-12 19:36:54 | UNREFERENCED: N1SCR04-730-A7.ipt
2026-01-12 19:36:54 | UNREFERENCED: N1SCR04-730-A8.ipt
2026-01-12 19:36:54 | UNREFERENCED: N1SCR04-730-FL1.ipt
2026-01-12 19:36:54 | UNREFERENCED: N1SCR04-730-FL2.ipt
2026-01-12 19:36:54 | UNREFERENCED: N1SCR04-730-FL3.ipt
2026-01-12 19:36:54 | UNREFERENCED: N1SCR04-730-FL4.ipt
2026-01-12 19:36:54 | UNREFERENCED: N1SCR04-730-PART1.ipt
2026-01-12 19:36:54 | UNREFERENCED: N1SCR04-730-PART2.ipt
2026-01-12 19:36:54 | UNREFERENCED: N1SCR04-730-PART3.ipt
2026-01-12 19:36:54 | UNREFERENCED: N1SCR04-730-PL1.ipt
2026-01-12 19:36:54 | UNREFERENCED: N1SCR04-730-PL10.ipt
2026-01-12 19:36:54 | UNREFERENCED: N1SCR04-730-PL11.ipt
2026-01-12 19:36:54 | UNREFERENCED: N1SCR04-730-PL12.ipt
2026-01-12 19:36:54 | UNREFERENCED: N1SCR04-730-PL13.ipt
2026-01-12 19:36:54 | UNREFERENCED: N1SCR04-730-PL14.ipt
2026-01-12 19:36:54 | UNREFERENCED: N1SCR04-730-PL15.ipt
2026-01-12 19:36:54 | UNREFERENCED: N1SCR04-730-PL16.ipt
2026-01-12 19:36:54 | UNREFERENCED: N1SCR04-730-PL17.ipt
2026-01-12 19:36:54 | UNREFERENCED: N1SCR04-730-PL2.ipt
2026-01-12 19:36:54 | UNREFERENCED: N1SCR04-730-PL3.ipt
2026-01-12 19:36:54 | UNREFERENCED: N1SCR04-730-PL4.ipt
2026-01-12 19:36:54 | UNREFERENCED: N1SCR04-730-PL5.ipt
2026-01-12 19:36:54 | UNREFERENCED: N1SCR04-730-PL6.ipt
2026-01-12 19:36:54 | UNREFERENCED: N1SCR04-730-PL7.ipt
2026-01-12 19:36:54 | UNREFERENCED: N1SCR04-730-PL8.ipt
2026-01-12 19:36:54 | UNREFERENCED: N1SCR04-730-PL9.ipt
2026-01-12 19:36:54 | UNREFERENCED: Part1.ipt
2026-01-12 19:36:54 | UNREFERENCED: Part10.ipt
2026-01-12 19:36:54 | UNREFERENCED: Part11 Pipe.ipt
2026-01-12 19:36:54 | UNREFERENCED: Part12 Flange.ipt
2026-01-12 19:36:54 | UNREFERENCED: Part13 Pipe.ipt
2026-01-12 19:36:54 | UNREFERENCED: Part14 Flange.ipt
2026-01-12 19:36:54 | UNREFERENCED: Part15 Pipe.ipt
2026-01-12 19:36:54 | UNREFERENCED: Part16 Flange.ipt
2026-01-12 19:36:54 | UNREFERENCED: Part16 Flange500NB.ipt
2026-01-12 19:36:54 | UNREFERENCED: Part17 Angle.ipt
2026-01-12 19:36:54 | UNREFERENCED: Part18 Angle.ipt
2026-01-12 19:36:54 | UNREFERENCED: Part19 Angle.ipt
2026-01-12 19:36:54 | UNREFERENCED: Part2.ipt
2026-01-12 19:36:54 | UNREFERENCED: Part20 Angle.ipt
2026-01-12 19:36:54 | UNREFERENCED: Part21 Angle.ipt
2026-01-12 19:36:54 | UNREFERENCED: Part22 Angle.ipt
2026-01-12 19:36:54 | UNREFERENCED: Part23 Angle.ipt
2026-01-12 19:36:54 | UNREFERENCED: Part24 Angle.ipt
2026-01-12 19:36:54 | UNREFERENCED: Part25 End Plate.ipt
2026-01-12 19:36:54 | UNREFERENCED: Part26.ipt
2026-01-12 19:36:54 | UNREFERENCED: Part27 Corner Gusset.ipt
2026-01-12 19:36:54 | UNREFERENCED: Part28 Stiffener.ipt
2026-01-12 19:36:54 | UNREFERENCED: Part29 End Plate.ipt
2026-01-12 19:36:54 | UNREFERENCED: Part3.ipt
2026-01-12 19:36:54 | UNREFERENCED: Part30 Corner Gusset.ipt
2026-01-12 19:36:54 | UNREFERENCED: Part4.ipt
2026-01-12 19:36:54 | UNREFERENCED: Part5.ipt
2026-01-12 19:36:54 | UNREFERENCED: Part6.ipt
2026-01-12 19:36:54 | UNREFERENCED: Part7.ipt
2026-01-12 19:36:54 | UNREFERENCED: Part8.ipt
2026-01-12 19:36:54 | UNREFERENCED: Part9.ipt
2026-01-12 19:36:54 | UNREFERENCED: Slats.ipt
2026-01-12 19:36:54 | UNREFERENCED: TEST01-A1.ipt
2026-01-12 19:36:54 | UNREFERENCED: TEST01-A2.ipt
2026-01-12 19:36:54 | UNREFERENCED: TEST01-A3.ipt
2026-01-12 19:36:54 | UNREFERENCED: TEST01-A4.ipt
2026-01-12 19:36:54 | UNREFERENCED: TEST01-A5.ipt
2026-01-12 19:36:54 | UNREFERENCED: TEST01-A6.ipt
2026-01-12 19:36:54 | UNREFERENCED: TEST01-A7.ipt
2026-01-12 19:36:54 | UNREFERENCED: TEST01-A8.ipt
2026-01-12 19:36:54 | UNREFERENCED: TEST01-FL1.ipt
2026-01-12 19:36:54 | UNREFERENCED: TEST01-FLG1.ipt
2026-01-12 19:36:54 | UNREFERENCED: TEST01-FLG2.ipt
2026-01-12 19:36:54 | UNREFERENCED: TEST01-FLG3.ipt
2026-01-12 19:36:54 | UNREFERENCED: TEST01-FLG4.ipt
2026-01-12 19:36:54 | UNREFERENCED: TEST01-FLG5.ipt
2026-01-12 19:36:54 | UNREFERENCED: TEST01-FLG6.ipt
2026-01-12 19:36:54 | UNREFERENCED: TEST01-PL1.ipt
2026-01-12 19:36:54 | UNREFERENCED: TEST01-PL10.ipt
2026-01-12 19:36:54 | UNREFERENCED: TEST01-PL11.ipt
2026-01-12 19:36:54 | UNREFERENCED: TEST01-PL12.ipt
2026-01-12 19:36:54 | UNREFERENCED: TEST01-PL13.ipt
2026-01-12 19:36:54 | UNREFERENCED: TEST01-PL14.ipt
2026-01-12 19:36:54 | UNREFERENCED: TEST01-PL15.ipt
2026-01-12 19:36:54 | UNREFERENCED: TEST01-PL16.ipt
2026-01-12 19:36:54 | REFERENCED:   TEST01-PL19.ipt
2026-01-12 19:36:54 | UNREFERENCED: TEST01-PL2.ipt
2026-01-12 19:36:54 | UNREFERENCED: TEST01-PL3.ipt
2026-01-12 19:36:54 | UNREFERENCED: TEST01-PL4.ipt
2026-01-12 19:36:54 | UNREFERENCED: TEST01-PL5.ipt
2026-01-12 19:36:54 | UNREFERENCED: TEST01-PL6.ipt
2026-01-12 19:36:54 | UNREFERENCED: TEST01-PL7.ipt
2026-01-12 19:36:54 | UNREFERENCED: TEST01-PL8.ipt
2026-01-12 19:36:54 | UNREFERENCED: TEST01-PL9.ipt
2026-01-12 19:36:54 | UNREFERENCED: N1SCR04-730-A9.ipt
2026-01-12 19:36:54 | UNREFERENCED: N1SCR04-730-FL5.ipt
2026-01-12 19:36:54 | UNREFERENCED: N1SCR04-730-FL6.ipt
2026-01-12 19:36:54 | UNREFERENCED: N1SCR04-730-FL7.ipt
2026-01-12 19:36:54 | UNREFERENCED: N1SCR04-730-PART4.ipt
2026-01-12 19:36:54 | UNREFERENCED: N1SCR04-730-PL18.ipt
2026-01-12 19:36:54 | UNREFERENCED: Part1.ipt
2026-01-12 19:36:54 | UNREFERENCED: Part2 Angle.ipt
2026-01-12 19:36:54 | UNREFERENCED: Part3 Stiffener.ipt
2026-01-12 19:36:54 | UNREFERENCED: Part4 Stiffener.ipt
2026-01-12 19:36:54 | UNREFERENCED: Part5 Stiffener.ipt
2026-01-12 19:36:54 | UNREFERENCED: Part6 Handle.ipt
2026-01-12 19:36:54 | UNREFERENCED: TEST01-A9.ipt
2026-01-12 19:36:54 | UNREFERENCED: TEST01-FL2.ipt
2026-01-12 19:36:54 | UNREFERENCED: TEST01-FL3.ipt
2026-01-12 19:36:54 | UNREFERENCED: TEST01-FL4.ipt
2026-01-12 19:36:54 | UNREFERENCED: TEST01-PART1.ipt
2026-01-12 19:36:54 | UNREFERENCED: TEST01-PL17.ipt
2026-01-12 19:36:54 | UNREFERENCED: N1SCR04-730-A10.ipt
2026-01-12 19:36:54 | UNREFERENCED: N1SCR04-730-FL10.ipt
2026-01-12 19:36:54 | UNREFERENCED: N1SCR04-730-FL8.ipt
2026-01-12 19:36:54 | UNREFERENCED: N1SCR04-730-FL9.ipt
2026-01-12 19:36:54 | UNREFERENCED: N1SCR04-730-PART5.ipt
2026-01-12 19:36:54 | UNREFERENCED: N1SCR04-730-PL19.ipt
2026-01-12 19:36:54 | UNREFERENCED: Part1.ipt
2026-01-12 19:36:54 | UNREFERENCED: Part2 Angle.ipt
2026-01-12 19:36:54 | UNREFERENCED: Part3 Stiffener.ipt
2026-01-12 19:36:54 | UNREFERENCED: Part4 Stiffener.ipt
2026-01-12 19:36:54 | UNREFERENCED: Part5 Stiffener.ipt
2026-01-12 19:36:54 | UNREFERENCED: Part6 Handle.ipt
2026-01-12 19:36:54 | UNREFERENCED: TEST01-A10.ipt
2026-01-12 19:36:54 | UNREFERENCED: TEST01-FL5.ipt
2026-01-12 19:36:54 | UNREFERENCED: TEST01-FL6.ipt
2026-01-12 19:36:54 | UNREFERENCED: TEST01-FL7.ipt
2026-01-12 19:36:54 | UNREFERENCED: TEST01-PART2.ipt
2026-01-12 19:36:54 | UNREFERENCED: TEST01-PL18.ipt
2026-01-12 19:36:54 | TOTAL: 132 unreferenced files found
2026-01-12 19:36:54 | STEP 4: Moving unreferenced files to 'Unrenamed Parts' folder
2026-01-12 19:36:54 | Creating folder: C:\Users\Quintin\Documents\Spectiv\3. Working\22. DMS plant\21. SSCR04 - Primary Floats D&R Screen Station\730 CM Head Box\Unrenamed Parts
2026-01-12 19:36:54 | MOVED: Lug.ipt -> Unrenamed Parts\
2026-01-12 19:36:54 | MOVED: N1SCR04-730-A1.ipt -> Unrenamed Parts\
2026-01-12 19:36:54 | MOVED: N1SCR04-730-A2.ipt -> Unrenamed Parts\
2026-01-12 19:36:54 | MOVED: N1SCR04-730-A3.ipt -> Unrenamed Parts\
2026-01-12 19:36:54 | MOVED: N1SCR04-730-A4.ipt -> Unrenamed Parts\
2026-01-12 19:36:54 | MOVED: N1SCR04-730-A5.ipt -> Unrenamed Parts\
2026-01-12 19:36:54 | MOVED: N1SCR04-730-A6.ipt -> Unrenamed Parts\
2026-01-12 19:36:54 | MOVED: N1SCR04-730-A7.ipt -> Unrenamed Parts\
2026-01-12 19:36:54 | MOVED: N1SCR04-730-A8.ipt -> Unrenamed Parts\
2026-01-12 19:36:54 | MOVED: N1SCR04-730-FL1.ipt -> Unrenamed Parts\
2026-01-12 19:36:54 | MOVED: N1SCR04-730-FL2.ipt -> Unrenamed Parts\
2026-01-12 19:36:54 | MOVED: N1SCR04-730-FL3.ipt -> Unrenamed Parts\
2026-01-12 19:36:54 | MOVED: N1SCR04-730-FL4.ipt -> Unrenamed Parts\
2026-01-12 19:36:54 | MOVED: N1SCR04-730-PART1.ipt -> Unrenamed Parts\
2026-01-12 19:36:54 | MOVED: N1SCR04-730-PART2.ipt -> Unrenamed Parts\
2026-01-12 19:36:54 | MOVED: N1SCR04-730-PART3.ipt -> Unrenamed Parts\
2026-01-12 19:36:54 | MOVED: N1SCR04-730-PL1.ipt -> Unrenamed Parts\
2026-01-12 19:36:54 | MOVED: N1SCR04-730-PL10.ipt -> Unrenamed Parts\
2026-01-12 19:36:54 | MOVED: N1SCR04-730-PL11.ipt -> Unrenamed Parts\
2026-01-12 19:36:54 | MOVED: N1SCR04-730-PL12.ipt -> Unrenamed Parts\
2026-01-12 19:36:54 | MOVED: N1SCR04-730-PL13.ipt -> Unrenamed Parts\
2026-01-12 19:36:54 | MOVED: N1SCR04-730-PL14.ipt -> Unrenamed Parts\
2026-01-12 19:36:54 | MOVED: N1SCR04-730-PL15.ipt -> Unrenamed Parts\
2026-01-12 19:36:54 | MOVED: N1SCR04-730-PL16.ipt -> Unrenamed Parts\
2026-01-12 19:36:54 | MOVED: N1SCR04-730-PL17.ipt -> Unrenamed Parts\
2026-01-12 19:36:54 | MOVED: N1SCR04-730-PL2.ipt -> Unrenamed Parts\
2026-01-12 19:36:54 | MOVED: N1SCR04-730-PL3.ipt -> Unrenamed Parts\
2026-01-12 19:36:54 | MOVED: N1SCR04-730-PL4.ipt -> Unrenamed Parts\
2026-01-12 19:36:54 | MOVED: N1SCR04-730-PL5.ipt -> Unrenamed Parts\
2026-01-12 19:36:54 | MOVED: N1SCR04-730-PL6.ipt -> Unrenamed Parts\
2026-01-12 19:36:54 | MOVED: N1SCR04-730-PL7.ipt -> Unrenamed Parts\
2026-01-12 19:36:54 | MOVED: N1SCR04-730-PL8.ipt -> Unrenamed Parts\
2026-01-12 19:36:54 | MOVED: N1SCR04-730-PL9.ipt -> Unrenamed Parts\
2026-01-12 19:36:54 | MOVED: Part1.ipt -> Unrenamed Parts\
2026-01-12 19:36:54 | MOVED: Part10.ipt -> Unrenamed Parts\
2026-01-12 19:36:54 | MOVED: Part11 Pipe.ipt -> Unrenamed Parts\
2026-01-12 19:36:54 | MOVED: Part12 Flange.ipt -> Unrenamed Parts\
2026-01-12 19:36:54 | MOVED: Part13 Pipe.ipt -> Unrenamed Parts\
2026-01-12 19:36:54 | MOVED: Part14 Flange.ipt -> Unrenamed Parts\
2026-01-12 19:36:54 | MOVED: Part15 Pipe.ipt -> Unrenamed Parts\
2026-01-12 19:36:54 | MOVED: Part16 Flange.ipt -> Unrenamed Parts\
2026-01-12 19:36:54 | MOVED: Part16 Flange500NB.ipt -> Unrenamed Parts\
2026-01-12 19:36:54 | MOVED: Part17 Angle.ipt -> Unrenamed Parts\
2026-01-12 19:36:54 | MOVED: Part18 Angle.ipt -> Unrenamed Parts\
2026-01-12 19:36:54 | MOVED: Part19 Angle.ipt -> Unrenamed Parts\
2026-01-12 19:36:54 | MOVED: Part2.ipt -> Unrenamed Parts\
2026-01-12 19:36:54 | MOVED: Part20 Angle.ipt -> Unrenamed Parts\
2026-01-12 19:36:54 | MOVED: Part21 Angle.ipt -> Unrenamed Parts\
2026-01-12 19:36:54 | MOVED: Part22 Angle.ipt -> Unrenamed Parts\
2026-01-12 19:36:54 | MOVED: Part23 Angle.ipt -> Unrenamed Parts\
2026-01-12 19:36:54 | MOVED: Part24 Angle.ipt -> Unrenamed Parts\
2026-01-12 19:36:54 | MOVED: Part25 End Plate.ipt -> Unrenamed Parts\
2026-01-12 19:36:54 | MOVED: Part26.ipt -> Unrenamed Parts\
2026-01-12 19:36:54 | MOVED: Part27 Corner Gusset.ipt -> Unrenamed Parts\
2026-01-12 19:36:54 | MOVED: Part28 Stiffener.ipt -> Unrenamed Parts\
2026-01-12 19:36:54 | MOVED: Part29 End Plate.ipt -> Unrenamed Parts\
2026-01-12 19:36:54 | MOVED: Part3.ipt -> Unrenamed Parts\
2026-01-12 19:36:54 | MOVED: Part30 Corner Gusset.ipt -> Unrenamed Parts\
2026-01-12 19:36:54 | MOVED: Part4.ipt -> Unrenamed Parts\
2026-01-12 19:36:54 | MOVED: Part5.ipt -> Unrenamed Parts\
2026-01-12 19:36:54 | MOVED: Part6.ipt -> Unrenamed Parts\
2026-01-12 19:36:54 | MOVED: Part7.ipt -> Unrenamed Parts\
2026-01-12 19:36:54 | MOVED: Part8.ipt -> Unrenamed Parts\
2026-01-12 19:36:54 | MOVED: Part9.ipt -> Unrenamed Parts\
2026-01-12 19:36:54 | MOVED: Slats.ipt -> Unrenamed Parts\
2026-01-12 19:36:54 | MOVED: TEST01-A1.ipt -> Unrenamed Parts\
2026-01-12 19:36:54 | MOVED: TEST01-A2.ipt -> Unrenamed Parts\
2026-01-12 19:36:54 | MOVED: TEST01-A3.ipt -> Unrenamed Parts\
2026-01-12 19:36:54 | MOVED: TEST01-A4.ipt -> Unrenamed Parts\
2026-01-12 19:36:54 | MOVED: TEST01-A5.ipt -> Unrenamed Parts\
2026-01-12 19:36:54 | MOVED: TEST01-A6.ipt -> Unrenamed Parts\
2026-01-12 19:36:54 | MOVED: TEST01-A7.ipt -> Unrenamed Parts\
2026-01-12 19:36:54 | MOVED: TEST01-A8.ipt -> Unrenamed Parts\
2026-01-12 19:36:54 | MOVED: TEST01-FL1.ipt -> Unrenamed Parts\
2026-01-12 19:36:54 | MOVED: TEST01-FLG1.ipt -> Unrenamed Parts\
2026-01-12 19:36:54 | MOVED: TEST01-FLG2.ipt -> Unrenamed Parts\
2026-01-12 19:36:54 | MOVED: TEST01-FLG3.ipt -> Unrenamed Parts\
2026-01-12 19:36:54 | MOVED: TEST01-FLG4.ipt -> Unrenamed Parts\
2026-01-12 19:36:54 | MOVED: TEST01-FLG5.ipt -> Unrenamed Parts\
2026-01-12 19:36:54 | MOVED: TEST01-FLG6.ipt -> Unrenamed Parts\
2026-01-12 19:36:54 | MOVED: TEST01-PL1.ipt -> Unrenamed Parts\
2026-01-12 19:36:54 | MOVED: TEST01-PL10.ipt -> Unrenamed Parts\
2026-01-12 19:36:54 | MOVED: TEST01-PL11.ipt -> Unrenamed Parts\
2026-01-12 19:36:54 | MOVED: TEST01-PL12.ipt -> Unrenamed Parts\
2026-01-12 19:36:54 | MOVED: TEST01-PL13.ipt -> Unrenamed Parts\
2026-01-12 19:36:54 | MOVED: TEST01-PL14.ipt -> Unrenamed Parts\
2026-01-12 19:36:54 | MOVED: TEST01-PL15.ipt -> Unrenamed Parts\
2026-01-12 19:36:54 | MOVED: TEST01-PL16.ipt -> Unrenamed Parts\
2026-01-12 19:36:54 | MOVED: TEST01-PL2.ipt -> Unrenamed Parts\
2026-01-12 19:36:54 | MOVED: TEST01-PL3.ipt -> Unrenamed Parts\
2026-01-12 19:36:54 | MOVED: TEST01-PL4.ipt -> Unrenamed Parts\
2026-01-12 19:36:54 | MOVED: TEST01-PL5.ipt -> Unrenamed Parts\
2026-01-12 19:36:54 | MOVED: TEST01-PL6.ipt -> Unrenamed Parts\
2026-01-12 19:36:54 | MOVED: TEST01-PL7.ipt -> Unrenamed Parts\
2026-01-12 19:36:54 | MOVED: TEST01-PL8.ipt -> Unrenamed Parts\
2026-01-12 19:36:54 | MOVED: TEST01-PL9.ipt -> Unrenamed Parts\
2026-01-12 19:36:54 | MOVED: N1SCR04-730-A9.ipt -> Unrenamed Parts\
2026-01-12 19:36:54 | MOVED: N1SCR04-730-FL5.ipt -> Unrenamed Parts\
2026-01-12 19:36:54 | MOVED: N1SCR04-730-FL6.ipt -> Unrenamed Parts\
2026-01-12 19:36:54 | MOVED: N1SCR04-730-FL7.ipt -> Unrenamed Parts\
2026-01-12 19:36:54 | MOVED: N1SCR04-730-PART4.ipt -> Unrenamed Parts\
2026-01-12 19:36:54 | MOVED: N1SCR04-730-PL18.ipt -> Unrenamed Parts\
2026-01-12 19:36:54 | WARNING: File already exists in destination: Part1.ipt
2026-01-12 19:36:54 | WARNING: Skipping move to avoid overwrite
2026-01-12 19:36:54 | MOVED: Part2 Angle.ipt -> Unrenamed Parts\
2026-01-12 19:36:54 | MOVED: Part3 Stiffener.ipt -> Unrenamed Parts\
2026-01-12 19:36:54 | MOVED: Part4 Stiffener.ipt -> Unrenamed Parts\
2026-01-12 19:36:54 | MOVED: Part5 Stiffener.ipt -> Unrenamed Parts\
2026-01-12 19:36:54 | MOVED: Part6 Handle.ipt -> Unrenamed Parts\
2026-01-12 19:36:54 | MOVED: TEST01-A9.ipt -> Unrenamed Parts\
2026-01-12 19:36:54 | MOVED: TEST01-FL2.ipt -> Unrenamed Parts\
2026-01-12 19:36:54 | MOVED: TEST01-FL3.ipt -> Unrenamed Parts\
2026-01-12 19:36:54 | MOVED: TEST01-FL4.ipt -> Unrenamed Parts\
2026-01-12 19:36:54 | MOVED: TEST01-PART1.ipt -> Unrenamed Parts\
2026-01-12 19:36:54 | MOVED: TEST01-PL17.ipt -> Unrenamed Parts\
2026-01-12 19:36:54 | MOVED: N1SCR04-730-A10.ipt -> Unrenamed Parts\
2026-01-12 19:36:54 | MOVED: N1SCR04-730-FL10.ipt -> Unrenamed Parts\
2026-01-12 19:36:54 | MOVED: N1SCR04-730-FL8.ipt -> Unrenamed Parts\
2026-01-12 19:36:54 | MOVED: N1SCR04-730-FL9.ipt -> Unrenamed Parts\
2026-01-12 19:36:54 | MOVED: N1SCR04-730-PART5.ipt -> Unrenamed Parts\
2026-01-12 19:36:54 | MOVED: N1SCR04-730-PL19.ipt -> Unrenamed Parts\
2026-01-12 19:36:54 | WARNING: File already exists in destination: Part1.ipt
2026-01-12 19:36:54 | WARNING: Skipping move to avoid overwrite
2026-01-12 19:36:54 | WARNING: File already exists in destination: Part2 Angle.ipt
2026-01-12 19:36:54 | WARNING: Skipping move to avoid overwrite
2026-01-12 19:36:54 | WARNING: File already exists in destination: Part3 Stiffener.ipt
2026-01-12 19:36:54 | WARNING: Skipping move to avoid overwrite
2026-01-12 19:36:54 | WARNING: File already exists in destination: Part4 Stiffener.ipt
2026-01-12 19:36:54 | WARNING: Skipping move to avoid overwrite
2026-01-12 19:36:54 | WARNING: File already exists in destination: Part5 Stiffener.ipt
2026-01-12 19:36:54 | WARNING: Skipping move to avoid overwrite
2026-01-12 19:36:54 | WARNING: File already exists in destination: Part6 Handle.ipt
2026-01-12 19:36:54 | WARNING: Skipping move to avoid overwrite
2026-01-12 19:36:54 | MOVED: TEST01-A10.ipt -> Unrenamed Parts\
2026-01-12 19:36:54 | MOVED: TEST01-FL5.ipt -> Unrenamed Parts\
2026-01-12 19:36:54 | MOVED: TEST01-FL6.ipt -> Unrenamed Parts\
2026-01-12 19:36:54 | MOVED: TEST01-FL7.ipt -> Unrenamed Parts\
2026-01-12 19:36:54 | MOVED: TEST01-PART2.ipt -> Unrenamed Parts\
2026-01-12 19:36:54 | MOVED: TEST01-PL18.ipt -> Unrenamed Parts\
2026-01-12 19:36:54 | MOVE COMPLETE: 125 files moved, 7 errors
2026-01-12 19:36:54 | === IDW PARTS LIST SCANNER COMPLETED ===
