2026-01-12 12:19:09 | SUCCESS: Connected to Inventor
2026-01-12 12:19:09 | SUCCESS: Drawing document found: KNL-N1200-SCR04-0780-PD.idw
2026-01-12 12:19:09 | STEP 1: Extracting parts from drawing references
2026-01-12 12:19:09 | BOM: Checking sheet parts lists...
2026-01-12 12:19:10 | BOM: Sheet 1 - Sheet:1
2026-01-12 12:19:10 | BOM:   Found 2 parts list(s)
2026-01-12 12:19:10 | BOM:     Processing parts list 1
2026-01-12 12:19:10 | BOM:       Added: N1SCR04-780-A1.ipt
2026-01-12 12:19:10 | BOM:       Added: N1SCR04-780-A2.ipt
2026-01-12 12:19:10 | BOM:       Added: N1SCR04-780-A3.ipt
2026-01-12 12:19:10 | BOM:       Added: N1SCR04-780-FL1.ipt
2026-01-12 12:19:10 | BOM:       Added: N1SCR04-780-FL10.ipt
2026-01-12 12:19:10 | BOM:       Added: N1SCR04-780-FL11.ipt
2026-01-12 12:19:10 | BOM:       Added: N1SCR04-780-FL12.ipt
2026-01-12 12:19:10 | BOM:       Added: N1SCR04-780-FL13.ipt
2026-01-12 12:19:10 | BOM:       Added: N1SCR04-780-FL14.ipt
2026-01-12 12:19:10 | BOM:       Added: N1SCR04-780-FL15.ipt
2026-01-12 12:19:10 | BOM:       Added: N1SCR04-780-FL16.ipt
2026-01-12 12:19:10 | BOM:       Added: N1SCR04-780-FL17.ipt
2026-01-12 12:19:10 | BOM:       Added: N1SCR04-780-FL18.ipt
2026-01-12 12:19:10 | BOM:       Added: N1SCR04-780-FL19.ipt
2026-01-12 12:19:10 | BOM:       Added: N1SCR04-780-FL2.ipt
2026-01-12 12:19:10 | BOM:       Added: N1SCR04-780-FL20.ipt
2026-01-12 12:19:10 | BOM:       Added: N1SCR04-780-FL21.ipt
2026-01-12 12:19:10 | BOM:       Added: N1SCR04-780-FL22.ipt
2026-01-12 12:19:10 | BOM:       Added: N1SCR04-780-FL23.ipt
2026-01-12 12:19:10 | BOM:       Added: N1SCR04-780-FL24.ipt
2026-01-12 12:19:10 | BOM:       Added: N1SCR04-780-FL25.ipt
2026-01-12 12:19:10 | BOM:       Added: N1SCR04-780-FL26.ipt
2026-01-12 12:19:10 | BOM:       Added: N1SCR04-780-FL27.ipt
2026-01-12 12:19:10 | BOM:       Added: N1SCR04-780-FL28.ipt
2026-01-12 12:19:10 | BOM:       Added: N1SCR04-780-FL29.ipt
2026-01-12 12:19:10 | BOM:       Added: N1SCR04-780-FL3.ipt
2026-01-12 12:19:10 | BOM:       Added: N1SCR04-780-FL30.ipt
2026-01-12 12:19:10 | BOM:       Added: N1SCR04-780-FL31.ipt
2026-01-12 12:19:10 | BOM:       Added: N1SCR04-780-FL32.ipt
2026-01-12 12:19:10 | BOM:       Added: N1SCR04-780-FL33.ipt
2026-01-12 12:19:10 | BOM:       Added: N1SCR04-780-FL34.ipt
2026-01-12 12:19:10 | BOM:       Added: N1SCR04-780-FL35.ipt
2026-01-12 12:19:10 | BOM:       Added: N1SCR04-780-FL36.ipt
2026-01-12 12:19:10 | BOM:       Added: N1SCR04-780-FL37.ipt
2026-01-12 12:19:10 | BOM:       Added: N1SCR04-780-FL38.ipt
2026-01-12 12:19:10 | BOM:       Added: N1SCR04-780-FL39.ipt
2026-01-12 12:19:10 | BOM:       Added: N1SCR04-780-FL4.ipt
2026-01-12 12:19:10 | BOM:       Added: N1SCR04-780-FL40.ipt
2026-01-12 12:19:10 | BOM:       Added: N1SCR04-780-FL41.ipt
2026-01-12 12:19:10 | BOM:       Added: N1SCR04-780-FL42.ipt
2026-01-12 12:19:10 | BOM:       Added: N1SCR04-780-FL43.ipt
2026-01-12 12:19:10 | BOM:       Added: N1SCR04-780-FL44.ipt
2026-01-12 12:19:10 | BOM:       Added: N1SCR04-780-FL45.ipt
2026-01-12 12:19:11 | BOM:       Added: N1SCR04-780-FL46.ipt
2026-01-12 12:19:11 | BOM:       Added: N1SCR04-780-FL47.ipt
2026-01-12 12:19:11 | BOM:       Added: N1SCR04-780-FL48.ipt
2026-01-12 12:19:11 | BOM:       Added: N1SCR04-780-FL49.ipt
2026-01-12 12:19:11 | BOM:       Added: N1SCR04-780-FL5.ipt
2026-01-12 12:19:11 | BOM:       Added: N1SCR04-780-FL50.ipt
2026-01-12 12:19:11 | BOM:       Added: N1SCR04-780-FL51.ipt
2026-01-12 12:19:11 | BOM:       Added: N1SCR04-780-FL52.ipt
2026-01-12 12:19:11 | BOM:       Added: N1SCR04-780-FL53.ipt
2026-01-12 12:19:11 | BOM:       Added: N1SCR04-780-FL54.ipt
2026-01-12 12:19:11 | BOM:       Added: N1SCR04-780-FL55.ipt
2026-01-12 12:19:11 | BOM:       Added: N1SCR04-780-FL56.ipt
2026-01-12 12:19:11 | BOM:       Added: N1SCR04-780-FL57.ipt
2026-01-12 12:19:11 | BOM:       Added: N1SCR04-780-FL58.ipt
2026-01-12 12:19:11 | BOM:       Added: N1SCR04-780-FL59.ipt
2026-01-12 12:19:11 | BOM:       Added: N1SCR04-780-FL6.ipt
2026-01-12 12:19:11 | BOM:       Added: N1SCR04-780-FL60.ipt
2026-01-12 12:19:11 | BOM:       Added: N1SCR04-780-FL7.ipt
2026-01-12 12:19:11 | BOM:       Added: N1SCR04-780-FL8.ipt
2026-01-12 12:19:11 | BOM:       Added: N1SCR04-780-FL9.ipt
2026-01-12 12:19:11 | BOM:       Added: N1SCR04-780-PL1.ipt
2026-01-12 12:19:11 | BOM:       Added: N1SCR04-780-PL10.ipt
2026-01-12 12:19:11 | BOM:       Added: N1SCR04-780-PL11.ipt
2026-01-12 12:19:11 | BOM:       Added: N1SCR04-780-PL12.ipt
2026-01-12 12:19:11 | BOM:       Added: N1SCR04-780-PL13.ipt
2026-01-12 12:19:11 | BOM:       Added: N1SCR04-780-PL14.ipt
2026-01-12 12:19:11 | BOM:       Added: N1SCR04-780-PL15.ipt
2026-01-12 12:19:11 | BOM:       Added: N1SCR04-780-PL16.ipt
2026-01-12 12:19:11 | BOM:       Added: N1SCR04-780-PL17.ipt
2026-01-12 12:19:11 | BOM:       Added: N1SCR04-780-PL2.ipt
2026-01-12 12:19:11 | BOM:       Added: N1SCR04-780-PL3.ipt
2026-01-12 12:19:11 | BOM:       Added: N1SCR04-780-PL4.ipt
2026-01-12 12:19:11 | BOM:       Added: N1SCR04-780-PL5.ipt
2026-01-12 12:19:11 | BOM:       Added: N1SCR04-780-PL6.ipt
2026-01-12 12:19:11 | BOM:       Added: N1SCR04-780-PL7.ipt
2026-01-12 12:19:11 | BOM:       Added: N1SCR04-780-PL8.ipt
2026-01-12 12:19:11 | BOM:       Added: N1SCR04-780-PL9.ipt
2026-01-12 12:19:11 | BOM:     Processing parts list 2
2026-01-12 12:19:12 | BOM: Sheet 2 - Sheet:2
2026-01-12 12:19:12 | BOM: Sheet 3 - Sheet:3
2026-01-12 12:19:12 | BOM:   Found 1 parts list(s)
2026-01-12 12:19:12 | BOM:     Processing parts list 1
2026-01-12 12:19:13 | BOM: Sheet 4 - Sheet:4
2026-01-12 12:19:13 | BOM:   Found 1 parts list(s)
2026-01-12 12:19:13 | BOM:     Processing parts list 1
2026-01-12 12:19:14 | BOM: Sheet 5 - Sheet:5
2026-01-12 12:19:14 | BOM:   Found 1 parts list(s)
2026-01-12 12:19:14 | BOM:     Processing parts list 1
2026-01-12 12:19:15 | BOM: Sheet 6 - Sheet:6
2026-01-12 12:19:15 | BOM:   Found 1 parts list(s)
2026-01-12 12:19:15 | BOM:     Processing parts list 1
2026-01-12 12:19:16 | REFS: Checking all referenced file descriptors...
2026-01-12 12:19:16 | REFS:   Already exists: N1SCR04-780-A1.ipt
2026-01-12 12:19:16 | REFS:   Already exists: N1SCR04-780-A2.ipt
2026-01-12 12:19:16 | REFS:   Already exists: N1SCR04-780-A3.ipt
2026-01-12 12:19:16 | REFS:   Already exists: N1SCR04-780-FL1.ipt
2026-01-12 12:19:16 | REFS:   Already exists: N1SCR04-780-FL10.ipt
2026-01-12 12:19:16 | REFS:   Already exists: N1SCR04-780-FL11.ipt
2026-01-12 12:19:16 | REFS:   Already exists: N1SCR04-780-FL12.ipt
2026-01-12 12:19:16 | REFS:   Already exists: N1SCR04-780-FL13.ipt
2026-01-12 12:19:16 | REFS:   Already exists: N1SCR04-780-FL14.ipt
2026-01-12 12:19:16 | REFS:   Already exists: N1SCR04-780-FL15.ipt
2026-01-12 12:19:16 | REFS:   Already exists: N1SCR04-780-FL16.ipt
2026-01-12 12:19:16 | REFS:   Already exists: N1SCR04-780-FL17.ipt
2026-01-12 12:19:16 | REFS:   Already exists: N1SCR04-780-FL18.ipt
2026-01-12 12:19:16 | REFS:   Already exists: N1SCR04-780-FL19.ipt
2026-01-12 12:19:16 | REFS:   Already exists: N1SCR04-780-FL2.ipt
2026-01-12 12:19:16 | REFS:   Already exists: N1SCR04-780-FL20.ipt
2026-01-12 12:19:16 | REFS:   Already exists: N1SCR04-780-FL21.ipt
2026-01-12 12:19:16 | REFS:   Already exists: N1SCR04-780-FL22.ipt
2026-01-12 12:19:16 | REFS:   Already exists: N1SCR04-780-FL23.ipt
2026-01-12 12:19:16 | REFS:   Already exists: N1SCR04-780-FL24.ipt
2026-01-12 12:19:16 | REFS:   Already exists: N1SCR04-780-FL25.ipt
2026-01-12 12:19:16 | REFS:   Already exists: N1SCR04-780-FL26.ipt
2026-01-12 12:19:16 | REFS:   Already exists: N1SCR04-780-FL27.ipt
2026-01-12 12:19:16 | REFS:   Already exists: N1SCR04-780-FL28.ipt
2026-01-12 12:19:16 | REFS:   Already exists: N1SCR04-780-FL29.ipt
2026-01-12 12:19:16 | REFS:   Already exists: N1SCR04-780-FL3.ipt
2026-01-12 12:19:16 | REFS:   Already exists: N1SCR04-780-FL30.ipt
2026-01-12 12:19:16 | REFS:   Already exists: N1SCR04-780-FL31.ipt
2026-01-12 12:19:16 | REFS:   Already exists: N1SCR04-780-FL32.ipt
2026-01-12 12:19:16 | REFS:   Already exists: N1SCR04-780-FL33.ipt
2026-01-12 12:19:16 | REFS:   Already exists: N1SCR04-780-FL34.ipt
2026-01-12 12:19:16 | REFS:   Already exists: N1SCR04-780-FL35.ipt
2026-01-12 12:19:16 | REFS:   Already exists: N1SCR04-780-FL36.ipt
2026-01-12 12:19:16 | REFS:   Already exists: N1SCR04-780-FL37.ipt
2026-01-12 12:19:16 | REFS:   Already exists: N1SCR04-780-FL38.ipt
2026-01-12 12:19:16 | REFS:   Already exists: N1SCR04-780-FL39.ipt
2026-01-12 12:19:16 | REFS:   Already exists: N1SCR04-780-FL4.ipt
2026-01-12 12:19:16 | REFS:   Already exists: N1SCR04-780-FL40.ipt
2026-01-12 12:19:16 | REFS:   Already exists: N1SCR04-780-FL41.ipt
2026-01-12 12:19:16 | REFS:   Already exists: N1SCR04-780-FL42.ipt
2026-01-12 12:19:16 | REFS:   Already exists: N1SCR04-780-FL43.ipt
2026-01-12 12:19:16 | REFS:   Already exists: N1SCR04-780-FL44.ipt
2026-01-12 12:19:16 | REFS:   Already exists: N1SCR04-780-FL45.ipt
2026-01-12 12:19:16 | REFS:   Already exists: N1SCR04-780-FL46.ipt
2026-01-12 12:19:16 | REFS:   Already exists: N1SCR04-780-FL47.ipt
2026-01-12 12:19:16 | REFS:   Already exists: N1SCR04-780-FL48.ipt
2026-01-12 12:19:16 | REFS:   Already exists: N1SCR04-780-FL49.ipt
2026-01-12 12:19:16 | REFS:   Already exists: N1SCR04-780-FL5.ipt
2026-01-12 12:19:16 | REFS:   Already exists: N1SCR04-780-FL50.ipt
2026-01-12 12:19:16 | REFS:   Already exists: N1SCR04-780-FL51.ipt
2026-01-12 12:19:16 | REFS:   Already exists: N1SCR04-780-FL52.ipt
2026-01-12 12:19:16 | REFS:   Already exists: N1SCR04-780-FL53.ipt
2026-01-12 12:19:16 | REFS:   Already exists: N1SCR04-780-FL54.ipt
2026-01-12 12:19:16 | REFS:   Already exists: N1SCR04-780-FL55.ipt
2026-01-12 12:19:16 | REFS:   Already exists: N1SCR04-780-FL56.ipt
2026-01-12 12:19:16 | REFS:   Already exists: N1SCR04-780-FL57.ipt
2026-01-12 12:19:16 | REFS:   Already exists: N1SCR04-780-FL58.ipt
2026-01-12 12:19:16 | REFS:   Already exists: N1SCR04-780-FL59.ipt
2026-01-12 12:19:16 | REFS:   Already exists: N1SCR04-780-FL6.ipt
2026-01-12 12:19:16 | REFS:   Already exists: N1SCR04-780-FL60.ipt
2026-01-12 12:19:16 | REFS:   Already exists: N1SCR04-780-FL7.ipt
2026-01-12 12:19:16 | REFS:   Already exists: N1SCR04-780-FL8.ipt
2026-01-12 12:19:16 | REFS:   Already exists: N1SCR04-780-FL9.ipt
2026-01-12 12:19:16 | REFS:   Already exists: N1SCR04-780-PL1.ipt
2026-01-12 12:19:16 | REFS:   Already exists: N1SCR04-780-PL10.ipt
2026-01-12 12:19:16 | REFS:   Already exists: N1SCR04-780-PL11.ipt
2026-01-12 12:19:16 | REFS:   Already exists: N1SCR04-780-PL12.ipt
2026-01-12 12:19:16 | REFS:   Already exists: N1SCR04-780-PL13.ipt
2026-01-12 12:19:16 | REFS:   Already exists: N1SCR04-780-PL14.ipt
2026-01-12 12:19:16 | REFS:   Already exists: N1SCR04-780-PL15.ipt
2026-01-12 12:19:16 | REFS:   Already exists: N1SCR04-780-PL16.ipt
2026-01-12 12:19:16 | REFS:   Already exists: N1SCR04-780-PL17.ipt
2026-01-12 12:19:16 | REFS:   Already exists: N1SCR04-780-PL2.ipt
2026-01-12 12:19:16 | REFS:   Already exists: N1SCR04-780-PL3.ipt
2026-01-12 12:19:16 | REFS:   Already exists: N1SCR04-780-PL4.ipt
2026-01-12 12:19:16 | REFS:   Already exists: N1SCR04-780-PL5.ipt
2026-01-12 12:19:16 | REFS:   Already exists: N1SCR04-780-PL6.ipt
2026-01-12 12:19:16 | REFS:   Already exists: N1SCR04-780-PL7.ipt
2026-01-12 12:19:16 | REFS:   Already exists: N1SCR04-780-PL8.ipt
2026-01-12 12:19:16 | REFS:   Already exists: N1SCR04-780-PL9.ipt
2026-01-12 12:19:16 | EXTRACT: Total unique parts found: 80
2026-01-12 12:19:17 | SUCCESS: Found 80 parts in drawing
2026-01-12 12:19:17 | 
2026-01-12 12:19:17 | === PARTS LIST SUMMARY ===
2026-01-12 12:19:17 | Total parts referenced in drawing: 80
2026-01-12 12:19:17 | 
2026-01-12 12:19:17 |   1. C:\Users\Quintin\Documents\Spectiv\3. Working\22. DMS plant\22. SSCR05 - Primary Sinks D&R Screen Station\722 Underpan\DM Underpan\N1SCR04-780-A1.ipt
2026-01-12 12:19:17 |   2. C:\Users\Quintin\Documents\Spectiv\3. Working\22. DMS plant\22. SSCR05 - Primary Sinks D&R Screen Station\722 Underpan\DM Underpan\N1SCR04-780-A2.ipt
2026-01-12 12:19:17 |   3. C:\Users\Quintin\Documents\Spectiv\3. Working\22. DMS plant\22. SSCR05 - Primary Sinks D&R Screen Station\722 Underpan\DM Underpan\N1SCR04-780-A3.ipt
2026-01-12 12:19:17 |   4. C:\Users\Quintin\Documents\Spectiv\3. Working\22. DMS plant\22. SSCR05 - Primary Sinks D&R Screen Station\722 Underpan\DM Underpan\N1SCR04-780-FL1.ipt
2026-01-12 12:19:17 |   5. C:\Users\Quintin\Documents\Spectiv\3. Working\22. DMS plant\22. SSCR05 - Primary Sinks D&R Screen Station\722 Underpan\DM Underpan\N1SCR04-780-FL10.ipt
2026-01-12 12:19:17 |   6. C:\Users\Quintin\Documents\Spectiv\3. Working\22. DMS plant\22. SSCR05 - Primary Sinks D&R Screen Station\722 Underpan\DM Underpan\N1SCR04-780-FL11.ipt
2026-01-12 12:19:17 |   7. C:\Users\Quintin\Documents\Spectiv\3. Working\22. DMS plant\22. SSCR05 - Primary Sinks D&R Screen Station\722 Underpan\DM Underpan\N1SCR04-780-FL12.ipt
2026-01-12 12:19:17 |   8. C:\Users\Quintin\Documents\Spectiv\3. Working\22. DMS plant\22. SSCR05 - Primary Sinks D&R Screen Station\722 Underpan\DM Underpan\N1SCR04-780-FL13.ipt
2026-01-12 12:19:17 |   9. C:\Users\Quintin\Documents\Spectiv\3. Working\22. DMS plant\22. SSCR05 - Primary Sinks D&R Screen Station\722 Underpan\DM Underpan\N1SCR04-780-FL14.ipt
2026-01-12 12:19:17 |   10. C:\Users\Quintin\Documents\Spectiv\3. Working\22. DMS plant\22. SSCR05 - Primary Sinks D&R Screen Station\722 Underpan\DM Underpan\N1SCR04-780-FL15.ipt
2026-01-12 12:19:17 |   11. C:\Users\Quintin\Documents\Spectiv\3. Working\22. DMS plant\22. SSCR05 - Primary Sinks D&R Screen Station\722 Underpan\DM Underpan\N1SCR04-780-FL16.ipt
2026-01-12 12:19:17 |   12. C:\Users\Quintin\Documents\Spectiv\3. Working\22. DMS plant\22. SSCR05 - Primary Sinks D&R Screen Station\722 Underpan\DM Underpan\N1SCR04-780-FL17.ipt
2026-01-12 12:19:17 |   13. C:\Users\Quintin\Documents\Spectiv\3. Working\22. DMS plant\22. SSCR05 - Primary Sinks D&R Screen Station\722 Underpan\DM Underpan\N1SCR04-780-FL18.ipt
2026-01-12 12:19:17 |   14. C:\Users\Quintin\Documents\Spectiv\3. Working\22. DMS plant\22. SSCR05 - Primary Sinks D&R Screen Station\722 Underpan\DM Underpan\N1SCR04-780-FL19.ipt
2026-01-12 12:19:17 |   15. C:\Users\Quintin\Documents\Spectiv\3. Working\22. DMS plant\22. SSCR05 - Primary Sinks D&R Screen Station\722 Underpan\DM Underpan\N1SCR04-780-FL2.ipt
2026-01-12 12:19:17 |   16. C:\Users\Quintin\Documents\Spectiv\3. Working\22. DMS plant\22. SSCR05 - Primary Sinks D&R Screen Station\722 Underpan\DM Underpan\N1SCR04-780-FL20.ipt
2026-01-12 12:19:17 |   17. C:\Users\Quintin\Documents\Spectiv\3. Working\22. DMS plant\22. SSCR05 - Primary Sinks D&R Screen Station\722 Underpan\DM Underpan\N1SCR04-780-FL21.ipt
2026-01-12 12:19:17 |   18. C:\Users\Quintin\Documents\Spectiv\3. Working\22. DMS plant\22. SSCR05 - Primary Sinks D&R Screen Station\722 Underpan\DM Underpan\N1SCR04-780-FL22.ipt
2026-01-12 12:19:17 |   19. C:\Users\Quintin\Documents\Spectiv\3. Working\22. DMS plant\22. SSCR05 - Primary Sinks D&R Screen Station\722 Underpan\DM Underpan\N1SCR04-780-FL23.ipt
2026-01-12 12:19:17 |   20. C:\Users\Quintin\Documents\Spectiv\3. Working\22. DMS plant\22. SSCR05 - Primary Sinks D&R Screen Station\722 Underpan\DM Underpan\N1SCR04-780-FL24.ipt
2026-01-12 12:19:17 |   21. C:\Users\Quintin\Documents\Spectiv\3. Working\22. DMS plant\22. SSCR05 - Primary Sinks D&R Screen Station\722 Underpan\DM Underpan\N1SCR04-780-FL25.ipt
2026-01-12 12:19:17 |   22. C:\Users\Quintin\Documents\Spectiv\3. Working\22. DMS plant\22. SSCR05 - Primary Sinks D&R Screen Station\722 Underpan\DM Underpan\N1SCR04-780-FL26.ipt
2026-01-12 12:19:17 |   23. C:\Users\Quintin\Documents\Spectiv\3. Working\22. DMS plant\22. SSCR05 - Primary Sinks D&R Screen Station\722 Underpan\DM Underpan\N1SCR04-780-FL27.ipt
2026-01-12 12:19:17 |   24. C:\Users\Quintin\Documents\Spectiv\3. Working\22. DMS plant\22. SSCR05 - Primary Sinks D&R Screen Station\722 Underpan\DM Underpan\N1SCR04-780-FL28.ipt
2026-01-12 12:19:17 |   25. C:\Users\Quintin\Documents\Spectiv\3. Working\22. DMS plant\22. SSCR05 - Primary Sinks D&R Screen Station\722 Underpan\DM Underpan\N1SCR04-780-FL29.ipt
2026-01-12 12:19:17 |   26. C:\Users\Quintin\Documents\Spectiv\3. Working\22. DMS plant\22. SSCR05 - Primary Sinks D&R Screen Station\722 Underpan\DM Underpan\N1SCR04-780-FL3.ipt
2026-01-12 12:19:17 |   27. C:\Users\Quintin\Documents\Spectiv\3. Working\22. DMS plant\22. SSCR05 - Primary Sinks D&R Screen Station\722 Underpan\DM Underpan\N1SCR04-780-FL30.ipt
2026-01-12 12:19:17 |   28. C:\Users\Quintin\Documents\Spectiv\3. Working\22. DMS plant\22. SSCR05 - Primary Sinks D&R Screen Station\722 Underpan\DM Underpan\N1SCR04-780-FL31.ipt
2026-01-12 12:19:17 |   29. C:\Users\Quintin\Documents\Spectiv\3. Working\22. DMS plant\22. SSCR05 - Primary Sinks D&R Screen Station\722 Underpan\DM Underpan\N1SCR04-780-FL32.ipt
2026-01-12 12:19:17 |   30. C:\Users\Quintin\Documents\Spectiv\3. Working\22. DMS plant\22. SSCR05 - Primary Sinks D&R Screen Station\722 Underpan\DM Underpan\N1SCR04-780-FL33.ipt
2026-01-12 12:19:17 |   31. C:\Users\Quintin\Documents\Spectiv\3. Working\22. DMS plant\22. SSCR05 - Primary Sinks D&R Screen Station\722 Underpan\DM Underpan\N1SCR04-780-FL34.ipt
2026-01-12 12:19:17 |   32. C:\Users\Quintin\Documents\Spectiv\3. Working\22. DMS plant\22. SSCR05 - Primary Sinks D&R Screen Station\722 Underpan\DM Underpan\N1SCR04-780-FL35.ipt
2026-01-12 12:19:17 |   33. C:\Users\Quintin\Documents\Spectiv\3. Working\22. DMS plant\22. SSCR05 - Primary Sinks D&R Screen Station\722 Underpan\DM Underpan\N1SCR04-780-FL36.ipt
2026-01-12 12:19:17 |   34. C:\Users\Quintin\Documents\Spectiv\3. Working\22. DMS plant\22. SSCR05 - Primary Sinks D&R Screen Station\722 Underpan\DM Underpan\N1SCR04-780-FL37.ipt
2026-01-12 12:19:17 |   35. C:\Users\Quintin\Documents\Spectiv\3. Working\22. DMS plant\22. SSCR05 - Primary Sinks D&R Screen Station\722 Underpan\DM Underpan\N1SCR04-780-FL38.ipt
2026-01-12 12:19:17 |   36. C:\Users\Quintin\Documents\Spectiv\3. Working\22. DMS plant\22. SSCR05 - Primary Sinks D&R Screen Station\722 Underpan\DM Underpan\N1SCR04-780-FL39.ipt
2026-01-12 12:19:17 |   37. C:\Users\Quintin\Documents\Spectiv\3. Working\22. DMS plant\22. SSCR05 - Primary Sinks D&R Screen Station\722 Underpan\DM Underpan\N1SCR04-780-FL4.ipt
2026-01-12 12:19:17 |   38. C:\Users\Quintin\Documents\Spectiv\3. Working\22. DMS plant\22. SSCR05 - Primary Sinks D&R Screen Station\722 Underpan\DM Underpan\N1SCR04-780-FL40.ipt
2026-01-12 12:19:17 |   39. C:\Users\Quintin\Documents\Spectiv\3. Working\22. DMS plant\22. SSCR05 - Primary Sinks D&R Screen Station\722 Underpan\DM Underpan\N1SCR04-780-FL41.ipt
2026-01-12 12:19:17 |   40. C:\Users\Quintin\Documents\Spectiv\3. Working\22. DMS plant\22. SSCR05 - Primary Sinks D&R Screen Station\722 Underpan\DM Underpan\N1SCR04-780-FL42.ipt
2026-01-12 12:19:17 |   41. C:\Users\Quintin\Documents\Spectiv\3. Working\22. DMS plant\22. SSCR05 - Primary Sinks D&R Screen Station\722 Underpan\DM Underpan\N1SCR04-780-FL43.ipt
2026-01-12 12:19:17 |   42. C:\Users\Quintin\Documents\Spectiv\3. Working\22. DMS plant\22. SSCR05 - Primary Sinks D&R Screen Station\722 Underpan\DM Underpan\N1SCR04-780-FL44.ipt
2026-01-12 12:19:17 |   43. C:\Users\Quintin\Documents\Spectiv\3. Working\22. DMS plant\22. SSCR05 - Primary Sinks D&R Screen Station\722 Underpan\DM Underpan\N1SCR04-780-FL45.ipt
2026-01-12 12:19:17 |   44. C:\Users\Quintin\Documents\Spectiv\3. Working\22. DMS plant\22. SSCR05 - Primary Sinks D&R Screen Station\722 Underpan\DM Underpan\N1SCR04-780-FL46.ipt
2026-01-12 12:19:17 |   45. C:\Users\Quintin\Documents\Spectiv\3. Working\22. DMS plant\22. SSCR05 - Primary Sinks D&R Screen Station\722 Underpan\DM Underpan\N1SCR04-780-FL47.ipt
2026-01-12 12:19:17 |   46. C:\Users\Quintin\Documents\Spectiv\3. Working\22. DMS plant\22. SSCR05 - Primary Sinks D&R Screen Station\722 Underpan\DM Underpan\N1SCR04-780-FL48.ipt
2026-01-12 12:19:17 |   47. C:\Users\Quintin\Documents\Spectiv\3. Working\22. DMS plant\22. SSCR05 - Primary Sinks D&R Screen Station\722 Underpan\DM Underpan\N1SCR04-780-FL49.ipt
2026-01-12 12:19:17 |   48. C:\Users\Quintin\Documents\Spectiv\3. Working\22. DMS plant\22. SSCR05 - Primary Sinks D&R Screen Station\722 Underpan\DM Underpan\N1SCR04-780-FL5.ipt
2026-01-12 12:19:17 |   49. C:\Users\Quintin\Documents\Spectiv\3. Working\22. DMS plant\22. SSCR05 - Primary Sinks D&R Screen Station\722 Underpan\DM Underpan\N1SCR04-780-FL50.ipt
2026-01-12 12:19:17 |   50. C:\Users\Quintin\Documents\Spectiv\3. Working\22. DMS plant\22. SSCR05 - Primary Sinks D&R Screen Station\722 Underpan\DM Underpan\N1SCR04-780-FL51.ipt
2026-01-12 12:19:17 |   51. C:\Users\Quintin\Documents\Spectiv\3. Working\22. DMS plant\22. SSCR05 - Primary Sinks D&R Screen Station\722 Underpan\DM Underpan\N1SCR04-780-FL52.ipt
2026-01-12 12:19:17 |   52. C:\Users\Quintin\Documents\Spectiv\3. Working\22. DMS plant\22. SSCR05 - Primary Sinks D&R Screen Station\722 Underpan\DM Underpan\N1SCR04-780-FL53.ipt
2026-01-12 12:19:17 |   53. C:\Users\Quintin\Documents\Spectiv\3. Working\22. DMS plant\22. SSCR05 - Primary Sinks D&R Screen Station\722 Underpan\DM Underpan\N1SCR04-780-FL54.ipt
2026-01-12 12:19:17 |   54. C:\Users\Quintin\Documents\Spectiv\3. Working\22. DMS plant\22. SSCR05 - Primary Sinks D&R Screen Station\722 Underpan\DM Underpan\N1SCR04-780-FL55.ipt
2026-01-12 12:19:17 |   55. C:\Users\Quintin\Documents\Spectiv\3. Working\22. DMS plant\22. SSCR05 - Primary Sinks D&R Screen Station\722 Underpan\DM Underpan\N1SCR04-780-FL56.ipt
2026-01-12 12:19:17 |   56. C:\Users\Quintin\Documents\Spectiv\3. Working\22. DMS plant\22. SSCR05 - Primary Sinks D&R Screen Station\722 Underpan\DM Underpan\N1SCR04-780-FL57.ipt
2026-01-12 12:19:17 |   57. C:\Users\Quintin\Documents\Spectiv\3. Working\22. DMS plant\22. SSCR05 - Primary Sinks D&R Screen Station\722 Underpan\DM Underpan\N1SCR04-780-FL58.ipt
2026-01-12 12:19:17 |   58. C:\Users\Quintin\Documents\Spectiv\3. Working\22. DMS plant\22. SSCR05 - Primary Sinks D&R Screen Station\722 Underpan\DM Underpan\N1SCR04-780-FL59.ipt
2026-01-12 12:19:17 |   59. C:\Users\Quintin\Documents\Spectiv\3. Working\22. DMS plant\22. SSCR05 - Primary Sinks D&R Screen Station\722 Underpan\DM Underpan\N1SCR04-780-FL6.ipt
2026-01-12 12:19:17 |   60. C:\Users\Quintin\Documents\Spectiv\3. Working\22. DMS plant\22. SSCR05 - Primary Sinks D&R Screen Station\722 Underpan\DM Underpan\N1SCR04-780-FL60.ipt
2026-01-12 12:19:17 |   61. C:\Users\Quintin\Documents\Spectiv\3. Working\22. DMS plant\22. SSCR05 - Primary Sinks D&R Screen Station\722 Underpan\DM Underpan\N1SCR04-780-FL7.ipt
2026-01-12 12:19:17 |   62. C:\Users\Quintin\Documents\Spectiv\3. Working\22. DMS plant\22. SSCR05 - Primary Sinks D&R Screen Station\722 Underpan\DM Underpan\N1SCR04-780-FL8.ipt
2026-01-12 12:19:17 |   63. C:\Users\Quintin\Documents\Spectiv\3. Working\22. DMS plant\22. SSCR05 - Primary Sinks D&R Screen Station\722 Underpan\DM Underpan\N1SCR04-780-FL9.ipt
2026-01-12 12:19:17 |   64. C:\Users\Quintin\Documents\Spectiv\3. Working\22. DMS plant\22. SSCR05 - Primary Sinks D&R Screen Station\722 Underpan\DM Underpan\N1SCR04-780-PL1.ipt
2026-01-12 12:19:17 |   65. C:\Users\Quintin\Documents\Spectiv\3. Working\22. DMS plant\22. SSCR05 - Primary Sinks D&R Screen Station\722 Underpan\DM Underpan\N1SCR04-780-PL10.ipt
2026-01-12 12:19:17 |   66. C:\Users\Quintin\Documents\Spectiv\3. Working\22. DMS plant\22. SSCR05 - Primary Sinks D&R Screen Station\722 Underpan\DM Underpan\N1SCR04-780-PL11.ipt
2026-01-12 12:19:17 |   67. C:\Users\Quintin\Documents\Spectiv\3. Working\22. DMS plant\22. SSCR05 - Primary Sinks D&R Screen Station\722 Underpan\DM Underpan\N1SCR04-780-PL12.ipt
2026-01-12 12:19:17 |   68. C:\Users\Quintin\Documents\Spectiv\3. Working\22. DMS plant\22. SSCR05 - Primary Sinks D&R Screen Station\722 Underpan\DM Underpan\N1SCR04-780-PL13.ipt
2026-01-12 12:19:17 |   69. C:\Users\Quintin\Documents\Spectiv\3. Working\22. DMS plant\22. SSCR05 - Primary Sinks D&R Screen Station\722 Underpan\DM Underpan\N1SCR04-780-PL14.ipt
2026-01-12 12:19:17 |   70. C:\Users\Quintin\Documents\Spectiv\3. Working\22. DMS plant\22. SSCR05 - Primary Sinks D&R Screen Station\722 Underpan\DM Underpan\N1SCR04-780-PL15.ipt
2026-01-12 12:19:17 |   71. C:\Users\Quintin\Documents\Spectiv\3. Working\22. DMS plant\22. SSCR05 - Primary Sinks D&R Screen Station\722 Underpan\DM Underpan\N1SCR04-780-PL16.ipt
2026-01-12 12:19:17 |   72. C:\Users\Quintin\Documents\Spectiv\3. Working\22. DMS plant\22. SSCR05 - Primary Sinks D&R Screen Station\722 Underpan\DM Underpan\N1SCR04-780-PL17.ipt
2026-01-12 12:19:17 |   73. C:\Users\Quintin\Documents\Spectiv\3. Working\22. DMS plant\22. SSCR05 - Primary Sinks D&R Screen Station\722 Underpan\DM Underpan\N1SCR04-780-PL2.ipt
2026-01-12 12:19:17 |   74. C:\Users\Quintin\Documents\Spectiv\3. Working\22. DMS plant\22. SSCR05 - Primary Sinks D&R Screen Station\722 Underpan\DM Underpan\N1SCR04-780-PL3.ipt
2026-01-12 12:19:17 |   75. C:\Users\Quintin\Documents\Spectiv\3. Working\22. DMS plant\22. SSCR05 - Primary Sinks D&R Screen Station\722 Underpan\DM Underpan\N1SCR04-780-PL4.ipt
2026-01-12 12:19:17 |   76. C:\Users\Quintin\Documents\Spectiv\3. Working\22. DMS plant\22. SSCR05 - Primary Sinks D&R Screen Station\722 Underpan\DM Underpan\N1SCR04-780-PL5.ipt
2026-01-12 12:19:17 |   77. C:\Users\Quintin\Documents\Spectiv\3. Working\22. DMS plant\22. SSCR05 - Primary Sinks D&R Screen Station\722 Underpan\DM Underpan\N1SCR04-780-PL6.ipt
2026-01-12 12:19:17 |   78. C:\Users\Quintin\Documents\Spectiv\3. Working\22. DMS plant\22. SSCR05 - Primary Sinks D&R Screen Station\722 Underpan\DM Underpan\N1SCR04-780-PL7.ipt
2026-01-12 12:19:17 |   79. C:\Users\Quintin\Documents\Spectiv\3. Working\22. DMS plant\22. SSCR05 - Primary Sinks D&R Screen Station\722 Underpan\DM Underpan\N1SCR04-780-PL8.ipt
2026-01-12 12:19:17 |   80. C:\Users\Quintin\Documents\Spectiv\3. Working\22. DMS plant\22. SSCR05 - Primary Sinks D&R Screen Station\722 Underpan\DM Underpan\N1SCR04-780-PL9.ipt
2026-01-12 12:19:17 | 
2026-01-12 12:19:17 | STEP 2: Scanning folder for all IPT files
2026-01-12 12:19:17 | FOLDER: C:\Users\Quintin\Documents\Spectiv\3. Working\22. DMS plant\22. SSCR05 - Primary Sinks D&R Screen Station\722 Underpan\DM Underpan
2026-01-12 12:19:17 | SKIP: Development file - DM Underpan Development for plates.ipt
2026-01-12 12:19:17 | IPT: Found Lug DM-UP.ipt
2026-01-12 12:19:17 | IPT: Found N1SCR04-780-A1.ipt
2026-01-12 12:19:17 | IPT: Found N1SCR04-780-A2.ipt
2026-01-12 12:19:17 | IPT: Found N1SCR04-780-A3.ipt
2026-01-12 12:19:17 | IPT: Found N1SCR04-780-FL1.ipt
2026-01-12 12:19:17 | IPT: Found N1SCR04-780-FL10.ipt
2026-01-12 12:19:17 | IPT: Found N1SCR04-780-FL11.ipt
2026-01-12 12:19:17 | IPT: Found N1SCR04-780-FL12.ipt
2026-01-12 12:19:17 | IPT: Found N1SCR04-780-FL13.ipt
2026-01-12 12:19:17 | IPT: Found N1SCR04-780-FL14.ipt
2026-01-12 12:19:17 | IPT: Found N1SCR04-780-FL15.ipt
2026-01-12 12:19:17 | IPT: Found N1SCR04-780-FL16.ipt
2026-01-12 12:19:17 | IPT: Found N1SCR04-780-FL17.ipt
2026-01-12 12:19:17 | IPT: Found N1SCR04-780-FL18.ipt
2026-01-12 12:19:17 | IPT: Found N1SCR04-780-FL19.ipt
2026-01-12 12:19:17 | IPT: Found N1SCR04-780-FL2.ipt
2026-01-12 12:19:17 | IPT: Found N1SCR04-780-FL20.ipt
2026-01-12 12:19:17 | IPT: Found N1SCR04-780-FL21.ipt
2026-01-12 12:19:17 | IPT: Found N1SCR04-780-FL22.ipt
2026-01-12 12:19:17 | IPT: Found N1SCR04-780-FL23.ipt
2026-01-12 12:19:17 | IPT: Found N1SCR04-780-FL24.ipt
2026-01-12 12:19:17 | IPT: Found N1SCR04-780-FL25.ipt
2026-01-12 12:19:17 | IPT: Found N1SCR04-780-FL26.ipt
2026-01-12 12:19:17 | IPT: Found N1SCR04-780-FL27.ipt
2026-01-12 12:19:17 | IPT: Found N1SCR04-780-FL28.ipt
2026-01-12 12:19:17 | IPT: Found N1SCR04-780-FL29.ipt
2026-01-12 12:19:17 | IPT: Found N1SCR04-780-FL3.ipt
2026-01-12 12:19:17 | IPT: Found N1SCR04-780-FL30.ipt
2026-01-12 12:19:17 | IPT: Found N1SCR04-780-FL31.ipt
2026-01-12 12:19:17 | IPT: Found N1SCR04-780-FL32.ipt
2026-01-12 12:19:17 | IPT: Found N1SCR04-780-FL33.ipt
2026-01-12 12:19:17 | IPT: Found N1SCR04-780-FL34.ipt
2026-01-12 12:19:17 | IPT: Found N1SCR04-780-FL35.ipt
2026-01-12 12:19:17 | IPT: Found N1SCR04-780-FL36.ipt
2026-01-12 12:19:17 | IPT: Found N1SCR04-780-FL37.ipt
2026-01-12 12:19:17 | IPT: Found N1SCR04-780-FL38.ipt
2026-01-12 12:19:17 | IPT: Found N1SCR04-780-FL39.ipt
2026-01-12 12:19:17 | IPT: Found N1SCR04-780-FL4.ipt
2026-01-12 12:19:17 | IPT: Found N1SCR04-780-FL40.ipt
2026-01-12 12:19:17 | IPT: Found N1SCR04-780-FL41.ipt
2026-01-12 12:19:17 | IPT: Found N1SCR04-780-FL42.ipt
2026-01-12 12:19:17 | IPT: Found N1SCR04-780-FL43.ipt
2026-01-12 12:19:17 | IPT: Found N1SCR04-780-FL44.ipt
2026-01-12 12:19:17 | IPT: Found N1SCR04-780-FL45.ipt
2026-01-12 12:19:17 | IPT: Found N1SCR04-780-FL46.ipt
2026-01-12 12:19:17 | IPT: Found N1SCR04-780-FL47.ipt
2026-01-12 12:19:17 | IPT: Found N1SCR04-780-FL48.ipt
2026-01-12 12:19:17 | IPT: Found N1SCR04-780-FL49.ipt
2026-01-12 12:19:17 | IPT: Found N1SCR04-780-FL5.ipt
2026-01-12 12:19:17 | IPT: Found N1SCR04-780-FL50.ipt
2026-01-12 12:19:17 | IPT: Found N1SCR04-780-FL51.ipt
2026-01-12 12:19:17 | IPT: Found N1SCR04-780-FL52.ipt
2026-01-12 12:19:17 | IPT: Found N1SCR04-780-FL53.ipt
2026-01-12 12:19:17 | IPT: Found N1SCR04-780-FL54.ipt
2026-01-12 12:19:17 | IPT: Found N1SCR04-780-FL55.ipt
2026-01-12 12:19:17 | IPT: Found N1SCR04-780-FL56.ipt
2026-01-12 12:19:17 | IPT: Found N1SCR04-780-FL57.ipt
2026-01-12 12:19:17 | IPT: Found N1SCR04-780-FL58.ipt
2026-01-12 12:19:17 | IPT: Found N1SCR04-780-FL59.ipt
2026-01-12 12:19:17 | IPT: Found N1SCR04-780-FL6.ipt
2026-01-12 12:19:17 | IPT: Found N1SCR04-780-FL60.ipt
2026-01-12 12:19:17 | IPT: Found N1SCR04-780-FL7.ipt
2026-01-12 12:19:17 | IPT: Found N1SCR04-780-FL8.ipt
2026-01-12 12:19:17 | IPT: Found N1SCR04-780-FL9.ipt
2026-01-12 12:19:17 | IPT: Found N1SCR04-780-PL1.ipt
2026-01-12 12:19:17 | IPT: Found N1SCR04-780-PL10.ipt
2026-01-12 12:19:17 | IPT: Found N1SCR04-780-PL11.ipt
2026-01-12 12:19:17 | IPT: Found N1SCR04-780-PL12.ipt
2026-01-12 12:19:17 | IPT: Found N1SCR04-780-PL13.ipt
2026-01-12 12:19:17 | IPT: Found N1SCR04-780-PL14.ipt
2026-01-12 12:19:17 | IPT: Found N1SCR04-780-PL15.ipt
2026-01-12 12:19:17 | IPT: Found N1SCR04-780-PL16.ipt
2026-01-12 12:19:17 | IPT: Found N1SCR04-780-PL17.ipt
2026-01-12 12:19:17 | IPT: Found N1SCR04-780-PL2.ipt
2026-01-12 12:19:17 | IPT: Found N1SCR04-780-PL3.ipt
2026-01-12 12:19:17 | IPT: Found N1SCR04-780-PL4.ipt
2026-01-12 12:19:17 | IPT: Found N1SCR04-780-PL5.ipt
2026-01-12 12:19:17 | IPT: Found N1SCR04-780-PL6.ipt
2026-01-12 12:19:17 | IPT: Found N1SCR04-780-PL7.ipt
2026-01-12 12:19:17 | IPT: Found N1SCR04-780-PL8.ipt
2026-01-12 12:19:17 | IPT: Found N1SCR04-780-PL9.ipt
2026-01-12 12:19:17 | IPT: Found NSCR05-780-A1.ipt
2026-01-12 12:19:17 | IPT: Found NSCR05-780-A2.ipt
2026-01-12 12:19:17 | IPT: Found NSCR05-780-A3.ipt
2026-01-12 12:19:17 | IPT: Found NSCR05-780-A4.ipt
2026-01-12 12:19:17 | IPT: Found NSCR05-780-FL1.ipt
2026-01-12 12:19:17 | IPT: Found NSCR05-780-FL10.ipt
2026-01-12 12:19:17 | IPT: Found NSCR05-780-FL11.ipt
2026-01-12 12:19:17 | IPT: Found NSCR05-780-FL12.ipt
2026-01-12 12:19:17 | IPT: Found NSCR05-780-FL13.ipt
2026-01-12 12:19:17 | IPT: Found NSCR05-780-FL14.ipt
2026-01-12 12:19:17 | IPT: Found NSCR05-780-FL15.ipt
2026-01-12 12:19:17 | IPT: Found NSCR05-780-FL16.ipt
2026-01-12 12:19:17 | IPT: Found NSCR05-780-FL17.ipt
2026-01-12 12:19:17 | IPT: Found NSCR05-780-FL18.ipt
2026-01-12 12:19:17 | IPT: Found NSCR05-780-FL19.ipt
2026-01-12 12:19:17 | IPT: Found NSCR05-780-FL2.ipt
2026-01-12 12:19:17 | IPT: Found NSCR05-780-FL20.ipt
2026-01-12 12:19:17 | IPT: Found NSCR05-780-FL21.ipt
2026-01-12 12:19:17 | IPT: Found NSCR05-780-FL22.ipt
2026-01-12 12:19:17 | IPT: Found NSCR05-780-FL23.ipt
2026-01-12 12:19:17 | IPT: Found NSCR05-780-FL24.ipt
2026-01-12 12:19:17 | IPT: Found NSCR05-780-FL25.ipt
2026-01-12 12:19:17 | IPT: Found NSCR05-780-FL26.ipt
2026-01-12 12:19:17 | IPT: Found NSCR05-780-FL27.ipt
2026-01-12 12:19:17 | IPT: Found NSCR05-780-FL28.ipt
2026-01-12 12:19:17 | IPT: Found NSCR05-780-FL29.ipt
2026-01-12 12:19:17 | IPT: Found NSCR05-780-FL3.ipt
2026-01-12 12:19:17 | IPT: Found NSCR05-780-FL30.ipt
2026-01-12 12:19:17 | IPT: Found NSCR05-780-FL31.ipt
2026-01-12 12:19:17 | IPT: Found NSCR05-780-FL32.ipt
2026-01-12 12:19:17 | IPT: Found NSCR05-780-FL33.ipt
2026-01-12 12:19:17 | IPT: Found NSCR05-780-FL34.ipt
2026-01-12 12:19:17 | IPT: Found NSCR05-780-FL35.ipt
2026-01-12 12:19:17 | IPT: Found NSCR05-780-FL36.ipt
2026-01-12 12:19:17 | IPT: Found NSCR05-780-FL37.ipt
2026-01-12 12:19:17 | IPT: Found NSCR05-780-FL38.ipt
2026-01-12 12:19:17 | IPT: Found NSCR05-780-FL39.ipt
2026-01-12 12:19:17 | IPT: Found NSCR05-780-FL4.ipt
2026-01-12 12:19:17 | IPT: Found NSCR05-780-FL40.ipt
2026-01-12 12:19:17 | IPT: Found NSCR05-780-FL41.ipt
2026-01-12 12:19:17 | IPT: Found NSCR05-780-FL42.ipt
2026-01-12 12:19:17 | IPT: Found NSCR05-780-FL43.ipt
2026-01-12 12:19:17 | IPT: Found NSCR05-780-FL44.ipt
2026-01-12 12:19:17 | IPT: Found NSCR05-780-FL45.ipt
2026-01-12 12:19:17 | IPT: Found NSCR05-780-FL46.ipt
2026-01-12 12:19:17 | IPT: Found NSCR05-780-FL47.ipt
2026-01-12 12:19:17 | IPT: Found NSCR05-780-FL48.ipt
2026-01-12 12:19:17 | IPT: Found NSCR05-780-FL49.ipt
2026-01-12 12:19:17 | IPT: Found NSCR05-780-FL5.ipt
2026-01-12 12:19:17 | IPT: Found NSCR05-780-FL50.ipt
2026-01-12 12:19:17 | IPT: Found NSCR05-780-FL51.ipt
2026-01-12 12:19:17 | IPT: Found NSCR05-780-FL52.ipt
2026-01-12 12:19:17 | IPT: Found NSCR05-780-FL53.ipt
2026-01-12 12:19:17 | IPT: Found NSCR05-780-FL54.ipt
2026-01-12 12:19:17 | IPT: Found NSCR05-780-FL55.ipt
2026-01-12 12:19:17 | IPT: Found NSCR05-780-FL56.ipt
2026-01-12 12:19:17 | IPT: Found NSCR05-780-FL57.ipt
2026-01-12 12:19:17 | IPT: Found NSCR05-780-FL58.ipt
2026-01-12 12:19:17 | IPT: Found NSCR05-780-FL59.ipt
2026-01-12 12:19:17 | IPT: Found NSCR05-780-FL6.ipt
2026-01-12 12:19:17 | IPT: Found NSCR05-780-FL7.ipt
2026-01-12 12:19:17 | IPT: Found NSCR05-780-FL8.ipt
2026-01-12 12:19:17 | IPT: Found NSCR05-780-FL9.ipt
2026-01-12 12:19:17 | IPT: Found NSCR05-780-PL1.ipt
2026-01-12 12:19:17 | IPT: Found NSCR05-780-PL10.ipt
2026-01-12 12:19:17 | IPT: Found NSCR05-780-PL11.ipt
2026-01-12 12:19:17 | IPT: Found NSCR05-780-PL12.ipt
2026-01-12 12:19:17 | IPT: Found NSCR05-780-PL13.ipt
2026-01-12 12:19:17 | IPT: Found NSCR05-780-PL14.ipt
2026-01-12 12:19:17 | IPT: Found NSCR05-780-PL15.ipt
2026-01-12 12:19:17 | IPT: Found NSCR05-780-PL16.ipt
2026-01-12 12:19:17 | IPT: Found NSCR05-780-PL17.ipt
2026-01-12 12:19:17 | IPT: Found NSCR05-780-PL2.ipt
2026-01-12 12:19:17 | IPT: Found NSCR05-780-PL3.ipt
2026-01-12 12:19:17 | IPT: Found NSCR05-780-PL4.ipt
2026-01-12 12:19:17 | IPT: Found NSCR05-780-PL5.ipt
2026-01-12 12:19:17 | IPT: Found NSCR05-780-PL6.ipt
2026-01-12 12:19:17 | IPT: Found NSCR05-780-PL7.ipt
2026-01-12 12:19:17 | IPT: Found NSCR05-780-PL8.ipt
2026-01-12 12:19:17 | IPT: Found NSCR05-780-PL9.ipt
2026-01-12 12:19:17 | IPT: Found Part1 DM-UP.ipt
2026-01-12 12:19:17 | IPT: Found Part10 DM-UP.ipt
2026-01-12 12:19:17 | IPT: Found Part11 Angle DM-UP.ipt
2026-01-12 12:19:17 | IPT: Found Part12 Angle DM-UP.ipt
2026-01-12 12:19:17 | IPT: Found Part13 (Part12 Angle MIR) DM-UP.ipt
2026-01-12 12:19:17 | IPT: Found Part14 Angle DM-UP.ipt
2026-01-12 12:19:17 | IPT: Found Part15 DM-UP.ipt
2026-01-12 12:19:17 | IPT: Found Part16 Corner Gusset DM-UP.ipt
2026-01-12 12:19:17 | IPT: Found Part17 DM-UP.ipt
2026-01-12 12:19:17 | IPT: Found Part18 Corner Gusset DM-UP.ipt
2026-01-12 12:19:17 | IPT: Found Part19 Stiffener DM-UP.ipt
2026-01-12 12:19:17 | IPT: Found Part2 DM-UP.ipt
2026-01-12 12:19:17 | IPT: Found Part20 Stiffener DM-UP.ipt
2026-01-12 12:19:17 | IPT: Found Part21 Stiffener DM-UP.ipt
2026-01-12 12:19:17 | IPT: Found Part22 Stiffener DM-UP.ipt
2026-01-12 12:19:17 | IPT: Found Part23 Stiffener DM-UP.ipt
2026-01-12 12:19:17 | IPT: Found Part24 Stiffener DM-UP.ipt
2026-01-12 12:19:17 | IPT: Found Part25 Stiffener DM-UP.ipt
2026-01-12 12:19:17 | IPT: Found Part26 Stiffener DM-UP.ipt
2026-01-12 12:19:17 | IPT: Found Part27 Stiffener DM-UP.ipt
2026-01-12 12:19:17 | IPT: Found Part28 Stiffener DM-UP.ipt
2026-01-12 12:19:17 | IPT: Found Part29 Stiffener DM-UP.ipt
2026-01-12 12:19:17 | IPT: Found Part3 DM-UP.ipt
2026-01-12 12:19:17 | IPT: Found Part30 Stiffener DM-UP.ipt
2026-01-12 12:19:17 | IPT: Found Part31 Stiffener DM-UP.ipt
2026-01-12 12:19:17 | IPT: Found Part32 Stiffener DM-UP.ipt
2026-01-12 12:19:17 | IPT: Found Part33 Stiffener DM-UP.ipt
2026-01-12 12:19:17 | IPT: Found Part34 Stiffener DM-UP.ipt
2026-01-12 12:19:17 | IPT: Found Part35 Stiffener DM-UP.ipt
2026-01-12 12:19:17 | IPT: Found Part36 Stiffener DM-UP.ipt
2026-01-12 12:19:17 | IPT: Found Part37 Stiffener DM-UP.ipt
2026-01-12 12:19:17 | IPT: Found Part38 Stiffener DM-UP.ipt
2026-01-12 12:19:17 | IPT: Found Part39 Stiffener DM-UP.ipt
2026-01-12 12:19:17 | IPT: Found Part4 DM-UP.ipt
2026-01-12 12:19:17 | IPT: Found Part40 Stiffener DM-UP.ipt
2026-01-12 12:19:17 | IPT: Found Part41 Stiffener DM-UP.ipt
2026-01-12 12:19:17 | IPT: Found Part42 Stiffener DM-UP.ipt
2026-01-12 12:19:17 | IPT: Found Part43 Stiffener DM-UP.ipt
2026-01-12 12:19:17 | IPT: Found Part44 Stiffener DM-UP.ipt
2026-01-12 12:19:17 | IPT: Found Part45 Stiffener DM-UP.ipt
2026-01-12 12:19:17 | IPT: Found Part46 Stiffener DM-UP.ipt
2026-01-12 12:19:17 | IPT: Found Part47 Stiffener DM-UP.ipt
2026-01-12 12:19:17 | IPT: Found Part48 Stiffener DM-UP.ipt
2026-01-12 12:19:17 | IPT: Found Part49 Stiffener DM-UP.ipt
2026-01-12 12:19:17 | IPT: Found Part5 DM-UP.ipt
2026-01-12 12:19:17 | IPT: Found Part50 Stiffener DM-UP.ipt
2026-01-12 12:19:17 | IPT: Found Part51 Stiffener DM-UP.ipt
2026-01-12 12:19:17 | IPT: Found Part52 Stiffener DM-UP.ipt
2026-01-12 12:19:17 | IPT: Found Part53 Stiffener DM-UP.ipt
2026-01-12 12:19:17 | IPT: Found Part54 Stiffener DM-UP.ipt
2026-01-12 12:19:17 | IPT: Found Part55 Stiffener DM-UP.ipt
2026-01-12 12:19:17 | IPT: Found Part56 End Plate DM-UP.ipt
2026-01-12 12:19:18 | IPT: Found Part57 Corner Gusset DM-UP.ipt
2026-01-12 12:19:18 | IPT: Found Part58 Stiffener DM-UP.ipt
2026-01-12 12:19:18 | IPT: Found Part59 Stiffener DM-UP.ipt
2026-01-12 12:19:18 | IPT: Found Part6 DM-UP.ipt
2026-01-12 12:19:18 | IPT: Found Part60 Stiffener DM-UP.ipt
2026-01-12 12:19:18 | IPT: Found Part61 Stiffener DM-UP.ipt
2026-01-12 12:19:18 | IPT: Found Part62 Stiffener DM-UP.ipt
2026-01-12 12:19:18 | IPT: Found Part63 Stiffener DM-UP.ipt
2026-01-12 12:19:18 | IPT: Found Part64 Stiffener DM-UP.ipt
2026-01-12 12:19:18 | IPT: Found Part65 Stiffener DM-UP.ipt
2026-01-12 12:19:18 | IPT: Found Part66 Stiffener DM-UP.ipt
2026-01-12 12:19:18 | IPT: Found Part67 Stiffener DM-UP.ipt
2026-01-12 12:19:18 | IPT: Found Part68 Stiffener DM-UP.ipt
2026-01-12 12:19:18 | IPT: Found Part69 Stiffener DM-UP.ipt
2026-01-12 12:19:18 | IPT: Found Part7 DM-UP.ipt
2026-01-12 12:19:18 | IPT: Found Part70 Stiffener DM-UP.ipt
2026-01-12 12:19:18 | IPT: Found Part71 Stiffener DM-UP.ipt
2026-01-12 12:19:18 | IPT: Found Part72 Stiffener DM-UP.ipt
2026-01-12 12:19:18 | IPT: Found Part73 Stiffener DM-UP.ipt
2026-01-12 12:19:18 | IPT: Found Part74 Stiffener DM-UP.ipt
2026-01-12 12:19:18 | IPT: Found Part75 Stiffener DM-UP.ipt
2026-01-12 12:19:18 | IPT: Found Part76 Stiffener DM-UP.ipt
2026-01-12 12:19:18 | IPT: Found Part77 Stiffener DM-UP.ipt
2026-01-12 12:19:18 | IPT: Found Part78 Stiffener DM-UP.ipt
2026-01-12 12:19:18 | IPT: Found Part79 Stiffener DM-UP.ipt
2026-01-12 12:19:18 | IPT: Found Part8 DM-UP.ipt
2026-01-12 12:19:18 | IPT: Found Part80 Stiffener DM-UP.ipt
2026-01-12 12:19:18 | IPT: Found Part81 Stiffener DM-UP.ipt
2026-01-12 12:19:18 | IPT: Found Part82 Stiffener DM-UP.ipt
2026-01-12 12:19:18 | IPT: Found Part83 Stiffener DM-UP.ipt
2026-01-12 12:19:18 | IPT: Found Part84 Stiffener DM-UP.ipt
2026-01-12 12:19:18 | IPT: Found Part85 Stiffener DM-UP.ipt
2026-01-12 12:19:18 | IPT: Found Part86 Stiffener DM-UP.ipt
2026-01-12 12:19:18 | IPT: Found Part87 Stiffener DM-UP.ipt
2026-01-12 12:19:18 | IPT: Found Part88 Stiffener DM-UP.ipt
2026-01-12 12:19:18 | IPT: Found Part89 Stiffener DM-UP.ipt
2026-01-12 12:19:18 | IPT: Found Part9 DM-UP.ipt
2026-01-12 12:19:18 | IPT: Found Part90 Stiffener DM-UP.ipt
2026-01-12 12:19:18 | IPT: Found Part91 Stiffener DM-UP.ipt
2026-01-12 12:19:18 | FOUND: 252 IPT files in folder
2026-01-12 12:19:18 | STEP 3: Identifying unreferenced IPT files
2026-01-12 12:19:18 | UNREFERENCED: Lug DM-UP.ipt
2026-01-12 12:19:18 | REFERENCED:   N1SCR04-780-A1.ipt
2026-01-12 12:19:18 | REFERENCED:   N1SCR04-780-A2.ipt
2026-01-12 12:19:18 | REFERENCED:   N1SCR04-780-A3.ipt
2026-01-12 12:19:18 | REFERENCED:   N1SCR04-780-FL1.ipt
2026-01-12 12:19:18 | REFERENCED:   N1SCR04-780-FL10.ipt
2026-01-12 12:19:18 | REFERENCED:   N1SCR04-780-FL11.ipt
2026-01-12 12:19:18 | REFERENCED:   N1SCR04-780-FL12.ipt
2026-01-12 12:19:18 | REFERENCED:   N1SCR04-780-FL13.ipt
2026-01-12 12:19:18 | REFERENCED:   N1SCR04-780-FL14.ipt
2026-01-12 12:19:18 | REFERENCED:   N1SCR04-780-FL15.ipt
2026-01-12 12:19:18 | REFERENCED:   N1SCR04-780-FL16.ipt
2026-01-12 12:19:18 | REFERENCED:   N1SCR04-780-FL17.ipt
2026-01-12 12:19:18 | REFERENCED:   N1SCR04-780-FL18.ipt
2026-01-12 12:19:18 | REFERENCED:   N1SCR04-780-FL19.ipt
2026-01-12 12:19:18 | REFERENCED:   N1SCR04-780-FL2.ipt
2026-01-12 12:19:18 | REFERENCED:   N1SCR04-780-FL20.ipt
2026-01-12 12:19:18 | REFERENCED:   N1SCR04-780-FL21.ipt
2026-01-12 12:19:18 | REFERENCED:   N1SCR04-780-FL22.ipt
2026-01-12 12:19:18 | REFERENCED:   N1SCR04-780-FL23.ipt
2026-01-12 12:19:18 | REFERENCED:   N1SCR04-780-FL24.ipt
2026-01-12 12:19:18 | REFERENCED:   N1SCR04-780-FL25.ipt
2026-01-12 12:19:18 | REFERENCED:   N1SCR04-780-FL26.ipt
2026-01-12 12:19:18 | REFERENCED:   N1SCR04-780-FL27.ipt
2026-01-12 12:19:18 | REFERENCED:   N1SCR04-780-FL28.ipt
2026-01-12 12:19:18 | REFERENCED:   N1SCR04-780-FL29.ipt
2026-01-12 12:19:18 | REFERENCED:   N1SCR04-780-FL3.ipt
2026-01-12 12:19:18 | REFERENCED:   N1SCR04-780-FL30.ipt
2026-01-12 12:19:18 | REFERENCED:   N1SCR04-780-FL31.ipt
2026-01-12 12:19:18 | REFERENCED:   N1SCR04-780-FL32.ipt
2026-01-12 12:19:18 | REFERENCED:   N1SCR04-780-FL33.ipt
2026-01-12 12:19:18 | REFERENCED:   N1SCR04-780-FL34.ipt
2026-01-12 12:19:18 | REFERENCED:   N1SCR04-780-FL35.ipt
2026-01-12 12:19:18 | REFERENCED:   N1SCR04-780-FL36.ipt
2026-01-12 12:19:18 | REFERENCED:   N1SCR04-780-FL37.ipt
2026-01-12 12:19:18 | REFERENCED:   N1SCR04-780-FL38.ipt
2026-01-12 12:19:18 | REFERENCED:   N1SCR04-780-FL39.ipt
2026-01-12 12:19:18 | REFERENCED:   N1SCR04-780-FL4.ipt
2026-01-12 12:19:18 | REFERENCED:   N1SCR04-780-FL40.ipt
2026-01-12 12:19:18 | REFERENCED:   N1SCR04-780-FL41.ipt
2026-01-12 12:19:18 | REFERENCED:   N1SCR04-780-FL42.ipt
2026-01-12 12:19:18 | REFERENCED:   N1SCR04-780-FL43.ipt
2026-01-12 12:19:18 | REFERENCED:   N1SCR04-780-FL44.ipt
2026-01-12 12:19:18 | REFERENCED:   N1SCR04-780-FL45.ipt
2026-01-12 12:19:18 | REFERENCED:   N1SCR04-780-FL46.ipt
2026-01-12 12:19:18 | REFERENCED:   N1SCR04-780-FL47.ipt
2026-01-12 12:19:18 | REFERENCED:   N1SCR04-780-FL48.ipt
2026-01-12 12:19:18 | REFERENCED:   N1SCR04-780-FL49.ipt
2026-01-12 12:19:18 | REFERENCED:   N1SCR04-780-FL5.ipt
2026-01-12 12:19:18 | REFERENCED:   N1SCR04-780-FL50.ipt
2026-01-12 12:19:18 | REFERENCED:   N1SCR04-780-FL51.ipt
2026-01-12 12:19:18 | REFERENCED:   N1SCR04-780-FL52.ipt
2026-01-12 12:19:18 | REFERENCED:   N1SCR04-780-FL53.ipt
2026-01-12 12:19:18 | REFERENCED:   N1SCR04-780-FL54.ipt
2026-01-12 12:19:18 | REFERENCED:   N1SCR04-780-FL55.ipt
2026-01-12 12:19:18 | REFERENCED:   N1SCR04-780-FL56.ipt
2026-01-12 12:19:18 | REFERENCED:   N1SCR04-780-FL57.ipt
2026-01-12 12:19:18 | REFERENCED:   N1SCR04-780-FL58.ipt
2026-01-12 12:19:18 | REFERENCED:   N1SCR04-780-FL59.ipt
2026-01-12 12:19:18 | REFERENCED:   N1SCR04-780-FL6.ipt
2026-01-12 12:19:18 | REFERENCED:   N1SCR04-780-FL60.ipt
2026-01-12 12:19:18 | REFERENCED:   N1SCR04-780-FL7.ipt
2026-01-12 12:19:18 | REFERENCED:   N1SCR04-780-FL8.ipt
2026-01-12 12:19:18 | REFERENCED:   N1SCR04-780-FL9.ipt
2026-01-12 12:19:18 | REFERENCED:   N1SCR04-780-PL1.ipt
2026-01-12 12:19:18 | REFERENCED:   N1SCR04-780-PL10.ipt
2026-01-12 12:19:18 | REFERENCED:   N1SCR04-780-PL11.ipt
2026-01-12 12:19:18 | REFERENCED:   N1SCR04-780-PL12.ipt
2026-01-12 12:19:18 | REFERENCED:   N1SCR04-780-PL13.ipt
2026-01-12 12:19:18 | REFERENCED:   N1SCR04-780-PL14.ipt
2026-01-12 12:19:18 | REFERENCED:   N1SCR04-780-PL15.ipt
2026-01-12 12:19:18 | REFERENCED:   N1SCR04-780-PL16.ipt
2026-01-12 12:19:18 | REFERENCED:   N1SCR04-780-PL17.ipt
2026-01-12 12:19:18 | REFERENCED:   N1SCR04-780-PL2.ipt
2026-01-12 12:19:18 | REFERENCED:   N1SCR04-780-PL3.ipt
2026-01-12 12:19:18 | REFERENCED:   N1SCR04-780-PL4.ipt
2026-01-12 12:19:18 | REFERENCED:   N1SCR04-780-PL5.ipt
2026-01-12 12:19:18 | REFERENCED:   N1SCR04-780-PL6.ipt
2026-01-12 12:19:18 | REFERENCED:   N1SCR04-780-PL7.ipt
2026-01-12 12:19:18 | REFERENCED:   N1SCR04-780-PL8.ipt
2026-01-12 12:19:18 | REFERENCED:   N1SCR04-780-PL9.ipt
2026-01-12 12:19:18 | UNREFERENCED: NSCR05-780-A1.ipt
2026-01-12 12:19:18 | UNREFERENCED: NSCR05-780-A2.ipt
2026-01-12 12:19:18 | UNREFERENCED: NSCR05-780-A3.ipt
2026-01-12 12:19:18 | UNREFERENCED: NSCR05-780-A4.ipt
2026-01-12 12:19:18 | UNREFERENCED: NSCR05-780-FL1.ipt
2026-01-12 12:19:18 | UNREFERENCED: NSCR05-780-FL10.ipt
2026-01-12 12:19:18 | UNREFERENCED: NSCR05-780-FL11.ipt
2026-01-12 12:19:18 | UNREFERENCED: NSCR05-780-FL12.ipt
2026-01-12 12:19:18 | UNREFERENCED: NSCR05-780-FL13.ipt
2026-01-12 12:19:18 | UNREFERENCED: NSCR05-780-FL14.ipt
2026-01-12 12:19:18 | UNREFERENCED: NSCR05-780-FL15.ipt
2026-01-12 12:19:18 | UNREFERENCED: NSCR05-780-FL16.ipt
2026-01-12 12:19:18 | UNREFERENCED: NSCR05-780-FL17.ipt
2026-01-12 12:19:18 | UNREFERENCED: NSCR05-780-FL18.ipt
2026-01-12 12:19:18 | UNREFERENCED: NSCR05-780-FL19.ipt
2026-01-12 12:19:18 | UNREFERENCED: NSCR05-780-FL2.ipt
2026-01-12 12:19:18 | UNREFERENCED: NSCR05-780-FL20.ipt
2026-01-12 12:19:18 | UNREFERENCED: NSCR05-780-FL21.ipt
2026-01-12 12:19:18 | UNREFERENCED: NSCR05-780-FL22.ipt
2026-01-12 12:19:18 | UNREFERENCED: NSCR05-780-FL23.ipt
2026-01-12 12:19:18 | UNREFERENCED: NSCR05-780-FL24.ipt
2026-01-12 12:19:18 | UNREFERENCED: NSCR05-780-FL25.ipt
2026-01-12 12:19:18 | UNREFERENCED: NSCR05-780-FL26.ipt
2026-01-12 12:19:18 | UNREFERENCED: NSCR05-780-FL27.ipt
2026-01-12 12:19:18 | UNREFERENCED: NSCR05-780-FL28.ipt
2026-01-12 12:19:18 | UNREFERENCED: NSCR05-780-FL29.ipt
2026-01-12 12:19:18 | UNREFERENCED: NSCR05-780-FL3.ipt
2026-01-12 12:19:18 | UNREFERENCED: NSCR05-780-FL30.ipt
2026-01-12 12:19:18 | UNREFERENCED: NSCR05-780-FL31.ipt
2026-01-12 12:19:18 | UNREFERENCED: NSCR05-780-FL32.ipt
2026-01-12 12:19:18 | UNREFERENCED: NSCR05-780-FL33.ipt
2026-01-12 12:19:18 | UNREFERENCED: NSCR05-780-FL34.ipt
2026-01-12 12:19:18 | UNREFERENCED: NSCR05-780-FL35.ipt
2026-01-12 12:19:18 | UNREFERENCED: NSCR05-780-FL36.ipt
2026-01-12 12:19:18 | UNREFERENCED: NSCR05-780-FL37.ipt
2026-01-12 12:19:18 | UNREFERENCED: NSCR05-780-FL38.ipt
2026-01-12 12:19:18 | UNREFERENCED: NSCR05-780-FL39.ipt
2026-01-12 12:19:18 | UNREFERENCED: NSCR05-780-FL4.ipt
2026-01-12 12:19:18 | UNREFERENCED: NSCR05-780-FL40.ipt
2026-01-12 12:19:18 | UNREFERENCED: NSCR05-780-FL41.ipt
2026-01-12 12:19:18 | UNREFERENCED: NSCR05-780-FL42.ipt
2026-01-12 12:19:18 | UNREFERENCED: NSCR05-780-FL43.ipt
2026-01-12 12:19:18 | UNREFERENCED: NSCR05-780-FL44.ipt
2026-01-12 12:19:18 | UNREFERENCED: NSCR05-780-FL45.ipt
2026-01-12 12:19:18 | UNREFERENCED: NSCR05-780-FL46.ipt
2026-01-12 12:19:18 | UNREFERENCED: NSCR05-780-FL47.ipt
2026-01-12 12:19:18 | UNREFERENCED: NSCR05-780-FL48.ipt
2026-01-12 12:19:18 | UNREFERENCED: NSCR05-780-FL49.ipt
2026-01-12 12:19:18 | UNREFERENCED: NSCR05-780-FL5.ipt
2026-01-12 12:19:18 | UNREFERENCED: NSCR05-780-FL50.ipt
2026-01-12 12:19:18 | UNREFERENCED: NSCR05-780-FL51.ipt
2026-01-12 12:19:18 | UNREFERENCED: NSCR05-780-FL52.ipt
2026-01-12 12:19:18 | UNREFERENCED: NSCR05-780-FL53.ipt
2026-01-12 12:19:18 | UNREFERENCED: NSCR05-780-FL54.ipt
2026-01-12 12:19:18 | UNREFERENCED: NSCR05-780-FL55.ipt
2026-01-12 12:19:18 | UNREFERENCED: NSCR05-780-FL56.ipt
2026-01-12 12:19:18 | UNREFERENCED: NSCR05-780-FL57.ipt
2026-01-12 12:19:18 | UNREFERENCED: NSCR05-780-FL58.ipt
2026-01-12 12:19:18 | UNREFERENCED: NSCR05-780-FL59.ipt
2026-01-12 12:19:18 | UNREFERENCED: NSCR05-780-FL6.ipt
2026-01-12 12:19:18 | UNREFERENCED: NSCR05-780-FL7.ipt
2026-01-12 12:19:18 | UNREFERENCED: NSCR05-780-FL8.ipt
2026-01-12 12:19:18 | UNREFERENCED: NSCR05-780-FL9.ipt
2026-01-12 12:19:18 | UNREFERENCED: NSCR05-780-PL1.ipt
2026-01-12 12:19:18 | UNREFERENCED: NSCR05-780-PL10.ipt
2026-01-12 12:19:18 | UNREFERENCED: NSCR05-780-PL11.ipt
2026-01-12 12:19:18 | UNREFERENCED: NSCR05-780-PL12.ipt
2026-01-12 12:19:18 | UNREFERENCED: NSCR05-780-PL13.ipt
2026-01-12 12:19:18 | UNREFERENCED: NSCR05-780-PL14.ipt
2026-01-12 12:19:18 | UNREFERENCED: NSCR05-780-PL15.ipt
2026-01-12 12:19:18 | UNREFERENCED: NSCR05-780-PL16.ipt
2026-01-12 12:19:18 | UNREFERENCED: NSCR05-780-PL17.ipt
2026-01-12 12:19:18 | UNREFERENCED: NSCR05-780-PL2.ipt
2026-01-12 12:19:18 | UNREFERENCED: NSCR05-780-PL3.ipt
2026-01-12 12:19:18 | UNREFERENCED: NSCR05-780-PL4.ipt
2026-01-12 12:19:18 | UNREFERENCED: NSCR05-780-PL5.ipt
2026-01-12 12:19:18 | UNREFERENCED: NSCR05-780-PL6.ipt
2026-01-12 12:19:18 | UNREFERENCED: NSCR05-780-PL7.ipt
2026-01-12 12:19:18 | UNREFERENCED: NSCR05-780-PL8.ipt
2026-01-12 12:19:18 | UNREFERENCED: NSCR05-780-PL9.ipt
2026-01-12 12:19:18 | UNREFERENCED: Part1 DM-UP.ipt
2026-01-12 12:19:18 | UNREFERENCED: Part10 DM-UP.ipt
2026-01-12 12:19:18 | UNREFERENCED: Part11 Angle DM-UP.ipt
2026-01-12 12:19:18 | UNREFERENCED: Part12 Angle DM-UP.ipt
2026-01-12 12:19:18 | UNREFERENCED: Part13 (Part12 Angle MIR) DM-UP.ipt
2026-01-12 12:19:18 | UNREFERENCED: Part14 Angle DM-UP.ipt
2026-01-12 12:19:18 | UNREFERENCED: Part15 DM-UP.ipt
2026-01-12 12:19:18 | UNREFERENCED: Part16 Corner Gusset DM-UP.ipt
2026-01-12 12:19:18 | UNREFERENCED: Part17 DM-UP.ipt
2026-01-12 12:19:18 | UNREFERENCED: Part18 Corner Gusset DM-UP.ipt
2026-01-12 12:19:18 | UNREFERENCED: Part19 Stiffener DM-UP.ipt
2026-01-12 12:19:18 | UNREFERENCED: Part2 DM-UP.ipt
2026-01-12 12:19:18 | UNREFERENCED: Part20 Stiffener DM-UP.ipt
2026-01-12 12:19:18 | UNREFERENCED: Part21 Stiffener DM-UP.ipt
2026-01-12 12:19:18 | UNREFERENCED: Part22 Stiffener DM-UP.ipt
2026-01-12 12:19:18 | UNREFERENCED: Part23 Stiffener DM-UP.ipt
2026-01-12 12:19:18 | UNREFERENCED: Part24 Stiffener DM-UP.ipt
2026-01-12 12:19:18 | UNREFERENCED: Part25 Stiffener DM-UP.ipt
2026-01-12 12:19:18 | UNREFERENCED: Part26 Stiffener DM-UP.ipt
2026-01-12 12:19:18 | UNREFERENCED: Part27 Stiffener DM-UP.ipt
2026-01-12 12:19:18 | UNREFERENCED: Part28 Stiffener DM-UP.ipt
2026-01-12 12:19:18 | UNREFERENCED: Part29 Stiffener DM-UP.ipt
2026-01-12 12:19:18 | UNREFERENCED: Part3 DM-UP.ipt
2026-01-12 12:19:18 | UNREFERENCED: Part30 Stiffener DM-UP.ipt
2026-01-12 12:19:18 | UNREFERENCED: Part31 Stiffener DM-UP.ipt
2026-01-12 12:19:18 | UNREFERENCED: Part32 Stiffener DM-UP.ipt
2026-01-12 12:19:18 | UNREFERENCED: Part33 Stiffener DM-UP.ipt
2026-01-12 12:19:18 | UNREFERENCED: Part34 Stiffener DM-UP.ipt
2026-01-12 12:19:18 | UNREFERENCED: Part35 Stiffener DM-UP.ipt
2026-01-12 12:19:18 | UNREFERENCED: Part36 Stiffener DM-UP.ipt
2026-01-12 12:19:18 | UNREFERENCED: Part37 Stiffener DM-UP.ipt
2026-01-12 12:19:18 | UNREFERENCED: Part38 Stiffener DM-UP.ipt
2026-01-12 12:19:18 | UNREFERENCED: Part39 Stiffener DM-UP.ipt
2026-01-12 12:19:18 | UNREFERENCED: Part4 DM-UP.ipt
2026-01-12 12:19:18 | UNREFERENCED: Part40 Stiffener DM-UP.ipt
2026-01-12 12:19:18 | UNREFERENCED: Part41 Stiffener DM-UP.ipt
2026-01-12 12:19:18 | UNREFERENCED: Part42 Stiffener DM-UP.ipt
2026-01-12 12:19:18 | UNREFERENCED: Part43 Stiffener DM-UP.ipt
2026-01-12 12:19:18 | UNREFERENCED: Part44 Stiffener DM-UP.ipt
2026-01-12 12:19:18 | UNREFERENCED: Part45 Stiffener DM-UP.ipt
2026-01-12 12:19:18 | UNREFERENCED: Part46 Stiffener DM-UP.ipt
2026-01-12 12:19:18 | UNREFERENCED: Part47 Stiffener DM-UP.ipt
2026-01-12 12:19:18 | UNREFERENCED: Part48 Stiffener DM-UP.ipt
2026-01-12 12:19:18 | UNREFERENCED: Part49 Stiffener DM-UP.ipt
2026-01-12 12:19:18 | UNREFERENCED: Part5 DM-UP.ipt
2026-01-12 12:19:18 | UNREFERENCED: Part50 Stiffener DM-UP.ipt
2026-01-12 12:19:18 | UNREFERENCED: Part51 Stiffener DM-UP.ipt
2026-01-12 12:19:18 | UNREFERENCED: Part52 Stiffener DM-UP.ipt
2026-01-12 12:19:18 | UNREFERENCED: Part53 Stiffener DM-UP.ipt
2026-01-12 12:19:18 | UNREFERENCED: Part54 Stiffener DM-UP.ipt
2026-01-12 12:19:18 | UNREFERENCED: Part55 Stiffener DM-UP.ipt
2026-01-12 12:19:18 | UNREFERENCED: Part56 End Plate DM-UP.ipt
2026-01-12 12:19:18 | UNREFERENCED: Part57 Corner Gusset DM-UP.ipt
2026-01-12 12:19:18 | UNREFERENCED: Part58 Stiffener DM-UP.ipt
2026-01-12 12:19:18 | UNREFERENCED: Part59 Stiffener DM-UP.ipt
2026-01-12 12:19:18 | UNREFERENCED: Part6 DM-UP.ipt
2026-01-12 12:19:18 | UNREFERENCED: Part60 Stiffener DM-UP.ipt
2026-01-12 12:19:18 | UNREFERENCED: Part61 Stiffener DM-UP.ipt
2026-01-12 12:19:18 | UNREFERENCED: Part62 Stiffener DM-UP.ipt
2026-01-12 12:19:18 | UNREFERENCED: Part63 Stiffener DM-UP.ipt
2026-01-12 12:19:18 | UNREFERENCED: Part64 Stiffener DM-UP.ipt
2026-01-12 12:19:18 | UNREFERENCED: Part65 Stiffener DM-UP.ipt
2026-01-12 12:19:18 | UNREFERENCED: Part66 Stiffener DM-UP.ipt
2026-01-12 12:19:18 | UNREFERENCED: Part67 Stiffener DM-UP.ipt
2026-01-12 12:19:18 | UNREFERENCED: Part68 Stiffener DM-UP.ipt
2026-01-12 12:19:18 | UNREFERENCED: Part69 Stiffener DM-UP.ipt
2026-01-12 12:19:18 | UNREFERENCED: Part7 DM-UP.ipt
2026-01-12 12:19:18 | UNREFERENCED: Part70 Stiffener DM-UP.ipt
2026-01-12 12:19:18 | UNREFERENCED: Part71 Stiffener DM-UP.ipt
2026-01-12 12:19:18 | UNREFERENCED: Part72 Stiffener DM-UP.ipt
2026-01-12 12:19:18 | UNREFERENCED: Part73 Stiffener DM-UP.ipt
2026-01-12 12:19:18 | UNREFERENCED: Part74 Stiffener DM-UP.ipt
2026-01-12 12:19:18 | UNREFERENCED: Part75 Stiffener DM-UP.ipt
2026-01-12 12:19:18 | UNREFERENCED: Part76 Stiffener DM-UP.ipt
2026-01-12 12:19:18 | UNREFERENCED: Part77 Stiffener DM-UP.ipt
2026-01-12 12:19:18 | UNREFERENCED: Part78 Stiffener DM-UP.ipt
2026-01-12 12:19:18 | UNREFERENCED: Part79 Stiffener DM-UP.ipt
2026-01-12 12:19:18 | UNREFERENCED: Part8 DM-UP.ipt
2026-01-12 12:19:18 | UNREFERENCED: Part80 Stiffener DM-UP.ipt
2026-01-12 12:19:18 | UNREFERENCED: Part81 Stiffener DM-UP.ipt
2026-01-12 12:19:18 | UNREFERENCED: Part82 Stiffener DM-UP.ipt
2026-01-12 12:19:18 | UNREFERENCED: Part83 Stiffener DM-UP.ipt
2026-01-12 12:19:18 | UNREFERENCED: Part84 Stiffener DM-UP.ipt
2026-01-12 12:19:18 | UNREFERENCED: Part85 Stiffener DM-UP.ipt
2026-01-12 12:19:18 | UNREFERENCED: Part86 Stiffener DM-UP.ipt
2026-01-12 12:19:18 | UNREFERENCED: Part87 Stiffener DM-UP.ipt
2026-01-12 12:19:18 | UNREFERENCED: Part88 Stiffener DM-UP.ipt
2026-01-12 12:19:18 | UNREFERENCED: Part89 Stiffener DM-UP.ipt
2026-01-12 12:19:18 | UNREFERENCED: Part9 DM-UP.ipt
2026-01-12 12:19:18 | UNREFERENCED: Part90 Stiffener DM-UP.ipt
2026-01-12 12:19:18 | UNREFERENCED: Part91 Stiffener DM-UP.ipt
2026-01-12 12:19:18 | TOTAL: 172 unreferenced files found
2026-01-12 12:19:18 | STEP 4: Moving unreferenced files to 'Unrenamed Parts' folder
2026-01-12 12:19:18 | Creating folder: C:\Users\Quintin\Documents\Spectiv\3. Working\22. DMS plant\22. SSCR05 - Primary Sinks D&R Screen Station\722 Underpan\DM Underpan\Unrenamed Parts
2026-01-12 12:19:18 | MOVED: Lug DM-UP.ipt -> Unrenamed Parts\
2026-01-12 12:19:18 | MOVED: NSCR05-780-A1.ipt -> Unrenamed Parts\
2026-01-12 12:19:18 | MOVED: NSCR05-780-A2.ipt -> Unrenamed Parts\
2026-01-12 12:19:18 | MOVED: NSCR05-780-A3.ipt -> Unrenamed Parts\
2026-01-12 12:19:18 | MOVED: NSCR05-780-A4.ipt -> Unrenamed Parts\
2026-01-12 12:19:18 | MOVED: NSCR05-780-FL1.ipt -> Unrenamed Parts\
2026-01-12 12:19:18 | MOVED: NSCR05-780-FL10.ipt -> Unrenamed Parts\
2026-01-12 12:19:18 | MOVED: NSCR05-780-FL11.ipt -> Unrenamed Parts\
2026-01-12 12:19:18 | MOVED: NSCR05-780-FL12.ipt -> Unrenamed Parts\
2026-01-12 12:19:18 | MOVED: NSCR05-780-FL13.ipt -> Unrenamed Parts\
2026-01-12 12:19:18 | MOVED: NSCR05-780-FL14.ipt -> Unrenamed Parts\
2026-01-12 12:19:18 | MOVED: NSCR05-780-FL15.ipt -> Unrenamed Parts\
2026-01-12 12:19:18 | MOVED: NSCR05-780-FL16.ipt -> Unrenamed Parts\
2026-01-12 12:19:18 | MOVED: NSCR05-780-FL17.ipt -> Unrenamed Parts\
2026-01-12 12:19:18 | MOVED: NSCR05-780-FL18.ipt -> Unrenamed Parts\
2026-01-12 12:19:18 | MOVED: NSCR05-780-FL19.ipt -> Unrenamed Parts\
2026-01-12 12:19:18 | MOVED: NSCR05-780-FL2.ipt -> Unrenamed Parts\
2026-01-12 12:19:18 | MOVED: NSCR05-780-FL20.ipt -> Unrenamed Parts\
2026-01-12 12:19:18 | MOVED: NSCR05-780-FL21.ipt -> Unrenamed Parts\
2026-01-12 12:19:18 | MOVED: NSCR05-780-FL22.ipt -> Unrenamed Parts\
2026-01-12 12:19:18 | MOVED: NSCR05-780-FL23.ipt -> Unrenamed Parts\
2026-01-12 12:19:18 | MOVED: NSCR05-780-FL24.ipt -> Unrenamed Parts\
2026-01-12 12:19:18 | MOVED: NSCR05-780-FL25.ipt -> Unrenamed Parts\
2026-01-12 12:19:18 | MOVED: NSCR05-780-FL26.ipt -> Unrenamed Parts\
2026-01-12 12:19:18 | MOVED: NSCR05-780-FL27.ipt -> Unrenamed Parts\
2026-01-12 12:19:18 | MOVED: NSCR05-780-FL28.ipt -> Unrenamed Parts\
2026-01-12 12:19:18 | MOVED: NSCR05-780-FL29.ipt -> Unrenamed Parts\
2026-01-12 12:19:18 | MOVED: NSCR05-780-FL3.ipt -> Unrenamed Parts\
2026-01-12 12:19:18 | MOVED: NSCR05-780-FL30.ipt -> Unrenamed Parts\
2026-01-12 12:19:18 | MOVED: NSCR05-780-FL31.ipt -> Unrenamed Parts\
2026-01-12 12:19:18 | MOVED: NSCR05-780-FL32.ipt -> Unrenamed Parts\
2026-01-12 12:19:18 | MOVED: NSCR05-780-FL33.ipt -> Unrenamed Parts\
2026-01-12 12:19:18 | MOVED: NSCR05-780-FL34.ipt -> Unrenamed Parts\
2026-01-12 12:19:18 | MOVED: NSCR05-780-FL35.ipt -> Unrenamed Parts\
2026-01-12 12:19:18 | MOVED: NSCR05-780-FL36.ipt -> Unrenamed Parts\
2026-01-12 12:19:18 | MOVED: NSCR05-780-FL37.ipt -> Unrenamed Parts\
2026-01-12 12:19:18 | MOVED: NSCR05-780-FL38.ipt -> Unrenamed Parts\
2026-01-12 12:19:18 | MOVED: NSCR05-780-FL39.ipt -> Unrenamed Parts\
2026-01-12 12:19:18 | MOVED: NSCR05-780-FL4.ipt -> Unrenamed Parts\
2026-01-12 12:19:18 | MOVED: NSCR05-780-FL40.ipt -> Unrenamed Parts\
2026-01-12 12:19:18 | MOVED: NSCR05-780-FL41.ipt -> Unrenamed Parts\
2026-01-12 12:19:18 | MOVED: NSCR05-780-FL42.ipt -> Unrenamed Parts\
2026-01-12 12:19:18 | MOVED: NSCR05-780-FL43.ipt -> Unrenamed Parts\
2026-01-12 12:19:18 | MOVED: NSCR05-780-FL44.ipt -> Unrenamed Parts\
2026-01-12 12:19:18 | MOVED: NSCR05-780-FL45.ipt -> Unrenamed Parts\
2026-01-12 12:19:18 | MOVED: NSCR05-780-FL46.ipt -> Unrenamed Parts\
2026-01-12 12:19:18 | MOVED: NSCR05-780-FL47.ipt -> Unrenamed Parts\
2026-01-12 12:19:18 | MOVED: NSCR05-780-FL48.ipt -> Unrenamed Parts\
2026-01-12 12:19:18 | MOVED: NSCR05-780-FL49.ipt -> Unrenamed Parts\
2026-01-12 12:19:18 | MOVED: NSCR05-780-FL5.ipt -> Unrenamed Parts\
2026-01-12 12:19:18 | MOVED: NSCR05-780-FL50.ipt -> Unrenamed Parts\
2026-01-12 12:19:18 | MOVED: NSCR05-780-FL51.ipt -> Unrenamed Parts\
2026-01-12 12:19:18 | MOVED: NSCR05-780-FL52.ipt -> Unrenamed Parts\
2026-01-12 12:19:18 | MOVED: NSCR05-780-FL53.ipt -> Unrenamed Parts\
2026-01-12 12:19:18 | MOVED: NSCR05-780-FL54.ipt -> Unrenamed Parts\
2026-01-12 12:19:18 | MOVED: NSCR05-780-FL55.ipt -> Unrenamed Parts\
2026-01-12 12:19:18 | MOVED: NSCR05-780-FL56.ipt -> Unrenamed Parts\
2026-01-12 12:19:18 | MOVED: NSCR05-780-FL57.ipt -> Unrenamed Parts\
2026-01-12 12:19:18 | MOVED: NSCR05-780-FL58.ipt -> Unrenamed Parts\
2026-01-12 12:19:18 | MOVED: NSCR05-780-FL59.ipt -> Unrenamed Parts\
2026-01-12 12:19:18 | MOVED: NSCR05-780-FL6.ipt -> Unrenamed Parts\
2026-01-12 12:19:18 | MOVED: NSCR05-780-FL7.ipt -> Unrenamed Parts\
2026-01-12 12:19:18 | MOVED: NSCR05-780-FL8.ipt -> Unrenamed Parts\
2026-01-12 12:19:18 | MOVED: NSCR05-780-FL9.ipt -> Unrenamed Parts\
2026-01-12 12:19:18 | MOVED: NSCR05-780-PL1.ipt -> Unrenamed Parts\
2026-01-12 12:19:18 | MOVED: NSCR05-780-PL10.ipt -> Unrenamed Parts\
2026-01-12 12:19:18 | MOVED: NSCR05-780-PL11.ipt -> Unrenamed Parts\
2026-01-12 12:19:18 | MOVED: NSCR05-780-PL12.ipt -> Unrenamed Parts\
2026-01-12 12:19:18 | MOVED: NSCR05-780-PL13.ipt -> Unrenamed Parts\
2026-01-12 12:19:18 | MOVED: NSCR05-780-PL14.ipt -> Unrenamed Parts\
2026-01-12 12:19:18 | MOVED: NSCR05-780-PL15.ipt -> Unrenamed Parts\
2026-01-12 12:19:18 | MOVED: NSCR05-780-PL16.ipt -> Unrenamed Parts\
2026-01-12 12:19:18 | MOVED: NSCR05-780-PL17.ipt -> Unrenamed Parts\
2026-01-12 12:19:18 | MOVED: NSCR05-780-PL2.ipt -> Unrenamed Parts\
2026-01-12 12:19:18 | MOVED: NSCR05-780-PL3.ipt -> Unrenamed Parts\
2026-01-12 12:19:18 | MOVED: NSCR05-780-PL4.ipt -> Unrenamed Parts\
2026-01-12 12:19:18 | MOVED: NSCR05-780-PL5.ipt -> Unrenamed Parts\
2026-01-12 12:19:18 | MOVED: NSCR05-780-PL6.ipt -> Unrenamed Parts\
2026-01-12 12:19:18 | MOVED: NSCR05-780-PL7.ipt -> Unrenamed Parts\
2026-01-12 12:19:18 | MOVED: NSCR05-780-PL8.ipt -> Unrenamed Parts\
2026-01-12 12:19:18 | MOVED: NSCR05-780-PL9.ipt -> Unrenamed Parts\
2026-01-12 12:19:18 | MOVED: Part1 DM-UP.ipt -> Unrenamed Parts\
2026-01-12 12:19:18 | MOVED: Part10 DM-UP.ipt -> Unrenamed Parts\
2026-01-12 12:19:18 | MOVED: Part11 Angle DM-UP.ipt -> Unrenamed Parts\
2026-01-12 12:19:18 | MOVED: Part12 Angle DM-UP.ipt -> Unrenamed Parts\
2026-01-12 12:19:18 | MOVED: Part13 (Part12 Angle MIR) DM-UP.ipt -> Unrenamed Parts\
2026-01-12 12:19:18 | MOVED: Part14 Angle DM-UP.ipt -> Unrenamed Parts\
2026-01-12 12:19:18 | MOVED: Part15 DM-UP.ipt -> Unrenamed Parts\
2026-01-12 12:19:18 | MOVED: Part16 Corner Gusset DM-UP.ipt -> Unrenamed Parts\
2026-01-12 12:19:18 | MOVED: Part17 DM-UP.ipt -> Unrenamed Parts\
2026-01-12 12:19:18 | MOVED: Part18 Corner Gusset DM-UP.ipt -> Unrenamed Parts\
2026-01-12 12:19:18 | MOVED: Part19 Stiffener DM-UP.ipt -> Unrenamed Parts\
2026-01-12 12:19:18 | MOVED: Part2 DM-UP.ipt -> Unrenamed Parts\
2026-01-12 12:19:18 | MOVED: Part20 Stiffener DM-UP.ipt -> Unrenamed Parts\
2026-01-12 12:19:18 | MOVED: Part21 Stiffener DM-UP.ipt -> Unrenamed Parts\
2026-01-12 12:19:18 | MOVED: Part22 Stiffener DM-UP.ipt -> Unrenamed Parts\
2026-01-12 12:19:18 | MOVED: Part23 Stiffener DM-UP.ipt -> Unrenamed Parts\
2026-01-12 12:19:18 | MOVED: Part24 Stiffener DM-UP.ipt -> Unrenamed Parts\
2026-01-12 12:19:18 | MOVED: Part25 Stiffener DM-UP.ipt -> Unrenamed Parts\
2026-01-12 12:19:18 | MOVED: Part26 Stiffener DM-UP.ipt -> Unrenamed Parts\
2026-01-12 12:19:18 | MOVED: Part27 Stiffener DM-UP.ipt -> Unrenamed Parts\
2026-01-12 12:19:18 | MOVED: Part28 Stiffener DM-UP.ipt -> Unrenamed Parts\
2026-01-12 12:19:18 | MOVED: Part29 Stiffener DM-UP.ipt -> Unrenamed Parts\
2026-01-12 12:19:18 | MOVED: Part3 DM-UP.ipt -> Unrenamed Parts\
2026-01-12 12:19:18 | MOVED: Part30 Stiffener DM-UP.ipt -> Unrenamed Parts\
2026-01-12 12:19:18 | MOVED: Part31 Stiffener DM-UP.ipt -> Unrenamed Parts\
2026-01-12 12:19:18 | MOVED: Part32 Stiffener DM-UP.ipt -> Unrenamed Parts\
2026-01-12 12:19:18 | MOVED: Part33 Stiffener DM-UP.ipt -> Unrenamed Parts\
2026-01-12 12:19:18 | MOVED: Part34 Stiffener DM-UP.ipt -> Unrenamed Parts\
2026-01-12 12:19:18 | MOVED: Part35 Stiffener DM-UP.ipt -> Unrenamed Parts\
2026-01-12 12:19:18 | MOVED: Part36 Stiffener DM-UP.ipt -> Unrenamed Parts\
2026-01-12 12:19:18 | MOVED: Part37 Stiffener DM-UP.ipt -> Unrenamed Parts\
2026-01-12 12:19:18 | MOVED: Part38 Stiffener DM-UP.ipt -> Unrenamed Parts\
2026-01-12 12:19:18 | MOVED: Part39 Stiffener DM-UP.ipt -> Unrenamed Parts\
2026-01-12 12:19:18 | MOVED: Part4 DM-UP.ipt -> Unrenamed Parts\
2026-01-12 12:19:18 | MOVED: Part40 Stiffener DM-UP.ipt -> Unrenamed Parts\
2026-01-12 12:19:18 | MOVED: Part41 Stiffener DM-UP.ipt -> Unrenamed Parts\
2026-01-12 12:19:18 | MOVED: Part42 Stiffener DM-UP.ipt -> Unrenamed Parts\
2026-01-12 12:19:18 | MOVED: Part43 Stiffener DM-UP.ipt -> Unrenamed Parts\
2026-01-12 12:19:18 | MOVED: Part44 Stiffener DM-UP.ipt -> Unrenamed Parts\
2026-01-12 12:19:18 | MOVED: Part45 Stiffener DM-UP.ipt -> Unrenamed Parts\
2026-01-12 12:19:18 | MOVED: Part46 Stiffener DM-UP.ipt -> Unrenamed Parts\
2026-01-12 12:19:18 | MOVED: Part47 Stiffener DM-UP.ipt -> Unrenamed Parts\
2026-01-12 12:19:18 | MOVED: Part48 Stiffener DM-UP.ipt -> Unrenamed Parts\
2026-01-12 12:19:18 | MOVED: Part49 Stiffener DM-UP.ipt -> Unrenamed Parts\
2026-01-12 12:19:18 | MOVED: Part5 DM-UP.ipt -> Unrenamed Parts\
2026-01-12 12:19:18 | MOVED: Part50 Stiffener DM-UP.ipt -> Unrenamed Parts\
2026-01-12 12:19:18 | MOVED: Part51 Stiffener DM-UP.ipt -> Unrenamed Parts\
2026-01-12 12:19:18 | MOVED: Part52 Stiffener DM-UP.ipt -> Unrenamed Parts\
2026-01-12 12:19:18 | MOVED: Part53 Stiffener DM-UP.ipt -> Unrenamed Parts\
2026-01-12 12:19:18 | MOVED: Part54 Stiffener DM-UP.ipt -> Unrenamed Parts\
2026-01-12 12:19:18 | MOVED: Part55 Stiffener DM-UP.ipt -> Unrenamed Parts\
2026-01-12 12:19:18 | MOVED: Part56 End Plate DM-UP.ipt -> Unrenamed Parts\
2026-01-12 12:19:18 | MOVED: Part57 Corner Gusset DM-UP.ipt -> Unrenamed Parts\
2026-01-12 12:19:18 | MOVED: Part58 Stiffener DM-UP.ipt -> Unrenamed Parts\
2026-01-12 12:19:18 | MOVED: Part59 Stiffener DM-UP.ipt -> Unrenamed Parts\
2026-01-12 12:19:18 | MOVED: Part6 DM-UP.ipt -> Unrenamed Parts\
2026-01-12 12:19:18 | MOVED: Part60 Stiffener DM-UP.ipt -> Unrenamed Parts\
2026-01-12 12:19:18 | MOVED: Part61 Stiffener DM-UP.ipt -> Unrenamed Parts\
2026-01-12 12:19:18 | MOVED: Part62 Stiffener DM-UP.ipt -> Unrenamed Parts\
2026-01-12 12:19:18 | MOVED: Part63 Stiffener DM-UP.ipt -> Unrenamed Parts\
2026-01-12 12:19:18 | MOVED: Part64 Stiffener DM-UP.ipt -> Unrenamed Parts\
2026-01-12 12:19:18 | MOVED: Part65 Stiffener DM-UP.ipt -> Unrenamed Parts\
2026-01-12 12:19:18 | MOVED: Part66 Stiffener DM-UP.ipt -> Unrenamed Parts\
2026-01-12 12:19:18 | MOVED: Part67 Stiffener DM-UP.ipt -> Unrenamed Parts\
2026-01-12 12:19:18 | MOVED: Part68 Stiffener DM-UP.ipt -> Unrenamed Parts\
2026-01-12 12:19:18 | MOVED: Part69 Stiffener DM-UP.ipt -> Unrenamed Parts\
2026-01-12 12:19:18 | MOVED: Part7 DM-UP.ipt -> Unrenamed Parts\
2026-01-12 12:19:18 | MOVED: Part70 Stiffener DM-UP.ipt -> Unrenamed Parts\
2026-01-12 12:19:18 | MOVED: Part71 Stiffener DM-UP.ipt -> Unrenamed Parts\
2026-01-12 12:19:18 | MOVED: Part72 Stiffener DM-UP.ipt -> Unrenamed Parts\
2026-01-12 12:19:18 | MOVED: Part73 Stiffener DM-UP.ipt -> Unrenamed Parts\
2026-01-12 12:19:18 | MOVED: Part74 Stiffener DM-UP.ipt -> Unrenamed Parts\
2026-01-12 12:19:18 | MOVED: Part75 Stiffener DM-UP.ipt -> Unrenamed Parts\
2026-01-12 12:19:18 | MOVED: Part76 Stiffener DM-UP.ipt -> Unrenamed Parts\
2026-01-12 12:19:18 | MOVED: Part77 Stiffener DM-UP.ipt -> Unrenamed Parts\
2026-01-12 12:19:18 | MOVED: Part78 Stiffener DM-UP.ipt -> Unrenamed Parts\
2026-01-12 12:19:18 | MOVED: Part79 Stiffener DM-UP.ipt -> Unrenamed Parts\
2026-01-12 12:19:18 | MOVED: Part8 DM-UP.ipt -> Unrenamed Parts\
2026-01-12 12:19:18 | MOVED: Part80 Stiffener DM-UP.ipt -> Unrenamed Parts\
2026-01-12 12:19:18 | MOVED: Part81 Stiffener DM-UP.ipt -> Unrenamed Parts\
2026-01-12 12:19:18 | MOVED: Part82 Stiffener DM-UP.ipt -> Unrenamed Parts\
2026-01-12 12:19:18 | MOVED: Part83 Stiffener DM-UP.ipt -> Unrenamed Parts\
2026-01-12 12:19:18 | MOVED: Part84 Stiffener DM-UP.ipt -> Unrenamed Parts\
2026-01-12 12:19:18 | MOVED: Part85 Stiffener DM-UP.ipt -> Unrenamed Parts\
2026-01-12 12:19:18 | MOVED: Part86 Stiffener DM-UP.ipt -> Unrenamed Parts\
2026-01-12 12:19:18 | MOVED: Part87 Stiffener DM-UP.ipt -> Unrenamed Parts\
2026-01-12 12:19:18 | MOVED: Part88 Stiffener DM-UP.ipt -> Unrenamed Parts\
2026-01-12 12:19:18 | MOVED: Part89 Stiffener DM-UP.ipt -> Unrenamed Parts\
2026-01-12 12:19:18 | MOVED: Part9 DM-UP.ipt -> Unrenamed Parts\
2026-01-12 12:19:18 | MOVED: Part90 Stiffener DM-UP.ipt -> Unrenamed Parts\
2026-01-12 12:19:18 | MOVED: Part91 Stiffener DM-UP.ipt -> Unrenamed Parts\
2026-01-12 12:19:18 | MOVE COMPLETE: 172 files moved, 0 errors
2026-01-12 12:19:18 | === IDW PARTS LIST SCANNER COMPLETED ===
