2025-12-17 14:38:19 | === ASSEMBLY CLONER STARTED ===
2025-12-17 14:38:19 | Using EXACT methodology from VBScript Option 9
2025-12-17 14:38:19 | Source assembly: C:\Users\Quintin\Documents\Spectiv\3. Working\22. DMS plant\21. SSCR04 - Primary Floats D&R Screen Station\000 Structure & Walkway\Knee Brace-3\Knee Brace-3.iam
2025-12-17 14:38:19 | Source directory: C:\Users\Quintin\Documents\Spectiv\3. Working\22. DMS plant\21. SSCR04 - Primary Floats D&R Screen Station\000 Structure & Walkway\Knee Brace-3
2025-12-17 14:38:20 | User confirmed clone operation
2025-12-17 14:38:20 | Opening folder browser dialog...
2025-12-17 14:38:32 | Destination folder selected: C:\Users\Quintin\Documents\Spectiv\3. Working\22. DMS plant\21. SSCR04 - Primary Floats D&R Screen Station\000 Structure & Walkway\Knee Brace-3\Copy
2025-12-17 14:38:33 | Rename parts: True
2025-12-17 14:38:33 | Prompting for plant section prefix...
2025-12-17 14:38:40 | Plant section prefix: Knee Brace-6
2025-12-17 14:38:41 | New assembly name: Knee Brace-6
2025-12-17 14:38:41 | New assembly path: C:\Users\Quintin\Documents\Spectiv\3. Working\22. DMS plant\21. SSCR04 - Primary Floats D&R Screen Station\000 Structure & Walkway\Knee Brace-3\Copy\Knee Brace-6.iam
2025-12-17 14:38:41 | COLLECT: Part1 Beam.ipt (IPE180)
2025-12-17 14:38:41 | COLLECT: Part2 End Plate.ipt (PL 10mm S355JR)
2025-12-17 14:38:41 | COLLECT: Part3 End Plate.ipt (PL 10mm S355JR)
2025-12-17 14:38:41 | Collected 3 parts
2025-12-17 14:38:41 | Closing source assembly for safe copy...
2025-12-17 14:38:41 | Copying assembly file...
2025-12-17 14:38:41 | COPIED: Knee Brace-3.iam -> Knee Brace-6.iam
2025-12-17 14:38:41 | Copying 3 parts...
2025-12-17 14:38:41 | COPIED: Part1 Beam.ipt -> Knee Brace-6-IPE1.ipt
2025-12-17 14:38:41 | COPIED: Part2 End Plate.ipt -> Knee Brace-6-PL2.ipt
2025-12-17 14:38:41 | COPIED: Part3 End Plate.ipt -> Knee Brace-6-PL3.ipt
2025-12-17 14:38:41 | Updating assembly references and patching iLogic...
2025-12-17 14:38:41 | ASSEMBLY UPDATE: Using fd.ReplaceReference method (same as VBScript)
2025-12-17 14:38:42 | ASSEMBLY UPDATE: Opened Knee Brace-6.iam
2025-12-17 14:38:42 | ASSEMBLY UPDATE: Found 3 file references
2025-12-17 14:38:42 | ASSEMBLY UPDATE: No mapping for Part1 Beam.ipt
2025-12-17 14:38:42 | ASSEMBLY UPDATE: No mapping for Part2 End Plate.ipt
2025-12-17 14:38:42 | ASSEMBLY UPDATE: No mapping for Part3 End Plate.ipt
2025-12-17 14:38:42 | ASSEMBLY UPDATE: Updated 0 references
2025-12-17 14:38:42 | ASSEMBLY UPDATE: Renaming occurrences to match new filenames...
2025-12-17 14:38:42 | ASSEMBLY UPDATE: Renamed 0 occurrences
2025-12-17 14:38:42 | ASSEMBLY UPDATE: Forcing assembly update to resolve occurrences...
2025-12-17 14:38:42 | ASSEMBLY UPDATE: Assembly updated and resolved
2025-12-17 14:38:42 | Patching iLogic rules (in same session)...
2025-12-17 14:38:42 | Patched 0 iLogic rules
2025-12-17 14:38:42 | ASSEMBLY UPDATE: Saving assembly...
2025-12-17 14:38:42 | ASSEMBLY UPDATE: Complete - references updated and iLogic patched
2025-12-17 14:38:42 | Processing IDW files...
2025-12-17 14:38:42 | IDW PROCESS: Found 1 IDW files
2025-12-17 14:38:46 | IDW PROCESS: Processing MGY-200-DRP-01-14.idw -> MGY-200-DRP-01-15.idw
2025-12-17 14:38:49 | IDW PROCESS: Opening original IDW from source location...
2025-12-17 14:38:49 | IDW PROCESS: Opened successfully, now updating references...
2025-12-17 14:38:49 | IDW PROCESS: Found 4 references
2025-12-17 14:38:49 | IDW PROCESS: Updating Knee Brace-3.iam -> Knee Brace-6.iam
2025-12-17 14:38:50 | IDW PROCESS: SUCCESS
2025-12-17 14:38:50 | IDW PROCESS: Updating Part1 Beam.ipt -> Knee Brace-6-IPE1.ipt
2025-12-17 14:38:50 | IDW PROCESS: SUCCESS
2025-12-17 14:38:50 | IDW PROCESS: Updating Part2 End Plate.ipt -> Knee Brace-6-PL2.ipt
2025-12-17 14:38:50 | IDW PROCESS: SUCCESS
2025-12-17 14:38:50 | IDW PROCESS: Updating Part3 End Plate.ipt -> Knee Brace-6-PL3.ipt
2025-12-17 14:38:50 | IDW PROCESS: SUCCESS
2025-12-17 14:38:50 | IDW PROCESS: Patching iLogic in IDW...
2025-12-17 14:38:50 | IDW PROCESS: Patched 0 rules in IDW
2025-12-17 14:38:50 | IDW PROCESS: Updating iProperties for MGY-200-DRP-01-14.idw
2025-12-17 14:38:50 | IDW PROCESS: Updated Part Number to 'MGY-200-DRP-01-15'
2025-12-17 14:38:50 | IDW PROCESS: Updated Description to 'Knee Brace-6'
2025-12-17 14:38:50 | IDW PROCESS: iProperties update complete for MGY-200-DRP-01-14.idw
2025-12-17 14:38:50 | IDW PROCESS: Saving to destination: C:\Users\Quintin\Documents\Spectiv\3. Working\22. DMS plant\21. SSCR04 - Primary Floats D&R Screen Station\000 Structure & Walkway\Knee Brace-3\Copy\MGY-200-DRP-01-15.idw
2025-12-17 14:38:51 | IDW PROCESS: Successfully saved MGY-200-DRP-01-14.idw as MGY-200-DRP-01-15.idw (4 references updated)
2025-12-17 14:38:51 | IDW PROCESS: All IDW files processed successfully
2025-12-17 14:38:51 | Updating iProperties for copied documents...
2025-12-17 14:39:09 | Updated iProperties for Knee Brace-6.iam
2025-12-17 14:39:09 | Updated iProperties for Knee Brace-6-IPE1.ipt
2025-12-17 14:39:10 | Updated iProperties for Knee Brace-6-PL2.ipt
2025-12-17 14:39:10 | Updated iProperties for Knee Brace-6-PL3.ipt
2025-12-17 14:39:10 | Saving iLogic patch log...
2025-12-17 14:39:10 | === ASSEMBLY CLONE COMPLETED SUCCESSFULLY ===
2025-12-17 14:39:10 | Log saved to: C:\Users\Quintin\Documents\Spectiv\3. Working\22. DMS plant\REF\FINAL_PRODUCTION_SCRIPTS 1 Oct 2025\Logs\AssemblyCloner_20251217_143819.log
