2025-12-12 15:12:35 | === ASSEMBLY CLONER STARTED ===
2025-12-12 15:12:35 | Using EXACT methodology from VBScript Option 9
2025-12-12 15:12:35 | Source assembly: C:\Users\Quintin\Documents\Spectiv\3. Working\22. DMS plant\21. SSCR04 - Primary Floats D&R Screen Station\000 Structure & Walkway\1.Structure\Beam4\Beam-4.iam
2025-12-12 15:12:35 | Source directory: C:\Users\Quintin\Documents\Spectiv\3. Working\22. DMS plant\21. SSCR04 - Primary Floats D&R Screen Station\000 Structure & Walkway\1.Structure\Beam4
2025-12-12 15:12:36 | User confirmed clone operation
2025-12-12 15:12:36 | Opening folder browser dialog...
2025-12-12 15:12:44 | Destination folder selected: C:\Users\Quintin\Documents\Spectiv\3. Working\22. DMS plant\Civils 2025-11-12\test
2025-12-12 15:12:46 | Rename parts: True
2025-12-12 15:12:46 | Prompting for plant section prefix...
2025-12-12 15:12:53 | Plant section prefix: B-99
2025-12-12 15:12:55 | New assembly name: B-99
2025-12-12 15:12:55 | New assembly path: C:\Users\Quintin\Documents\Spectiv\3. Working\22. DMS plant\Civils 2025-11-12\test\B-99.iam
2025-12-12 15:12:55 | COLLECT: Part1.ipt (PL 10mm S355JR)
2025-12-12 15:12:55 | COLLECT: Part2 203x133x25.ipt (UB203x133x25)
2025-12-12 15:12:55 | COLLECT: Part4.ipt (PL 8mm S355JR)
2025-12-12 15:12:55 | COLLECT: Part3.ipt (PL 8mm S355JR)
2025-12-12 15:12:55 | Collected 4 parts
2025-12-12 15:12:55 | Closing source assembly for safe copy...
2025-12-12 15:12:55 | Copying assembly file...
2025-12-12 15:12:55 | COPIED: Beam-4.iam -> B-99.iam
2025-12-12 15:12:55 | Copying 4 parts...
2025-12-12 15:12:55 | COPIED: Part1.ipt -> B-99-PL1.ipt
2025-12-12 15:12:55 | COPIED: Part2 203x133x25.ipt -> B-99-B2.ipt
2025-12-12 15:12:55 | COPIED: Part4.ipt -> B-99-PL3.ipt
2025-12-12 15:12:55 | COPIED: Part3.ipt -> B-99-PL4.ipt
2025-12-12 15:12:55 | Updating assembly references and patching iLogic...
2025-12-12 15:12:55 | ASSEMBLY UPDATE: Using fd.ReplaceReference method (same as VBScript)
2025-12-12 15:12:55 | ASSEMBLY UPDATE: Opened B-99.iam
2025-12-12 15:12:55 | ASSEMBLY UPDATE: Found 4 file references
2025-12-12 15:12:55 | ASSEMBLY UPDATE: Replacing Part1.ipt -> B-99-PL1.ipt
2025-12-12 15:12:55 | ASSEMBLY UPDATE: SUCCESS
2025-12-12 15:12:55 | ASSEMBLY UPDATE: Replacing Part2 203x133x25.ipt -> B-99-B2.ipt
2025-12-12 15:12:55 | ASSEMBLY UPDATE: SUCCESS
2025-12-12 15:12:55 | ASSEMBLY UPDATE: Replacing Part3.ipt -> B-99-PL4.ipt
2025-12-12 15:12:55 | ASSEMBLY UPDATE: SUCCESS
2025-12-12 15:12:55 | ASSEMBLY UPDATE: Replacing Part4.ipt -> B-99-PL3.ipt
2025-12-12 15:12:55 | ASSEMBLY UPDATE: SUCCESS
2025-12-12 15:12:55 | ASSEMBLY UPDATE: Updated 4 references
2025-12-12 15:12:55 | ASSEMBLY UPDATE: Renaming occurrences to match new filenames...
2025-12-12 15:12:55 | ASSEMBLY UPDATE: Renamed 0 occurrences
2025-12-12 15:12:55 | ASSEMBLY UPDATE: Forcing assembly update to resolve occurrences...
2025-12-12 15:12:55 | ASSEMBLY UPDATE: Assembly updated and resolved
2025-12-12 15:12:55 | Patching iLogic rules (in same session)...
2025-12-12 15:12:55 | Patched 0 iLogic rules
2025-12-12 15:12:55 | ASSEMBLY UPDATE: Saving assembly...
2025-12-12 15:12:55 | ASSEMBLY UPDATE: Complete - references updated and iLogic patched
2025-12-12 15:12:55 | Processing IDW files...
2025-12-12 15:12:55 | IDW PROCESS: Found 1 IDW files
2025-12-12 15:12:59 | IDW PROCESS: Processing MGY-200-DRP-01-01-04.idw -> MGY-200-DRP-01-01-99.idw
2025-12-12 15:12:59 | IDW PROCESS: Opening original IDW from source location...
2025-12-12 15:13:00 | IDW PROCESS: Opened successfully, now updating references...
2025-12-12 15:13:00 | IDW PROCESS: Found 5 references
2025-12-12 15:13:00 | IDW PROCESS: Updating Beam-4.iam -> B-99.iam
2025-12-12 15:13:00 | IDW PROCESS: SUCCESS
2025-12-12 15:13:00 | IDW PROCESS: Updating Part1.ipt -> B-99-PL1.ipt
2025-12-12 15:13:00 | IDW PROCESS: SUCCESS
2025-12-12 15:13:00 | IDW PROCESS: Updating Part2 203x133x25.ipt -> B-99-B2.ipt
2025-12-12 15:13:00 | IDW PROCESS: SUCCESS
2025-12-12 15:13:00 | IDW PROCESS: Updating Part3.ipt -> B-99-PL4.ipt
2025-12-12 15:13:00 | IDW PROCESS: SUCCESS
2025-12-12 15:13:00 | IDW PROCESS: Updating Part4.ipt -> B-99-PL3.ipt
2025-12-12 15:13:00 | IDW PROCESS: SUCCESS
2025-12-12 15:13:00 | IDW PROCESS: Patching iLogic in IDW...
2025-12-12 15:13:00 | IDW PROCESS: Patched 0 rules in IDW
2025-12-12 15:13:00 | IDW PROCESS: Updating iProperties for MGY-200-DRP-01-01-04.idw
2025-12-12 15:13:00 | IDW PROCESS: Updated Part Number to 'MGY-200-DRP-01-01-99'
2025-12-12 15:13:00 | IDW PROCESS: Updated Comments (Summary Info) to 'B-99'
2025-12-12 15:13:00 | IDW PROCESS: Saved document to commit iProperty changes
2025-12-12 15:13:00 | IDW PROCESS: iProperties update complete for MGY-200-DRP-01-01-04.idw
2025-12-12 15:13:00 | IDW PROCESS: Saving to destination: C:\Users\Quintin\Documents\Spectiv\3. Working\22. DMS plant\Civils 2025-11-12\test\MGY-200-DRP-01-01-99.idw
2025-12-12 15:13:01 | IDW PROCESS: Successfully saved MGY-200-DRP-01-01-04.idw as MGY-200-DRP-01-01-99.idw (5 references updated)
2025-12-12 15:13:01 | IDW PROCESS: All IDW files processed successfully
2025-12-12 15:13:01 | Updating iProperties for copied documents...
2025-12-12 15:13:01 | Updated iProperties for B-99.iam
2025-12-12 15:13:01 | Updated iProperties for B-99-PL1.ipt
2025-12-12 15:13:02 | Updated iProperties for B-99-B2.ipt
2025-12-12 15:13:02 | Updated iProperties for B-99-PL3.ipt
2025-12-12 15:13:02 | Updated iProperties for B-99-PL4.ipt
2025-12-12 15:13:02 | Saving iLogic patch log...
2025-12-12 15:13:02 | === ASSEMBLY CLONE COMPLETED SUCCESSFULLY ===
2025-12-12 15:13:02 | Log saved to: C:\Users\Quintin\Documents\Spectiv\3. Working\22. DMS plant\REF\FINAL_PRODUCTION_SCRIPTS 1 Oct 2025\Logs\AssemblyCloner_20251212_151235.log
