2025-12-12 14:08:23 | === ASSEMBLY CLONER STARTED ===
2025-12-12 14:08:23 | Using EXACT methodology from VBScript Option 9
2025-12-12 14:08:23 | Source assembly: C:\Users\Quintin\Documents\Spectiv\3. Working\22. DMS plant\21. SSCR04 - Primary Floats D&R Screen Station\000 Structure & Walkway\Walkway-10\Walkway-10.iam
2025-12-12 14:08:23 | Source directory: C:\Users\Quintin\Documents\Spectiv\3. Working\22. DMS plant\21. SSCR04 - Primary Floats D&R Screen Station\000 Structure & Walkway\Walkway-10
2025-12-12 14:08:24 | User confirmed clone operation
2025-12-12 14:08:24 | Opening folder browser dialog...
2025-12-12 14:08:36 | Destination folder selected: C:\Users\Quintin\Documents\Spectiv\3. Working\22. DMS plant\Civils 2025-11-12\test
2025-12-12 14:08:38 | Rename parts: True
2025-12-12 14:08:38 | Prompting for plant section prefix...
2025-12-12 14:08:43 | Plant section prefix: test12
2025-12-12 14:08:43 | New assembly name will be: test.iam
2025-12-12 14:08:43 | COLLECT: Part1 Beam.ipt (IPE180)
2025-12-12 14:08:43 | COLLECT: Part2 PFC.ipt (PFC180x70)
2025-12-12 14:08:43 | COLLECT: Part3 PFC.ipt (PFC180x70)
2025-12-12 14:08:43 | COLLECT: Part4 End Plate.ipt (PL 10mm S355JR)
2025-12-12 14:08:43 | COLLECT: Part5 End Plate.ipt (PL 10mm S355JR)
2025-12-12 14:08:43 | COLLECT: Part6 End Plate.ipt (PL 10mm S355JR)
2025-12-12 14:08:43 | COLLECT: Part7 Corner Gusset.ipt (PL 8mm S355JR)
2025-12-12 14:08:43 | COLLECT: Part8 Centre Gusset.ipt (PL 8mm S355JR)
2025-12-12 14:08:43 | COLLECT: Part9 Angle.ipt (L70x70x6)
2025-12-12 14:08:43 | Collected 9 parts
2025-12-12 14:08:43 | Closing source assembly for safe copy...
2025-12-12 14:08:43 | Copying assembly file...
2025-12-12 14:08:43 | COPIED: Walkway-10.iam -> test.iam
2025-12-12 14:08:43 | Copying 9 parts...
2025-12-12 14:08:43 | COPIED: Part1 Beam.ipt -> test12-IPE1.ipt
2025-12-12 14:08:43 | COPIED: Part2 PFC.ipt -> test12-CH2.ipt
2025-12-12 14:08:43 | COPIED: Part3 PFC.ipt -> test12-CH3.ipt
2025-12-12 14:08:43 | COPIED: Part4 End Plate.ipt -> test12-PL4.ipt
2025-12-12 14:08:43 | COPIED: Part5 End Plate.ipt -> test12-PL5.ipt
2025-12-12 14:08:43 | COPIED: Part6 End Plate.ipt -> test12-PL6.ipt
2025-12-12 14:08:43 | COPIED: Part7 Corner Gusset.ipt -> test12-PL7.ipt
2025-12-12 14:08:43 | COPIED: Part8 Centre Gusset.ipt -> test12-PL8.ipt
2025-12-12 14:08:43 | COPIED: Part9 Angle.ipt -> test12-A9.ipt
2025-12-12 14:08:43 | Updating assembly references and patching iLogic...
2025-12-12 14:08:43 | ASSEMBLY UPDATE: Using fd.ReplaceReference method (same as VBScript)
2025-12-12 14:08:44 | ASSEMBLY UPDATE: Opened test.iam
2025-12-12 14:08:44 | ASSEMBLY UPDATE: Found 9 file references
2025-12-12 14:08:44 | ASSEMBLY UPDATE: No mapping for Part1 Beam.ipt
2025-12-12 14:08:44 | ASSEMBLY UPDATE: No mapping for Part2 PFC.ipt
2025-12-12 14:08:44 | ASSEMBLY UPDATE: No mapping for Part3 PFC.ipt
2025-12-12 14:08:44 | ASSEMBLY UPDATE: No mapping for Part4 End Plate.ipt
2025-12-12 14:08:44 | ASSEMBLY UPDATE: No mapping for Part5 End Plate.ipt
2025-12-12 14:08:44 | ASSEMBLY UPDATE: No mapping for Part6 End Plate.ipt
2025-12-12 14:08:44 | ASSEMBLY UPDATE: No mapping for Part7 Corner Gusset.ipt
2025-12-12 14:08:44 | ASSEMBLY UPDATE: No mapping for Part8 Centre Gusset.ipt
2025-12-12 14:08:44 | ASSEMBLY UPDATE: No mapping for Part9 Angle.ipt
2025-12-12 14:08:44 | ASSEMBLY UPDATE: Updated 0 references
2025-12-12 14:08:44 | ASSEMBLY UPDATE: Renaming occurrences to match new filenames...
2025-12-12 14:08:44 | ASSEMBLY UPDATE: Renamed 0 occurrences
2025-12-12 14:08:44 | ASSEMBLY UPDATE: Forcing assembly update to resolve occurrences...
2025-12-12 14:08:44 | ASSEMBLY UPDATE: Assembly updated and resolved
2025-12-12 14:08:44 | Patching iLogic rules (in same session)...
2025-12-12 14:08:44 | Patched 0 iLogic rules
2025-12-12 14:08:44 | ASSEMBLY UPDATE: Saving assembly...
2025-12-12 14:08:44 | ASSEMBLY UPDATE: Complete - references updated and iLogic patched
2025-12-12 14:08:44 | Processing IDW files...
2025-12-12 14:08:44 | IDW PROCESS: Found 1 IDW files
2025-12-12 14:08:44 | IDW PROCESS: Processing MGY-200-DRP-01-11.idw
2025-12-12 14:08:44 | IDW PROCESS: Opening original IDW from source location...
2025-12-12 14:08:45 | IDW PROCESS: Opened successfully, now updating references...
2025-12-12 14:08:45 | IDW PROCESS: Found 10 references
2025-12-12 14:08:45 | IDW PROCESS: Updating Part1 Beam.ipt -> test12-IPE1.ipt
2025-12-12 14:08:45 | IDW PROCESS: SUCCESS
2025-12-12 14:08:45 | IDW PROCESS: Updating Part2 PFC.ipt -> test12-CH2.ipt
2025-12-12 14:08:45 | IDW PROCESS: SUCCESS
2025-12-12 14:08:45 | IDW PROCESS: Updating Part3 PFC.ipt -> test12-CH3.ipt
2025-12-12 14:08:45 | IDW PROCESS: SUCCESS
2025-12-12 14:08:45 | IDW PROCESS: Updating Part4 End Plate.ipt -> test12-PL4.ipt
2025-12-12 14:08:45 | IDW PROCESS: SUCCESS
2025-12-12 14:08:45 | IDW PROCESS: Updating Part5 End Plate.ipt -> test12-PL5.ipt
2025-12-12 14:08:45 | IDW PROCESS: SUCCESS
2025-12-12 14:08:45 | IDW PROCESS: Updating Part6 End Plate.ipt -> test12-PL6.ipt
2025-12-12 14:08:45 | IDW PROCESS: SUCCESS
2025-12-12 14:08:45 | IDW PROCESS: Updating Part7 Corner Gusset.ipt -> test12-PL7.ipt
2025-12-12 14:08:45 | IDW PROCESS: SUCCESS
2025-12-12 14:08:45 | IDW PROCESS: Updating Part8 Centre Gusset.ipt -> test12-PL8.ipt
2025-12-12 14:08:45 | IDW PROCESS: SUCCESS
2025-12-12 14:08:45 | IDW PROCESS: Updating Part9 Angle.ipt -> test12-A9.ipt
2025-12-12 14:08:45 | IDW PROCESS: SUCCESS
2025-12-12 14:08:45 | IDW PROCESS: Updating Walkway-10.iam -> test.iam
2025-12-12 14:08:46 | IDW PROCESS: SUCCESS
2025-12-12 14:08:46 | IDW PROCESS: Patching iLogic in IDW...
2025-12-12 14:08:46 | IDW PROCESS: Patched 0 rules in IDW
2025-12-12 14:08:46 | IDW PROCESS: Saving to destination: C:\Users\Quintin\Documents\Spectiv\3. Working\22. DMS plant\Civils 2025-11-12\test\MGY-200-DRP-01-11.idw
2025-12-12 14:08:46 | IDW PROCESS: Successfully saved MGY-200-DRP-01-11.idw (10 references updated)
2025-12-12 14:08:46 | IDW PROCESS: All IDW files processed successfully
2025-12-12 14:08:46 | Saving iLogic patch log...
2025-12-12 14:08:46 | === ASSEMBLY CLONE COMPLETED SUCCESSFULLY ===
2025-12-12 14:08:46 | Log saved to: C:\Users\Quintin\Documents\Spectiv\3. Working\22. DMS plant\REF\FINAL_PRODUCTION_SCRIPTS 1 Oct 2025\Logs\AssemblyCloner_20251212_140823.log
