2025-12-09 12:54:14 | === ASSEMBLY CLONER ===
2025-12-09 12:54:14 | Copy assembly with all parts to new isolated location
2025-12-09 12:54:15 | SUCCESS: Connected to existing Inventor instance
2025-12-09 12:54:15 | STEP 1: Detecting open assembly
2025-12-09 12:54:15 | DETECTED: Access Walkway-3.iam
2025-12-09 12:54:15 | DETECTED: Full path - C:\Users\Quintin\Documents\Spectiv\3. Working\22. DMS plant\22. SSCR05 - Primary Sinks D&R Screen Station\000 Structure & Walkway\Access Walkway-3\Access Walkway-3.iam
2025-12-09 12:54:17 | STEP 2: Getting destination folder from user
2025-12-09 12:54:30 | DESTINATION: C:\Users\Quintin\Documents\Spectiv\3. Working\22. DMS plant\22. SSCR05 - Primary Sinks D&R Screen Station\000 Structure & Walkway\Access Walkway-5
2025-12-09 12:54:30 | New assembly name will be: Access Walkway-5.iam
2025-12-09 12:54:30 | STEP 3: Asking about heritage renaming
2025-12-09 12:54:33 | PLANT: Getting plant section naming convention from user
2025-12-09 12:54:39 | PLANT: Using prefix: WALKWAY-5-
2025-12-09 12:54:39 | STEP 4: Analyzing assembly structure
2025-12-09 12:54:39 | COLLECT: Scanning assembly for all referenced parts...
2025-12-09 12:54:39 | COLLECT: WALKWAY-3-CH1.ipt (TFC178x54x15)
2025-12-09 12:54:39 | COLLECT: WALKWAY-3-CH2.ipt (TFC178x54x15)
2025-12-09 12:54:39 | COLLECT: WALKWAY-3-PL1.ipt (PL 10mm S355JR)
2025-12-09 12:54:40 | COLLECT: WALKWAY-3-CH3.ipt (TFC178x54x15)
2025-12-09 12:54:40 | COLLECT: WALKWAY-3-PL2.ipt (PL 10mm S355JR)
2025-12-09 12:54:40 | COLLECT: Found 5 unique parts
2025-12-09 12:54:40 | ANALYZE: Found 5 unique parts to copy
2025-12-09 12:54:40 | STEP 5: Grouping components for heritage naming
2025-12-09 12:54:40 | GROUP: Grouping parts for heritage naming...
2025-12-09 12:54:40 | GROUP: Created 2 groups
2025-12-09 12:54:40 | SCHEME: CH -> WALKWAY-5-CH{N}
2025-12-09 12:54:40 | SCHEME: PL -> WALKWAY-5-PL{N}
2025-12-09 12:54:40 | STEP 6: Copying assembly to destination
2025-12-09 12:54:40 | Closing source assembly for safe copy...
2025-12-09 12:54:40 | COPIED: Assembly Access Walkway-3.iam -> Access Walkway-5.iam
2025-12-09 12:54:40 | STEP 7: Copying parts to destination
2025-12-09 12:54:40 | COPIED: WALKWAY-3-CH1.ipt -> WALKWAY-5-CH1.ipt
2025-12-09 12:54:40 | COPIED: WALKWAY-3-CH2.ipt -> WALKWAY-5-CH2.ipt
2025-12-09 12:54:40 | COPIED: WALKWAY-3-PL1.ipt -> WALKWAY-5-PL1.ipt
2025-12-09 12:54:40 | COPIED: WALKWAY-3-CH3.ipt -> WALKWAY-5-CH3.ipt
2025-12-09 12:54:40 | COPIED: WALKWAY-3-PL2.ipt -> WALKWAY-5-PL2.ipt
2025-12-09 12:54:40 | STEP 8: Updating references in copied assembly using ApprenticeServer
2025-12-09 12:54:40 | ASSEMBLY UPDATE: ApprenticeServer not available, using Inventor method
2025-12-09 12:54:40 | ASSEMBLY UPDATE (Inventor): Opening assembly...
2025-12-09 12:54:40 | ASSEMBLY UPDATE (Inventor): Opened Access Walkway-5.iam
2025-12-09 12:54:40 | UPDATE: Updating assembly references to local copies...
2025-12-09 12:54:40 | UPDATE: WALKWAY-3-CH1.ipt -> WALKWAY-5-CH1.ipt
2025-12-09 12:54:40 | UPDATE: WALKWAY-3-CH2.ipt -> WALKWAY-5-CH2.ipt
2025-12-09 12:54:40 | UPDATE: WALKWAY-3-PL1.ipt -> WALKWAY-5-PL1.ipt
2025-12-09 12:54:41 | UPDATE: No mapping for WALKWAY-5-PL1.ipt
2025-12-09 12:54:41 | UPDATE: WALKWAY-3-CH3.ipt -> WALKWAY-5-CH3.ipt
2025-12-09 12:54:41 | UPDATE: No mapping for WALKWAY-5-CH3.ipt
2025-12-09 12:54:41 | UPDATE: WALKWAY-3-PL2.ipt -> WALKWAY-5-PL2.ipt
2025-12-09 12:54:41 | UPDATE: No mapping for WALKWAY-5-PL1.ipt
2025-12-09 12:54:41 | ASSEMBLY UPDATE (Inventor): Saved successfully
2025-12-09 12:54:41 | ASSEMBLY UPDATE (Inventor): Complete - assembly left open for verification
2025-12-09 12:54:41 | STEP 9: Processing IDW files (update references, then save to new location)
2025-12-09 12:54:41 | IDW PROCESS: Found MGY-200-DRD-01-12.idw
2025-12-09 12:54:43 | IDW PROCESS: Opening original IDW from source location...
2025-12-09 12:54:43 | IDW PROCESS: Opened successfully, now updating references...
2025-12-09 12:54:43 | IDW PROCESS: Found 7 references
2025-12-09 12:54:43 | IDW PROCESS: No mapping for Part5 Angle.ipt
2025-12-09 12:54:43 | IDW PROCESS: Updating Access Walkway-3.iam -> Access Walkway-5.iam
2025-12-09 12:54:43 | IDW PROCESS: SUCCESS
2025-12-09 12:54:43 | IDW PROCESS: Updating WALKWAY-3-CH1.ipt -> WALKWAY-5-CH1.ipt
2025-12-09 12:54:43 | IDW PROCESS: SUCCESS
2025-12-09 12:54:44 | IDW PROCESS: Updating WALKWAY-3-CH2.ipt -> WALKWAY-5-CH2.ipt
2025-12-09 12:54:44 | IDW PROCESS: SUCCESS
2025-12-09 12:54:44 | IDW PROCESS: Updating WALKWAY-3-CH3.ipt -> WALKWAY-5-CH3.ipt
2025-12-09 12:54:44 | IDW PROCESS: SUCCESS
2025-12-09 12:54:44 | IDW PROCESS: Updating WALKWAY-3-PL1.ipt -> WALKWAY-5-PL1.ipt
2025-12-09 12:54:44 | IDW PROCESS: SUCCESS
2025-12-09 12:54:44 | IDW PROCESS: Updating WALKWAY-3-PL2.ipt -> WALKWAY-5-PL2.ipt
2025-12-09 12:54:44 | IDW PROCESS: SUCCESS
2025-12-09 12:54:44 | IDW PROCESS: Saving to destination: C:\Users\Quintin\Documents\Spectiv\3. Working\22. DMS plant\22. SSCR05 - Primary Sinks D&R Screen Station\000 Structure & Walkway\Access Walkway-5\MGY-200-DRD-01-13.idw
2025-12-09 12:54:44 | IDW PROCESS: Successfully saved MGY-200-DRD-01-13.idw (6 references updated)
2025-12-09 12:54:44 | === ASSEMBLY CLONER COMPLETED ===
