2025-12-17 16:01:42 | === ASSEMBLY CLONER STARTED ===
2025-12-17 16:01:42 | Using EXACT methodology from VBScript Option 9
2025-12-17 16:01:42 | Source assembly: C:\Users\Quintin\Documents\Spectiv\3. Working\22. DMS plant\22. SSCR05 - Primary Sinks D&R Screen Station\000 Structure & Walkway\Staircase-3\Staircase-3.iam
2025-12-17 16:01:42 | Source directory: C:\Users\Quintin\Documents\Spectiv\3. Working\22. DMS plant\22. SSCR05 - Primary Sinks D&R Screen Station\000 Structure & Walkway\Staircase-3
2025-12-17 16:01:44 | User confirmed clone operation
2025-12-17 16:01:44 | Opening folder browser dialog...
2025-12-17 16:02:08 | Destination folder selected: C:\Users\Quintin\Documents\Spectiv\3. Working\22. DMS plant\22. SSCR05 - Primary Sinks D&R Screen Station\000 Structure & Walkway\Staircase-5
2025-12-17 16:02:23 | Rename parts: True
2025-12-17 16:02:23 | Prompting for plant section prefix...
2025-12-17 16:02:24 | Plant section prefix: Staircase-5
2025-12-17 16:02:25 | New assembly name: Staircase-5
2025-12-17 16:02:25 | New assembly path: C:\Users\Quintin\Documents\Spectiv\3. Working\22. DMS plant\22. SSCR05 - Primary Sinks D&R Screen Station\000 Structure & Walkway\Staircase-5\Staircase-5.iam
2025-12-17 16:02:25 | COLLECT: Part1 TFC S-2.ipt (TFC 178x54x15)
2025-12-17 16:02:25 | COLLECT: Part2 TFC S-2.ipt (TFC 178x54x15)
2025-12-17 16:02:25 | COLLECT: Part3 TFC S-2.ipt (TFC 178x54x15)
2025-12-17 16:02:25 | COLLECT: Part4 TFC  S-2.ipt (TFC 178x54x15)
2025-12-17 16:02:25 | COLLECT: Part5 TFC S-2.ipt (TFC 178x54x15)
2025-12-17 16:02:25 | COLLECT: Part6 TFC S-2.ipt (TFC 178x54x15)
2025-12-17 16:02:25 | COLLECT: Part7 Stair End Plate S-2.ipt (PL 10mm S355JR)
2025-12-17 16:02:25 | COLLECT: Part8 Stair Stanchion Plate S-2.ipt (PL 10mm S355JR)
2025-12-17 16:02:25 | COLLECT: Part9 Stair End Plate S-2.ipt (PL 10mm S355JR)
2025-12-17 16:02:25 | COLLECT: Step S-2.ipt (STD VITAGRID 750 WIDE STEP)
2025-12-17 16:02:25 | COLLECT: Part10 TFC S-2.ipt (TFC 178x54x15)
2025-12-17 16:02:25 | COLLECT: Part11 Stanchion Plate S-2.ipt (PL 10mm S355JR)
2025-12-17 16:02:25 | COLLECT: Part12 TFC S-2.ipt (TFC 178x54x15)
2025-12-17 16:02:25 | COLLECT: Part14 TFC S-2.ipt (TFC 178x54x15)
2025-12-17 16:02:25 | COLLECT: Part15 TFC S-2.ipt (TFC 178x54x15)
2025-12-17 16:02:25 | COLLECT: Part16 TFC S-2_2.ipt (TFC 178x54x15)
2025-12-17 16:02:25 | COLLECT: Part16 TFC S-3.ipt (TFC 178x54x15)
2025-12-17 16:02:25 | COLLECT: Part13 TFC S-2.ipt (TFC 178x54x15)
2025-12-17 16:02:25 | Collected 18 parts
2025-12-17 16:02:25 | Closing source assembly for safe copy...
2025-12-17 16:02:26 | Copying assembly file...
2025-12-17 16:02:26 | COPIED: Staircase-3.iam -> Staircase-5.iam
2025-12-17 16:02:26 | Copying 18 parts...
2025-12-17 16:02:26 | COPIED: Part1 TFC S-2.ipt -> Staircase-5-CH1.ipt
2025-12-17 16:02:26 | COPIED: Part2 TFC S-2.ipt -> Staircase-5-CH2.ipt
2025-12-17 16:02:26 | COPIED: Part3 TFC S-2.ipt -> Staircase-5-CH3.ipt
2025-12-17 16:02:26 | COPIED: Part4 TFC  S-2.ipt -> Staircase-5-CH4.ipt
2025-12-17 16:02:26 | COPIED: Part5 TFC S-2.ipt -> Staircase-5-CH5.ipt
2025-12-17 16:02:26 | COPIED: Part6 TFC S-2.ipt -> Staircase-5-CH6.ipt
2025-12-17 16:02:26 | COPIED: Part7 Stair End Plate S-2.ipt -> Staircase-5-PL7.ipt
2025-12-17 16:02:26 | COPIED: Part8 Stair Stanchion Plate S-2.ipt -> Staircase-5-PL8.ipt
2025-12-17 16:02:26 | COPIED: Part9 Stair End Plate S-2.ipt -> Staircase-5-PL9.ipt
2025-12-17 16:02:26 | COPIED: Step S-2.ipt -> Staircase-5-OTHER10.ipt
2025-12-17 16:02:26 | COPIED: Part10 TFC S-2.ipt -> Staircase-5-CH11.ipt
2025-12-17 16:02:26 | COPIED: Part11 Stanchion Plate S-2.ipt -> Staircase-5-PL12.ipt
2025-12-17 16:02:26 | COPIED: Part12 TFC S-2.ipt -> Staircase-5-CH13.ipt
2025-12-17 16:02:26 | COPIED: Part14 TFC S-2.ipt -> Staircase-5-CH14.ipt
2025-12-17 16:02:26 | COPIED: Part15 TFC S-2.ipt -> Staircase-5-CH15.ipt
2025-12-17 16:02:26 | COPIED: Part16 TFC S-2_2.ipt -> Staircase-5-CH16.ipt
2025-12-17 16:02:26 | COPIED: Part16 TFC S-3.ipt -> Staircase-5-CH17.ipt
2025-12-17 16:02:26 | COPIED: Part13 TFC S-2.ipt -> Staircase-5-CH18.ipt
2025-12-17 16:02:26 | Updating assembly references and patching iLogic...
2025-12-17 16:02:26 | ASSEMBLY UPDATE: Using fd.ReplaceReference method (same as VBScript)
2025-12-17 16:02:26 | ASSEMBLY UPDATE: Opened Staircase-5.iam
2025-12-17 16:02:26 | ASSEMBLY UPDATE: Found 19 file references
2025-12-17 16:02:26 | ASSEMBLY UPDATE: No mapping for Bolted Connection1.iam
2025-12-17 16:02:26 | ASSEMBLY UPDATE: Replacing Part1 TFC S-2.ipt -> Staircase-5-CH1.ipt
2025-12-17 16:02:26 | ASSEMBLY UPDATE: SUCCESS
2025-12-17 16:02:26 | ASSEMBLY UPDATE: Replacing Part10 TFC S-2.ipt -> Staircase-5-CH11.ipt
2025-12-17 16:02:26 | ASSEMBLY UPDATE: SUCCESS
2025-12-17 16:02:26 | ASSEMBLY UPDATE: Replacing Part11 Stanchion Plate S-2.ipt -> Staircase-5-PL12.ipt
2025-12-17 16:02:26 | ASSEMBLY UPDATE: SUCCESS
2025-12-17 16:02:26 | ASSEMBLY UPDATE: Replacing Part12 TFC S-2.ipt -> Staircase-5-CH13.ipt
2025-12-17 16:02:26 | ASSEMBLY UPDATE: SUCCESS
2025-12-17 16:02:26 | ASSEMBLY UPDATE: Replacing Part13 TFC S-2.ipt -> Staircase-5-CH18.ipt
2025-12-17 16:02:26 | ASSEMBLY UPDATE: SUCCESS
2025-12-17 16:02:26 | ASSEMBLY UPDATE: Replacing Part14 TFC S-2.ipt -> Staircase-5-CH14.ipt
2025-12-17 16:02:26 | ASSEMBLY UPDATE: SUCCESS
2025-12-17 16:02:26 | ASSEMBLY UPDATE: Replacing Part15 TFC S-2.ipt -> Staircase-5-CH15.ipt
2025-12-17 16:02:26 | ASSEMBLY UPDATE: SUCCESS
2025-12-17 16:02:26 | ASSEMBLY UPDATE: Replacing Part16 TFC S-2_2.ipt -> Staircase-5-CH16.ipt
2025-12-17 16:02:26 | ASSEMBLY UPDATE: SUCCESS
2025-12-17 16:02:26 | ASSEMBLY UPDATE: Replacing Part16 TFC S-3.ipt -> Staircase-5-CH17.ipt
2025-12-17 16:02:26 | ASSEMBLY UPDATE: SUCCESS
2025-12-17 16:02:26 | ASSEMBLY UPDATE: Replacing Part2 TFC S-2.ipt -> Staircase-5-CH2.ipt
2025-12-17 16:02:26 | ASSEMBLY UPDATE: SUCCESS
2025-12-17 16:02:27 | ASSEMBLY UPDATE: Replacing Part3 TFC S-2.ipt -> Staircase-5-CH3.ipt
2025-12-17 16:02:27 | ASSEMBLY UPDATE: SUCCESS
2025-12-17 16:02:27 | ASSEMBLY UPDATE: Replacing Part4 TFC  S-2.ipt -> Staircase-5-CH4.ipt
2025-12-17 16:02:27 | ASSEMBLY UPDATE: SUCCESS
2025-12-17 16:02:27 | ASSEMBLY UPDATE: Replacing Part5 TFC S-2.ipt -> Staircase-5-CH5.ipt
2025-12-17 16:02:27 | ASSEMBLY UPDATE: SUCCESS
2025-12-17 16:02:27 | ASSEMBLY UPDATE: Replacing Part6 TFC S-2.ipt -> Staircase-5-CH6.ipt
2025-12-17 16:02:27 | ASSEMBLY UPDATE: SUCCESS
2025-12-17 16:02:27 | ASSEMBLY UPDATE: Replacing Part7 Stair End Plate S-2.ipt -> Staircase-5-PL7.ipt
2025-12-17 16:02:27 | ASSEMBLY UPDATE: SUCCESS
2025-12-17 16:02:27 | ASSEMBLY UPDATE: Replacing Part8 Stair Stanchion Plate S-2.ipt -> Staircase-5-PL8.ipt
2025-12-17 16:02:27 | ASSEMBLY UPDATE: SUCCESS
2025-12-17 16:02:27 | ASSEMBLY UPDATE: Replacing Part9 Stair End Plate S-2.ipt -> Staircase-5-PL9.ipt
2025-12-17 16:02:27 | ASSEMBLY UPDATE: SUCCESS
2025-12-17 16:02:27 | ASSEMBLY UPDATE: Replacing Step S-2.ipt -> Staircase-5-OTHER10.ipt
2025-12-17 16:02:27 | ASSEMBLY UPDATE: SUCCESS
2025-12-17 16:02:27 | ASSEMBLY UPDATE: Updated 18 references
2025-12-17 16:02:27 | ASSEMBLY UPDATE: Renaming occurrences to match new filenames...
2025-12-17 16:02:27 |   Renamed: "Part7 Stair End Plate S-2:1" -> "Staircase-5-PL7:1"
2025-12-17 16:02:27 |   Renamed: "Part7 Stair End Plate S-2:2" -> "Staircase-5-PL7:2"
2025-12-17 16:02:27 |   Renamed: "Bolted Connection:1" -> "Bolted Connection1:1"
2025-12-17 16:02:27 | ASSEMBLY UPDATE: Renamed 3 occurrences
2025-12-17 16:02:27 | ASSEMBLY UPDATE: Forcing assembly update to resolve occurrences...
2025-12-17 16:02:27 | ASSEMBLY UPDATE: Assembly updated and resolved
2025-12-17 16:02:27 | Patching iLogic rules (in same session)...
2025-12-17 16:02:27 | Patched 1 iLogic rules
2025-12-17 16:02:27 | ASSEMBLY UPDATE: Saving assembly...
2025-12-17 16:02:28 | ASSEMBLY UPDATE: Complete - references updated and iLogic patched
2025-12-17 16:02:28 | Processing IDW files...
2025-12-17 16:02:28 | IDW PROCESS: Found 1 IDW files
2025-12-17 16:02:33 | IDW PROCESS: Processing MGY-300-SP-01-03.idw -> MGY-300-SP-01-05.idw
2025-12-17 16:02:48 | IDW PROCESS: Opening original IDW from source location...
2025-12-17 16:02:49 | IDW PROCESS: Opened successfully, now updating references...
2025-12-17 16:02:49 | IDW PROCESS: Found 18 references
2025-12-17 16:02:49 | IDW PROCESS: Updating Part1 TFC S-2.ipt -> Staircase-5-CH1.ipt
2025-12-17 16:02:49 | IDW PROCESS: SUCCESS
2025-12-17 16:02:49 | IDW PROCESS: Updating Part10 TFC S-2.ipt -> Staircase-5-CH11.ipt
2025-12-17 16:02:49 | IDW PROCESS: SUCCESS
2025-12-17 16:02:49 | IDW PROCESS: Updating Part11 Stanchion Plate S-2.ipt -> Staircase-5-PL12.ipt
2025-12-17 16:02:49 | IDW PROCESS: SUCCESS
2025-12-17 16:02:49 | IDW PROCESS: Updating Part12 TFC S-2.ipt -> Staircase-5-CH13.ipt
2025-12-17 16:02:49 | IDW PROCESS: SUCCESS
2025-12-17 16:02:49 | IDW PROCESS: Updating Part13 TFC S-2.ipt -> Staircase-5-CH18.ipt
2025-12-17 16:02:49 | IDW PROCESS: SUCCESS
2025-12-17 16:02:49 | IDW PROCESS: Updating Part14 TFC S-2.ipt -> Staircase-5-CH14.ipt
2025-12-17 16:02:49 | IDW PROCESS: SUCCESS
2025-12-17 16:02:49 | IDW PROCESS: Updating Part15 TFC S-2.ipt -> Staircase-5-CH15.ipt
2025-12-17 16:02:49 | IDW PROCESS: SUCCESS
2025-12-17 16:02:49 | IDW PROCESS: No mapping for Part16 TFC S-2.ipt
2025-12-17 16:02:49 | IDW PROCESS: No mapping for Part17 TFC S-2.ipt
2025-12-17 16:02:49 | IDW PROCESS: Updating Part2 TFC S-2.ipt -> Staircase-5-CH2.ipt
2025-12-17 16:02:49 | IDW PROCESS: SUCCESS
2025-12-17 16:02:49 | IDW PROCESS: Updating Part3 TFC S-2.ipt -> Staircase-5-CH3.ipt
2025-12-17 16:02:49 | IDW PROCESS: SUCCESS
2025-12-17 16:02:49 | IDW PROCESS: Updating Part4 TFC  S-2.ipt -> Staircase-5-CH4.ipt
2025-12-17 16:02:49 | IDW PROCESS: SUCCESS
2025-12-17 16:02:49 | IDW PROCESS: Updating Part5 TFC S-2.ipt -> Staircase-5-CH5.ipt
2025-12-17 16:02:49 | IDW PROCESS: SUCCESS
2025-12-17 16:02:49 | IDW PROCESS: Updating Part6 TFC S-2.ipt -> Staircase-5-CH6.ipt
2025-12-17 16:02:49 | IDW PROCESS: SUCCESS
2025-12-17 16:02:49 | IDW PROCESS: Updating Part7 Stair End Plate S-2.ipt -> Staircase-5-PL7.ipt
2025-12-17 16:02:49 | IDW PROCESS: SUCCESS
2025-12-17 16:02:49 | IDW PROCESS: Updating Part8 Stair Stanchion Plate S-2.ipt -> Staircase-5-PL8.ipt
2025-12-17 16:02:49 | IDW PROCESS: SUCCESS
2025-12-17 16:02:49 | IDW PROCESS: Updating Part9 Stair End Plate S-2.ipt -> Staircase-5-PL9.ipt
2025-12-17 16:02:49 | IDW PROCESS: SUCCESS
2025-12-17 16:02:49 | IDW PROCESS: No mapping for Staircase-2.iam
2025-12-17 16:02:49 | IDW PROCESS: Patching iLogic in IDW...
2025-12-17 16:02:49 | IDW PROCESS: Patched 0 rules in IDW
2025-12-17 16:02:49 | IDW PROCESS: Updating iProperties for MGY-300-SP-01-03.idw
2025-12-17 16:02:49 | IDW PROCESS: Updated Part Number to 'MGY-300-SP-01-05'
2025-12-17 16:02:49 | IDW PROCESS: Updated Description to 'Staircase-5'
2025-12-17 16:02:49 | IDW PROCESS: iProperties update complete for MGY-300-SP-01-03.idw
2025-12-17 16:02:49 | IDW PROCESS: Saving to destination: C:\Users\Quintin\Documents\Spectiv\3. Working\22. DMS plant\22. SSCR05 - Primary Sinks D&R Screen Station\000 Structure & Walkway\Staircase-5\MGY-300-SP-01-05.idw
2025-12-17 16:02:50 | IDW PROCESS: Successfully saved MGY-300-SP-01-03.idw as MGY-300-SP-01-05.idw (15 references updated)
2025-12-17 16:02:50 | IDW PROCESS: All IDW files processed successfully
2025-12-17 16:02:50 | Updating iProperties for copied documents...
2025-12-17 16:02:51 | Updated iProperties for Staircase-5.iam
2025-12-17 16:02:51 | Updated iProperties for Staircase-5-CH1.ipt
2025-12-17 16:02:52 | Updated iProperties for Staircase-5-CH2.ipt
2025-12-17 16:02:52 | Updated iProperties for Staircase-5-CH3.ipt
2025-12-17 16:02:52 | Updated iProperties for Staircase-5-CH4.ipt
2025-12-17 16:02:52 | Updated iProperties for Staircase-5-CH5.ipt
2025-12-17 16:02:52 | Updated iProperties for Staircase-5-CH6.ipt
2025-12-17 16:02:53 | Updated iProperties for Staircase-5-PL7.ipt
2025-12-17 16:02:53 | Updated iProperties for Staircase-5-PL8.ipt
2025-12-17 16:02:53 | Updated iProperties for Staircase-5-PL9.ipt
2025-12-17 16:02:53 | Updated iProperties for Staircase-5-OTHER10.ipt
2025-12-17 16:02:53 | Updated iProperties for Staircase-5-CH11.ipt
2025-12-17 16:02:53 | Updated iProperties for Staircase-5-PL12.ipt
2025-12-17 16:02:54 | Updated iProperties for Staircase-5-CH13.ipt
2025-12-17 16:02:54 | Updated iProperties for Staircase-5-CH14.ipt
2025-12-17 16:02:54 | Updated iProperties for Staircase-5-CH15.ipt
2025-12-17 16:02:54 | Updated iProperties for Staircase-5-CH17.ipt
2025-12-17 16:02:54 | Updated iProperties for Staircase-5-CH18.ipt
2025-12-17 16:02:55 | Saving iLogic patch log...
2025-12-17 16:02:55 | === ASSEMBLY CLONE COMPLETED SUCCESSFULLY ===
2025-12-17 16:02:55 | Log saved to: C:\Users\Quintin\Documents\Spectiv\3. Working\22. DMS plant\REF\FINAL_PRODUCTION_SCRIPTS 1 Oct 2025\Logs\AssemblyCloner_20251217_160142.log
