2025-12-22 07:52:54 | === ASSEMBLY CLONER STARTED ===
2025-12-22 07:52:54 | Using EXACT methodology from VBScript Option 9
2025-12-22 07:52:54 | Source assembly: C:\Users\Quintin\Documents\Spectiv\3. Working\22. DMS plant\22. SSCR05 - Primary Sinks D&R Screen Station\000 Structure & Walkway\1.Structure\Channel-11\Channel-11.iam
2025-12-22 07:52:54 | Source directory: C:\Users\Quintin\Documents\Spectiv\3. Working\22. DMS plant\22. SSCR05 - Primary Sinks D&R Screen Station\000 Structure & Walkway\1.Structure\Channel-11
2025-12-22 07:52:55 | User confirmed clone operation
2025-12-22 07:52:55 | Opening folder browser dialog...
2025-12-22 07:53:11 | Destination folder selected: C:\Users\Quintin\Documents\Spectiv\3. Working\22. DMS plant\22. SSCR05 - Primary Sinks D&R Screen Station\000 Structure & Walkway\1.Structure\Channel-12
2025-12-22 07:53:13 | Rename parts: True
2025-12-22 07:53:13 | Prompting for plant section prefix...
2025-12-22 07:53:14 | Plant section prefix: Channel-12
2025-12-22 07:53:14 | New assembly name: Channel-12
2025-12-22 07:53:14 | New assembly path: C:\Users\Quintin\Documents\Spectiv\3. Working\22. DMS plant\22. SSCR05 - Primary Sinks D&R Screen Station\000 Structure & Walkway\1.Structure\Channel-12\Channel-12.iam
2025-12-22 07:53:14 | COLLECT: Channel-11-CH1.ipt (PFC180x70)
2025-12-22 07:53:14 | COLLECT: Channel-11-PL2.ipt (PL 10mm S355JR)
2025-12-22 07:53:14 | COLLECT: Channel-11-PL3.ipt (PL 8mm S355JR)
2025-12-22 07:53:14 | Collected 3 parts
2025-12-22 07:53:14 | Closing source assembly for safe copy...
2025-12-22 07:53:15 | Copying assembly file...
2025-12-22 07:53:15 | COPIED: Channel-11.iam -> Channel-12.iam
2025-12-22 07:53:15 | Copying 3 parts...
2025-12-22 07:53:15 | COPIED: Channel-11-CH1.ipt -> Channel-12-CH1.ipt
2025-12-22 07:53:15 | COPIED: Channel-11-PL2.ipt -> Channel-12-PL2.ipt
2025-12-22 07:53:15 | COPIED: Channel-11-PL3.ipt -> Channel-12-PL3.ipt
2025-12-22 07:53:15 | Updating assembly references and patching iLogic...
2025-12-22 07:53:15 | ASSEMBLY UPDATE: Using fd.ReplaceReference method (same as VBScript)
2025-12-22 07:53:15 | ASSEMBLY UPDATE: Opened Channel-12.iam
2025-12-22 07:53:15 | ASSEMBLY UPDATE: Found 3 file references
2025-12-22 07:53:15 | ASSEMBLY UPDATE: Replacing Channel-11-CH1.ipt -> Channel-12-CH1.ipt
2025-12-22 07:53:15 | ASSEMBLY UPDATE: SUCCESS
2025-12-22 07:53:15 | ASSEMBLY UPDATE: Replacing Channel-11-PL2.ipt -> Channel-12-PL2.ipt
2025-12-22 07:53:15 | ASSEMBLY UPDATE: SUCCESS
2025-12-22 07:53:15 | ASSEMBLY UPDATE: Replacing Channel-11-PL3.ipt -> Channel-12-PL3.ipt
2025-12-22 07:53:15 | ASSEMBLY UPDATE: SUCCESS
2025-12-22 07:53:15 | ASSEMBLY UPDATE: Updated 3 references
2025-12-22 07:53:15 | ASSEMBLY UPDATE: Renaming occurrences to match new filenames...
2025-12-22 07:53:15 | ASSEMBLY UPDATE: Renamed 0 occurrences
2025-12-22 07:53:15 | ASSEMBLY UPDATE: Forcing assembly update to resolve occurrences...
2025-12-22 07:53:15 | ASSEMBLY UPDATE: Assembly updated and resolved
2025-12-22 07:53:15 | Patching iLogic rules (in same session)...
2025-12-22 07:53:15 | Patched 0 iLogic rules
2025-12-22 07:53:15 | ASSEMBLY UPDATE: Saving assembly...
2025-12-22 07:53:15 | ASSEMBLY UPDATE: Complete - references updated and iLogic patched
2025-12-22 07:53:15 | Processing IDW files...
2025-12-22 07:53:15 | IDW PROCESS: Found 1 IDW files
2025-12-22 07:53:17 | IDW PROCESS: Processing MGY-200-DRP-01-01-xx.idw -> MGY-200-DRP-01-01-xx.idw
2025-12-22 07:53:17 | IDW PROCESS: Opening original IDW from source location...
2025-12-22 07:53:17 | IDW PROCESS: Opened successfully, now updating references...
2025-12-22 07:53:17 | IDW PROCESS: Found 5 references
2025-12-22 07:53:17 | IDW PROCESS: No mapping for Part4 Corner Gusset.ipt
2025-12-22 07:53:17 | IDW PROCESS: Updating Channel-11.iam -> Channel-12.iam
2025-12-22 07:53:17 | IDW PROCESS: SUCCESS
2025-12-22 07:53:17 | IDW PROCESS: Updating Channel-11-CH1.ipt -> Channel-12-CH1.ipt
2025-12-22 07:53:17 | IDW PROCESS: SUCCESS
2025-12-22 07:53:17 | IDW PROCESS: Updating Channel-11-PL2.ipt -> Channel-12-PL2.ipt
2025-12-22 07:53:17 | IDW PROCESS: SUCCESS
2025-12-22 07:53:17 | IDW PROCESS: Updating Channel-11-PL3.ipt -> Channel-12-PL3.ipt
2025-12-22 07:53:17 | IDW PROCESS: SUCCESS
2025-12-22 07:53:17 | IDW PROCESS: Patching iLogic in IDW...
2025-12-22 07:53:17 | IDW PROCESS: Patched 0 rules in IDW
2025-12-22 07:53:17 | IDW PROCESS: Updating iProperties for MGY-200-DRP-01-01-xx.idw
2025-12-22 07:53:17 | IDW PROCESS: Updated Part Number to 'MGY-200-DRP-01-01-xx'
2025-12-22 07:53:17 | IDW PROCESS: Updated Description to 'Channel-12'
2025-12-22 07:53:17 | IDW PROCESS: iProperties update complete for MGY-200-DRP-01-01-xx.idw
2025-12-22 07:53:17 | IDW PROCESS: Saving to destination: C:\Users\Quintin\Documents\Spectiv\3. Working\22. DMS plant\22. SSCR05 - Primary Sinks D&R Screen Station\000 Structure & Walkway\1.Structure\Channel-12\MGY-200-DRP-01-01-xx.idw
2025-12-22 07:53:18 | IDW PROCESS: Successfully saved MGY-200-DRP-01-01-xx.idw as MGY-200-DRP-01-01-xx.idw (4 references updated)
2025-12-22 07:53:18 | IDW PROCESS: All IDW files processed successfully
2025-12-22 07:53:18 | Updating iProperties for copied documents...
2025-12-22 07:53:18 | Updated iProperties for Channel-12.iam
2025-12-22 07:53:18 | Updated iProperties for Channel-12-CH1.ipt
2025-12-22 07:53:19 | Updated iProperties for Channel-12-PL2.ipt
2025-12-22 07:53:19 | Updated iProperties for Channel-12-PL3.ipt
2025-12-22 07:53:19 | Saving iLogic patch log...
2025-12-22 07:53:19 | === ASSEMBLY CLONE COMPLETED SUCCESSFULLY ===
2025-12-22 07:53:19 | Log saved to: C:\Users\Quintin\Documents\Spectiv\3. Working\22. DMS plant\REF\FINAL_PRODUCTION_SCRIPTS 1 Oct 2025\Logs\AssemblyCloner_20251222_075254.log
