2025-12-12 16:19:56 | === ASSEMBLY CLONER STARTED ===
2025-12-12 16:19:56 | Using EXACT methodology from VBScript Option 9
2025-12-12 16:19:56 | Source assembly: C:\Users\Quintin\Documents\Spectiv\3. Working\22. DMS plant\21. SSCR04 - Primary Floats D&R Screen Station\000 Structure & Walkway\1.Structure\Beam4\Beam-4.iam
2025-12-12 16:19:56 | Source directory: C:\Users\Quintin\Documents\Spectiv\3. Working\22. DMS plant\21. SSCR04 - Primary Floats D&R Screen Station\000 Structure & Walkway\1.Structure\Beam4
2025-12-12 16:19:57 | User confirmed clone operation
2025-12-12 16:19:57 | Opening folder browser dialog...
2025-12-12 16:20:04 | Destination folder selected: C:\Users\Quintin\Documents\Spectiv\3. Working\22. DMS plant\Civils 2025-11-12\test
2025-12-12 16:20:05 | Rename parts: True
2025-12-12 16:20:05 | Prompting for plant section prefix...
2025-12-12 16:20:13 | Plant section prefix: b-99
2025-12-12 16:20:15 | New assembly name: b-99
2025-12-12 16:20:15 | New assembly path: C:\Users\Quintin\Documents\Spectiv\3. Working\22. DMS plant\Civils 2025-11-12\test\b-99.iam
2025-12-12 16:20:15 | COLLECT: Part1.ipt (PL 10mm S355JR)
2025-12-12 16:20:15 | COLLECT: Part2 203x133x25.ipt (UB203x133x25)
2025-12-12 16:20:15 | COLLECT: Part4.ipt (PL 8mm S355JR)
2025-12-12 16:20:15 | COLLECT: Part3.ipt (PL 8mm S355JR)
2025-12-12 16:20:15 | Collected 4 parts
2025-12-12 16:20:15 | Closing source assembly for safe copy...
2025-12-12 16:20:15 | Copying assembly file...
2025-12-12 16:20:15 | COPIED: Beam-4.iam -> b-99.iam
2025-12-12 16:20:15 | Copying 4 parts...
2025-12-12 16:20:15 | COPIED: Part1.ipt -> b-99-PL1.ipt
2025-12-12 16:20:15 | COPIED: Part2 203x133x25.ipt -> b-99-B2.ipt
2025-12-12 16:20:15 | COPIED: Part4.ipt -> b-99-PL3.ipt
2025-12-12 16:20:15 | COPIED: Part3.ipt -> b-99-PL4.ipt
2025-12-12 16:20:15 | Updating assembly references and patching iLogic...
2025-12-12 16:20:15 | ASSEMBLY UPDATE: Using fd.ReplaceReference method (same as VBScript)
2025-12-12 16:20:15 | ASSEMBLY UPDATE: Opened b-99.iam
2025-12-12 16:20:15 | ASSEMBLY UPDATE: Found 4 file references
2025-12-12 16:20:15 | ASSEMBLY UPDATE: Replacing Part1.ipt -> b-99-PL1.ipt
2025-12-12 16:20:15 | ASSEMBLY UPDATE: SUCCESS
2025-12-12 16:20:15 | ASSEMBLY UPDATE: Replacing Part2 203x133x25.ipt -> b-99-B2.ipt
2025-12-12 16:20:15 | ASSEMBLY UPDATE: SUCCESS
2025-12-12 16:20:15 | ASSEMBLY UPDATE: Replacing Part3.ipt -> b-99-PL4.ipt
2025-12-12 16:20:15 | ASSEMBLY UPDATE: SUCCESS
2025-12-12 16:20:15 | ASSEMBLY UPDATE: Replacing Part4.ipt -> b-99-PL3.ipt
2025-12-12 16:20:15 | ASSEMBLY UPDATE: SUCCESS
2025-12-12 16:20:15 | ASSEMBLY UPDATE: Updated 4 references
2025-12-12 16:20:15 | ASSEMBLY UPDATE: Renaming occurrences to match new filenames...
2025-12-12 16:20:15 | ASSEMBLY UPDATE: Renamed 0 occurrences
2025-12-12 16:20:15 | ASSEMBLY UPDATE: Forcing assembly update to resolve occurrences...
2025-12-12 16:20:15 | ASSEMBLY UPDATE: Assembly updated and resolved
2025-12-12 16:20:15 | Patching iLogic rules (in same session)...
2025-12-12 16:20:15 | Patched 0 iLogic rules
2025-12-12 16:20:15 | ASSEMBLY UPDATE: Saving assembly...
2025-12-12 16:20:15 | ASSEMBLY UPDATE: Complete - references updated and iLogic patched
2025-12-12 16:20:15 | Processing IDW files...
2025-12-12 16:20:15 | IDW PROCESS: Found 1 IDW files
2025-12-12 16:20:19 | IDW PROCESS: Processing MGY-200-DRP-01-01-04.idw -> MGY-200-DRP-01-01-99.idw
2025-12-12 16:20:19 | IDW PROCESS: Opening original IDW from source location...
2025-12-12 16:20:20 | IDW PROCESS: Opened successfully, now updating references...
2025-12-12 16:20:20 | IDW PROCESS: Found 5 references
2025-12-12 16:20:20 | IDW PROCESS: No mapping for B-99.iam
2025-12-12 16:20:20 | IDW PROCESS: No mapping for b-99-B2.ipt
2025-12-12 16:20:20 | IDW PROCESS: No mapping for b-99-PL1.ipt
2025-12-12 16:20:20 | IDW PROCESS: No mapping for b-99-PL3.ipt
2025-12-12 16:20:20 | IDW PROCESS: No mapping for b-99-PL4.ipt
2025-12-12 16:20:20 | IDW PROCESS: Patching iLogic in IDW...
2025-12-12 16:20:20 | IDW PROCESS: Patched 0 rules in IDW
2025-12-12 16:20:20 | IDW PROCESS: Updating iProperties for MGY-200-DRP-01-01-04.idw
2025-12-12 16:20:20 | IDW PROCESS: Updated Part Number to 'MGY-200-DRP-01-01-99'
2025-12-12 16:20:20 | IDW PROCESS: Updated Description to 'b-99'
2025-12-12 16:20:20 | IDW PROCESS: iProperties update complete for MGY-200-DRP-01-01-04.idw
2025-12-12 16:20:20 | IDW PROCESS: Saving to destination: C:\Users\Quintin\Documents\Spectiv\3. Working\22. DMS plant\Civils 2025-11-12\test\MGY-200-DRP-01-01-99.idw
2025-12-12 16:20:21 | IDW PROCESS: Successfully saved MGY-200-DRP-01-01-04.idw as MGY-200-DRP-01-01-99.idw (0 references updated)
2025-12-12 16:20:21 | IDW PROCESS: All IDW files processed successfully
2025-12-12 16:20:21 | Updating iProperties for copied documents...
2025-12-12 16:20:21 | Updated iProperties for b-99.iam
2025-12-12 16:20:21 | Updated iProperties for b-99-PL1.ipt
2025-12-12 16:20:22 | Updated iProperties for b-99-B2.ipt
2025-12-12 16:20:22 | Updated iProperties for b-99-PL3.ipt
2025-12-12 16:20:22 | Updated iProperties for b-99-PL4.ipt
2025-12-12 16:20:22 | Saving iLogic patch log...
2025-12-12 16:20:22 | === ASSEMBLY CLONE COMPLETED SUCCESSFULLY ===
2025-12-12 16:20:22 | Log saved to: C:\Users\Quintin\Documents\Spectiv\3. Working\22. DMS plant\REF\FINAL_PRODUCTION_SCRIPTS 1 Oct 2025\Logs\AssemblyCloner_20251212_161956.log
