2025-12-11 07:09:20 | === ASSEMBLY CLONER STARTED ===
2025-12-11 07:09:20 | Using EXACT methodology from VBScript Option 9
2025-12-11 07:09:20 | Source assembly: C:\Users\Quintin\Documents\Spectiv\3. Working\22. DMS plant\22. SSCR05 - Primary Sinks D&R Screen Station\000 Structure & Walkway\Staircase-1 - LH\Staircase-1.iam
2025-12-11 07:09:20 | Source directory: C:\Users\Quintin\Documents\Spectiv\3. Working\22. DMS plant\22. SSCR05 - Primary Sinks D&R Screen Station\000 Structure & Walkway\Staircase-1 - LH
2025-12-11 07:09:22 | User confirmed clone operation
2025-12-11 07:09:22 | Opening folder browser dialog...
2025-12-11 07:09:45 | Destination folder selected: C:\Users\Quintin\Documents\Spectiv\3. Working\22. DMS plant\22. SSCR05 - Primary Sinks D&R Screen Station\000 Structure & Walkway\staircasetest
2025-12-11 07:09:47 | Rename parts: True
2025-12-11 07:09:47 | Prompting for plant section prefix...
2025-12-11 07:09:50 | Plant section prefix: staircasetest
2025-12-11 07:09:50 | New assembly name will be: staircasetest.iam
2025-12-11 07:09:50 | COLLECT: Part1 TFC.ipt (TFC 178x54x15)
2025-12-11 07:09:50 | COLLECT: Part2 TFC.ipt (TFC 178x54x15)
2025-12-11 07:09:50 | COLLECT: Part3 TFC.ipt (TFC 178x54x15)
2025-12-11 07:09:50 | COLLECT: Part4 TFC .ipt (TFC 178x54x15)
2025-12-11 07:09:50 | COLLECT: Part5 TFC.ipt (TFC 178x54x15)
2025-12-11 07:09:50 | COLLECT: Part6 TFC.ipt (TFC 178x54x15)
2025-12-11 07:09:50 | COLLECT: Part7 Stair End Plate.ipt (PL 10mm S355JR)
2025-12-11 07:09:50 | COLLECT: Part14 Base Plate.ipt (PL 10mm S355JR)
2025-12-11 07:09:50 | COLLECT: Part8 Stair Stanchion Plate.ipt (PL 10mm S355JR)
2025-12-11 07:09:50 | COLLECT: Part9 TFC.ipt (TFC 178x54x15)
2025-12-11 07:09:50 | COLLECT: Part10 TFC.ipt (TFC 178x54x15)
2025-12-11 07:09:50 | COLLECT: Part11 TFC.ipt (TFC 178x54x15)
2025-12-11 07:09:50 | COLLECT: Step.ipt (STD VITAGRID 750 WIDE STEP)
2025-12-11 07:09:50 | COLLECT: Part13 Stanchion Plate.ipt (PL 10mm S355JR)
2025-12-11 07:09:50 | Collected 14 parts
2025-12-11 07:09:50 | Closing source assembly for safe copy...
2025-12-11 07:09:51 | Copying assembly file...
2025-12-11 07:09:51 | COPIED: Staircase-1.iam -> staircasetest.iam
2025-12-11 07:09:51 | Copying 14 parts...
2025-12-11 07:09:51 | COPIED: Part1 TFC.ipt -> staircasetest-CH1.ipt
2025-12-11 07:09:51 | COPIED: Part2 TFC.ipt -> staircasetest-CH2.ipt
2025-12-11 07:09:51 | COPIED: Part3 TFC.ipt -> staircasetest-CH3.ipt
2025-12-11 07:09:51 | COPIED: Part4 TFC .ipt -> staircasetest-CH4.ipt
2025-12-11 07:09:51 | COPIED: Part5 TFC.ipt -> staircasetest-CH5.ipt
2025-12-11 07:09:51 | COPIED: Part6 TFC.ipt -> staircasetest-CH6.ipt
2025-12-11 07:09:51 | COPIED: Part7 Stair End Plate.ipt -> staircasetest-PL7.ipt
2025-12-11 07:09:51 | COPIED: Part14 Base Plate.ipt -> staircasetest-PL8.ipt
2025-12-11 07:09:51 | COPIED: Part8 Stair Stanchion Plate.ipt -> staircasetest-PL9.ipt
2025-12-11 07:09:51 | COPIED: Part9 TFC.ipt -> staircasetest-CH10.ipt
2025-12-11 07:09:51 | COPIED: Part10 TFC.ipt -> staircasetest-CH11.ipt
2025-12-11 07:09:51 | COPIED: Part11 TFC.ipt -> staircasetest-CH12.ipt
2025-12-11 07:09:51 | COPIED: Step.ipt -> staircasetest-OTHER13.ipt
2025-12-11 07:09:51 | COPIED: Part13 Stanchion Plate.ipt -> staircasetest-PL14.ipt
2025-12-11 07:09:51 | Updating assembly references using fd.ReplaceReference...
2025-12-11 07:09:51 | ASSEMBLY UPDATE: Using fd.ReplaceReference method (same as VBScript)
2025-12-11 07:09:51 | ASSEMBLY UPDATE: Opened staircasetest.iam
2025-12-11 07:09:51 | ASSEMBLY UPDATE: ERROR - Unable to cast COM object of type 'System.__ComObject' to interface type 'Inventor.ReferencedFileDescriptors'. This operation failed because the QueryInterface call on the COM component for the interface with IID '{9E0BA9CB-E916-11D2-B785-0060B0F159EF}' failed due to the following error: No such interface supported (0x80004002 (E_NOINTERFACE)).
2025-12-11 07:09:51 | Patching iLogic rules...
2025-12-11 07:09:51 | Patched 1 iLogic rules
2025-12-11 07:09:51 | Processing IDW files...
2025-12-11 07:09:51 | IDW PROCESS: Found 1 IDW files
2025-12-11 07:09:51 | IDW PROCESS: Processing MGY-300-SP-01-02.idw
2025-12-11 07:09:51 | IDW PROCESS: Opening original IDW from source location...
2025-12-11 07:09:52 | IDW PROCESS: Opened successfully, now updating references...
2025-12-11 07:09:52 | IDW PROCESS: ERROR - Unable to cast COM object of type 'System.__ComObject' to interface type 'Inventor.ReferencedFileDescriptors'. This operation failed because the QueryInterface call on the COM component for the interface with IID '{9E0BA9CB-E916-11D2-B785-0060B0F159EF}' failed due to the following error: No such interface supported (0x80004002 (E_NOINTERFACE)).
2025-12-11 07:09:52 | Saving iLogic patch log...
2025-12-11 07:09:52 | === ASSEMBLY CLONE COMPLETED SUCCESSFULLY ===
2025-12-11 07:09:52 | Log saved to: C:\Users\Quintin\Documents\Spectiv\3. Working\22. DMS plant\REF\FINAL_PRODUCTION_SCRIPTS 1 Oct 2025\Logs\AssemblyCloner_20251211_070920.log
