2025-12-09 10:44:29 | === ASSEMBLY CLONER ===
2025-12-09 10:44:29 | Copy assembly with all parts to new isolated location
2025-12-09 10:44:31 | SUCCESS: Connected to existing Inventor instance
2025-12-09 10:44:31 | STEP 1: Detecting open assembly
2025-12-09 10:44:31 | DETECTED: Knee Brace-4-2.iam
2025-12-09 10:44:31 | DETECTED: Full path - C:\Users\Quintin\Documents\Spectiv\3. Working\22. DMS plant\22. SSCR05 - Primary Sinks D&R Screen Station\000 Structure & Walkway\Knee Brace-4\Knee Brace-4-2.iam
2025-12-09 10:44:33 | STEP 2: Getting destination folder from user
2025-12-09 10:44:45 | DESTINATION: C:\Users\Quintin\Documents\Spectiv\3. Working\22. DMS plant\22. SSCR05 - Primary Sinks D&R Screen Station\000 Structure & Walkway\Knee Brace-5
2025-12-09 10:44:45 | New assembly name will be: Knee Brace-5.iam
2025-12-09 10:44:45 | STEP 3: Asking about heritage renaming
2025-12-09 10:44:47 | PLANT: Getting plant section naming convention from user
2025-12-09 10:45:00 | PLANT: Using prefix: KNEE BRACE-5-
2025-12-09 10:45:00 | STEP 4: Analyzing assembly structure
2025-12-09 10:45:00 | COLLECT: Scanning assembly for all referenced parts...
2025-12-09 10:45:00 | COLLECT: Part3 178 x 54 x 15 H-KB2-2.ipt (TFC178x54x15)
2025-12-09 10:45:00 | COLLECT: Part4 Stairway Connecting Plate H-KB2.ipt (PL 10mm S355JR)
2025-12-09 10:45:00 | COLLECT: Found 2 unique parts
2025-12-09 10:45:00 | ANALYZE: Found 2 unique parts to copy
2025-12-09 10:45:00 | STEP 5: Grouping components for heritage naming
2025-12-09 10:45:00 | GROUP: Grouping parts for heritage naming...
2025-12-09 10:45:00 | GROUP: Created 2 groups
2025-12-09 10:45:00 | SCHEME: CH -> KNEE BRACE-5-CH{N}
2025-12-09 10:45:00 | SCHEME: PL -> KNEE BRACE-5-PL{N}
2025-12-09 10:45:00 | STEP 6: Copying assembly to destination
2025-12-09 10:45:00 | Closing source assembly for safe copy...
2025-12-09 10:45:00 | COPIED: Assembly Knee Brace-4-2.iam -> Knee Brace-5.iam
2025-12-09 10:45:00 | STEP 7: Copying parts to destination
2025-12-09 10:45:00 | COPIED: Part3 178 x 54 x 15 H-KB2-2.ipt -> KNEE BRACE-5-CH1.ipt
2025-12-09 10:45:00 | COPIED: Part4 Stairway Connecting Plate H-KB2.ipt -> KNEE BRACE-5-PL1.ipt
2025-12-09 10:45:00 | STEP 8: Updating references in copied assembly using ApprenticeServer
2025-12-09 10:45:00 | ASSEMBLY UPDATE: ApprenticeServer not available, using Inventor method
2025-12-09 10:45:00 | ASSEMBLY UPDATE (Inventor): Opening assembly...
2025-12-09 10:45:01 | ASSEMBLY UPDATE (Inventor): Opened Knee Brace-5.iam
2025-12-09 10:45:01 | UPDATE: Updating assembly references to local copies...
2025-12-09 10:45:01 | UPDATE: Part3 178 x 54 x 15 H-KB2-2.ipt -> KNEE BRACE-5-CH1.ipt
2025-12-09 10:45:01 | UPDATE: Part4 Stairway Connecting Plate H-KB2.ipt -> KNEE BRACE-5-PL1.ipt
2025-12-09 10:45:01 | UPDATE: No mapping for KNEE BRACE-5-PL1.ipt
2025-12-09 10:45:01 | ASSEMBLY UPDATE (Inventor): Saved successfully
2025-12-09 10:45:01 | ASSEMBLY UPDATE (Inventor): Complete - assembly left open for verification
2025-12-09 10:45:01 | STEP 9: Processing IDW files (update references, then save to new location)
2025-12-09 10:45:01 | IDW PROCESS: Found MGY-200-DRD-01-13.idw
2025-12-09 10:45:08 | IDW PROCESS: Opening original IDW from source location...
2025-12-09 10:45:08 | IDW PROCESS: Opened successfully, now updating references...
2025-12-09 10:45:08 | IDW PROCESS: Found 6 references
2025-12-09 10:45:09 | IDW PROCESS: No mapping for Knee Brace-4.iam
2025-12-09 10:45:09 | IDW PROCESS: No mapping for Part1 178 x 54 x 15 H-KB2.ipt
2025-12-09 10:45:09 | IDW PROCESS: No mapping for Part2 Stairway Connecting Plate H-KB2.ipt
2025-12-09 10:45:09 | IDW PROCESS: No mapping for Part3 178 x 54 x 15 H-KB2.ipt
2025-12-09 10:45:09 | IDW PROCESS: Updating Part4 Stairway Connecting Plate H-KB2.ipt -> KNEE BRACE-5-PL1.ipt
2025-12-09 10:45:09 | IDW PROCESS: SUCCESS
2025-12-09 10:45:09 | IDW PROCESS: No mapping for Part5 H-KB2.ipt
2025-12-09 10:45:09 | IDW PROCESS: Saving to destination: C:\Users\Quintin\Documents\Spectiv\3. Working\22. DMS plant\22. SSCR05 - Primary Sinks D&R Screen Station\000 Structure & Walkway\Knee Brace-5\MGY-200-DRD-01-14.idw
2025-12-09 10:45:09 | IDW PROCESS: Successfully saved MGY-200-DRD-01-14.idw (1 references updated)
2025-12-09 10:45:09 | === ASSEMBLY CLONER COMPLETED ===
