2026-01-19 11:41:01 | === ASSEMBLY CLONER ===
2026-01-19 11:41:01 | Copy assembly with all sub-assemblies and parts to new isolated location
2026-01-19 11:41:03 | SUCCESS: Connected to existing Inventor instance
2026-01-19 11:41:03 | STEP 1: Detecting open assembly
2026-01-19 11:41:03 | DETECTED: Beam50.iam
2026-01-19 11:41:03 | DETECTED: Full path - C:\Users\Quintin\Documents\Spectiv\3. Working\22. DMS plant\21. SSCR04 - Primary Floats D&R Screen Station\N1SCR06-000\000 Structure & Walkway\1.Structure\Beam50\Beam50.iam
2026-01-19 11:41:04 | STEP 2: Getting destination folder from user
2026-01-19 11:41:14 | DESTINATION: C:\Users\Quintin\Documents\Spectiv\3. Working\22. DMS plant\21. SSCR04 - Primary Floats D&R Screen Station\N1SCR06-000\000 Structure & Walkway\1.Structure\Beam51
2026-01-19 11:41:14 | DEST LOG: Writing destination log to C:\Users\Quintin\Documents\Spectiv\3. Working\22. DMS plant\21. SSCR04 - Primary Floats D&R Screen Station\N1SCR06-000\000 Structure & Walkway\1.Structure\Beam51\AssemblyCloner_20260119_114114.log
2026-01-19 11:41:14 | New assembly name will be: Beam51.iam
2026-01-19 11:41:14 | STEP 3: Asking about heritage renaming
2026-01-19 11:41:21 | PLANT: Getting plant section naming convention from user
2026-01-19 11:41:23 | PLANT: Using prefix: N1SCR06-000-
2026-01-19 11:41:23 | STEP 4: Analyzing assembly structure
2026-01-19 11:41:23 | COLLECT: Scanning assembly for all referenced parts and sub-assemblies...
2026-01-19 11:41:23 | COLLECT: PART N1SCR06-000-B91.ipt (UB254x146x31) at ROOT
2026-01-19 11:41:23 | COLLECT: PART N1SCR06-000-PL250.ipt (PL 10mm S355JR) at ROOT
2026-01-19 11:41:23 | COLLECT: PART N1SCR06-000-PL251.ipt (PL 10mm S355JR) at ROOT
2026-01-19 11:41:23 | COLLECT: Found 3 unique files
2026-01-19 11:41:23 | COLLECT: Scanning for IDW drawing files...
2026-01-19 11:41:23 | COLLECT: DRAWING MGY-200-DRP-01-01-11.idw
2026-01-19 11:41:23 | COLLECT: Skipping OldVersions folder: C:\Users\Quintin\Documents\Spectiv\3. Working\22. DMS plant\21. SSCR04 - Primary Floats D&R Screen Station\N1SCR06-000\000 Structure & Walkway\1.Structure\Beam50\OldVersions
2026-01-19 11:41:23 | ANALYZE: Found 4 unique parts to copy
2026-01-19 11:41:23 | STEP 5: Grouping components for heritage naming
2026-01-19 11:41:23 | GROUP: Grouping parts for heritage naming...
2026-01-19 11:41:23 | GROUP: Skipping drawing MGY-200-DRP-01-01-11.idw
2026-01-19 11:41:23 | GROUP: Created 2 groups
2026-01-19 11:41:23 | SCHEME: B -> N1SCR06-000-B{N}
2026-01-19 11:41:23 | SCHEME: PL -> N1SCR06-000-PL{N}
2026-01-19 11:41:23 | STEP 6: Copying assembly to destination
2026-01-19 11:41:23 | Closing source assembly for safe copy...
2026-01-19 11:41:24 | COPIED: Assembly Beam50.iam -> Beam51.iam
2026-01-19 11:41:24 | STEP 7: Copying parts and sub-assemblies to destination
2026-01-19 11:41:24 | REGISTRY: Loading existing counters for prefix: N1SCR06-000-
2026-01-19 11:41:24 | REGISTRY SCAN: Scanning for existing counters with prefix: N1SCR06-000-
2026-01-19 11:41:24 | REGISTRY SCAN: Found existing counter: N1SCR06-000-CH = 67
2026-01-19 11:41:24 | REGISTRY SCAN: Found existing counter: N1SCR06-000-PL = 251
2026-01-19 11:41:24 | REGISTRY SCAN: Found existing counter: N1SCR06-000-B = 91
2026-01-19 11:41:24 | REGISTRY SCAN: Found existing counter: N1SCR06-000-A = 68
2026-01-19 11:41:24 | REGISTRY SCAN: No existing counter for: N1SCR06-000-P (will start from 1)
2026-01-19 11:41:24 | REGISTRY SCAN: No existing counter for: N1SCR06-000-SQ (will start from 1)
2026-01-19 11:41:24 | REGISTRY SCAN: No existing counter for: N1SCR06-000-FL (will start from 1)
2026-01-19 11:41:24 | REGISTRY SCAN: No existing counter for: N1SCR06-000-LPL (will start from 1)
2026-01-19 11:41:24 | REGISTRY SCAN: Found existing counter: N1SCR06-000-IPE = 45
2026-01-19 11:41:24 | REGISTRY SCAN: No existing counter for: N1SCR06-000-OTHER (will start from 1)
2026-01-19 11:41:24 | REGISTRY SCAN: Found existing counter: N1SCR06-000-FLG = 4
2026-01-19 11:41:24 | REGISTRY SCAN: No existing counter for: N1SCR06-000-R (will start from 1)
2026-01-19 11:41:24 | REGISTRY SCAN: Loaded 6 existing counters from Registry
2026-01-19 11:41:24 | REGISTRY: Group 'B' continuing from number 92 (found existing highest = 91)
2026-01-19 11:41:24 | REGISTRY: Group 'PL' continuing from number 252 (found existing highest = 251)
2026-01-19 11:41:24 | COPIED: N1SCR06-000-B91.ipt -> N1SCR06-000-B92.ipt
2026-01-19 11:41:24 | COPIED: N1SCR06-000-PL250.ipt -> N1SCR06-000-PL252.ipt
2026-01-19 11:41:24 | COPIED: N1SCR06-000-PL251.ipt -> N1SCR06-000-PL253.ipt
2026-01-19 11:41:24 | COPY: DRAWING MGY-200-DRP-01-01-11.idw (keeping original name)
2026-01-19 11:41:24 | COPIED: MGY-200-DRP-01-01-11.idw -> MGY-200-DRP-01-01-11.idw
2026-01-19 11:41:24 | REGISTRY: Saving final counters to Registry
2026-01-19 11:41:24 | REGISTRY: Saved N1SCR06-000-B = 92
2026-01-19 11:41:24 | REGISTRY: Saved N1SCR06-000-PL = 253
2026-01-19 11:41:24 | REGISTRY: All counters saved successfully
2026-01-19 11:41:24 | STEP 8: Updating references in ALL copied assemblies
2026-01-19 11:41:24 | STEP 8a: Pre-loading all copied PARTS into memory...
2026-01-19 11:41:24 | PRELOAD: N1SCR06-000-B92.ipt
2026-01-19 11:41:24 | PRELOAD: N1SCR06-000-PL252.ipt
2026-01-19 11:41:24 | PRELOAD: N1SCR06-000-PL253.ipt
2026-01-19 11:41:24 | STEP 8b: Pre-loading all copied SUB-ASSEMBLIES...
2026-01-19 11:41:24 | STEP 8c: Opening main assembly with all components in memory...
2026-01-19 11:41:24 | STEP 8c: Main assembly opened successfully
2026-01-19 11:41:24 | STEP 8d: Updating file references in all assemblies...
2026-01-19 11:41:24 | STEP 8d: Found 1 assemblies to update
2026-01-19 11:41:24 | STEP 8d: [1/1] Updating references in Beam51.iam
2026-01-19 11:41:26 | IN-MEMORY UPDATE: Found Beam51.iam in memory
2026-01-19 11:41:26 | IN-MEMORY UPDATE: Built lookup with 5 filenames, 5 paths
2026-01-19 11:41:26 | IN-MEMORY UPDATE: Found 3 references
2026-01-19 11:41:26 | IN-MEMORY UPDATE: Checking ref: n1scr06-000-b91.ipt (path: C:\Users\Quintin\Documents\Spectiv\3. Working\22. DMS plant\21. SSCR04 - Primary Floats D&R Screen Station\N1SCR06-000\000 Structure & Walkway\1.Structure\Beam50\N1SCR06-000-B91.ipt)
2026-01-19 11:41:26 | IN-MEMORY UPDATE: Found by EXACT PATH match
2026-01-19 11:41:26 | IN-MEMORY UPDATE: REPLACING n1scr06-000-b91.ipt -> N1SCR06-000-B92.ipt
2026-01-19 11:41:26 | IN-MEMORY UPDATE: Checking ref: n1scr06-000-pl250.ipt (path: C:\Users\Quintin\Documents\Spectiv\3. Working\22. DMS plant\21. SSCR04 - Primary Floats D&R Screen Station\N1SCR06-000\000 Structure & Walkway\1.Structure\Beam50\N1SCR06-000-PL250.ipt)
2026-01-19 11:41:26 | IN-MEMORY UPDATE: Found by EXACT PATH match
2026-01-19 11:41:26 | IN-MEMORY UPDATE: REPLACING n1scr06-000-pl250.ipt -> N1SCR06-000-PL252.ipt
2026-01-19 11:41:26 | IN-MEMORY UPDATE: Checking ref: n1scr06-000-pl251.ipt (path: C:\Users\Quintin\Documents\Spectiv\3. Working\22. DMS plant\21. SSCR04 - Primary Floats D&R Screen Station\N1SCR06-000\000 Structure & Walkway\1.Structure\Beam50\N1SCR06-000-PL251.ipt)
2026-01-19 11:41:26 | IN-MEMORY UPDATE: Found by EXACT PATH match
2026-01-19 11:41:26 | IN-MEMORY UPDATE: REPLACING n1scr06-000-pl251.ipt -> N1SCR06-000-PL253.ipt
2026-01-19 11:41:26 | IN-MEMORY UPDATE: Updated 3 references in Beam51.iam
2026-01-19 11:41:26 | STEP 8d: Explicitly updating MAIN assembly: Beam51.iam
2026-01-19 11:41:29 | IN-MEMORY UPDATE: Found Beam51.iam in memory
2026-01-19 11:41:29 | IN-MEMORY UPDATE: Built lookup with 5 filenames, 5 paths
2026-01-19 11:41:29 | IN-MEMORY UPDATE: Found 3 references
2026-01-19 11:41:29 | IN-MEMORY UPDATE: Checking ref: n1scr06-000-b92.ipt (path: C:\Users\Quintin\Documents\Spectiv\3. Working\22. DMS plant\21. SSCR04 - Primary Floats D&R Screen Station\N1SCR06-000\000 Structure & Walkway\1.Structure\Beam51\N1SCR06-000-B92.ipt)
2026-01-19 11:41:29 | IN-MEMORY UPDATE: NO MAPPING for n1scr06-000-b92.ipt
2026-01-19 11:41:29 | IN-MEMORY UPDATE: Checking ref: n1scr06-000-pl252.ipt (path: C:\Users\Quintin\Documents\Spectiv\3. Working\22. DMS plant\21. SSCR04 - Primary Floats D&R Screen Station\N1SCR06-000\000 Structure & Walkway\1.Structure\Beam51\N1SCR06-000-PL252.ipt)
2026-01-19 11:41:29 | IN-MEMORY UPDATE: NO MAPPING for n1scr06-000-pl252.ipt
2026-01-19 11:41:29 | IN-MEMORY UPDATE: Checking ref: n1scr06-000-pl253.ipt (path: C:\Users\Quintin\Documents\Spectiv\3. Working\22. DMS plant\21. SSCR04 - Primary Floats D&R Screen Station\N1SCR06-000\000 Structure & Walkway\1.Structure\Beam51\N1SCR06-000-PL253.ipt)
2026-01-19 11:41:29 | IN-MEMORY UPDATE: NO MAPPING for n1scr06-000-pl253.ipt
2026-01-19 11:41:29 | IN-MEMORY UPDATE: Updated 0 references in Beam51.iam
2026-01-19 11:41:29 | STEP 8e: Saving all documents...
