2025-12-22 07:53:34 | === ASSEMBLY CLONER STARTED ===
2025-12-22 07:53:34 | Using EXACT methodology from VBScript Option 9
2025-12-22 07:53:34 | Source assembly: C:\Users\Quintin\Documents\Spectiv\3. Working\22. DMS plant\22. SSCR05 - Primary Sinks D&R Screen Station\000 Structure & Walkway\1.Structure\Channel-11\Channel-11.iam
2025-12-22 07:53:34 | Source directory: C:\Users\Quintin\Documents\Spectiv\3. Working\22. DMS plant\22. SSCR05 - Primary Sinks D&R Screen Station\000 Structure & Walkway\1.Structure\Channel-11
2025-12-22 07:53:35 | User confirmed clone operation
2025-12-22 07:53:35 | Opening folder browser dialog...
2025-12-22 07:53:53 | Destination folder selected: C:\Users\Quintin\Documents\Spectiv\3. Working\22. DMS plant\22. SSCR05 - Primary Sinks D&R Screen Station\000 Structure & Walkway\1.Structure\Channel-13
2025-12-22 07:53:54 | Rename parts: True
2025-12-22 07:53:54 | Prompting for plant section prefix...
2025-12-22 07:53:55 | Plant section prefix: Channel-13
2025-12-22 07:53:56 | New assembly name: Channel-13
2025-12-22 07:53:56 | New assembly path: C:\Users\Quintin\Documents\Spectiv\3. Working\22. DMS plant\22. SSCR05 - Primary Sinks D&R Screen Station\000 Structure & Walkway\1.Structure\Channel-13\Channel-13.iam
2025-12-22 07:53:56 | COLLECT: Channel-11-CH1.ipt (PFC180x70)
2025-12-22 07:53:56 | COLLECT: Channel-11-PL2.ipt (PL 10mm S355JR)
2025-12-22 07:53:56 | COLLECT: Channel-11-PL3.ipt (PL 8mm S355JR)
2025-12-22 07:53:56 | Collected 3 parts
2025-12-22 07:53:56 | Closing source assembly for safe copy...
2025-12-22 07:53:56 | Copying assembly file...
2025-12-22 07:53:56 | COPIED: Channel-11.iam -> Channel-13.iam
2025-12-22 07:53:56 | Copying 3 parts...
2025-12-22 07:53:56 | COPIED: Channel-11-CH1.ipt -> Channel-13-CH1.ipt
2025-12-22 07:53:56 | COPIED: Channel-11-PL2.ipt -> Channel-13-PL2.ipt
2025-12-22 07:53:56 | COPIED: Channel-11-PL3.ipt -> Channel-13-PL3.ipt
2025-12-22 07:53:56 | Updating assembly references and patching iLogic...
2025-12-22 07:53:56 | ASSEMBLY UPDATE: Using fd.ReplaceReference method (same as VBScript)
2025-12-22 07:53:56 | ASSEMBLY UPDATE: Opened Channel-13.iam
2025-12-22 07:53:56 | ASSEMBLY UPDATE: Found 3 file references
2025-12-22 07:53:56 | ASSEMBLY UPDATE: Replacing Channel-11-CH1.ipt -> Channel-13-CH1.ipt
2025-12-22 07:53:56 | ASSEMBLY UPDATE: SUCCESS
2025-12-22 07:53:56 | ASSEMBLY UPDATE: Replacing Channel-11-PL2.ipt -> Channel-13-PL2.ipt
2025-12-22 07:53:56 | ASSEMBLY UPDATE: SUCCESS
2025-12-22 07:53:56 | ASSEMBLY UPDATE: Replacing Channel-11-PL3.ipt -> Channel-13-PL3.ipt
2025-12-22 07:53:56 | ASSEMBLY UPDATE: SUCCESS
2025-12-22 07:53:56 | ASSEMBLY UPDATE: Updated 3 references
2025-12-22 07:53:56 | ASSEMBLY UPDATE: Renaming occurrences to match new filenames...
2025-12-22 07:53:56 | ASSEMBLY UPDATE: Renamed 0 occurrences
2025-12-22 07:53:56 | ASSEMBLY UPDATE: Forcing assembly update to resolve occurrences...
2025-12-22 07:53:56 | ASSEMBLY UPDATE: Assembly updated and resolved
2025-12-22 07:53:56 | Patching iLogic rules (in same session)...
2025-12-22 07:53:56 | Patched 0 iLogic rules
2025-12-22 07:53:56 | ASSEMBLY UPDATE: Saving assembly...
2025-12-22 07:53:57 | ASSEMBLY UPDATE: Complete - references updated and iLogic patched
2025-12-22 07:53:57 | Processing IDW files...
2025-12-22 07:53:57 | IDW PROCESS: Found 1 IDW files
2025-12-22 07:53:58 | IDW PROCESS: Processing MGY-200-DRP-01-01-xx.idw -> MGY-200-DRP-01-01-xx.idw
2025-12-22 07:53:58 | IDW PROCESS: Opening original IDW from source location...
2025-12-22 07:53:58 | IDW PROCESS: Opened successfully, now updating references...
2025-12-22 07:53:58 | IDW PROCESS: Found 5 references
2025-12-22 07:53:58 | IDW PROCESS: No mapping for Part4 Corner Gusset.ipt
2025-12-22 07:53:58 | IDW PROCESS: Updating Channel-11.iam -> Channel-13.iam
2025-12-22 07:53:58 | IDW PROCESS: SUCCESS
2025-12-22 07:53:58 | IDW PROCESS: Updating Channel-11-CH1.ipt -> Channel-13-CH1.ipt
2025-12-22 07:53:58 | IDW PROCESS: SUCCESS
2025-12-22 07:53:58 | IDW PROCESS: Updating Channel-11-PL2.ipt -> Channel-13-PL2.ipt
2025-12-22 07:53:58 | IDW PROCESS: SUCCESS
2025-12-22 07:53:58 | IDW PROCESS: Updating Channel-11-PL3.ipt -> Channel-13-PL3.ipt
2025-12-22 07:53:58 | IDW PROCESS: SUCCESS
2025-12-22 07:53:58 | IDW PROCESS: Patching iLogic in IDW...
2025-12-22 07:53:58 | IDW PROCESS: Patched 0 rules in IDW
2025-12-22 07:53:58 | IDW PROCESS: Updating iProperties for MGY-200-DRP-01-01-xx.idw
2025-12-22 07:53:58 | IDW PROCESS: Updated Part Number to 'MGY-200-DRP-01-01-xx'
2025-12-22 07:53:58 | IDW PROCESS: Updated Description to 'Channel-13'
2025-12-22 07:53:58 | IDW PROCESS: iProperties update complete for MGY-200-DRP-01-01-xx.idw
2025-12-22 07:53:58 | IDW PROCESS: Saving to destination: C:\Users\Quintin\Documents\Spectiv\3. Working\22. DMS plant\22. SSCR05 - Primary Sinks D&R Screen Station\000 Structure & Walkway\1.Structure\Channel-13\MGY-200-DRP-01-01-xx.idw
2025-12-22 07:53:59 | IDW PROCESS: Successfully saved MGY-200-DRP-01-01-xx.idw as MGY-200-DRP-01-01-xx.idw (4 references updated)
2025-12-22 07:53:59 | IDW PROCESS: All IDW files processed successfully
2025-12-22 07:53:59 | Updating iProperties for copied documents...
2025-12-22 07:53:59 | Updated iProperties for Channel-13.iam
2025-12-22 07:53:59 | Updated iProperties for Channel-13-CH1.ipt
2025-12-22 07:54:00 | Updated iProperties for Channel-13-PL2.ipt
2025-12-22 07:54:00 | Updated iProperties for Channel-13-PL3.ipt
2025-12-22 07:54:00 | Saving iLogic patch log...
2025-12-22 07:54:00 | === ASSEMBLY CLONE COMPLETED SUCCESSFULLY ===
2025-12-22 07:54:00 | Log saved to: C:\Users\Quintin\Documents\Spectiv\3. Working\22. DMS plant\REF\FINAL_PRODUCTION_SCRIPTS 1 Oct 2025\Logs\AssemblyCloner_20251222_075334.log
