2025-12-16 07:56:37 | === ASSEMBLY CLONER STARTED ===
2025-12-16 07:56:37 | Using EXACT methodology from VBScript Option 9
2025-12-16 07:56:37 | Source assembly: C:\Users\Quintin\Documents\Spectiv\3. Working\22. DMS plant\22. SSCR05 - Primary Sinks D&R Screen Station\000 Structure & Walkway\1.Structure\Beam-5\Beam-5.iam
2025-12-16 07:56:37 | Source directory: C:\Users\Quintin\Documents\Spectiv\3. Working\22. DMS plant\22. SSCR05 - Primary Sinks D&R Screen Station\000 Structure & Walkway\1.Structure\Beam-5
2025-12-16 07:56:39 | User confirmed clone operation
2025-12-16 07:56:39 | Opening folder browser dialog...
2025-12-16 07:57:04 | Destination folder selected: C:\Users\Quintin\Documents\Spectiv\3. Working\22. DMS plant\22. SSCR05 - Primary Sinks D&R Screen Station\000 Structure & Walkway\1.Structure\Beam-23
2025-12-16 07:57:05 | Rename parts: True
2025-12-16 07:57:05 | Prompting for plant section prefix...
2025-12-16 07:57:09 | Plant section prefix: Beam-23
2025-12-16 07:57:10 | New assembly name: Beam-23
2025-12-16 07:57:10 | New assembly path: C:\Users\Quintin\Documents\Spectiv\3. Working\22. DMS plant\22. SSCR05 - Primary Sinks D&R Screen Station\000 Structure & Walkway\1.Structure\Beam-23\Beam-23.iam
2025-12-16 07:57:10 | COLLECT: Part1 S-B5.ipt (PL 10mm S355JR)
2025-12-16 07:57:10 | COLLECT: Part2 203x133x25 S-B5.ipt (UB203x133x25)
2025-12-16 07:57:10 | Collected 2 parts
2025-12-16 07:57:10 | Closing source assembly for safe copy...
2025-12-16 07:57:13 | Copying assembly file...
2025-12-16 07:57:13 | COPIED: Beam-5.iam -> Beam-23.iam
2025-12-16 07:57:13 | Copying 2 parts...
2025-12-16 07:57:13 | COPIED: Part1 S-B5.ipt -> Beam-23-PL1.ipt
2025-12-16 07:57:13 | COPIED: Part2 203x133x25 S-B5.ipt -> Beam-23-B2.ipt
2025-12-16 07:57:13 | Updating assembly references and patching iLogic...
2025-12-16 07:57:13 | ASSEMBLY UPDATE: Using fd.ReplaceReference method (same as VBScript)
2025-12-16 07:57:13 | ASSEMBLY UPDATE: Opened Beam-23.iam
2025-12-16 07:57:13 | ASSEMBLY UPDATE: Found 2 file references
2025-12-16 07:57:13 | ASSEMBLY UPDATE: Replacing Part1 S-B5.ipt -> Beam-23-PL1.ipt
2025-12-16 07:57:13 | ASSEMBLY UPDATE: SUCCESS
2025-12-16 07:57:13 | ASSEMBLY UPDATE: Replacing Part2 203x133x25 S-B5.ipt -> Beam-23-B2.ipt
2025-12-16 07:57:13 | ASSEMBLY UPDATE: SUCCESS
2025-12-16 07:57:13 | ASSEMBLY UPDATE: Updated 2 references
2025-12-16 07:57:13 | ASSEMBLY UPDATE: Renaming occurrences to match new filenames...
2025-12-16 07:57:13 | ASSEMBLY UPDATE: Renamed 0 occurrences
2025-12-16 07:57:13 | ASSEMBLY UPDATE: Forcing assembly update to resolve occurrences...
2025-12-16 07:57:13 | ASSEMBLY UPDATE: Assembly updated and resolved
2025-12-16 07:57:13 | Patching iLogic rules (in same session)...
2025-12-16 07:57:13 | Patched 0 iLogic rules
2025-12-16 07:57:13 | ASSEMBLY UPDATE: Saving assembly...
2025-12-16 07:57:13 | ASSEMBLY UPDATE: Complete - references updated and iLogic patched
2025-12-16 07:57:13 | Processing IDW files...
2025-12-16 07:57:13 | IDW PROCESS: Found 1 IDW files
2025-12-16 07:57:30 | IDW PROCESS: Processing MGY-200-DRD-01-01-17.idw -> MGY-200-DRD-01-01-18.idw
2025-12-16 07:57:41 | IDW PROCESS: Opening original IDW from source location...
2025-12-16 07:57:44 | IDW PROCESS: Opened successfully, now updating references...
2025-12-16 07:57:44 | IDW PROCESS: Found 5 references
2025-12-16 07:57:44 | IDW PROCESS: Updating Beam-5.iam -> Beam-23.iam
2025-12-16 07:57:44 | IDW PROCESS: SUCCESS
2025-12-16 07:57:44 | IDW PROCESS: Updating Part1 S-B5.ipt -> Beam-23-PL1.ipt
2025-12-16 07:57:44 | IDW PROCESS: SUCCESS
2025-12-16 07:57:44 | IDW PROCESS: Updating Part2 203x133x25 S-B5.ipt -> Beam-23-B2.ipt
2025-12-16 07:57:45 | IDW PROCESS: SUCCESS
2025-12-16 07:57:45 | IDW PROCESS: No mapping for Part3 S-B5.ipt
2025-12-16 07:57:45 | IDW PROCESS: No mapping for Part4 S-B5.ipt
2025-12-16 07:57:45 | IDW PROCESS: Patching iLogic in IDW...
2025-12-16 07:57:45 | IDW PROCESS: Patched 0 rules in IDW
2025-12-16 07:57:45 | IDW PROCESS: Updating iProperties for MGY-200-DRD-01-01-17.idw
2025-12-16 07:57:45 | IDW PROCESS: Updated Part Number to 'MGY-200-DRD-01-01-18'
2025-12-16 07:57:45 | IDW PROCESS: Updated Description to 'Beam-23'
2025-12-16 07:57:45 | IDW PROCESS: iProperties update complete for MGY-200-DRD-01-01-17.idw
2025-12-16 07:57:45 | IDW PROCESS: Saving to destination: C:\Users\Quintin\Documents\Spectiv\3. Working\22. DMS plant\22. SSCR05 - Primary Sinks D&R Screen Station\000 Structure & Walkway\1.Structure\Beam-23\MGY-200-DRD-01-01-18.idw
2025-12-16 07:57:46 | IDW PROCESS: Successfully saved MGY-200-DRD-01-01-17.idw as MGY-200-DRD-01-01-18.idw (3 references updated)
2025-12-16 07:57:46 | IDW PROCESS: All IDW files processed successfully
2025-12-16 07:57:46 | Updating iProperties for copied documents...
2025-12-16 07:57:46 | Updated iProperties for Beam-23.iam
2025-12-16 07:57:47 | Updated iProperties for Beam-23-PL1.ipt
2025-12-16 07:57:47 | Updated iProperties for Beam-23-B2.ipt
2025-12-16 07:57:47 | Saving iLogic patch log...
2025-12-16 07:57:47 | === ASSEMBLY CLONE COMPLETED SUCCESSFULLY ===
2025-12-16 07:57:47 | Log saved to: C:\Users\Quintin\Documents\Spectiv\3. Working\22. DMS plant\REF\FINAL_PRODUCTION_SCRIPTS 1 Oct 2025\Logs\AssemblyCloner_20251216_075637.log
