2025-12-17 14:54:05 | === ASSEMBLY CLONER STARTED ===
2025-12-17 14:54:05 | Using EXACT methodology from VBScript Option 9
2025-12-17 14:54:05 | Source assembly: C:\Users\Quintin\Documents\Spectiv\3. Working\22. DMS plant\22. SSCR05 - Primary Sinks D&R Screen Station\000 Structure & Walkway\1.Structure\Beam-27\Beam-27.iam
2025-12-17 14:54:05 | Source directory: C:\Users\Quintin\Documents\Spectiv\3. Working\22. DMS plant\22. SSCR05 - Primary Sinks D&R Screen Station\000 Structure & Walkway\1.Structure\Beam-27
2025-12-17 14:54:06 | User confirmed clone operation
2025-12-17 14:54:06 | Opening folder browser dialog...
2025-12-17 14:54:24 | Destination folder selected: C:\Users\Quintin\Documents\Spectiv\3. Working\22. DMS plant\22. SSCR05 - Primary Sinks D&R Screen Station\000 Structure & Walkway\1.Structure\Beam-28
2025-12-17 14:54:25 | Rename parts: True
2025-12-17 14:54:25 | Prompting for plant section prefix...
2025-12-17 14:54:26 | Plant section prefix: Beam-28
2025-12-17 14:54:27 | New assembly name: Beam-28
2025-12-17 14:54:27 | New assembly path: C:\Users\Quintin\Documents\Spectiv\3. Working\22. DMS plant\22. SSCR05 - Primary Sinks D&R Screen Station\000 Structure & Walkway\1.Structure\Beam-28\Beam-28.iam
2025-12-17 14:54:27 | COLLECT: Beam-27-OTHER1.ipt (203 x 133 x 25 PFI)
2025-12-17 14:54:27 | COLLECT: Beam-27-PL2.ipt (PL 10mm S355JR)
2025-12-17 14:54:27 | COLLECT: Beam-27-PL3.ipt (PL 8mm S355JR)
2025-12-17 14:54:27 | Collected 3 parts
2025-12-17 14:54:27 | Closing source assembly for safe copy...
2025-12-17 14:54:27 | Copying assembly file...
2025-12-17 14:54:27 | COPIED: Beam-27.iam -> Beam-28.iam
2025-12-17 14:54:27 | Copying 3 parts...
2025-12-17 14:54:27 | COPIED: Beam-27-OTHER1.ipt -> Beam-28-OTHER1.ipt
2025-12-17 14:54:27 | COPIED: Beam-27-PL2.ipt -> Beam-28-PL2.ipt
2025-12-17 14:54:27 | COPIED: Beam-27-PL3.ipt -> Beam-28-PL3.ipt
2025-12-17 14:54:27 | Updating assembly references and patching iLogic...
2025-12-17 14:54:27 | ASSEMBLY UPDATE: Using fd.ReplaceReference method (same as VBScript)
2025-12-17 14:54:27 | ASSEMBLY UPDATE: Opened Beam-28.iam
2025-12-17 14:54:27 | ASSEMBLY UPDATE: Found 3 file references
2025-12-17 14:54:27 | ASSEMBLY UPDATE: Replacing Beam-27-OTHER1.ipt -> Beam-28-OTHER1.ipt
2025-12-17 14:54:27 | ASSEMBLY UPDATE: SUCCESS
2025-12-17 14:54:27 | ASSEMBLY UPDATE: Replacing Beam-27-PL2.ipt -> Beam-28-PL2.ipt
2025-12-17 14:54:27 | ASSEMBLY UPDATE: SUCCESS
2025-12-17 14:54:27 | ASSEMBLY UPDATE: Replacing Beam-27-PL3.ipt -> Beam-28-PL3.ipt
2025-12-17 14:54:27 | ASSEMBLY UPDATE: SUCCESS
2025-12-17 14:54:27 | ASSEMBLY UPDATE: Updated 3 references
2025-12-17 14:54:27 | ASSEMBLY UPDATE: Renaming occurrences to match new filenames...
2025-12-17 14:54:27 | ASSEMBLY UPDATE: Renamed 0 occurrences
2025-12-17 14:54:27 | ASSEMBLY UPDATE: Forcing assembly update to resolve occurrences...
2025-12-17 14:54:27 | ASSEMBLY UPDATE: Assembly updated and resolved
2025-12-17 14:54:27 | Patching iLogic rules (in same session)...
2025-12-17 14:54:27 | Patched 0 iLogic rules
2025-12-17 14:54:27 | ASSEMBLY UPDATE: Saving assembly...
2025-12-17 14:54:28 | ASSEMBLY UPDATE: Complete - references updated and iLogic patched
2025-12-17 14:54:28 | Processing IDW files...
2025-12-17 14:54:28 | IDW PROCESS: Found 1 IDW files
2025-12-17 14:54:29 | IDW PROCESS: Processing MGY-200-DRP-01-01-45.idw -> MGY-200-DRP-01-01-45.idw
2025-12-17 14:54:34 | IDW PROCESS: Opening original IDW from source location...
2025-12-17 14:54:34 | IDW PROCESS: Opened successfully, now updating references...
2025-12-17 14:54:34 | IDW PROCESS: Found 5 references
2025-12-17 14:54:34 | IDW PROCESS: No mapping for Part3 Centre Gusset.ipt
2025-12-17 14:54:34 | IDW PROCESS: Updating Beam-27.iam -> Beam-28.iam
2025-12-17 14:54:34 | IDW PROCESS: SUCCESS
2025-12-17 14:54:34 | IDW PROCESS: Updating Beam-27-OTHER1.ipt -> Beam-28-OTHER1.ipt
2025-12-17 14:54:34 | IDW PROCESS: SUCCESS
2025-12-17 14:54:34 | IDW PROCESS: Updating Beam-27-PL2.ipt -> Beam-28-PL2.ipt
2025-12-17 14:54:34 | IDW PROCESS: SUCCESS
2025-12-17 14:54:34 | IDW PROCESS: Updating Beam-27-PL3.ipt -> Beam-28-PL3.ipt
2025-12-17 14:54:34 | IDW PROCESS: SUCCESS
2025-12-17 14:54:34 | IDW PROCESS: Patching iLogic in IDW...
2025-12-17 14:54:34 | IDW PROCESS: Patched 0 rules in IDW
2025-12-17 14:54:34 | IDW PROCESS: Updating iProperties for MGY-200-DRP-01-01-45.idw
2025-12-17 14:54:34 | IDW PROCESS: Updated Part Number to 'MGY-200-DRP-01-01-45'
2025-12-17 14:54:34 | IDW PROCESS: Updated Description to 'Beam-28'
2025-12-17 14:54:34 | IDW PROCESS: iProperties update complete for MGY-200-DRP-01-01-45.idw
2025-12-17 14:54:34 | IDW PROCESS: Saving to destination: C:\Users\Quintin\Documents\Spectiv\3. Working\22. DMS plant\22. SSCR05 - Primary Sinks D&R Screen Station\000 Structure & Walkway\1.Structure\Beam-28\MGY-200-DRP-01-01-45.idw
2025-12-17 14:54:35 | IDW PROCESS: Successfully saved MGY-200-DRP-01-01-45.idw as MGY-200-DRP-01-01-45.idw (4 references updated)
2025-12-17 14:54:35 | IDW PROCESS: All IDW files processed successfully
2025-12-17 14:54:35 | Updating iProperties for copied documents...
2025-12-17 14:54:35 | Updated iProperties for Beam-28.iam
2025-12-17 14:54:36 | Updated iProperties for Beam-28-OTHER1.ipt
2025-12-17 14:54:36 | Updated iProperties for Beam-28-PL2.ipt
2025-12-17 14:54:36 | Updated iProperties for Beam-28-PL3.ipt
2025-12-17 14:54:36 | Saving iLogic patch log...
2025-12-17 14:54:36 | === ASSEMBLY CLONE COMPLETED SUCCESSFULLY ===
2025-12-17 14:54:36 | Log saved to: C:\Users\Quintin\Documents\Spectiv\3. Working\22. DMS plant\REF\FINAL_PRODUCTION_SCRIPTS 1 Oct 2025\Logs\AssemblyCloner_20251217_145405.log
