2026-01-20 07:33:42 | === ASSEMBLY CLONER ===
2026-01-20 07:33:42 | Copy assembly with all sub-assemblies and parts to new isolated location
2026-01-20 07:33:43 | SUCCESS: Connected to existing Inventor instance
2026-01-20 07:33:43 | STEP 1: Detecting open assembly
2026-01-20 07:33:43 | DETECTED: Knee Brace-1.iam
2026-01-20 07:33:43 | DETECTED: Full path - C:\Users\Quintin\Documents\Spectiv\3. Working\22. DMS plant\20. SSCR03 - Deslime Screen Station\000 Structure\Knee Brace-1\Knee Brace-1.iam
2026-01-20 07:33:45 | STEP 2: Getting destination folder from user
2026-01-20 07:34:02 | DESTINATION: C:\Users\Quintin\Documents\Spectiv\3. Working\22. DMS plant\20. SSCR03 - Deslime Screen Station\000 Structure\RenameTestKneebrace
2026-01-20 07:34:02 | DEST LOG: Writing destination log to C:\Users\Quintin\Documents\Spectiv\3. Working\22. DMS plant\20. SSCR03 - Deslime Screen Station\000 Structure\RenameTestKneebrace\AssemblyCloner_20260120_073402.log
2026-01-20 07:34:02 | New assembly name will be: RenameTestKneebrace.iam
2026-01-20 07:34:02 | STEP 3: Asking about heritage renaming
2026-01-20 07:34:05 | PLANT: Getting plant section naming convention from user
2026-01-20 07:34:31 | PLANT: Using prefix: N1SCR04-000-
2026-01-20 07:34:31 | STEP 4: Analyzing assembly structure
2026-01-20 07:34:31 | COLLECT: Scanning assembly for all referenced parts and sub-assemblies...
2026-01-20 07:34:31 | COLLECT: PART Part1 TFC S-KB1.ipt (TFC178x54x15) at ROOT
2026-01-20 07:34:31 | COLLECT: PART Part2 End Plate S-KB1.ipt (PL 10mm S355JR) at ROOT
2026-01-20 07:34:31 | COLLECT: PART Part3 End Plate S-KB1.ipt (PL 10mm S355JR) at ROOT
2026-01-20 07:34:31 | COLLECT: Found 3 unique files
2026-01-20 07:34:31 | COLLECT: Scanning for IDW drawing files...
2026-01-20 07:34:31 | COLLECT: DRAWING MGY-200-DSL-01-08.idw
2026-01-20 07:34:31 | ANALYZE: Found 4 unique parts to copy
2026-01-20 07:34:31 | STEP 5: Grouping components for heritage naming
2026-01-20 07:34:31 | GROUP: Grouping parts for heritage naming...
2026-01-20 07:34:31 | GROUP: Skipping drawing MGY-200-DSL-01-08.idw
2026-01-20 07:34:31 | GROUP: Created 2 groups
2026-01-20 07:34:31 | SCHEME: CH -> N1SCR04-000-CH{N}
2026-01-20 07:34:31 | SCHEME: PL -> N1SCR04-000-PL{N}
2026-01-20 07:34:31 | STEP 6: Copying assembly to destination
2026-01-20 07:34:31 | Closing source assembly for safe copy...
2026-01-20 07:34:31 | COPIED: Assembly Knee Brace-1.iam -> RenameTestKneebrace.iam
2026-01-20 07:34:31 | STEP 7: Copying parts and sub-assemblies to destination
2026-01-20 07:34:31 | REGISTRY: Loading existing counters for prefix: N1SCR04-000-
2026-01-20 07:34:31 | REGISTRY SCAN: Scanning for existing counters with prefix: N1SCR04-000-
2026-01-20 07:34:31 | REGISTRY SCAN: Found existing counter: N1SCR04-000-CH = 97
2026-01-20 07:34:31 | REGISTRY SCAN: Found existing counter: N1SCR04-000-PL = 180
2026-01-20 07:34:32 | REGISTRY SCAN: Found existing counter: N1SCR04-000-B = 54
2026-01-20 07:34:32 | REGISTRY SCAN: Found existing counter: N1SCR04-000-A = 28
2026-01-20 07:34:32 | REGISTRY SCAN: No existing counter for: N1SCR04-000-P (will start from 1)
2026-01-20 07:34:32 | REGISTRY SCAN: No existing counter for: N1SCR04-000-SQ (will start from 1)
2026-01-20 07:34:32 | REGISTRY SCAN: No existing counter for: N1SCR04-000-FL (will start from 1)
2026-01-20 07:34:32 | REGISTRY SCAN: Found existing counter: N1SCR04-000-LPL = 2
2026-01-20 07:34:32 | REGISTRY SCAN: Found existing counter: N1SCR04-000-IPE = 14
2026-01-20 07:34:32 | REGISTRY SCAN: Found existing counter: N1SCR04-000-OTHER = 12
2026-01-20 07:34:32 | REGISTRY SCAN: Found existing counter: N1SCR04-000-FLG = 4
2026-01-20 07:34:32 | REGISTRY SCAN: No existing counter for: N1SCR04-000-R (will start from 1)
2026-01-20 07:34:32 | REGISTRY SCAN: Loaded 8 existing counters from Registry
2026-01-20 07:34:32 | REGISTRY: Group 'CH' continuing from number 98 (found existing highest = 97)
2026-01-20 07:34:32 | REGISTRY: Group 'PL' continuing from number 181 (found existing highest = 180)
2026-01-20 07:34:32 | COPIED: Part1 TFC S-KB1.ipt -> N1SCR04-000-CH98.ipt
2026-01-20 07:34:32 | COPIED: Part2 End Plate S-KB1.ipt -> N1SCR04-000-PL181.ipt
2026-01-20 07:34:32 | COPIED: Part3 End Plate S-KB1.ipt -> N1SCR04-000-PL182.ipt
2026-01-20 07:34:32 | COPY: DRAWING MGY-200-DSL-01-08.idw (keeping original name)
2026-01-20 07:34:32 | COPIED: MGY-200-DSL-01-08.idw -> MGY-200-DSL-01-08.idw
2026-01-20 07:34:32 | REGISTRY: Saving final counters to Registry
2026-01-20 07:34:32 | REGISTRY: Saved N1SCR04-000-CH = 98
2026-01-20 07:34:32 | REGISTRY: Saved N1SCR04-000-PL = 182
2026-01-20 07:34:32 | REGISTRY: All counters saved successfully
2026-01-20 07:34:32 | STEP 8: Updating references in ALL copied assemblies
2026-01-20 07:34:32 | STEP 8a: Pre-loading all copied PARTS into memory...
2026-01-20 07:34:32 | PRELOAD: N1SCR04-000-CH98.ipt
2026-01-20 07:34:32 | PRELOAD: N1SCR04-000-PL181.ipt
2026-01-20 07:34:32 | PRELOAD: N1SCR04-000-PL182.ipt
2026-01-20 07:34:32 | STEP 8b: Pre-loading all copied SUB-ASSEMBLIES...
2026-01-20 07:34:32 | STEP 8c: Opening main assembly with all components in memory...
2026-01-20 07:34:33 | STEP 8c: Main assembly opened successfully
2026-01-20 07:34:33 | STEP 8d: Updating file references in all assemblies...
2026-01-20 07:34:33 | STEP 8d: Found 1 assemblies to update
2026-01-20 07:34:33 | STEP 8d: [1/1] Updating references in RenameTestKneebrace.iam
2026-01-20 07:34:33 | IN-MEMORY UPDATE: Found RenameTestKneebrace.iam in memory
2026-01-20 07:34:33 | IN-MEMORY UPDATE: Built lookup with 5 filenames, 5 paths
2026-01-20 07:34:33 | IN-MEMORY UPDATE: Found 3 references
2026-01-20 07:34:33 | IN-MEMORY UPDATE: Checking ref: part1 tfc s-kb1.ipt (path: D:\01 DWG Office\New Largo\06. Model\02. WBS\NP\21. Primary - DMS\21. NSCR03 - Deslime Screen Station\05. Model\Structure & Walkway\Knee Brace-1\Part1 TFC S-KB1.ipt)
2026-01-20 07:34:33 | IN-MEMORY UPDATE: Found by FILENAME match
2026-01-20 07:34:33 | IN-MEMORY UPDATE: REPLACING part1 tfc s-kb1.ipt -> N1SCR04-000-CH98.ipt
2026-01-20 07:34:33 | IN-MEMORY UPDATE: Checking ref: part2 end plate s-kb1.ipt (path: D:\01 DWG Office\New Largo\06. Model\02. WBS\NP\21. Primary - DMS\21. NSCR03 - Deslime Screen Station\05. Model\Structure & Walkway\Knee Brace-1\Part2 End Plate S-KB1.ipt)
2026-01-20 07:34:33 | IN-MEMORY UPDATE: Found by FILENAME match
2026-01-20 07:34:33 | IN-MEMORY UPDATE: REPLACING part2 end plate s-kb1.ipt -> N1SCR04-000-PL181.ipt
2026-01-20 07:34:33 | IN-MEMORY UPDATE: Checking ref: part3 end plate s-kb1.ipt (path: D:\01 DWG Office\New Largo\06. Model\02. WBS\NP\21. Primary - DMS\21. NSCR03 - Deslime Screen Station\05. Model\Structure & Walkway\Knee Brace-1\Part3 End Plate S-KB1.ipt)
2026-01-20 07:34:33 | IN-MEMORY UPDATE: Found by FILENAME match
2026-01-20 07:34:33 | IN-MEMORY UPDATE: REPLACING part3 end plate s-kb1.ipt -> N1SCR04-000-PL182.ipt
2026-01-20 07:34:33 | IN-MEMORY UPDATE: Updated 3 references in RenameTestKneebrace.iam
2026-01-20 07:34:33 | STEP 8d: Explicitly updating MAIN assembly: RenameTestKneebrace.iam
2026-01-20 07:34:33 | IN-MEMORY UPDATE: Found RenameTestKneebrace.iam in memory
2026-01-20 07:34:33 | IN-MEMORY UPDATE: Built lookup with 5 filenames, 5 paths
2026-01-20 07:34:33 | IN-MEMORY UPDATE: Found 3 references
2026-01-20 07:34:33 | IN-MEMORY UPDATE: Checking ref: n1scr04-000-ch98.ipt (path: C:\Users\Quintin\Documents\Spectiv\3. Working\22. DMS plant\20. SSCR03 - Deslime Screen Station\000 Structure\RenameTestKneebrace\N1SCR04-000-CH98.ipt)
2026-01-20 07:34:33 | IN-MEMORY UPDATE: NO MAPPING for n1scr04-000-ch98.ipt
2026-01-20 07:34:33 | IN-MEMORY UPDATE: Checking ref: n1scr04-000-pl181.ipt (path: C:\Users\Quintin\Documents\Spectiv\3. Working\22. DMS plant\20. SSCR03 - Deslime Screen Station\000 Structure\RenameTestKneebrace\N1SCR04-000-PL181.ipt)
2026-01-20 07:34:33 | IN-MEMORY UPDATE: NO MAPPING for n1scr04-000-pl181.ipt
2026-01-20 07:34:33 | IN-MEMORY UPDATE: Checking ref: n1scr04-000-pl182.ipt (path: C:\Users\Quintin\Documents\Spectiv\3. Working\22. DMS plant\20. SSCR03 - Deslime Screen Station\000 Structure\RenameTestKneebrace\N1SCR04-000-PL182.ipt)
2026-01-20 07:34:33 | IN-MEMORY UPDATE: NO MAPPING for n1scr04-000-pl182.ipt
2026-01-20 07:34:33 | IN-MEMORY UPDATE: Updated 0 references in RenameTestKneebrace.iam
2026-01-20 07:34:33 | STEP 8e: Saving all documents...
2026-01-20 07:34:34 | SAVED: RenameTestKneebrace.iam
2026-01-20 07:34:34 | STEP 8: Complete
2026-01-20 07:34:34 | STEP 9: Updating IDW drawing references
2026-01-20 07:34:34 | IDW UPDATE: Could not create ApprenticeServer, falling back to Inventor
2026-01-20 07:34:34 | IDW UPDATE: Error: Object required
2026-01-20 07:34:34 | IDW UPDATE: Calling Inventor fallback method
2026-01-20 07:34:34 | IDW UPDATE (Inventor): Starting IDW update for destFolder: C:\Users\Quintin\Documents\Spectiv\3. Working\22. DMS plant\20. SSCR03 - Deslime Screen Station\000 Structure\RenameTestKneebrace
2026-01-20 07:34:34 | IDW UPDATE (Inventor): Enabled SilentOperation mode
2026-01-20 07:34:34 | IDW UPDATE (Inventor): Set resolve mode to skip unresolved files
2026-01-20 07:34:34 | IDW UPDATE: Opening main assembly to load all parts: RenameTestKneebrace.iam
2026-01-20 07:34:34 | IDW UPDATE: WARNING - Could not open main assembly: Object doesn't support this property or method
2026-01-20 07:34:34 | IDW UPDATE (Inventor): Found 6 files in destination folder
2026-01-20 07:34:34 | IDW UPDATE (Inventor): Found IDW file: MGY-200-DSL-01-08.idw
2026-01-20 07:34:34 | IDW UPDATE (Inventor): Processing MGY-200-DSL-01-08.idw
2026-01-20 07:34:35 | IDW UPDATE: Found 4 references
2026-01-20 07:34:35 | IDW UPDATE: Checking reference: Knee Brace-1.iam (path: D:\01 DWG Office\New Largo\06. Model\02. WBS\NP\21. Primary - DMS\21. NSCR03 - Deslime Screen Station\05. Model\Structure & Walkway\Knee Brace-1\Knee Brace-1.iam)
2026-01-20 07:34:35 | IDW UPDATE: FOUND mapping - Knee Brace-1.iam -> RenameTestKneebrace.iam
2026-01-20 07:34:35 | IDW UPDATE: SUCCESS - Updated reference
2026-01-20 07:34:35 | IDW UPDATE: Checking reference: Part1 TFC S-KB1.ipt (path: D:\01 DWG Office\New Largo\06. Model\02. WBS\NP\21. Primary - DMS\21. NSCR03 - Deslime Screen Station\05. Model\Structure & Walkway\Knee Brace-1\Part1 TFC S-KB1.ipt)
2026-01-20 07:34:35 | IDW UPDATE: FOUND mapping - Part1 TFC S-KB1.ipt -> N1SCR04-000-CH98.ipt
2026-01-20 07:34:35 | IDW UPDATE: SUCCESS - Updated reference
2026-01-20 07:34:35 | IDW UPDATE: Checking reference: Part2 End Plate S-KB1.ipt (path: D:\01 DWG Office\New Largo\06. Model\02. WBS\NP\21. Primary - DMS\21. NSCR03 - Deslime Screen Station\05. Model\Structure & Walkway\Knee Brace-1\Part2 End Plate S-KB1.ipt)
2026-01-20 07:34:35 | IDW UPDATE: FOUND mapping - Part2 End Plate S-KB1.ipt -> N1SCR04-000-PL181.ipt
2026-01-20 07:34:35 | IDW UPDATE: SUCCESS - Updated reference
2026-01-20 07:34:35 | IDW UPDATE: Checking reference: Part3 End Plate S-KB1.ipt (path: D:\01 DWG Office\New Largo\06. Model\02. WBS\NP\21. Primary - DMS\21. NSCR03 - Deslime Screen Station\05. Model\Structure & Walkway\Knee Brace-1\Part3 End Plate S-KB1.ipt)
2026-01-20 07:34:35 | IDW UPDATE: FOUND mapping - Part3 End Plate S-KB1.ipt -> N1SCR04-000-PL182.ipt
2026-01-20 07:34:35 | IDW UPDATE: SUCCESS - Updated reference
2026-01-20 07:34:36 | IDW UPDATE: Saved MGY-200-DSL-01-08.idw (4 updated)
2026-01-20 07:34:36 | IDW UPDATE (Inventor): Restored original settings
2026-01-20 07:34:36 | STEP 11: Validation scan and destination logging
2026-01-20 07:34:36 | VALIDATE: Writing source and destination inventories...
2026-01-20 07:34:36 | VALIDATE: Source file count = 5
2026-01-20 07:34:36 | VALIDATE: Destination file count = 8
2026-01-20 07:34:36 | SOURCE FILE: C:\Users\Quintin\Documents\Spectiv\3. Working\22. DMS plant\20. SSCR03 - Deslime Screen Station\000 Structure\Knee Brace-1\Knee Brace-1.iam
2026-01-20 07:34:36 | SOURCE FILE: C:\Users\Quintin\Documents\Spectiv\3. Working\22. DMS plant\20. SSCR03 - Deslime Screen Station\000 Structure\Knee Brace-1\MGY-200-DSL-01-08.idw
2026-01-20 07:34:36 | SOURCE FILE: C:\Users\Quintin\Documents\Spectiv\3. Working\22. DMS plant\20. SSCR03 - Deslime Screen Station\000 Structure\Knee Brace-1\Part1 TFC S-KB1.ipt
2026-01-20 07:34:36 | SOURCE FILE: C:\Users\Quintin\Documents\Spectiv\3. Working\22. DMS plant\20. SSCR03 - Deslime Screen Station\000 Structure\Knee Brace-1\Part2 End Plate S-KB1.ipt
2026-01-20 07:34:36 | SOURCE FILE: C:\Users\Quintin\Documents\Spectiv\3. Working\22. DMS plant\20. SSCR03 - Deslime Screen Station\000 Structure\Knee Brace-1\Part3 End Plate S-KB1.ipt
2026-01-20 07:34:36 | DEST FILE: C:\Users\Quintin\Documents\Spectiv\3. Working\22. DMS plant\20. SSCR03 - Deslime Screen Station\000 Structure\RenameTestKneebrace\AssemblyCloner_20260120_073402.log
2026-01-20 07:34:36 | DEST FILE: C:\Users\Quintin\Documents\Spectiv\3. Working\22. DMS plant\20. SSCR03 - Deslime Screen Station\000 Structure\RenameTestKneebrace\MGY-200-DSL-01-08.idw
2026-01-20 07:34:36 | DEST FILE: C:\Users\Quintin\Documents\Spectiv\3. Working\22. DMS plant\20. SSCR03 - Deslime Screen Station\000 Structure\RenameTestKneebrace\N1SCR04-000-CH98.ipt
2026-01-20 07:34:36 | DEST FILE: C:\Users\Quintin\Documents\Spectiv\3. Working\22. DMS plant\20. SSCR03 - Deslime Screen Station\000 Structure\RenameTestKneebrace\N1SCR04-000-PL181.ipt
2026-01-20 07:34:36 | DEST FILE: C:\Users\Quintin\Documents\Spectiv\3. Working\22. DMS plant\20. SSCR03 - Deslime Screen Station\000 Structure\RenameTestKneebrace\N1SCR04-000-PL182.ipt
2026-01-20 07:34:36 | DEST FILE: C:\Users\Quintin\Documents\Spectiv\3. Working\22. DMS plant\20. SSCR03 - Deslime Screen Station\000 Structure\RenameTestKneebrace\RenameTestKneebrace.iam
2026-01-20 07:34:36 | DEST FILE: C:\Users\Quintin\Documents\Spectiv\3. Working\22. DMS plant\20. SSCR03 - Deslime Screen Station\000 Structure\RenameTestKneebrace\OldVersions\MGY-200-DSL-01-08.0013.idw
2026-01-20 07:34:36 | DEST FILE: C:\Users\Quintin\Documents\Spectiv\3. Working\22. DMS plant\20. SSCR03 - Deslime Screen Station\000 Structure\RenameTestKneebrace\OldVersions\RenameTestKneebrace.0032.iam
2026-01-20 07:34:36 | VALIDATE: Checking copied mappings...
2026-01-20 07:34:36 | MAP OK: C:\Users\Quintin\Documents\Spectiv\3. Working\22. DMS plant\20. SSCR03 - Deslime Screen Station\000 Structure\Knee Brace-1\Knee Brace-1.iam -> C:\Users\Quintin\Documents\Spectiv\3. Working\22. DMS plant\20. SSCR03 - Deslime Screen Station\000 Structure\RenameTestKneebrace\RenameTestKneebrace.iam
2026-01-20 07:34:36 | MAP OK: C:\Users\Quintin\Documents\Spectiv\3. Working\22. DMS plant\20. SSCR03 - Deslime Screen Station\000 Structure\Knee Brace-1\Part1 TFC S-KB1.ipt -> C:\Users\Quintin\Documents\Spectiv\3. Working\22. DMS plant\20. SSCR03 - Deslime Screen Station\000 Structure\RenameTestKneebrace\N1SCR04-000-CH98.ipt
2026-01-20 07:34:36 | MAP OK: C:\Users\Quintin\Documents\Spectiv\3. Working\22. DMS plant\20. SSCR03 - Deslime Screen Station\000 Structure\Knee Brace-1\Part2 End Plate S-KB1.ipt -> C:\Users\Quintin\Documents\Spectiv\3. Working\22. DMS plant\20. SSCR03 - Deslime Screen Station\000 Structure\RenameTestKneebrace\N1SCR04-000-PL181.ipt
2026-01-20 07:34:36 | MAP OK: C:\Users\Quintin\Documents\Spectiv\3. Working\22. DMS plant\20. SSCR03 - Deslime Screen Station\000 Structure\Knee Brace-1\Part3 End Plate S-KB1.ipt -> C:\Users\Quintin\Documents\Spectiv\3. Working\22. DMS plant\20. SSCR03 - Deslime Screen Station\000 Structure\RenameTestKneebrace\N1SCR04-000-PL182.ipt
2026-01-20 07:34:36 | MAP OK: C:\Users\Quintin\Documents\Spectiv\3. Working\22. DMS plant\20. SSCR03 - Deslime Screen Station\000 Structure\Knee Brace-1\MGY-200-DSL-01-08.idw -> C:\Users\Quintin\Documents\Spectiv\3. Working\22. DMS plant\20. SSCR03 - Deslime Screen Station\000 Structure\RenameTestKneebrace\MGY-200-DSL-01-08.idw
2026-01-20 07:34:36 | VALIDATE: Missing mapped files = 0
2026-01-20 07:34:36 | === ASSEMBLY CLONER COMPLETED ===
