2025-12-22 07:10:37 | === ASSEMBLY CLONER STARTED ===
2025-12-22 07:10:37 | Using EXACT methodology from VBScript Option 9
2025-12-22 07:10:37 | Source assembly: C:\Users\Quintin\Documents\Spectiv\3. Working\22. DMS plant\21. SSCR04 - Primary Floats D&R Screen Station\000 Structure & Walkway\1.Structure\Channel-13\Channel-13.iam
2025-12-22 07:10:37 | Source directory: C:\Users\Quintin\Documents\Spectiv\3. Working\22. DMS plant\21. SSCR04 - Primary Floats D&R Screen Station\000 Structure & Walkway\1.Structure\Channel-13
2025-12-22 07:10:38 | User confirmed clone operation
2025-12-22 07:10:38 | Opening folder browser dialog...
2025-12-22 07:10:58 | Destination folder selected: C:\Users\Quintin\Documents\Spectiv\3. Working\22. DMS plant\Library\Floor Channel with Notches
2025-12-22 07:11:00 | Rename parts: True
2025-12-22 07:11:00 | Prompting for plant section prefix...
2025-12-22 07:11:01 | Plant section prefix: Floor Channel with Notches
2025-12-22 07:11:02 | New assembly name: Floor Channel with Notches
2025-12-22 07:11:02 | New assembly path: C:\Users\Quintin\Documents\Spectiv\3. Working\22. DMS plant\Library\Floor Channel with Notches\Floor Channel with Notches.iam
2025-12-22 07:11:02 | COLLECT: Part1 PFC.ipt (PFC180x70)
2025-12-22 07:11:02 | COLLECT: Part2 End Plate.ipt (PL 10mm S355JR)
2025-12-22 07:11:02 | COLLECT: Part3 Corner Gusset.ipt (PL 8mm S355JR)
2025-12-22 07:11:02 | Collected 3 parts
2025-12-22 07:11:02 | Closing source assembly for safe copy...
2025-12-22 07:11:03 | Copying assembly file...
2025-12-22 07:11:03 | COPIED: Channel-13.iam -> Floor Channel with Notches.iam
2025-12-22 07:11:03 | Copying 3 parts...
2025-12-22 07:11:03 | COPIED: Part1 PFC.ipt -> Floor Channel with Notches-CH1.ipt
2025-12-22 07:11:03 | COPIED: Part2 End Plate.ipt -> Floor Channel with Notches-PL2.ipt
2025-12-22 07:11:03 | COPIED: Part3 Corner Gusset.ipt -> Floor Channel with Notches-PL3.ipt
2025-12-22 07:11:03 | Updating assembly references and patching iLogic...
2025-12-22 07:11:03 | ASSEMBLY UPDATE: Using fd.ReplaceReference method (same as VBScript)
2025-12-22 07:11:03 | ASSEMBLY UPDATE: Opened Floor Channel with Notches.iam
2025-12-22 07:11:03 | ASSEMBLY UPDATE: Found 3 file references
2025-12-22 07:11:03 | ASSEMBLY UPDATE: Replacing Part1 PFC.ipt -> Floor Channel with Notches-CH1.ipt
2025-12-22 07:11:03 | ASSEMBLY UPDATE: SUCCESS
2025-12-22 07:11:03 | ASSEMBLY UPDATE: Replacing Part2 End Plate.ipt -> Floor Channel with Notches-PL2.ipt
2025-12-22 07:11:03 | ASSEMBLY UPDATE: SUCCESS
2025-12-22 07:11:03 | ASSEMBLY UPDATE: Replacing Part3 Corner Gusset.ipt -> Floor Channel with Notches-PL3.ipt
2025-12-22 07:11:03 | ASSEMBLY UPDATE: SUCCESS
2025-12-22 07:11:03 | ASSEMBLY UPDATE: Updated 3 references
2025-12-22 07:11:03 | ASSEMBLY UPDATE: Renaming occurrences to match new filenames...
2025-12-22 07:11:03 | ASSEMBLY UPDATE: Renamed 0 occurrences
2025-12-22 07:11:03 | ASSEMBLY UPDATE: Forcing assembly update to resolve occurrences...
2025-12-22 07:11:03 | ASSEMBLY UPDATE: Assembly updated and resolved
2025-12-22 07:11:03 | Patching iLogic rules (in same session)...
2025-12-22 07:11:03 | Patched 0 iLogic rules
2025-12-22 07:11:03 | ASSEMBLY UPDATE: Saving assembly...
2025-12-22 07:11:04 | ASSEMBLY UPDATE: Complete - references updated and iLogic patched
2025-12-22 07:11:04 | Processing IDW files...
2025-12-22 07:11:04 | IDW PROCESS: Found 1 IDW files
2025-12-22 07:11:08 | IDW PROCESS: Processing MGY-200-DRP-01-01-76.idw -> MGY-200-DRP-01-01-xx.idw
2025-12-22 07:11:34 | IDW PROCESS: Opening original IDW from source location...
2025-12-22 07:11:37 | IDW PROCESS: Opened successfully, now updating references...
2025-12-22 07:11:37 | IDW PROCESS: Found 5 references
2025-12-22 07:11:37 | IDW PROCESS: Updating Channel-13.iam -> Floor Channel with Notches.iam
2025-12-22 07:11:37 | IDW PROCESS: SUCCESS
2025-12-22 07:11:37 | IDW PROCESS: Updating Part1 PFC.ipt -> Floor Channel with Notches-CH1.ipt
2025-12-22 07:11:37 | IDW PROCESS: SUCCESS
2025-12-22 07:11:37 | IDW PROCESS: Updating Part2 End Plate.ipt -> Floor Channel with Notches-PL2.ipt
2025-12-22 07:11:37 | IDW PROCESS: SUCCESS
2025-12-22 07:11:37 | IDW PROCESS: Updating Part3 Corner Gusset.ipt -> Floor Channel with Notches-PL3.ipt
2025-12-22 07:11:37 | IDW PROCESS: SUCCESS
2025-12-22 07:11:37 | IDW PROCESS: No mapping for Part4 Corner Gusset.ipt
2025-12-22 07:11:37 | IDW PROCESS: Patching iLogic in IDW...
2025-12-22 07:11:37 | IDW PROCESS: Patched 0 rules in IDW
2025-12-22 07:11:37 | IDW PROCESS: Updating iProperties for MGY-200-DRP-01-01-76.idw
2025-12-22 07:11:37 | IDW PROCESS: Updated Part Number to 'MGY-200-DRP-01-01-xx'
2025-12-22 07:11:37 | IDW PROCESS: Updated Description to 'Floor Channel with Notches'
2025-12-22 07:11:37 | IDW PROCESS: iProperties update complete for MGY-200-DRP-01-01-76.idw
2025-12-22 07:11:37 | IDW PROCESS: Saving to destination: C:\Users\Quintin\Documents\Spectiv\3. Working\22. DMS plant\Library\Floor Channel with Notches\MGY-200-DRP-01-01-xx.idw
2025-12-22 07:11:38 | IDW PROCESS: Successfully saved MGY-200-DRP-01-01-76.idw as MGY-200-DRP-01-01-xx.idw (4 references updated)
2025-12-22 07:11:38 | IDW PROCESS: All IDW files processed successfully
2025-12-22 07:11:38 | Updating iProperties for copied documents...
2025-12-22 07:11:38 | Updated iProperties for Floor Channel with Notches.iam
2025-12-22 07:11:39 | Updated iProperties for Floor Channel with Notches-CH1.ipt
2025-12-22 07:11:39 | Updated iProperties for Floor Channel with Notches-PL2.ipt
2025-12-22 07:11:40 | Updated iProperties for Floor Channel with Notches-PL3.ipt
2025-12-22 07:11:40 | Saving iLogic patch log...
2025-12-22 07:11:40 | === ASSEMBLY CLONE COMPLETED SUCCESSFULLY ===
2025-12-22 07:11:40 | Log saved to: C:\Users\Quintin\Documents\Spectiv\3. Working\22. DMS plant\REF\FINAL_PRODUCTION_SCRIPTS 1 Oct 2025\Logs\AssemblyCloner_20251222_071037.log
