2026-01-14 14:23:53 | === ASSEMBLY CLONER ===
2026-01-14 14:23:53 | Copy assembly with all sub-assemblies and parts to new isolated location
2026-01-14 14:35:17 | SUCCESS: Connected to existing Inventor instance
2026-01-14 14:35:17 | STEP 1: Detecting open assembly
2026-01-14 14:35:17 | DETECTED: N1SCR04-730.iam
2026-01-14 14:35:17 | DETECTED: Full path - C:\Users\Quintin\Documents\Spectiv\3. Working\22. DMS plant\21. SSCR04 - Primary Floats D&R Screen Station\730 CM Head Box\N1SCR04-730.iam
2026-01-14 14:35:20 | STEP 2: Getting destination folder from user
2026-01-14 14:36:04 | DESTINATION: C:\Users\Quintin\Documents\Spectiv\3. Working\22. DMS plant\REF\Head Box Clone Test
2026-01-14 14:36:04 | New assembly name will be: Head Box Clone Test.iam
2026-01-14 14:36:04 | STEP 3: Asking about heritage renaming
2026-01-14 14:36:10 | PLANT: Getting plant section naming convention from user
2026-01-14 14:36:12 | PLANT: Using prefix: CLONE-001-
2026-01-14 14:36:12 | STEP 4: Analyzing assembly structure
2026-01-14 14:36:12 | COLLECT: Scanning assembly for all referenced parts and sub-assemblies...
2026-01-14 14:36:12 | COLLECT: SUB-ASSEMBLY Head Box.iam
2026-01-14 14:36:12 | COLLECT: PART N1SCR04-730-PL1.ipt (PL 6mm S355JR)
2026-01-14 14:36:12 | COLLECT: PART N1SCR04-730-PL2.ipt (PL 6mm S355JR)
2026-01-14 14:36:12 | COLLECT: PART N1SCR04-730-PL3.ipt (PL 6mm S355JR)
2026-01-14 14:36:12 | COLLECT: PART N1SCR04-730-PL4.ipt (PL 6mm S355JR)
2026-01-14 14:36:12 | COLLECT: PART N1SCR04-730-PL5.ipt (PL 6mm S355JR)
2026-01-14 14:36:12 | COLLECT: PART N1SCR04-730-PL6.ipt (PL 6mm S355JR)
2026-01-14 14:36:12 | COLLECT: PART N1SCR04-730-PL7.ipt (PL 6mm S355JR)
2026-01-14 14:36:12 | COLLECT: PART N1SCR04-730-PL8.ipt (PL 6mm S355JR)
2026-01-14 14:36:12 | COLLECT: PART N1SCR04-730-PL9.ipt (PL 6mm S355JR)
2026-01-14 14:36:13 | COLLECT: PART N1SCR04-730-PL10.ipt (PL 6mm S355JR)
2026-01-14 14:36:13 | COLLECT: PART N1SCR04-730-P1.ipt (PIPE - 800NB S.A.B.S.719 - 6 W.T.)
2026-01-14 14:36:13 | COLLECT: PART N1SCR04-730-FLG1.ipt (FLANGE - 600NB S.A.B.S.1123 1000/3 25 TH'K)
2026-01-14 14:36:13 | COLLECT: PART N1SCR04-730-P2.ipt (PIPE - 500NB S.A.B.S.719 - 6 W.T.)
2026-01-14 14:36:13 | COLLECT: PART N1SCR04-730-FLG2.ipt (FLANGE - 500NB S.A.B.S.1123 1000/3 25 TH'K)
2026-01-14 14:36:13 | COLLECT: PART N1SCR04-730-P3.ipt (PIPE - 200NB S.A.B.S.719 - 6 W.T.)
2026-01-14 14:36:13 | COLLECT: PART N1SCR04-730-FLG3.ipt (FLANGE - 200NB S.A.B.S.1123 1000/3 18 TH'K)
2026-01-14 14:36:13 | COLLECT: PART N1SCR04-730-A1.ipt (L60x60x6)
2026-01-14 14:36:13 | COLLECT: PART N1SCR04-730-A2.ipt (L60x60x6)
2026-01-14 14:36:13 | COLLECT: PART N1SCR04-730-A3.ipt (L60x60x6)
2026-01-14 14:36:13 | COLLECT: PART N1SCR04-730-A4.ipt (L60x60x6)
2026-01-14 14:36:13 | COLLECT: PART N1SCR04-730-A5.ipt (L60x60x6)
2026-01-14 14:36:13 | COLLECT: PART N1SCR04-730-A6.ipt (L60x60x6)
2026-01-14 14:36:13 | COLLECT: PART N1SCR04-730-A7.ipt (L50x50x6)
2026-01-14 14:36:13 | COLLECT: PART N1SCR04-730-A8.ipt (L50x50x6)
2026-01-14 14:36:13 | COLLECT: PART N1SCR04-730-PL11.ipt (PL 10mm S355JR)
2026-01-14 14:36:13 | COLLECT: PART N1SCR04-730-PL12.ipt (PL 10mm S355JR)
2026-01-14 14:36:13 | COLLECT: PART N1SCR04-730-PL13.ipt (PL 10mm S355JR)
2026-01-14 14:36:13 | COLLECT: PART N1SCR04-730-FL1.ipt (FL50x8)
2026-01-14 14:36:14 | COLLECT: PART N1SCR04-730-PL14.ipt (PL 25mm S355JR)
2026-01-14 14:36:14 | COLLECT: PART N1SCR04-730-PL15.ipt (PL 20mm S355JR)
2026-01-14 14:36:14 | COLLECT: PART N1SCR04-730-PL16.ipt (PL 8mm S355JR)
2026-01-14 14:36:14 | COLLECT: SUB-ASSEMBLY Lid-1.iam
2026-01-14 14:36:14 | COLLECT: PART N1SCR04-730-PL17.ipt (PL 6mm S355JR)
2026-01-14 14:36:14 | COLLECT: PART N1SCR04-730-A9.ipt (L60x60x6)
2026-01-14 14:36:14 | COLLECT: PART N1SCR04-730-FL2.ipt (FL50x8)
2026-01-14 14:36:14 | COLLECT: PART N1SCR04-730-FL3.ipt (FL50x8)
2026-01-14 14:36:14 | COLLECT: PART N1SCR04-730-FL4.ipt (FL50x8)
2026-01-14 14:36:14 | COLLECT: PART N1SCR04-730-R1.ipt (R16)
2026-01-14 14:36:14 | COLLECT: SUB-ASSEMBLY Lid-2.iam
2026-01-14 14:36:14 | COLLECT: PART N1SCR04-730-PL18.ipt (PL 6mm S355JR)
2026-01-14 14:36:14 | COLLECT: PART N1SCR04-730-A10.ipt (L60x60x6)
2026-01-14 14:36:14 | COLLECT: PART N1SCR04-730-FL5.ipt (FL50x8)
2026-01-14 14:36:14 | COLLECT: PART N1SCR04-730-FL6.ipt (FL50x8)
2026-01-14 14:36:14 | COLLECT: PART N1SCR04-730-FL7.ipt (FL50x8)
2026-01-14 14:36:15 | COLLECT: PART N1SCR04-730-R2.ipt (R16)
2026-01-14 14:36:15 | COLLECT: PART N1SCR04-730-PL19.ipt (PL 6mm S355JR)
2026-01-14 14:36:15 | COLLECT: Found 47 unique files to copy
2026-01-14 14:36:15 | ANALYZE: Found 47 unique parts to copy
2026-01-14 14:36:15 | STEP 5: Grouping components for heritage naming
2026-01-14 14:36:15 | GROUP: Grouping parts for heritage naming...
2026-01-14 14:36:15 | GROUP: Skipping sub-assembly Head Box.iam
2026-01-14 14:36:15 | GROUP: Skipping sub-assembly Lid-1.iam
2026-01-14 14:36:15 | GROUP: Skipping sub-assembly Lid-2.iam
2026-01-14 14:36:15 | GROUP: Created 6 groups
2026-01-14 14:36:15 | SCHEME: PL -> CLONE-001-PL{N}
2026-01-14 14:36:15 | SCHEME: P -> CLONE-001-P{N}
2026-01-14 14:36:15 | SCHEME: FLG -> CLONE-001-FLG{N}
2026-01-14 14:36:15 | SCHEME: A -> CLONE-001-A{N}
2026-01-14 14:36:15 | SCHEME: FL -> CLONE-001-FL{N}
2026-01-14 14:36:15 | SCHEME: R -> CLONE-001-R{N}
2026-01-14 14:36:15 | STEP 6: Copying assembly to destination
2026-01-14 14:36:15 | Closing source assembly for safe copy...
2026-01-14 14:36:16 | COPIED: Assembly N1SCR04-730.iam -> Head Box Clone Test.iam
2026-01-14 14:36:16 | STEP 7: Copying parts and sub-assemblies to destination
2026-01-14 14:36:16 | COPY: SUB-ASSEMBLY Head Box.iam (keeping original name)
2026-01-14 14:36:16 | COPIED: Head Box.iam -> Head Box.iam
2026-01-14 14:36:16 | COPIED: N1SCR04-730-PL1.ipt -> CLONE-001-PL1.ipt
2026-01-14 14:36:16 | COPIED: N1SCR04-730-PL2.ipt -> CLONE-001-PL2.ipt
2026-01-14 14:36:16 | COPIED: N1SCR04-730-PL3.ipt -> CLONE-001-PL3.ipt
2026-01-14 14:36:16 | COPIED: N1SCR04-730-PL4.ipt -> CLONE-001-PL4.ipt
2026-01-14 14:36:16 | COPIED: N1SCR04-730-PL5.ipt -> CLONE-001-PL5.ipt
2026-01-14 14:36:16 | COPIED: N1SCR04-730-PL6.ipt -> CLONE-001-PL6.ipt
2026-01-14 14:36:16 | COPIED: N1SCR04-730-PL7.ipt -> CLONE-001-PL7.ipt
2026-01-14 14:36:16 | COPIED: N1SCR04-730-PL8.ipt -> CLONE-001-PL8.ipt
2026-01-14 14:36:16 | COPIED: N1SCR04-730-PL9.ipt -> CLONE-001-PL9.ipt
2026-01-14 14:36:16 | COPIED: N1SCR04-730-PL10.ipt -> CLONE-001-PL10.ipt
2026-01-14 14:36:16 | COPIED: N1SCR04-730-P1.ipt -> CLONE-001-P1.ipt
2026-01-14 14:36:16 | COPIED: N1SCR04-730-FLG1.ipt -> CLONE-001-FLG1.ipt
2026-01-14 14:36:16 | COPIED: N1SCR04-730-P2.ipt -> CLONE-001-P2.ipt
2026-01-14 14:36:16 | COPIED: N1SCR04-730-FLG2.ipt -> CLONE-001-FLG2.ipt
2026-01-14 14:36:16 | COPIED: N1SCR04-730-P3.ipt -> CLONE-001-P3.ipt
2026-01-14 14:36:16 | COPIED: N1SCR04-730-FLG3.ipt -> CLONE-001-FLG3.ipt
2026-01-14 14:36:16 | COPIED: N1SCR04-730-A1.ipt -> CLONE-001-A1.ipt
2026-01-14 14:36:16 | COPIED: N1SCR04-730-A2.ipt -> CLONE-001-A2.ipt
2026-01-14 14:36:16 | COPIED: N1SCR04-730-A3.ipt -> CLONE-001-A3.ipt
2026-01-14 14:36:16 | COPIED: N1SCR04-730-A4.ipt -> CLONE-001-A4.ipt
2026-01-14 14:36:16 | COPIED: N1SCR04-730-A5.ipt -> CLONE-001-A5.ipt
2026-01-14 14:36:16 | COPIED: N1SCR04-730-A6.ipt -> CLONE-001-A6.ipt
2026-01-14 14:36:16 | COPIED: N1SCR04-730-A7.ipt -> CLONE-001-A7.ipt
2026-01-14 14:36:16 | COPIED: N1SCR04-730-A8.ipt -> CLONE-001-A8.ipt
2026-01-14 14:36:16 | COPIED: N1SCR04-730-PL11.ipt -> CLONE-001-PL11.ipt
2026-01-14 14:36:16 | COPIED: N1SCR04-730-PL12.ipt -> CLONE-001-PL12.ipt
2026-01-14 14:36:16 | COPIED: N1SCR04-730-PL13.ipt -> CLONE-001-PL13.ipt
2026-01-14 14:36:16 | COPIED: N1SCR04-730-FL1.ipt -> CLONE-001-FL1.ipt
2026-01-14 14:36:16 | COPIED: N1SCR04-730-PL14.ipt -> CLONE-001-PL14.ipt
2026-01-14 14:36:16 | COPIED: N1SCR04-730-PL15.ipt -> CLONE-001-PL15.ipt
2026-01-14 14:36:16 | COPIED: N1SCR04-730-PL16.ipt -> CLONE-001-PL16.ipt
2026-01-14 14:36:16 | COPY: SUB-ASSEMBLY Lid-1.iam (keeping original name)
2026-01-14 14:36:16 | COPIED: Lid-1.iam -> Lid-1.iam
2026-01-14 14:36:16 | COPIED: N1SCR04-730-PL17.ipt -> CLONE-001-PL17.ipt
2026-01-14 14:36:16 | COPIED: N1SCR04-730-A9.ipt -> CLONE-001-A9.ipt
2026-01-14 14:36:16 | COPIED: N1SCR04-730-FL2.ipt -> CLONE-001-FL2.ipt
2026-01-14 14:36:16 | COPIED: N1SCR04-730-FL3.ipt -> CLONE-001-FL3.ipt
2026-01-14 14:36:16 | COPIED: N1SCR04-730-FL4.ipt -> CLONE-001-FL4.ipt
2026-01-14 14:36:16 | COPIED: N1SCR04-730-R1.ipt -> CLONE-001-R1.ipt
2026-01-14 14:36:16 | COPY: SUB-ASSEMBLY Lid-2.iam (keeping original name)
2026-01-14 14:36:16 | COPIED: Lid-2.iam -> Lid-2.iam
2026-01-14 14:36:16 | COPIED: N1SCR04-730-PL18.ipt -> CLONE-001-PL18.ipt
2026-01-14 14:36:16 | COPIED: N1SCR04-730-A10.ipt -> CLONE-001-A10.ipt
2026-01-14 14:36:16 | COPIED: N1SCR04-730-FL5.ipt -> CLONE-001-FL5.ipt
2026-01-14 14:36:16 | COPIED: N1SCR04-730-FL6.ipt -> CLONE-001-FL6.ipt
2026-01-14 14:36:16 | COPIED: N1SCR04-730-FL7.ipt -> CLONE-001-FL7.ipt
2026-01-14 14:36:16 | COPIED: N1SCR04-730-R2.ipt -> CLONE-001-R2.ipt
2026-01-14 14:36:16 | COPIED: N1SCR04-730-PL19.ipt -> CLONE-001-PL19.ipt
2026-01-14 14:36:16 | STEP 8: Updating references in copied assembly using ApprenticeServer
2026-01-14 14:36:16 | ASSEMBLY UPDATE: ApprenticeServer not available, using Inventor method
2026-01-14 14:36:16 | ASSEMBLY UPDATE (Inventor): Opening assembly...
2026-01-14 14:36:16 | ASSEMBLY UPDATE (Inventor): Opened Head Box Clone Test.iam
2026-01-14 14:36:16 | UPDATE: Updating assembly references to local copies...
2026-01-14 14:36:16 | UPDATE: N1SCR04-730-PL1.ipt -> CLONE-001-PL1.ipt
2026-01-14 14:36:17 | UPDATE: N1SCR04-730-PL2.ipt -> CLONE-001-PL2.ipt
2026-01-14 14:36:17 | UPDATE: N1SCR04-730-PL3.ipt -> CLONE-001-PL3.ipt
2026-01-14 14:36:17 | UPDATE: N1SCR04-730-PL4.ipt -> CLONE-001-PL4.ipt
2026-01-14 14:36:17 | UPDATE: N1SCR04-730-PL5.ipt -> CLONE-001-PL5.ipt
2026-01-14 14:36:17 | UPDATE: N1SCR04-730-PL6.ipt -> CLONE-001-PL6.ipt
2026-01-14 14:36:17 | UPDATE: N1SCR04-730-PL7.ipt -> CLONE-001-PL7.ipt
2026-01-14 14:36:17 | UPDATE: N1SCR04-730-PL8.ipt -> CLONE-001-PL8.ipt
2026-01-14 14:36:18 | UPDATE: No mapping for CLONE-001-PL8.ipt
2026-01-14 14:36:18 | UPDATE: No mapping for CLONE-001-PL8.ipt
2026-01-14 14:36:18 | UPDATE: N1SCR04-730-PL9.ipt -> CLONE-001-PL9.ipt
2026-01-14 14:36:18 | UPDATE: N1SCR04-730-PL10.ipt -> CLONE-001-PL10.ipt
2026-01-14 14:36:18 | UPDATE: No mapping for CLONE-001-PL10.ipt
2026-01-14 14:36:18 | UPDATE: N1SCR04-730-P1.ipt -> CLONE-001-P1.ipt
2026-01-14 14:36:18 | UPDATE: N1SCR04-730-FLG1.ipt -> CLONE-001-FLG1.ipt
2026-01-14 14:36:18 | UPDATE: N1SCR04-730-P2.ipt -> CLONE-001-P2.ipt
2026-01-14 14:36:18 | UPDATE: N1SCR04-730-FLG2.ipt -> CLONE-001-FLG2.ipt
2026-01-14 14:36:18 | UPDATE: No mapping for CLONE-001-P2.ipt
2026-01-14 14:36:18 | UPDATE: No mapping for CLONE-001-FLG2.ipt
2026-01-14 14:36:18 | UPDATE: N1SCR04-730-P3.ipt -> CLONE-001-P3.ipt
2026-01-14 14:36:18 | UPDATE: N1SCR04-730-FLG3.ipt -> CLONE-001-FLG3.ipt
2026-01-14 14:36:18 | UPDATE: N1SCR04-730-A1.ipt -> CLONE-001-A1.ipt
2026-01-14 14:36:18 | UPDATE: N1SCR04-730-A2.ipt -> CLONE-001-A2.ipt
2026-01-14 14:36:18 | UPDATE: N1SCR04-730-A3.ipt -> CLONE-001-A3.ipt
2026-01-14 14:36:19 | UPDATE: N1SCR04-730-A4.ipt -> CLONE-001-A4.ipt
2026-01-14 14:36:19 | UPDATE: N1SCR04-730-A5.ipt -> CLONE-001-A5.ipt
2026-01-14 14:36:19 | UPDATE: N1SCR04-730-A6.ipt -> CLONE-001-A6.ipt
2026-01-14 14:36:19 | UPDATE: N1SCR04-730-A7.ipt -> CLONE-001-A7.ipt
2026-01-14 14:36:19 | UPDATE: No mapping for CLONE-001-A7.ipt
2026-01-14 14:36:19 | UPDATE: N1SCR04-730-A8.ipt -> CLONE-001-A8.ipt
2026-01-14 14:36:19 | UPDATE: No mapping for CLONE-001-A8.ipt
2026-01-14 14:36:19 | UPDATE: No mapping for CLONE-001-A7.ipt
2026-01-14 14:36:19 | UPDATE: No mapping for CLONE-001-A7.ipt
2026-01-14 14:36:19 | UPDATE: No mapping for CLONE-001-A8.ipt
2026-01-14 14:36:19 | UPDATE: No mapping for CLONE-001-A8.ipt
2026-01-14 14:36:19 | UPDATE: No mapping for CLONE-001-A7.ipt
2026-01-14 14:36:19 | UPDATE: No mapping for CLONE-001-A7.ipt
2026-01-14 14:36:19 | UPDATE: No mapping for CLONE-001-A8.ipt
2026-01-14 14:36:19 | UPDATE: No mapping for CLONE-001-A8.ipt
2026-01-14 14:36:19 | UPDATE: N1SCR04-730-PL11.ipt -> CLONE-001-PL11.ipt
2026-01-14 14:36:19 | UPDATE: N1SCR04-730-PL12.ipt -> CLONE-001-PL12.ipt
2026-01-14 14:36:19 | UPDATE: N1SCR04-730-PL13.ipt -> CLONE-001-PL13.ipt
2026-01-14 14:36:19 | UPDATE: No mapping for CLONE-001-PL13.ipt
2026-01-14 14:36:19 | UPDATE: N1SCR04-730-FL1.ipt -> CLONE-001-FL1.ipt
2026-01-14 14:36:19 | UPDATE: No mapping for CLONE-001-FL1.ipt
2026-01-14 14:36:19 | UPDATE: No mapping for CLONE-001-PL12.ipt
2026-01-14 14:36:19 | UPDATE: No mapping for CLONE-001-PL13.ipt
2026-01-14 14:36:19 | UPDATE: No mapping for CLONE-001-PL13.ipt
2026-01-14 14:36:19 | UPDATE: No mapping for CLONE-001-FL1.ipt
2026-01-14 14:36:19 | UPDATE: No mapping for CLONE-001-FL1.ipt
2026-01-14 14:36:19 | UPDATE: No mapping for CLONE-001-PL12.ipt
2026-01-14 14:36:19 | UPDATE: No mapping for CLONE-001-PL13.ipt
2026-01-14 14:36:19 | UPDATE: No mapping for CLONE-001-PL13.ipt
2026-01-14 14:36:19 | UPDATE: No mapping for CLONE-001-FL1.ipt
2026-01-14 14:36:19 | UPDATE: No mapping for CLONE-001-FL1.ipt
2026-01-14 14:36:19 | UPDATE: No mapping for CLONE-001-PL12.ipt
2026-01-14 14:36:19 | UPDATE: No mapping for CLONE-001-PL13.ipt
2026-01-14 14:36:19 | UPDATE: No mapping for CLONE-001-PL13.ipt
2026-01-14 14:36:19 | UPDATE: No mapping for CLONE-001-FL1.ipt
2026-01-14 14:36:19 | UPDATE: No mapping for CLONE-001-FL1.ipt
2026-01-14 14:36:20 | UPDATE: No mapping for CLONE-001-PL12.ipt
2026-01-14 14:36:20 | UPDATE: No mapping for CLONE-001-PL13.ipt
2026-01-14 14:36:20 | UPDATE: No mapping for CLONE-001-PL13.ipt
2026-01-14 14:36:20 | UPDATE: No mapping for CLONE-001-FL1.ipt
2026-01-14 14:36:20 | UPDATE: No mapping for CLONE-001-FL1.ipt
2026-01-14 14:36:20 | UPDATE: No mapping for CLONE-001-PL12.ipt
2026-01-14 14:36:20 | UPDATE: No mapping for CLONE-001-PL13.ipt
2026-01-14 14:36:20 | UPDATE: No mapping for CLONE-001-PL13.ipt
2026-01-14 14:36:20 | UPDATE: No mapping for CLONE-001-FL1.ipt
2026-01-14 14:36:20 | UPDATE: No mapping for CLONE-001-FL1.ipt
2026-01-14 14:36:20 | UPDATE: N1SCR04-730-PL14.ipt -> CLONE-001-PL14.ipt
2026-01-14 14:36:20 | UPDATE: N1SCR04-730-PL15.ipt -> CLONE-001-PL15.ipt
2026-01-14 14:36:20 | UPDATE: No mapping for CLONE-001-PL14.ipt
2026-01-14 14:36:20 | UPDATE: No mapping for CLONE-001-PL15.ipt
2026-01-14 14:36:20 | UPDATE: No mapping for CLONE-001-PL14.ipt
2026-01-14 14:36:20 | UPDATE: No mapping for CLONE-001-PL15.ipt
2026-01-14 14:36:20 | UPDATE: No mapping for CLONE-001-PL14.ipt
2026-01-14 14:36:20 | UPDATE: No mapping for CLONE-001-PL15.ipt
2026-01-14 14:36:20 | UPDATE: No mapping for CLONE-001-PL14.ipt
2026-01-14 14:36:20 | UPDATE: No mapping for CLONE-001-PL15.ipt
2026-01-14 14:36:20 | UPDATE: No mapping for CLONE-001-PL14.ipt
2026-01-14 14:36:20 | UPDATE: No mapping for CLONE-001-PL15.ipt
2026-01-14 14:36:20 | UPDATE: N1SCR04-730-PL16.ipt -> CLONE-001-PL16.ipt
2026-01-14 14:36:20 | UPDATE: No mapping for CLONE-001-PL16.ipt
2026-01-14 14:36:20 | UPDATE: No mapping for CLONE-001-PL16.ipt
2026-01-14 14:36:20 | UPDATE: No mapping for CLONE-001-PL16.ipt
2026-01-14 14:36:21 | UPDATE: N1SCR04-730-PL17.ipt -> CLONE-001-PL17.ipt
2026-01-14 14:36:21 | UPDATE: N1SCR04-730-A9.ipt -> CLONE-001-A9.ipt
2026-01-14 14:36:21 | UPDATE: N1SCR04-730-FL2.ipt -> CLONE-001-FL2.ipt
2026-01-14 14:36:21 | UPDATE: No mapping for CLONE-001-FL2.ipt
2026-01-14 14:36:21 | UPDATE: No mapping for CLONE-001-FL2.ipt
2026-01-14 14:36:21 | UPDATE: N1SCR04-730-FL3.ipt -> CLONE-001-FL3.ipt
2026-01-14 14:36:21 | UPDATE: No mapping for CLONE-001-FL3.ipt
2026-01-14 14:36:21 | UPDATE: N1SCR04-730-FL4.ipt -> CLONE-001-FL4.ipt
2026-01-14 14:36:21 | UPDATE: No mapping for CLONE-001-FL4.ipt
2026-01-14 14:36:21 | UPDATE: No mapping for CLONE-001-FL3.ipt
2026-01-14 14:36:21 | UPDATE: No mapping for CLONE-001-FL3.ipt
2026-01-14 14:36:21 | UPDATE: No mapping for CLONE-001-FL4.ipt
2026-01-14 14:36:21 | UPDATE: No mapping for CLONE-001-FL4.ipt
2026-01-14 14:36:21 | UPDATE: N1SCR04-730-R1.ipt -> CLONE-001-R1.ipt
2026-01-14 14:36:21 | UPDATE: No mapping for CLONE-001-R1.ipt
2026-01-14 14:36:21 | UPDATE: No mapping for CLONE-001-R1.ipt
2026-01-14 14:36:21 | UPDATE: No mapping for CLONE-001-R1.ipt
2026-01-14 14:36:22 | UPDATE: No mapping for CLONE-001-PL17.ipt
2026-01-14 14:36:22 | UPDATE: No mapping for CLONE-001-A9.ipt
2026-01-14 14:36:22 | UPDATE: No mapping for CLONE-001-FL2.ipt
2026-01-14 14:36:22 | UPDATE: No mapping for CLONE-001-FL2.ipt
2026-01-14 14:36:22 | UPDATE: No mapping for CLONE-001-FL2.ipt
2026-01-14 14:36:22 | UPDATE: No mapping for CLONE-001-FL3.ipt
2026-01-14 14:36:22 | UPDATE: No mapping for CLONE-001-FL3.ipt
2026-01-14 14:36:22 | UPDATE: No mapping for CLONE-001-FL4.ipt
2026-01-14 14:36:22 | UPDATE: No mapping for CLONE-001-FL4.ipt
2026-01-14 14:36:22 | UPDATE: No mapping for CLONE-001-FL3.ipt
2026-01-14 14:36:22 | UPDATE: No mapping for CLONE-001-FL3.ipt
2026-01-14 14:36:22 | UPDATE: No mapping for CLONE-001-FL4.ipt
2026-01-14 14:36:22 | UPDATE: No mapping for CLONE-001-FL4.ipt
2026-01-14 14:36:22 | UPDATE: No mapping for CLONE-001-R1.ipt
2026-01-14 14:36:22 | UPDATE: No mapping for CLONE-001-R1.ipt
2026-01-14 14:36:22 | UPDATE: No mapping for CLONE-001-R1.ipt
2026-01-14 14:36:22 | UPDATE: No mapping for CLONE-001-R1.ipt
2026-01-14 14:36:22 | UPDATE: N1SCR04-730-PL18.ipt -> CLONE-001-PL18.ipt
2026-01-14 14:36:22 | UPDATE: N1SCR04-730-A10.ipt -> CLONE-001-A10.ipt
2026-01-14 14:36:22 | UPDATE: N1SCR04-730-FL5.ipt -> CLONE-001-FL5.ipt
2026-01-14 14:36:22 | UPDATE: No mapping for CLONE-001-FL5.ipt
2026-01-14 14:36:22 | UPDATE: No mapping for CLONE-001-FL5.ipt
2026-01-14 14:36:22 | UPDATE: No mapping for CLONE-001-A10.ipt
2026-01-14 14:36:22 | UPDATE: N1SCR04-730-FL6.ipt -> CLONE-001-FL6.ipt
2026-01-14 14:36:22 | UPDATE: No mapping for CLONE-001-FL6.ipt
2026-01-14 14:36:22 | UPDATE: N1SCR04-730-FL7.ipt -> CLONE-001-FL7.ipt
2026-01-14 14:36:22 | UPDATE: No mapping for CLONE-001-FL7.ipt
2026-01-14 14:36:22 | UPDATE: No mapping for CLONE-001-FL6.ipt
2026-01-14 14:36:22 | UPDATE: No mapping for CLONE-001-FL6.ipt
2026-01-14 14:36:22 | UPDATE: No mapping for CLONE-001-FL7.ipt
2026-01-14 14:36:22 | UPDATE: No mapping for CLONE-001-FL7.ipt
2026-01-14 14:36:22 | UPDATE: N1SCR04-730-R2.ipt -> CLONE-001-R2.ipt
2026-01-14 14:36:22 | UPDATE: No mapping for CLONE-001-R2.ipt
2026-01-14 14:36:22 | UPDATE: No mapping for CLONE-001-R2.ipt
2026-01-14 14:36:22 | UPDATE: No mapping for CLONE-001-R2.ipt
2026-01-14 14:36:23 | UPDATE: N1SCR04-730-PL19.ipt -> CLONE-001-PL19.ipt
2026-01-14 14:36:23 | UPDATE: No mapping for CLONE-001-PL19.ipt
2026-01-14 14:36:23 | UPDATE: No mapping for CLONE-001-PL19.ipt
2026-01-14 14:36:23 | UPDATE: No mapping for CLONE-001-PL19.ipt
2026-01-14 14:36:23 | UPDATE: No mapping for CLONE-001-PL19.ipt
2026-01-14 14:36:23 | UPDATE: No mapping for CLONE-001-PL19.ipt
2026-01-14 14:36:23 | UPDATE: No mapping for CLONE-001-PL19.ipt
2026-01-14 14:36:23 | UPDATE: No mapping for CLONE-001-PL19.ipt
2026-01-14 14:36:23 | UPDATE: No mapping for CLONE-001-PL19.ipt
2026-01-14 14:36:23 | UPDATE: No mapping for CLONE-001-PL19.ipt
2026-01-14 14:36:23 | UPDATE: No mapping for CLONE-001-PL19.ipt
2026-01-14 14:36:23 | UPDATE: No mapping for CLONE-001-PL19.ipt
2026-01-14 14:36:23 | UPDATE: No mapping for CLONE-001-PL19.ipt
2026-01-14 14:36:23 | UPDATE: No mapping for CLONE-001-PL19.ipt
2026-01-14 14:36:23 | UPDATE: No mapping for CLONE-001-PL19.ipt
2026-01-14 14:36:23 | UPDATE: No mapping for CLONE-001-PL19.ipt
2026-01-14 14:36:23 | UPDATE: No mapping for CLONE-001-PL19.ipt
2026-01-14 14:36:23 | UPDATE: No mapping for CLONE-001-PL19.ipt
2026-01-14 14:36:23 | UPDATE: No mapping for CLONE-001-PL19.ipt
2026-01-14 14:36:23 | UPDATE: No mapping for CLONE-001-PL19.ipt
2026-01-14 14:36:23 | UPDATE: No mapping for CLONE-001-PL19.ipt
2026-01-14 14:36:23 | UPDATE: No mapping for CLONE-001-PL19.ipt
2026-01-14 14:36:23 | UPDATE: No mapping for CLONE-001-PL19.ipt
2026-01-14 14:36:23 | UPDATE: No mapping for CLONE-001-PL19.ipt
2026-01-14 14:36:23 | UPDATE: No mapping for CLONE-001-PL19.ipt
2026-01-14 14:36:23 | UPDATE: No mapping for CLONE-001-PL19.ipt
2026-01-14 14:36:23 | UPDATE: No mapping for CLONE-001-PL19.ipt
2026-01-14 14:36:23 | UPDATE: No mapping for CLONE-001-PL19.ipt
2026-01-14 14:36:23 | UPDATE: No mapping for CLONE-001-PL19.ipt
2026-01-14 14:36:23 | UPDATE: No mapping for CLONE-001-PL19.ipt
2026-01-14 14:36:23 | UPDATE: No mapping for CLONE-001-PL19.ipt
2026-01-14 14:36:23 | UPDATE: No mapping for CLONE-001-PL19.ipt
2026-01-14 14:36:23 | UPDATE: No mapping for CLONE-001-PL19.ipt
2026-01-14 14:36:23 | UPDATE: No mapping for CLONE-001-PL19.ipt
2026-01-14 14:36:23 | UPDATE: No mapping for CLONE-001-PL19.ipt
2026-01-14 14:36:23 | UPDATE: No mapping for CLONE-001-PL19.ipt
2026-01-14 14:36:23 | ASSEMBLY UPDATE (Inventor): Saved successfully
2026-01-14 14:36:23 | ASSEMBLY UPDATE (Inventor): Complete - assembly left open for verification
2026-01-14 14:36:23 | STEP 9: Processing IDW files (update references, then save to new location)
2026-01-14 14:36:23 | IDW PROCESS: Found KNL-N1200-SCR04-0730-PA.idw
2026-01-14 14:37:28 | IDW PROCESS: Opening original IDW from source location...
2026-01-14 14:37:31 | IDW PROCESS: Opened successfully, now updating references...
2026-01-14 14:37:31 | IDW PROCESS: Found 47 references
2026-01-14 14:37:31 | IDW PROCESS: Updating Head Box.iam -> Head Box.iam
2026-01-14 14:37:31 | IDW PROCESS: SUCCESS
2026-01-14 14:37:31 | IDW PROCESS: Updating N1SCR04-730-A1.ipt -> CLONE-001-A1.ipt
2026-01-14 14:37:31 | IDW PROCESS: SUCCESS
2026-01-14 14:37:31 | IDW PROCESS: Updating N1SCR04-730-A10.ipt -> CLONE-001-A10.ipt
2026-01-14 14:37:31 | IDW PROCESS: SUCCESS
2026-01-14 14:37:31 | IDW PROCESS: Updating N1SCR04-730-A2.ipt -> CLONE-001-A2.ipt
2026-01-14 14:37:31 | IDW PROCESS: SUCCESS
2026-01-14 14:37:31 | IDW PROCESS: Updating N1SCR04-730-A3.ipt -> CLONE-001-A3.ipt
2026-01-14 14:37:31 | IDW PROCESS: SUCCESS
2026-01-14 14:37:31 | IDW PROCESS: Updating N1SCR04-730-A4.ipt -> CLONE-001-A4.ipt
2026-01-14 14:37:31 | IDW PROCESS: SUCCESS
2026-01-14 14:37:31 | IDW PROCESS: Updating N1SCR04-730-A5.ipt -> CLONE-001-A5.ipt
2026-01-14 14:37:31 | IDW PROCESS: SUCCESS
2026-01-14 14:37:31 | IDW PROCESS: Updating N1SCR04-730-A6.ipt -> CLONE-001-A6.ipt
2026-01-14 14:37:31 | IDW PROCESS: SUCCESS
2026-01-14 14:37:31 | IDW PROCESS: Updating N1SCR04-730-A7.ipt -> CLONE-001-A7.ipt
2026-01-14 14:37:31 | IDW PROCESS: SUCCESS
2026-01-14 14:37:31 | IDW PROCESS: Updating N1SCR04-730-A8.ipt -> CLONE-001-A8.ipt
2026-01-14 14:37:31 | IDW PROCESS: SUCCESS
2026-01-14 14:37:31 | IDW PROCESS: Updating N1SCR04-730-A9.ipt -> CLONE-001-A9.ipt
2026-01-14 14:37:31 | IDW PROCESS: SUCCESS
2026-01-14 14:37:31 | IDW PROCESS: Updating N1SCR04-730-FL1.ipt -> CLONE-001-FL1.ipt
2026-01-14 14:37:31 | IDW PROCESS: SUCCESS
2026-01-14 14:37:31 | IDW PROCESS: Updating N1SCR04-730-FL3.ipt -> CLONE-001-FL3.ipt
2026-01-14 14:37:31 | IDW PROCESS: SUCCESS
2026-01-14 14:37:31 | IDW PROCESS: Updating N1SCR04-730-FL4.ipt -> CLONE-001-FL4.ipt
2026-01-14 14:37:31 | IDW PROCESS: SUCCESS
2026-01-14 14:37:31 | IDW PROCESS: Updating N1SCR04-730-FL5.ipt -> CLONE-001-FL5.ipt
2026-01-14 14:37:31 | IDW PROCESS: SUCCESS
2026-01-14 14:37:31 | IDW PROCESS: Updating N1SCR04-730-FL6.ipt -> CLONE-001-FL6.ipt
2026-01-14 14:37:31 | IDW PROCESS: SUCCESS
2026-01-14 14:37:31 | IDW PROCESS: Updating N1SCR04-730-FL7.ipt -> CLONE-001-FL7.ipt
2026-01-14 14:37:31 | IDW PROCESS: SUCCESS
2026-01-14 14:37:31 | IDW PROCESS: Updating N1SCR04-730-FLG2.ipt -> CLONE-001-FLG2.ipt
2026-01-14 14:37:31 | IDW PROCESS: SUCCESS
2026-01-14 14:37:31 | IDW PROCESS: Updating N1SCR04-730-FLG3.ipt -> CLONE-001-FLG3.ipt
2026-01-14 14:37:31 | IDW PROCESS: SUCCESS
2026-01-14 14:37:31 | IDW PROCESS: Updating N1SCR04-730-P1.ipt -> CLONE-001-P1.ipt
2026-01-14 14:37:31 | IDW PROCESS: SUCCESS
2026-01-14 14:37:31 | IDW PROCESS: Updating N1SCR04-730-P2.ipt -> CLONE-001-P2.ipt
2026-01-14 14:37:31 | IDW PROCESS: SUCCESS
2026-01-14 14:37:31 | IDW PROCESS: Updating N1SCR04-730-P3.ipt -> CLONE-001-P3.ipt
2026-01-14 14:37:31 | IDW PROCESS: SUCCESS
2026-01-14 14:37:31 | IDW PROCESS: Updating N1SCR04-730-PL1.ipt -> CLONE-001-PL1.ipt
2026-01-14 14:37:31 | IDW PROCESS: SUCCESS
2026-01-14 14:37:31 | IDW PROCESS: Updating N1SCR04-730-PL10.ipt -> CLONE-001-PL10.ipt
2026-01-14 14:37:31 | IDW PROCESS: SUCCESS
2026-01-14 14:37:31 | IDW PROCESS: Updating N1SCR04-730-PL11.ipt -> CLONE-001-PL11.ipt
2026-01-14 14:37:31 | IDW PROCESS: SUCCESS
2026-01-14 14:37:31 | IDW PROCESS: Updating N1SCR04-730-PL12.ipt -> CLONE-001-PL12.ipt
2026-01-14 14:37:31 | IDW PROCESS: SUCCESS
2026-01-14 14:37:31 | IDW PROCESS: Updating N1SCR04-730-PL13.ipt -> CLONE-001-PL13.ipt
2026-01-14 14:37:31 | IDW PROCESS: SUCCESS
2026-01-14 14:37:31 | IDW PROCESS: Updating N1SCR04-730-PL14.ipt -> CLONE-001-PL14.ipt
2026-01-14 14:37:31 | IDW PROCESS: SUCCESS
2026-01-14 14:37:31 | IDW PROCESS: Updating N1SCR04-730-PL15.ipt -> CLONE-001-PL15.ipt
2026-01-14 14:37:31 | IDW PROCESS: SUCCESS
2026-01-14 14:37:31 | IDW PROCESS: Updating N1SCR04-730-PL16.ipt -> CLONE-001-PL16.ipt
2026-01-14 14:37:32 | IDW PROCESS: SUCCESS
2026-01-14 14:37:32 | IDW PROCESS: Updating N1SCR04-730-PL17.ipt -> CLONE-001-PL17.ipt
2026-01-14 14:37:32 | IDW PROCESS: SUCCESS
2026-01-14 14:37:32 | IDW PROCESS: Updating N1SCR04-730-PL18.ipt -> CLONE-001-PL18.ipt
2026-01-14 14:37:32 | IDW PROCESS: SUCCESS
2026-01-14 14:37:32 | IDW PROCESS: Updating N1SCR04-730-PL19.ipt -> CLONE-001-PL19.ipt
2026-01-14 14:37:32 | IDW PROCESS: SUCCESS
2026-01-14 14:37:32 | IDW PROCESS: Updating N1SCR04-730-PL2.ipt -> CLONE-001-PL2.ipt
2026-01-14 14:37:32 | IDW PROCESS: SUCCESS
2026-01-14 14:37:32 | IDW PROCESS: Updating N1SCR04-730-PL3.ipt -> CLONE-001-PL3.ipt
2026-01-14 14:37:32 | IDW PROCESS: SUCCESS
2026-01-14 14:37:32 | IDW PROCESS: Updating N1SCR04-730-PL4.ipt -> CLONE-001-PL4.ipt
2026-01-14 14:37:32 | IDW PROCESS: SUCCESS
2026-01-14 14:37:32 | IDW PROCESS: Updating N1SCR04-730-PL5.ipt -> CLONE-001-PL5.ipt
2026-01-14 14:37:32 | IDW PROCESS: SUCCESS
2026-01-14 14:37:32 | IDW PROCESS: Updating N1SCR04-730-PL6.ipt -> CLONE-001-PL6.ipt
2026-01-14 14:37:32 | IDW PROCESS: SUCCESS
2026-01-14 14:37:32 | IDW PROCESS: Updating N1SCR04-730-PL7.ipt -> CLONE-001-PL7.ipt
2026-01-14 14:37:32 | IDW PROCESS: SUCCESS
2026-01-14 14:37:32 | IDW PROCESS: Updating N1SCR04-730-PL8.ipt -> CLONE-001-PL8.ipt
2026-01-14 14:37:32 | IDW PROCESS: SUCCESS
2026-01-14 14:37:32 | IDW PROCESS: Updating N1SCR04-730-PL9.ipt -> CLONE-001-PL9.ipt
2026-01-14 14:37:32 | IDW PROCESS: SUCCESS
2026-01-14 14:37:32 | IDW PROCESS: Updating N1SCR04-730-R1.ipt -> CLONE-001-R1.ipt
2026-01-14 14:37:32 | IDW PROCESS: SUCCESS
2026-01-14 14:37:32 | IDW PROCESS: Updating N1SCR04-730-R2.ipt -> CLONE-001-R2.ipt
2026-01-14 14:37:32 | IDW PROCESS: SUCCESS
2026-01-14 14:37:32 | IDW PROCESS: Updating Lid-1.iam -> Lid-1.iam
2026-01-14 14:37:32 | IDW PROCESS: SUCCESS
2026-01-14 14:37:32 | IDW PROCESS: Updating Lid-2.iam -> Lid-2.iam
2026-01-14 14:37:32 | IDW PROCESS: SUCCESS
2026-01-14 14:37:32 | IDW PROCESS: Updating N1SCR04-730.iam -> Head Box Clone Test.iam
2026-01-14 14:37:32 | IDW PROCESS: SUCCESS
2026-01-14 14:37:32 | IDW PROCESS: No mapping for N1SCR04-730-EXPLODED.ipn
2026-01-14 14:37:32 | IDW PROCESS: Saving to destination: C:\Users\Quintin\Documents\Spectiv\3. Working\22. DMS plant\REF\Head Box Clone Test\KNL-N1200-SCR04-0731-PA-CLONE.idw
2026-01-14 14:37:33 | IDW PROCESS: Successfully saved KNL-N1200-SCR04-0731-PA-CLONE.idw (46 references updated)
2026-01-14 14:37:34 | === ASSEMBLY CLONER COMPLETED ===
