2026-01-15 16:06:24 | === ASSEMBLY CLONER ===
2026-01-15 16:06:24 | Copy assembly with all sub-assemblies and parts to new isolated location
2026-01-15 16:06:26 | SUCCESS: Connected to existing Inventor instance
2026-01-15 16:06:26 | STEP 1: Detecting open assembly
2026-01-15 16:06:26 | DETECTED: Flood Box.iam
2026-01-15 16:06:26 | DETECTED: Full path - C:\Users\Quintin\Documents\Spectiv\3. Working\22. DMS plant\21. SSCR04 - Primary Floats D&R Screen Station\735 Flood Box\Flood Box.iam
2026-01-15 16:06:27 | STEP 2: Getting destination folder from user
2026-01-15 16:06:29 | DESTINATION: C:\Users\Quintin\Documents\Spectiv\3. Working\22. DMS plant\21. SSCR04 - Primary Floats D&R Screen Station\TO DELETE - FLOODBOX TEST
2026-01-15 16:06:29 | DEST LOG: Writing destination log to C:\Users\Quintin\Documents\Spectiv\3. Working\22. DMS plant\21. SSCR04 - Primary Floats D&R Screen Station\TO DELETE - FLOODBOX TEST\AssemblyCloner_20260115_160629.log
2026-01-15 16:06:29 | New assembly name will be: TO DELETE - FLOODBOX TEST.iam
2026-01-15 16:06:29 | STEP 3: Asking about heritage renaming
2026-01-15 16:06:30 | PLANT: Getting plant section naming convention from user
2026-01-15 16:06:31 | PLANT: Using prefix: CLONE-001-
2026-01-15 16:06:31 | STEP 4: Analyzing assembly structure
2026-01-15 16:06:31 | COLLECT: Scanning assembly for all referenced parts and sub-assemblies...
2026-01-15 16:06:31 | COLLECT: SUB-ASSEMBLY Support Frame.iam at ROOT
2026-01-15 16:06:31 | COLLECT: SUB-ASSEMBLY Bolted Connection1.iam at ROOT>Support Frame.iam
2026-01-15 16:06:31 | COLLECT: SUB-ASSEMBLY Support Column.iam at ROOT>Support Frame.iam
2026-01-15 16:06:31 | COLLECT: PART Part1 FB-C1.ipt (PL 10mm S355JR) at ROOT>Support Frame.iam>Support Column.iam
2026-01-15 16:06:31 | COLLECT: PART Part2 203x133x25 FB-C1.ipt (UB203x133x25) at ROOT>Support Frame.iam>Support Column.iam
2026-01-15 16:06:31 | COLLECT: SUB-ASSEMBLY Bolted Connection2.iam at ROOT>Support Frame.iam
2026-01-15 16:06:31 | COLLECT: SUB-ASSEMBLY Support Beam-1.iam at ROOT>Support Frame.iam
2026-01-15 16:06:31 | COLLECT: PART Part1 FB-B1.ipt (PL 10mm S355JR) at ROOT>Support Frame.iam>Support Beam-1.iam
2026-01-15 16:06:32 | COLLECT: PART Part2 203x133x25 FB-B1.ipt (UB203x133x25) at ROOT>Support Frame.iam>Support Beam-1.iam
2026-01-15 16:06:32 | COLLECT: SUB-ASSEMBLY Support Beam-3.iam at ROOT>Support Frame.iam
2026-01-15 16:06:32 | COLLECT: PART Part2 203x133x25 FB-B3.ipt (UB203x133x25) at ROOT>Support Frame.iam>Support Beam-3.iam
2026-01-15 16:06:32 | COLLECT: SUB-ASSEMBLY Support Beam-2.iam at ROOT>Support Frame.iam
2026-01-15 16:06:32 | COLLECT: PART Part1 FB-B2.ipt (PL 10mm S355JR) at ROOT>Support Frame.iam>Support Beam-2.iam
2026-01-15 16:06:32 | COLLECT: PART Part2 203x133x25 FB-B2.ipt (UB203x133x25) at ROOT>Support Frame.iam>Support Beam-2.iam
2026-01-15 16:06:32 | COLLECT: Skipping suppressed occurrence Flood Chute Development:1 at ROOT
2026-01-15 16:06:32 | COLLECT: SUB-ASSEMBLY Bolted Connection1.iam at ROOT
2026-01-15 16:06:32 | COLLECT: SUB-ASSEMBLY Flood Chute.iam at ROOT
2026-01-15 16:06:32 | COLLECT: PART Part1 FB-C.ipt (PL 6mm S355JR) at ROOT>Flood Chute.iam
2026-01-15 16:06:32 | COLLECT: PART Part2 FB-C.ipt (PL 6mm S355JR) at ROOT>Flood Chute.iam
2026-01-15 16:06:32 | COLLECT: PART Part3 FB-C.ipt (PL 6mm S355JR) at ROOT>Flood Chute.iam
2026-01-15 16:06:32 | COLLECT: PART Part4 FB-C.ipt (PL 6mm S355JR) at ROOT>Flood Chute.iam
2026-01-15 16:06:32 | COLLECT: PART Part5 FB-C.ipt (PL 6mm S355JR) at ROOT>Flood Chute.iam
2026-01-15 16:06:32 | COLLECT: PART Part6 Angle FB-C.ipt (L60x60x6) at ROOT>Flood Chute.iam
2026-01-15 16:06:32 | COLLECT: PART Part7 Angle FB-C.ipt (L60x60x6) at ROOT>Flood Chute.iam
2026-01-15 16:06:32 | COLLECT: PART Part8 (Part7 Angle MIR) FB-C.ipt (L60x60x6) at ROOT>Flood Chute.iam
2026-01-15 16:06:32 | COLLECT: PART Part9 Angle FB-C.ipt (L60x60x6) at ROOT>Flood Chute.iam
2026-01-15 16:06:32 | COLLECT: PART Part10 FB-C.ipt (PL 10mm S355JR) at ROOT>Flood Chute.iam
2026-01-15 16:06:32 | COLLECT: PART Part11 Corner Gusset FB-C.ipt (PL 10mm S355JR) at ROOT>Flood Chute.iam
2026-01-15 16:06:32 | COLLECT: PART Lug FB-C.ipt (PL 20mm S355JR) at ROOT>Flood Chute.iam
2026-01-15 16:06:32 | COLLECT: Found 28 unique files
2026-01-15 16:06:32 | COLLECT: Scanning for IDW drawing files...
2026-01-15 16:06:32 | COLLECT: DRAWING MGY-200-DRD-09-00.idw
2026-01-15 16:06:32 | COLLECT: DRAWING MGY-200-DRD-09-02.idw
2026-01-15 16:06:32 | COLLECT: DRAWING MGY-200-DRD-09-01-00.idw
2026-01-15 16:06:32 | COLLECT: DRAWING MGY-200-DRD-09-01-02.idw
2026-01-15 16:06:32 | COLLECT: DRAWING MGY-200-DRD-09-01-03.idw
2026-01-15 16:06:32 | COLLECT: DRAWING MGY-200-DRD-09-01-02.idw
2026-01-15 16:06:32 | COLLECT: DRAWING MGY-200-DRD-09-01-01.idw
2026-01-15 16:06:32 | ANALYZE: Found 35 unique parts to copy
2026-01-15 16:06:32 | STEP 5: Grouping components for heritage naming
2026-01-15 16:06:32 | GROUP: Grouping parts for heritage naming...
2026-01-15 16:06:32 | GROUP: Skipping sub-assembly Support Frame.iam
2026-01-15 16:06:32 | GROUP: Skipping sub-assembly Bolted Connection1.iam
2026-01-15 16:06:32 | GROUP: Skipping sub-assembly Support Column.iam
2026-01-15 16:06:32 | GROUP: Skipping sub-assembly Bolted Connection2.iam
2026-01-15 16:06:32 | GROUP: Skipping sub-assembly Support Beam-1.iam
2026-01-15 16:06:32 | GROUP: Skipping sub-assembly Support Beam-3.iam
2026-01-15 16:06:32 | GROUP: Skipping sub-assembly Support Beam-2.iam
2026-01-15 16:06:32 | GROUP: Skipping sub-assembly Bolted Connection1.iam
2026-01-15 16:06:32 | GROUP: Skipping sub-assembly Flood Chute.iam
2026-01-15 16:06:32 | GROUP: Skipping drawing MGY-200-DRD-09-00.idw
2026-01-15 16:06:32 | GROUP: Skipping drawing MGY-200-DRD-09-02.idw
2026-01-15 16:06:32 | GROUP: Skipping drawing MGY-200-DRD-09-01-00.idw
2026-01-15 16:06:32 | GROUP: Skipping drawing MGY-200-DRD-09-01-02.idw
2026-01-15 16:06:32 | GROUP: Skipping drawing MGY-200-DRD-09-01-03.idw
2026-01-15 16:06:32 | GROUP: Skipping drawing MGY-200-DRD-09-01-02.idw
2026-01-15 16:06:32 | GROUP: Skipping drawing MGY-200-DRD-09-01-01.idw
2026-01-15 16:06:32 | GROUP: Created 3 groups
2026-01-15 16:06:32 | SCHEME: PL -> CLONE-001-PL{N}
2026-01-15 16:06:32 | SCHEME: B -> CLONE-001-B{N}
2026-01-15 16:06:32 | SCHEME: A -> CLONE-001-A{N}
2026-01-15 16:06:32 | STEP 6: Copying assembly to destination
2026-01-15 16:06:32 | Closing source assembly for safe copy...
2026-01-15 16:06:33 | COPIED: Assembly Flood Box.iam -> TO DELETE - FLOODBOX TEST.iam
2026-01-15 16:06:33 | STEP 7: Copying parts and sub-assemblies to destination
2026-01-15 16:06:33 | COPY: SUB-ASSEMBLY Support Frame.iam (keeping original name)
2026-01-15 16:06:33 | COPIED: Support Frame.iam -> Support Frame.iam
2026-01-15 16:06:33 | COPY: SUB-ASSEMBLY Bolted Connection1.iam (keeping original name)
2026-01-15 16:06:33 | COPIED: Bolted Connection1.iam -> Bolted Connection1.iam
2026-01-15 16:06:33 | COPY: SUB-ASSEMBLY Support Column.iam (keeping original name)
2026-01-15 16:06:33 | COPIED: Support Column.iam -> Support Column.iam
2026-01-15 16:06:33 | COPIED: Part1 FB-C1.ipt -> CLONE-001-PL1.ipt
2026-01-15 16:06:33 | COPIED: Part2 203x133x25 FB-C1.ipt -> CLONE-001-B1.ipt
2026-01-15 16:06:33 | COPY: SUB-ASSEMBLY Bolted Connection2.iam (keeping original name)
2026-01-15 16:06:33 | COPIED: Bolted Connection2.iam -> Bolted Connection2.iam
2026-01-15 16:06:33 | COPY: SUB-ASSEMBLY Support Beam-1.iam (keeping original name)
2026-01-15 16:06:33 | COPIED: Support Beam-1.iam -> Support Beam-1.iam
2026-01-15 16:06:33 | COPIED: Part1 FB-B1.ipt -> CLONE-001-PL2.ipt
2026-01-15 16:06:33 | COPIED: Part2 203x133x25 FB-B1.ipt -> CLONE-001-B2.ipt
2026-01-15 16:06:33 | COPY: SUB-ASSEMBLY Support Beam-3.iam (keeping original name)
2026-01-15 16:06:33 | COPIED: Support Beam-3.iam -> Support Beam-3.iam
2026-01-15 16:06:33 | COPIED: Part2 203x133x25 FB-B3.ipt -> CLONE-001-B3.ipt
2026-01-15 16:06:33 | COPY: SUB-ASSEMBLY Support Beam-2.iam (keeping original name)
2026-01-15 16:06:33 | COPIED: Support Beam-2.iam -> Support Beam-2.iam
2026-01-15 16:06:33 | COPIED: Part1 FB-B2.ipt -> CLONE-001-PL3.ipt
2026-01-15 16:06:33 | COPIED: Part2 203x133x25 FB-B2.ipt -> CLONE-001-B4.ipt
2026-01-15 16:06:33 | COPY: SUB-ASSEMBLY Bolted Connection1.iam (keeping original name)
2026-01-15 16:06:33 | COPIED: Bolted Connection1.iam -> Bolted Connection1.iam
2026-01-15 16:06:33 | COPY: SUB-ASSEMBLY Flood Chute.iam (keeping original name)
2026-01-15 16:06:33 | COPIED: Flood Chute.iam -> Flood Chute.iam
2026-01-15 16:06:33 | COPIED: Part1 FB-C.ipt -> CLONE-001-PL4.ipt
2026-01-15 16:06:33 | COPIED: Part2 FB-C.ipt -> CLONE-001-PL5.ipt
2026-01-15 16:06:33 | COPIED: Part3 FB-C.ipt -> CLONE-001-PL6.ipt
2026-01-15 16:06:33 | COPIED: Part4 FB-C.ipt -> CLONE-001-PL7.ipt
2026-01-15 16:06:33 | COPIED: Part5 FB-C.ipt -> CLONE-001-PL8.ipt
2026-01-15 16:06:33 | COPIED: Part6 Angle FB-C.ipt -> CLONE-001-A1.ipt
2026-01-15 16:06:33 | COPIED: Part7 Angle FB-C.ipt -> CLONE-001-A2.ipt
2026-01-15 16:06:33 | COPIED: Part8 (Part7 Angle MIR) FB-C.ipt -> CLONE-001-A3.ipt
2026-01-15 16:06:33 | COPIED: Part9 Angle FB-C.ipt -> CLONE-001-A4.ipt
2026-01-15 16:06:33 | COPIED: Part10 FB-C.ipt -> CLONE-001-PL9.ipt
2026-01-15 16:06:33 | COPIED: Part11 Corner Gusset FB-C.ipt -> CLONE-001-PL10.ipt
2026-01-15 16:06:33 | COPIED: Lug FB-C.ipt -> CLONE-001-PL11.ipt
2026-01-15 16:06:33 | COPY: DRAWING MGY-200-DRD-09-00.idw (keeping original name)
2026-01-15 16:06:33 | COPIED: MGY-200-DRD-09-00.idw -> MGY-200-DRD-09-00.idw
2026-01-15 16:06:33 | COPY: DRAWING MGY-200-DRD-09-02.idw (keeping original name)
2026-01-15 16:06:33 | COPIED: MGY-200-DRD-09-02.idw -> MGY-200-DRD-09-02.idw
2026-01-15 16:06:33 | COPY: DRAWING MGY-200-DRD-09-01-00.idw (keeping original name)
2026-01-15 16:06:33 | COPIED: MGY-200-DRD-09-01-00.idw -> MGY-200-DRD-09-01-00.idw
2026-01-15 16:06:33 | COPY: DRAWING MGY-200-DRD-09-01-02.idw (keeping original name)
2026-01-15 16:06:33 | COPIED: MGY-200-DRD-09-01-02.idw -> MGY-200-DRD-09-01-02.idw
2026-01-15 16:06:33 | COPY: DRAWING MGY-200-DRD-09-01-03.idw (keeping original name)
2026-01-15 16:06:33 | COPIED: MGY-200-DRD-09-01-03.idw -> MGY-200-DRD-09-01-03.idw
2026-01-15 16:06:33 | COPY: DRAWING MGY-200-DRD-09-01-02.idw (keeping original name)
2026-01-15 16:06:33 | COPIED: MGY-200-DRD-09-01-02.idw -> MGY-200-DRD-09-01-02.idw
2026-01-15 16:06:33 | COPY: DRAWING MGY-200-DRD-09-01-01.idw (keeping original name)
2026-01-15 16:06:33 | COPIED: MGY-200-DRD-09-01-01.idw -> MGY-200-DRD-09-01-01.idw
2026-01-15 16:06:33 | STEP 8: Updating references in ALL copied assemblies
2026-01-15 16:06:33 | STEP 8a: Pre-loading all copied PARTS into memory...
2026-01-15 16:06:33 | PRELOAD: CLONE-001-PL1.ipt
2026-01-15 16:06:33 | PRELOAD: CLONE-001-B1.ipt
2026-01-15 16:06:33 | PRELOAD: CLONE-001-PL2.ipt
2026-01-15 16:06:33 | PRELOAD: CLONE-001-B2.ipt
2026-01-15 16:06:33 | PRELOAD: CLONE-001-B3.ipt
2026-01-15 16:06:33 | PRELOAD: CLONE-001-PL3.ipt
2026-01-15 16:06:33 | PRELOAD: CLONE-001-B4.ipt
2026-01-15 16:06:33 | PRELOAD: CLONE-001-PL4.ipt
2026-01-15 16:06:33 | PRELOAD: CLONE-001-PL5.ipt
2026-01-15 16:06:33 | PRELOAD: CLONE-001-PL6.ipt
2026-01-15 16:06:33 | PRELOAD: CLONE-001-PL7.ipt
2026-01-15 16:06:34 | PRELOAD: CLONE-001-PL8.ipt
2026-01-15 16:06:34 | PRELOAD: CLONE-001-A1.ipt
2026-01-15 16:06:34 | PRELOAD: CLONE-001-A2.ipt
2026-01-15 16:06:34 | PRELOAD: CLONE-001-A3.ipt
2026-01-15 16:06:34 | PRELOAD: CLONE-001-A4.ipt
2026-01-15 16:06:34 | PRELOAD: CLONE-001-PL9.ipt
2026-01-15 16:06:34 | PRELOAD: CLONE-001-PL10.ipt
2026-01-15 16:06:34 | PRELOAD: CLONE-001-PL11.ipt
2026-01-15 16:06:34 | STEP 8b: Pre-loading all copied SUB-ASSEMBLIES...
2026-01-15 16:06:34 | PRELOAD: Support Frame.iam
2026-01-15 16:06:34 | PRELOAD: Bolted Connection1.iam
2026-01-15 16:06:34 | PRELOAD: Support Column.iam
2026-01-15 16:06:34 | PRELOAD: Bolted Connection2.iam
2026-01-15 16:06:34 | PRELOAD: Support Beam-1.iam
2026-01-15 16:06:34 | PRELOAD: Support Beam-3.iam
2026-01-15 16:06:34 | PRELOAD: Support Beam-2.iam
2026-01-15 16:06:34 | PRELOAD: Bolted Connection1.iam
2026-01-15 16:06:34 | PRELOAD: Flood Chute.iam
2026-01-15 16:06:34 | STEP 8c: Opening main assembly with all components in memory...
2026-01-15 16:06:34 | STEP 8c: Main assembly opened successfully
2026-01-15 16:06:34 | STEP 8d: Updating file references in all assemblies...
2026-01-15 16:06:34 | STEP 8d: Found 10 assemblies to update
2026-01-15 16:06:34 | STEP 8d: [1/10] Updating references in TO DELETE - FLOODBOX TEST.iam
2026-01-15 16:06:35 | IN-MEMORY UPDATE: Found TO DELETE - FLOODBOX TEST.iam in memory
2026-01-15 16:06:35 | IN-MEMORY UPDATE: Built lookup with 34 filenames, 36 paths
2026-01-15 16:06:35 | IN-MEMORY UPDATE: Found 4 references
2026-01-15 16:06:35 | IN-MEMORY UPDATE: Checking ref: flood chute development.ipt (path: C:\Users\Quintin\Documents\Spectiv\3. Working\22. DMS plant\21. SSCR04 - Primary Floats D&R Screen Station\735 Flood Box\Chute\Flood Chute Development.ipt)
2026-01-15 16:06:35 | IN-MEMORY UPDATE: NO MAPPING for flood chute development.ipt
2026-01-15 16:06:35 | IN-MEMORY UPDATE: Checking ref: flood chute.iam (path: C:\Users\Quintin\Documents\Spectiv\3. Working\22. DMS plant\21. SSCR04 - Primary Floats D&R Screen Station\735 Flood Box\Chute\Flood Chute.iam)
2026-01-15 16:06:35 | IN-MEMORY UPDATE: Found by EXACT PATH match
2026-01-15 16:06:35 | IN-MEMORY UPDATE: REPLACING flood chute.iam -> Flood Chute.iam
2026-01-15 16:06:35 | IN-MEMORY UPDATE: Checking ref: bolted connection1.iam (path: C:\Users\Quintin\Documents\Spectiv\3. Working\22. DMS plant\21. SSCR04 - Primary Floats D&R Screen Station\735 Flood Box\Flood Box\Design Accelerator\Bolted Connection1.iam)
2026-01-15 16:06:35 | IN-MEMORY UPDATE: Found by EXACT PATH match
2026-01-15 16:06:35 | IN-MEMORY UPDATE: REPLACING bolted connection1.iam -> Bolted Connection1.iam
2026-01-15 16:06:35 | IN-MEMORY UPDATE: Checking ref: support frame.iam (path: C:\Users\Quintin\Documents\Spectiv\3. Working\22. DMS plant\21. SSCR04 - Primary Floats D&R Screen Station\735 Flood Box\Support\Support Frame.iam)
2026-01-15 16:06:35 | IN-MEMORY UPDATE: Found by EXACT PATH match
2026-01-15 16:06:35 | IN-MEMORY UPDATE: REPLACING support frame.iam -> Support Frame.iam
2026-01-15 16:06:35 | IN-MEMORY UPDATE: Updated 3 references in TO DELETE - FLOODBOX TEST.iam
2026-01-15 16:06:35 | STEP 8d: [2/10] Updating references in Support Frame.iam
2026-01-15 16:06:35 | IN-MEMORY UPDATE: Found Support Frame.iam in memory
2026-01-15 16:06:35 | IN-MEMORY UPDATE: Built lookup with 34 filenames, 36 paths
2026-01-15 16:06:35 | IN-MEMORY UPDATE: Found 6 references
2026-01-15 16:06:35 | IN-MEMORY UPDATE: Checking ref: bolted connection1.iam (path: C:\Users\Quintin\Documents\Spectiv\3. Working\22. DMS plant\21. SSCR04 - Primary Floats D&R Screen Station\TO DELETE - FLOODBOX TEST\Bolted Connection1.iam)
2026-01-15 16:06:35 | IN-MEMORY UPDATE: Found by FILENAME match
2026-01-15 16:06:35 | IN-MEMORY UPDATE: SKIP (already correct path)
2026-01-15 16:06:35 | IN-MEMORY UPDATE: Checking ref: bolted connection2.iam (path: C:\Users\Quintin\Documents\Spectiv\3. Working\22. DMS plant\21. SSCR04 - Primary Floats D&R Screen Station\TO DELETE - FLOODBOX TEST\Bolted Connection2.iam)
2026-01-15 16:06:35 | IN-MEMORY UPDATE: Found by FILENAME match
2026-01-15 16:06:35 | IN-MEMORY UPDATE: SKIP (already correct path)
2026-01-15 16:06:35 | IN-MEMORY UPDATE: Checking ref: support beam-1.iam (path: C:\Users\Quintin\Documents\Spectiv\3. Working\22. DMS plant\21. SSCR04 - Primary Floats D&R Screen Station\TO DELETE - FLOODBOX TEST\Support Beam-1.iam)
2026-01-15 16:06:35 | IN-MEMORY UPDATE: Found by FILENAME match
2026-01-15 16:06:35 | IN-MEMORY UPDATE: SKIP (already correct path)
2026-01-15 16:06:35 | IN-MEMORY UPDATE: Checking ref: support beam-2.iam (path: C:\Users\Quintin\Documents\Spectiv\3. Working\22. DMS plant\21. SSCR04 - Primary Floats D&R Screen Station\TO DELETE - FLOODBOX TEST\Support Beam-2.iam)
2026-01-15 16:06:35 | IN-MEMORY UPDATE: Found by FILENAME match
2026-01-15 16:06:35 | IN-MEMORY UPDATE: SKIP (already correct path)
2026-01-15 16:06:35 | IN-MEMORY UPDATE: Checking ref: support beam-3.iam (path: C:\Users\Quintin\Documents\Spectiv\3. Working\22. DMS plant\21. SSCR04 - Primary Floats D&R Screen Station\TO DELETE - FLOODBOX TEST\Support Beam-3.iam)
2026-01-15 16:06:35 | IN-MEMORY UPDATE: Found by FILENAME match
2026-01-15 16:06:35 | IN-MEMORY UPDATE: SKIP (already correct path)
2026-01-15 16:06:35 | IN-MEMORY UPDATE: Checking ref: support column.iam (path: C:\Users\Quintin\Documents\Spectiv\3. Working\22. DMS plant\21. SSCR04 - Primary Floats D&R Screen Station\TO DELETE - FLOODBOX TEST\Support Column.iam)
2026-01-15 16:06:35 | IN-MEMORY UPDATE: Found by FILENAME match
2026-01-15 16:06:35 | IN-MEMORY UPDATE: SKIP (already correct path)
2026-01-15 16:06:35 | IN-MEMORY UPDATE: Updated 0 references in Support Frame.iam
2026-01-15 16:06:35 | STEP 8d: [3/10] Updating references in Bolted Connection1.iam
2026-01-15 16:06:35 | IN-MEMORY UPDATE: Found Bolted Connection1.iam in memory
2026-01-15 16:06:35 | IN-MEMORY UPDATE: Built lookup with 34 filenames, 36 paths
2026-01-15 16:06:35 | IN-MEMORY UPDATE: Found 0 references
2026-01-15 16:06:35 | IN-MEMORY UPDATE: Updated 0 references in Bolted Connection1.iam
2026-01-15 16:06:35 | STEP 8d: [4/10] Updating references in Support Column.iam
2026-01-15 16:06:35 | IN-MEMORY UPDATE: Found Support Column.iam in memory
2026-01-15 16:06:35 | IN-MEMORY UPDATE: Built lookup with 34 filenames, 36 paths
2026-01-15 16:06:35 | IN-MEMORY UPDATE: Found 2 references
2026-01-15 16:06:35 | IN-MEMORY UPDATE: Checking ref: part1 fb-c1.ipt (path: C:\Users\Quintin\Documents\Spectiv\3. Working\20. Primary - DMS\22. NSCR05 - Primary Sinks D&R Screen Station\05. Model\Flood Box\Support\Support Column\Part1 FB-C1.ipt)
2026-01-15 16:06:35 | IN-MEMORY UPDATE: Found by FILENAME match
2026-01-15 16:06:35 | IN-MEMORY UPDATE: REPLACING part1 fb-c1.ipt -> CLONE-001-PL1.ipt
2026-01-15 16:06:35 | IN-MEMORY UPDATE: Checking ref: part2 203x133x25 fb-c1.ipt (path: C:\Users\Quintin\Documents\Spectiv\3. Working\20. Primary - DMS\22. NSCR05 - Primary Sinks D&R Screen Station\05. Model\Flood Box\Support\Support Column\Part2 203x133x25 FB-C1.ipt)
2026-01-15 16:06:35 | IN-MEMORY UPDATE: Found by FILENAME match
2026-01-15 16:06:35 | IN-MEMORY UPDATE: REPLACING part2 203x133x25 fb-c1.ipt -> CLONE-001-B1.ipt
2026-01-15 16:06:35 | IN-MEMORY UPDATE: Updated 2 references in Support Column.iam
2026-01-15 16:06:35 | STEP 8d: [5/10] Updating references in Bolted Connection2.iam
2026-01-15 16:06:35 | IN-MEMORY UPDATE: Found Bolted Connection2.iam in memory
2026-01-15 16:06:35 | IN-MEMORY UPDATE: Built lookup with 34 filenames, 36 paths
2026-01-15 16:06:35 | IN-MEMORY UPDATE: Found 0 references
2026-01-15 16:06:36 | IN-MEMORY UPDATE: Updated 0 references in Bolted Connection2.iam
2026-01-15 16:06:36 | STEP 8d: [6/10] Updating references in Support Beam-1.iam
2026-01-15 16:06:36 | IN-MEMORY UPDATE: Found Support Beam-1.iam in memory
2026-01-15 16:06:36 | IN-MEMORY UPDATE: Built lookup with 34 filenames, 36 paths
2026-01-15 16:06:36 | IN-MEMORY UPDATE: Found 2 references
2026-01-15 16:06:36 | IN-MEMORY UPDATE: Checking ref: part1 fb-b1.ipt (path: C:\Users\Quintin\Documents\Spectiv\3. Working\20. Primary - DMS\22. NSCR05 - Primary Sinks D&R Screen Station\05. Model\Flood Box\Support\Support Beam-1\Part1 FB-B1.ipt)
2026-01-15 16:06:36 | IN-MEMORY UPDATE: Found by FILENAME match
2026-01-15 16:06:36 | IN-MEMORY UPDATE: REPLACING part1 fb-b1.ipt -> CLONE-001-PL2.ipt
2026-01-15 16:06:36 | IN-MEMORY UPDATE: Checking ref: part2 203x133x25 fb-b1.ipt (path: C:\Users\Quintin\Documents\Spectiv\3. Working\20. Primary - DMS\22. NSCR05 - Primary Sinks D&R Screen Station\05. Model\Flood Box\Support\Support Beam-1\Part2 203x133x25 FB-B1.ipt)
2026-01-15 16:06:36 | IN-MEMORY UPDATE: Found by FILENAME match
2026-01-15 16:06:36 | IN-MEMORY UPDATE: REPLACING part2 203x133x25 fb-b1.ipt -> CLONE-001-B2.ipt
2026-01-15 16:06:36 | IN-MEMORY UPDATE: Updated 2 references in Support Beam-1.iam
2026-01-15 16:06:36 | STEP 8d: [7/10] Updating references in Support Beam-3.iam
2026-01-15 16:06:36 | IN-MEMORY UPDATE: Found Support Beam-3.iam in memory
2026-01-15 16:06:36 | IN-MEMORY UPDATE: Built lookup with 34 filenames, 36 paths
2026-01-15 16:06:36 | IN-MEMORY UPDATE: Found 2 references
2026-01-15 16:06:36 | IN-MEMORY UPDATE: Checking ref: part1 fb-b1.ipt (path: D:\01 DWG Office\NLMM\07 WBS\SP\22. DMS plant\22. SSCR05 - Primary Sinks D&R Screen Station\735 Flood Box\Support\Support Beam-1\Part1 FB-B1.ipt)
2026-01-15 16:06:36 | IN-MEMORY UPDATE: Found by FILENAME match
2026-01-15 16:06:36 | IN-MEMORY UPDATE: REPLACING part1 fb-b1.ipt -> CLONE-001-PL2.ipt
2026-01-15 16:06:36 | IN-MEMORY UPDATE: Checking ref: part2 203x133x25 fb-b3.ipt (path: D:\01 DWG Office\NLMM\07 WBS\SP\22. DMS plant\22. SSCR05 - Primary Sinks D&R Screen Station\735 Flood Box\Support\Support Beam-3\Part2 203x133x25 FB-B3.ipt)
2026-01-15 16:06:36 | IN-MEMORY UPDATE: Found by FILENAME match
2026-01-15 16:06:36 | IN-MEMORY UPDATE: REPLACING part2 203x133x25 fb-b3.ipt -> CLONE-001-B3.ipt
2026-01-15 16:06:36 | IN-MEMORY UPDATE: Updated 2 references in Support Beam-3.iam
2026-01-15 16:06:36 | STEP 8d: [8/10] Updating references in Support Beam-2.iam
2026-01-15 16:06:36 | IN-MEMORY UPDATE: Found Support Beam-2.iam in memory
2026-01-15 16:06:36 | IN-MEMORY UPDATE: Built lookup with 34 filenames, 36 paths
2026-01-15 16:06:36 | IN-MEMORY UPDATE: Found 2 references
2026-01-15 16:06:36 | IN-MEMORY UPDATE: Checking ref: part1 fb-b2.ipt (path: C:\Users\Quintin\Documents\Spectiv\3. Working\20. Primary - DMS\22. NSCR05 - Primary Sinks D&R Screen Station\05. Model\Flood Box\Support\Support Beam-2\Part1 FB-B2.ipt)
2026-01-15 16:06:36 | IN-MEMORY UPDATE: Found by FILENAME match
2026-01-15 16:06:36 | IN-MEMORY UPDATE: REPLACING part1 fb-b2.ipt -> CLONE-001-PL3.ipt
2026-01-15 16:06:36 | IN-MEMORY UPDATE: Checking ref: part2 203x133x25 fb-b2.ipt (path: C:\Users\Quintin\Documents\Spectiv\3. Working\20. Primary - DMS\22. NSCR05 - Primary Sinks D&R Screen Station\05. Model\Flood Box\Support\Support Beam-2\Part2 203x133x25 FB-B2.ipt)
2026-01-15 16:06:36 | IN-MEMORY UPDATE: Found by FILENAME match
2026-01-15 16:06:36 | IN-MEMORY UPDATE: REPLACING part2 203x133x25 fb-b2.ipt -> CLONE-001-B4.ipt
2026-01-15 16:06:36 | IN-MEMORY UPDATE: Updated 2 references in Support Beam-2.iam
2026-01-15 16:06:36 | STEP 8d: [9/10] Updating references in Bolted Connection1.iam
2026-01-15 16:06:36 | IN-MEMORY UPDATE: Found Bolted Connection1.iam in memory
2026-01-15 16:06:36 | IN-MEMORY UPDATE: Built lookup with 34 filenames, 36 paths
2026-01-15 16:06:36 | IN-MEMORY UPDATE: Found 0 references
2026-01-15 16:06:36 | IN-MEMORY UPDATE: Updated 0 references in Bolted Connection1.iam
2026-01-15 16:06:36 | STEP 8d: [10/10] Updating references in Flood Chute.iam
2026-01-15 16:06:36 | IN-MEMORY UPDATE: Found Flood Chute.iam in memory
2026-01-15 16:06:36 | IN-MEMORY UPDATE: Built lookup with 34 filenames, 36 paths
2026-01-15 16:06:36 | IN-MEMORY UPDATE: Found 12 references
2026-01-15 16:06:36 | IN-MEMORY UPDATE: Checking ref: part7 angle fb-c.ipt (path: C:\Users\Quintin\Documents\Spectiv\3. Working\22. DMS plant\21. SSCR04 - Primary Floats D&R Screen Station\TO DELETE - FLOODBOX TEST\Part7 Angle FB-C.ipt)
2026-01-15 16:06:36 | IN-MEMORY UPDATE: Found by FILENAME match
2026-01-15 16:06:36 | IN-MEMORY UPDATE: REPLACING part7 angle fb-c.ipt -> CLONE-001-A2.ipt
2026-01-15 16:06:36 | IN-MEMORY UPDATE: Checking ref: lug fb-c.ipt (path: D:\01 DWG Office\New Largo\06. Model\02. WBS\NP\21. Primary - DMS\23. NSCR05 - Primary Sinks D&R Screen Station\05. Model\Flood Box\Chute\Lug FB-C.ipt)
2026-01-15 16:06:36 | IN-MEMORY UPDATE: Found by FILENAME match
2026-01-15 16:06:36 | IN-MEMORY UPDATE: REPLACING lug fb-c.ipt -> CLONE-001-PL11.ipt
2026-01-15 16:06:36 | IN-MEMORY UPDATE: Checking ref: part1 fb-c.ipt (path: D:\01 DWG Office\New Largo\06. Model\02. WBS\NP\21. Primary - DMS\23. NSCR05 - Primary Sinks D&R Screen Station\05. Model\Flood Box\Chute\Part1 FB-C.ipt)
2026-01-15 16:06:36 | IN-MEMORY UPDATE: Found by FILENAME match
2026-01-15 16:06:36 | IN-MEMORY UPDATE: REPLACING part1 fb-c.ipt -> CLONE-001-PL4.ipt
2026-01-15 16:06:36 | IN-MEMORY UPDATE: Checking ref: part10 fb-c.ipt (path: D:\01 DWG Office\New Largo\06. Model\02. WBS\NP\21. Primary - DMS\23. NSCR05 - Primary Sinks D&R Screen Station\05. Model\Flood Box\Chute\Part10 FB-C.ipt)
2026-01-15 16:06:36 | IN-MEMORY UPDATE: Found by FILENAME match
2026-01-15 16:06:36 | IN-MEMORY UPDATE: REPLACING part10 fb-c.ipt -> CLONE-001-PL9.ipt
2026-01-15 16:06:36 | IN-MEMORY UPDATE: Checking ref: part11 corner gusset fb-c.ipt (path: D:\01 DWG Office\New Largo\06. Model\02. WBS\NP\21. Primary - DMS\23. NSCR05 - Primary Sinks D&R Screen Station\05. Model\Flood Box\Chute\Part11 Corner Gusset FB-C.ipt)
2026-01-15 16:06:36 | IN-MEMORY UPDATE: Found by FILENAME match
2026-01-15 16:06:36 | IN-MEMORY UPDATE: REPLACING part11 corner gusset fb-c.ipt -> CLONE-001-PL10.ipt
2026-01-15 16:06:36 | IN-MEMORY UPDATE: Checking ref: part2 fb-c.ipt (path: D:\01 DWG Office\New Largo\06. Model\02. WBS\NP\21. Primary - DMS\23. NSCR05 - Primary Sinks D&R Screen Station\05. Model\Flood Box\Chute\Part2 FB-C.ipt)
2026-01-15 16:06:36 | IN-MEMORY UPDATE: Found by FILENAME match
2026-01-15 16:06:36 | IN-MEMORY UPDATE: REPLACING part2 fb-c.ipt -> CLONE-001-PL5.ipt
2026-01-15 16:06:36 | IN-MEMORY UPDATE: Checking ref: part3 fb-c.ipt (path: D:\01 DWG Office\New Largo\06. Model\02. WBS\NP\21. Primary - DMS\23. NSCR05 - Primary Sinks D&R Screen Station\05. Model\Flood Box\Chute\Part3 FB-C.ipt)
2026-01-15 16:06:36 | IN-MEMORY UPDATE: Found by FILENAME match
2026-01-15 16:06:36 | IN-MEMORY UPDATE: REPLACING part3 fb-c.ipt -> CLONE-001-PL6.ipt
2026-01-15 16:06:36 | IN-MEMORY UPDATE: Checking ref: part4 fb-c.ipt (path: D:\01 DWG Office\New Largo\06. Model\02. WBS\NP\21. Primary - DMS\23. NSCR05 - Primary Sinks D&R Screen Station\05. Model\Flood Box\Chute\Part4 FB-C.ipt)
2026-01-15 16:06:36 | IN-MEMORY UPDATE: Found by FILENAME match
2026-01-15 16:06:36 | IN-MEMORY UPDATE: REPLACING part4 fb-c.ipt -> CLONE-001-PL7.ipt
2026-01-15 16:06:36 | IN-MEMORY UPDATE: Checking ref: part5 fb-c.ipt (path: D:\01 DWG Office\New Largo\06. Model\02. WBS\NP\21. Primary - DMS\23. NSCR05 - Primary Sinks D&R Screen Station\05. Model\Flood Box\Chute\Part5 FB-C.ipt)
2026-01-15 16:06:36 | IN-MEMORY UPDATE: Found by FILENAME match
2026-01-15 16:06:36 | IN-MEMORY UPDATE: REPLACING part5 fb-c.ipt -> CLONE-001-PL8.ipt
2026-01-15 16:06:36 | IN-MEMORY UPDATE: Checking ref: part6 angle fb-c.ipt (path: D:\01 DWG Office\New Largo\06. Model\02. WBS\NP\21. Primary - DMS\23. NSCR05 - Primary Sinks D&R Screen Station\05. Model\Flood Box\Chute\Part6 Angle FB-C.ipt)
2026-01-15 16:06:36 | IN-MEMORY UPDATE: Found by FILENAME match
2026-01-15 16:06:36 | IN-MEMORY UPDATE: REPLACING part6 angle fb-c.ipt -> CLONE-001-A1.ipt
2026-01-15 16:06:36 | IN-MEMORY UPDATE: Checking ref: part8 (part7 angle mir) fb-c.ipt (path: D:\01 DWG Office\New Largo\06. Model\02. WBS\NP\21. Primary - DMS\23. NSCR05 - Primary Sinks D&R Screen Station\05. Model\Flood Box\Chute\Part8 (Part7 Angle MIR) FB-C.ipt)
2026-01-15 16:06:36 | IN-MEMORY UPDATE: Found by FILENAME match
2026-01-15 16:06:36 | IN-MEMORY UPDATE: REPLACING part8 (part7 angle mir) fb-c.ipt -> CLONE-001-A3.ipt
2026-01-15 16:06:36 | IN-MEMORY UPDATE: Checking ref: part9 angle fb-c.ipt (path: D:\01 DWG Office\New Largo\06. Model\02. WBS\NP\21. Primary - DMS\23. NSCR05 - Primary Sinks D&R Screen Station\05. Model\Flood Box\Chute\Part9 Angle FB-C.ipt)
2026-01-15 16:06:36 | IN-MEMORY UPDATE: Found by FILENAME match
2026-01-15 16:06:36 | IN-MEMORY UPDATE: REPLACING part9 angle fb-c.ipt -> CLONE-001-A4.ipt
2026-01-15 16:06:36 | IN-MEMORY UPDATE: Updated 12 references in Flood Chute.iam
2026-01-15 16:06:36 | STEP 8d: Explicitly updating MAIN assembly: TO DELETE - FLOODBOX TEST.iam
2026-01-15 16:06:36 | IN-MEMORY UPDATE: Found TO DELETE - FLOODBOX TEST.iam in memory
2026-01-15 16:06:36 | IN-MEMORY UPDATE: Built lookup with 34 filenames, 36 paths
2026-01-15 16:06:36 | IN-MEMORY UPDATE: Found 4 references
2026-01-15 16:06:36 | IN-MEMORY UPDATE: Checking ref: flood chute development.ipt (path: C:\Users\Quintin\Documents\Spectiv\3. Working\22. DMS plant\21. SSCR04 - Primary Floats D&R Screen Station\735 Flood Box\Chute\Flood Chute Development.ipt)
2026-01-15 16:06:36 | IN-MEMORY UPDATE: NO MAPPING for flood chute development.ipt
2026-01-15 16:06:36 | IN-MEMORY UPDATE: Checking ref: bolted connection1.iam (path: C:\Users\Quintin\Documents\Spectiv\3. Working\22. DMS plant\21. SSCR04 - Primary Floats D&R Screen Station\TO DELETE - FLOODBOX TEST\Bolted Connection1.iam)
2026-01-15 16:06:36 | IN-MEMORY UPDATE: Found by FILENAME match
2026-01-15 16:06:36 | IN-MEMORY UPDATE: SKIP (already correct path)
2026-01-15 16:06:36 | IN-MEMORY UPDATE: Checking ref: flood chute.iam (path: C:\Users\Quintin\Documents\Spectiv\3. Working\22. DMS plant\21. SSCR04 - Primary Floats D&R Screen Station\TO DELETE - FLOODBOX TEST\Flood Chute.iam)
2026-01-15 16:06:36 | IN-MEMORY UPDATE: Found by FILENAME match
2026-01-15 16:06:36 | IN-MEMORY UPDATE: SKIP (already correct path)
2026-01-15 16:06:36 | IN-MEMORY UPDATE: Checking ref: support frame.iam (path: C:\Users\Quintin\Documents\Spectiv\3. Working\22. DMS plant\21. SSCR04 - Primary Floats D&R Screen Station\TO DELETE - FLOODBOX TEST\Support Frame.iam)
2026-01-15 16:06:36 | IN-MEMORY UPDATE: Found by FILENAME match
2026-01-15 16:06:36 | IN-MEMORY UPDATE: SKIP (already correct path)
2026-01-15 16:06:36 | IN-MEMORY UPDATE: Updated 0 references in TO DELETE - FLOODBOX TEST.iam
2026-01-15 16:06:36 | STEP 8e: Saving all documents...
2026-01-15 16:06:36 | SAVED: Support Column.iam
2026-01-15 16:06:37 | SAVED: Support Beam-1.iam
2026-01-15 16:06:37 | SAVED: Support Beam-2.iam
2026-01-15 16:06:37 | SAVED: Support Beam-3.iam
2026-01-15 16:06:38 | SAVED: Flood Chute.iam
2026-01-15 16:06:39 | SAVED: TO DELETE - FLOODBOX TEST.iam
2026-01-15 16:06:39 | STEP 8: Complete
2026-01-15 16:06:39 | STEP 9: Updating IDW drawing references
2026-01-15 16:06:39 | IDW UPDATE: Could not create ApprenticeServer, falling back to Inventor
2026-01-15 16:06:39 | IDW UPDATE: Error: Object required
2026-01-15 16:06:39 | IDW UPDATE: Calling Inventor fallback method
2026-01-15 16:06:39 | IDW UPDATE (Inventor): Starting IDW update for destFolder: C:\Users\Quintin\Documents\Spectiv\3. Working\22. DMS plant\21. SSCR04 - Primary Floats D&R Screen Station\TO DELETE - FLOODBOX TEST
2026-01-15 16:06:40 | IDW UPDATE (Inventor): Enabled SilentOperation mode
2026-01-15 16:06:40 | IDW UPDATE (Inventor): Set resolve mode to skip unresolved files
2026-01-15 16:06:40 | IDW UPDATE: Opening main assembly to load all parts: TO DELETE - FLOODBOX TEST.iam
2026-01-15 16:06:40 | IDW UPDATE: WARNING - Could not open main assembly: Object doesn't support this property or method
2026-01-15 16:06:40 | IDW UPDATE (Inventor): Found 38 files in destination folder
2026-01-15 16:06:40 | IDW UPDATE (Inventor): Found IDW file: MGY-200-DRD-09-00.idw
2026-01-15 16:06:40 | IDW UPDATE (Inventor): Processing MGY-200-DRD-09-00.idw
2026-01-15 16:06:41 | IDW UPDATE: Found 1 references
2026-01-15 16:06:41 | IDW UPDATE: Checking reference: Flood Box.iam (path: F:\NL\06. Model\02. WBS\NP\22. NSCR04 - Primary Sinks D&R Screen Station\05. Model\Flood Box\Flood Box.iam)
2026-01-15 16:06:41 | IDW UPDATE: FOUND mapping - Flood Box.iam -> TO DELETE - FLOODBOX TEST.iam
2026-01-15 16:06:41 | IDW UPDATE: SUCCESS - Updated reference
2026-01-15 16:06:42 | IDW UPDATE: Saved MGY-200-DRD-09-00.idw (1 updated)
2026-01-15 16:06:42 | IDW UPDATE (Inventor): Found IDW file: MGY-200-DRD-09-01-00.idw
2026-01-15 16:06:42 | IDW UPDATE (Inventor): Processing MGY-200-DRD-09-01-00.idw
2026-01-15 16:06:43 | IDW UPDATE: Found 1 references
2026-01-15 16:06:43 | IDW UPDATE: Checking reference: Support Frame.iam (path: C:\Users\Quintin\Documents\Spectiv\3. Working\22. DMS plant\21. SSCR04 - Primary Floats D&R Screen Station\TO DELETE - FLOODBOX TEST\Support Frame.iam)
2026-01-15 16:06:43 | IDW UPDATE: FOUND mapping - Support Frame.iam -> Support Frame.iam
2026-01-15 16:06:43 | IDW UPDATE: SUCCESS - Updated reference
2026-01-15 16:06:44 | IDW UPDATE: Saved MGY-200-DRD-09-01-00.idw (1 updated)
2026-01-15 16:06:44 | IDW UPDATE (Inventor): Found IDW file: MGY-200-DRD-09-01-01.idw
2026-01-15 16:06:44 | IDW UPDATE (Inventor): Processing MGY-200-DRD-09-01-01.idw
2026-01-15 16:06:45 | IDW UPDATE: Found 3 references
2026-01-15 16:06:45 | IDW UPDATE: Checking reference: Support Column.iam (path: C:\Users\Quintin\Documents\Spectiv\3. Working\22. DMS plant\21. SSCR04 - Primary Floats D&R Screen Station\TO DELETE - FLOODBOX TEST\Support Column.iam)
2026-01-15 16:06:45 | IDW UPDATE: FOUND mapping - Support Column.iam -> Support Column.iam
2026-01-15 16:06:45 | IDW UPDATE: SUCCESS - Updated reference
2026-01-15 16:06:45 | IDW UPDATE: Checking reference: Part1 FB-C1.ipt (path: F:\NL\06. Model\02. WBS\NP\20. Primary - DMS\22. NSCR04 - Primary Sinks D&R Screen Station\05. Model\Flood Box\Support\Support Column\Part1 FB-C1.ipt)
2026-01-15 16:06:45 | IDW UPDATE: FOUND mapping - Part1 FB-C1.ipt -> CLONE-001-PL1.ipt
2026-01-15 16:06:45 | IDW UPDATE: SUCCESS - Updated reference
2026-01-15 16:06:45 | IDW UPDATE: Checking reference: Part2 203x133x25 FB-C1.ipt (path: F:\NL\06. Model\02. WBS\NP\20. Primary - DMS\22. NSCR04 - Primary Sinks D&R Screen Station\05. Model\Flood Box\Support\Support Column\Part2 203x133x25 FB-C1.ipt)
2026-01-15 16:06:45 | IDW UPDATE: FOUND mapping - Part2 203x133x25 FB-C1.ipt -> CLONE-001-B1.ipt
2026-01-15 16:06:45 | IDW UPDATE: SUCCESS - Updated reference
2026-01-15 16:06:46 | IDW UPDATE: Saved MGY-200-DRD-09-01-01.idw (3 updated)
2026-01-15 16:06:46 | IDW UPDATE (Inventor): Found IDW file: MGY-200-DRD-09-01-02.idw
2026-01-15 16:06:46 | IDW UPDATE (Inventor): Processing MGY-200-DRD-09-01-02.idw
2026-01-15 16:06:47 | IDW UPDATE: Found 3 references
2026-01-15 16:06:47 | IDW UPDATE: Checking reference: Support Beam-1.iam (path: C:\Users\Quintin\Documents\Spectiv\3. Working\22. DMS plant\21. SSCR04 - Primary Floats D&R Screen Station\TO DELETE - FLOODBOX TEST\Support Beam-1.iam)
2026-01-15 16:06:47 | IDW UPDATE: FOUND mapping - Support Beam-1.iam -> Support Beam-1.iam
2026-01-15 16:06:47 | IDW UPDATE: SUCCESS - Updated reference
2026-01-15 16:06:47 | IDW UPDATE: Checking reference: Part1 FB-B1.ipt (path: F:\NL\06. Model\02. WBS\NP\20. Primary - DMS\22. NSCR04 - Primary Sinks D&R Screen Station\05. Model\Flood Box\Support\Support Beam-1\Part1 FB-B1.ipt)
2026-01-15 16:06:47 | IDW UPDATE: FOUND mapping - Part1 FB-B1.ipt -> CLONE-001-PL2.ipt
2026-01-15 16:06:47 | IDW UPDATE: SUCCESS - Updated reference
2026-01-15 16:06:47 | IDW UPDATE: Checking reference: Part2 203x133x25 FB-B1.ipt (path: F:\NL\06. Model\02. WBS\NP\20. Primary - DMS\22. NSCR04 - Primary Sinks D&R Screen Station\05. Model\Flood Box\Support\Support Beam-1\Part2 203x133x25 FB-B1.ipt)
2026-01-15 16:06:47 | IDW UPDATE: FOUND mapping - Part2 203x133x25 FB-B1.ipt -> CLONE-001-B2.ipt
2026-01-15 16:06:47 | IDW UPDATE: SUCCESS - Updated reference
2026-01-15 16:06:48 | IDW UPDATE: Saved MGY-200-DRD-09-01-02.idw (3 updated)
2026-01-15 16:06:48 | IDW UPDATE (Inventor): Found IDW file: MGY-200-DRD-09-01-03.idw
2026-01-15 16:06:48 | IDW UPDATE (Inventor): Processing MGY-200-DRD-09-01-03.idw
2026-01-15 16:06:49 | IDW UPDATE: Found 3 references
2026-01-15 16:06:49 | IDW UPDATE: Checking reference: Support Beam-2.iam (path: C:\Users\Quintin\Documents\Spectiv\3. Working\22. DMS plant\21. SSCR04 - Primary Floats D&R Screen Station\TO DELETE - FLOODBOX TEST\Support Beam-2.iam)
2026-01-15 16:06:49 | IDW UPDATE: FOUND mapping - Support Beam-2.iam -> Support Beam-2.iam
2026-01-15 16:06:49 | IDW UPDATE: SUCCESS - Updated reference
2026-01-15 16:06:49 | IDW UPDATE: Checking reference: Part1 FB-B2.ipt (path: F:\NL\06. Model\02. WBS\NP\20. Primary - DMS\22. NSCR04 - Primary Sinks D&R Screen Station\05. Model\Flood Box\Support\Support Beam-2\Part1 FB-B2.ipt)
2026-01-15 16:06:49 | IDW UPDATE: FOUND mapping - Part1 FB-B2.ipt -> CLONE-001-PL3.ipt
2026-01-15 16:06:49 | IDW UPDATE: SUCCESS - Updated reference
2026-01-15 16:06:49 | IDW UPDATE: Checking reference: Part2 203x133x25 FB-B2.ipt (path: F:\NL\06. Model\02. WBS\NP\20. Primary - DMS\22. NSCR04 - Primary Sinks D&R Screen Station\05. Model\Flood Box\Support\Support Beam-2\Part2 203x133x25 FB-B2.ipt)
2026-01-15 16:06:49 | IDW UPDATE: FOUND mapping - Part2 203x133x25 FB-B2.ipt -> CLONE-001-B4.ipt
2026-01-15 16:06:49 | IDW UPDATE: SUCCESS - Updated reference
2026-01-15 16:06:50 | IDW UPDATE: Saved MGY-200-DRD-09-01-03.idw (3 updated)
2026-01-15 16:06:50 | IDW UPDATE (Inventor): Found IDW file: MGY-200-DRD-09-02.idw
2026-01-15 16:06:50 | IDW UPDATE (Inventor): Processing MGY-200-DRD-09-02.idw
2026-01-15 16:06:50 | IDW UPDATE: Found 13 references
2026-01-15 16:06:50 | IDW UPDATE: Checking reference: Flood Chute.iam (path: C:\Users\Quintin\Documents\Spectiv\3. Working\22. DMS plant\21. SSCR04 - Primary Floats D&R Screen Station\TO DELETE - FLOODBOX TEST\Flood Chute.iam)
2026-01-15 16:06:50 | IDW UPDATE: FOUND mapping - Flood Chute.iam -> Flood Chute.iam
2026-01-15 16:06:50 | IDW UPDATE: SUCCESS - Updated reference
2026-01-15 16:06:50 | IDW UPDATE: Checking reference: Part7 Angle FB-C.ipt (path: C:\Users\Quintin\Documents\Spectiv\3. Working\22. DMS plant\21. SSCR04 - Primary Floats D&R Screen Station\TO DELETE - FLOODBOX TEST\Part7 Angle FB-C.ipt)
2026-01-15 16:06:50 | IDW UPDATE: FOUND mapping - Part7 Angle FB-C.ipt -> CLONE-001-A2.ipt
2026-01-15 16:06:50 | IDW UPDATE: SUCCESS - Updated reference
2026-01-15 16:06:50 | IDW UPDATE: Checking reference: Lug FB-C.ipt (path: F:\NL\06. Model\02. WBS\NP\20. Primary - DMS\22. NSCR04 - Primary Sinks D&R Screen Station\05. Model\Flood Box\Chute\Lug FB-C.ipt)
2026-01-15 16:06:50 | IDW UPDATE: FOUND mapping - Lug FB-C.ipt -> CLONE-001-PL11.ipt
2026-01-15 16:06:50 | IDW UPDATE: SUCCESS - Updated reference
2026-01-15 16:06:50 | IDW UPDATE: Checking reference: Part1 FB-C.ipt (path: F:\NL\06. Model\02. WBS\NP\20. Primary - DMS\22. NSCR04 - Primary Sinks D&R Screen Station\05. Model\Flood Box\Chute\Part1 FB-C.ipt)
2026-01-15 16:06:50 | IDW UPDATE: FOUND mapping - Part1 FB-C.ipt -> CLONE-001-PL4.ipt
2026-01-15 16:06:50 | IDW UPDATE: SUCCESS - Updated reference
2026-01-15 16:06:50 | IDW UPDATE: Checking reference: Part10 FB-C.ipt (path: F:\NL\06. Model\02. WBS\NP\20. Primary - DMS\22. NSCR04 - Primary Sinks D&R Screen Station\05. Model\Flood Box\Chute\Part10 FB-C.ipt)
2026-01-15 16:06:50 | IDW UPDATE: FOUND mapping - Part10 FB-C.ipt -> CLONE-001-PL9.ipt
2026-01-15 16:06:50 | IDW UPDATE: SUCCESS - Updated reference
2026-01-15 16:06:50 | IDW UPDATE: Checking reference: Part11 Corner Gusset FB-C.ipt (path: F:\NL\06. Model\02. WBS\NP\20. Primary - DMS\22. NSCR04 - Primary Sinks D&R Screen Station\05. Model\Flood Box\Chute\Part11 Corner Gusset FB-C.ipt)
2026-01-15 16:06:50 | IDW UPDATE: FOUND mapping - Part11 Corner Gusset FB-C.ipt -> CLONE-001-PL10.ipt
2026-01-15 16:06:50 | IDW UPDATE: SUCCESS - Updated reference
2026-01-15 16:06:50 | IDW UPDATE: Checking reference: Part2 FB-C.ipt (path: F:\NL\06. Model\02. WBS\NP\20. Primary - DMS\22. NSCR04 - Primary Sinks D&R Screen Station\05. Model\Flood Box\Chute\Part2 FB-C.ipt)
2026-01-15 16:06:50 | IDW UPDATE: FOUND mapping - Part2 FB-C.ipt -> CLONE-001-PL5.ipt
2026-01-15 16:06:50 | IDW UPDATE: SUCCESS - Updated reference
2026-01-15 16:06:50 | IDW UPDATE: Checking reference: Part3 FB-C.ipt (path: F:\NL\06. Model\02. WBS\NP\20. Primary - DMS\22. NSCR04 - Primary Sinks D&R Screen Station\05. Model\Flood Box\Chute\Part3 FB-C.ipt)
2026-01-15 16:06:50 | IDW UPDATE: FOUND mapping - Part3 FB-C.ipt -> CLONE-001-PL6.ipt
2026-01-15 16:06:50 | IDW UPDATE: SUCCESS - Updated reference
2026-01-15 16:06:50 | IDW UPDATE: Checking reference: Part4 FB-C.ipt (path: F:\NL\06. Model\02. WBS\NP\20. Primary - DMS\22. NSCR04 - Primary Sinks D&R Screen Station\05. Model\Flood Box\Chute\Part4 FB-C.ipt)
2026-01-15 16:06:50 | IDW UPDATE: FOUND mapping - Part4 FB-C.ipt -> CLONE-001-PL7.ipt
2026-01-15 16:06:50 | IDW UPDATE: SUCCESS - Updated reference
2026-01-15 16:06:50 | IDW UPDATE: Checking reference: Part5 FB-C.ipt (path: F:\NL\06. Model\02. WBS\NP\20. Primary - DMS\22. NSCR04 - Primary Sinks D&R Screen Station\05. Model\Flood Box\Chute\Part5 FB-C.ipt)
2026-01-15 16:06:50 | IDW UPDATE: FOUND mapping - Part5 FB-C.ipt -> CLONE-001-PL8.ipt
2026-01-15 16:06:50 | IDW UPDATE: SUCCESS - Updated reference
2026-01-15 16:06:50 | IDW UPDATE: Checking reference: Part6 Angle FB-C.ipt (path: F:\NL\06. Model\02. WBS\NP\20. Primary - DMS\22. NSCR04 - Primary Sinks D&R Screen Station\05. Model\Flood Box\Chute\Part6 Angle FB-C.ipt)
2026-01-15 16:06:50 | IDW UPDATE: FOUND mapping - Part6 Angle FB-C.ipt -> CLONE-001-A1.ipt
2026-01-15 16:06:50 | IDW UPDATE: SUCCESS - Updated reference
2026-01-15 16:06:50 | IDW UPDATE: Checking reference: Part8 (Part7 Angle MIR) FB-C.ipt (path: F:\NL\06. Model\02. WBS\NP\20. Primary - DMS\22. NSCR04 - Primary Sinks D&R Screen Station\05. Model\Flood Box\Chute\Part8 (Part7 Angle MIR) FB-C.ipt)
2026-01-15 16:06:50 | IDW UPDATE: FOUND mapping - Part8 (Part7 Angle MIR) FB-C.ipt -> CLONE-001-A3.ipt
2026-01-15 16:06:50 | IDW UPDATE: SUCCESS - Updated reference
2026-01-15 16:06:50 | IDW UPDATE: Checking reference: Part9 Angle FB-C.ipt (path: F:\NL\06. Model\02. WBS\NP\20. Primary - DMS\22. NSCR04 - Primary Sinks D&R Screen Station\05. Model\Flood Box\Chute\Part9 Angle FB-C.ipt)
2026-01-15 16:06:50 | IDW UPDATE: FOUND mapping - Part9 Angle FB-C.ipt -> CLONE-001-A4.ipt
2026-01-15 16:06:50 | IDW UPDATE: SUCCESS - Updated reference
2026-01-15 16:06:51 | IDW UPDATE: Saved MGY-200-DRD-09-02.idw (13 updated)
2026-01-15 16:06:51 | IDW UPDATE (Inventor): Restored original settings
2026-01-15 16:06:51 | STEP 10: Updating iProperties for copied documents
2026-01-15 16:06:51 | IPROP: Starting iProperties update for 36 copied files
2026-01-15 16:06:52 | IPROP: Updated iProperties for TO DELETE - FLOODBOX TEST.iam
2026-01-15 16:07:39 | IPROP: ERROR saving TO DELETE - FLOODBOX TEST.iam: Object required
2026-01-15 16:07:39 | IPROP: Updated iProperties for Support Frame.iam
2026-01-15 16:07:41 | IPROP: ERROR saving Support Frame.iam: Object required
2026-01-15 16:07:41 | IPROP: Updated iProperties for Bolted Connection1.iam
2026-01-15 16:07:41 | IPROP: ERROR saving Bolted Connection1.iam: Object required
2026-01-15 16:07:42 | IPROP: Updated iProperties for Support Column.iam
2026-01-15 16:07:43 | IPROP: ERROR saving Support Column.iam: Object required
2026-01-15 16:07:43 | IPROP: Updated iProperties for CLONE-001-PL1.ipt
2026-01-15 16:07:43 | IPROP: ERROR saving CLONE-001-PL1.ipt: Object required
2026-01-15 16:07:44 | IPROP: Updated iProperties for CLONE-001-B1.ipt
2026-01-15 16:07:44 | IPROP: ERROR saving CLONE-001-B1.ipt: Object required
2026-01-15 16:07:44 | IPROP: Updated iProperties for Bolted Connection2.iam
2026-01-15 16:07:44 | IPROP: ERROR saving Bolted Connection2.iam: Object required
2026-01-15 16:07:45 | IPROP: Updated iProperties for Support Beam-1.iam
2026-01-15 16:07:46 | IPROP: ERROR saving Support Beam-1.iam: Object required
2026-01-15 16:07:46 | IPROP: Updated iProperties for CLONE-001-PL2.ipt
2026-01-15 16:07:46 | IPROP: ERROR saving CLONE-001-PL2.ipt: Object required
2026-01-15 16:07:47 | IPROP: Updated iProperties for CLONE-001-B2.ipt
2026-01-15 16:07:47 | IPROP: ERROR saving CLONE-001-B2.ipt: Object required
2026-01-15 16:07:48 | IPROP: Updated iProperties for Support Beam-3.iam
2026-01-15 16:07:48 | IPROP: ERROR saving Support Beam-3.iam: Object required
2026-01-15 16:07:49 | IPROP: Updated iProperties for CLONE-001-B3.ipt
2026-01-15 16:07:49 | IPROP: ERROR saving CLONE-001-B3.ipt: Object required
2026-01-15 16:07:50 | IPROP: Updated iProperties for Support Beam-2.iam
2026-01-15 16:07:50 | IPROP: ERROR saving Support Beam-2.iam: Object required
2026-01-15 16:07:51 | IPROP: Updated iProperties for CLONE-001-PL3.ipt
2026-01-15 16:07:51 | IPROP: ERROR saving CLONE-001-PL3.ipt: Object required
2026-01-15 16:07:52 | IPROP: Updated iProperties for CLONE-001-B4.ipt
2026-01-15 16:07:52 | IPROP: ERROR saving CLONE-001-B4.ipt: Object required
2026-01-15 16:07:53 | IPROP: Updated iProperties for Bolted Connection1.iam
2026-01-15 16:07:53 | IPROP: ERROR saving Bolted Connection1.iam: Object required
2026-01-15 16:07:53 | IPROP: Updated iProperties for Flood Chute.iam
2026-01-15 16:07:54 | IPROP: ERROR saving Flood Chute.iam: Object required
2026-01-15 16:07:55 | IPROP: Updated iProperties for CLONE-001-PL4.ipt
2026-01-15 16:07:56 | IPROP: ERROR saving CLONE-001-PL4.ipt: Object required
2026-01-15 16:07:56 | IPROP: Updated iProperties for CLONE-001-PL5.ipt
2026-01-15 16:07:57 | IPROP: ERROR saving CLONE-001-PL5.ipt: Object required
2026-01-15 16:07:57 | IPROP: Updated iProperties for CLONE-001-PL6.ipt
2026-01-15 16:07:58 | IPROP: ERROR saving CLONE-001-PL6.ipt: Object required
2026-01-15 16:07:59 | IPROP: Updated iProperties for CLONE-001-PL7.ipt
2026-01-15 16:07:59 | IPROP: ERROR saving CLONE-001-PL7.ipt: Object required
2026-01-15 16:08:00 | IPROP: Updated iProperties for CLONE-001-PL8.ipt
2026-01-15 16:08:00 | IPROP: ERROR saving CLONE-001-PL8.ipt: Object required
2026-01-15 16:08:01 | IPROP: Updated iProperties for CLONE-001-A1.ipt
2026-01-15 16:08:01 | IPROP: ERROR saving CLONE-001-A1.ipt: Object required
2026-01-15 16:08:02 | IPROP: Updated iProperties for CLONE-001-A2.ipt
2026-01-15 16:08:02 | IPROP: ERROR saving CLONE-001-A2.ipt: Object required
2026-01-15 16:08:03 | IPROP: Updated iProperties for CLONE-001-A3.ipt
2026-01-15 16:08:03 | IPROP: ERROR saving CLONE-001-A3.ipt: Object required
2026-01-15 16:08:03 | IPROP: Updated iProperties for CLONE-001-A4.ipt
2026-01-15 16:08:04 | IPROP: ERROR saving CLONE-001-A4.ipt: Object required
2026-01-15 16:08:05 | IPROP: Updated iProperties for CLONE-001-PL9.ipt
2026-01-15 16:08:05 | IPROP: ERROR saving CLONE-001-PL9.ipt: Object required
2026-01-15 16:08:05 | IPROP: Updated iProperties for CLONE-001-PL10.ipt
2026-01-15 16:08:05 | IPROP: ERROR saving CLONE-001-PL10.ipt: Object required
2026-01-15 16:08:06 | IPROP: Updated iProperties for CLONE-001-PL11.ipt
2026-01-15 16:08:06 | IPROP: ERROR saving CLONE-001-PL11.ipt: Object required
2026-01-15 16:08:06 | IPROP: Completed - updated 29 documents
2026-01-15 16:08:06 | STEP 11: Validation scan and destination logging
2026-01-15 16:08:06 | VALIDATE: Writing source and destination inventories...
2026-01-15 16:08:06 | VALIDATE: Source file count = 56
2026-01-15 16:08:06 | VALIDATE: Destination file count = 72
2026-01-15 16:08:06 | SOURCE FILE: C:\Users\Quintin\Documents\Spectiv\3. Working\22. DMS plant\21. SSCR04 - Primary Floats D&R Screen Station\735 Flood Box\Flood Box - 2025-11-25.rar
2026-01-15 16:08:06 | SOURCE FILE: C:\Users\Quintin\Documents\Spectiv\3. Working\22. DMS plant\21. SSCR04 - Primary Floats D&R Screen Station\735 Flood Box\Flood Box.iam
2026-01-15 16:08:06 | SOURCE FILE: C:\Users\Quintin\Documents\Spectiv\3. Working\22. DMS plant\21. SSCR04 - Primary Floats D&R Screen Station\735 Flood Box\MGY-200-DRD-09-00.idw
2026-01-15 16:08:06 | SOURCE FILE: C:\Users\Quintin\Documents\Spectiv\3. Working\22. DMS plant\21. SSCR04 - Primary Floats D&R Screen Station\735 Flood Box\Chute\Flood Chute Development for plates.ipt
2026-01-15 16:08:06 | SOURCE FILE: C:\Users\Quintin\Documents\Spectiv\3. Working\22. DMS plant\21. SSCR04 - Primary Floats D&R Screen Station\735 Flood Box\Chute\Flood Chute Development.ipt
2026-01-15 16:08:06 | SOURCE FILE: C:\Users\Quintin\Documents\Spectiv\3. Working\22. DMS plant\21. SSCR04 - Primary Floats D&R Screen Station\735 Flood Box\Chute\Flood Chute.iam
2026-01-15 16:08:06 | SOURCE FILE: C:\Users\Quintin\Documents\Spectiv\3. Working\22. DMS plant\21. SSCR04 - Primary Floats D&R Screen Station\735 Flood Box\Chute\Lug FB-C.ipt
2026-01-15 16:08:06 | SOURCE FILE: C:\Users\Quintin\Documents\Spectiv\3. Working\22. DMS plant\21. SSCR04 - Primary Floats D&R Screen Station\735 Flood Box\Chute\MGY-200-DRD-09-02.idw
2026-01-15 16:08:06 | SOURCE FILE: C:\Users\Quintin\Documents\Spectiv\3. Working\22. DMS plant\21. SSCR04 - Primary Floats D&R Screen Station\735 Flood Box\Chute\Part1 FB-C.ipt
2026-01-15 16:08:06 | SOURCE FILE: C:\Users\Quintin\Documents\Spectiv\3. Working\22. DMS plant\21. SSCR04 - Primary Floats D&R Screen Station\735 Flood Box\Chute\Part10 FB-C.ipt
2026-01-15 16:08:06 | SOURCE FILE: C:\Users\Quintin\Documents\Spectiv\3. Working\22. DMS plant\21. SSCR04 - Primary Floats D&R Screen Station\735 Flood Box\Chute\Part11 Corner Gusset FB-C.ipt
2026-01-15 16:08:06 | SOURCE FILE: C:\Users\Quintin\Documents\Spectiv\3. Working\22. DMS plant\21. SSCR04 - Primary Floats D&R Screen Station\735 Flood Box\Chute\Part2 FB-C.ipt
2026-01-15 16:08:06 | SOURCE FILE: C:\Users\Quintin\Documents\Spectiv\3. Working\22. DMS plant\21. SSCR04 - Primary Floats D&R Screen Station\735 Flood Box\Chute\Part3 FB-C.ipt
2026-01-15 16:08:06 | SOURCE FILE: C:\Users\Quintin\Documents\Spectiv\3. Working\22. DMS plant\21. SSCR04 - Primary Floats D&R Screen Station\735 Flood Box\Chute\Part4 FB-C.ipt
2026-01-15 16:08:06 | SOURCE FILE: C:\Users\Quintin\Documents\Spectiv\3. Working\22. DMS plant\21. SSCR04 - Primary Floats D&R Screen Station\735 Flood Box\Chute\Part5 FB-C.ipt
2026-01-15 16:08:06 | SOURCE FILE: C:\Users\Quintin\Documents\Spectiv\3. Working\22. DMS plant\21. SSCR04 - Primary Floats D&R Screen Station\735 Flood Box\Chute\Part6 Angle FB-C.ipt
2026-01-15 16:08:06 | SOURCE FILE: C:\Users\Quintin\Documents\Spectiv\3. Working\22. DMS plant\21. SSCR04 - Primary Floats D&R Screen Station\735 Flood Box\Chute\Part7 Angle FB-C.ipt
2026-01-15 16:08:06 | SOURCE FILE: C:\Users\Quintin\Documents\Spectiv\3. Working\22. DMS plant\21. SSCR04 - Primary Floats D&R Screen Station\735 Flood Box\Chute\Part8 (Part7 Angle MIR) FB-C.ipt
2026-01-15 16:08:06 | SOURCE FILE: C:\Users\Quintin\Documents\Spectiv\3. Working\22. DMS plant\21. SSCR04 - Primary Floats D&R Screen Station\735 Flood Box\Chute\Part9 Angle FB-C.ipt
2026-01-15 16:08:06 | SOURCE FILE: C:\Users\Quintin\Documents\Spectiv\3. Working\22. DMS plant\21. SSCR04 - Primary Floats D&R Screen Station\735 Flood Box\Flood Box\Design Accelerator\Bolted Connection1.iam
2026-01-15 16:08:06 | SOURCE FILE: C:\Users\Quintin\Documents\Spectiv\3. Working\22. DMS plant\21. SSCR04 - Primary Floats D&R Screen Station\735 Flood Box\OldVersions\Flood Box.0034.iam
2026-01-15 16:08:06 | SOURCE FILE: C:\Users\Quintin\Documents\Spectiv\3. Working\22. DMS plant\21. SSCR04 - Primary Floats D&R Screen Station\735 Flood Box\Support\MGY-200-DRD-09-01-00.idw
2026-01-15 16:08:06 | SOURCE FILE: C:\Users\Quintin\Documents\Spectiv\3. Working\22. DMS plant\21. SSCR04 - Primary Floats D&R Screen Station\735 Flood Box\Support\Support Frame.iam
2026-01-15 16:08:06 | SOURCE FILE: C:\Users\Quintin\Documents\Spectiv\3. Working\22. DMS plant\21. SSCR04 - Primary Floats D&R Screen Station\735 Flood Box\Support\OldVersions\Support Frame.0075.iam
2026-01-15 16:08:06 | SOURCE FILE: C:\Users\Quintin\Documents\Spectiv\3. Working\22. DMS plant\21. SSCR04 - Primary Floats D&R Screen Station\735 Flood Box\Support\Support Beam-1\MGY-200-DRD-09-01-02.idw
2026-01-15 16:08:06 | SOURCE FILE: C:\Users\Quintin\Documents\Spectiv\3. Working\22. DMS plant\21. SSCR04 - Primary Floats D&R Screen Station\735 Flood Box\Support\Support Beam-1\Part1 FB-B1.ipt
2026-01-15 16:08:06 | SOURCE FILE: C:\Users\Quintin\Documents\Spectiv\3. Working\22. DMS plant\21. SSCR04 - Primary Floats D&R Screen Station\735 Flood Box\Support\Support Beam-1\Part2 203x133x25 FB-B1.ipt
2026-01-15 16:08:06 | SOURCE FILE: C:\Users\Quintin\Documents\Spectiv\3. Working\22. DMS plant\21. SSCR04 - Primary Floats D&R Screen Station\735 Flood Box\Support\Support Beam-1\Support Beam-1.iam
2026-01-15 16:08:06 | SOURCE FILE: C:\Users\Quintin\Documents\Spectiv\3. Working\22. DMS plant\21. SSCR04 - Primary Floats D&R Screen Station\735 Flood Box\Support\Support Beam-1\OldVersions\Part1 FB-B1.0016.ipt
2026-01-15 16:08:06 | SOURCE FILE: C:\Users\Quintin\Documents\Spectiv\3. Working\22. DMS plant\21. SSCR04 - Primary Floats D&R Screen Station\735 Flood Box\Support\Support Beam-1\OldVersions\Part2 203x133x25 FB-B1.0053.ipt
2026-01-15 16:08:06 | SOURCE FILE: C:\Users\Quintin\Documents\Spectiv\3. Working\22. DMS plant\21. SSCR04 - Primary Floats D&R Screen Station\735 Flood Box\Support\Support Beam-1\OldVersions\Support Beam-1.0058.iam
2026-01-15 16:08:06 | SOURCE FILE: C:\Users\Quintin\Documents\Spectiv\3. Working\22. DMS plant\21. SSCR04 - Primary Floats D&R Screen Station\735 Flood Box\Support\Support Beam-2\MGY-200-DRD-09-01-03.idw
2026-01-15 16:08:06 | SOURCE FILE: C:\Users\Quintin\Documents\Spectiv\3. Working\22. DMS plant\21. SSCR04 - Primary Floats D&R Screen Station\735 Flood Box\Support\Support Beam-2\Part1 FB-B2.ipt
2026-01-15 16:08:06 | SOURCE FILE: C:\Users\Quintin\Documents\Spectiv\3. Working\22. DMS plant\21. SSCR04 - Primary Floats D&R Screen Station\735 Flood Box\Support\Support Beam-2\Part2 203x133x25 FB-B2.ipt
2026-01-15 16:08:06 | SOURCE FILE: C:\Users\Quintin\Documents\Spectiv\3. Working\22. DMS plant\21. SSCR04 - Primary Floats D&R Screen Station\735 Flood Box\Support\Support Beam-2\Support Beam-2.iam
2026-01-15 16:08:06 | SOURCE FILE: C:\Users\Quintin\Documents\Spectiv\3. Working\22. DMS plant\21. SSCR04 - Primary Floats D&R Screen Station\735 Flood Box\Support\Support Beam-2\OldVersions\Part1 FB-B2.0018.ipt
2026-01-15 16:08:06 | SOURCE FILE: C:\Users\Quintin\Documents\Spectiv\3. Working\22. DMS plant\21. SSCR04 - Primary Floats D&R Screen Station\735 Flood Box\Support\Support Beam-2\OldVersions\Part2 203x133x25 FB-B2.0042.ipt
2026-01-15 16:08:06 | SOURCE FILE: C:\Users\Quintin\Documents\Spectiv\3. Working\22. DMS plant\21. SSCR04 - Primary Floats D&R Screen Station\735 Flood Box\Support\Support Beam-2\OldVersions\Support Beam-2.0051.iam
2026-01-15 16:08:06 | SOURCE FILE: C:\Users\Quintin\Documents\Spectiv\3. Working\22. DMS plant\21. SSCR04 - Primary Floats D&R Screen Station\735 Flood Box\Support\Support Beam-3\MGY-200-DRD-09-01-02.idw
2026-01-15 16:08:06 | SOURCE FILE: C:\Users\Quintin\Documents\Spectiv\3. Working\22. DMS plant\21. SSCR04 - Primary Floats D&R Screen Station\735 Flood Box\Support\Support Beam-3\Part1 FB-B3.ipt
2026-01-15 16:08:06 | SOURCE FILE: C:\Users\Quintin\Documents\Spectiv\3. Working\22. DMS plant\21. SSCR04 - Primary Floats D&R Screen Station\735 Flood Box\Support\Support Beam-3\Part2 203x133x25 FB-B3.ipt
2026-01-15 16:08:06 | SOURCE FILE: C:\Users\Quintin\Documents\Spectiv\3. Working\22. DMS plant\21. SSCR04 - Primary Floats D&R Screen Station\735 Flood Box\Support\Support Beam-3\Support Beam-3.iam
2026-01-15 16:08:06 | SOURCE FILE: C:\Users\Quintin\Documents\Spectiv\3. Working\22. DMS plant\21. SSCR04 - Primary Floats D&R Screen Station\735 Flood Box\Support\Support Beam-3\OldVersions\Part1 FB-B1.0016.ipt
2026-01-15 16:08:06 | SOURCE FILE: C:\Users\Quintin\Documents\Spectiv\3. Working\22. DMS plant\21. SSCR04 - Primary Floats D&R Screen Station\735 Flood Box\Support\Support Beam-3\OldVersions\Part2 203x133x25 FB-B1.0053.ipt
2026-01-15 16:08:06 | SOURCE FILE: C:\Users\Quintin\Documents\Spectiv\3. Working\22. DMS plant\21. SSCR04 - Primary Floats D&R Screen Station\735 Flood Box\Support\Support Beam-3\OldVersions\Part2 203x133x25 FB-B3.0056.ipt
2026-01-15 16:08:06 | SOURCE FILE: C:\Users\Quintin\Documents\Spectiv\3. Working\22. DMS plant\21. SSCR04 - Primary Floats D&R Screen Station\735 Flood Box\Support\Support Beam-3\OldVersions\Support Beam-1.0057.iam
2026-01-15 16:08:06 | SOURCE FILE: C:\Users\Quintin\Documents\Spectiv\3. Working\22. DMS plant\21. SSCR04 - Primary Floats D&R Screen Station\735 Flood Box\Support\Support Beam-3\OldVersions\Support Beam-3.0061.iam
2026-01-15 16:08:06 | SOURCE FILE: C:\Users\Quintin\Documents\Spectiv\3. Working\22. DMS plant\21. SSCR04 - Primary Floats D&R Screen Station\735 Flood Box\Support\Support Column\lockfile.lck
2026-01-15 16:08:06 | SOURCE FILE: C:\Users\Quintin\Documents\Spectiv\3. Working\22. DMS plant\21. SSCR04 - Primary Floats D&R Screen Station\735 Flood Box\Support\Support Column\MGY-200-DRD-09-01-01.idw
2026-01-15 16:08:06 | SOURCE FILE: C:\Users\Quintin\Documents\Spectiv\3. Working\22. DMS plant\21. SSCR04 - Primary Floats D&R Screen Station\735 Flood Box\Support\Support Column\Part1 FB-C1.ipt
2026-01-15 16:08:06 | SOURCE FILE: C:\Users\Quintin\Documents\Spectiv\3. Working\22. DMS plant\21. SSCR04 - Primary Floats D&R Screen Station\735 Flood Box\Support\Support Column\Part2 203x133x25 FB-C1.ipt
2026-01-15 16:08:06 | SOURCE FILE: C:\Users\Quintin\Documents\Spectiv\3. Working\22. DMS plant\21. SSCR04 - Primary Floats D&R Screen Station\735 Flood Box\Support\Support Column\Support Column.iam
2026-01-15 16:08:06 | SOURCE FILE: C:\Users\Quintin\Documents\Spectiv\3. Working\22. DMS plant\21. SSCR04 - Primary Floats D&R Screen Station\735 Flood Box\Support\Support Column\OldVersions\Part2 203x133x25 FB-C1.0046.ipt
2026-01-15 16:08:06 | SOURCE FILE: C:\Users\Quintin\Documents\Spectiv\3. Working\22. DMS plant\21. SSCR04 - Primary Floats D&R Screen Station\735 Flood Box\Support\Support Column\OldVersions\Support Column.0061.iam
2026-01-15 16:08:06 | SOURCE FILE: C:\Users\Quintin\Documents\Spectiv\3. Working\22. DMS plant\21. SSCR04 - Primary Floats D&R Screen Station\735 Flood Box\Support\Support Frame\Design Accelerator\Bolted Connection1.iam
2026-01-15 16:08:06 | SOURCE FILE: C:\Users\Quintin\Documents\Spectiv\3. Working\22. DMS plant\21. SSCR04 - Primary Floats D&R Screen Station\735 Flood Box\Support\Support Frame\Design Accelerator\Bolted Connection2.iam
2026-01-15 16:08:06 | DEST FILE: C:\Users\Quintin\Documents\Spectiv\3. Working\22. DMS plant\21. SSCR04 - Primary Floats D&R Screen Station\TO DELETE - FLOODBOX TEST\AssemblyCloner_20260115_160629.log
2026-01-15 16:08:06 | DEST FILE: C:\Users\Quintin\Documents\Spectiv\3. Working\22. DMS plant\21. SSCR04 - Primary Floats D&R Screen Station\TO DELETE - FLOODBOX TEST\Bolted Connection1.iam
2026-01-15 16:08:06 | DEST FILE: C:\Users\Quintin\Documents\Spectiv\3. Working\22. DMS plant\21. SSCR04 - Primary Floats D&R Screen Station\TO DELETE - FLOODBOX TEST\Bolted Connection2.iam
2026-01-15 16:08:06 | DEST FILE: C:\Users\Quintin\Documents\Spectiv\3. Working\22. DMS plant\21. SSCR04 - Primary Floats D&R Screen Station\TO DELETE - FLOODBOX TEST\CLONE-001-A1.ipt
2026-01-15 16:08:06 | DEST FILE: C:\Users\Quintin\Documents\Spectiv\3. Working\22. DMS plant\21. SSCR04 - Primary Floats D&R Screen Station\TO DELETE - FLOODBOX TEST\CLONE-001-A2.ipt
2026-01-15 16:08:06 | DEST FILE: C:\Users\Quintin\Documents\Spectiv\3. Working\22. DMS plant\21. SSCR04 - Primary Floats D&R Screen Station\TO DELETE - FLOODBOX TEST\CLONE-001-A3.ipt
2026-01-15 16:08:06 | DEST FILE: C:\Users\Quintin\Documents\Spectiv\3. Working\22. DMS plant\21. SSCR04 - Primary Floats D&R Screen Station\TO DELETE - FLOODBOX TEST\CLONE-001-A4.ipt
2026-01-15 16:08:06 | DEST FILE: C:\Users\Quintin\Documents\Spectiv\3. Working\22. DMS plant\21. SSCR04 - Primary Floats D&R Screen Station\TO DELETE - FLOODBOX TEST\CLONE-001-B1.ipt
2026-01-15 16:08:06 | DEST FILE: C:\Users\Quintin\Documents\Spectiv\3. Working\22. DMS plant\21. SSCR04 - Primary Floats D&R Screen Station\TO DELETE - FLOODBOX TEST\CLONE-001-B2.ipt
2026-01-15 16:08:06 | DEST FILE: C:\Users\Quintin\Documents\Spectiv\3. Working\22. DMS plant\21. SSCR04 - Primary Floats D&R Screen Station\TO DELETE - FLOODBOX TEST\CLONE-001-B3.ipt
2026-01-15 16:08:06 | DEST FILE: C:\Users\Quintin\Documents\Spectiv\3. Working\22. DMS plant\21. SSCR04 - Primary Floats D&R Screen Station\TO DELETE - FLOODBOX TEST\CLONE-001-B4.ipt
2026-01-15 16:08:06 | DEST FILE: C:\Users\Quintin\Documents\Spectiv\3. Working\22. DMS plant\21. SSCR04 - Primary Floats D&R Screen Station\TO DELETE - FLOODBOX TEST\CLONE-001-PL1.ipt
2026-01-15 16:08:06 | DEST FILE: C:\Users\Quintin\Documents\Spectiv\3. Working\22. DMS plant\21. SSCR04 - Primary Floats D&R Screen Station\TO DELETE - FLOODBOX TEST\CLONE-001-PL10.ipt
2026-01-15 16:08:06 | DEST FILE: C:\Users\Quintin\Documents\Spectiv\3. Working\22. DMS plant\21. SSCR04 - Primary Floats D&R Screen Station\TO DELETE - FLOODBOX TEST\CLONE-001-PL11.ipt
2026-01-15 16:08:06 | DEST FILE: C:\Users\Quintin\Documents\Spectiv\3. Working\22. DMS plant\21. SSCR04 - Primary Floats D&R Screen Station\TO DELETE - FLOODBOX TEST\CLONE-001-PL2.ipt
2026-01-15 16:08:06 | DEST FILE: C:\Users\Quintin\Documents\Spectiv\3. Working\22. DMS plant\21. SSCR04 - Primary Floats D&R Screen Station\TO DELETE - FLOODBOX TEST\CLONE-001-PL3.ipt
2026-01-15 16:08:06 | DEST FILE: C:\Users\Quintin\Documents\Spectiv\3. Working\22. DMS plant\21. SSCR04 - Primary Floats D&R Screen Station\TO DELETE - FLOODBOX TEST\CLONE-001-PL4.ipt
2026-01-15 16:08:06 | DEST FILE: C:\Users\Quintin\Documents\Spectiv\3. Working\22. DMS plant\21. SSCR04 - Primary Floats D&R Screen Station\TO DELETE - FLOODBOX TEST\CLONE-001-PL5.ipt
2026-01-15 16:08:06 | DEST FILE: C:\Users\Quintin\Documents\Spectiv\3. Working\22. DMS plant\21. SSCR04 - Primary Floats D&R Screen Station\TO DELETE - FLOODBOX TEST\CLONE-001-PL6.ipt
2026-01-15 16:08:06 | DEST FILE: C:\Users\Quintin\Documents\Spectiv\3. Working\22. DMS plant\21. SSCR04 - Primary Floats D&R Screen Station\TO DELETE - FLOODBOX TEST\CLONE-001-PL7.ipt
2026-01-15 16:08:06 | DEST FILE: C:\Users\Quintin\Documents\Spectiv\3. Working\22. DMS plant\21. SSCR04 - Primary Floats D&R Screen Station\TO DELETE - FLOODBOX TEST\CLONE-001-PL8.ipt
2026-01-15 16:08:06 | DEST FILE: C:\Users\Quintin\Documents\Spectiv\3. Working\22. DMS plant\21. SSCR04 - Primary Floats D&R Screen Station\TO DELETE - FLOODBOX TEST\CLONE-001-PL9.ipt
2026-01-15 16:08:06 | DEST FILE: C:\Users\Quintin\Documents\Spectiv\3. Working\22. DMS plant\21. SSCR04 - Primary Floats D&R Screen Station\TO DELETE - FLOODBOX TEST\Flood Chute Development for plates.ipt
2026-01-15 16:08:06 | DEST FILE: C:\Users\Quintin\Documents\Spectiv\3. Working\22. DMS plant\21. SSCR04 - Primary Floats D&R Screen Station\TO DELETE - FLOODBOX TEST\Flood Chute Development.ipt
2026-01-15 16:08:06 | DEST FILE: C:\Users\Quintin\Documents\Spectiv\3. Working\22. DMS plant\21. SSCR04 - Primary Floats D&R Screen Station\TO DELETE - FLOODBOX TEST\Flood Chute.iam
2026-01-15 16:08:06 | DEST FILE: C:\Users\Quintin\Documents\Spectiv\3. Working\22. DMS plant\21. SSCR04 - Primary Floats D&R Screen Station\TO DELETE - FLOODBOX TEST\MGY-200-DRD-09-00.idw
2026-01-15 16:08:06 | DEST FILE: C:\Users\Quintin\Documents\Spectiv\3. Working\22. DMS plant\21. SSCR04 - Primary Floats D&R Screen Station\TO DELETE - FLOODBOX TEST\MGY-200-DRD-09-01-00.idw
2026-01-15 16:08:06 | DEST FILE: C:\Users\Quintin\Documents\Spectiv\3. Working\22. DMS plant\21. SSCR04 - Primary Floats D&R Screen Station\TO DELETE - FLOODBOX TEST\MGY-200-DRD-09-01-01.idw
2026-01-15 16:08:06 | DEST FILE: C:\Users\Quintin\Documents\Spectiv\3. Working\22. DMS plant\21. SSCR04 - Primary Floats D&R Screen Station\TO DELETE - FLOODBOX TEST\MGY-200-DRD-09-01-02.idw
2026-01-15 16:08:06 | DEST FILE: C:\Users\Quintin\Documents\Spectiv\3. Working\22. DMS plant\21. SSCR04 - Primary Floats D&R Screen Station\TO DELETE - FLOODBOX TEST\MGY-200-DRD-09-01-03.idw
2026-01-15 16:08:06 | DEST FILE: C:\Users\Quintin\Documents\Spectiv\3. Working\22. DMS plant\21. SSCR04 - Primary Floats D&R Screen Station\TO DELETE - FLOODBOX TEST\MGY-200-DRD-09-02.idw
2026-01-15 16:08:06 | DEST FILE: C:\Users\Quintin\Documents\Spectiv\3. Working\22. DMS plant\21. SSCR04 - Primary Floats D&R Screen Station\TO DELETE - FLOODBOX TEST\Part7 Angle FB-C.ipt
2026-01-15 16:08:06 | DEST FILE: C:\Users\Quintin\Documents\Spectiv\3. Working\22. DMS plant\21. SSCR04 - Primary Floats D&R Screen Station\TO DELETE - FLOODBOX TEST\Support Beam-1.iam
2026-01-15 16:08:06 | DEST FILE: C:\Users\Quintin\Documents\Spectiv\3. Working\22. DMS plant\21. SSCR04 - Primary Floats D&R Screen Station\TO DELETE - FLOODBOX TEST\Support Beam-2.iam
2026-01-15 16:08:06 | DEST FILE: C:\Users\Quintin\Documents\Spectiv\3. Working\22. DMS plant\21. SSCR04 - Primary Floats D&R Screen Station\TO DELETE - FLOODBOX TEST\Support Beam-3.iam
2026-01-15 16:08:06 | DEST FILE: C:\Users\Quintin\Documents\Spectiv\3. Working\22. DMS plant\21. SSCR04 - Primary Floats D&R Screen Station\TO DELETE - FLOODBOX TEST\Support Column.iam
2026-01-15 16:08:06 | DEST FILE: C:\Users\Quintin\Documents\Spectiv\3. Working\22. DMS plant\21. SSCR04 - Primary Floats D&R Screen Station\TO DELETE - FLOODBOX TEST\Support Frame.iam
2026-01-15 16:08:06 | DEST FILE: C:\Users\Quintin\Documents\Spectiv\3. Working\22. DMS plant\21. SSCR04 - Primary Floats D&R Screen Station\TO DELETE - FLOODBOX TEST\TO DELETE - FLOODBOX TEST.iam
2026-01-15 16:08:06 | DEST FILE: C:\Users\Quintin\Documents\Spectiv\3. Working\22. DMS plant\21. SSCR04 - Primary Floats D&R Screen Station\TO DELETE - FLOODBOX TEST\OldVersions\Bolted Connection1.0006.iam
2026-01-15 16:08:06 | DEST FILE: C:\Users\Quintin\Documents\Spectiv\3. Working\22. DMS plant\21. SSCR04 - Primary Floats D&R Screen Station\TO DELETE - FLOODBOX TEST\OldVersions\Bolted Connection2.0004.iam
2026-01-15 16:08:06 | DEST FILE: C:\Users\Quintin\Documents\Spectiv\3. Working\22. DMS plant\21. SSCR04 - Primary Floats D&R Screen Station\TO DELETE - FLOODBOX TEST\OldVersions\CLONE-001-A1.0008.ipt
2026-01-15 16:08:06 | DEST FILE: C:\Users\Quintin\Documents\Spectiv\3. Working\22. DMS plant\21. SSCR04 - Primary Floats D&R Screen Station\TO DELETE - FLOODBOX TEST\OldVersions\CLONE-001-A2.0006.ipt
2026-01-15 16:08:06 | DEST FILE: C:\Users\Quintin\Documents\Spectiv\3. Working\22. DMS plant\21. SSCR04 - Primary Floats D&R Screen Station\TO DELETE - FLOODBOX TEST\OldVersions\CLONE-001-A3.0005.ipt
2026-01-15 16:08:06 | DEST FILE: C:\Users\Quintin\Documents\Spectiv\3. Working\22. DMS plant\21. SSCR04 - Primary Floats D&R Screen Station\TO DELETE - FLOODBOX TEST\OldVersions\CLONE-001-A4.0007.ipt
2026-01-15 16:08:06 | DEST FILE: C:\Users\Quintin\Documents\Spectiv\3. Working\22. DMS plant\21. SSCR04 - Primary Floats D&R Screen Station\TO DELETE - FLOODBOX TEST\OldVersions\CLONE-001-B1.0047.ipt
2026-01-15 16:08:06 | DEST FILE: C:\Users\Quintin\Documents\Spectiv\3. Working\22. DMS plant\21. SSCR04 - Primary Floats D&R Screen Station\TO DELETE - FLOODBOX TEST\OldVersions\CLONE-001-B2.0054.ipt
2026-01-15 16:08:06 | DEST FILE: C:\Users\Quintin\Documents\Spectiv\3. Working\22. DMS plant\21. SSCR04 - Primary Floats D&R Screen Station\TO DELETE - FLOODBOX TEST\OldVersions\CLONE-001-B3.0057.ipt
2026-01-15 16:08:06 | DEST FILE: C:\Users\Quintin\Documents\Spectiv\3. Working\22. DMS plant\21. SSCR04 - Primary Floats D&R Screen Station\TO DELETE - FLOODBOX TEST\OldVersions\CLONE-001-B4.0043.ipt
2026-01-15 16:08:06 | DEST FILE: C:\Users\Quintin\Documents\Spectiv\3. Working\22. DMS plant\21. SSCR04 - Primary Floats D&R Screen Station\TO DELETE - FLOODBOX TEST\OldVersions\CLONE-001-PL1.0017.ipt
2026-01-15 16:08:06 | DEST FILE: C:\Users\Quintin\Documents\Spectiv\3. Working\22. DMS plant\21. SSCR04 - Primary Floats D&R Screen Station\TO DELETE - FLOODBOX TEST\OldVersions\CLONE-001-PL10.0015.ipt
2026-01-15 16:08:06 | DEST FILE: C:\Users\Quintin\Documents\Spectiv\3. Working\22. DMS plant\21. SSCR04 - Primary Floats D&R Screen Station\TO DELETE - FLOODBOX TEST\OldVersions\CLONE-001-PL11.0005.ipt
2026-01-15 16:08:06 | DEST FILE: C:\Users\Quintin\Documents\Spectiv\3. Working\22. DMS plant\21. SSCR04 - Primary Floats D&R Screen Station\TO DELETE - FLOODBOX TEST\OldVersions\CLONE-001-PL2.0017.ipt
2026-01-15 16:08:06 | DEST FILE: C:\Users\Quintin\Documents\Spectiv\3. Working\22. DMS plant\21. SSCR04 - Primary Floats D&R Screen Station\TO DELETE - FLOODBOX TEST\OldVersions\CLONE-001-PL3.0019.ipt
2026-01-15 16:08:06 | DEST FILE: C:\Users\Quintin\Documents\Spectiv\3. Working\22. DMS plant\21. SSCR04 - Primary Floats D&R Screen Station\TO DELETE - FLOODBOX TEST\OldVersions\CLONE-001-PL4.0010.ipt
2026-01-15 16:08:06 | DEST FILE: C:\Users\Quintin\Documents\Spectiv\3. Working\22. DMS plant\21. SSCR04 - Primary Floats D&R Screen Station\TO DELETE - FLOODBOX TEST\OldVersions\CLONE-001-PL5.0008.ipt
2026-01-15 16:08:06 | DEST FILE: C:\Users\Quintin\Documents\Spectiv\3. Working\22. DMS plant\21. SSCR04 - Primary Floats D&R Screen Station\TO DELETE - FLOODBOX TEST\OldVersions\CLONE-001-PL6.0008.ipt
2026-01-15 16:08:06 | DEST FILE: C:\Users\Quintin\Documents\Spectiv\3. Working\22. DMS plant\21. SSCR04 - Primary Floats D&R Screen Station\TO DELETE - FLOODBOX TEST\OldVersions\CLONE-001-PL7.0008.ipt
2026-01-15 16:08:06 | DEST FILE: C:\Users\Quintin\Documents\Spectiv\3. Working\22. DMS plant\21. SSCR04 - Primary Floats D&R Screen Station\TO DELETE - FLOODBOX TEST\OldVersions\CLONE-001-PL8.0008.ipt
2026-01-15 16:08:06 | DEST FILE: C:\Users\Quintin\Documents\Spectiv\3. Working\22. DMS plant\21. SSCR04 - Primary Floats D&R Screen Station\TO DELETE - FLOODBOX TEST\OldVersions\CLONE-001-PL9.0008.ipt
2026-01-15 16:08:06 | DEST FILE: C:\Users\Quintin\Documents\Spectiv\3. Working\22. DMS plant\21. SSCR04 - Primary Floats D&R Screen Station\TO DELETE - FLOODBOX TEST\OldVersions\Flood Chute.0017.iam
2026-01-15 16:08:06 | DEST FILE: C:\Users\Quintin\Documents\Spectiv\3. Working\22. DMS plant\21. SSCR04 - Primary Floats D&R Screen Station\TO DELETE - FLOODBOX TEST\OldVersions\MGY-200-DRD-09-00.0007.idw
2026-01-15 16:08:06 | DEST FILE: C:\Users\Quintin\Documents\Spectiv\3. Working\22. DMS plant\21. SSCR04 - Primary Floats D&R Screen Station\TO DELETE - FLOODBOX TEST\OldVersions\MGY-200-DRD-09-01-00.0009.idw
2026-01-15 16:08:06 | DEST FILE: C:\Users\Quintin\Documents\Spectiv\3. Working\22. DMS plant\21. SSCR04 - Primary Floats D&R Screen Station\TO DELETE - FLOODBOX TEST\OldVersions\MGY-200-DRD-09-01-01.0013.idw
2026-01-15 16:08:06 | DEST FILE: C:\Users\Quintin\Documents\Spectiv\3. Working\22. DMS plant\21. SSCR04 - Primary Floats D&R Screen Station\TO DELETE - FLOODBOX TEST\OldVersions\MGY-200-DRD-09-01-02.0014.idw
2026-01-15 16:08:06 | DEST FILE: C:\Users\Quintin\Documents\Spectiv\3. Working\22. DMS plant\21. SSCR04 - Primary Floats D&R Screen Station\TO DELETE - FLOODBOX TEST\OldVersions\MGY-200-DRD-09-01-03.0014.idw
2026-01-15 16:08:06 | DEST FILE: C:\Users\Quintin\Documents\Spectiv\3. Working\22. DMS plant\21. SSCR04 - Primary Floats D&R Screen Station\TO DELETE - FLOODBOX TEST\OldVersions\MGY-200-DRD-09-02.0014.idw
2026-01-15 16:08:06 | DEST FILE: C:\Users\Quintin\Documents\Spectiv\3. Working\22. DMS plant\21. SSCR04 - Primary Floats D&R Screen Station\TO DELETE - FLOODBOX TEST\OldVersions\Support Beam-1.0060.iam
2026-01-15 16:08:06 | DEST FILE: C:\Users\Quintin\Documents\Spectiv\3. Working\22. DMS plant\21. SSCR04 - Primary Floats D&R Screen Station\TO DELETE - FLOODBOX TEST\OldVersions\Support Beam-2.0053.iam
2026-01-15 16:08:06 | DEST FILE: C:\Users\Quintin\Documents\Spectiv\3. Working\22. DMS plant\21. SSCR04 - Primary Floats D&R Screen Station\TO DELETE - FLOODBOX TEST\OldVersions\Support Beam-3.0063.iam
2026-01-15 16:08:06 | DEST FILE: C:\Users\Quintin\Documents\Spectiv\3. Working\22. DMS plant\21. SSCR04 - Primary Floats D&R Screen Station\TO DELETE - FLOODBOX TEST\OldVersions\Support Column.0063.iam
2026-01-15 16:08:06 | DEST FILE: C:\Users\Quintin\Documents\Spectiv\3. Working\22. DMS plant\21. SSCR04 - Primary Floats D&R Screen Station\TO DELETE - FLOODBOX TEST\OldVersions\Support Frame.0076.iam
2026-01-15 16:08:06 | DEST FILE: C:\Users\Quintin\Documents\Spectiv\3. Working\22. DMS plant\21. SSCR04 - Primary Floats D&R Screen Station\TO DELETE - FLOODBOX TEST\OldVersions\TO DELETE - FLOODBOX TEST.0036.iam
2026-01-15 16:08:06 | VALIDATE: Checking copied mappings...
2026-01-15 16:08:06 | MAP OK: C:\Users\Quintin\Documents\Spectiv\3. Working\22. DMS plant\21. SSCR04 - Primary Floats D&R Screen Station\735 Flood Box\Flood Box.iam -> C:\Users\Quintin\Documents\Spectiv\3. Working\22. DMS plant\21. SSCR04 - Primary Floats D&R Screen Station\TO DELETE - FLOODBOX TEST\TO DELETE - FLOODBOX TEST.iam
2026-01-15 16:08:06 | MAP OK: C:\Users\Quintin\Documents\Spectiv\3. Working\22. DMS plant\21. SSCR04 - Primary Floats D&R Screen Station\735 Flood Box\Support\Support Frame.iam -> C:\Users\Quintin\Documents\Spectiv\3. Working\22. DMS plant\21. SSCR04 - Primary Floats D&R Screen Station\TO DELETE - FLOODBOX TEST\Support Frame.iam
2026-01-15 16:08:06 | MAP OK: C:\Users\Quintin\Documents\Spectiv\3. Working\22. DMS plant\21. SSCR04 - Primary Floats D&R Screen Station\735 Flood Box\Support\Support Frame\Design Accelerator\Bolted Connection1.iam -> C:\Users\Quintin\Documents\Spectiv\3. Working\22. DMS plant\21. SSCR04 - Primary Floats D&R Screen Station\TO DELETE - FLOODBOX TEST\Bolted Connection1.iam
2026-01-15 16:08:06 | MAP OK: C:\Users\Quintin\Documents\Spectiv\3. Working\22. DMS plant\21. SSCR04 - Primary Floats D&R Screen Station\735 Flood Box\Support\Support Column\Support Column.iam -> C:\Users\Quintin\Documents\Spectiv\3. Working\22. DMS plant\21. SSCR04 - Primary Floats D&R Screen Station\TO DELETE - FLOODBOX TEST\Support Column.iam
2026-01-15 16:08:06 | MAP OK: C:\Users\Quintin\Documents\Spectiv\3. Working\22. DMS plant\21. SSCR04 - Primary Floats D&R Screen Station\735 Flood Box\Support\Support Column\Part1 FB-C1.ipt -> C:\Users\Quintin\Documents\Spectiv\3. Working\22. DMS plant\21. SSCR04 - Primary Floats D&R Screen Station\TO DELETE - FLOODBOX TEST\CLONE-001-PL1.ipt
2026-01-15 16:08:06 | MAP OK: C:\Users\Quintin\Documents\Spectiv\3. Working\22. DMS plant\21. SSCR04 - Primary Floats D&R Screen Station\735 Flood Box\Support\Support Column\Part2 203x133x25 FB-C1.ipt -> C:\Users\Quintin\Documents\Spectiv\3. Working\22. DMS plant\21. SSCR04 - Primary Floats D&R Screen Station\TO DELETE - FLOODBOX TEST\CLONE-001-B1.ipt
2026-01-15 16:08:06 | MAP OK: C:\Users\Quintin\Documents\Spectiv\3. Working\22. DMS plant\21. SSCR04 - Primary Floats D&R Screen Station\735 Flood Box\Support\Support Frame\Design Accelerator\Bolted Connection2.iam -> C:\Users\Quintin\Documents\Spectiv\3. Working\22. DMS plant\21. SSCR04 - Primary Floats D&R Screen Station\TO DELETE - FLOODBOX TEST\Bolted Connection2.iam
2026-01-15 16:08:06 | MAP OK: C:\Users\Quintin\Documents\Spectiv\3. Working\22. DMS plant\21. SSCR04 - Primary Floats D&R Screen Station\735 Flood Box\Support\Support Beam-1\Support Beam-1.iam -> C:\Users\Quintin\Documents\Spectiv\3. Working\22. DMS plant\21. SSCR04 - Primary Floats D&R Screen Station\TO DELETE - FLOODBOX TEST\Support Beam-1.iam
2026-01-15 16:08:06 | MAP OK: C:\Users\Quintin\Documents\Spectiv\3. Working\22. DMS plant\21. SSCR04 - Primary Floats D&R Screen Station\735 Flood Box\Support\Support Beam-1\Part1 FB-B1.ipt -> C:\Users\Quintin\Documents\Spectiv\3. Working\22. DMS plant\21. SSCR04 - Primary Floats D&R Screen Station\TO DELETE - FLOODBOX TEST\CLONE-001-PL2.ipt
2026-01-15 16:08:06 | MAP OK: C:\Users\Quintin\Documents\Spectiv\3. Working\22. DMS plant\21. SSCR04 - Primary Floats D&R Screen Station\735 Flood Box\Support\Support Beam-1\Part2 203x133x25 FB-B1.ipt -> C:\Users\Quintin\Documents\Spectiv\3. Working\22. DMS plant\21. SSCR04 - Primary Floats D&R Screen Station\TO DELETE - FLOODBOX TEST\CLONE-001-B2.ipt
2026-01-15 16:08:06 | MAP OK: C:\Users\Quintin\Documents\Spectiv\3. Working\22. DMS plant\21. SSCR04 - Primary Floats D&R Screen Station\735 Flood Box\Support\Support Beam-3\Support Beam-3.iam -> C:\Users\Quintin\Documents\Spectiv\3. Working\22. DMS plant\21. SSCR04 - Primary Floats D&R Screen Station\TO DELETE - FLOODBOX TEST\Support Beam-3.iam
2026-01-15 16:08:06 | MAP OK: C:\Users\Quintin\Documents\Spectiv\3. Working\22. DMS plant\21. SSCR04 - Primary Floats D&R Screen Station\735 Flood Box\Support\Support Beam-3\Part2 203x133x25 FB-B3.ipt -> C:\Users\Quintin\Documents\Spectiv\3. Working\22. DMS plant\21. SSCR04 - Primary Floats D&R Screen Station\TO DELETE - FLOODBOX TEST\CLONE-001-B3.ipt
2026-01-15 16:08:06 | MAP OK: C:\Users\Quintin\Documents\Spectiv\3. Working\22. DMS plant\21. SSCR04 - Primary Floats D&R Screen Station\735 Flood Box\Support\Support Beam-2\Support Beam-2.iam -> C:\Users\Quintin\Documents\Spectiv\3. Working\22. DMS plant\21. SSCR04 - Primary Floats D&R Screen Station\TO DELETE - FLOODBOX TEST\Support Beam-2.iam
2026-01-15 16:08:06 | MAP OK: C:\Users\Quintin\Documents\Spectiv\3. Working\22. DMS plant\21. SSCR04 - Primary Floats D&R Screen Station\735 Flood Box\Support\Support Beam-2\Part1 FB-B2.ipt -> C:\Users\Quintin\Documents\Spectiv\3. Working\22. DMS plant\21. SSCR04 - Primary Floats D&R Screen Station\TO DELETE - FLOODBOX TEST\CLONE-001-PL3.ipt
2026-01-15 16:08:06 | MAP OK: C:\Users\Quintin\Documents\Spectiv\3. Working\22. DMS plant\21. SSCR04 - Primary Floats D&R Screen Station\735 Flood Box\Support\Support Beam-2\Part2 203x133x25 FB-B2.ipt -> C:\Users\Quintin\Documents\Spectiv\3. Working\22. DMS plant\21. SSCR04 - Primary Floats D&R Screen Station\TO DELETE - FLOODBOX TEST\CLONE-001-B4.ipt
2026-01-15 16:08:06 | MAP OK: C:\Users\Quintin\Documents\Spectiv\3. Working\22. DMS plant\21. SSCR04 - Primary Floats D&R Screen Station\735 Flood Box\Flood Box\Design Accelerator\Bolted Connection1.iam -> C:\Users\Quintin\Documents\Spectiv\3. Working\22. DMS plant\21. SSCR04 - Primary Floats D&R Screen Station\TO DELETE - FLOODBOX TEST\Bolted Connection1.iam
2026-01-15 16:08:06 | MAP OK: C:\Users\Quintin\Documents\Spectiv\3. Working\22. DMS plant\21. SSCR04 - Primary Floats D&R Screen Station\735 Flood Box\Chute\Flood Chute.iam -> C:\Users\Quintin\Documents\Spectiv\3. Working\22. DMS plant\21. SSCR04 - Primary Floats D&R Screen Station\TO DELETE - FLOODBOX TEST\Flood Chute.iam
2026-01-15 16:08:06 | MAP OK: C:\Users\Quintin\Documents\Spectiv\3. Working\22. DMS plant\21. SSCR04 - Primary Floats D&R Screen Station\735 Flood Box\Chute\Part1 FB-C.ipt -> C:\Users\Quintin\Documents\Spectiv\3. Working\22. DMS plant\21. SSCR04 - Primary Floats D&R Screen Station\TO DELETE - FLOODBOX TEST\CLONE-001-PL4.ipt
2026-01-15 16:08:06 | MAP OK: C:\Users\Quintin\Documents\Spectiv\3. Working\22. DMS plant\21. SSCR04 - Primary Floats D&R Screen Station\735 Flood Box\Chute\Part2 FB-C.ipt -> C:\Users\Quintin\Documents\Spectiv\3. Working\22. DMS plant\21. SSCR04 - Primary Floats D&R Screen Station\TO DELETE - FLOODBOX TEST\CLONE-001-PL5.ipt
2026-01-15 16:08:06 | MAP OK: C:\Users\Quintin\Documents\Spectiv\3. Working\22. DMS plant\21. SSCR04 - Primary Floats D&R Screen Station\735 Flood Box\Chute\Part3 FB-C.ipt -> C:\Users\Quintin\Documents\Spectiv\3. Working\22. DMS plant\21. SSCR04 - Primary Floats D&R Screen Station\TO DELETE - FLOODBOX TEST\CLONE-001-PL6.ipt
2026-01-15 16:08:06 | MAP OK: C:\Users\Quintin\Documents\Spectiv\3. Working\22. DMS plant\21. SSCR04 - Primary Floats D&R Screen Station\735 Flood Box\Chute\Part4 FB-C.ipt -> C:\Users\Quintin\Documents\Spectiv\3. Working\22. DMS plant\21. SSCR04 - Primary Floats D&R Screen Station\TO DELETE - FLOODBOX TEST\CLONE-001-PL7.ipt
2026-01-15 16:08:06 | MAP OK: C:\Users\Quintin\Documents\Spectiv\3. Working\22. DMS plant\21. SSCR04 - Primary Floats D&R Screen Station\735 Flood Box\Chute\Part5 FB-C.ipt -> C:\Users\Quintin\Documents\Spectiv\3. Working\22. DMS plant\21. SSCR04 - Primary Floats D&R Screen Station\TO DELETE - FLOODBOX TEST\CLONE-001-PL8.ipt
2026-01-15 16:08:06 | MAP OK: C:\Users\Quintin\Documents\Spectiv\3. Working\22. DMS plant\21. SSCR04 - Primary Floats D&R Screen Station\735 Flood Box\Chute\Part6 Angle FB-C.ipt -> C:\Users\Quintin\Documents\Spectiv\3. Working\22. DMS plant\21. SSCR04 - Primary Floats D&R Screen Station\TO DELETE - FLOODBOX TEST\CLONE-001-A1.ipt
2026-01-15 16:08:06 | MAP OK: C:\Users\Quintin\Documents\Spectiv\3. Working\22. DMS plant\21. SSCR04 - Primary Floats D&R Screen Station\735 Flood Box\Chute\Part7 Angle FB-C.ipt -> C:\Users\Quintin\Documents\Spectiv\3. Working\22. DMS plant\21. SSCR04 - Primary Floats D&R Screen Station\TO DELETE - FLOODBOX TEST\CLONE-001-A2.ipt
2026-01-15 16:08:06 | MAP OK: C:\Users\Quintin\Documents\Spectiv\3. Working\22. DMS plant\21. SSCR04 - Primary Floats D&R Screen Station\735 Flood Box\Chute\Part8 (Part7 Angle MIR) FB-C.ipt -> C:\Users\Quintin\Documents\Spectiv\3. Working\22. DMS plant\21. SSCR04 - Primary Floats D&R Screen Station\TO DELETE - FLOODBOX TEST\CLONE-001-A3.ipt
2026-01-15 16:08:06 | MAP OK: C:\Users\Quintin\Documents\Spectiv\3. Working\22. DMS plant\21. SSCR04 - Primary Floats D&R Screen Station\735 Flood Box\Chute\Part9 Angle FB-C.ipt -> C:\Users\Quintin\Documents\Spectiv\3. Working\22. DMS plant\21. SSCR04 - Primary Floats D&R Screen Station\TO DELETE - FLOODBOX TEST\CLONE-001-A4.ipt
2026-01-15 16:08:06 | MAP OK: C:\Users\Quintin\Documents\Spectiv\3. Working\22. DMS plant\21. SSCR04 - Primary Floats D&R Screen Station\735 Flood Box\Chute\Part10 FB-C.ipt -> C:\Users\Quintin\Documents\Spectiv\3. Working\22. DMS plant\21. SSCR04 - Primary Floats D&R Screen Station\TO DELETE - FLOODBOX TEST\CLONE-001-PL9.ipt
2026-01-15 16:08:06 | MAP OK: C:\Users\Quintin\Documents\Spectiv\3. Working\22. DMS plant\21. SSCR04 - Primary Floats D&R Screen Station\735 Flood Box\Chute\Part11 Corner Gusset FB-C.ipt -> C:\Users\Quintin\Documents\Spectiv\3. Working\22. DMS plant\21. SSCR04 - Primary Floats D&R Screen Station\TO DELETE - FLOODBOX TEST\CLONE-001-PL10.ipt
2026-01-15 16:08:06 | MAP OK: C:\Users\Quintin\Documents\Spectiv\3. Working\22. DMS plant\21. SSCR04 - Primary Floats D&R Screen Station\735 Flood Box\Chute\Lug FB-C.ipt -> C:\Users\Quintin\Documents\Spectiv\3. Working\22. DMS plant\21. SSCR04 - Primary Floats D&R Screen Station\TO DELETE - FLOODBOX TEST\CLONE-001-PL11.ipt
2026-01-15 16:08:06 | MAP OK: C:\Users\Quintin\Documents\Spectiv\3. Working\22. DMS plant\21. SSCR04 - Primary Floats D&R Screen Station\735 Flood Box\MGY-200-DRD-09-00.idw -> C:\Users\Quintin\Documents\Spectiv\3. Working\22. DMS plant\21. SSCR04 - Primary Floats D&R Screen Station\TO DELETE - FLOODBOX TEST\MGY-200-DRD-09-00.idw
2026-01-15 16:08:06 | MAP OK: C:\Users\Quintin\Documents\Spectiv\3. Working\22. DMS plant\21. SSCR04 - Primary Floats D&R Screen Station\735 Flood Box\Chute\MGY-200-DRD-09-02.idw -> C:\Users\Quintin\Documents\Spectiv\3. Working\22. DMS plant\21. SSCR04 - Primary Floats D&R Screen Station\TO DELETE - FLOODBOX TEST\MGY-200-DRD-09-02.idw
2026-01-15 16:08:06 | MAP OK: C:\Users\Quintin\Documents\Spectiv\3. Working\22. DMS plant\21. SSCR04 - Primary Floats D&R Screen Station\735 Flood Box\Support\MGY-200-DRD-09-01-00.idw -> C:\Users\Quintin\Documents\Spectiv\3. Working\22. DMS plant\21. SSCR04 - Primary Floats D&R Screen Station\TO DELETE - FLOODBOX TEST\MGY-200-DRD-09-01-00.idw
2026-01-15 16:08:06 | MAP OK: C:\Users\Quintin\Documents\Spectiv\3. Working\22. DMS plant\21. SSCR04 - Primary Floats D&R Screen Station\735 Flood Box\Support\Support Beam-1\MGY-200-DRD-09-01-02.idw -> C:\Users\Quintin\Documents\Spectiv\3. Working\22. DMS plant\21. SSCR04 - Primary Floats D&R Screen Station\TO DELETE - FLOODBOX TEST\MGY-200-DRD-09-01-02.idw
2026-01-15 16:08:06 | MAP OK: C:\Users\Quintin\Documents\Spectiv\3. Working\22. DMS plant\21. SSCR04 - Primary Floats D&R Screen Station\735 Flood Box\Support\Support Beam-2\MGY-200-DRD-09-01-03.idw -> C:\Users\Quintin\Documents\Spectiv\3. Working\22. DMS plant\21. SSCR04 - Primary Floats D&R Screen Station\TO DELETE - FLOODBOX TEST\MGY-200-DRD-09-01-03.idw
2026-01-15 16:08:06 | MAP OK: C:\Users\Quintin\Documents\Spectiv\3. Working\22. DMS plant\21. SSCR04 - Primary Floats D&R Screen Station\735 Flood Box\Support\Support Beam-3\MGY-200-DRD-09-01-02.idw -> C:\Users\Quintin\Documents\Spectiv\3. Working\22. DMS plant\21. SSCR04 - Primary Floats D&R Screen Station\TO DELETE - FLOODBOX TEST\MGY-200-DRD-09-01-02.idw
2026-01-15 16:08:06 | MAP OK: C:\Users\Quintin\Documents\Spectiv\3. Working\22. DMS plant\21. SSCR04 - Primary Floats D&R Screen Station\735 Flood Box\Support\Support Column\MGY-200-DRD-09-01-01.idw -> C:\Users\Quintin\Documents\Spectiv\3. Working\22. DMS plant\21. SSCR04 - Primary Floats D&R Screen Station\TO DELETE - FLOODBOX TEST\MGY-200-DRD-09-01-01.idw
2026-01-15 16:08:06 | VALIDATE: Missing mapped files = 0
2026-01-15 16:08:06 | === ASSEMBLY CLONER COMPLETED ===
