2026-01-15 12:28:13 | === ASSEMBLY CLONER ===
2026-01-15 12:28:14 | Copy assembly with all sub-assemblies and parts to new isolated location
2026-01-15 12:28:15 | SUCCESS: Connected to existing Inventor instance
2026-01-15 12:28:15 | STEP 1: Detecting open assembly
2026-01-15 12:28:15 | DETECTED: Staircase-1.iam
2026-01-15 12:28:15 | DETECTED: Full path - C:\Users\Quintin\Documents\Spectiv\3. Working\22. DMS plant\21. SSCR04 - Primary Floats D&R Screen Station\000 Structure & Walkway\Staircase-1 Ground - RH\Staircase-1.iam
2026-01-15 12:28:16 | STEP 2: Getting destination folder from user
2026-01-15 12:28:19 | DESTINATION: C:\Users\Quintin\Documents\Spectiv\3. Working\22. DMS plant\21. SSCR04 - Primary Floats D&R Screen Station\000 Structure & Walkway\Staircase-3
2026-01-15 12:28:19 | DEST LOG: Writing destination log to C:\Users\Quintin\Documents\Spectiv\3. Working\22. DMS plant\21. SSCR04 - Primary Floats D&R Screen Station\000 Structure & Walkway\Staircase-3\AssemblyCloner_20260115_122819.log
2026-01-15 12:28:19 | New assembly name will be: Staircase-3.iam
2026-01-15 12:28:19 | STEP 3: Asking about heritage renaming
2026-01-15 12:28:20 | PLANT: Getting plant section naming convention from user
2026-01-15 12:28:22 | PLANT: Using prefix: CLONE-001-
2026-01-15 12:28:22 | STEP 4: Analyzing assembly structure
2026-01-15 12:28:22 | COLLECT: Scanning assembly for all referenced parts and sub-assemblies...
2026-01-15 12:28:22 | COLLECT: PART Part1 TFC.ipt (TFC178x54x15)
2026-01-15 12:28:22 | COLLECT: PART Part2 TFC.ipt (TFC178x54x15)
2026-01-15 12:28:22 | COLLECT: PART Part3 TFC.ipt (TFC178x54x15)
2026-01-15 12:28:22 | COLLECT: PART Part4 TFC .ipt (TFC178x54x15)
2026-01-15 12:28:22 | COLLECT: PART Part5 TFC.ipt (TFC178x54x15)
2026-01-15 12:28:22 | COLLECT: PART Part6 TFC.ipt (TFC178x54x15)
2026-01-15 12:28:22 | COLLECT: PART Part15 Stair End Plate.ipt (PL 10mm S355JR)
2026-01-15 12:28:22 | COLLECT: PART Part7 Stair End Plate.ipt (PL 10mm S355JR)
2026-01-15 12:28:22 | COLLECT: PART Part8 Stair Stanchion Plate.ipt (PL 10mm S355JR)
2026-01-15 12:28:22 | COLLECT: PART Part9 TFC.ipt (TFC178x54x15)
2026-01-15 12:28:22 | COLLECT: PART Part10 TFC.ipt (TFC178x54x15)
2026-01-15 12:28:22 | COLLECT: PART Part11 TFC.ipt (TFC178x54x15)
2026-01-15 12:28:22 | COLLECT: PART Part12 Angle.ipt (L70x70x6)
2026-01-15 12:28:22 | COLLECT: PART Step.ipt (STD VITAGRID 750 WIDE STEP)
2026-01-15 12:28:22 | COLLECT: PART Part13 Stanchion Plate.ipt (PL 10mm S355JR)
2026-01-15 12:28:22 | COLLECT: PART Part14 Base Plate.ipt (PL 10mm S355JR)
2026-01-15 12:28:22 | COLLECT: Found 16 unique files to copy
2026-01-15 12:28:22 | ANALYZE: Found 16 unique parts to copy
2026-01-15 12:28:22 | STEP 5: Grouping components for heritage naming
2026-01-15 12:28:22 | GROUP: Grouping parts for heritage naming...
2026-01-15 12:28:22 | GROUP: Created 4 groups
2026-01-15 12:28:22 | SCHEME: CH -> CLONE-001-CH{N}
2026-01-15 12:28:22 | SCHEME: PL -> CLONE-001-PL{N}
2026-01-15 12:28:22 | SCHEME: A -> CLONE-001-A{N}
2026-01-15 12:28:22 | SCHEME: OTHER -> CLONE-001-OTHER{N}
2026-01-15 12:28:22 | STEP 6: Copying assembly to destination
2026-01-15 12:28:22 | Closing source assembly for safe copy...
2026-01-15 12:28:23 | COPIED: Assembly Staircase-1.iam -> Staircase-3.iam
2026-01-15 12:28:23 | STEP 7: Copying parts and sub-assemblies to destination
2026-01-15 12:28:23 | COPIED: Part1 TFC.ipt -> CLONE-001-CH1.ipt
2026-01-15 12:28:23 | COPIED: Part2 TFC.ipt -> CLONE-001-CH2.ipt
2026-01-15 12:28:23 | COPIED: Part3 TFC.ipt -> CLONE-001-CH3.ipt
2026-01-15 12:28:23 | COPIED: Part4 TFC .ipt -> CLONE-001-CH4.ipt
2026-01-15 12:28:23 | COPIED: Part5 TFC.ipt -> CLONE-001-CH5.ipt
2026-01-15 12:28:23 | COPIED: Part6 TFC.ipt -> CLONE-001-CH6.ipt
2026-01-15 12:28:23 | COPIED: Part15 Stair End Plate.ipt -> CLONE-001-PL1.ipt
2026-01-15 12:28:23 | COPIED: Part7 Stair End Plate.ipt -> CLONE-001-PL2.ipt
2026-01-15 12:28:23 | COPIED: Part8 Stair Stanchion Plate.ipt -> CLONE-001-PL3.ipt
2026-01-15 12:28:23 | COPIED: Part9 TFC.ipt -> CLONE-001-CH7.ipt
2026-01-15 12:28:23 | COPIED: Part10 TFC.ipt -> CLONE-001-CH8.ipt
2026-01-15 12:28:23 | COPIED: Part11 TFC.ipt -> CLONE-001-CH9.ipt
2026-01-15 12:28:23 | COPIED: Part12 Angle.ipt -> CLONE-001-A1.ipt
2026-01-15 12:28:23 | COPIED: Step.ipt -> CLONE-001-OTHER1.ipt
2026-01-15 12:28:23 | COPIED: Part13 Stanchion Plate.ipt -> CLONE-001-PL4.ipt
2026-01-15 12:28:23 | COPIED: Part14 Base Plate.ipt -> CLONE-001-PL5.ipt
2026-01-15 12:28:23 | STEP 8: Updating references in copied assembly using ApprenticeServer
2026-01-15 12:28:23 | ASSEMBLY UPDATE: ApprenticeServer not available, using Inventor method
2026-01-15 12:28:23 | ASSEMBLY UPDATE (Inventor): Opening assembly...
2026-01-15 12:28:23 | ASSEMBLY UPDATE (Inventor): Opened Staircase-3.iam
2026-01-15 12:28:23 | UPDATE: Updating assembly references to local copies...
2026-01-15 12:28:23 | UPDATE: Built filename lookup with 17 entries
2026-01-15 12:28:23 | UPDATE: Using File.ReferencedFileDescriptors method - 17 references at level ROOT
2026-01-15 12:28:23 | UPDATE: No mapping for Bolted Connection1.iam
2026-01-15 12:28:23 | UPDATE: Part1 TFC.ipt -> CLONE-001-CH1.ipt
2026-01-15 12:28:23 | UPDATE: Part10 TFC.ipt -> CLONE-001-CH8.ipt
2026-01-15 12:28:23 | UPDATE: Part11 TFC.ipt -> CLONE-001-CH9.ipt
2026-01-15 12:28:23 | UPDATE: Part12 Angle.ipt -> CLONE-001-A1.ipt
2026-01-15 12:28:23 | UPDATE: Part13 Stanchion Plate.ipt -> CLONE-001-PL4.ipt
2026-01-15 12:28:23 | UPDATE: Part14 Base Plate.ipt -> CLONE-001-PL5.ipt
2026-01-15 12:28:23 | UPDATE: Part2 TFC.ipt -> CLONE-001-CH2.ipt
2026-01-15 12:28:23 | UPDATE: Part3 TFC.ipt -> CLONE-001-CH3.ipt
2026-01-15 12:28:23 | UPDATE: Part4 TFC .ipt -> CLONE-001-CH4.ipt
2026-01-15 12:28:23 | UPDATE: Part5 TFC.ipt -> CLONE-001-CH5.ipt
2026-01-15 12:28:23 | UPDATE: Part6 TFC.ipt -> CLONE-001-CH6.ipt
2026-01-15 12:28:23 | UPDATE: Part7 Stair End Plate.ipt -> CLONE-001-PL2.ipt
2026-01-15 12:28:23 | UPDATE: Part8 Stair Stanchion Plate.ipt -> CLONE-001-PL3.ipt
2026-01-15 12:28:23 | UPDATE: Part9 TFC.ipt -> CLONE-001-CH7.ipt
2026-01-15 12:28:23 | UPDATE: Step.ipt -> CLONE-001-OTHER1.ipt
2026-01-15 12:28:24 | UPDATE: Part15 Stair End Plate.ipt -> CLONE-001-PL1.ipt
2026-01-15 12:28:24 | UPDATE: Updated 16 of 17 references at level ROOT
2026-01-15 12:28:24 | ASSEMBLY UPDATE (Inventor): Saved successfully
2026-01-15 12:28:24 | ASSEMBLY UPDATE (Inventor): Complete - assembly left open for verification
2026-01-15 12:28:24 | STEP 9: Processing IDW files (update references, then save to new location)
2026-01-15 12:28:24 | IDW PROCESS: Found MGY-200-DRP-01-18.idw
2026-01-15 12:28:26 | IDW PROCESS: Opening original IDW from source location...
2026-01-15 12:28:27 | IDW PROCESS: Opened successfully, now updating references...
2026-01-15 12:28:27 | IDW PROCESS: Found 16 references
2026-01-15 12:28:27 | IDW PROCESS: Updating Part1 TFC.ipt -> CLONE-001-CH1.ipt
2026-01-15 12:28:27 | IDW PROCESS: SUCCESS
2026-01-15 12:28:27 | IDW PROCESS: Updating Part10 TFC.ipt -> CLONE-001-CH8.ipt
2026-01-15 12:28:27 | IDW PROCESS: SUCCESS
2026-01-15 12:28:27 | IDW PROCESS: Updating Part11 TFC.ipt -> CLONE-001-CH9.ipt
2026-01-15 12:28:27 | IDW PROCESS: SUCCESS
2026-01-15 12:28:27 | IDW PROCESS: Updating Part12 Angle.ipt -> CLONE-001-A1.ipt
2026-01-15 12:28:27 | IDW PROCESS: SUCCESS
2026-01-15 12:28:27 | IDW PROCESS: Updating Part13 Stanchion Plate.ipt -> CLONE-001-PL4.ipt
2026-01-15 12:28:27 | IDW PROCESS: SUCCESS
2026-01-15 12:28:27 | IDW PROCESS: Updating Part14 Base Plate.ipt -> CLONE-001-PL5.ipt
2026-01-15 12:28:27 | IDW PROCESS: SUCCESS
2026-01-15 12:28:27 | IDW PROCESS: Updating Part15 Stair End Plate.ipt -> CLONE-001-PL1.ipt
2026-01-15 12:28:27 | IDW PROCESS: SUCCESS
2026-01-15 12:28:27 | IDW PROCESS: Updating Part2 TFC.ipt -> CLONE-001-CH2.ipt
2026-01-15 12:28:28 | IDW PROCESS: SUCCESS
2026-01-15 12:28:28 | IDW PROCESS: Updating Part3 TFC.ipt -> CLONE-001-CH3.ipt
2026-01-15 12:28:28 | IDW PROCESS: SUCCESS
2026-01-15 12:28:28 | IDW PROCESS: Updating Part4 TFC .ipt -> CLONE-001-CH4.ipt
2026-01-15 12:28:28 | IDW PROCESS: SUCCESS
2026-01-15 12:28:28 | IDW PROCESS: Updating Part5 TFC.ipt -> CLONE-001-CH5.ipt
2026-01-15 12:28:28 | IDW PROCESS: SUCCESS
2026-01-15 12:28:28 | IDW PROCESS: Updating Part6 TFC.ipt -> CLONE-001-CH6.ipt
2026-01-15 12:28:28 | IDW PROCESS: SUCCESS
2026-01-15 12:28:28 | IDW PROCESS: Updating Part7 Stair End Plate.ipt -> CLONE-001-PL2.ipt
2026-01-15 12:28:28 | IDW PROCESS: SUCCESS
2026-01-15 12:28:28 | IDW PROCESS: Updating Part8 Stair Stanchion Plate.ipt -> CLONE-001-PL3.ipt
2026-01-15 12:28:28 | IDW PROCESS: SUCCESS
2026-01-15 12:28:28 | IDW PROCESS: Updating Part9 TFC.ipt -> CLONE-001-CH7.ipt
2026-01-15 12:28:28 | IDW PROCESS: SUCCESS
2026-01-15 12:28:28 | IDW PROCESS: Updating Staircase-1.iam -> Staircase-3.iam
2026-01-15 12:28:28 | IDW PROCESS: SUCCESS
2026-01-15 12:28:28 | IDW PROCESS: Saving to destination: C:\Users\Quintin\Documents\Spectiv\3. Working\22. DMS plant\21. SSCR04 - Primary Floats D&R Screen Station\000 Structure & Walkway\Staircase-3\MGY-200-DRP-01-19.idw
2026-01-15 12:28:31 | IDW PROCESS: Successfully saved MGY-200-DRP-01-19.idw (16 references updated)
2026-01-15 12:28:31 | STEP 10: Validation scan and destination logging
2026-01-15 12:28:31 | VALIDATE: Writing source and destination inventories...
2026-01-15 12:28:31 | VALIDATE: Source file count = 34
2026-01-15 12:28:31 | VALIDATE: Destination file count = 20
2026-01-15 12:28:31 | SOURCE FILE: C:\Users\Quintin\Documents\Spectiv\3. Working\22. DMS plant\21. SSCR04 - Primary Floats D&R Screen Station\000 Structure & Walkway\Staircase-1 Ground - RH\90deg Long Radius Corner Bend.ipt
2026-01-15 12:28:31 | SOURCE FILE: C:\Users\Quintin\Documents\Spectiv\3. Working\22. DMS plant\21. SSCR04 - Primary Floats D&R Screen Station\000 Structure & Walkway\Staircase-1 Ground - RH\Closure Bend 40º.ipt
2026-01-15 12:28:31 | SOURCE FILE: C:\Users\Quintin\Documents\Spectiv\3. Working\22. DMS plant\21. SSCR04 - Primary Floats D&R Screen Station\000 Structure & Walkway\Staircase-1 Ground - RH\Handrailing-Std Straight1.ipt
2026-01-15 12:28:31 | SOURCE FILE: C:\Users\Quintin\Documents\Spectiv\3. Working\22. DMS plant\21. SSCR04 - Primary Floats D&R Screen Station\000 Structure & Walkway\Staircase-1 Ground - RH\Handrailing-Std Straight2.ipt
2026-01-15 12:28:31 | SOURCE FILE: C:\Users\Quintin\Documents\Spectiv\3. Working\22. DMS plant\21. SSCR04 - Primary Floats D&R Screen Station\000 Structure & Walkway\Staircase-1 Ground - RH\Handrailing-Std Straight3.ipt
2026-01-15 12:28:31 | SOURCE FILE: C:\Users\Quintin\Documents\Spectiv\3. Working\22. DMS plant\21. SSCR04 - Primary Floats D&R Screen Station\000 Structure & Walkway\Staircase-1 Ground - RH\MGY-200-DRP-01-18.idw
2026-01-15 12:28:31 | SOURCE FILE: C:\Users\Quintin\Documents\Spectiv\3. Working\22. DMS plant\21. SSCR04 - Primary Floats D&R Screen Station\000 Structure & Walkway\Staircase-1 Ground - RH\Part1 TFC.ipt
2026-01-15 12:28:31 | SOURCE FILE: C:\Users\Quintin\Documents\Spectiv\3. Working\22. DMS plant\21. SSCR04 - Primary Floats D&R Screen Station\000 Structure & Walkway\Staircase-1 Ground - RH\Part10 TFC.ipt
2026-01-15 12:28:31 | SOURCE FILE: C:\Users\Quintin\Documents\Spectiv\3. Working\22. DMS plant\21. SSCR04 - Primary Floats D&R Screen Station\000 Structure & Walkway\Staircase-1 Ground - RH\Part11 TFC.ipt
2026-01-15 12:28:31 | SOURCE FILE: C:\Users\Quintin\Documents\Spectiv\3. Working\22. DMS plant\21. SSCR04 - Primary Floats D&R Screen Station\000 Structure & Walkway\Staircase-1 Ground - RH\Part12 Angle.ipt
2026-01-15 12:28:31 | SOURCE FILE: C:\Users\Quintin\Documents\Spectiv\3. Working\22. DMS plant\21. SSCR04 - Primary Floats D&R Screen Station\000 Structure & Walkway\Staircase-1 Ground - RH\Part13 Stanchion Plate.ipt
2026-01-15 12:28:31 | SOURCE FILE: C:\Users\Quintin\Documents\Spectiv\3. Working\22. DMS plant\21. SSCR04 - Primary Floats D&R Screen Station\000 Structure & Walkway\Staircase-1 Ground - RH\Part14 Base Plate.ipt
2026-01-15 12:28:31 | SOURCE FILE: C:\Users\Quintin\Documents\Spectiv\3. Working\22. DMS plant\21. SSCR04 - Primary Floats D&R Screen Station\000 Structure & Walkway\Staircase-1 Ground - RH\Part15 Stair End Plate.ipt
2026-01-15 12:28:31 | SOURCE FILE: C:\Users\Quintin\Documents\Spectiv\3. Working\22. DMS plant\21. SSCR04 - Primary Floats D&R Screen Station\000 Structure & Walkway\Staircase-1 Ground - RH\Part2 TFC.ipt
2026-01-15 12:28:31 | SOURCE FILE: C:\Users\Quintin\Documents\Spectiv\3. Working\22. DMS plant\21. SSCR04 - Primary Floats D&R Screen Station\000 Structure & Walkway\Staircase-1 Ground - RH\Part3 TFC.ipt
2026-01-15 12:28:31 | SOURCE FILE: C:\Users\Quintin\Documents\Spectiv\3. Working\22. DMS plant\21. SSCR04 - Primary Floats D&R Screen Station\000 Structure & Walkway\Staircase-1 Ground - RH\Part4 TFC .ipt
2026-01-15 12:28:31 | SOURCE FILE: C:\Users\Quintin\Documents\Spectiv\3. Working\22. DMS plant\21. SSCR04 - Primary Floats D&R Screen Station\000 Structure & Walkway\Staircase-1 Ground - RH\Part5 TFC.ipt
2026-01-15 12:28:31 | SOURCE FILE: C:\Users\Quintin\Documents\Spectiv\3. Working\22. DMS plant\21. SSCR04 - Primary Floats D&R Screen Station\000 Structure & Walkway\Staircase-1 Ground - RH\Part6 TFC.ipt
2026-01-15 12:28:31 | SOURCE FILE: C:\Users\Quintin\Documents\Spectiv\3. Working\22. DMS plant\21. SSCR04 - Primary Floats D&R Screen Station\000 Structure & Walkway\Staircase-1 Ground - RH\Part7 Stair End Plate.ipt
2026-01-15 12:28:31 | SOURCE FILE: C:\Users\Quintin\Documents\Spectiv\3. Working\22. DMS plant\21. SSCR04 - Primary Floats D&R Screen Station\000 Structure & Walkway\Staircase-1 Ground - RH\Part8 Stair Stanchion Plate.ipt
2026-01-15 12:28:31 | SOURCE FILE: C:\Users\Quintin\Documents\Spectiv\3. Working\22. DMS plant\21. SSCR04 - Primary Floats D&R Screen Station\000 Structure & Walkway\Staircase-1 Ground - RH\Part9 TFC.ipt
2026-01-15 12:28:31 | SOURCE FILE: C:\Users\Quintin\Documents\Spectiv\3. Working\22. DMS plant\21. SSCR04 - Primary Floats D&R Screen Station\000 Structure & Walkway\Staircase-1 Ground - RH\Staircase-1.iam
2026-01-15 12:28:31 | SOURCE FILE: C:\Users\Quintin\Documents\Spectiv\3. Working\22. DMS plant\21. SSCR04 - Primary Floats D&R Screen Station\000 Structure & Walkway\Staircase-1 Ground - RH\Stairway Bend 40º.ipt
2026-01-15 12:28:31 | SOURCE FILE: C:\Users\Quintin\Documents\Spectiv\3. Working\22. DMS plant\21. SSCR04 - Primary Floats D&R Screen Station\000 Structure & Walkway\Staircase-1 Ground - RH\Stanchion - Side Mounted New.ipt
2026-01-15 12:28:31 | SOURCE FILE: C:\Users\Quintin\Documents\Spectiv\3. Working\22. DMS plant\21. SSCR04 - Primary Floats D&R Screen Station\000 Structure & Walkway\Staircase-1 Ground - RH\Stanchion-Side Mounted 40º -LH.ipt
2026-01-15 12:28:31 | SOURCE FILE: C:\Users\Quintin\Documents\Spectiv\3. Working\22. DMS plant\21. SSCR04 - Primary Floats D&R Screen Station\000 Structure & Walkway\Staircase-1 Ground - RH\Stanchion-Side Mounted 40º -RH.ipt
2026-01-15 12:28:31 | SOURCE FILE: C:\Users\Quintin\Documents\Spectiv\3. Working\22. DMS plant\21. SSCR04 - Primary Floats D&R Screen Station\000 Structure & Walkway\Staircase-1 Ground - RH\Step.ipt
2026-01-15 12:28:31 | SOURCE FILE: C:\Users\Quintin\Documents\Spectiv\3. Working\22. DMS plant\21. SSCR04 - Primary Floats D&R Screen Station\000 Structure & Walkway\Staircase-1 Ground - RH\Straight Closure Bend.ipt
2026-01-15 12:28:31 | SOURCE FILE: C:\Users\Quintin\Documents\Spectiv\3. Working\22. DMS plant\21. SSCR04 - Primary Floats D&R Screen Station\000 Structure & Walkway\Staircase-1 Ground - RH\Ground Staircase\Design Accelerator\Bolted Connection1.iam
2026-01-15 12:28:31 | SOURCE FILE: C:\Users\Quintin\Documents\Spectiv\3. Working\22. DMS plant\21. SSCR04 - Primary Floats D&R Screen Station\000 Structure & Walkway\Staircase-1 Ground - RH\OldVersions\MGY-200-DRP-01-18.0047.idw
2026-01-15 12:28:31 | SOURCE FILE: C:\Users\Quintin\Documents\Spectiv\3. Working\22. DMS plant\21. SSCR04 - Primary Floats D&R Screen Station\000 Structure & Walkway\Staircase-1 Ground - RH\OldVersions\Staircase-1.0159.iam
2026-01-15 12:28:31 | SOURCE FILE: C:\Users\Quintin\Documents\Spectiv\3. Working\22. DMS plant\21. SSCR04 - Primary Floats D&R Screen Station\000 Structure & Walkway\Staircase-1 Ground - RH\OldVersions\Stanchion - Side Mounted New.0010.ipt
2026-01-15 12:28:31 | SOURCE FILE: C:\Users\Quintin\Documents\Spectiv\3. Working\22. DMS plant\21. SSCR04 - Primary Floats D&R Screen Station\000 Structure & Walkway\Staircase-1 Ground - RH\OldVersions\Stanchion-Side Mounted 40º -LH.0007.ipt
2026-01-15 12:28:31 | SOURCE FILE: C:\Users\Quintin\Documents\Spectiv\3. Working\22. DMS plant\21. SSCR04 - Primary Floats D&R Screen Station\000 Structure & Walkway\Staircase-1 Ground - RH\OldVersions\Stanchion-Side Mounted 40º -RH.0008.ipt
2026-01-15 12:28:31 | DEST FILE: C:\Users\Quintin\Documents\Spectiv\3. Working\22. DMS plant\21. SSCR04 - Primary Floats D&R Screen Station\000 Structure & Walkway\Staircase-3\AssemblyCloner_20260115_122819.log
2026-01-15 12:28:31 | DEST FILE: C:\Users\Quintin\Documents\Spectiv\3. Working\22. DMS plant\21. SSCR04 - Primary Floats D&R Screen Station\000 Structure & Walkway\Staircase-3\CLONE-001-A1.ipt
2026-01-15 12:28:31 | DEST FILE: C:\Users\Quintin\Documents\Spectiv\3. Working\22. DMS plant\21. SSCR04 - Primary Floats D&R Screen Station\000 Structure & Walkway\Staircase-3\CLONE-001-CH1.ipt
2026-01-15 12:28:31 | DEST FILE: C:\Users\Quintin\Documents\Spectiv\3. Working\22. DMS plant\21. SSCR04 - Primary Floats D&R Screen Station\000 Structure & Walkway\Staircase-3\CLONE-001-CH2.ipt
2026-01-15 12:28:31 | DEST FILE: C:\Users\Quintin\Documents\Spectiv\3. Working\22. DMS plant\21. SSCR04 - Primary Floats D&R Screen Station\000 Structure & Walkway\Staircase-3\CLONE-001-CH3.ipt
2026-01-15 12:28:31 | DEST FILE: C:\Users\Quintin\Documents\Spectiv\3. Working\22. DMS plant\21. SSCR04 - Primary Floats D&R Screen Station\000 Structure & Walkway\Staircase-3\CLONE-001-CH4.ipt
2026-01-15 12:28:31 | DEST FILE: C:\Users\Quintin\Documents\Spectiv\3. Working\22. DMS plant\21. SSCR04 - Primary Floats D&R Screen Station\000 Structure & Walkway\Staircase-3\CLONE-001-CH5.ipt
2026-01-15 12:28:31 | DEST FILE: C:\Users\Quintin\Documents\Spectiv\3. Working\22. DMS plant\21. SSCR04 - Primary Floats D&R Screen Station\000 Structure & Walkway\Staircase-3\CLONE-001-CH6.ipt
2026-01-15 12:28:31 | DEST FILE: C:\Users\Quintin\Documents\Spectiv\3. Working\22. DMS plant\21. SSCR04 - Primary Floats D&R Screen Station\000 Structure & Walkway\Staircase-3\CLONE-001-CH7.ipt
2026-01-15 12:28:31 | DEST FILE: C:\Users\Quintin\Documents\Spectiv\3. Working\22. DMS plant\21. SSCR04 - Primary Floats D&R Screen Station\000 Structure & Walkway\Staircase-3\CLONE-001-CH8.ipt
2026-01-15 12:28:31 | DEST FILE: C:\Users\Quintin\Documents\Spectiv\3. Working\22. DMS plant\21. SSCR04 - Primary Floats D&R Screen Station\000 Structure & Walkway\Staircase-3\CLONE-001-CH9.ipt
2026-01-15 12:28:31 | DEST FILE: C:\Users\Quintin\Documents\Spectiv\3. Working\22. DMS plant\21. SSCR04 - Primary Floats D&R Screen Station\000 Structure & Walkway\Staircase-3\CLONE-001-OTHER1.ipt
2026-01-15 12:28:31 | DEST FILE: C:\Users\Quintin\Documents\Spectiv\3. Working\22. DMS plant\21. SSCR04 - Primary Floats D&R Screen Station\000 Structure & Walkway\Staircase-3\CLONE-001-PL1.ipt
2026-01-15 12:28:31 | DEST FILE: C:\Users\Quintin\Documents\Spectiv\3. Working\22. DMS plant\21. SSCR04 - Primary Floats D&R Screen Station\000 Structure & Walkway\Staircase-3\CLONE-001-PL2.ipt
2026-01-15 12:28:31 | DEST FILE: C:\Users\Quintin\Documents\Spectiv\3. Working\22. DMS plant\21. SSCR04 - Primary Floats D&R Screen Station\000 Structure & Walkway\Staircase-3\CLONE-001-PL3.ipt
2026-01-15 12:28:31 | DEST FILE: C:\Users\Quintin\Documents\Spectiv\3. Working\22. DMS plant\21. SSCR04 - Primary Floats D&R Screen Station\000 Structure & Walkway\Staircase-3\CLONE-001-PL4.ipt
2026-01-15 12:28:31 | DEST FILE: C:\Users\Quintin\Documents\Spectiv\3. Working\22. DMS plant\21. SSCR04 - Primary Floats D&R Screen Station\000 Structure & Walkway\Staircase-3\CLONE-001-PL5.ipt
2026-01-15 12:28:31 | DEST FILE: C:\Users\Quintin\Documents\Spectiv\3. Working\22. DMS plant\21. SSCR04 - Primary Floats D&R Screen Station\000 Structure & Walkway\Staircase-3\MGY-200-DRP-01-19.idw
2026-01-15 12:28:31 | DEST FILE: C:\Users\Quintin\Documents\Spectiv\3. Working\22. DMS plant\21. SSCR04 - Primary Floats D&R Screen Station\000 Structure & Walkway\Staircase-3\Staircase-3.iam
2026-01-15 12:28:31 | DEST FILE: C:\Users\Quintin\Documents\Spectiv\3. Working\22. DMS plant\21. SSCR04 - Primary Floats D&R Screen Station\000 Structure & Walkway\Staircase-3\OldVersions\Staircase-3.0160.iam
2026-01-15 12:28:31 | VALIDATE: Checking copied mappings...
2026-01-15 12:28:31 | MAP OK: C:\Users\Quintin\Documents\Spectiv\3. Working\22. DMS plant\21. SSCR04 - Primary Floats D&R Screen Station\000 Structure & Walkway\Staircase-1 Ground - RH\Staircase-1.iam -> C:\Users\Quintin\Documents\Spectiv\3. Working\22. DMS plant\21. SSCR04 - Primary Floats D&R Screen Station\000 Structure & Walkway\Staircase-3\Staircase-3.iam
2026-01-15 12:28:31 | MAP OK: C:\Users\Quintin\Documents\Spectiv\3. Working\22. DMS plant\21. SSCR04 - Primary Floats D&R Screen Station\000 Structure & Walkway\Staircase-1 Ground - RH\Part1 TFC.ipt -> C:\Users\Quintin\Documents\Spectiv\3. Working\22. DMS plant\21. SSCR04 - Primary Floats D&R Screen Station\000 Structure & Walkway\Staircase-3\CLONE-001-CH1.ipt
2026-01-15 12:28:31 | MAP OK: C:\Users\Quintin\Documents\Spectiv\3. Working\22. DMS plant\21. SSCR04 - Primary Floats D&R Screen Station\000 Structure & Walkway\Staircase-1 Ground - RH\Part2 TFC.ipt -> C:\Users\Quintin\Documents\Spectiv\3. Working\22. DMS plant\21. SSCR04 - Primary Floats D&R Screen Station\000 Structure & Walkway\Staircase-3\CLONE-001-CH2.ipt
2026-01-15 12:28:31 | MAP OK: C:\Users\Quintin\Documents\Spectiv\3. Working\22. DMS plant\21. SSCR04 - Primary Floats D&R Screen Station\000 Structure & Walkway\Staircase-1 Ground - RH\Part3 TFC.ipt -> C:\Users\Quintin\Documents\Spectiv\3. Working\22. DMS plant\21. SSCR04 - Primary Floats D&R Screen Station\000 Structure & Walkway\Staircase-3\CLONE-001-CH3.ipt
2026-01-15 12:28:31 | MAP OK: C:\Users\Quintin\Documents\Spectiv\3. Working\22. DMS plant\21. SSCR04 - Primary Floats D&R Screen Station\000 Structure & Walkway\Staircase-1 Ground - RH\Part4 TFC .ipt -> C:\Users\Quintin\Documents\Spectiv\3. Working\22. DMS plant\21. SSCR04 - Primary Floats D&R Screen Station\000 Structure & Walkway\Staircase-3\CLONE-001-CH4.ipt
2026-01-15 12:28:31 | MAP OK: C:\Users\Quintin\Documents\Spectiv\3. Working\22. DMS plant\21. SSCR04 - Primary Floats D&R Screen Station\000 Structure & Walkway\Staircase-1 Ground - RH\Part5 TFC.ipt -> C:\Users\Quintin\Documents\Spectiv\3. Working\22. DMS plant\21. SSCR04 - Primary Floats D&R Screen Station\000 Structure & Walkway\Staircase-3\CLONE-001-CH5.ipt
2026-01-15 12:28:31 | MAP OK: C:\Users\Quintin\Documents\Spectiv\3. Working\22. DMS plant\21. SSCR04 - Primary Floats D&R Screen Station\000 Structure & Walkway\Staircase-1 Ground - RH\Part6 TFC.ipt -> C:\Users\Quintin\Documents\Spectiv\3. Working\22. DMS plant\21. SSCR04 - Primary Floats D&R Screen Station\000 Structure & Walkway\Staircase-3\CLONE-001-CH6.ipt
2026-01-15 12:28:31 | MAP OK: C:\Users\Quintin\Documents\Spectiv\3. Working\22. DMS plant\21. SSCR04 - Primary Floats D&R Screen Station\000 Structure & Walkway\Staircase-1 Ground - RH\Part15 Stair End Plate.ipt -> C:\Users\Quintin\Documents\Spectiv\3. Working\22. DMS plant\21. SSCR04 - Primary Floats D&R Screen Station\000 Structure & Walkway\Staircase-3\CLONE-001-PL1.ipt
2026-01-15 12:28:31 | MAP OK: C:\Users\Quintin\Documents\Spectiv\3. Working\22. DMS plant\21. SSCR04 - Primary Floats D&R Screen Station\000 Structure & Walkway\Staircase-1 Ground - RH\Part7 Stair End Plate.ipt -> C:\Users\Quintin\Documents\Spectiv\3. Working\22. DMS plant\21. SSCR04 - Primary Floats D&R Screen Station\000 Structure & Walkway\Staircase-3\CLONE-001-PL2.ipt
2026-01-15 12:28:31 | MAP OK: C:\Users\Quintin\Documents\Spectiv\3. Working\22. DMS plant\21. SSCR04 - Primary Floats D&R Screen Station\000 Structure & Walkway\Staircase-1 Ground - RH\Part8 Stair Stanchion Plate.ipt -> C:\Users\Quintin\Documents\Spectiv\3. Working\22. DMS plant\21. SSCR04 - Primary Floats D&R Screen Station\000 Structure & Walkway\Staircase-3\CLONE-001-PL3.ipt
2026-01-15 12:28:31 | MAP OK: C:\Users\Quintin\Documents\Spectiv\3. Working\22. DMS plant\21. SSCR04 - Primary Floats D&R Screen Station\000 Structure & Walkway\Staircase-1 Ground - RH\Part9 TFC.ipt -> C:\Users\Quintin\Documents\Spectiv\3. Working\22. DMS plant\21. SSCR04 - Primary Floats D&R Screen Station\000 Structure & Walkway\Staircase-3\CLONE-001-CH7.ipt
2026-01-15 12:28:31 | MAP OK: C:\Users\Quintin\Documents\Spectiv\3. Working\22. DMS plant\21. SSCR04 - Primary Floats D&R Screen Station\000 Structure & Walkway\Staircase-1 Ground - RH\Part10 TFC.ipt -> C:\Users\Quintin\Documents\Spectiv\3. Working\22. DMS plant\21. SSCR04 - Primary Floats D&R Screen Station\000 Structure & Walkway\Staircase-3\CLONE-001-CH8.ipt
2026-01-15 12:28:31 | MAP OK: C:\Users\Quintin\Documents\Spectiv\3. Working\22. DMS plant\21. SSCR04 - Primary Floats D&R Screen Station\000 Structure & Walkway\Staircase-1 Ground - RH\Part11 TFC.ipt -> C:\Users\Quintin\Documents\Spectiv\3. Working\22. DMS plant\21. SSCR04 - Primary Floats D&R Screen Station\000 Structure & Walkway\Staircase-3\CLONE-001-CH9.ipt
2026-01-15 12:28:31 | MAP OK: C:\Users\Quintin\Documents\Spectiv\3. Working\22. DMS plant\21. SSCR04 - Primary Floats D&R Screen Station\000 Structure & Walkway\Staircase-1 Ground - RH\Part12 Angle.ipt -> C:\Users\Quintin\Documents\Spectiv\3. Working\22. DMS plant\21. SSCR04 - Primary Floats D&R Screen Station\000 Structure & Walkway\Staircase-3\CLONE-001-A1.ipt
2026-01-15 12:28:31 | MAP OK: C:\Users\Quintin\Documents\Spectiv\3. Working\22. DMS plant\21. SSCR04 - Primary Floats D&R Screen Station\000 Structure & Walkway\Staircase-1 Ground - RH\Step.ipt -> C:\Users\Quintin\Documents\Spectiv\3. Working\22. DMS plant\21. SSCR04 - Primary Floats D&R Screen Station\000 Structure & Walkway\Staircase-3\CLONE-001-OTHER1.ipt
2026-01-15 12:28:31 | MAP OK: C:\Users\Quintin\Documents\Spectiv\3. Working\22. DMS plant\21. SSCR04 - Primary Floats D&R Screen Station\000 Structure & Walkway\Staircase-1 Ground - RH\Part13 Stanchion Plate.ipt -> C:\Users\Quintin\Documents\Spectiv\3. Working\22. DMS plant\21. SSCR04 - Primary Floats D&R Screen Station\000 Structure & Walkway\Staircase-3\CLONE-001-PL4.ipt
2026-01-15 12:28:31 | MAP OK: C:\Users\Quintin\Documents\Spectiv\3. Working\22. DMS plant\21. SSCR04 - Primary Floats D&R Screen Station\000 Structure & Walkway\Staircase-1 Ground - RH\Part14 Base Plate.ipt -> C:\Users\Quintin\Documents\Spectiv\3. Working\22. DMS plant\21. SSCR04 - Primary Floats D&R Screen Station\000 Structure & Walkway\Staircase-3\CLONE-001-PL5.ipt
2026-01-15 12:28:31 | VALIDATE: Missing mapped files = 0
2026-01-15 12:28:31 | === ASSEMBLY CLONER COMPLETED ===
