2026-01-15 14:03:31 | === ASSEMBLY CLONER ===
2026-01-15 14:03:31 | Copy assembly with all sub-assemblies and parts to new isolated location
2026-01-15 14:03:32 | SUCCESS: Connected to existing Inventor instance
2026-01-15 14:03:32 | STEP 1: Detecting open assembly
2026-01-15 14:03:32 | DETECTED: Flood Box.iam
2026-01-15 14:03:32 | DETECTED: Full path - C:\Users\Quintin\Documents\Spectiv\3. Working\22. DMS plant\21. SSCR04 - Primary Floats D&R Screen Station\735 Flood Box\Flood Box.iam
2026-01-15 14:03:33 | STEP 2: Getting destination folder from user
2026-01-15 14:03:36 | DESTINATION: C:\Users\Quintin\Documents\Spectiv\3. Working\22. DMS plant\21. SSCR04 - Primary Floats D&R Screen Station\TO DELETE - FLOODBOX TEST
2026-01-15 14:03:36 | DEST LOG: Writing destination log to C:\Users\Quintin\Documents\Spectiv\3. Working\22. DMS plant\21. SSCR04 - Primary Floats D&R Screen Station\TO DELETE - FLOODBOX TEST\AssemblyCloner_20260115_140336.log
2026-01-15 14:03:36 | New assembly name will be: TO DELETE - FLOODBOX TEST.iam
2026-01-15 14:03:36 | STEP 3: Asking about heritage renaming
2026-01-15 14:03:37 | PLANT: Getting plant section naming convention from user
2026-01-15 14:04:07 | PLANT: Using prefix: FLOODBOX-TEST-1-
2026-01-15 14:04:07 | STEP 4: Analyzing assembly structure
2026-01-15 14:04:07 | COLLECT: Scanning assembly for all referenced parts and sub-assemblies...
2026-01-15 14:04:07 | COLLECT: SUB-ASSEMBLY Support Frame.iam at ROOT
2026-01-15 14:04:07 | COLLECT: SUB-ASSEMBLY Bolted Connection1.iam at ROOT>Support Frame.iam
2026-01-15 14:04:07 | COLLECT: SUB-ASSEMBLY Support Column.iam at ROOT>Support Frame.iam
2026-01-15 14:04:07 | COLLECT: PART Part1 FB-C1.ipt (PL 10mm S355JR) at ROOT>Support Frame.iam>Support Column.iam
2026-01-15 14:04:07 | COLLECT: PART Part2 203x133x25 FB-C1.ipt (UB203x133x25) at ROOT>Support Frame.iam>Support Column.iam
2026-01-15 14:04:07 | COLLECT: SUB-ASSEMBLY Bolted Connection2.iam at ROOT>Support Frame.iam
2026-01-15 14:04:07 | COLLECT: SUB-ASSEMBLY Support Beam-1.iam at ROOT>Support Frame.iam
2026-01-15 14:04:07 | COLLECT: PART Part1 FB-B1.ipt (PL 10mm S355JR) at ROOT>Support Frame.iam>Support Beam-1.iam
2026-01-15 14:04:07 | COLLECT: PART Part2 203x133x25 FB-B1.ipt (UB203x133x25) at ROOT>Support Frame.iam>Support Beam-1.iam
2026-01-15 14:04:07 | COLLECT: SUB-ASSEMBLY Support Beam-3.iam at ROOT>Support Frame.iam
2026-01-15 14:04:08 | COLLECT: PART Part2 203x133x25 FB-B3.ipt (UB203x133x25) at ROOT>Support Frame.iam>Support Beam-3.iam
2026-01-15 14:04:08 | COLLECT: SUB-ASSEMBLY Support Beam-2.iam at ROOT>Support Frame.iam
2026-01-15 14:04:08 | COLLECT: PART Part1 FB-B2.ipt (PL 10mm S355JR) at ROOT>Support Frame.iam>Support Beam-2.iam
2026-01-15 14:04:08 | COLLECT: PART Part2 203x133x25 FB-B2.ipt (UB203x133x25) at ROOT>Support Frame.iam>Support Beam-2.iam
2026-01-15 14:04:08 | COLLECT: Skipping suppressed occurrence Flood Chute Development:1 at ROOT
2026-01-15 14:04:08 | COLLECT: SUB-ASSEMBLY Bolted Connection1.iam at ROOT
2026-01-15 14:04:08 | COLLECT: SUB-ASSEMBLY Flood Chute.iam at ROOT
2026-01-15 14:04:08 | COLLECT: PART Part1 FB-C.ipt (PL 6mm S355JR) at ROOT>Flood Chute.iam
2026-01-15 14:04:08 | COLLECT: PART Part2 FB-C.ipt (PL 6mm S355JR) at ROOT>Flood Chute.iam
2026-01-15 14:04:08 | COLLECT: PART Part3 FB-C.ipt (PL 6mm S355JR) at ROOT>Flood Chute.iam
2026-01-15 14:04:08 | COLLECT: PART Part4 FB-C.ipt (PL 6mm S355JR) at ROOT>Flood Chute.iam
2026-01-15 14:04:08 | COLLECT: PART Part5 FB-C.ipt (PL 6mm S355JR) at ROOT>Flood Chute.iam
2026-01-15 14:04:08 | COLLECT: PART Part6 Angle FB-C.ipt (L60x60x6) at ROOT>Flood Chute.iam
2026-01-15 14:04:08 | COLLECT: PART Part7 Angle FB-C.ipt (L60x60x6) at ROOT>Flood Chute.iam
2026-01-15 14:04:08 | COLLECT: PART Part8 (Part7 Angle MIR) FB-C.ipt (L60x60x6) at ROOT>Flood Chute.iam
2026-01-15 14:04:08 | COLLECT: PART Part9 Angle FB-C.ipt (L60x60x6) at ROOT>Flood Chute.iam
2026-01-15 14:04:08 | COLLECT: PART Part10 FB-C.ipt (PL 10mm S355JR) at ROOT>Flood Chute.iam
2026-01-15 14:04:08 | COLLECT: PART Part11 Corner Gusset FB-C.ipt (PL 10mm S355JR) at ROOT>Flood Chute.iam
2026-01-15 14:04:08 | COLLECT: PART Lug FB-C.ipt (PL 20mm S355JR) at ROOT>Flood Chute.iam
2026-01-15 14:04:08 | COLLECT: Found 28 unique files
2026-01-15 14:04:08 | COLLECT: Scanning for IDW drawing files...
2026-01-15 14:04:08 | COLLECT: DRAWING MGY-200-DRD-09-00.idw
2026-01-15 14:04:08 | COLLECT: DRAWING MGY-200-DRD-09-02.idw
2026-01-15 14:04:08 | COLLECT: DRAWING MGY-200-DRD-09-01-00.idw
2026-01-15 14:04:08 | COLLECT: DRAWING MGY-200-DRD-09-01-02.idw
2026-01-15 14:04:08 | COLLECT: DRAWING MGY-200-DRD-09-01-03.idw
2026-01-15 14:04:08 | COLLECT: DRAWING MGY-200-DRD-09-01-02.idw
2026-01-15 14:04:08 | COLLECT: DRAWING MGY-200-DRD-09-01-01.idw
2026-01-15 14:04:08 | ANALYZE: Found 35 unique files to copy (parts + sub-assemblies + drawings)
2026-01-15 14:04:08 | STEP 5: Grouping components for heritage naming
2026-01-15 14:04:08 | GROUP: Grouping parts for heritage naming...
2026-01-15 14:04:08 | GROUP: Skipping sub-assembly Support Frame.iam
2026-01-15 14:04:08 | GROUP: Skipping sub-assembly Bolted Connection1.iam
2026-01-15 14:04:08 | GROUP: Skipping sub-assembly Support Column.iam
2026-01-15 14:04:08 | GROUP: Skipping sub-assembly Bolted Connection2.iam
2026-01-15 14:04:08 | GROUP: Skipping sub-assembly Support Beam-1.iam
2026-01-15 14:04:08 | GROUP: Skipping sub-assembly Support Beam-3.iam
2026-01-15 14:04:08 | GROUP: Skipping sub-assembly Support Beam-2.iam
2026-01-15 14:04:08 | GROUP: Skipping sub-assembly Bolted Connection1.iam
2026-01-15 14:04:08 | GROUP: Skipping sub-assembly Flood Chute.iam
2026-01-15 14:04:08 | GROUP: Skipping drawing MGY-200-DRD-09-00.idw
2026-01-15 14:04:08 | GROUP: Skipping drawing MGY-200-DRD-09-02.idw
2026-01-15 14:04:08 | GROUP: Skipping drawing MGY-200-DRD-09-01-00.idw
2026-01-15 14:04:08 | GROUP: Skipping drawing MGY-200-DRD-09-01-02.idw
2026-01-15 14:04:08 | GROUP: Skipping drawing MGY-200-DRD-09-01-03.idw
2026-01-15 14:04:08 | GROUP: Skipping drawing MGY-200-DRD-09-01-02.idw
2026-01-15 14:04:08 | GROUP: Skipping drawing MGY-200-DRD-09-01-01.idw
2026-01-15 14:04:08 | GROUP: Created 3 groups
2026-01-15 14:04:08 | SCHEME: PL -> FLOODBOX-TEST-1-PL{N}
2026-01-15 14:04:08 | SCHEME: B -> FLOODBOX-TEST-1-B{N}
2026-01-15 14:04:08 | SCHEME: A -> FLOODBOX-TEST-1-A{N}
2026-01-15 14:04:08 | STEP 6: Copying assembly to destination
2026-01-15 14:04:08 | Closing source assembly for safe copy...
2026-01-15 14:04:08 | COPIED: Assembly Flood Box.iam -> TO DELETE - FLOODBOX TEST.iam
2026-01-15 14:04:08 | STEP 7: Copying parts and sub-assemblies to destination
2026-01-15 14:04:08 | COPY: SUB-ASSEMBLY Support Frame.iam (keeping original name)
2026-01-15 14:04:08 | COPIED: Support Frame.iam -> Support Frame.iam
2026-01-15 14:04:08 | COPY: SUB-ASSEMBLY Bolted Connection1.iam (keeping original name)
2026-01-15 14:04:08 | COPIED: Bolted Connection1.iam -> Bolted Connection1.iam
2026-01-15 14:04:08 | COPY: SUB-ASSEMBLY Support Column.iam (keeping original name)
2026-01-15 14:04:08 | COPIED: Support Column.iam -> Support Column.iam
2026-01-15 14:04:08 | COPIED: Part1 FB-C1.ipt -> FLOODBOX-TEST-1-PL1.ipt
2026-01-15 14:04:08 | COPIED: Part2 203x133x25 FB-C1.ipt -> FLOODBOX-TEST-1-B1.ipt
2026-01-15 14:04:08 | COPY: SUB-ASSEMBLY Bolted Connection2.iam (keeping original name)
2026-01-15 14:04:08 | COPIED: Bolted Connection2.iam -> Bolted Connection2.iam
2026-01-15 14:04:08 | COPY: SUB-ASSEMBLY Support Beam-1.iam (keeping original name)
2026-01-15 14:04:08 | COPIED: Support Beam-1.iam -> Support Beam-1.iam
2026-01-15 14:04:08 | COPIED: Part1 FB-B1.ipt -> FLOODBOX-TEST-1-PL2.ipt
2026-01-15 14:04:08 | COPIED: Part2 203x133x25 FB-B1.ipt -> FLOODBOX-TEST-1-B2.ipt
2026-01-15 14:04:08 | COPY: SUB-ASSEMBLY Support Beam-3.iam (keeping original name)
2026-01-15 14:04:08 | COPIED: Support Beam-3.iam -> Support Beam-3.iam
2026-01-15 14:04:08 | COPIED: Part2 203x133x25 FB-B3.ipt -> FLOODBOX-TEST-1-B3.ipt
2026-01-15 14:04:08 | COPY: SUB-ASSEMBLY Support Beam-2.iam (keeping original name)
2026-01-15 14:04:08 | COPIED: Support Beam-2.iam -> Support Beam-2.iam
2026-01-15 14:04:08 | COPIED: Part1 FB-B2.ipt -> FLOODBOX-TEST-1-PL3.ipt
2026-01-15 14:04:08 | COPIED: Part2 203x133x25 FB-B2.ipt -> FLOODBOX-TEST-1-B4.ipt
2026-01-15 14:04:08 | COPY: SUB-ASSEMBLY Bolted Connection1.iam (keeping original name)
2026-01-15 14:04:08 | COPIED: Bolted Connection1.iam -> Bolted Connection1.iam
2026-01-15 14:04:08 | COPY: SUB-ASSEMBLY Flood Chute.iam (keeping original name)
2026-01-15 14:04:08 | COPIED: Flood Chute.iam -> Flood Chute.iam
2026-01-15 14:04:08 | COPIED: Part1 FB-C.ipt -> FLOODBOX-TEST-1-PL4.ipt
2026-01-15 14:04:08 | COPIED: Part2 FB-C.ipt -> FLOODBOX-TEST-1-PL5.ipt
2026-01-15 14:04:08 | COPIED: Part3 FB-C.ipt -> FLOODBOX-TEST-1-PL6.ipt
2026-01-15 14:04:08 | COPIED: Part4 FB-C.ipt -> FLOODBOX-TEST-1-PL7.ipt
2026-01-15 14:04:08 | COPIED: Part5 FB-C.ipt -> FLOODBOX-TEST-1-PL8.ipt
2026-01-15 14:04:08 | COPIED: Part6 Angle FB-C.ipt -> FLOODBOX-TEST-1-A1.ipt
2026-01-15 14:04:08 | COPIED: Part7 Angle FB-C.ipt -> FLOODBOX-TEST-1-A2.ipt
2026-01-15 14:04:08 | COPIED: Part8 (Part7 Angle MIR) FB-C.ipt -> FLOODBOX-TEST-1-A3.ipt
2026-01-15 14:04:08 | COPIED: Part9 Angle FB-C.ipt -> FLOODBOX-TEST-1-A4.ipt
2026-01-15 14:04:08 | COPIED: Part10 FB-C.ipt -> FLOODBOX-TEST-1-PL9.ipt
2026-01-15 14:04:08 | COPIED: Part11 Corner Gusset FB-C.ipt -> FLOODBOX-TEST-1-PL10.ipt
2026-01-15 14:04:08 | COPIED: Lug FB-C.ipt -> FLOODBOX-TEST-1-PL11.ipt
2026-01-15 14:04:08 | COPY: DRAWING MGY-200-DRD-09-00.idw (keeping original name)
2026-01-15 14:04:08 | COPIED: MGY-200-DRD-09-00.idw -> MGY-200-DRD-09-00.idw
2026-01-15 14:04:08 | COPY: DRAWING MGY-200-DRD-09-02.idw (keeping original name)
2026-01-15 14:04:08 | COPIED: MGY-200-DRD-09-02.idw -> MGY-200-DRD-09-02.idw
2026-01-15 14:04:08 | COPY: DRAWING MGY-200-DRD-09-01-00.idw (keeping original name)
2026-01-15 14:04:08 | COPIED: MGY-200-DRD-09-01-00.idw -> MGY-200-DRD-09-01-00.idw
2026-01-15 14:04:08 | COPY: DRAWING MGY-200-DRD-09-01-02.idw (keeping original name)
2026-01-15 14:04:09 | COPIED: MGY-200-DRD-09-01-02.idw -> MGY-200-DRD-09-01-02.idw
2026-01-15 14:04:09 | COPY: DRAWING MGY-200-DRD-09-01-03.idw (keeping original name)
2026-01-15 14:04:09 | COPIED: MGY-200-DRD-09-01-03.idw -> MGY-200-DRD-09-01-03.idw
2026-01-15 14:04:09 | COPY: DRAWING MGY-200-DRD-09-01-02.idw (keeping original name)
2026-01-15 14:04:09 | COPIED: MGY-200-DRD-09-01-02.idw -> MGY-200-DRD-09-01-02.idw
2026-01-15 14:04:09 | COPY: DRAWING MGY-200-DRD-09-01-01.idw (keeping original name)
2026-01-15 14:04:09 | COPIED: MGY-200-DRD-09-01-01.idw -> MGY-200-DRD-09-01-01.idw
2026-01-15 14:04:09 | STEP 8: Updating references in ALL copied assemblies using ApprenticeServer
2026-01-15 14:04:09 | STEP 8: Updating references in TO DELETE - FLOODBOX TEST.iam
2026-01-15 14:04:09 | ASSEMBLY UPDATE: ApprenticeServer not available, using Inventor method
2026-01-15 14:04:09 | ASSEMBLY UPDATE (Inventor): Opening assembly...
2026-01-15 14:04:09 | ASSEMBLY UPDATE (Inventor): Opened TO DELETE - FLOODBOX TEST.iam
2026-01-15 14:04:09 | UPDATE: Updating assembly references to local copies...
2026-01-15 14:04:09 | UPDATE: Built filename lookup with 34 entries
2026-01-15 14:04:09 | UPDATE: Using File.ReferencedFileDescriptors method - 4 references at level ROOT
2026-01-15 14:04:09 | UPDATE: Bolted Connection1.iam -> Bolted Connection1.iam
2026-01-15 14:04:09 | UPDATE: Flood Chute.iam -> Flood Chute.iam
2026-01-15 14:04:09 | UPDATE: Support Frame.iam -> Support Frame.iam
2026-01-15 14:04:09 | UPDATE: No mapping for Flood Chute Development.ipt
2026-01-15 14:04:09 | UPDATE: Updated 3 of 4 references at level ROOT
2026-01-15 14:04:09 | ASSEMBLY UPDATE (Inventor): Saved successfully
2026-01-15 14:04:09 | ASSEMBLY UPDATE (Inventor): Complete - assembly left open for verification
2026-01-15 14:04:09 | STEP 8: Updating references in Support Frame.iam
2026-01-15 14:04:09 | ASSEMBLY UPDATE: ApprenticeServer not available, using Inventor method
2026-01-15 14:04:09 | ASSEMBLY UPDATE (Inventor): Opening assembly...
2026-01-15 14:04:09 | ASSEMBLY UPDATE (Inventor): Opened Support Frame.iam
2026-01-15 14:04:09 | UPDATE: Updating assembly references to local copies...
2026-01-15 14:04:09 | UPDATE: Built filename lookup with 34 entries
2026-01-15 14:04:09 | UPDATE: Using File.ReferencedFileDescriptors method - 6 references at level ROOT
2026-01-15 14:04:09 | UPDATE: Bolted Connection1.iam -> Bolted Connection1.iam
2026-01-15 14:04:09 | UPDATE: Bolted Connection2.iam -> Bolted Connection2.iam
2026-01-15 14:04:09 | UPDATE: Support Beam-1.iam -> Support Beam-1.iam
2026-01-15 14:04:09 | UPDATE: Support Beam-2.iam -> Support Beam-2.iam
2026-01-15 14:04:09 | UPDATE: Support Beam-3.iam -> Support Beam-3.iam
2026-01-15 14:04:09 | UPDATE: Support Column.iam -> Support Column.iam
2026-01-15 14:04:09 | UPDATE: Updated 6 of 6 references at level ROOT
2026-01-15 14:04:10 | ASSEMBLY UPDATE (Inventor): Saved successfully
2026-01-15 14:04:10 | ASSEMBLY UPDATE (Inventor): Complete - assembly left open for verification
2026-01-15 14:04:10 | STEP 8: Updating references in Bolted Connection1.iam
2026-01-15 14:04:10 | ASSEMBLY UPDATE: ApprenticeServer not available, using Inventor method
2026-01-15 14:04:10 | ASSEMBLY UPDATE (Inventor): Opening assembly...
2026-01-15 14:04:10 | ASSEMBLY UPDATE (Inventor): Opened Bolted Connection1.iam
2026-01-15 14:04:10 | UPDATE: Updating assembly references to local copies...
2026-01-15 14:04:10 | UPDATE: Built filename lookup with 34 entries
2026-01-15 14:04:10 | UPDATE: Using File.ReferencedFileDescriptors method - 0 references at level ROOT
2026-01-15 14:04:10 | UPDATE: Updated 0 of 0 references at level ROOT
2026-01-15 14:04:10 | ASSEMBLY UPDATE (Inventor): Saved successfully
2026-01-15 14:04:10 | ASSEMBLY UPDATE (Inventor): Complete - assembly left open for verification
2026-01-15 14:04:10 | STEP 8: Updating references in Support Column.iam
2026-01-15 14:04:10 | ASSEMBLY UPDATE: ApprenticeServer not available, using Inventor method
2026-01-15 14:04:10 | ASSEMBLY UPDATE (Inventor): Opening assembly...
2026-01-15 14:04:10 | ASSEMBLY UPDATE (Inventor): Opened Support Column.iam
2026-01-15 14:04:10 | UPDATE: Updating assembly references to local copies...
2026-01-15 14:04:10 | UPDATE: Built filename lookup with 34 entries
2026-01-15 14:04:10 | UPDATE: Using File.ReferencedFileDescriptors method - 2 references at level ROOT
2026-01-15 14:04:10 | UPDATE: No mapping for CLONE-001-B1.ipt
2026-01-15 14:04:10 | UPDATE: No mapping for CLONE-001-PL1.ipt
2026-01-15 14:04:10 | UPDATE: Updated 0 of 2 references at level ROOT
2026-01-15 14:04:10 | ASSEMBLY UPDATE (Inventor): Saved successfully
2026-01-15 14:04:10 | ASSEMBLY UPDATE (Inventor): Complete - assembly left open for verification
2026-01-15 14:04:10 | STEP 8: Updating references in Bolted Connection2.iam
2026-01-15 14:04:10 | ASSEMBLY UPDATE: ApprenticeServer not available, using Inventor method
2026-01-15 14:04:10 | ASSEMBLY UPDATE (Inventor): Opening assembly...
2026-01-15 14:04:10 | ASSEMBLY UPDATE (Inventor): Opened Bolted Connection2.iam
2026-01-15 14:04:10 | UPDATE: Updating assembly references to local copies...
2026-01-15 14:04:10 | UPDATE: Built filename lookup with 34 entries
2026-01-15 14:04:10 | UPDATE: Using File.ReferencedFileDescriptors method - 0 references at level ROOT
2026-01-15 14:04:10 | UPDATE: Updated 0 of 0 references at level ROOT
2026-01-15 14:04:10 | ASSEMBLY UPDATE (Inventor): Saved successfully
2026-01-15 14:04:10 | ASSEMBLY UPDATE (Inventor): Complete - assembly left open for verification
2026-01-15 14:04:10 | STEP 8: Updating references in Support Beam-1.iam
2026-01-15 14:04:10 | ASSEMBLY UPDATE: ApprenticeServer not available, using Inventor method
2026-01-15 14:04:10 | ASSEMBLY UPDATE (Inventor): Opening assembly...
2026-01-15 14:04:10 | ASSEMBLY UPDATE (Inventor): Opened Support Beam-1.iam
2026-01-15 14:04:10 | UPDATE: Updating assembly references to local copies...
2026-01-15 14:04:10 | UPDATE: Built filename lookup with 34 entries
2026-01-15 14:04:10 | UPDATE: Using File.ReferencedFileDescriptors method - 2 references at level ROOT
2026-01-15 14:04:10 | UPDATE: No mapping for CLONE-001-B2.ipt
2026-01-15 14:04:10 | UPDATE: No mapping for CLONE-001-PL2.ipt
2026-01-15 14:04:10 | UPDATE: Updated 0 of 2 references at level ROOT
2026-01-15 14:04:10 | ASSEMBLY UPDATE (Inventor): Saved successfully
2026-01-15 14:04:10 | ASSEMBLY UPDATE (Inventor): Complete - assembly left open for verification
2026-01-15 14:04:10 | STEP 8: Updating references in Support Beam-3.iam
2026-01-15 14:04:10 | ASSEMBLY UPDATE: ApprenticeServer not available, using Inventor method
2026-01-15 14:04:10 | ASSEMBLY UPDATE (Inventor): Opening assembly...
2026-01-15 14:04:10 | ASSEMBLY UPDATE (Inventor): Opened Support Beam-3.iam
2026-01-15 14:04:10 | UPDATE: Updating assembly references to local copies...
2026-01-15 14:04:10 | UPDATE: Built filename lookup with 34 entries
2026-01-15 14:04:10 | UPDATE: Using File.ReferencedFileDescriptors method - 2 references at level ROOT
2026-01-15 14:04:10 | UPDATE: No mapping for CLONE-001-B3.ipt
2026-01-15 14:04:10 | UPDATE: No mapping for CLONE-001-PL2.ipt
2026-01-15 14:04:10 | UPDATE: Updated 0 of 2 references at level ROOT
2026-01-15 14:04:10 | ASSEMBLY UPDATE (Inventor): Saved successfully
2026-01-15 14:04:10 | ASSEMBLY UPDATE (Inventor): Complete - assembly left open for verification
2026-01-15 14:04:10 | STEP 8: Updating references in Support Beam-2.iam
2026-01-15 14:04:10 | ASSEMBLY UPDATE: ApprenticeServer not available, using Inventor method
2026-01-15 14:04:10 | ASSEMBLY UPDATE (Inventor): Opening assembly...
2026-01-15 14:04:10 | ASSEMBLY UPDATE (Inventor): Opened Support Beam-2.iam
2026-01-15 14:04:10 | UPDATE: Updating assembly references to local copies...
2026-01-15 14:04:10 | UPDATE: Built filename lookup with 34 entries
2026-01-15 14:04:10 | UPDATE: Using File.ReferencedFileDescriptors method - 2 references at level ROOT
2026-01-15 14:04:10 | UPDATE: No mapping for CLONE-001-B4.ipt
2026-01-15 14:04:10 | UPDATE: No mapping for CLONE-001-PL3.ipt
2026-01-15 14:04:10 | UPDATE: Updated 0 of 2 references at level ROOT
2026-01-15 14:04:10 | ASSEMBLY UPDATE (Inventor): Saved successfully
2026-01-15 14:04:10 | ASSEMBLY UPDATE (Inventor): Complete - assembly left open for verification
2026-01-15 14:04:10 | STEP 8: Updating references in Bolted Connection1.iam
2026-01-15 14:04:10 | ASSEMBLY UPDATE: ApprenticeServer not available, using Inventor method
2026-01-15 14:04:10 | ASSEMBLY UPDATE (Inventor): Opening assembly...
2026-01-15 14:04:10 | ASSEMBLY UPDATE (Inventor): Opened Bolted Connection1.iam
2026-01-15 14:04:10 | UPDATE: Updating assembly references to local copies...
2026-01-15 14:04:10 | UPDATE: Built filename lookup with 34 entries
2026-01-15 14:04:10 | UPDATE: Using File.ReferencedFileDescriptors method - 0 references at level ROOT
2026-01-15 14:04:10 | UPDATE: Updated 0 of 0 references at level ROOT
2026-01-15 14:04:10 | ASSEMBLY UPDATE (Inventor): Saved successfully
2026-01-15 14:04:10 | ASSEMBLY UPDATE (Inventor): Complete - assembly left open for verification
2026-01-15 14:04:10 | STEP 8: Updating references in Flood Chute.iam
2026-01-15 14:04:10 | ASSEMBLY UPDATE: ApprenticeServer not available, using Inventor method
2026-01-15 14:04:10 | ASSEMBLY UPDATE (Inventor): Opening assembly...
2026-01-15 14:04:10 | ASSEMBLY UPDATE (Inventor): Opened Flood Chute.iam
2026-01-15 14:04:10 | UPDATE: Updating assembly references to local copies...
2026-01-15 14:04:10 | UPDATE: Built filename lookup with 34 entries
2026-01-15 14:04:10 | UPDATE: Using File.ReferencedFileDescriptors method - 12 references at level ROOT
2026-01-15 14:04:10 | UPDATE: Lug FB-C.ipt -> FLOODBOX-TEST-1-PL11.ipt
2026-01-15 14:04:10 | UPDATE: Part1 FB-C.ipt -> FLOODBOX-TEST-1-PL4.ipt
2026-01-15 14:04:10 | UPDATE: Part10 FB-C.ipt -> FLOODBOX-TEST-1-PL9.ipt
2026-01-15 14:04:10 | UPDATE: Part11 Corner Gusset FB-C.ipt -> FLOODBOX-TEST-1-PL10.ipt
2026-01-15 14:04:11 | UPDATE: Part2 FB-C.ipt -> FLOODBOX-TEST-1-PL5.ipt
2026-01-15 14:04:11 | UPDATE: Part3 FB-C.ipt -> FLOODBOX-TEST-1-PL6.ipt
2026-01-15 14:04:11 | UPDATE: Part4 FB-C.ipt -> FLOODBOX-TEST-1-PL7.ipt
2026-01-15 14:04:11 | UPDATE: Part5 FB-C.ipt -> FLOODBOX-TEST-1-PL8.ipt
2026-01-15 14:04:11 | UPDATE: Part6 Angle FB-C.ipt -> FLOODBOX-TEST-1-A1.ipt
2026-01-15 14:04:11 | UPDATE: Part7 Angle FB-C.ipt -> FLOODBOX-TEST-1-A2.ipt
2026-01-15 14:04:11 | UPDATE: Part8 (Part7 Angle MIR) FB-C.ipt -> FLOODBOX-TEST-1-A3.ipt
2026-01-15 14:04:11 | UPDATE: Part9 Angle FB-C.ipt -> FLOODBOX-TEST-1-A4.ipt
2026-01-15 14:04:11 | UPDATE: Updated 12 of 12 references at level ROOT
2026-01-15 14:04:11 | ASSEMBLY UPDATE (Inventor): Saved successfully
2026-01-15 14:04:11 | ASSEMBLY UPDATE (Inventor): Complete - assembly left open for verification
2026-01-15 14:04:11 | STEP 9: Updating IDW drawing references
2026-01-15 14:04:11 | IDW UPDATE: Could not create ApprenticeServer, falling back to Inventor
2026-01-15 14:04:11 | IDW UPDATE: Error: Object required
2026-01-15 14:04:11 | IDW UPDATE (Inventor): Processing MGY-200-DRD-09-00.idw
2026-01-15 14:05:05 | IDW UPDATE: Found 1 references
2026-01-15 14:05:08 | IDW UPDATE: Saved MGY-200-DRD-09-00.idw (0 updated)
2026-01-15 14:05:08 | IDW UPDATE (Inventor): Processing MGY-200-DRD-09-01-00.idw
2026-01-15 14:05:51 | IDW UPDATE: Found 1 references
2026-01-15 14:05:52 | IDW UPDATE: Saved MGY-200-DRD-09-01-00.idw (0 updated)
2026-01-15 14:05:52 | IDW UPDATE (Inventor): Processing MGY-200-DRD-09-01-01.idw
2026-01-15 14:05:56 | IDW UPDATE: Found 3 references
2026-01-15 14:05:56 | IDW UPDATE: Saved MGY-200-DRD-09-01-01.idw (0 updated)
2026-01-15 14:05:56 | IDW UPDATE (Inventor): Processing MGY-200-DRD-09-01-02.idw
2026-01-15 14:05:59 | IDW UPDATE: Found 3 references
2026-01-15 14:05:59 | IDW UPDATE: Saved MGY-200-DRD-09-01-02.idw (0 updated)
2026-01-15 14:05:59 | IDW UPDATE (Inventor): Processing MGY-200-DRD-09-01-03.idw
2026-01-15 14:06:01 | IDW UPDATE: Found 3 references
2026-01-15 14:06:01 | IDW UPDATE: Saved MGY-200-DRD-09-01-03.idw (0 updated)
2026-01-15 14:06:01 | IDW UPDATE (Inventor): Processing MGY-200-DRD-09-02.idw
2026-01-15 14:06:30 | IDW UPDATE: Found 13 references
2026-01-15 14:06:31 | IDW UPDATE: Saved MGY-200-DRD-09-02.idw (0 updated)
2026-01-15 14:06:31 | STEP 10: Updating iProperties for copied documents
2026-01-15 14:06:31 | IPROP: Starting iProperties update for 36 copied files
2026-01-15 14:06:38 | IPROP: Updated iProperties for TO DELETE - FLOODBOX TEST.iam
2026-01-15 14:06:38 | IPROP: ERROR saving TO DELETE - FLOODBOX TEST.iam: 
2026-01-15 14:06:42 | IPROP: Updated iProperties for Support Frame.iam
2026-01-15 14:06:43 | IPROP: ERROR saving Support Frame.iam: Object required
2026-01-15 14:06:43 | IPROP: Updated iProperties for Bolted Connection1.iam
2026-01-15 14:06:43 | IPROP: ERROR saving Bolted Connection1.iam: Object required
2026-01-15 14:06:45 | IPROP: Updated iProperties for Support Column.iam
2026-01-15 14:06:45 | IPROP: ERROR saving Support Column.iam: Object required
2026-01-15 14:06:45 | IPROP: Updated iProperties for FLOODBOX-TEST-1-PL1.ipt
2026-01-15 14:06:46 | IPROP: ERROR saving FLOODBOX-TEST-1-PL1.ipt: Object required
2026-01-15 14:06:46 | IPROP: Updated iProperties for FLOODBOX-TEST-1-B1.ipt
2026-01-15 14:06:46 | IPROP: ERROR saving FLOODBOX-TEST-1-B1.ipt: Object required
2026-01-15 14:06:47 | IPROP: Updated iProperties for Bolted Connection2.iam
2026-01-15 14:06:47 | IPROP: ERROR saving Bolted Connection2.iam: Object required
2026-01-15 14:06:48 | IPROP: Updated iProperties for Support Beam-1.iam
2026-01-15 14:06:48 | IPROP: ERROR saving Support Beam-1.iam: Object required
2026-01-15 14:06:49 | IPROP: Updated iProperties for FLOODBOX-TEST-1-PL2.ipt
2026-01-15 14:06:49 | IPROP: ERROR saving FLOODBOX-TEST-1-PL2.ipt: Object required
2026-01-15 14:06:50 | IPROP: Updated iProperties for FLOODBOX-TEST-1-B2.ipt
2026-01-15 14:06:50 | IPROP: ERROR saving FLOODBOX-TEST-1-B2.ipt: Object required
2026-01-15 14:06:52 | IPROP: Updated iProperties for Support Beam-3.iam
2026-01-15 14:06:52 | IPROP: ERROR saving Support Beam-3.iam: Object required
2026-01-15 14:06:52 | IPROP: Updated iProperties for FLOODBOX-TEST-1-B3.ipt
2026-01-15 14:06:53 | IPROP: ERROR saving FLOODBOX-TEST-1-B3.ipt: Object required
2026-01-15 14:06:54 | IPROP: Updated iProperties for Support Beam-2.iam
2026-01-15 14:06:55 | IPROP: ERROR saving Support Beam-2.iam: Object required
2026-01-15 14:06:55 | IPROP: Updated iProperties for FLOODBOX-TEST-1-PL3.ipt
2026-01-15 14:06:55 | IPROP: ERROR saving FLOODBOX-TEST-1-PL3.ipt: Object required
2026-01-15 14:06:56 | IPROP: Updated iProperties for FLOODBOX-TEST-1-B4.ipt
2026-01-15 14:06:56 | IPROP: ERROR saving FLOODBOX-TEST-1-B4.ipt: Object required
2026-01-15 14:06:57 | IPROP: Updated iProperties for Bolted Connection1.iam
2026-01-15 14:06:57 | IPROP: ERROR saving Bolted Connection1.iam: Object required
2026-01-15 14:07:07 | IPROP: Updated iProperties for Flood Chute.iam
2026-01-15 14:07:09 | IPROP: ERROR saving Flood Chute.iam: Object required
2026-01-15 14:07:13 | IPROP: Updated iProperties for FLOODBOX-TEST-1-PL4.ipt
2026-01-15 14:07:13 | IPROP: ERROR saving FLOODBOX-TEST-1-PL4.ipt: Object required
2026-01-15 14:07:16 | IPROP: Updated iProperties for FLOODBOX-TEST-1-PL5.ipt
2026-01-15 14:07:16 | IPROP: ERROR saving FLOODBOX-TEST-1-PL5.ipt: Object required
2026-01-15 14:07:20 | IPROP: Updated iProperties for FLOODBOX-TEST-1-PL6.ipt
2026-01-15 14:07:20 | IPROP: ERROR saving FLOODBOX-TEST-1-PL6.ipt: Object required
2026-01-15 14:08:01 | IPROP: Updated iProperties for FLOODBOX-TEST-1-PL7.ipt
2026-01-15 14:08:03 | IPROP: ERROR saving FLOODBOX-TEST-1-PL7.ipt: Object required
2026-01-15 14:08:04 | IPROP: Updated iProperties for FLOODBOX-TEST-1-PL8.ipt
2026-01-15 14:08:05 | IPROP: ERROR saving FLOODBOX-TEST-1-PL8.ipt: Object required
2026-01-15 14:08:05 | IPROP: Updated iProperties for FLOODBOX-TEST-1-A1.ipt
2026-01-15 14:08:06 | IPROP: ERROR saving FLOODBOX-TEST-1-A1.ipt: Object required
2026-01-15 14:08:06 | IPROP: Updated iProperties for FLOODBOX-TEST-1-A2.ipt
2026-01-15 14:08:06 | IPROP: ERROR saving FLOODBOX-TEST-1-A2.ipt: Object required
2026-01-15 14:08:07 | IPROP: Updated iProperties for FLOODBOX-TEST-1-A3.ipt
2026-01-15 14:08:07 | IPROP: ERROR saving FLOODBOX-TEST-1-A3.ipt: Object required
2026-01-15 14:08:07 | IPROP: Updated iProperties for FLOODBOX-TEST-1-A4.ipt
2026-01-15 14:08:07 | IPROP: ERROR saving FLOODBOX-TEST-1-A4.ipt: Object required
2026-01-15 14:08:08 | IPROP: Updated iProperties for FLOODBOX-TEST-1-PL9.ipt
2026-01-15 14:08:08 | IPROP: ERROR saving FLOODBOX-TEST-1-PL9.ipt: Object required
2026-01-15 14:08:09 | IPROP: Updated iProperties for FLOODBOX-TEST-1-PL10.ipt
2026-01-15 14:08:09 | IPROP: ERROR saving FLOODBOX-TEST-1-PL10.ipt: Object required
2026-01-15 14:08:09 | IPROP: Updated iProperties for FLOODBOX-TEST-1-PL11.ipt
2026-01-15 14:08:09 | IPROP: ERROR saving FLOODBOX-TEST-1-PL11.ipt: Object required
2026-01-15 14:08:09 | IPROP: Completed - updated 29 documents
2026-01-15 14:08:09 | STEP 11: Validation scan and destination logging
2026-01-15 14:08:09 | VALIDATE: Writing source and destination inventories...
2026-01-15 14:08:09 | VALIDATE: Source file count = 56
2026-01-15 14:08:09 | VALIDATE: Destination file count = 73
2026-01-15 14:08:09 | SOURCE FILE: C:\Users\Quintin\Documents\Spectiv\3. Working\22. DMS plant\21. SSCR04 - Primary Floats D&R Screen Station\735 Flood Box\Flood Box - 2025-11-25.rar
2026-01-15 14:08:09 | SOURCE FILE: C:\Users\Quintin\Documents\Spectiv\3. Working\22. DMS plant\21. SSCR04 - Primary Floats D&R Screen Station\735 Flood Box\Flood Box.iam
2026-01-15 14:08:09 | SOURCE FILE: C:\Users\Quintin\Documents\Spectiv\3. Working\22. DMS plant\21. SSCR04 - Primary Floats D&R Screen Station\735 Flood Box\MGY-200-DRD-09-00.idw
2026-01-15 14:08:09 | SOURCE FILE: C:\Users\Quintin\Documents\Spectiv\3. Working\22. DMS plant\21. SSCR04 - Primary Floats D&R Screen Station\735 Flood Box\Chute\Flood Chute Development for plates.ipt
2026-01-15 14:08:09 | SOURCE FILE: C:\Users\Quintin\Documents\Spectiv\3. Working\22. DMS plant\21. SSCR04 - Primary Floats D&R Screen Station\735 Flood Box\Chute\Flood Chute Development.ipt
2026-01-15 14:08:09 | SOURCE FILE: C:\Users\Quintin\Documents\Spectiv\3. Working\22. DMS plant\21. SSCR04 - Primary Floats D&R Screen Station\735 Flood Box\Chute\Flood Chute.iam
2026-01-15 14:08:09 | SOURCE FILE: C:\Users\Quintin\Documents\Spectiv\3. Working\22. DMS plant\21. SSCR04 - Primary Floats D&R Screen Station\735 Flood Box\Chute\Lug FB-C.ipt
2026-01-15 14:08:09 | SOURCE FILE: C:\Users\Quintin\Documents\Spectiv\3. Working\22. DMS plant\21. SSCR04 - Primary Floats D&R Screen Station\735 Flood Box\Chute\MGY-200-DRD-09-02.idw
2026-01-15 14:08:09 | SOURCE FILE: C:\Users\Quintin\Documents\Spectiv\3. Working\22. DMS plant\21. SSCR04 - Primary Floats D&R Screen Station\735 Flood Box\Chute\Part1 FB-C.ipt
2026-01-15 14:08:09 | SOURCE FILE: C:\Users\Quintin\Documents\Spectiv\3. Working\22. DMS plant\21. SSCR04 - Primary Floats D&R Screen Station\735 Flood Box\Chute\Part10 FB-C.ipt
2026-01-15 14:08:09 | SOURCE FILE: C:\Users\Quintin\Documents\Spectiv\3. Working\22. DMS plant\21. SSCR04 - Primary Floats D&R Screen Station\735 Flood Box\Chute\Part11 Corner Gusset FB-C.ipt
2026-01-15 14:08:09 | SOURCE FILE: C:\Users\Quintin\Documents\Spectiv\3. Working\22. DMS plant\21. SSCR04 - Primary Floats D&R Screen Station\735 Flood Box\Chute\Part2 FB-C.ipt
2026-01-15 14:08:09 | SOURCE FILE: C:\Users\Quintin\Documents\Spectiv\3. Working\22. DMS plant\21. SSCR04 - Primary Floats D&R Screen Station\735 Flood Box\Chute\Part3 FB-C.ipt
2026-01-15 14:08:09 | SOURCE FILE: C:\Users\Quintin\Documents\Spectiv\3. Working\22. DMS plant\21. SSCR04 - Primary Floats D&R Screen Station\735 Flood Box\Chute\Part4 FB-C.ipt
2026-01-15 14:08:09 | SOURCE FILE: C:\Users\Quintin\Documents\Spectiv\3. Working\22. DMS plant\21. SSCR04 - Primary Floats D&R Screen Station\735 Flood Box\Chute\Part5 FB-C.ipt
2026-01-15 14:08:09 | SOURCE FILE: C:\Users\Quintin\Documents\Spectiv\3. Working\22. DMS plant\21. SSCR04 - Primary Floats D&R Screen Station\735 Flood Box\Chute\Part6 Angle FB-C.ipt
2026-01-15 14:08:09 | SOURCE FILE: C:\Users\Quintin\Documents\Spectiv\3. Working\22. DMS plant\21. SSCR04 - Primary Floats D&R Screen Station\735 Flood Box\Chute\Part7 Angle FB-C.ipt
2026-01-15 14:08:09 | SOURCE FILE: C:\Users\Quintin\Documents\Spectiv\3. Working\22. DMS plant\21. SSCR04 - Primary Floats D&R Screen Station\735 Flood Box\Chute\Part8 (Part7 Angle MIR) FB-C.ipt
2026-01-15 14:08:09 | SOURCE FILE: C:\Users\Quintin\Documents\Spectiv\3. Working\22. DMS plant\21. SSCR04 - Primary Floats D&R Screen Station\735 Flood Box\Chute\Part9 Angle FB-C.ipt
2026-01-15 14:08:09 | SOURCE FILE: C:\Users\Quintin\Documents\Spectiv\3. Working\22. DMS plant\21. SSCR04 - Primary Floats D&R Screen Station\735 Flood Box\Flood Box\Design Accelerator\Bolted Connection1.iam
2026-01-15 14:08:09 | SOURCE FILE: C:\Users\Quintin\Documents\Spectiv\3. Working\22. DMS plant\21. SSCR04 - Primary Floats D&R Screen Station\735 Flood Box\OldVersions\Flood Box.0033.iam
2026-01-15 14:08:09 | SOURCE FILE: C:\Users\Quintin\Documents\Spectiv\3. Working\22. DMS plant\21. SSCR04 - Primary Floats D&R Screen Station\735 Flood Box\Support\MGY-200-DRD-09-01-00.idw
2026-01-15 14:08:09 | SOURCE FILE: C:\Users\Quintin\Documents\Spectiv\3. Working\22. DMS plant\21. SSCR04 - Primary Floats D&R Screen Station\735 Flood Box\Support\Support Frame.iam
2026-01-15 14:08:09 | SOURCE FILE: C:\Users\Quintin\Documents\Spectiv\3. Working\22. DMS plant\21. SSCR04 - Primary Floats D&R Screen Station\735 Flood Box\Support\OldVersions\Support Frame.0075.iam
2026-01-15 14:08:09 | SOURCE FILE: C:\Users\Quintin\Documents\Spectiv\3. Working\22. DMS plant\21. SSCR04 - Primary Floats D&R Screen Station\735 Flood Box\Support\Support Beam-1\MGY-200-DRD-09-01-02.idw
2026-01-15 14:08:09 | SOURCE FILE: C:\Users\Quintin\Documents\Spectiv\3. Working\22. DMS plant\21. SSCR04 - Primary Floats D&R Screen Station\735 Flood Box\Support\Support Beam-1\Part1 FB-B1.ipt
2026-01-15 14:08:09 | SOURCE FILE: C:\Users\Quintin\Documents\Spectiv\3. Working\22. DMS plant\21. SSCR04 - Primary Floats D&R Screen Station\735 Flood Box\Support\Support Beam-1\Part2 203x133x25 FB-B1.ipt
2026-01-15 14:08:09 | SOURCE FILE: C:\Users\Quintin\Documents\Spectiv\3. Working\22. DMS plant\21. SSCR04 - Primary Floats D&R Screen Station\735 Flood Box\Support\Support Beam-1\Support Beam-1.iam
2026-01-15 14:08:09 | SOURCE FILE: C:\Users\Quintin\Documents\Spectiv\3. Working\22. DMS plant\21. SSCR04 - Primary Floats D&R Screen Station\735 Flood Box\Support\Support Beam-1\OldVersions\Part1 FB-B1.0016.ipt
2026-01-15 14:08:09 | SOURCE FILE: C:\Users\Quintin\Documents\Spectiv\3. Working\22. DMS plant\21. SSCR04 - Primary Floats D&R Screen Station\735 Flood Box\Support\Support Beam-1\OldVersions\Part2 203x133x25 FB-B1.0053.ipt
2026-01-15 14:08:09 | SOURCE FILE: C:\Users\Quintin\Documents\Spectiv\3. Working\22. DMS plant\21. SSCR04 - Primary Floats D&R Screen Station\735 Flood Box\Support\Support Beam-1\OldVersions\Support Beam-1.0058.iam
2026-01-15 14:08:09 | SOURCE FILE: C:\Users\Quintin\Documents\Spectiv\3. Working\22. DMS plant\21. SSCR04 - Primary Floats D&R Screen Station\735 Flood Box\Support\Support Beam-2\MGY-200-DRD-09-01-03.idw
2026-01-15 14:08:09 | SOURCE FILE: C:\Users\Quintin\Documents\Spectiv\3. Working\22. DMS plant\21. SSCR04 - Primary Floats D&R Screen Station\735 Flood Box\Support\Support Beam-2\Part1 FB-B2.ipt
2026-01-15 14:08:09 | SOURCE FILE: C:\Users\Quintin\Documents\Spectiv\3. Working\22. DMS plant\21. SSCR04 - Primary Floats D&R Screen Station\735 Flood Box\Support\Support Beam-2\Part2 203x133x25 FB-B2.ipt
2026-01-15 14:08:09 | SOURCE FILE: C:\Users\Quintin\Documents\Spectiv\3. Working\22. DMS plant\21. SSCR04 - Primary Floats D&R Screen Station\735 Flood Box\Support\Support Beam-2\Support Beam-2.iam
2026-01-15 14:08:09 | SOURCE FILE: C:\Users\Quintin\Documents\Spectiv\3. Working\22. DMS plant\21. SSCR04 - Primary Floats D&R Screen Station\735 Flood Box\Support\Support Beam-2\OldVersions\Part1 FB-B2.0018.ipt
2026-01-15 14:08:09 | SOURCE FILE: C:\Users\Quintin\Documents\Spectiv\3. Working\22. DMS plant\21. SSCR04 - Primary Floats D&R Screen Station\735 Flood Box\Support\Support Beam-2\OldVersions\Part2 203x133x25 FB-B2.0042.ipt
2026-01-15 14:08:09 | SOURCE FILE: C:\Users\Quintin\Documents\Spectiv\3. Working\22. DMS plant\21. SSCR04 - Primary Floats D&R Screen Station\735 Flood Box\Support\Support Beam-2\OldVersions\Support Beam-2.0051.iam
2026-01-15 14:08:09 | SOURCE FILE: C:\Users\Quintin\Documents\Spectiv\3. Working\22. DMS plant\21. SSCR04 - Primary Floats D&R Screen Station\735 Flood Box\Support\Support Beam-3\MGY-200-DRD-09-01-02.idw
2026-01-15 14:08:09 | SOURCE FILE: C:\Users\Quintin\Documents\Spectiv\3. Working\22. DMS plant\21. SSCR04 - Primary Floats D&R Screen Station\735 Flood Box\Support\Support Beam-3\Part1 FB-B3.ipt
2026-01-15 14:08:09 | SOURCE FILE: C:\Users\Quintin\Documents\Spectiv\3. Working\22. DMS plant\21. SSCR04 - Primary Floats D&R Screen Station\735 Flood Box\Support\Support Beam-3\Part2 203x133x25 FB-B3.ipt
2026-01-15 14:08:09 | SOURCE FILE: C:\Users\Quintin\Documents\Spectiv\3. Working\22. DMS plant\21. SSCR04 - Primary Floats D&R Screen Station\735 Flood Box\Support\Support Beam-3\Support Beam-3.iam
2026-01-15 14:08:09 | SOURCE FILE: C:\Users\Quintin\Documents\Spectiv\3. Working\22. DMS plant\21. SSCR04 - Primary Floats D&R Screen Station\735 Flood Box\Support\Support Beam-3\OldVersions\Part1 FB-B1.0016.ipt
2026-01-15 14:08:09 | SOURCE FILE: C:\Users\Quintin\Documents\Spectiv\3. Working\22. DMS plant\21. SSCR04 - Primary Floats D&R Screen Station\735 Flood Box\Support\Support Beam-3\OldVersions\Part2 203x133x25 FB-B1.0053.ipt
2026-01-15 14:08:09 | SOURCE FILE: C:\Users\Quintin\Documents\Spectiv\3. Working\22. DMS plant\21. SSCR04 - Primary Floats D&R Screen Station\735 Flood Box\Support\Support Beam-3\OldVersions\Part2 203x133x25 FB-B3.0056.ipt
2026-01-15 14:08:09 | SOURCE FILE: C:\Users\Quintin\Documents\Spectiv\3. Working\22. DMS plant\21. SSCR04 - Primary Floats D&R Screen Station\735 Flood Box\Support\Support Beam-3\OldVersions\Support Beam-1.0057.iam
2026-01-15 14:08:09 | SOURCE FILE: C:\Users\Quintin\Documents\Spectiv\3. Working\22. DMS plant\21. SSCR04 - Primary Floats D&R Screen Station\735 Flood Box\Support\Support Beam-3\OldVersions\Support Beam-3.0061.iam
2026-01-15 14:08:09 | SOURCE FILE: C:\Users\Quintin\Documents\Spectiv\3. Working\22. DMS plant\21. SSCR04 - Primary Floats D&R Screen Station\735 Flood Box\Support\Support Column\lockfile.lck
2026-01-15 14:08:09 | SOURCE FILE: C:\Users\Quintin\Documents\Spectiv\3. Working\22. DMS plant\21. SSCR04 - Primary Floats D&R Screen Station\735 Flood Box\Support\Support Column\MGY-200-DRD-09-01-01.idw
2026-01-15 14:08:09 | SOURCE FILE: C:\Users\Quintin\Documents\Spectiv\3. Working\22. DMS plant\21. SSCR04 - Primary Floats D&R Screen Station\735 Flood Box\Support\Support Column\Part1 FB-C1.ipt
2026-01-15 14:08:09 | SOURCE FILE: C:\Users\Quintin\Documents\Spectiv\3. Working\22. DMS plant\21. SSCR04 - Primary Floats D&R Screen Station\735 Flood Box\Support\Support Column\Part2 203x133x25 FB-C1.ipt
2026-01-15 14:08:09 | SOURCE FILE: C:\Users\Quintin\Documents\Spectiv\3. Working\22. DMS plant\21. SSCR04 - Primary Floats D&R Screen Station\735 Flood Box\Support\Support Column\Support Column.iam
2026-01-15 14:08:09 | SOURCE FILE: C:\Users\Quintin\Documents\Spectiv\3. Working\22. DMS plant\21. SSCR04 - Primary Floats D&R Screen Station\735 Flood Box\Support\Support Column\OldVersions\Part2 203x133x25 FB-C1.0046.ipt
2026-01-15 14:08:09 | SOURCE FILE: C:\Users\Quintin\Documents\Spectiv\3. Working\22. DMS plant\21. SSCR04 - Primary Floats D&R Screen Station\735 Flood Box\Support\Support Column\OldVersions\Support Column.0061.iam
2026-01-15 14:08:09 | SOURCE FILE: C:\Users\Quintin\Documents\Spectiv\3. Working\22. DMS plant\21. SSCR04 - Primary Floats D&R Screen Station\735 Flood Box\Support\Support Frame\Design Accelerator\Bolted Connection1.iam
2026-01-15 14:08:09 | SOURCE FILE: C:\Users\Quintin\Documents\Spectiv\3. Working\22. DMS plant\21. SSCR04 - Primary Floats D&R Screen Station\735 Flood Box\Support\Support Frame\Design Accelerator\Bolted Connection2.iam
2026-01-15 14:08:09 | DEST FILE: C:\Users\Quintin\Documents\Spectiv\3. Working\22. DMS plant\21. SSCR04 - Primary Floats D&R Screen Station\TO DELETE - FLOODBOX TEST\AssemblyCloner_20260115_140238.log
2026-01-15 14:08:09 | DEST FILE: C:\Users\Quintin\Documents\Spectiv\3. Working\22. DMS plant\21. SSCR04 - Primary Floats D&R Screen Station\TO DELETE - FLOODBOX TEST\AssemblyCloner_20260115_140336.log
2026-01-15 14:08:09 | DEST FILE: C:\Users\Quintin\Documents\Spectiv\3. Working\22. DMS plant\21. SSCR04 - Primary Floats D&R Screen Station\TO DELETE - FLOODBOX TEST\Bolted Connection1.iam
2026-01-15 14:08:09 | DEST FILE: C:\Users\Quintin\Documents\Spectiv\3. Working\22. DMS plant\21. SSCR04 - Primary Floats D&R Screen Station\TO DELETE - FLOODBOX TEST\Bolted Connection2.iam
2026-01-15 14:08:09 | DEST FILE: C:\Users\Quintin\Documents\Spectiv\3. Working\22. DMS plant\21. SSCR04 - Primary Floats D&R Screen Station\TO DELETE - FLOODBOX TEST\Flood Chute Development for plates.ipt
2026-01-15 14:08:09 | DEST FILE: C:\Users\Quintin\Documents\Spectiv\3. Working\22. DMS plant\21. SSCR04 - Primary Floats D&R Screen Station\TO DELETE - FLOODBOX TEST\Flood Chute Development.ipt
2026-01-15 14:08:09 | DEST FILE: C:\Users\Quintin\Documents\Spectiv\3. Working\22. DMS plant\21. SSCR04 - Primary Floats D&R Screen Station\TO DELETE - FLOODBOX TEST\Flood Chute.iam
2026-01-15 14:08:09 | DEST FILE: C:\Users\Quintin\Documents\Spectiv\3. Working\22. DMS plant\21. SSCR04 - Primary Floats D&R Screen Station\TO DELETE - FLOODBOX TEST\FLOODBOX-TEST-1-A1.ipt
2026-01-15 14:08:09 | DEST FILE: C:\Users\Quintin\Documents\Spectiv\3. Working\22. DMS plant\21. SSCR04 - Primary Floats D&R Screen Station\TO DELETE - FLOODBOX TEST\FLOODBOX-TEST-1-A2.ipt
2026-01-15 14:08:09 | DEST FILE: C:\Users\Quintin\Documents\Spectiv\3. Working\22. DMS plant\21. SSCR04 - Primary Floats D&R Screen Station\TO DELETE - FLOODBOX TEST\FLOODBOX-TEST-1-A3.ipt
2026-01-15 14:08:09 | DEST FILE: C:\Users\Quintin\Documents\Spectiv\3. Working\22. DMS plant\21. SSCR04 - Primary Floats D&R Screen Station\TO DELETE - FLOODBOX TEST\FLOODBOX-TEST-1-A4.ipt
2026-01-15 14:08:09 | DEST FILE: C:\Users\Quintin\Documents\Spectiv\3. Working\22. DMS plant\21. SSCR04 - Primary Floats D&R Screen Station\TO DELETE - FLOODBOX TEST\FLOODBOX-TEST-1-B1.ipt
2026-01-15 14:08:09 | DEST FILE: C:\Users\Quintin\Documents\Spectiv\3. Working\22. DMS plant\21. SSCR04 - Primary Floats D&R Screen Station\TO DELETE - FLOODBOX TEST\FLOODBOX-TEST-1-B2.ipt
2026-01-15 14:08:09 | DEST FILE: C:\Users\Quintin\Documents\Spectiv\3. Working\22. DMS plant\21. SSCR04 - Primary Floats D&R Screen Station\TO DELETE - FLOODBOX TEST\FLOODBOX-TEST-1-B3.ipt
2026-01-15 14:08:09 | DEST FILE: C:\Users\Quintin\Documents\Spectiv\3. Working\22. DMS plant\21. SSCR04 - Primary Floats D&R Screen Station\TO DELETE - FLOODBOX TEST\FLOODBOX-TEST-1-B4.ipt
2026-01-15 14:08:09 | DEST FILE: C:\Users\Quintin\Documents\Spectiv\3. Working\22. DMS plant\21. SSCR04 - Primary Floats D&R Screen Station\TO DELETE - FLOODBOX TEST\FLOODBOX-TEST-1-PL1.ipt
2026-01-15 14:08:09 | DEST FILE: C:\Users\Quintin\Documents\Spectiv\3. Working\22. DMS plant\21. SSCR04 - Primary Floats D&R Screen Station\TO DELETE - FLOODBOX TEST\FLOODBOX-TEST-1-PL10.ipt
2026-01-15 14:08:09 | DEST FILE: C:\Users\Quintin\Documents\Spectiv\3. Working\22. DMS plant\21. SSCR04 - Primary Floats D&R Screen Station\TO DELETE - FLOODBOX TEST\FLOODBOX-TEST-1-PL11.ipt
2026-01-15 14:08:09 | DEST FILE: C:\Users\Quintin\Documents\Spectiv\3. Working\22. DMS plant\21. SSCR04 - Primary Floats D&R Screen Station\TO DELETE - FLOODBOX TEST\FLOODBOX-TEST-1-PL2.ipt
2026-01-15 14:08:09 | DEST FILE: C:\Users\Quintin\Documents\Spectiv\3. Working\22. DMS plant\21. SSCR04 - Primary Floats D&R Screen Station\TO DELETE - FLOODBOX TEST\FLOODBOX-TEST-1-PL3.ipt
2026-01-15 14:08:09 | DEST FILE: C:\Users\Quintin\Documents\Spectiv\3. Working\22. DMS plant\21. SSCR04 - Primary Floats D&R Screen Station\TO DELETE - FLOODBOX TEST\FLOODBOX-TEST-1-PL4.ipt
2026-01-15 14:08:09 | DEST FILE: C:\Users\Quintin\Documents\Spectiv\3. Working\22. DMS plant\21. SSCR04 - Primary Floats D&R Screen Station\TO DELETE - FLOODBOX TEST\FLOODBOX-TEST-1-PL5.ipt
2026-01-15 14:08:09 | DEST FILE: C:\Users\Quintin\Documents\Spectiv\3. Working\22. DMS plant\21. SSCR04 - Primary Floats D&R Screen Station\TO DELETE - FLOODBOX TEST\FLOODBOX-TEST-1-PL6.ipt
2026-01-15 14:08:09 | DEST FILE: C:\Users\Quintin\Documents\Spectiv\3. Working\22. DMS plant\21. SSCR04 - Primary Floats D&R Screen Station\TO DELETE - FLOODBOX TEST\FLOODBOX-TEST-1-PL7.ipt
2026-01-15 14:08:09 | DEST FILE: C:\Users\Quintin\Documents\Spectiv\3. Working\22. DMS plant\21. SSCR04 - Primary Floats D&R Screen Station\TO DELETE - FLOODBOX TEST\FLOODBOX-TEST-1-PL8.ipt
2026-01-15 14:08:09 | DEST FILE: C:\Users\Quintin\Documents\Spectiv\3. Working\22. DMS plant\21. SSCR04 - Primary Floats D&R Screen Station\TO DELETE - FLOODBOX TEST\FLOODBOX-TEST-1-PL9.ipt
2026-01-15 14:08:09 | DEST FILE: C:\Users\Quintin\Documents\Spectiv\3. Working\22. DMS plant\21. SSCR04 - Primary Floats D&R Screen Station\TO DELETE - FLOODBOX TEST\MGY-200-DRD-09-00.idw
2026-01-15 14:08:09 | DEST FILE: C:\Users\Quintin\Documents\Spectiv\3. Working\22. DMS plant\21. SSCR04 - Primary Floats D&R Screen Station\TO DELETE - FLOODBOX TEST\MGY-200-DRD-09-01-00.idw
2026-01-15 14:08:09 | DEST FILE: C:\Users\Quintin\Documents\Spectiv\3. Working\22. DMS plant\21. SSCR04 - Primary Floats D&R Screen Station\TO DELETE - FLOODBOX TEST\MGY-200-DRD-09-01-01.idw
2026-01-15 14:08:09 | DEST FILE: C:\Users\Quintin\Documents\Spectiv\3. Working\22. DMS plant\21. SSCR04 - Primary Floats D&R Screen Station\TO DELETE - FLOODBOX TEST\MGY-200-DRD-09-01-02.idw
2026-01-15 14:08:09 | DEST FILE: C:\Users\Quintin\Documents\Spectiv\3. Working\22. DMS plant\21. SSCR04 - Primary Floats D&R Screen Station\TO DELETE - FLOODBOX TEST\MGY-200-DRD-09-01-03.idw
2026-01-15 14:08:09 | DEST FILE: C:\Users\Quintin\Documents\Spectiv\3. Working\22. DMS plant\21. SSCR04 - Primary Floats D&R Screen Station\TO DELETE - FLOODBOX TEST\MGY-200-DRD-09-02.idw
2026-01-15 14:08:09 | DEST FILE: C:\Users\Quintin\Documents\Spectiv\3. Working\22. DMS plant\21. SSCR04 - Primary Floats D&R Screen Station\TO DELETE - FLOODBOX TEST\Support Beam-1.iam
2026-01-15 14:08:09 | DEST FILE: C:\Users\Quintin\Documents\Spectiv\3. Working\22. DMS plant\21. SSCR04 - Primary Floats D&R Screen Station\TO DELETE - FLOODBOX TEST\Support Beam-2.iam
2026-01-15 14:08:09 | DEST FILE: C:\Users\Quintin\Documents\Spectiv\3. Working\22. DMS plant\21. SSCR04 - Primary Floats D&R Screen Station\TO DELETE - FLOODBOX TEST\Support Beam-3.iam
2026-01-15 14:08:09 | DEST FILE: C:\Users\Quintin\Documents\Spectiv\3. Working\22. DMS plant\21. SSCR04 - Primary Floats D&R Screen Station\TO DELETE - FLOODBOX TEST\Support Column.iam
2026-01-15 14:08:09 | DEST FILE: C:\Users\Quintin\Documents\Spectiv\3. Working\22. DMS plant\21. SSCR04 - Primary Floats D&R Screen Station\TO DELETE - FLOODBOX TEST\Support Frame.iam
2026-01-15 14:08:09 | DEST FILE: C:\Users\Quintin\Documents\Spectiv\3. Working\22. DMS plant\21. SSCR04 - Primary Floats D&R Screen Station\TO DELETE - FLOODBOX TEST\TO DELETE - FLOODBOX TEST.iam
2026-01-15 14:08:09 | DEST FILE: C:\Users\Quintin\Documents\Spectiv\3. Working\22. DMS plant\21. SSCR04 - Primary Floats D&R Screen Station\TO DELETE - FLOODBOX TEST\OldVersions\Bolted Connection1.0006.iam
2026-01-15 14:08:09 | DEST FILE: C:\Users\Quintin\Documents\Spectiv\3. Working\22. DMS plant\21. SSCR04 - Primary Floats D&R Screen Station\TO DELETE - FLOODBOX TEST\OldVersions\Bolted Connection2.0004.iam
2026-01-15 14:08:09 | DEST FILE: C:\Users\Quintin\Documents\Spectiv\3. Working\22. DMS plant\21. SSCR04 - Primary Floats D&R Screen Station\TO DELETE - FLOODBOX TEST\OldVersions\Flood Chute Development for plates.0006.ipt
2026-01-15 14:08:09 | DEST FILE: C:\Users\Quintin\Documents\Spectiv\3. Working\22. DMS plant\21. SSCR04 - Primary Floats D&R Screen Station\TO DELETE - FLOODBOX TEST\OldVersions\Flood Chute.0017.iam
2026-01-15 14:08:09 | DEST FILE: C:\Users\Quintin\Documents\Spectiv\3. Working\22. DMS plant\21. SSCR04 - Primary Floats D&R Screen Station\TO DELETE - FLOODBOX TEST\OldVersions\FLOODBOX-TEST-1-A1.0008.ipt
2026-01-15 14:08:09 | DEST FILE: C:\Users\Quintin\Documents\Spectiv\3. Working\22. DMS plant\21. SSCR04 - Primary Floats D&R Screen Station\TO DELETE - FLOODBOX TEST\OldVersions\FLOODBOX-TEST-1-A2.0006.ipt
2026-01-15 14:08:09 | DEST FILE: C:\Users\Quintin\Documents\Spectiv\3. Working\22. DMS plant\21. SSCR04 - Primary Floats D&R Screen Station\TO DELETE - FLOODBOX TEST\OldVersions\FLOODBOX-TEST-1-A3.0006.ipt
2026-01-15 14:08:09 | DEST FILE: C:\Users\Quintin\Documents\Spectiv\3. Working\22. DMS plant\21. SSCR04 - Primary Floats D&R Screen Station\TO DELETE - FLOODBOX TEST\OldVersions\FLOODBOX-TEST-1-A4.0007.ipt
2026-01-15 14:08:09 | DEST FILE: C:\Users\Quintin\Documents\Spectiv\3. Working\22. DMS plant\21. SSCR04 - Primary Floats D&R Screen Station\TO DELETE - FLOODBOX TEST\OldVersions\FLOODBOX-TEST-1-B1.0047.ipt
2026-01-15 14:08:09 | DEST FILE: C:\Users\Quintin\Documents\Spectiv\3. Working\22. DMS plant\21. SSCR04 - Primary Floats D&R Screen Station\TO DELETE - FLOODBOX TEST\OldVersions\FLOODBOX-TEST-1-B2.0054.ipt
2026-01-15 14:08:09 | DEST FILE: C:\Users\Quintin\Documents\Spectiv\3. Working\22. DMS plant\21. SSCR04 - Primary Floats D&R Screen Station\TO DELETE - FLOODBOX TEST\OldVersions\FLOODBOX-TEST-1-B3.0057.ipt
2026-01-15 14:08:09 | DEST FILE: C:\Users\Quintin\Documents\Spectiv\3. Working\22. DMS plant\21. SSCR04 - Primary Floats D&R Screen Station\TO DELETE - FLOODBOX TEST\OldVersions\FLOODBOX-TEST-1-B4.0043.ipt
2026-01-15 14:08:09 | DEST FILE: C:\Users\Quintin\Documents\Spectiv\3. Working\22. DMS plant\21. SSCR04 - Primary Floats D&R Screen Station\TO DELETE - FLOODBOX TEST\OldVersions\FLOODBOX-TEST-1-PL1.0017.ipt
2026-01-15 14:08:09 | DEST FILE: C:\Users\Quintin\Documents\Spectiv\3. Working\22. DMS plant\21. SSCR04 - Primary Floats D&R Screen Station\TO DELETE - FLOODBOX TEST\OldVersions\FLOODBOX-TEST-1-PL10.0015.ipt
2026-01-15 14:08:09 | DEST FILE: C:\Users\Quintin\Documents\Spectiv\3. Working\22. DMS plant\21. SSCR04 - Primary Floats D&R Screen Station\TO DELETE - FLOODBOX TEST\OldVersions\FLOODBOX-TEST-1-PL11.0005.ipt
2026-01-15 14:08:09 | DEST FILE: C:\Users\Quintin\Documents\Spectiv\3. Working\22. DMS plant\21. SSCR04 - Primary Floats D&R Screen Station\TO DELETE - FLOODBOX TEST\OldVersions\FLOODBOX-TEST-1-PL2.0017.ipt
2026-01-15 14:08:09 | DEST FILE: C:\Users\Quintin\Documents\Spectiv\3. Working\22. DMS plant\21. SSCR04 - Primary Floats D&R Screen Station\TO DELETE - FLOODBOX TEST\OldVersions\FLOODBOX-TEST-1-PL3.0019.ipt
2026-01-15 14:08:09 | DEST FILE: C:\Users\Quintin\Documents\Spectiv\3. Working\22. DMS plant\21. SSCR04 - Primary Floats D&R Screen Station\TO DELETE - FLOODBOX TEST\OldVersions\FLOODBOX-TEST-1-PL4.0010.ipt
2026-01-15 14:08:09 | DEST FILE: C:\Users\Quintin\Documents\Spectiv\3. Working\22. DMS plant\21. SSCR04 - Primary Floats D&R Screen Station\TO DELETE - FLOODBOX TEST\OldVersions\FLOODBOX-TEST-1-PL5.0008.ipt
2026-01-15 14:08:09 | DEST FILE: C:\Users\Quintin\Documents\Spectiv\3. Working\22. DMS plant\21. SSCR04 - Primary Floats D&R Screen Station\TO DELETE - FLOODBOX TEST\OldVersions\FLOODBOX-TEST-1-PL6.0008.ipt
2026-01-15 14:08:09 | DEST FILE: C:\Users\Quintin\Documents\Spectiv\3. Working\22. DMS plant\21. SSCR04 - Primary Floats D&R Screen Station\TO DELETE - FLOODBOX TEST\OldVersions\FLOODBOX-TEST-1-PL7.0008.ipt
2026-01-15 14:08:09 | DEST FILE: C:\Users\Quintin\Documents\Spectiv\3. Working\22. DMS plant\21. SSCR04 - Primary Floats D&R Screen Station\TO DELETE - FLOODBOX TEST\OldVersions\FLOODBOX-TEST-1-PL8.0009.ipt
2026-01-15 14:08:09 | DEST FILE: C:\Users\Quintin\Documents\Spectiv\3. Working\22. DMS plant\21. SSCR04 - Primary Floats D&R Screen Station\TO DELETE - FLOODBOX TEST\OldVersions\FLOODBOX-TEST-1-PL9.0008.ipt
2026-01-15 14:08:09 | DEST FILE: C:\Users\Quintin\Documents\Spectiv\3. Working\22. DMS plant\21. SSCR04 - Primary Floats D&R Screen Station\TO DELETE - FLOODBOX TEST\OldVersions\MGY-200-DRD-09-00.0007.idw
2026-01-15 14:08:09 | DEST FILE: C:\Users\Quintin\Documents\Spectiv\3. Working\22. DMS plant\21. SSCR04 - Primary Floats D&R Screen Station\TO DELETE - FLOODBOX TEST\OldVersions\MGY-200-DRD-09-01-00.0009.idw
2026-01-15 14:08:09 | DEST FILE: C:\Users\Quintin\Documents\Spectiv\3. Working\22. DMS plant\21. SSCR04 - Primary Floats D&R Screen Station\TO DELETE - FLOODBOX TEST\OldVersions\MGY-200-DRD-09-01-01.0013.idw
2026-01-15 14:08:09 | DEST FILE: C:\Users\Quintin\Documents\Spectiv\3. Working\22. DMS plant\21. SSCR04 - Primary Floats D&R Screen Station\TO DELETE - FLOODBOX TEST\OldVersions\MGY-200-DRD-09-01-02.0014.idw
2026-01-15 14:08:09 | DEST FILE: C:\Users\Quintin\Documents\Spectiv\3. Working\22. DMS plant\21. SSCR04 - Primary Floats D&R Screen Station\TO DELETE - FLOODBOX TEST\OldVersions\MGY-200-DRD-09-01-03.0014.idw
2026-01-15 14:08:09 | DEST FILE: C:\Users\Quintin\Documents\Spectiv\3. Working\22. DMS plant\21. SSCR04 - Primary Floats D&R Screen Station\TO DELETE - FLOODBOX TEST\OldVersions\MGY-200-DRD-09-02.0014.idw
2026-01-15 14:08:09 | DEST FILE: C:\Users\Quintin\Documents\Spectiv\3. Working\22. DMS plant\21. SSCR04 - Primary Floats D&R Screen Station\TO DELETE - FLOODBOX TEST\OldVersions\Support Beam-1.0059.iam
2026-01-15 14:08:09 | DEST FILE: C:\Users\Quintin\Documents\Spectiv\3. Working\22. DMS plant\21. SSCR04 - Primary Floats D&R Screen Station\TO DELETE - FLOODBOX TEST\OldVersions\Support Beam-2.0052.iam
2026-01-15 14:08:09 | DEST FILE: C:\Users\Quintin\Documents\Spectiv\3. Working\22. DMS plant\21. SSCR04 - Primary Floats D&R Screen Station\TO DELETE - FLOODBOX TEST\OldVersions\Support Beam-3.0062.iam
2026-01-15 14:08:09 | DEST FILE: C:\Users\Quintin\Documents\Spectiv\3. Working\22. DMS plant\21. SSCR04 - Primary Floats D&R Screen Station\TO DELETE - FLOODBOX TEST\OldVersions\Support Column.0062.iam
2026-01-15 14:08:09 | DEST FILE: C:\Users\Quintin\Documents\Spectiv\3. Working\22. DMS plant\21. SSCR04 - Primary Floats D&R Screen Station\TO DELETE - FLOODBOX TEST\OldVersions\Support Frame.0077.iam
2026-01-15 14:08:09 | DEST FILE: C:\Users\Quintin\Documents\Spectiv\3. Working\22. DMS plant\21. SSCR04 - Primary Floats D&R Screen Station\TO DELETE - FLOODBOX TEST\OldVersions\TO DELETE - FLOODBOX TEST.0034.iam
2026-01-15 14:08:09 | VALIDATE: Checking copied mappings...
2026-01-15 14:08:09 | MAP OK: C:\Users\Quintin\Documents\Spectiv\3. Working\22. DMS plant\21. SSCR04 - Primary Floats D&R Screen Station\735 Flood Box\Flood Box.iam -> C:\Users\Quintin\Documents\Spectiv\3. Working\22. DMS plant\21. SSCR04 - Primary Floats D&R Screen Station\TO DELETE - FLOODBOX TEST\TO DELETE - FLOODBOX TEST.iam
2026-01-15 14:08:09 | MAP OK: C:\Users\Quintin\Documents\Spectiv\3. Working\22. DMS plant\21. SSCR04 - Primary Floats D&R Screen Station\735 Flood Box\Support\Support Frame.iam -> C:\Users\Quintin\Documents\Spectiv\3. Working\22. DMS plant\21. SSCR04 - Primary Floats D&R Screen Station\TO DELETE - FLOODBOX TEST\Support Frame.iam
2026-01-15 14:08:09 | MAP OK: C:\Users\Quintin\Documents\Spectiv\3. Working\22. DMS plant\21. SSCR04 - Primary Floats D&R Screen Station\735 Flood Box\Support\Support Frame\Design Accelerator\Bolted Connection1.iam -> C:\Users\Quintin\Documents\Spectiv\3. Working\22. DMS plant\21. SSCR04 - Primary Floats D&R Screen Station\TO DELETE - FLOODBOX TEST\Bolted Connection1.iam
2026-01-15 14:08:09 | MAP OK: C:\Users\Quintin\Documents\Spectiv\3. Working\22. DMS plant\21. SSCR04 - Primary Floats D&R Screen Station\735 Flood Box\Support\Support Column\Support Column.iam -> C:\Users\Quintin\Documents\Spectiv\3. Working\22. DMS plant\21. SSCR04 - Primary Floats D&R Screen Station\TO DELETE - FLOODBOX TEST\Support Column.iam
2026-01-15 14:08:09 | MAP OK: C:\Users\Quintin\Documents\Spectiv\3. Working\22. DMS plant\21. SSCR04 - Primary Floats D&R Screen Station\735 Flood Box\Support\Support Column\Part1 FB-C1.ipt -> C:\Users\Quintin\Documents\Spectiv\3. Working\22. DMS plant\21. SSCR04 - Primary Floats D&R Screen Station\TO DELETE - FLOODBOX TEST\FLOODBOX-TEST-1-PL1.ipt
2026-01-15 14:08:09 | MAP OK: C:\Users\Quintin\Documents\Spectiv\3. Working\22. DMS plant\21. SSCR04 - Primary Floats D&R Screen Station\735 Flood Box\Support\Support Column\Part2 203x133x25 FB-C1.ipt -> C:\Users\Quintin\Documents\Spectiv\3. Working\22. DMS plant\21. SSCR04 - Primary Floats D&R Screen Station\TO DELETE - FLOODBOX TEST\FLOODBOX-TEST-1-B1.ipt
2026-01-15 14:08:09 | MAP OK: C:\Users\Quintin\Documents\Spectiv\3. Working\22. DMS plant\21. SSCR04 - Primary Floats D&R Screen Station\735 Flood Box\Support\Support Frame\Design Accelerator\Bolted Connection2.iam -> C:\Users\Quintin\Documents\Spectiv\3. Working\22. DMS plant\21. SSCR04 - Primary Floats D&R Screen Station\TO DELETE - FLOODBOX TEST\Bolted Connection2.iam
2026-01-15 14:08:09 | MAP OK: C:\Users\Quintin\Documents\Spectiv\3. Working\22. DMS plant\21. SSCR04 - Primary Floats D&R Screen Station\735 Flood Box\Support\Support Beam-1\Support Beam-1.iam -> C:\Users\Quintin\Documents\Spectiv\3. Working\22. DMS plant\21. SSCR04 - Primary Floats D&R Screen Station\TO DELETE - FLOODBOX TEST\Support Beam-1.iam
2026-01-15 14:08:09 | MAP OK: C:\Users\Quintin\Documents\Spectiv\3. Working\22. DMS plant\21. SSCR04 - Primary Floats D&R Screen Station\735 Flood Box\Support\Support Beam-1\Part1 FB-B1.ipt -> C:\Users\Quintin\Documents\Spectiv\3. Working\22. DMS plant\21. SSCR04 - Primary Floats D&R Screen Station\TO DELETE - FLOODBOX TEST\FLOODBOX-TEST-1-PL2.ipt
2026-01-15 14:08:09 | MAP OK: C:\Users\Quintin\Documents\Spectiv\3. Working\22. DMS plant\21. SSCR04 - Primary Floats D&R Screen Station\735 Flood Box\Support\Support Beam-1\Part2 203x133x25 FB-B1.ipt -> C:\Users\Quintin\Documents\Spectiv\3. Working\22. DMS plant\21. SSCR04 - Primary Floats D&R Screen Station\TO DELETE - FLOODBOX TEST\FLOODBOX-TEST-1-B2.ipt
2026-01-15 14:08:09 | MAP OK: C:\Users\Quintin\Documents\Spectiv\3. Working\22. DMS plant\21. SSCR04 - Primary Floats D&R Screen Station\735 Flood Box\Support\Support Beam-3\Support Beam-3.iam -> C:\Users\Quintin\Documents\Spectiv\3. Working\22. DMS plant\21. SSCR04 - Primary Floats D&R Screen Station\TO DELETE - FLOODBOX TEST\Support Beam-3.iam
2026-01-15 14:08:09 | MAP OK: C:\Users\Quintin\Documents\Spectiv\3. Working\22. DMS plant\21. SSCR04 - Primary Floats D&R Screen Station\735 Flood Box\Support\Support Beam-3\Part2 203x133x25 FB-B3.ipt -> C:\Users\Quintin\Documents\Spectiv\3. Working\22. DMS plant\21. SSCR04 - Primary Floats D&R Screen Station\TO DELETE - FLOODBOX TEST\FLOODBOX-TEST-1-B3.ipt
2026-01-15 14:08:09 | MAP OK: C:\Users\Quintin\Documents\Spectiv\3. Working\22. DMS plant\21. SSCR04 - Primary Floats D&R Screen Station\735 Flood Box\Support\Support Beam-2\Support Beam-2.iam -> C:\Users\Quintin\Documents\Spectiv\3. Working\22. DMS plant\21. SSCR04 - Primary Floats D&R Screen Station\TO DELETE - FLOODBOX TEST\Support Beam-2.iam
2026-01-15 14:08:09 | MAP OK: C:\Users\Quintin\Documents\Spectiv\3. Working\22. DMS plant\21. SSCR04 - Primary Floats D&R Screen Station\735 Flood Box\Support\Support Beam-2\Part1 FB-B2.ipt -> C:\Users\Quintin\Documents\Spectiv\3. Working\22. DMS plant\21. SSCR04 - Primary Floats D&R Screen Station\TO DELETE - FLOODBOX TEST\FLOODBOX-TEST-1-PL3.ipt
2026-01-15 14:08:09 | MAP OK: C:\Users\Quintin\Documents\Spectiv\3. Working\22. DMS plant\21. SSCR04 - Primary Floats D&R Screen Station\735 Flood Box\Support\Support Beam-2\Part2 203x133x25 FB-B2.ipt -> C:\Users\Quintin\Documents\Spectiv\3. Working\22. DMS plant\21. SSCR04 - Primary Floats D&R Screen Station\TO DELETE - FLOODBOX TEST\FLOODBOX-TEST-1-B4.ipt
2026-01-15 14:08:09 | MAP OK: C:\Users\Quintin\Documents\Spectiv\3. Working\22. DMS plant\21. SSCR04 - Primary Floats D&R Screen Station\735 Flood Box\Flood Box\Design Accelerator\Bolted Connection1.iam -> C:\Users\Quintin\Documents\Spectiv\3. Working\22. DMS plant\21. SSCR04 - Primary Floats D&R Screen Station\TO DELETE - FLOODBOX TEST\Bolted Connection1.iam
2026-01-15 14:08:09 | MAP OK: C:\Users\Quintin\Documents\Spectiv\3. Working\22. DMS plant\21. SSCR04 - Primary Floats D&R Screen Station\735 Flood Box\Chute\Flood Chute.iam -> C:\Users\Quintin\Documents\Spectiv\3. Working\22. DMS plant\21. SSCR04 - Primary Floats D&R Screen Station\TO DELETE - FLOODBOX TEST\Flood Chute.iam
2026-01-15 14:08:09 | MAP OK: C:\Users\Quintin\Documents\Spectiv\3. Working\22. DMS plant\21. SSCR04 - Primary Floats D&R Screen Station\735 Flood Box\Chute\Part1 FB-C.ipt -> C:\Users\Quintin\Documents\Spectiv\3. Working\22. DMS plant\21. SSCR04 - Primary Floats D&R Screen Station\TO DELETE - FLOODBOX TEST\FLOODBOX-TEST-1-PL4.ipt
2026-01-15 14:08:09 | MAP OK: C:\Users\Quintin\Documents\Spectiv\3. Working\22. DMS plant\21. SSCR04 - Primary Floats D&R Screen Station\735 Flood Box\Chute\Part2 FB-C.ipt -> C:\Users\Quintin\Documents\Spectiv\3. Working\22. DMS plant\21. SSCR04 - Primary Floats D&R Screen Station\TO DELETE - FLOODBOX TEST\FLOODBOX-TEST-1-PL5.ipt
2026-01-15 14:08:09 | MAP OK: C:\Users\Quintin\Documents\Spectiv\3. Working\22. DMS plant\21. SSCR04 - Primary Floats D&R Screen Station\735 Flood Box\Chute\Part3 FB-C.ipt -> C:\Users\Quintin\Documents\Spectiv\3. Working\22. DMS plant\21. SSCR04 - Primary Floats D&R Screen Station\TO DELETE - FLOODBOX TEST\FLOODBOX-TEST-1-PL6.ipt
2026-01-15 14:08:09 | MAP OK: C:\Users\Quintin\Documents\Spectiv\3. Working\22. DMS plant\21. SSCR04 - Primary Floats D&R Screen Station\735 Flood Box\Chute\Part4 FB-C.ipt -> C:\Users\Quintin\Documents\Spectiv\3. Working\22. DMS plant\21. SSCR04 - Primary Floats D&R Screen Station\TO DELETE - FLOODBOX TEST\FLOODBOX-TEST-1-PL7.ipt
2026-01-15 14:08:09 | MAP OK: C:\Users\Quintin\Documents\Spectiv\3. Working\22. DMS plant\21. SSCR04 - Primary Floats D&R Screen Station\735 Flood Box\Chute\Part5 FB-C.ipt -> C:\Users\Quintin\Documents\Spectiv\3. Working\22. DMS plant\21. SSCR04 - Primary Floats D&R Screen Station\TO DELETE - FLOODBOX TEST\FLOODBOX-TEST-1-PL8.ipt
2026-01-15 14:08:09 | MAP OK: C:\Users\Quintin\Documents\Spectiv\3. Working\22. DMS plant\21. SSCR04 - Primary Floats D&R Screen Station\735 Flood Box\Chute\Part6 Angle FB-C.ipt -> C:\Users\Quintin\Documents\Spectiv\3. Working\22. DMS plant\21. SSCR04 - Primary Floats D&R Screen Station\TO DELETE - FLOODBOX TEST\FLOODBOX-TEST-1-A1.ipt
2026-01-15 14:08:09 | MAP OK: C:\Users\Quintin\Documents\Spectiv\3. Working\22. DMS plant\21. SSCR04 - Primary Floats D&R Screen Station\735 Flood Box\Chute\Part7 Angle FB-C.ipt -> C:\Users\Quintin\Documents\Spectiv\3. Working\22. DMS plant\21. SSCR04 - Primary Floats D&R Screen Station\TO DELETE - FLOODBOX TEST\FLOODBOX-TEST-1-A2.ipt
2026-01-15 14:08:09 | MAP OK: C:\Users\Quintin\Documents\Spectiv\3. Working\22. DMS plant\21. SSCR04 - Primary Floats D&R Screen Station\735 Flood Box\Chute\Part8 (Part7 Angle MIR) FB-C.ipt -> C:\Users\Quintin\Documents\Spectiv\3. Working\22. DMS plant\21. SSCR04 - Primary Floats D&R Screen Station\TO DELETE - FLOODBOX TEST\FLOODBOX-TEST-1-A3.ipt
2026-01-15 14:08:09 | MAP OK: C:\Users\Quintin\Documents\Spectiv\3. Working\22. DMS plant\21. SSCR04 - Primary Floats D&R Screen Station\735 Flood Box\Chute\Part9 Angle FB-C.ipt -> C:\Users\Quintin\Documents\Spectiv\3. Working\22. DMS plant\21. SSCR04 - Primary Floats D&R Screen Station\TO DELETE - FLOODBOX TEST\FLOODBOX-TEST-1-A4.ipt
2026-01-15 14:08:09 | MAP OK: C:\Users\Quintin\Documents\Spectiv\3. Working\22. DMS plant\21. SSCR04 - Primary Floats D&R Screen Station\735 Flood Box\Chute\Part10 FB-C.ipt -> C:\Users\Quintin\Documents\Spectiv\3. Working\22. DMS plant\21. SSCR04 - Primary Floats D&R Screen Station\TO DELETE - FLOODBOX TEST\FLOODBOX-TEST-1-PL9.ipt
2026-01-15 14:08:09 | MAP OK: C:\Users\Quintin\Documents\Spectiv\3. Working\22. DMS plant\21. SSCR04 - Primary Floats D&R Screen Station\735 Flood Box\Chute\Part11 Corner Gusset FB-C.ipt -> C:\Users\Quintin\Documents\Spectiv\3. Working\22. DMS plant\21. SSCR04 - Primary Floats D&R Screen Station\TO DELETE - FLOODBOX TEST\FLOODBOX-TEST-1-PL10.ipt
2026-01-15 14:08:09 | MAP OK: C:\Users\Quintin\Documents\Spectiv\3. Working\22. DMS plant\21. SSCR04 - Primary Floats D&R Screen Station\735 Flood Box\Chute\Lug FB-C.ipt -> C:\Users\Quintin\Documents\Spectiv\3. Working\22. DMS plant\21. SSCR04 - Primary Floats D&R Screen Station\TO DELETE - FLOODBOX TEST\FLOODBOX-TEST-1-PL11.ipt
2026-01-15 14:08:09 | MAP OK: C:\Users\Quintin\Documents\Spectiv\3. Working\22. DMS plant\21. SSCR04 - Primary Floats D&R Screen Station\735 Flood Box\MGY-200-DRD-09-00.idw -> C:\Users\Quintin\Documents\Spectiv\3. Working\22. DMS plant\21. SSCR04 - Primary Floats D&R Screen Station\TO DELETE - FLOODBOX TEST\MGY-200-DRD-09-00.idw
2026-01-15 14:08:09 | MAP OK: C:\Users\Quintin\Documents\Spectiv\3. Working\22. DMS plant\21. SSCR04 - Primary Floats D&R Screen Station\735 Flood Box\Chute\MGY-200-DRD-09-02.idw -> C:\Users\Quintin\Documents\Spectiv\3. Working\22. DMS plant\21. SSCR04 - Primary Floats D&R Screen Station\TO DELETE - FLOODBOX TEST\MGY-200-DRD-09-02.idw
2026-01-15 14:08:09 | MAP OK: C:\Users\Quintin\Documents\Spectiv\3. Working\22. DMS plant\21. SSCR04 - Primary Floats D&R Screen Station\735 Flood Box\Support\MGY-200-DRD-09-01-00.idw -> C:\Users\Quintin\Documents\Spectiv\3. Working\22. DMS plant\21. SSCR04 - Primary Floats D&R Screen Station\TO DELETE - FLOODBOX TEST\MGY-200-DRD-09-01-00.idw
2026-01-15 14:08:09 | MAP OK: C:\Users\Quintin\Documents\Spectiv\3. Working\22. DMS plant\21. SSCR04 - Primary Floats D&R Screen Station\735 Flood Box\Support\Support Beam-1\MGY-200-DRD-09-01-02.idw -> C:\Users\Quintin\Documents\Spectiv\3. Working\22. DMS plant\21. SSCR04 - Primary Floats D&R Screen Station\TO DELETE - FLOODBOX TEST\MGY-200-DRD-09-01-02.idw
2026-01-15 14:08:09 | MAP OK: C:\Users\Quintin\Documents\Spectiv\3. Working\22. DMS plant\21. SSCR04 - Primary Floats D&R Screen Station\735 Flood Box\Support\Support Beam-2\MGY-200-DRD-09-01-03.idw -> C:\Users\Quintin\Documents\Spectiv\3. Working\22. DMS plant\21. SSCR04 - Primary Floats D&R Screen Station\TO DELETE - FLOODBOX TEST\MGY-200-DRD-09-01-03.idw
2026-01-15 14:08:09 | MAP OK: C:\Users\Quintin\Documents\Spectiv\3. Working\22. DMS plant\21. SSCR04 - Primary Floats D&R Screen Station\735 Flood Box\Support\Support Beam-3\MGY-200-DRD-09-01-02.idw -> C:\Users\Quintin\Documents\Spectiv\3. Working\22. DMS plant\21. SSCR04 - Primary Floats D&R Screen Station\TO DELETE - FLOODBOX TEST\MGY-200-DRD-09-01-02.idw
2026-01-15 14:08:09 | MAP OK: C:\Users\Quintin\Documents\Spectiv\3. Working\22. DMS plant\21. SSCR04 - Primary Floats D&R Screen Station\735 Flood Box\Support\Support Column\MGY-200-DRD-09-01-01.idw -> C:\Users\Quintin\Documents\Spectiv\3. Working\22. DMS plant\21. SSCR04 - Primary Floats D&R Screen Station\TO DELETE - FLOODBOX TEST\MGY-200-DRD-09-01-01.idw
2026-01-15 14:08:09 | VALIDATE: Missing mapped files = 0
2026-01-15 14:08:09 | === ASSEMBLY CLONER COMPLETED ===
