2025-12-10 20:22:53 | === ASSEMBLY CLONER STARTED ===
2025-12-10 20:22:53 | Source assembly: C:\Users\Quintin\Documents\Spectiv\3. Working\22. DMS plant\22. SSCR05 - Primary Sinks D&R Screen Station\000 Structure & Walkway\Staircase-1 - LH\Staircase-1.iam
2025-12-10 20:22:53 | Source directory: C:\Users\Quintin\Documents\Spectiv\3. Working\22. DMS plant\22. SSCR05 - Primary Sinks D&R Screen Station\000 Structure & Walkway\Staircase-1 - LH
2025-12-10 20:22:55 | User confirmed clone operation
2025-12-10 20:22:55 | Opening folder browser dialog...
2025-12-10 20:23:01 | Destination folder selected: C:\Users\Quintin\Documents\Spectiv\3. Working\22. DMS plant\22. SSCR05 - Primary Sinks D&R Screen Station\000 Structure & Walkway\staircasetest
2025-12-10 20:23:02 | Rename parts: True
2025-12-10 20:23:02 | Prompting for plant section prefix...
2025-12-10 20:23:04 | Plant section prefix: staircasetest
2025-12-10 20:23:04 | Collected 15 parts with occurrence names
2025-12-10 20:23:04 | Copying assembly file...
2025-12-10 20:23:04 | Copying 15 parts...
2025-12-10 20:23:04 | Opening new assembly invisibly...
2025-12-10 20:23:04 | Updating assembly references...
2025-12-10 20:23:37 | Saving new assembly...
2025-12-10 20:23:40 | Closing new assembly...
2025-12-10 20:23:40 | Processing IDW files...
2025-12-10 20:23:40 | Found 1 IDW files to process
2025-12-10 20:23:40 | Processing IDW: MGY-300-SP-01-02.idw
2025-12-10 20:23:40 |   Copied to: C:\Users\Quintin\Documents\Spectiv\3. Working\22. DMS plant\22. SSCR05 - Primary Sinks D&R Screen Station\000 Structure & Walkway\staircasetest\MGY-300-SP-01-02.idw
2025-12-10 20:23:40 |   Opening IDW invisibly...
2025-12-10 20:24:18 |   Patching iLogic in IDW...
2025-12-10 20:24:18 |   Patched 0 rules in IDW
2025-12-10 20:24:18 |   Saving and closing IDW...
2025-12-10 20:24:20 |   IDW complete: MGY-300-SP-01-02.idw
2025-12-10 20:24:20 | All IDW files processed successfully
2025-12-10 20:24:20 | Saving iLogic patch log...
2025-12-10 20:24:20 | === ASSEMBLY CLONE COMPLETED SUCCESSFULLY ===
2025-12-10 20:24:20 | Log saved to: C:\Users\Quintin\Documents\Spectiv\3. Working\22. DMS plant\REF\FINAL_PRODUCTION_SCRIPTS 1 Oct 2025\Logs\AssemblyCloner_20251210_202253.log
