2025-12-09 10:34:01 | === ASSEMBLY CLONER ===
2025-12-09 10:34:01 | Copy assembly with all parts to new isolated location
2025-12-09 10:34:02 | SUCCESS: Connected to existing Inventor instance
2025-12-09 10:34:02 | STEP 1: Detecting open assembly
2025-12-09 10:34:02 | DETECTED: Access Walkway-2-2.iam
2025-12-09 10:34:02 | DETECTED: Full path - C:\Users\Quintin\Documents\Spectiv\3. Working\22. DMS plant\22. SSCR05 - Primary Sinks D&R Screen Station\000 Structure & Walkway\Access Walkway-2\Access Walkway-2-2.iam
2025-12-09 10:34:05 | STEP 2: Getting destination folder from user
2025-12-09 10:34:18 | DESTINATION: C:\Users\Quintin\Documents\Spectiv\3. Working\22. DMS plant\22. SSCR05 - Primary Sinks D&R Screen Station\000 Structure & Walkway\Access Walkway-4
2025-12-09 10:34:18 | New assembly name will be: Access Walkway-4.iam
2025-12-09 10:34:18 | STEP 3: Asking about heritage renaming
2025-12-09 10:34:20 | PLANT: Getting plant section naming convention from user
2025-12-09 10:34:24 | PLANT: Using prefix: WALKWAY-4-
2025-12-09 10:34:24 | STEP 4: Analyzing assembly structure
2025-12-09 10:34:24 | COLLECT: Scanning assembly for all referenced parts...
2025-12-09 10:34:24 | COLLECT: Part1 TFC-2.ipt (TFC178x54x15)
2025-12-09 10:34:24 | COLLECT: Part2 Stair End Plate-2.ipt (PL 10mm S355JR)
2025-12-09 10:34:24 | COLLECT: Part7 TFC-2.ipt (TFC178x54x15)
2025-12-09 10:34:25 | COLLECT: Part4 Stanchion Plate-2.ipt (PL 10mm S355JR)
2025-12-09 10:34:25 | COLLECT: Part3 TFC-2.ipt (TFC178x54x15)
2025-12-09 10:34:25 | COLLECT: Found 5 unique parts
2025-12-09 10:34:25 | ANALYZE: Found 5 unique parts to copy
2025-12-09 10:34:25 | STEP 5: Grouping components for heritage naming
2025-12-09 10:34:25 | GROUP: Grouping parts for heritage naming...
2025-12-09 10:34:25 | GROUP: Created 2 groups
2025-12-09 10:34:25 | SCHEME: CH -> WALKWAY-4-CH{N}
2025-12-09 10:34:25 | SCHEME: PL -> WALKWAY-4-PL{N}
2025-12-09 10:34:25 | STEP 6: Copying assembly to destination
2025-12-09 10:34:25 | Closing source assembly for safe copy...
2025-12-09 10:34:25 | COPIED: Assembly Access Walkway-2-2.iam -> Access Walkway-4.iam
2025-12-09 10:34:25 | STEP 7: Copying parts to destination
2025-12-09 10:34:25 | COPIED: Part1 TFC-2.ipt -> WALKWAY-4-CH1.ipt
2025-12-09 10:34:25 | COPIED: Part2 Stair End Plate-2.ipt -> WALKWAY-4-PL1.ipt
2025-12-09 10:34:25 | COPIED: Part7 TFC-2.ipt -> WALKWAY-4-CH2.ipt
2025-12-09 10:34:25 | COPIED: Part4 Stanchion Plate-2.ipt -> WALKWAY-4-PL2.ipt
2025-12-09 10:34:25 | COPIED: Part3 TFC-2.ipt -> WALKWAY-4-CH3.ipt
2025-12-09 10:34:25 | STEP 8: Updating references in copied assembly using ApprenticeServer
2025-12-09 10:34:25 | ASSEMBLY UPDATE: ApprenticeServer not available, using Inventor method
2025-12-09 10:34:25 | ASSEMBLY UPDATE (Inventor): Opening assembly...
2025-12-09 10:34:25 | ASSEMBLY UPDATE (Inventor): Opened Access Walkway-4.iam
2025-12-09 10:34:25 | UPDATE: Updating assembly references to local copies...
2025-12-09 10:34:25 | UPDATE: Part1 TFC-2.ipt -> WALKWAY-4-CH1.ipt
2025-12-09 10:34:26 | UPDATE: Part2 Stair End Plate-2.ipt -> WALKWAY-4-PL1.ipt
2025-12-09 10:34:26 | UPDATE: Part7 TFC-2.ipt -> WALKWAY-4-CH2.ipt
2025-12-09 10:34:26 | UPDATE: Part4 Stanchion Plate-2.ipt -> WALKWAY-4-PL2.ipt
2025-12-09 10:34:26 | UPDATE: No mapping for WALKWAY-4-PL1.ipt
2025-12-09 10:34:26 | UPDATE: No mapping for WALKWAY-4-PL1.ipt
2025-12-09 10:34:26 | UPDATE: Part3 TFC-2.ipt -> WALKWAY-4-CH3.ipt
2025-12-09 10:34:26 | UPDATE: No mapping for WALKWAY-4-CH3.ipt
2025-12-09 10:34:26 | ASSEMBLY UPDATE (Inventor): Saved successfully
2025-12-09 10:34:26 | ASSEMBLY UPDATE (Inventor): Complete - assembly left open for verification
2025-12-09 10:34:26 | STEP 9: Processing IDW files (update references, then save to new location)
2025-12-09 10:34:26 | IDW PROCESS: Found MGY-200-DRD-01-11.idw
2025-12-09 10:34:39 | IDW PROCESS: Opening original IDW from source location...
2025-12-09 10:34:42 | IDW PROCESS: Opened successfully, now updating references...
2025-12-09 10:34:42 | IDW PROCESS: Found 8 references
2025-12-09 10:34:42 | IDW PROCESS: No mapping for Access Walkway-2.iam
2025-12-09 10:34:42 | IDW PROCESS: No mapping for Part1 TFC.ipt
2025-12-09 10:34:42 | IDW PROCESS: No mapping for Part2 Stair End Plate.ipt
2025-12-09 10:34:42 | IDW PROCESS: No mapping for Part3 TFC.ipt
2025-12-09 10:34:42 | IDW PROCESS: No mapping for Part4 Stanchion Plate.ipt
2025-12-09 10:34:42 | IDW PROCESS: No mapping for Part5 Angle.ipt
2025-12-09 10:34:42 | IDW PROCESS: No mapping for Part6 (Part5 Angle MIR).ipt
2025-12-09 10:34:42 | IDW PROCESS: No mapping for Part7 TFC.ipt
2025-12-09 10:34:42 | IDW PROCESS: Saving to destination: C:\Users\Quintin\Documents\Spectiv\3. Working\22. DMS plant\22. SSCR05 - Primary Sinks D&R Screen Station\000 Structure & Walkway\Access Walkway-4\MGY-200-DRD-01-13.idw
2025-12-09 10:34:43 | IDW PROCESS: Successfully saved MGY-200-DRD-01-13.idw (0 references updated)
2025-12-09 10:34:43 | === ASSEMBLY CLONER COMPLETED ===
