2026-01-19 10:43:52 | === ASSEMBLY CLONER ===
2026-01-19 10:43:52 | Copy assembly with all sub-assemblies and parts to new isolated location
2026-01-19 10:43:53 | SUCCESS: Connected to existing Inventor instance
2026-01-19 10:43:53 | STEP 1: Detecting open assembly
2026-01-19 10:43:53 | DETECTED: Beam-11.iam
2026-01-19 10:43:53 | DETECTED: Full path - C:\Users\Quintin\Documents\Spectiv\3. Working\22. DMS plant\21. SSCR04 - Primary Floats D&R Screen Station\N1SCR06-000\000 Structure & Walkway\1.Structure\Beam11\Beam-11.iam
2026-01-19 10:43:54 | STEP 2: Getting destination folder from user
2026-01-19 10:43:59 | DESTINATION: C:\Users\Quintin\Documents\Spectiv\3. Working\22. DMS plant\21. SSCR04 - Primary Floats D&R Screen Station\N1SCR06-000\000 Structure & Walkway\1.Structure\Beam50
2026-01-19 10:43:59 | DEST LOG: Writing destination log to C:\Users\Quintin\Documents\Spectiv\3. Working\22. DMS plant\21. SSCR04 - Primary Floats D&R Screen Station\N1SCR06-000\000 Structure & Walkway\1.Structure\Beam50\AssemblyCloner_20260119_104359.log
2026-01-19 10:43:59 | New assembly name will be: Beam50.iam
2026-01-19 10:43:59 | STEP 3: Asking about heritage renaming
2026-01-19 10:44:00 | PLANT: Getting plant section naming convention from user
2026-01-19 10:44:26 | PLANT: Using prefix: N1SCR06-000-
2026-01-19 10:44:26 | STEP 4: Analyzing assembly structure
2026-01-19 10:44:26 | COLLECT: Scanning assembly for all referenced parts and sub-assemblies...
2026-01-19 10:44:26 | COLLECT: PART N1SCR06-000-B41.ipt (UB254x146x31) at ROOT
2026-01-19 10:44:26 | COLLECT: PART N1SCR06-000-PL85.ipt (PL 10mm S355JR) at ROOT
2026-01-19 10:44:26 | COLLECT: PART N1SCR06-000-PL86.ipt (PL 10mm S355JR) at ROOT
2026-01-19 10:44:26 | COLLECT: Found 3 unique files
2026-01-19 10:44:26 | COLLECT: Scanning for IDW drawing files...
2026-01-19 10:44:26 | COLLECT: DRAWING MGY-200-DRP-01-01-11.idw
2026-01-19 10:44:26 | COLLECT: Skipping OldVersions folder: C:\Users\Quintin\Documents\Spectiv\3. Working\22. DMS plant\21. SSCR04 - Primary Floats D&R Screen Station\N1SCR06-000\000 Structure & Walkway\1.Structure\Beam11\OldVersions
2026-01-19 10:44:26 | ANALYZE: Found 4 unique parts to copy
2026-01-19 10:44:26 | STEP 5: Grouping components for heritage naming
2026-01-19 10:44:26 | GROUP: Grouping parts for heritage naming...
2026-01-19 10:44:26 | GROUP: Skipping drawing MGY-200-DRP-01-01-11.idw
2026-01-19 10:44:26 | GROUP: Created 2 groups
2026-01-19 10:44:26 | SCHEME: B -> N1SCR06-000-B{N}
2026-01-19 10:44:26 | SCHEME: PL -> N1SCR06-000-PL{N}
2026-01-19 10:44:26 | STEP 6: Copying assembly to destination
2026-01-19 10:44:26 | Closing source assembly for safe copy...
2026-01-19 10:44:27 | COPIED: Assembly Beam-11.iam -> Beam50.iam
2026-01-19 10:44:27 | STEP 7: Copying parts and sub-assemblies to destination
2026-01-19 10:44:27 | REGISTRY: Loading existing counters for prefix: N1SCR06-000-
2026-01-19 10:44:27 | REGISTRY SCAN: Scanning for existing counters with prefix: N1SCR06-000-
2026-01-19 10:44:27 | REGISTRY SCAN: No existing counter for: N1SCR06-000-CH (will start from 1)
2026-01-19 10:44:27 | REGISTRY SCAN: No existing counter for: N1SCR06-000-PL (will start from 1)
2026-01-19 10:44:27 | REGISTRY SCAN: No existing counter for: N1SCR06-000-B (will start from 1)
2026-01-19 10:44:27 | REGISTRY SCAN: No existing counter for: N1SCR06-000-A (will start from 1)
2026-01-19 10:44:27 | REGISTRY SCAN: No existing counter for: N1SCR06-000-P (will start from 1)
2026-01-19 10:44:27 | REGISTRY SCAN: No existing counter for: N1SCR06-000-SQ (will start from 1)
2026-01-19 10:44:27 | REGISTRY SCAN: No existing counter for: N1SCR06-000-FL (will start from 1)
2026-01-19 10:44:27 | REGISTRY SCAN: No existing counter for: N1SCR06-000-LPL (will start from 1)
2026-01-19 10:44:27 | REGISTRY SCAN: No existing counter for: N1SCR06-000-IPE (will start from 1)
2026-01-19 10:44:27 | REGISTRY SCAN: No existing counter for: N1SCR06-000-OTHER (will start from 1)
2026-01-19 10:44:27 | REGISTRY SCAN: No existing counter for: N1SCR06-000-FLG (will start from 1)
2026-01-19 10:44:27 | REGISTRY SCAN: No existing counter for: N1SCR06-000-R (will start from 1)
2026-01-19 10:44:27 | REGISTRY SCAN: No existing counters found in Registry - starting fresh
2026-01-19 10:44:27 | REGISTRY: Group 'B' starting from number 1 (new prefix or group - key 'N1SCR06-000-B' not found)
2026-01-19 10:44:27 | REGISTRY: Group 'PL' starting from number 1 (new prefix or group - key 'N1SCR06-000-PL' not found)
2026-01-19 10:44:27 | COPIED: N1SCR06-000-B41.ipt -> N1SCR06-000-B1.ipt
2026-01-19 10:44:27 | COPIED: N1SCR06-000-PL85.ipt -> N1SCR06-000-PL1.ipt
2026-01-19 10:44:27 | COPIED: N1SCR06-000-PL86.ipt -> N1SCR06-000-PL2.ipt
2026-01-19 10:44:27 | COPY: DRAWING MGY-200-DRP-01-01-11.idw (keeping original name)
2026-01-19 10:44:27 | COPIED: MGY-200-DRP-01-01-11.idw -> MGY-200-DRP-01-01-11.idw
2026-01-19 10:44:27 | REGISTRY: Saving final counters to Registry
2026-01-19 10:44:27 | REGISTRY: Saved N1SCR06-000-B = 1
2026-01-19 10:44:27 | REGISTRY: Saved N1SCR06-000-PL = 2
2026-01-19 10:44:27 | REGISTRY: All counters saved successfully
2026-01-19 10:44:27 | STEP 8: Updating references in ALL copied assemblies
2026-01-19 10:44:27 | STEP 8a: Pre-loading all copied PARTS into memory...
2026-01-19 10:44:27 | PRELOAD: N1SCR06-000-B1.ipt
2026-01-19 10:44:27 | PRELOAD: N1SCR06-000-PL1.ipt
2026-01-19 10:44:27 | PRELOAD: N1SCR06-000-PL2.ipt
2026-01-19 10:44:27 | STEP 8b: Pre-loading all copied SUB-ASSEMBLIES...
2026-01-19 10:44:27 | STEP 8c: Opening main assembly with all components in memory...
2026-01-19 10:44:28 | STEP 8c: Main assembly opened successfully
2026-01-19 10:44:28 | STEP 8d: Updating file references in all assemblies...
2026-01-19 10:44:28 | STEP 8d: Found 1 assemblies to update
2026-01-19 10:44:28 | STEP 8d: [1/1] Updating references in Beam50.iam
2026-01-19 10:44:29 | IN-MEMORY UPDATE: Found Beam50.iam in memory
2026-01-19 10:44:29 | IN-MEMORY UPDATE: Built lookup with 5 filenames, 5 paths
2026-01-19 10:44:29 | IN-MEMORY UPDATE: Found 3 references
2026-01-19 10:44:29 | IN-MEMORY UPDATE: Checking ref: n1scr06-000-b41.ipt (path: C:\Users\Quintin\Documents\Spectiv\3. Working\22. DMS plant\21. SSCR04 - Primary Floats D&R Screen Station\N1SCR06-000\000 Structure & Walkway\1.Structure\Beam11\N1SCR06-000-B41.ipt)
2026-01-19 10:44:29 | IN-MEMORY UPDATE: Found by EXACT PATH match
2026-01-19 10:44:29 | IN-MEMORY UPDATE: REPLACING n1scr06-000-b41.ipt -> N1SCR06-000-B1.ipt
2026-01-19 10:44:29 | IN-MEMORY UPDATE: Checking ref: n1scr06-000-pl85.ipt (path: C:\Users\Quintin\Documents\Spectiv\3. Working\22. DMS plant\21. SSCR04 - Primary Floats D&R Screen Station\N1SCR06-000\000 Structure & Walkway\1.Structure\Beam11\N1SCR06-000-PL85.ipt)
2026-01-19 10:44:29 | IN-MEMORY UPDATE: Found by EXACT PATH match
2026-01-19 10:44:29 | IN-MEMORY UPDATE: REPLACING n1scr06-000-pl85.ipt -> N1SCR06-000-PL1.ipt
2026-01-19 10:44:29 | IN-MEMORY UPDATE: Checking ref: n1scr06-000-pl86.ipt (path: C:\Users\Quintin\Documents\Spectiv\3. Working\22. DMS plant\21. SSCR04 - Primary Floats D&R Screen Station\N1SCR06-000\000 Structure & Walkway\1.Structure\Beam11\N1SCR06-000-PL86.ipt)
2026-01-19 10:44:29 | IN-MEMORY UPDATE: Found by EXACT PATH match
2026-01-19 10:44:29 | IN-MEMORY UPDATE: REPLACING n1scr06-000-pl86.ipt -> N1SCR06-000-PL2.ipt
2026-01-19 10:44:29 | IN-MEMORY UPDATE: Updated 3 references in Beam50.iam
2026-01-19 10:44:29 | STEP 8d: Explicitly updating MAIN assembly: Beam50.iam
2026-01-19 10:44:30 | IN-MEMORY UPDATE: Found Beam50.iam in memory
2026-01-19 10:44:30 | IN-MEMORY UPDATE: Built lookup with 5 filenames, 5 paths
2026-01-19 10:44:30 | IN-MEMORY UPDATE: Found 3 references
2026-01-19 10:44:30 | IN-MEMORY UPDATE: Checking ref: n1scr06-000-b1.ipt (path: C:\Users\Quintin\Documents\Spectiv\3. Working\22. DMS plant\21. SSCR04 - Primary Floats D&R Screen Station\N1SCR06-000\000 Structure & Walkway\1.Structure\Beam50\N1SCR06-000-B1.ipt)
2026-01-19 10:44:30 | IN-MEMORY UPDATE: NO MAPPING for n1scr06-000-b1.ipt
2026-01-19 10:44:30 | IN-MEMORY UPDATE: Checking ref: n1scr06-000-pl1.ipt (path: C:\Users\Quintin\Documents\Spectiv\3. Working\22. DMS plant\21. SSCR04 - Primary Floats D&R Screen Station\N1SCR06-000\000 Structure & Walkway\1.Structure\Beam50\N1SCR06-000-PL1.ipt)
2026-01-19 10:44:30 | IN-MEMORY UPDATE: NO MAPPING for n1scr06-000-pl1.ipt
2026-01-19 10:44:30 | IN-MEMORY UPDATE: Checking ref: n1scr06-000-pl2.ipt (path: C:\Users\Quintin\Documents\Spectiv\3. Working\22. DMS plant\21. SSCR04 - Primary Floats D&R Screen Station\N1SCR06-000\000 Structure & Walkway\1.Structure\Beam50\N1SCR06-000-PL2.ipt)
2026-01-19 10:44:30 | IN-MEMORY UPDATE: NO MAPPING for n1scr06-000-pl2.ipt
2026-01-19 10:44:30 | IN-MEMORY UPDATE: Updated 0 references in Beam50.iam
2026-01-19 10:44:30 | STEP 8e: Saving all documents...
2026-01-19 10:44:31 | SAVED: Structure.iam
2026-01-19 10:44:32 | SAVED: Beam50.iam
2026-01-19 10:44:32 | STEP 8: Complete
2026-01-19 10:44:32 | STEP 9: Updating IDW drawing references
2026-01-19 10:44:32 | IDW UPDATE: Could not create ApprenticeServer, falling back to Inventor
2026-01-19 10:44:32 | IDW UPDATE: Error: Object required
2026-01-19 10:44:32 | IDW UPDATE: Calling Inventor fallback method
2026-01-19 10:44:32 | IDW UPDATE (Inventor): Starting IDW update for destFolder: C:\Users\Quintin\Documents\Spectiv\3. Working\22. DMS plant\21. SSCR04 - Primary Floats D&R Screen Station\N1SCR06-000\000 Structure & Walkway\1.Structure\Beam50
2026-01-19 10:44:32 | IDW UPDATE (Inventor): Enabled SilentOperation mode
2026-01-19 10:44:32 | IDW UPDATE (Inventor): Set resolve mode to skip unresolved files
2026-01-19 10:44:34 | IDW UPDATE: Opening main assembly to load all parts: Beam50.iam
2026-01-19 10:44:34 | IDW UPDATE: WARNING - Could not open main assembly: Object doesn't support this property or method
2026-01-19 10:44:34 | IDW UPDATE (Inventor): Found 6 files in destination folder
2026-01-19 10:44:34 | IDW UPDATE (Inventor): Found IDW file: MGY-200-DRP-01-01-11.idw
2026-01-19 10:44:34 | IDW UPDATE (Inventor): Processing MGY-200-DRP-01-01-11.idw
2026-01-19 10:44:34 | IDW UPDATE: Found 4 references
2026-01-19 10:44:34 | IDW UPDATE: Checking reference: N1SCR04-730-B41.ipt (path: C:\Users\Quintin\Documents\Spectiv\3. Working\22. DMS plant\21. SSCR04 - Primary Floats D&R Screen Station\000 Structure & Walkway\1.Structure\Beam11\N1SCR04-730-B41.ipt)
2026-01-19 10:44:34 | IDW UPDATE: Checking reference: N1SCR04-730-PL85.ipt (path: C:\Users\Quintin\Documents\Spectiv\3. Working\22. DMS plant\21. SSCR04 - Primary Floats D&R Screen Station\000 Structure & Walkway\1.Structure\Beam11\N1SCR04-730-PL85.ipt)
2026-01-19 10:44:34 | IDW UPDATE: Checking reference: N1SCR04-730-PL86.ipt (path: C:\Users\Quintin\Documents\Spectiv\3. Working\22. DMS plant\21. SSCR04 - Primary Floats D&R Screen Station\000 Structure & Walkway\1.Structure\Beam11\N1SCR04-730-PL86.ipt)
2026-01-19 10:44:34 | IDW UPDATE: Checking reference: Beam-11.iam (path: C:\Users\Quintin\Documents\Spectiv\3. Working\TEMP - RENAME TEST\000 Structure & Walkway before renaming\000 Structure & Walkway\1.Structure\Beam11\Beam-11.iam)
2026-01-19 10:44:34 | IDW UPDATE: FOUND mapping - Beam-11.iam -> Beam50.iam
2026-01-19 10:44:34 | IDW UPDATE: SUCCESS - Updated reference
2026-01-19 10:44:35 | IDW UPDATE: Saved MGY-200-DRP-01-01-11.idw (1 updated)
2026-01-19 10:44:35 | IDW UPDATE (Inventor): Restored original settings
2026-01-19 10:44:35 | STEP 11: Validation scan and destination logging
2026-01-19 10:44:35 | VALIDATE: Writing source and destination inventories...
2026-01-19 10:44:35 | VALIDATE: Source file count = 9
2026-01-19 10:44:35 | VALIDATE: Destination file count = 8
2026-01-19 10:44:35 | SOURCE FILE: C:\Users\Quintin\Documents\Spectiv\3. Working\22. DMS plant\21. SSCR04 - Primary Floats D&R Screen Station\N1SCR06-000\000 Structure & Walkway\1.Structure\Beam11\Beam-11.iam
2026-01-19 10:44:35 | SOURCE FILE: C:\Users\Quintin\Documents\Spectiv\3. Working\22. DMS plant\21. SSCR04 - Primary Floats D&R Screen Station\N1SCR06-000\000 Structure & Walkway\1.Structure\Beam11\MGY-200-DRP-01-01-11.idw
2026-01-19 10:44:35 | SOURCE FILE: C:\Users\Quintin\Documents\Spectiv\3. Working\22. DMS plant\21. SSCR04 - Primary Floats D&R Screen Station\N1SCR06-000\000 Structure & Walkway\1.Structure\Beam11\N1SCR06-000-B41.ipt
2026-01-19 10:44:35 | SOURCE FILE: C:\Users\Quintin\Documents\Spectiv\3. Working\22. DMS plant\21. SSCR04 - Primary Floats D&R Screen Station\N1SCR06-000\000 Structure & Walkway\1.Structure\Beam11\N1SCR06-000-PL85.ipt
2026-01-19 10:44:35 | SOURCE FILE: C:\Users\Quintin\Documents\Spectiv\3. Working\22. DMS plant\21. SSCR04 - Primary Floats D&R Screen Station\N1SCR06-000\000 Structure & Walkway\1.Structure\Beam11\N1SCR06-000-PL86.ipt
2026-01-19 10:44:35 | SOURCE FILE: C:\Users\Quintin\Documents\Spectiv\3. Working\22. DMS plant\21. SSCR04 - Primary Floats D&R Screen Station\N1SCR06-000\000 Structure & Walkway\1.Structure\Beam11\OldVersions\Beam-11.0091.iam
2026-01-19 10:44:35 | SOURCE FILE: C:\Users\Quintin\Documents\Spectiv\3. Working\22. DMS plant\21. SSCR04 - Primary Floats D&R Screen Station\N1SCR06-000\000 Structure & Walkway\1.Structure\Beam11\OldVersions\N1SCR06-000-B41.0002.ipt
2026-01-19 10:44:35 | SOURCE FILE: C:\Users\Quintin\Documents\Spectiv\3. Working\22. DMS plant\21. SSCR04 - Primary Floats D&R Screen Station\N1SCR06-000\000 Structure & Walkway\1.Structure\Beam11\OldVersions\N1SCR06-000-PL85.0001.ipt
2026-01-19 10:44:35 | SOURCE FILE: C:\Users\Quintin\Documents\Spectiv\3. Working\22. DMS plant\21. SSCR04 - Primary Floats D&R Screen Station\N1SCR06-000\000 Structure & Walkway\1.Structure\Beam11\OldVersions\N1SCR06-000-PL86.0001.ipt
2026-01-19 10:44:35 | DEST FILE: C:\Users\Quintin\Documents\Spectiv\3. Working\22. DMS plant\21. SSCR04 - Primary Floats D&R Screen Station\N1SCR06-000\000 Structure & Walkway\1.Structure\Beam50\AssemblyCloner_20260119_104359.log
2026-01-19 10:44:35 | DEST FILE: C:\Users\Quintin\Documents\Spectiv\3. Working\22. DMS plant\21. SSCR04 - Primary Floats D&R Screen Station\N1SCR06-000\000 Structure & Walkway\1.Structure\Beam50\Beam50.iam
2026-01-19 10:44:35 | DEST FILE: C:\Users\Quintin\Documents\Spectiv\3. Working\22. DMS plant\21. SSCR04 - Primary Floats D&R Screen Station\N1SCR06-000\000 Structure & Walkway\1.Structure\Beam50\MGY-200-DRP-01-01-11.idw
2026-01-19 10:44:35 | DEST FILE: C:\Users\Quintin\Documents\Spectiv\3. Working\22. DMS plant\21. SSCR04 - Primary Floats D&R Screen Station\N1SCR06-000\000 Structure & Walkway\1.Structure\Beam50\N1SCR06-000-B1.ipt
2026-01-19 10:44:35 | DEST FILE: C:\Users\Quintin\Documents\Spectiv\3. Working\22. DMS plant\21. SSCR04 - Primary Floats D&R Screen Station\N1SCR06-000\000 Structure & Walkway\1.Structure\Beam50\N1SCR06-000-PL1.ipt
2026-01-19 10:44:35 | DEST FILE: C:\Users\Quintin\Documents\Spectiv\3. Working\22. DMS plant\21. SSCR04 - Primary Floats D&R Screen Station\N1SCR06-000\000 Structure & Walkway\1.Structure\Beam50\N1SCR06-000-PL2.ipt
2026-01-19 10:44:35 | DEST FILE: C:\Users\Quintin\Documents\Spectiv\3. Working\22. DMS plant\21. SSCR04 - Primary Floats D&R Screen Station\N1SCR06-000\000 Structure & Walkway\1.Structure\Beam50\OldVersions\Beam50.0092.iam
2026-01-19 10:44:35 | DEST FILE: C:\Users\Quintin\Documents\Spectiv\3. Working\22. DMS plant\21. SSCR04 - Primary Floats D&R Screen Station\N1SCR06-000\000 Structure & Walkway\1.Structure\Beam50\OldVersions\MGY-200-DRP-01-01-11.0014.idw
2026-01-19 10:44:35 | VALIDATE: Checking copied mappings...
2026-01-19 10:44:35 | MAP OK: C:\Users\Quintin\Documents\Spectiv\3. Working\22. DMS plant\21. SSCR04 - Primary Floats D&R Screen Station\N1SCR06-000\000 Structure & Walkway\1.Structure\Beam11\Beam-11.iam -> C:\Users\Quintin\Documents\Spectiv\3. Working\22. DMS plant\21. SSCR04 - Primary Floats D&R Screen Station\N1SCR06-000\000 Structure & Walkway\1.Structure\Beam50\Beam50.iam
2026-01-19 10:44:35 | MAP OK: C:\Users\Quintin\Documents\Spectiv\3. Working\22. DMS plant\21. SSCR04 - Primary Floats D&R Screen Station\N1SCR06-000\000 Structure & Walkway\1.Structure\Beam11\N1SCR06-000-B41.ipt -> C:\Users\Quintin\Documents\Spectiv\3. Working\22. DMS plant\21. SSCR04 - Primary Floats D&R Screen Station\N1SCR06-000\000 Structure & Walkway\1.Structure\Beam50\N1SCR06-000-B1.ipt
2026-01-19 10:44:35 | MAP OK: C:\Users\Quintin\Documents\Spectiv\3. Working\22. DMS plant\21. SSCR04 - Primary Floats D&R Screen Station\N1SCR06-000\000 Structure & Walkway\1.Structure\Beam11\N1SCR06-000-PL85.ipt -> C:\Users\Quintin\Documents\Spectiv\3. Working\22. DMS plant\21. SSCR04 - Primary Floats D&R Screen Station\N1SCR06-000\000 Structure & Walkway\1.Structure\Beam50\N1SCR06-000-PL1.ipt
2026-01-19 10:44:35 | MAP OK: C:\Users\Quintin\Documents\Spectiv\3. Working\22. DMS plant\21. SSCR04 - Primary Floats D&R Screen Station\N1SCR06-000\000 Structure & Walkway\1.Structure\Beam11\N1SCR06-000-PL86.ipt -> C:\Users\Quintin\Documents\Spectiv\3. Working\22. DMS plant\21. SSCR04 - Primary Floats D&R Screen Station\N1SCR06-000\000 Structure & Walkway\1.Structure\Beam50\N1SCR06-000-PL2.ipt
2026-01-19 10:44:35 | MAP OK: C:\Users\Quintin\Documents\Spectiv\3. Working\22. DMS plant\21. SSCR04 - Primary Floats D&R Screen Station\N1SCR06-000\000 Structure & Walkway\1.Structure\Beam11\MGY-200-DRP-01-01-11.idw -> C:\Users\Quintin\Documents\Spectiv\3. Working\22. DMS plant\21. SSCR04 - Primary Floats D&R Screen Station\N1SCR06-000\000 Structure & Walkway\1.Structure\Beam50\MGY-200-DRP-01-01-11.idw
2026-01-19 10:44:35 | VALIDATE: Missing mapped files = 0
2026-01-19 10:44:35 | === ASSEMBLY CLONER COMPLETED ===
