2025-12-19 08:33:40 | === ASSEMBLY CLONER STARTED ===
2025-12-19 08:33:40 | Using EXACT methodology from VBScript Option 9
2025-12-19 08:33:40 | Source assembly: C:\Users\Quintin\Documents\Spectiv\3. Working\22. DMS plant\22. SSCR05 - Primary Sinks D&R Screen Station\000 Structure & Walkway\Knee Brace-4\Knee Brace-4-2.iam
2025-12-19 08:33:40 | Source directory: C:\Users\Quintin\Documents\Spectiv\3. Working\22. DMS plant\22. SSCR05 - Primary Sinks D&R Screen Station\000 Structure & Walkway\Knee Brace-4
2025-12-19 08:33:42 | User confirmed clone operation
2025-12-19 08:33:42 | Opening folder browser dialog...
2025-12-19 08:34:01 | Destination folder selected: C:\Users\Quintin\Documents\Spectiv\3. Working\22. DMS plant\22. SSCR05 - Primary Sinks D&R Screen Station\000 Structure & Walkway\Knee Brace-7
2025-12-19 08:34:03 | Rename parts: True
2025-12-19 08:34:03 | Prompting for plant section prefix...
2025-12-19 08:34:06 | Plant section prefix: Knee Brace-7
2025-12-19 08:34:07 | New assembly name: Knee Brace-7
2025-12-19 08:34:07 | New assembly path: C:\Users\Quintin\Documents\Spectiv\3. Working\22. DMS plant\22. SSCR05 - Primary Sinks D&R Screen Station\000 Structure & Walkway\Knee Brace-7\Knee Brace-7.iam
2025-12-19 08:34:07 | COLLECT: Part3 178 x 54 x 15 H-KB2-2.ipt (TFC178x54x15)
2025-12-19 08:34:07 | COLLECT: Part4 Stairway Connecting Plate H-KB2.ipt (PL 10mm S355JR)
2025-12-19 08:34:07 | Collected 2 parts
2025-12-19 08:34:07 | Closing source assembly for safe copy...
2025-12-19 08:34:08 | Copying assembly file...
2025-12-19 08:34:08 | COPIED: Knee Brace-4-2.iam -> Knee Brace-7.iam
2025-12-19 08:34:08 | Copying 2 parts...
2025-12-19 08:34:08 | COPIED: Part3 178 x 54 x 15 H-KB2-2.ipt -> Knee Brace-7-CH1.ipt
2025-12-19 08:34:08 | COPIED: Part4 Stairway Connecting Plate H-KB2.ipt -> Knee Brace-7-PL2.ipt
2025-12-19 08:34:08 | Updating assembly references and patching iLogic...
2025-12-19 08:34:08 | ASSEMBLY UPDATE: Using fd.ReplaceReference method (same as VBScript)
2025-12-19 08:34:08 | ASSEMBLY UPDATE: Opened Knee Brace-7.iam
2025-12-19 08:34:08 | ASSEMBLY UPDATE: Found 2 file references
2025-12-19 08:34:08 | ASSEMBLY UPDATE: Replacing Part3 178 x 54 x 15 H-KB2-2.ipt -> Knee Brace-7-CH1.ipt
2025-12-19 08:34:09 | ASSEMBLY UPDATE: SUCCESS
2025-12-19 08:34:09 | ASSEMBLY UPDATE: Replacing Part4 Stairway Connecting Plate H-KB2.ipt -> Knee Brace-7-PL2.ipt
2025-12-19 08:34:09 | ASSEMBLY UPDATE: SUCCESS
2025-12-19 08:34:09 | ASSEMBLY UPDATE: Updated 2 references
2025-12-19 08:34:09 | ASSEMBLY UPDATE: Renaming occurrences to match new filenames...
2025-12-19 08:34:09 | ASSEMBLY UPDATE: Renamed 0 occurrences
2025-12-19 08:34:09 | ASSEMBLY UPDATE: Forcing assembly update to resolve occurrences...
2025-12-19 08:34:09 | ASSEMBLY UPDATE: Assembly updated and resolved
2025-12-19 08:34:09 | Patching iLogic rules (in same session)...
2025-12-19 08:34:09 | Patched 0 iLogic rules
2025-12-19 08:34:09 | ASSEMBLY UPDATE: Saving assembly...
2025-12-19 08:34:09 | ASSEMBLY UPDATE: Complete - references updated and iLogic patched
2025-12-19 08:34:09 | Processing IDW files...
2025-12-19 08:34:09 | IDW PROCESS: Found 1 IDW files
2025-12-19 08:34:12 | IDW PROCESS: Processing MGY-200-DRD-01-13.idw -> MGY-200-DRD-01-13.idw
2025-12-19 08:34:18 | IDW PROCESS: Opening original IDW from source location...
2025-12-19 08:34:21 | IDW PROCESS: Opened successfully, now updating references...
2025-12-19 08:34:21 | IDW PROCESS: Found 6 references
2025-12-19 08:34:21 | IDW PROCESS: No mapping for Knee Brace-4.iam
2025-12-19 08:34:21 | IDW PROCESS: No mapping for Part1 178 x 54 x 15 H-KB2.ipt
2025-12-19 08:34:21 | IDW PROCESS: No mapping for Part2 Stairway Connecting Plate H-KB2.ipt
2025-12-19 08:34:21 | IDW PROCESS: No mapping for Part3 178 x 54 x 15 H-KB2.ipt
2025-12-19 08:34:21 | IDW PROCESS: Updating Part4 Stairway Connecting Plate H-KB2.ipt -> Knee Brace-7-PL2.ipt
2025-12-19 08:34:21 | IDW PROCESS: SUCCESS
2025-12-19 08:34:21 | IDW PROCESS: No mapping for Part5 H-KB2.ipt
2025-12-19 08:34:21 | IDW PROCESS: Patching iLogic in IDW...
2025-12-19 08:34:21 | IDW PROCESS: Patched 0 rules in IDW
2025-12-19 08:34:21 | IDW PROCESS: Updating iProperties for MGY-200-DRD-01-13.idw
2025-12-19 08:34:21 | IDW PROCESS: Updated Part Number to 'MGY-200-DRD-01-13'
2025-12-19 08:34:21 | IDW PROCESS: Updated Description to 'Knee Brace-7'
2025-12-19 08:34:21 | IDW PROCESS: iProperties update complete for MGY-200-DRD-01-13.idw
2025-12-19 08:34:21 | IDW PROCESS: Saving to destination: C:\Users\Quintin\Documents\Spectiv\3. Working\22. DMS plant\22. SSCR05 - Primary Sinks D&R Screen Station\000 Structure & Walkway\Knee Brace-7\MGY-200-DRD-01-13.idw
2025-12-19 08:34:22 | IDW PROCESS: Successfully saved MGY-200-DRD-01-13.idw as MGY-200-DRD-01-13.idw (1 references updated)
2025-12-19 08:34:22 | IDW PROCESS: All IDW files processed successfully
2025-12-19 08:34:22 | Updating iProperties for copied documents...
2025-12-19 08:34:22 | Updated iProperties for Knee Brace-7.iam
2025-12-19 08:34:22 | Updated iProperties for Knee Brace-7-CH1.ipt
2025-12-19 08:34:25 | Updated iProperties for Knee Brace-7-PL2.ipt
2025-12-19 08:34:25 | Saving iLogic patch log...
2025-12-19 08:34:25 | === ASSEMBLY CLONE COMPLETED SUCCESSFULLY ===
2025-12-19 08:34:25 | Log saved to: C:\Users\Quintin\Documents\Spectiv\3. Working\22. DMS plant\REF\FINAL_PRODUCTION_SCRIPTS 1 Oct 2025\Logs\AssemblyCloner_20251219_083340.log
