2026-01-15 15:31:35 | === ASSEMBLY CLONER ===
2026-01-15 15:31:35 | Copy assembly with all sub-assemblies and parts to new isolated location
2026-01-15 15:31:37 | SUCCESS: Connected to existing Inventor instance
2026-01-15 15:31:37 | STEP 1: Detecting open assembly
2026-01-15 15:31:37 | DETECTED: Flood Box.iam
2026-01-15 15:31:37 | DETECTED: Full path - C:\Users\Quintin\Documents\Spectiv\3. Working\22. DMS plant\21. SSCR04 - Primary Floats D&R Screen Station\735 Flood Box\Flood Box.iam
2026-01-15 15:31:38 | STEP 2: Getting destination folder from user
2026-01-15 15:31:40 | DESTINATION: C:\Users\Quintin\Documents\Spectiv\3. Working\22. DMS plant\21. SSCR04 - Primary Floats D&R Screen Station\TO DELETE - FLOODBOX TEST
2026-01-15 15:31:40 | DEST LOG: Writing destination log to C:\Users\Quintin\Documents\Spectiv\3. Working\22. DMS plant\21. SSCR04 - Primary Floats D&R Screen Station\TO DELETE - FLOODBOX TEST\AssemblyCloner_20260115_153140.log
2026-01-15 15:31:40 | New assembly name will be: TO DELETE - FLOODBOX TEST.iam
2026-01-15 15:31:40 | STEP 3: Asking about heritage renaming
2026-01-15 15:31:42 | PLANT: Getting plant section naming convention from user
2026-01-15 15:31:43 | PLANT: Using prefix: CLONE-001-
2026-01-15 15:31:43 | STEP 4: Analyzing assembly structure
2026-01-15 15:31:43 | COLLECT: Scanning assembly for all referenced parts and sub-assemblies...
2026-01-15 15:31:43 | COLLECT: SUB-ASSEMBLY Support Frame.iam at ROOT
2026-01-15 15:31:43 | COLLECT: SUB-ASSEMBLY Bolted Connection1.iam at ROOT>Support Frame.iam
2026-01-15 15:31:43 | COLLECT: SUB-ASSEMBLY Support Column.iam at ROOT>Support Frame.iam
2026-01-15 15:31:43 | COLLECT: PART Part1 FB-C1.ipt (PL 10mm S355JR) at ROOT>Support Frame.iam>Support Column.iam
2026-01-15 15:31:43 | COLLECT: PART Part2 203x133x25 FB-C1.ipt (UB203x133x25) at ROOT>Support Frame.iam>Support Column.iam
2026-01-15 15:31:43 | COLLECT: SUB-ASSEMBLY Bolted Connection2.iam at ROOT>Support Frame.iam
2026-01-15 15:31:43 | COLLECT: SUB-ASSEMBLY Support Beam-1.iam at ROOT>Support Frame.iam
2026-01-15 15:31:43 | COLLECT: PART Part1 FB-B1.ipt (PL 10mm S355JR) at ROOT>Support Frame.iam>Support Beam-1.iam
2026-01-15 15:31:43 | COLLECT: PART Part2 203x133x25 FB-B1.ipt (UB203x133x25) at ROOT>Support Frame.iam>Support Beam-1.iam
2026-01-15 15:31:43 | COLLECT: SUB-ASSEMBLY Support Beam-3.iam at ROOT>Support Frame.iam
2026-01-15 15:31:43 | COLLECT: PART Part2 203x133x25 FB-B3.ipt (UB203x133x25) at ROOT>Support Frame.iam>Support Beam-3.iam
2026-01-15 15:31:43 | COLLECT: SUB-ASSEMBLY Support Beam-2.iam at ROOT>Support Frame.iam
2026-01-15 15:31:43 | COLLECT: PART Part1 FB-B2.ipt (PL 10mm S355JR) at ROOT>Support Frame.iam>Support Beam-2.iam
2026-01-15 15:31:44 | COLLECT: PART Part2 203x133x25 FB-B2.ipt (UB203x133x25) at ROOT>Support Frame.iam>Support Beam-2.iam
2026-01-15 15:31:44 | COLLECT: Skipping suppressed occurrence Flood Chute Development:1 at ROOT
2026-01-15 15:31:44 | COLLECT: SUB-ASSEMBLY Bolted Connection1.iam at ROOT
2026-01-15 15:31:44 | COLLECT: SUB-ASSEMBLY Flood Chute.iam at ROOT
2026-01-15 15:31:44 | COLLECT: PART Part1 FB-C.ipt (PL 6mm S355JR) at ROOT>Flood Chute.iam
2026-01-15 15:31:44 | COLLECT: PART Part2 FB-C.ipt (PL 6mm S355JR) at ROOT>Flood Chute.iam
2026-01-15 15:31:44 | COLLECT: PART Part3 FB-C.ipt (PL 6mm S355JR) at ROOT>Flood Chute.iam
2026-01-15 15:31:44 | COLLECT: PART Part4 FB-C.ipt (PL 6mm S355JR) at ROOT>Flood Chute.iam
2026-01-15 15:31:44 | COLLECT: PART Part5 FB-C.ipt (PL 6mm S355JR) at ROOT>Flood Chute.iam
2026-01-15 15:31:44 | COLLECT: PART Part6 Angle FB-C.ipt (L60x60x6) at ROOT>Flood Chute.iam
2026-01-15 15:31:44 | COLLECT: PART Part7 Angle FB-C.ipt (L60x60x6) at ROOT>Flood Chute.iam
2026-01-15 15:31:44 | COLLECT: PART Part8 (Part7 Angle MIR) FB-C.ipt (L60x60x6) at ROOT>Flood Chute.iam
2026-01-15 15:31:44 | COLLECT: PART Part9 Angle FB-C.ipt (L60x60x6) at ROOT>Flood Chute.iam
2026-01-15 15:31:44 | COLLECT: PART Part10 FB-C.ipt (PL 10mm S355JR) at ROOT>Flood Chute.iam
2026-01-15 15:31:44 | COLLECT: PART Part11 Corner Gusset FB-C.ipt (PL 10mm S355JR) at ROOT>Flood Chute.iam
2026-01-15 15:31:44 | COLLECT: PART Lug FB-C.ipt (PL 20mm S355JR) at ROOT>Flood Chute.iam
2026-01-15 15:31:44 | COLLECT: Found 28 unique files
2026-01-15 15:31:44 | COLLECT: Scanning for IDW drawing files...
2026-01-15 15:31:44 | COLLECT: DRAWING MGY-200-DRD-09-00.idw
2026-01-15 15:31:44 | COLLECT: DRAWING MGY-200-DRD-09-02.idw
2026-01-15 15:31:44 | COLLECT: DRAWING MGY-200-DRD-09-01-00.idw
2026-01-15 15:31:44 | COLLECT: DRAWING MGY-200-DRD-09-01-02.idw
2026-01-15 15:31:44 | COLLECT: DRAWING MGY-200-DRD-09-01-03.idw
2026-01-15 15:31:44 | COLLECT: DRAWING MGY-200-DRD-09-01-02.idw
2026-01-15 15:31:44 | COLLECT: DRAWING MGY-200-DRD-09-01-01.idw
2026-01-15 15:31:44 | ANALYZE: Found 35 unique parts to copy
2026-01-15 15:31:44 | STEP 5: Grouping components for heritage naming
2026-01-15 15:31:44 | GROUP: Grouping parts for heritage naming...
2026-01-15 15:31:44 | GROUP: Skipping sub-assembly Support Frame.iam
2026-01-15 15:31:44 | GROUP: Skipping sub-assembly Bolted Connection1.iam
2026-01-15 15:31:44 | GROUP: Skipping sub-assembly Support Column.iam
2026-01-15 15:31:44 | GROUP: Skipping sub-assembly Bolted Connection2.iam
2026-01-15 15:31:44 | GROUP: Skipping sub-assembly Support Beam-1.iam
2026-01-15 15:31:44 | GROUP: Skipping sub-assembly Support Beam-3.iam
2026-01-15 15:31:44 | GROUP: Skipping sub-assembly Support Beam-2.iam
2026-01-15 15:31:44 | GROUP: Skipping sub-assembly Bolted Connection1.iam
2026-01-15 15:31:44 | GROUP: Skipping sub-assembly Flood Chute.iam
2026-01-15 15:31:44 | GROUP: Skipping drawing MGY-200-DRD-09-00.idw
2026-01-15 15:31:44 | GROUP: Skipping drawing MGY-200-DRD-09-02.idw
2026-01-15 15:31:44 | GROUP: Skipping drawing MGY-200-DRD-09-01-00.idw
2026-01-15 15:31:44 | GROUP: Skipping drawing MGY-200-DRD-09-01-02.idw
2026-01-15 15:31:44 | GROUP: Skipping drawing MGY-200-DRD-09-01-03.idw
2026-01-15 15:31:44 | GROUP: Skipping drawing MGY-200-DRD-09-01-02.idw
2026-01-15 15:31:44 | GROUP: Skipping drawing MGY-200-DRD-09-01-01.idw
2026-01-15 15:31:44 | GROUP: Created 3 groups
2026-01-15 15:31:44 | SCHEME: PL -> CLONE-001-PL{N}
2026-01-15 15:31:44 | SCHEME: B -> CLONE-001-B{N}
2026-01-15 15:31:44 | SCHEME: A -> CLONE-001-A{N}
2026-01-15 15:31:44 | STEP 6: Copying assembly to destination
2026-01-15 15:31:44 | Closing source assembly for safe copy...
2026-01-15 15:31:44 | COPIED: Assembly Flood Box.iam -> TO DELETE - FLOODBOX TEST.iam
2026-01-15 15:31:44 | STEP 7: Copying parts and sub-assemblies to destination
2026-01-15 15:31:44 | COPY: SUB-ASSEMBLY Support Frame.iam (keeping original name)
2026-01-15 15:31:44 | COPIED: Support Frame.iam -> Support Frame.iam
2026-01-15 15:31:44 | COPY: SUB-ASSEMBLY Bolted Connection1.iam (keeping original name)
2026-01-15 15:31:44 | COPIED: Bolted Connection1.iam -> Bolted Connection1.iam
2026-01-15 15:31:44 | COPY: SUB-ASSEMBLY Support Column.iam (keeping original name)
2026-01-15 15:31:44 | COPIED: Support Column.iam -> Support Column.iam
2026-01-15 15:31:44 | COPIED: Part1 FB-C1.ipt -> CLONE-001-PL1.ipt
2026-01-15 15:31:44 | COPIED: Part2 203x133x25 FB-C1.ipt -> CLONE-001-B1.ipt
2026-01-15 15:31:44 | COPY: SUB-ASSEMBLY Bolted Connection2.iam (keeping original name)
2026-01-15 15:31:44 | COPIED: Bolted Connection2.iam -> Bolted Connection2.iam
2026-01-15 15:31:44 | COPY: SUB-ASSEMBLY Support Beam-1.iam (keeping original name)
2026-01-15 15:31:44 | COPIED: Support Beam-1.iam -> Support Beam-1.iam
2026-01-15 15:31:44 | COPIED: Part1 FB-B1.ipt -> CLONE-001-PL2.ipt
2026-01-15 15:31:44 | COPIED: Part2 203x133x25 FB-B1.ipt -> CLONE-001-B2.ipt
2026-01-15 15:31:44 | COPY: SUB-ASSEMBLY Support Beam-3.iam (keeping original name)
2026-01-15 15:31:44 | COPIED: Support Beam-3.iam -> Support Beam-3.iam
2026-01-15 15:31:44 | COPIED: Part2 203x133x25 FB-B3.ipt -> CLONE-001-B3.ipt
2026-01-15 15:31:44 | COPY: SUB-ASSEMBLY Support Beam-2.iam (keeping original name)
2026-01-15 15:31:44 | COPIED: Support Beam-2.iam -> Support Beam-2.iam
2026-01-15 15:31:44 | COPIED: Part1 FB-B2.ipt -> CLONE-001-PL3.ipt
2026-01-15 15:31:44 | COPIED: Part2 203x133x25 FB-B2.ipt -> CLONE-001-B4.ipt
2026-01-15 15:31:44 | COPY: SUB-ASSEMBLY Bolted Connection1.iam (keeping original name)
2026-01-15 15:31:44 | COPIED: Bolted Connection1.iam -> Bolted Connection1.iam
2026-01-15 15:31:44 | COPY: SUB-ASSEMBLY Flood Chute.iam (keeping original name)
2026-01-15 15:31:44 | COPIED: Flood Chute.iam -> Flood Chute.iam
2026-01-15 15:31:44 | COPIED: Part1 FB-C.ipt -> CLONE-001-PL4.ipt
2026-01-15 15:31:44 | COPIED: Part2 FB-C.ipt -> CLONE-001-PL5.ipt
2026-01-15 15:31:44 | COPIED: Part3 FB-C.ipt -> CLONE-001-PL6.ipt
2026-01-15 15:31:44 | COPIED: Part4 FB-C.ipt -> CLONE-001-PL7.ipt
2026-01-15 15:31:44 | COPIED: Part5 FB-C.ipt -> CLONE-001-PL8.ipt
2026-01-15 15:31:44 | COPIED: Part6 Angle FB-C.ipt -> CLONE-001-A1.ipt
2026-01-15 15:31:44 | COPIED: Part7 Angle FB-C.ipt -> CLONE-001-A2.ipt
2026-01-15 15:31:44 | COPIED: Part8 (Part7 Angle MIR) FB-C.ipt -> CLONE-001-A3.ipt
2026-01-15 15:31:44 | COPIED: Part9 Angle FB-C.ipt -> CLONE-001-A4.ipt
2026-01-15 15:31:45 | COPIED: Part10 FB-C.ipt -> CLONE-001-PL9.ipt
2026-01-15 15:31:45 | COPIED: Part11 Corner Gusset FB-C.ipt -> CLONE-001-PL10.ipt
2026-01-15 15:31:45 | COPIED: Lug FB-C.ipt -> CLONE-001-PL11.ipt
2026-01-15 15:31:45 | COPY: DRAWING MGY-200-DRD-09-00.idw (keeping original name)
2026-01-15 15:31:45 | COPIED: MGY-200-DRD-09-00.idw -> MGY-200-DRD-09-00.idw
2026-01-15 15:31:45 | COPY: DRAWING MGY-200-DRD-09-02.idw (keeping original name)
2026-01-15 15:31:45 | COPIED: MGY-200-DRD-09-02.idw -> MGY-200-DRD-09-02.idw
2026-01-15 15:31:45 | COPY: DRAWING MGY-200-DRD-09-01-00.idw (keeping original name)
2026-01-15 15:31:45 | COPIED: MGY-200-DRD-09-01-00.idw -> MGY-200-DRD-09-01-00.idw
2026-01-15 15:31:45 | COPY: DRAWING MGY-200-DRD-09-01-02.idw (keeping original name)
2026-01-15 15:31:45 | COPIED: MGY-200-DRD-09-01-02.idw -> MGY-200-DRD-09-01-02.idw
2026-01-15 15:31:45 | COPY: DRAWING MGY-200-DRD-09-01-03.idw (keeping original name)
2026-01-15 15:31:45 | COPIED: MGY-200-DRD-09-01-03.idw -> MGY-200-DRD-09-01-03.idw
2026-01-15 15:31:45 | COPY: DRAWING MGY-200-DRD-09-01-02.idw (keeping original name)
2026-01-15 15:31:45 | COPIED: MGY-200-DRD-09-01-02.idw -> MGY-200-DRD-09-01-02.idw
2026-01-15 15:31:45 | COPY: DRAWING MGY-200-DRD-09-01-01.idw (keeping original name)
2026-01-15 15:31:45 | COPIED: MGY-200-DRD-09-01-01.idw -> MGY-200-DRD-09-01-01.idw
2026-01-15 15:31:45 | STEP 8: Updating references in ALL copied assemblies using ApprenticeServer
2026-01-15 15:31:45 | STEP 8: Updating references in TO DELETE - FLOODBOX TEST.iam
2026-01-15 15:31:45 | ASSEMBLY UPDATE: ApprenticeServer not available, using Inventor method
2026-01-15 15:31:45 | ASSEMBLY UPDATE (Inventor): Updating references in TO DELETE - FLOODBOX TEST.iam
2026-01-15 15:31:45 | ASSEMBLY UPDATE (Inventor): Opening assembly...
2026-01-15 15:31:45 | ASSEMBLY UPDATE (Inventor): Opened TO DELETE - FLOODBOX TEST.iam
2026-01-15 15:31:45 | UPDATE: Updating assembly references to local copies...
2026-01-15 15:31:45 | UPDATE: Built filename lookup with 34 entries
2026-01-15 15:31:45 | UPDATE: Using File.ReferencedFileDescriptors method - 4 references at level ROOT
2026-01-15 15:31:45 | UPDATE: Bolted Connection1.iam -> Bolted Connection1.iam
2026-01-15 15:31:45 | UPDATE: No mapping for Flood Chute Development.ipt
2026-01-15 15:31:45 | UPDATE: Flood Chute.iam -> Flood Chute.iam
2026-01-15 15:31:45 | UPDATE: Support Frame.iam -> Support Frame.iam
2026-01-15 15:31:45 | UPDATE: Updated 3 of 4 references at level ROOT
2026-01-15 15:31:45 | ASSEMBLY UPDATE (Inventor): ERROR saving - 
2026-01-15 15:31:45 | ASSEMBLY UPDATE (Inventor): Complete - assembly left open for verification
2026-01-15 15:31:45 | ASSEMBLY UPDATE (Inventor): Updating references in Support Frame.iam
2026-01-15 15:31:45 | ASSEMBLY UPDATE (Inventor): Opening assembly...
2026-01-15 15:31:45 | ASSEMBLY UPDATE (Inventor): Opened Support Frame.iam
2026-01-15 15:31:45 | UPDATE: Updating assembly references to local copies...
2026-01-15 15:31:45 | UPDATE: Built filename lookup with 34 entries
2026-01-15 15:31:45 | UPDATE: Using File.ReferencedFileDescriptors method - 6 references at level ROOT
2026-01-15 15:31:45 | UPDATE: Bolted Connection2.iam -> Bolted Connection2.iam
2026-01-15 15:31:45 | UPDATE: Support Beam-1.iam -> Support Beam-1.iam
2026-01-15 15:31:45 | UPDATE: Support Beam-2.iam -> Support Beam-2.iam
2026-01-15 15:31:45 | UPDATE: Support Beam-3.iam -> Support Beam-3.iam
2026-01-15 15:31:45 | UPDATE: Support Column.iam -> Support Column.iam
2026-01-15 15:31:45 | UPDATE: Bolted Connection1.iam -> Bolted Connection1.iam
2026-01-15 15:31:45 | UPDATE ERROR: ReplaceReference failed - Invalid procedure call or argument
2026-01-15 15:31:45 | UPDATE: Updated 5 of 6 references at level ROOT
2026-01-15 15:31:45 | ASSEMBLY UPDATE (Inventor): Saved successfully
2026-01-15 15:31:45 | ASSEMBLY UPDATE (Inventor): Complete - assembly left open for verification
2026-01-15 15:31:45 | ASSEMBLY UPDATE (Inventor): Updating references in Bolted Connection1.iam
2026-01-15 15:31:45 | ASSEMBLY UPDATE (Inventor): Opening assembly...
2026-01-15 15:31:45 | ASSEMBLY UPDATE (Inventor): Opened Bolted Connection1.iam
2026-01-15 15:31:45 | UPDATE: Updating assembly references to local copies...
2026-01-15 15:31:45 | UPDATE: Built filename lookup with 34 entries
2026-01-15 15:31:45 | UPDATE: Using File.ReferencedFileDescriptors method - 0 references at level ROOT
2026-01-15 15:31:45 | UPDATE: Updated 0 of 0 references at level ROOT
2026-01-15 15:31:45 | ASSEMBLY UPDATE (Inventor): Saved successfully
2026-01-15 15:31:45 | ASSEMBLY UPDATE (Inventor): Complete - assembly left open for verification
2026-01-15 15:31:45 | ASSEMBLY UPDATE (Inventor): Updating references in Support Column.iam
2026-01-15 15:31:45 | ASSEMBLY UPDATE (Inventor): Opening assembly...
2026-01-15 15:31:45 | ASSEMBLY UPDATE (Inventor): Opened Support Column.iam
2026-01-15 15:31:45 | UPDATE: Updating assembly references to local copies...
2026-01-15 15:31:45 | UPDATE: Built filename lookup with 34 entries
2026-01-15 15:31:45 | UPDATE: Using File.ReferencedFileDescriptors method - 2 references at level ROOT
2026-01-15 15:31:45 | UPDATE: Part1 FB-C1.ipt -> CLONE-001-PL1.ipt
2026-01-15 15:31:45 | UPDATE: Part2 203x133x25 FB-C1.ipt -> CLONE-001-B1.ipt
2026-01-15 15:31:45 | UPDATE: Updated 2 of 2 references at level ROOT
2026-01-15 15:31:46 | ASSEMBLY UPDATE (Inventor): Saved successfully
2026-01-15 15:31:46 | ASSEMBLY UPDATE (Inventor): Complete - assembly left open for verification
2026-01-15 15:31:46 | ASSEMBLY UPDATE (Inventor): Updating references in Bolted Connection2.iam
2026-01-15 15:31:46 | ASSEMBLY UPDATE (Inventor): Opening assembly...
2026-01-15 15:31:46 | ASSEMBLY UPDATE (Inventor): Opened Bolted Connection2.iam
2026-01-15 15:31:46 | UPDATE: Updating assembly references to local copies...
2026-01-15 15:31:46 | UPDATE: Built filename lookup with 34 entries
2026-01-15 15:31:46 | UPDATE: Using File.ReferencedFileDescriptors method - 0 references at level ROOT
2026-01-15 15:31:46 | UPDATE: Updated 0 of 0 references at level ROOT
2026-01-15 15:31:46 | ASSEMBLY UPDATE (Inventor): Saved successfully
2026-01-15 15:31:46 | ASSEMBLY UPDATE (Inventor): Complete - assembly left open for verification
2026-01-15 15:31:46 | ASSEMBLY UPDATE (Inventor): Updating references in Support Beam-1.iam
2026-01-15 15:31:46 | ASSEMBLY UPDATE (Inventor): Opening assembly...
2026-01-15 15:31:46 | ASSEMBLY UPDATE (Inventor): Opened Support Beam-1.iam
2026-01-15 15:31:46 | UPDATE: Updating assembly references to local copies...
2026-01-15 15:31:46 | UPDATE: Built filename lookup with 34 entries
2026-01-15 15:31:46 | UPDATE: Using File.ReferencedFileDescriptors method - 2 references at level ROOT
2026-01-15 15:31:46 | UPDATE: Part1 FB-B1.ipt -> CLONE-001-PL2.ipt
2026-01-15 15:31:46 | UPDATE: Part2 203x133x25 FB-B1.ipt -> CLONE-001-B2.ipt
2026-01-15 15:31:46 | UPDATE: Updated 2 of 2 references at level ROOT
2026-01-15 15:31:46 | ASSEMBLY UPDATE (Inventor): Saved successfully
2026-01-15 15:31:46 | ASSEMBLY UPDATE (Inventor): Complete - assembly left open for verification
2026-01-15 15:31:46 | ASSEMBLY UPDATE (Inventor): Updating references in Support Beam-3.iam
2026-01-15 15:31:46 | ASSEMBLY UPDATE (Inventor): Opening assembly...
2026-01-15 15:31:46 | ASSEMBLY UPDATE (Inventor): Opened Support Beam-3.iam
2026-01-15 15:31:46 | UPDATE: Updating assembly references to local copies...
2026-01-15 15:31:46 | UPDATE: Built filename lookup with 34 entries
2026-01-15 15:31:46 | UPDATE: Using File.ReferencedFileDescriptors method - 2 references at level ROOT
2026-01-15 15:31:46 | UPDATE: Part1 FB-B1.ipt -> CLONE-001-PL2.ipt
2026-01-15 15:31:46 | UPDATE: Part2 203x133x25 FB-B3.ipt -> CLONE-001-B3.ipt
2026-01-15 15:31:46 | UPDATE: Updated 2 of 2 references at level ROOT
2026-01-15 15:31:47 | ASSEMBLY UPDATE (Inventor): Saved successfully
2026-01-15 15:31:47 | ASSEMBLY UPDATE (Inventor): Complete - assembly left open for verification
2026-01-15 15:31:47 | ASSEMBLY UPDATE (Inventor): Updating references in Support Beam-2.iam
2026-01-15 15:31:47 | ASSEMBLY UPDATE (Inventor): Opening assembly...
2026-01-15 15:31:47 | ASSEMBLY UPDATE (Inventor): Opened Support Beam-2.iam
2026-01-15 15:31:47 | UPDATE: Updating assembly references to local copies...
2026-01-15 15:31:47 | UPDATE: Built filename lookup with 34 entries
2026-01-15 15:31:47 | UPDATE: Using File.ReferencedFileDescriptors method - 2 references at level ROOT
2026-01-15 15:31:47 | UPDATE: Part1 FB-B2.ipt -> CLONE-001-PL3.ipt
2026-01-15 15:31:47 | UPDATE: Part2 203x133x25 FB-B2.ipt -> CLONE-001-B4.ipt
2026-01-15 15:31:47 | UPDATE: Updated 2 of 2 references at level ROOT
2026-01-15 15:31:47 | ASSEMBLY UPDATE (Inventor): Saved successfully
2026-01-15 15:31:47 | ASSEMBLY UPDATE (Inventor): Complete - assembly left open for verification
2026-01-15 15:31:47 | ASSEMBLY UPDATE (Inventor): Updating references in Bolted Connection1.iam
2026-01-15 15:31:47 | ASSEMBLY UPDATE (Inventor): Opening assembly...
2026-01-15 15:31:47 | ASSEMBLY UPDATE (Inventor): Opened Bolted Connection1.iam
2026-01-15 15:31:47 | UPDATE: Updating assembly references to local copies...
2026-01-15 15:31:47 | UPDATE: Built filename lookup with 34 entries
2026-01-15 15:31:47 | UPDATE: Using File.ReferencedFileDescriptors method - 0 references at level ROOT
2026-01-15 15:31:47 | UPDATE: Updated 0 of 0 references at level ROOT
2026-01-15 15:31:47 | ASSEMBLY UPDATE (Inventor): Saved successfully
2026-01-15 15:31:47 | ASSEMBLY UPDATE (Inventor): Complete - assembly left open for verification
2026-01-15 15:31:47 | ASSEMBLY UPDATE (Inventor): Updating references in Flood Chute.iam
2026-01-15 15:31:47 | ASSEMBLY UPDATE (Inventor): Opening assembly...
2026-01-15 15:31:47 | ASSEMBLY UPDATE (Inventor): Opened Flood Chute.iam
2026-01-15 15:31:47 | UPDATE: Updating assembly references to local copies...
2026-01-15 15:31:47 | UPDATE: Built filename lookup with 34 entries
2026-01-15 15:31:47 | UPDATE: Using File.ReferencedFileDescriptors method - 12 references at level ROOT
2026-01-15 15:31:47 | UPDATE: No mapping for CLONE-001-A1.ipt
2026-01-15 15:31:47 | UPDATE: No mapping for CLONE-001-A2.ipt
2026-01-15 15:31:47 | UPDATE: No mapping for CLONE-001-A3.ipt
2026-01-15 15:31:47 | UPDATE: No mapping for CLONE-001-A4.ipt
2026-01-15 15:31:47 | UPDATE: No mapping for CLONE-001-PL10.ipt
2026-01-15 15:31:47 | UPDATE: No mapping for CLONE-001-PL11.ipt
2026-01-15 15:31:47 | UPDATE: No mapping for CLONE-001-PL4.ipt
2026-01-15 15:31:47 | UPDATE: No mapping for CLONE-001-PL5.ipt
2026-01-15 15:31:47 | UPDATE: No mapping for CLONE-001-PL6.ipt
2026-01-15 15:31:47 | UPDATE: No mapping for CLONE-001-PL7.ipt
2026-01-15 15:31:47 | UPDATE: No mapping for CLONE-001-PL8.ipt
2026-01-15 15:31:47 | UPDATE: No mapping for CLONE-001-PL9.ipt
2026-01-15 15:31:47 | UPDATE: Updated 0 of 12 references at level ROOT
2026-01-15 15:31:47 | ASSEMBLY UPDATE (Inventor): ERROR saving - 
2026-01-15 15:31:47 | ASSEMBLY UPDATE (Inventor): Complete - assembly left open for verification
2026-01-15 15:31:47 | STEP 8: Updating references in Support Frame.iam
2026-01-15 15:31:47 | ASSEMBLY UPDATE: ApprenticeServer not available, using Inventor method
2026-01-15 15:31:47 | ASSEMBLY UPDATE (Inventor): Updating references in TO DELETE - FLOODBOX TEST.iam
2026-01-15 15:31:47 | ASSEMBLY UPDATE (Inventor): Opening assembly...
2026-01-15 15:31:47 | ASSEMBLY UPDATE (Inventor): ERROR - Could not open assembly: Object required
2026-01-15 15:31:47 | ASSEMBLY UPDATE (Inventor): Updating references in Support Frame.iam
2026-01-15 15:31:47 | ASSEMBLY UPDATE (Inventor): Opening assembly...
2026-01-15 15:31:47 | ASSEMBLY UPDATE (Inventor): Opened Support Frame.iam
2026-01-15 15:31:47 | UPDATE: Updating assembly references to local copies...
2026-01-15 15:31:47 | UPDATE: Built filename lookup with 34 entries
2026-01-15 15:31:47 | UPDATE: Using File.ReferencedFileDescriptors method - 6 references at level ROOT
2026-01-15 15:31:47 | UPDATE: Bolted Connection2.iam -> Bolted Connection2.iam
2026-01-15 15:31:47 | UPDATE: Support Beam-1.iam -> Support Beam-1.iam
2026-01-15 15:31:47 | UPDATE: Support Beam-2.iam -> Support Beam-2.iam
2026-01-15 15:31:47 | UPDATE: Support Beam-3.iam -> Support Beam-3.iam
2026-01-15 15:31:47 | UPDATE: Support Column.iam -> Support Column.iam
2026-01-15 15:31:47 | UPDATE: Bolted Connection1.iam -> Bolted Connection1.iam
2026-01-15 15:31:47 | UPDATE ERROR: ReplaceReference failed - Invalid procedure call or argument
2026-01-15 15:31:47 | UPDATE: Updated 5 of 6 references at level ROOT
2026-01-15 15:31:48 | ASSEMBLY UPDATE (Inventor): Saved successfully
2026-01-15 15:31:48 | ASSEMBLY UPDATE (Inventor): Complete - assembly left open for verification
2026-01-15 15:31:48 | ASSEMBLY UPDATE (Inventor): Updating references in Bolted Connection1.iam
2026-01-15 15:31:48 | ASSEMBLY UPDATE (Inventor): Opening assembly...
2026-01-15 15:31:48 | ASSEMBLY UPDATE (Inventor): Opened Bolted Connection1.iam
2026-01-15 15:31:48 | UPDATE: Updating assembly references to local copies...
2026-01-15 15:31:48 | UPDATE: Built filename lookup with 34 entries
2026-01-15 15:31:48 | UPDATE: Using File.ReferencedFileDescriptors method - 0 references at level ROOT
2026-01-15 15:31:48 | UPDATE: Updated 0 of 0 references at level ROOT
2026-01-15 15:31:48 | ASSEMBLY UPDATE (Inventor): Saved successfully
2026-01-15 15:31:48 | ASSEMBLY UPDATE (Inventor): Complete - assembly left open for verification
2026-01-15 15:31:48 | ASSEMBLY UPDATE (Inventor): Updating references in Support Column.iam
2026-01-15 15:31:48 | ASSEMBLY UPDATE (Inventor): Opening assembly...
2026-01-15 15:31:48 | ASSEMBLY UPDATE (Inventor): Opened Support Column.iam
2026-01-15 15:31:48 | UPDATE: Updating assembly references to local copies...
2026-01-15 15:31:48 | UPDATE: Built filename lookup with 34 entries
2026-01-15 15:31:48 | UPDATE: Using File.ReferencedFileDescriptors method - 2 references at level ROOT
2026-01-15 15:31:48 | UPDATE: No mapping for CLONE-001-B1.ipt
2026-01-15 15:31:48 | UPDATE: No mapping for CLONE-001-PL1.ipt
2026-01-15 15:31:48 | UPDATE: Updated 0 of 2 references at level ROOT
2026-01-15 15:31:48 | ASSEMBLY UPDATE (Inventor): Saved successfully
2026-01-15 15:31:48 | ASSEMBLY UPDATE (Inventor): Complete - assembly left open for verification
2026-01-15 15:31:48 | ASSEMBLY UPDATE (Inventor): Updating references in Bolted Connection2.iam
2026-01-15 15:31:48 | ASSEMBLY UPDATE (Inventor): Opening assembly...
2026-01-15 15:31:48 | ASSEMBLY UPDATE (Inventor): Opened Bolted Connection2.iam
2026-01-15 15:31:48 | UPDATE: Updating assembly references to local copies...
2026-01-15 15:31:48 | UPDATE: Built filename lookup with 34 entries
2026-01-15 15:31:48 | UPDATE: Using File.ReferencedFileDescriptors method - 0 references at level ROOT
2026-01-15 15:31:48 | UPDATE: Updated 0 of 0 references at level ROOT
2026-01-15 15:31:48 | ASSEMBLY UPDATE (Inventor): Saved successfully
2026-01-15 15:31:48 | ASSEMBLY UPDATE (Inventor): Complete - assembly left open for verification
2026-01-15 15:31:48 | ASSEMBLY UPDATE (Inventor): Updating references in Support Beam-1.iam
2026-01-15 15:31:48 | ASSEMBLY UPDATE (Inventor): Opening assembly...
2026-01-15 15:31:48 | ASSEMBLY UPDATE (Inventor): Opened Support Beam-1.iam
2026-01-15 15:31:48 | UPDATE: Updating assembly references to local copies...
2026-01-15 15:31:48 | UPDATE: Built filename lookup with 34 entries
2026-01-15 15:31:48 | UPDATE: Using File.ReferencedFileDescriptors method - 2 references at level ROOT
2026-01-15 15:31:48 | UPDATE: No mapping for CLONE-001-B2.ipt
2026-01-15 15:31:48 | UPDATE: No mapping for CLONE-001-PL2.ipt
2026-01-15 15:31:48 | UPDATE: Updated 0 of 2 references at level ROOT
2026-01-15 15:31:48 | ASSEMBLY UPDATE (Inventor): Saved successfully
2026-01-15 15:31:48 | ASSEMBLY UPDATE (Inventor): Complete - assembly left open for verification
2026-01-15 15:31:48 | ASSEMBLY UPDATE (Inventor): Updating references in Support Beam-3.iam
2026-01-15 15:31:48 | ASSEMBLY UPDATE (Inventor): Opening assembly...
2026-01-15 15:31:48 | ASSEMBLY UPDATE (Inventor): Opened Support Beam-3.iam
2026-01-15 15:31:48 | UPDATE: Updating assembly references to local copies...
2026-01-15 15:31:48 | UPDATE: Built filename lookup with 34 entries
2026-01-15 15:31:48 | UPDATE: Using File.ReferencedFileDescriptors method - 2 references at level ROOT
2026-01-15 15:31:48 | UPDATE: No mapping for CLONE-001-B3.ipt
2026-01-15 15:31:48 | UPDATE: No mapping for CLONE-001-PL2.ipt
2026-01-15 15:31:48 | UPDATE: Updated 0 of 2 references at level ROOT
2026-01-15 15:31:48 | ASSEMBLY UPDATE (Inventor): Saved successfully
2026-01-15 15:31:48 | ASSEMBLY UPDATE (Inventor): Complete - assembly left open for verification
2026-01-15 15:31:48 | ASSEMBLY UPDATE (Inventor): Updating references in Support Beam-2.iam
2026-01-15 15:31:48 | ASSEMBLY UPDATE (Inventor): Opening assembly...
2026-01-15 15:31:48 | ASSEMBLY UPDATE (Inventor): Opened Support Beam-2.iam
2026-01-15 15:31:48 | UPDATE: Updating assembly references to local copies...
2026-01-15 15:31:48 | UPDATE: Built filename lookup with 34 entries
2026-01-15 15:31:48 | UPDATE: Using File.ReferencedFileDescriptors method - 2 references at level ROOT
2026-01-15 15:31:48 | UPDATE: No mapping for CLONE-001-B4.ipt
2026-01-15 15:31:48 | UPDATE: No mapping for CLONE-001-PL3.ipt
2026-01-15 15:31:48 | UPDATE: Updated 0 of 2 references at level ROOT
2026-01-15 15:31:48 | ASSEMBLY UPDATE (Inventor): Saved successfully
2026-01-15 15:31:48 | ASSEMBLY UPDATE (Inventor): Complete - assembly left open for verification
2026-01-15 15:31:48 | ASSEMBLY UPDATE (Inventor): Updating references in Bolted Connection1.iam
2026-01-15 15:31:48 | ASSEMBLY UPDATE (Inventor): Opening assembly...
2026-01-15 15:31:48 | ASSEMBLY UPDATE (Inventor): Opened Bolted Connection1.iam
2026-01-15 15:31:48 | UPDATE: Updating assembly references to local copies...
2026-01-15 15:31:48 | UPDATE: Built filename lookup with 34 entries
2026-01-15 15:31:48 | UPDATE: Using File.ReferencedFileDescriptors method - 0 references at level ROOT
2026-01-15 15:31:48 | UPDATE: Updated 0 of 0 references at level ROOT
2026-01-15 15:31:48 | ASSEMBLY UPDATE (Inventor): Saved successfully
2026-01-15 15:31:48 | ASSEMBLY UPDATE (Inventor): Complete - assembly left open for verification
2026-01-15 15:31:48 | ASSEMBLY UPDATE (Inventor): Updating references in Flood Chute.iam
2026-01-15 15:31:48 | ASSEMBLY UPDATE (Inventor): Opening assembly...
2026-01-15 15:31:48 | ASSEMBLY UPDATE (Inventor): ERROR - Could not open assembly: Object required
2026-01-15 15:31:48 | STEP 8: Updating references in Bolted Connection1.iam
2026-01-15 15:31:48 | ASSEMBLY UPDATE: ApprenticeServer not available, using Inventor method
2026-01-15 15:31:48 | ASSEMBLY UPDATE (Inventor): Updating references in TO DELETE - FLOODBOX TEST.iam
2026-01-15 15:31:48 | ASSEMBLY UPDATE (Inventor): Opening assembly...
2026-01-15 15:31:48 | ASSEMBLY UPDATE (Inventor): ERROR - Could not open assembly: Object required
2026-01-15 15:31:48 | ASSEMBLY UPDATE (Inventor): Updating references in Support Frame.iam
2026-01-15 15:31:48 | ASSEMBLY UPDATE (Inventor): Opening assembly...
2026-01-15 15:31:48 | ASSEMBLY UPDATE (Inventor): Opened Support Frame.iam
2026-01-15 15:31:48 | UPDATE: Updating assembly references to local copies...
2026-01-15 15:31:48 | UPDATE: Built filename lookup with 34 entries
2026-01-15 15:31:48 | UPDATE: Using File.ReferencedFileDescriptors method - 6 references at level ROOT
2026-01-15 15:31:48 | UPDATE: Bolted Connection2.iam -> Bolted Connection2.iam
2026-01-15 15:31:48 | UPDATE: Support Beam-1.iam -> Support Beam-1.iam
2026-01-15 15:31:48 | UPDATE: Support Beam-2.iam -> Support Beam-2.iam
2026-01-15 15:31:48 | UPDATE: Support Beam-3.iam -> Support Beam-3.iam
2026-01-15 15:31:48 | UPDATE: Support Column.iam -> Support Column.iam
2026-01-15 15:31:48 | UPDATE: Bolted Connection1.iam -> Bolted Connection1.iam
2026-01-15 15:31:48 | UPDATE ERROR: ReplaceReference failed - Invalid procedure call or argument
2026-01-15 15:31:48 | UPDATE: Updated 5 of 6 references at level ROOT
2026-01-15 15:31:48 | ASSEMBLY UPDATE (Inventor): Saved successfully
2026-01-15 15:31:48 | ASSEMBLY UPDATE (Inventor): Complete - assembly left open for verification
2026-01-15 15:31:48 | ASSEMBLY UPDATE (Inventor): Updating references in Bolted Connection1.iam
2026-01-15 15:31:48 | ASSEMBLY UPDATE (Inventor): Opening assembly...
2026-01-15 15:31:48 | ASSEMBLY UPDATE (Inventor): Opened Bolted Connection1.iam
2026-01-15 15:31:48 | UPDATE: Updating assembly references to local copies...
2026-01-15 15:31:48 | UPDATE: Built filename lookup with 34 entries
2026-01-15 15:31:48 | UPDATE: Using File.ReferencedFileDescriptors method - 0 references at level ROOT
2026-01-15 15:31:48 | UPDATE: Updated 0 of 0 references at level ROOT
2026-01-15 15:31:48 | ASSEMBLY UPDATE (Inventor): Saved successfully
2026-01-15 15:31:48 | ASSEMBLY UPDATE (Inventor): Complete - assembly left open for verification
2026-01-15 15:31:48 | ASSEMBLY UPDATE (Inventor): Updating references in Support Column.iam
2026-01-15 15:31:48 | ASSEMBLY UPDATE (Inventor): Opening assembly...
2026-01-15 15:31:48 | ASSEMBLY UPDATE (Inventor): Opened Support Column.iam
2026-01-15 15:31:48 | UPDATE: Updating assembly references to local copies...
2026-01-15 15:31:48 | UPDATE: Built filename lookup with 34 entries
2026-01-15 15:31:48 | UPDATE: Using File.ReferencedFileDescriptors method - 2 references at level ROOT
2026-01-15 15:31:48 | UPDATE: No mapping for CLONE-001-B1.ipt
2026-01-15 15:31:48 | UPDATE: No mapping for CLONE-001-PL1.ipt
2026-01-15 15:31:48 | UPDATE: Updated 0 of 2 references at level ROOT
2026-01-15 15:31:48 | ASSEMBLY UPDATE (Inventor): Saved successfully
2026-01-15 15:31:48 | ASSEMBLY UPDATE (Inventor): Complete - assembly left open for verification
2026-01-15 15:31:48 | ASSEMBLY UPDATE (Inventor): Updating references in Bolted Connection2.iam
2026-01-15 15:31:48 | ASSEMBLY UPDATE (Inventor): Opening assembly...
2026-01-15 15:31:48 | ASSEMBLY UPDATE (Inventor): Opened Bolted Connection2.iam
2026-01-15 15:31:48 | UPDATE: Updating assembly references to local copies...
2026-01-15 15:31:48 | UPDATE: Built filename lookup with 34 entries
2026-01-15 15:31:48 | UPDATE: Using File.ReferencedFileDescriptors method - 0 references at level ROOT
2026-01-15 15:31:48 | UPDATE: Updated 0 of 0 references at level ROOT
2026-01-15 15:31:48 | ASSEMBLY UPDATE (Inventor): Saved successfully
2026-01-15 15:31:48 | ASSEMBLY UPDATE (Inventor): Complete - assembly left open for verification
2026-01-15 15:31:48 | ASSEMBLY UPDATE (Inventor): Updating references in Support Beam-1.iam
2026-01-15 15:31:48 | ASSEMBLY UPDATE (Inventor): Opening assembly...
2026-01-15 15:31:48 | ASSEMBLY UPDATE (Inventor): Opened Support Beam-1.iam
2026-01-15 15:31:48 | UPDATE: Updating assembly references to local copies...
2026-01-15 15:31:48 | UPDATE: Built filename lookup with 34 entries
2026-01-15 15:31:48 | UPDATE: Using File.ReferencedFileDescriptors method - 2 references at level ROOT
2026-01-15 15:31:48 | UPDATE: No mapping for CLONE-001-B2.ipt
2026-01-15 15:31:48 | UPDATE: No mapping for CLONE-001-PL2.ipt
2026-01-15 15:31:48 | UPDATE: Updated 0 of 2 references at level ROOT
2026-01-15 15:31:48 | ASSEMBLY UPDATE (Inventor): Saved successfully
2026-01-15 15:31:48 | ASSEMBLY UPDATE (Inventor): Complete - assembly left open for verification
2026-01-15 15:31:48 | ASSEMBLY UPDATE (Inventor): Updating references in Support Beam-3.iam
2026-01-15 15:31:48 | ASSEMBLY UPDATE (Inventor): Opening assembly...
2026-01-15 15:31:48 | ASSEMBLY UPDATE (Inventor): Opened Support Beam-3.iam
2026-01-15 15:31:48 | UPDATE: Updating assembly references to local copies...
2026-01-15 15:31:48 | UPDATE: Built filename lookup with 34 entries
2026-01-15 15:31:48 | UPDATE: Using File.ReferencedFileDescriptors method - 2 references at level ROOT
2026-01-15 15:31:48 | UPDATE: No mapping for CLONE-001-B3.ipt
2026-01-15 15:31:48 | UPDATE: No mapping for CLONE-001-PL2.ipt
2026-01-15 15:31:48 | UPDATE: Updated 0 of 2 references at level ROOT
2026-01-15 15:31:48 | ASSEMBLY UPDATE (Inventor): Saved successfully
2026-01-15 15:31:48 | ASSEMBLY UPDATE (Inventor): Complete - assembly left open for verification
2026-01-15 15:31:48 | ASSEMBLY UPDATE (Inventor): Updating references in Support Beam-2.iam
2026-01-15 15:31:48 | ASSEMBLY UPDATE (Inventor): Opening assembly...
2026-01-15 15:31:48 | ASSEMBLY UPDATE (Inventor): Opened Support Beam-2.iam
2026-01-15 15:31:48 | UPDATE: Updating assembly references to local copies...
2026-01-15 15:31:48 | UPDATE: Built filename lookup with 34 entries
2026-01-15 15:31:48 | UPDATE: Using File.ReferencedFileDescriptors method - 2 references at level ROOT
2026-01-15 15:31:48 | UPDATE: No mapping for CLONE-001-B4.ipt
2026-01-15 15:31:48 | UPDATE: No mapping for CLONE-001-PL3.ipt
2026-01-15 15:31:48 | UPDATE: Updated 0 of 2 references at level ROOT
2026-01-15 15:31:48 | ASSEMBLY UPDATE (Inventor): Saved successfully
2026-01-15 15:31:48 | ASSEMBLY UPDATE (Inventor): Complete - assembly left open for verification
2026-01-15 15:31:48 | ASSEMBLY UPDATE (Inventor): Updating references in Bolted Connection1.iam
2026-01-15 15:31:48 | ASSEMBLY UPDATE (Inventor): Opening assembly...
2026-01-15 15:31:48 | ASSEMBLY UPDATE (Inventor): Opened Bolted Connection1.iam
2026-01-15 15:31:48 | UPDATE: Updating assembly references to local copies...
2026-01-15 15:31:48 | UPDATE: Built filename lookup with 34 entries
2026-01-15 15:31:48 | UPDATE: Using File.ReferencedFileDescriptors method - 0 references at level ROOT
2026-01-15 15:31:48 | UPDATE: Updated 0 of 0 references at level ROOT
2026-01-15 15:31:48 | ASSEMBLY UPDATE (Inventor): Saved successfully
2026-01-15 15:31:48 | ASSEMBLY UPDATE (Inventor): Complete - assembly left open for verification
2026-01-15 15:31:48 | ASSEMBLY UPDATE (Inventor): Updating references in Flood Chute.iam
2026-01-15 15:31:48 | ASSEMBLY UPDATE (Inventor): Opening assembly...
2026-01-15 15:31:48 | ASSEMBLY UPDATE (Inventor): ERROR - Could not open assembly: Object required
2026-01-15 15:31:48 | STEP 8: Updating references in Support Column.iam
2026-01-15 15:31:48 | ASSEMBLY UPDATE: ApprenticeServer not available, using Inventor method
2026-01-15 15:31:48 | ASSEMBLY UPDATE (Inventor): Updating references in TO DELETE - FLOODBOX TEST.iam
2026-01-15 15:31:48 | ASSEMBLY UPDATE (Inventor): Opening assembly...
2026-01-15 15:31:48 | ASSEMBLY UPDATE (Inventor): ERROR - Could not open assembly: Object required
2026-01-15 15:31:48 | ASSEMBLY UPDATE (Inventor): Updating references in Support Frame.iam
2026-01-15 15:31:48 | ASSEMBLY UPDATE (Inventor): Opening assembly...
2026-01-15 15:31:48 | ASSEMBLY UPDATE (Inventor): Opened Support Frame.iam
2026-01-15 15:31:48 | UPDATE: Updating assembly references to local copies...
2026-01-15 15:31:48 | UPDATE: Built filename lookup with 34 entries
2026-01-15 15:31:48 | UPDATE: Using File.ReferencedFileDescriptors method - 6 references at level ROOT
2026-01-15 15:31:48 | UPDATE: Bolted Connection2.iam -> Bolted Connection2.iam
2026-01-15 15:31:48 | UPDATE: Support Beam-1.iam -> Support Beam-1.iam
2026-01-15 15:31:48 | UPDATE: Support Beam-2.iam -> Support Beam-2.iam
2026-01-15 15:31:48 | UPDATE: Support Beam-3.iam -> Support Beam-3.iam
2026-01-15 15:31:48 | UPDATE: Support Column.iam -> Support Column.iam
2026-01-15 15:31:48 | UPDATE: Bolted Connection1.iam -> Bolted Connection1.iam
2026-01-15 15:31:48 | UPDATE ERROR: ReplaceReference failed - Invalid procedure call or argument
2026-01-15 15:31:48 | UPDATE: Updated 5 of 6 references at level ROOT
2026-01-15 15:31:49 | ASSEMBLY UPDATE (Inventor): Saved successfully
2026-01-15 15:31:49 | ASSEMBLY UPDATE (Inventor): Complete - assembly left open for verification
2026-01-15 15:31:49 | ASSEMBLY UPDATE (Inventor): Updating references in Bolted Connection1.iam
2026-01-15 15:31:49 | ASSEMBLY UPDATE (Inventor): Opening assembly...
2026-01-15 15:31:49 | ASSEMBLY UPDATE (Inventor): Opened Bolted Connection1.iam
2026-01-15 15:31:49 | UPDATE: Updating assembly references to local copies...
2026-01-15 15:31:49 | UPDATE: Built filename lookup with 34 entries
2026-01-15 15:31:49 | UPDATE: Using File.ReferencedFileDescriptors method - 0 references at level ROOT
2026-01-15 15:31:49 | UPDATE: Updated 0 of 0 references at level ROOT
2026-01-15 15:31:49 | ASSEMBLY UPDATE (Inventor): Saved successfully
2026-01-15 15:31:49 | ASSEMBLY UPDATE (Inventor): Complete - assembly left open for verification
2026-01-15 15:31:49 | ASSEMBLY UPDATE (Inventor): Updating references in Support Column.iam
2026-01-15 15:31:49 | ASSEMBLY UPDATE (Inventor): Opening assembly...
2026-01-15 15:31:49 | ASSEMBLY UPDATE (Inventor): Opened Support Column.iam
2026-01-15 15:31:49 | UPDATE: Updating assembly references to local copies...
2026-01-15 15:31:49 | UPDATE: Built filename lookup with 34 entries
2026-01-15 15:31:49 | UPDATE: Using File.ReferencedFileDescriptors method - 2 references at level ROOT
2026-01-15 15:31:49 | UPDATE: No mapping for CLONE-001-B1.ipt
2026-01-15 15:31:49 | UPDATE: No mapping for CLONE-001-PL1.ipt
2026-01-15 15:31:49 | UPDATE: Updated 0 of 2 references at level ROOT
2026-01-15 15:31:49 | ASSEMBLY UPDATE (Inventor): Saved successfully
2026-01-15 15:31:49 | ASSEMBLY UPDATE (Inventor): Complete - assembly left open for verification
2026-01-15 15:31:49 | ASSEMBLY UPDATE (Inventor): Updating references in Bolted Connection2.iam
2026-01-15 15:31:49 | ASSEMBLY UPDATE (Inventor): Opening assembly...
2026-01-15 15:31:49 | ASSEMBLY UPDATE (Inventor): Opened Bolted Connection2.iam
2026-01-15 15:31:49 | UPDATE: Updating assembly references to local copies...
2026-01-15 15:31:49 | UPDATE: Built filename lookup with 34 entries
2026-01-15 15:31:49 | UPDATE: Using File.ReferencedFileDescriptors method - 0 references at level ROOT
2026-01-15 15:31:49 | UPDATE: Updated 0 of 0 references at level ROOT
2026-01-15 15:31:49 | ASSEMBLY UPDATE (Inventor): Saved successfully
2026-01-15 15:31:49 | ASSEMBLY UPDATE (Inventor): Complete - assembly left open for verification
2026-01-15 15:31:49 | ASSEMBLY UPDATE (Inventor): Updating references in Support Beam-1.iam
2026-01-15 15:31:49 | ASSEMBLY UPDATE (Inventor): Opening assembly...
2026-01-15 15:31:49 | ASSEMBLY UPDATE (Inventor): Opened Support Beam-1.iam
2026-01-15 15:31:49 | UPDATE: Updating assembly references to local copies...
2026-01-15 15:31:49 | UPDATE: Built filename lookup with 34 entries
2026-01-15 15:31:49 | UPDATE: Using File.ReferencedFileDescriptors method - 2 references at level ROOT
2026-01-15 15:31:49 | UPDATE: No mapping for CLONE-001-B2.ipt
2026-01-15 15:31:49 | UPDATE: No mapping for CLONE-001-PL2.ipt
2026-01-15 15:31:49 | UPDATE: Updated 0 of 2 references at level ROOT
2026-01-15 15:31:49 | ASSEMBLY UPDATE (Inventor): Saved successfully
2026-01-15 15:31:49 | ASSEMBLY UPDATE (Inventor): Complete - assembly left open for verification
2026-01-15 15:31:49 | ASSEMBLY UPDATE (Inventor): Updating references in Support Beam-3.iam
2026-01-15 15:31:49 | ASSEMBLY UPDATE (Inventor): Opening assembly...
2026-01-15 15:31:49 | ASSEMBLY UPDATE (Inventor): Opened Support Beam-3.iam
2026-01-15 15:31:49 | UPDATE: Updating assembly references to local copies...
2026-01-15 15:31:49 | UPDATE: Built filename lookup with 34 entries
2026-01-15 15:31:49 | UPDATE: Using File.ReferencedFileDescriptors method - 2 references at level ROOT
2026-01-15 15:31:49 | UPDATE: No mapping for CLONE-001-B3.ipt
2026-01-15 15:31:49 | UPDATE: No mapping for CLONE-001-PL2.ipt
2026-01-15 15:31:49 | UPDATE: Updated 0 of 2 references at level ROOT
2026-01-15 15:31:49 | ASSEMBLY UPDATE (Inventor): Saved successfully
2026-01-15 15:31:49 | ASSEMBLY UPDATE (Inventor): Complete - assembly left open for verification
2026-01-15 15:31:49 | ASSEMBLY UPDATE (Inventor): Updating references in Support Beam-2.iam
2026-01-15 15:31:49 | ASSEMBLY UPDATE (Inventor): Opening assembly...
2026-01-15 15:31:49 | ASSEMBLY UPDATE (Inventor): Opened Support Beam-2.iam
2026-01-15 15:31:49 | UPDATE: Updating assembly references to local copies...
2026-01-15 15:31:49 | UPDATE: Built filename lookup with 34 entries
2026-01-15 15:31:49 | UPDATE: Using File.ReferencedFileDescriptors method - 2 references at level ROOT
2026-01-15 15:31:49 | UPDATE: No mapping for CLONE-001-B4.ipt
2026-01-15 15:31:49 | UPDATE: No mapping for CLONE-001-PL3.ipt
2026-01-15 15:31:49 | UPDATE: Updated 0 of 2 references at level ROOT
2026-01-15 15:31:49 | ASSEMBLY UPDATE (Inventor): Saved successfully
2026-01-15 15:31:49 | ASSEMBLY UPDATE (Inventor): Complete - assembly left open for verification
2026-01-15 15:31:49 | ASSEMBLY UPDATE (Inventor): Updating references in Bolted Connection1.iam
2026-01-15 15:31:49 | ASSEMBLY UPDATE (Inventor): Opening assembly...
2026-01-15 15:31:49 | ASSEMBLY UPDATE (Inventor): Opened Bolted Connection1.iam
2026-01-15 15:31:49 | UPDATE: Updating assembly references to local copies...
2026-01-15 15:31:49 | UPDATE: Built filename lookup with 34 entries
2026-01-15 15:31:49 | UPDATE: Using File.ReferencedFileDescriptors method - 0 references at level ROOT
2026-01-15 15:31:49 | UPDATE: Updated 0 of 0 references at level ROOT
2026-01-15 15:31:49 | ASSEMBLY UPDATE (Inventor): Saved successfully
2026-01-15 15:31:49 | ASSEMBLY UPDATE (Inventor): Complete - assembly left open for verification
2026-01-15 15:31:49 | ASSEMBLY UPDATE (Inventor): Updating references in Flood Chute.iam
2026-01-15 15:31:49 | ASSEMBLY UPDATE (Inventor): Opening assembly...
2026-01-15 15:31:49 | ASSEMBLY UPDATE (Inventor): ERROR - Could not open assembly: Object required
2026-01-15 15:31:49 | STEP 8: Updating references in Bolted Connection2.iam
2026-01-15 15:31:49 | ASSEMBLY UPDATE: ApprenticeServer not available, using Inventor method
2026-01-15 15:31:49 | ASSEMBLY UPDATE (Inventor): Updating references in TO DELETE - FLOODBOX TEST.iam
2026-01-15 15:31:49 | ASSEMBLY UPDATE (Inventor): Opening assembly...
2026-01-15 15:31:49 | ASSEMBLY UPDATE (Inventor): ERROR - Could not open assembly: Object required
2026-01-15 15:31:49 | ASSEMBLY UPDATE (Inventor): Updating references in Support Frame.iam
2026-01-15 15:31:49 | ASSEMBLY UPDATE (Inventor): Opening assembly...
2026-01-15 15:31:49 | ASSEMBLY UPDATE (Inventor): Opened Support Frame.iam
2026-01-15 15:31:49 | UPDATE: Updating assembly references to local copies...
2026-01-15 15:31:49 | UPDATE: Built filename lookup with 34 entries
2026-01-15 15:31:49 | UPDATE: Using File.ReferencedFileDescriptors method - 6 references at level ROOT
2026-01-15 15:31:49 | UPDATE: Bolted Connection2.iam -> Bolted Connection2.iam
2026-01-15 15:31:49 | UPDATE: Support Beam-1.iam -> Support Beam-1.iam
2026-01-15 15:31:49 | UPDATE: Support Beam-2.iam -> Support Beam-2.iam
2026-01-15 15:31:49 | UPDATE: Support Beam-3.iam -> Support Beam-3.iam
2026-01-15 15:31:49 | UPDATE: Support Column.iam -> Support Column.iam
2026-01-15 15:31:49 | UPDATE: Bolted Connection1.iam -> Bolted Connection1.iam
2026-01-15 15:31:49 | UPDATE ERROR: ReplaceReference failed - Invalid procedure call or argument
2026-01-15 15:31:49 | UPDATE: Updated 5 of 6 references at level ROOT
2026-01-15 15:31:49 | ASSEMBLY UPDATE (Inventor): Saved successfully
2026-01-15 15:31:49 | ASSEMBLY UPDATE (Inventor): Complete - assembly left open for verification
2026-01-15 15:31:49 | ASSEMBLY UPDATE (Inventor): Updating references in Bolted Connection1.iam
2026-01-15 15:31:49 | ASSEMBLY UPDATE (Inventor): Opening assembly...
2026-01-15 15:31:49 | ASSEMBLY UPDATE (Inventor): Opened Bolted Connection1.iam
2026-01-15 15:31:49 | UPDATE: Updating assembly references to local copies...
2026-01-15 15:31:49 | UPDATE: Built filename lookup with 34 entries
2026-01-15 15:31:49 | UPDATE: Using File.ReferencedFileDescriptors method - 0 references at level ROOT
2026-01-15 15:31:49 | UPDATE: Updated 0 of 0 references at level ROOT
2026-01-15 15:31:49 | ASSEMBLY UPDATE (Inventor): Saved successfully
2026-01-15 15:31:49 | ASSEMBLY UPDATE (Inventor): Complete - assembly left open for verification
2026-01-15 15:31:49 | ASSEMBLY UPDATE (Inventor): Updating references in Support Column.iam
2026-01-15 15:31:49 | ASSEMBLY UPDATE (Inventor): Opening assembly...
2026-01-15 15:31:49 | ASSEMBLY UPDATE (Inventor): Opened Support Column.iam
2026-01-15 15:31:49 | UPDATE: Updating assembly references to local copies...
2026-01-15 15:31:49 | UPDATE: Built filename lookup with 34 entries
2026-01-15 15:31:49 | UPDATE: Using File.ReferencedFileDescriptors method - 2 references at level ROOT
2026-01-15 15:31:49 | UPDATE: No mapping for CLONE-001-B1.ipt
2026-01-15 15:31:49 | UPDATE: No mapping for CLONE-001-PL1.ipt
2026-01-15 15:31:49 | UPDATE: Updated 0 of 2 references at level ROOT
2026-01-15 15:31:49 | ASSEMBLY UPDATE (Inventor): Saved successfully
2026-01-15 15:31:49 | ASSEMBLY UPDATE (Inventor): Complete - assembly left open for verification
2026-01-15 15:31:49 | ASSEMBLY UPDATE (Inventor): Updating references in Bolted Connection2.iam
2026-01-15 15:31:49 | ASSEMBLY UPDATE (Inventor): Opening assembly...
2026-01-15 15:31:49 | ASSEMBLY UPDATE (Inventor): Opened Bolted Connection2.iam
2026-01-15 15:31:49 | UPDATE: Updating assembly references to local copies...
2026-01-15 15:31:49 | UPDATE: Built filename lookup with 34 entries
2026-01-15 15:31:49 | UPDATE: Using File.ReferencedFileDescriptors method - 0 references at level ROOT
2026-01-15 15:31:49 | UPDATE: Updated 0 of 0 references at level ROOT
2026-01-15 15:31:49 | ASSEMBLY UPDATE (Inventor): Saved successfully
2026-01-15 15:31:49 | ASSEMBLY UPDATE (Inventor): Complete - assembly left open for verification
2026-01-15 15:31:49 | ASSEMBLY UPDATE (Inventor): Updating references in Support Beam-1.iam
2026-01-15 15:31:49 | ASSEMBLY UPDATE (Inventor): Opening assembly...
2026-01-15 15:31:49 | ASSEMBLY UPDATE (Inventor): Opened Support Beam-1.iam
2026-01-15 15:31:49 | UPDATE: Updating assembly references to local copies...
2026-01-15 15:31:49 | UPDATE: Built filename lookup with 34 entries
2026-01-15 15:31:49 | UPDATE: Using File.ReferencedFileDescriptors method - 2 references at level ROOT
2026-01-15 15:31:49 | UPDATE: No mapping for CLONE-001-B2.ipt
2026-01-15 15:31:49 | UPDATE: No mapping for CLONE-001-PL2.ipt
2026-01-15 15:31:49 | UPDATE: Updated 0 of 2 references at level ROOT
2026-01-15 15:31:49 | ASSEMBLY UPDATE (Inventor): Saved successfully
2026-01-15 15:31:49 | ASSEMBLY UPDATE (Inventor): Complete - assembly left open for verification
2026-01-15 15:31:49 | ASSEMBLY UPDATE (Inventor): Updating references in Support Beam-3.iam
2026-01-15 15:31:49 | ASSEMBLY UPDATE (Inventor): Opening assembly...
2026-01-15 15:31:49 | ASSEMBLY UPDATE (Inventor): Opened Support Beam-3.iam
2026-01-15 15:31:49 | UPDATE: Updating assembly references to local copies...
2026-01-15 15:31:49 | UPDATE: Built filename lookup with 34 entries
2026-01-15 15:31:49 | UPDATE: Using File.ReferencedFileDescriptors method - 2 references at level ROOT
2026-01-15 15:31:49 | UPDATE: No mapping for CLONE-001-B3.ipt
2026-01-15 15:31:50 | UPDATE: No mapping for CLONE-001-PL2.ipt
2026-01-15 15:31:50 | UPDATE: Updated 0 of 2 references at level ROOT
2026-01-15 15:31:50 | ASSEMBLY UPDATE (Inventor): Saved successfully
2026-01-15 15:31:50 | ASSEMBLY UPDATE (Inventor): Complete - assembly left open for verification
2026-01-15 15:31:50 | ASSEMBLY UPDATE (Inventor): Updating references in Support Beam-2.iam
2026-01-15 15:31:50 | ASSEMBLY UPDATE (Inventor): Opening assembly...
2026-01-15 15:31:50 | ASSEMBLY UPDATE (Inventor): Opened Support Beam-2.iam
2026-01-15 15:31:50 | UPDATE: Updating assembly references to local copies...
2026-01-15 15:31:50 | UPDATE: Built filename lookup with 34 entries
2026-01-15 15:31:50 | UPDATE: Using File.ReferencedFileDescriptors method - 2 references at level ROOT
2026-01-15 15:31:50 | UPDATE: No mapping for CLONE-001-B4.ipt
2026-01-15 15:31:50 | UPDATE: No mapping for CLONE-001-PL3.ipt
2026-01-15 15:31:50 | UPDATE: Updated 0 of 2 references at level ROOT
2026-01-15 15:31:50 | ASSEMBLY UPDATE (Inventor): Saved successfully
2026-01-15 15:31:50 | ASSEMBLY UPDATE (Inventor): Complete - assembly left open for verification
2026-01-15 15:31:50 | ASSEMBLY UPDATE (Inventor): Updating references in Bolted Connection1.iam
2026-01-15 15:31:50 | ASSEMBLY UPDATE (Inventor): Opening assembly...
2026-01-15 15:31:50 | ASSEMBLY UPDATE (Inventor): Opened Bolted Connection1.iam
2026-01-15 15:31:50 | UPDATE: Updating assembly references to local copies...
2026-01-15 15:31:50 | UPDATE: Built filename lookup with 34 entries
2026-01-15 15:31:50 | UPDATE: Using File.ReferencedFileDescriptors method - 0 references at level ROOT
2026-01-15 15:31:50 | UPDATE: Updated 0 of 0 references at level ROOT
2026-01-15 15:31:50 | ASSEMBLY UPDATE (Inventor): Saved successfully
2026-01-15 15:31:50 | ASSEMBLY UPDATE (Inventor): Complete - assembly left open for verification
2026-01-15 15:31:50 | ASSEMBLY UPDATE (Inventor): Updating references in Flood Chute.iam
2026-01-15 15:31:50 | ASSEMBLY UPDATE (Inventor): Opening assembly...
2026-01-15 15:31:50 | ASSEMBLY UPDATE (Inventor): ERROR - Could not open assembly: Object required
2026-01-15 15:31:50 | STEP 8: Updating references in Support Beam-1.iam
2026-01-15 15:31:50 | ASSEMBLY UPDATE: ApprenticeServer not available, using Inventor method
2026-01-15 15:31:50 | ASSEMBLY UPDATE (Inventor): Updating references in TO DELETE - FLOODBOX TEST.iam
2026-01-15 15:31:50 | ASSEMBLY UPDATE (Inventor): Opening assembly...
2026-01-15 15:31:50 | ASSEMBLY UPDATE (Inventor): ERROR - Could not open assembly: Object required
2026-01-15 15:31:50 | ASSEMBLY UPDATE (Inventor): Updating references in Support Frame.iam
2026-01-15 15:31:50 | ASSEMBLY UPDATE (Inventor): Opening assembly...
2026-01-15 15:31:50 | ASSEMBLY UPDATE (Inventor): Opened Support Frame.iam
2026-01-15 15:31:50 | UPDATE: Updating assembly references to local copies...
2026-01-15 15:31:50 | UPDATE: Built filename lookup with 34 entries
2026-01-15 15:31:50 | UPDATE: Using File.ReferencedFileDescriptors method - 6 references at level ROOT
2026-01-15 15:31:50 | UPDATE: Bolted Connection2.iam -> Bolted Connection2.iam
2026-01-15 15:31:50 | UPDATE: Support Beam-1.iam -> Support Beam-1.iam
2026-01-15 15:31:50 | UPDATE: Support Beam-2.iam -> Support Beam-2.iam
2026-01-15 15:31:50 | UPDATE: Support Beam-3.iam -> Support Beam-3.iam
2026-01-15 15:31:50 | UPDATE: Support Column.iam -> Support Column.iam
2026-01-15 15:31:50 | UPDATE: Bolted Connection1.iam -> Bolted Connection1.iam
2026-01-15 15:31:50 | UPDATE ERROR: ReplaceReference failed - Invalid procedure call or argument
2026-01-15 15:31:50 | UPDATE: Updated 5 of 6 references at level ROOT
2026-01-15 15:31:50 | ASSEMBLY UPDATE (Inventor): Saved successfully
2026-01-15 15:31:50 | ASSEMBLY UPDATE (Inventor): Complete - assembly left open for verification
2026-01-15 15:31:50 | ASSEMBLY UPDATE (Inventor): Updating references in Bolted Connection1.iam
2026-01-15 15:31:50 | ASSEMBLY UPDATE (Inventor): Opening assembly...
2026-01-15 15:31:50 | ASSEMBLY UPDATE (Inventor): Opened Bolted Connection1.iam
2026-01-15 15:31:50 | UPDATE: Updating assembly references to local copies...
2026-01-15 15:31:50 | UPDATE: Built filename lookup with 34 entries
2026-01-15 15:31:50 | UPDATE: Using File.ReferencedFileDescriptors method - 0 references at level ROOT
2026-01-15 15:31:50 | UPDATE: Updated 0 of 0 references at level ROOT
2026-01-15 15:31:50 | ASSEMBLY UPDATE (Inventor): Saved successfully
2026-01-15 15:31:50 | ASSEMBLY UPDATE (Inventor): Complete - assembly left open for verification
2026-01-15 15:31:50 | ASSEMBLY UPDATE (Inventor): Updating references in Support Column.iam
2026-01-15 15:31:50 | ASSEMBLY UPDATE (Inventor): Opening assembly...
2026-01-15 15:31:50 | ASSEMBLY UPDATE (Inventor): Opened Support Column.iam
2026-01-15 15:31:50 | UPDATE: Updating assembly references to local copies...
2026-01-15 15:31:50 | UPDATE: Built filename lookup with 34 entries
2026-01-15 15:31:50 | UPDATE: Using File.ReferencedFileDescriptors method - 2 references at level ROOT
2026-01-15 15:31:50 | UPDATE: No mapping for CLONE-001-B1.ipt
2026-01-15 15:31:50 | UPDATE: No mapping for CLONE-001-PL1.ipt
2026-01-15 15:31:50 | UPDATE: Updated 0 of 2 references at level ROOT
2026-01-15 15:31:50 | ASSEMBLY UPDATE (Inventor): Saved successfully
2026-01-15 15:31:50 | ASSEMBLY UPDATE (Inventor): Complete - assembly left open for verification
2026-01-15 15:31:50 | ASSEMBLY UPDATE (Inventor): Updating references in Bolted Connection2.iam
2026-01-15 15:31:50 | ASSEMBLY UPDATE (Inventor): Opening assembly...
2026-01-15 15:31:50 | ASSEMBLY UPDATE (Inventor): Opened Bolted Connection2.iam
2026-01-15 15:31:50 | UPDATE: Updating assembly references to local copies...
2026-01-15 15:31:50 | UPDATE: Built filename lookup with 34 entries
2026-01-15 15:31:50 | UPDATE: Using File.ReferencedFileDescriptors method - 0 references at level ROOT
2026-01-15 15:31:50 | UPDATE: Updated 0 of 0 references at level ROOT
2026-01-15 15:31:50 | ASSEMBLY UPDATE (Inventor): Saved successfully
2026-01-15 15:31:50 | ASSEMBLY UPDATE (Inventor): Complete - assembly left open for verification
2026-01-15 15:31:50 | ASSEMBLY UPDATE (Inventor): Updating references in Support Beam-1.iam
2026-01-15 15:31:50 | ASSEMBLY UPDATE (Inventor): Opening assembly...
2026-01-15 15:31:50 | ASSEMBLY UPDATE (Inventor): Opened Support Beam-1.iam
2026-01-15 15:31:50 | UPDATE: Updating assembly references to local copies...
2026-01-15 15:31:50 | UPDATE: Built filename lookup with 34 entries
2026-01-15 15:31:50 | UPDATE: Using File.ReferencedFileDescriptors method - 2 references at level ROOT
2026-01-15 15:31:50 | UPDATE: No mapping for CLONE-001-B2.ipt
2026-01-15 15:31:50 | UPDATE: No mapping for CLONE-001-PL2.ipt
2026-01-15 15:31:50 | UPDATE: Updated 0 of 2 references at level ROOT
2026-01-15 15:31:50 | ASSEMBLY UPDATE (Inventor): Saved successfully
2026-01-15 15:31:50 | ASSEMBLY UPDATE (Inventor): Complete - assembly left open for verification
2026-01-15 15:31:50 | ASSEMBLY UPDATE (Inventor): Updating references in Support Beam-3.iam
2026-01-15 15:31:50 | ASSEMBLY UPDATE (Inventor): Opening assembly...
2026-01-15 15:31:50 | ASSEMBLY UPDATE (Inventor): Opened Support Beam-3.iam
2026-01-15 15:31:50 | UPDATE: Updating assembly references to local copies...
2026-01-15 15:31:50 | UPDATE: Built filename lookup with 34 entries
2026-01-15 15:31:50 | UPDATE: Using File.ReferencedFileDescriptors method - 2 references at level ROOT
2026-01-15 15:31:50 | UPDATE: No mapping for CLONE-001-B3.ipt
2026-01-15 15:31:50 | UPDATE: No mapping for CLONE-001-PL2.ipt
2026-01-15 15:31:50 | UPDATE: Updated 0 of 2 references at level ROOT
2026-01-15 15:31:50 | ASSEMBLY UPDATE (Inventor): Saved successfully
2026-01-15 15:31:50 | ASSEMBLY UPDATE (Inventor): Complete - assembly left open for verification
2026-01-15 15:31:50 | ASSEMBLY UPDATE (Inventor): Updating references in Support Beam-2.iam
2026-01-15 15:31:50 | ASSEMBLY UPDATE (Inventor): Opening assembly...
2026-01-15 15:31:50 | ASSEMBLY UPDATE (Inventor): Opened Support Beam-2.iam
2026-01-15 15:31:50 | UPDATE: Updating assembly references to local copies...
2026-01-15 15:31:50 | UPDATE: Built filename lookup with 34 entries
2026-01-15 15:31:50 | UPDATE: Using File.ReferencedFileDescriptors method - 2 references at level ROOT
2026-01-15 15:31:50 | UPDATE: No mapping for CLONE-001-B4.ipt
2026-01-15 15:31:50 | UPDATE: No mapping for CLONE-001-PL3.ipt
2026-01-15 15:31:50 | UPDATE: Updated 0 of 2 references at level ROOT
2026-01-15 15:31:50 | ASSEMBLY UPDATE (Inventor): Saved successfully
2026-01-15 15:31:50 | ASSEMBLY UPDATE (Inventor): Complete - assembly left open for verification
2026-01-15 15:31:50 | ASSEMBLY UPDATE (Inventor): Updating references in Bolted Connection1.iam
2026-01-15 15:31:50 | ASSEMBLY UPDATE (Inventor): Opening assembly...
2026-01-15 15:31:50 | ASSEMBLY UPDATE (Inventor): Opened Bolted Connection1.iam
2026-01-15 15:31:50 | UPDATE: Updating assembly references to local copies...
2026-01-15 15:31:50 | UPDATE: Built filename lookup with 34 entries
2026-01-15 15:31:50 | UPDATE: Using File.ReferencedFileDescriptors method - 0 references at level ROOT
2026-01-15 15:31:50 | UPDATE: Updated 0 of 0 references at level ROOT
2026-01-15 15:31:50 | ASSEMBLY UPDATE (Inventor): Saved successfully
2026-01-15 15:31:50 | ASSEMBLY UPDATE (Inventor): Complete - assembly left open for verification
2026-01-15 15:31:50 | ASSEMBLY UPDATE (Inventor): Updating references in Flood Chute.iam
2026-01-15 15:31:50 | ASSEMBLY UPDATE (Inventor): Opening assembly...
2026-01-15 15:31:50 | ASSEMBLY UPDATE (Inventor): ERROR - Could not open assembly: Object required
2026-01-15 15:31:50 | STEP 8: Updating references in Support Beam-3.iam
2026-01-15 15:31:50 | ASSEMBLY UPDATE: ApprenticeServer not available, using Inventor method
2026-01-15 15:31:50 | ASSEMBLY UPDATE (Inventor): Updating references in TO DELETE - FLOODBOX TEST.iam
2026-01-15 15:31:50 | ASSEMBLY UPDATE (Inventor): Opening assembly...
2026-01-15 15:31:50 | ASSEMBLY UPDATE (Inventor): ERROR - Could not open assembly: Object required
2026-01-15 15:31:50 | ASSEMBLY UPDATE (Inventor): Updating references in Support Frame.iam
2026-01-15 15:31:50 | ASSEMBLY UPDATE (Inventor): Opening assembly...
2026-01-15 15:31:50 | ASSEMBLY UPDATE (Inventor): Opened Support Frame.iam
2026-01-15 15:31:50 | UPDATE: Updating assembly references to local copies...
2026-01-15 15:31:50 | UPDATE: Built filename lookup with 34 entries
2026-01-15 15:31:50 | UPDATE: Using File.ReferencedFileDescriptors method - 6 references at level ROOT
2026-01-15 15:31:50 | UPDATE: Bolted Connection2.iam -> Bolted Connection2.iam
2026-01-15 15:31:50 | UPDATE: Support Beam-1.iam -> Support Beam-1.iam
2026-01-15 15:31:50 | UPDATE: Support Beam-2.iam -> Support Beam-2.iam
2026-01-15 15:31:50 | UPDATE: Support Beam-3.iam -> Support Beam-3.iam
2026-01-15 15:31:50 | UPDATE: Support Column.iam -> Support Column.iam
2026-01-15 15:31:50 | UPDATE: Bolted Connection1.iam -> Bolted Connection1.iam
2026-01-15 15:31:50 | UPDATE ERROR: ReplaceReference failed - Invalid procedure call or argument
2026-01-15 15:31:50 | UPDATE: Updated 5 of 6 references at level ROOT
2026-01-15 15:31:50 | ASSEMBLY UPDATE (Inventor): Saved successfully
2026-01-15 15:31:50 | ASSEMBLY UPDATE (Inventor): Complete - assembly left open for verification
2026-01-15 15:31:50 | ASSEMBLY UPDATE (Inventor): Updating references in Bolted Connection1.iam
2026-01-15 15:31:50 | ASSEMBLY UPDATE (Inventor): Opening assembly...
2026-01-15 15:31:50 | ASSEMBLY UPDATE (Inventor): Opened Bolted Connection1.iam
2026-01-15 15:31:50 | UPDATE: Updating assembly references to local copies...
2026-01-15 15:31:50 | UPDATE: Built filename lookup with 34 entries
2026-01-15 15:31:50 | UPDATE: Using File.ReferencedFileDescriptors method - 0 references at level ROOT
2026-01-15 15:31:50 | UPDATE: Updated 0 of 0 references at level ROOT
2026-01-15 15:31:50 | ASSEMBLY UPDATE (Inventor): Saved successfully
2026-01-15 15:31:50 | ASSEMBLY UPDATE (Inventor): Complete - assembly left open for verification
2026-01-15 15:31:50 | ASSEMBLY UPDATE (Inventor): Updating references in Support Column.iam
2026-01-15 15:31:50 | ASSEMBLY UPDATE (Inventor): Opening assembly...
2026-01-15 15:31:51 | ASSEMBLY UPDATE (Inventor): Opened Support Column.iam
2026-01-15 15:31:51 | UPDATE: Updating assembly references to local copies...
2026-01-15 15:31:51 | UPDATE: Built filename lookup with 34 entries
2026-01-15 15:31:51 | UPDATE: Using File.ReferencedFileDescriptors method - 2 references at level ROOT
2026-01-15 15:31:51 | UPDATE: No mapping for CLONE-001-B1.ipt
2026-01-15 15:31:51 | UPDATE: No mapping for CLONE-001-PL1.ipt
2026-01-15 15:31:51 | UPDATE: Updated 0 of 2 references at level ROOT
2026-01-15 15:31:51 | ASSEMBLY UPDATE (Inventor): Saved successfully
2026-01-15 15:31:51 | ASSEMBLY UPDATE (Inventor): Complete - assembly left open for verification
2026-01-15 15:31:51 | ASSEMBLY UPDATE (Inventor): Updating references in Bolted Connection2.iam
2026-01-15 15:31:51 | ASSEMBLY UPDATE (Inventor): Opening assembly...
2026-01-15 15:31:51 | ASSEMBLY UPDATE (Inventor): Opened Bolted Connection2.iam
2026-01-15 15:31:51 | UPDATE: Updating assembly references to local copies...
2026-01-15 15:31:51 | UPDATE: Built filename lookup with 34 entries
2026-01-15 15:31:51 | UPDATE: Using File.ReferencedFileDescriptors method - 0 references at level ROOT
2026-01-15 15:31:51 | UPDATE: Updated 0 of 0 references at level ROOT
2026-01-15 15:31:51 | ASSEMBLY UPDATE (Inventor): Saved successfully
2026-01-15 15:31:51 | ASSEMBLY UPDATE (Inventor): Complete - assembly left open for verification
2026-01-15 15:31:51 | ASSEMBLY UPDATE (Inventor): Updating references in Support Beam-1.iam
2026-01-15 15:31:51 | ASSEMBLY UPDATE (Inventor): Opening assembly...
2026-01-15 15:31:51 | ASSEMBLY UPDATE (Inventor): Opened Support Beam-1.iam
2026-01-15 15:31:51 | UPDATE: Updating assembly references to local copies...
2026-01-15 15:31:51 | UPDATE: Built filename lookup with 34 entries
2026-01-15 15:31:51 | UPDATE: Using File.ReferencedFileDescriptors method - 2 references at level ROOT
2026-01-15 15:31:51 | UPDATE: No mapping for CLONE-001-B2.ipt
2026-01-15 15:31:51 | UPDATE: No mapping for CLONE-001-PL2.ipt
2026-01-15 15:31:51 | UPDATE: Updated 0 of 2 references at level ROOT
2026-01-15 15:31:51 | ASSEMBLY UPDATE (Inventor): Saved successfully
2026-01-15 15:31:51 | ASSEMBLY UPDATE (Inventor): Complete - assembly left open for verification
2026-01-15 15:31:51 | ASSEMBLY UPDATE (Inventor): Updating references in Support Beam-3.iam
2026-01-15 15:31:51 | ASSEMBLY UPDATE (Inventor): Opening assembly...
2026-01-15 15:31:51 | ASSEMBLY UPDATE (Inventor): Opened Support Beam-3.iam
2026-01-15 15:31:51 | UPDATE: Updating assembly references to local copies...
2026-01-15 15:31:51 | UPDATE: Built filename lookup with 34 entries
2026-01-15 15:31:51 | UPDATE: Using File.ReferencedFileDescriptors method - 2 references at level ROOT
2026-01-15 15:31:51 | UPDATE: No mapping for CLONE-001-B3.ipt
2026-01-15 15:31:51 | UPDATE: No mapping for CLONE-001-PL2.ipt
2026-01-15 15:31:51 | UPDATE: Updated 0 of 2 references at level ROOT
2026-01-15 15:31:51 | ASSEMBLY UPDATE (Inventor): Saved successfully
2026-01-15 15:31:51 | ASSEMBLY UPDATE (Inventor): Complete - assembly left open for verification
2026-01-15 15:31:51 | ASSEMBLY UPDATE (Inventor): Updating references in Support Beam-2.iam
2026-01-15 15:31:51 | ASSEMBLY UPDATE (Inventor): Opening assembly...
2026-01-15 15:31:51 | ASSEMBLY UPDATE (Inventor): Opened Support Beam-2.iam
2026-01-15 15:31:51 | UPDATE: Updating assembly references to local copies...
2026-01-15 15:31:51 | UPDATE: Built filename lookup with 34 entries
2026-01-15 15:31:51 | UPDATE: Using File.ReferencedFileDescriptors method - 2 references at level ROOT
2026-01-15 15:31:51 | UPDATE: No mapping for CLONE-001-B4.ipt
2026-01-15 15:31:51 | UPDATE: No mapping for CLONE-001-PL3.ipt
2026-01-15 15:31:51 | UPDATE: Updated 0 of 2 references at level ROOT
2026-01-15 15:31:51 | ASSEMBLY UPDATE (Inventor): Saved successfully
2026-01-15 15:31:51 | ASSEMBLY UPDATE (Inventor): Complete - assembly left open for verification
2026-01-15 15:31:51 | ASSEMBLY UPDATE (Inventor): Updating references in Bolted Connection1.iam
2026-01-15 15:31:51 | ASSEMBLY UPDATE (Inventor): Opening assembly...
2026-01-15 15:31:51 | ASSEMBLY UPDATE (Inventor): Opened Bolted Connection1.iam
2026-01-15 15:31:51 | UPDATE: Updating assembly references to local copies...
2026-01-15 15:31:51 | UPDATE: Built filename lookup with 34 entries
2026-01-15 15:31:51 | UPDATE: Using File.ReferencedFileDescriptors method - 0 references at level ROOT
2026-01-15 15:31:51 | UPDATE: Updated 0 of 0 references at level ROOT
2026-01-15 15:31:51 | ASSEMBLY UPDATE (Inventor): Saved successfully
2026-01-15 15:31:51 | ASSEMBLY UPDATE (Inventor): Complete - assembly left open for verification
2026-01-15 15:31:51 | ASSEMBLY UPDATE (Inventor): Updating references in Flood Chute.iam
2026-01-15 15:31:51 | ASSEMBLY UPDATE (Inventor): Opening assembly...
2026-01-15 15:31:51 | ASSEMBLY UPDATE (Inventor): ERROR - Could not open assembly: Object required
2026-01-15 15:31:51 | STEP 8: Updating references in Support Beam-2.iam
2026-01-15 15:31:51 | ASSEMBLY UPDATE: ApprenticeServer not available, using Inventor method
2026-01-15 15:31:51 | ASSEMBLY UPDATE (Inventor): Updating references in TO DELETE - FLOODBOX TEST.iam
2026-01-15 15:31:51 | ASSEMBLY UPDATE (Inventor): Opening assembly...
2026-01-15 15:31:51 | ASSEMBLY UPDATE (Inventor): ERROR - Could not open assembly: Object required
2026-01-15 15:31:51 | ASSEMBLY UPDATE (Inventor): Updating references in Support Frame.iam
2026-01-15 15:31:51 | ASSEMBLY UPDATE (Inventor): Opening assembly...
2026-01-15 15:31:51 | ASSEMBLY UPDATE (Inventor): Opened Support Frame.iam
2026-01-15 15:31:51 | UPDATE: Updating assembly references to local copies...
2026-01-15 15:31:51 | UPDATE: Built filename lookup with 34 entries
2026-01-15 15:31:51 | UPDATE: Using File.ReferencedFileDescriptors method - 6 references at level ROOT
2026-01-15 15:31:51 | UPDATE: Bolted Connection2.iam -> Bolted Connection2.iam
2026-01-15 15:31:51 | UPDATE: Support Beam-1.iam -> Support Beam-1.iam
2026-01-15 15:31:51 | UPDATE: Support Beam-2.iam -> Support Beam-2.iam
2026-01-15 15:31:51 | UPDATE: Support Beam-3.iam -> Support Beam-3.iam
2026-01-15 15:31:51 | UPDATE: Support Column.iam -> Support Column.iam
2026-01-15 15:31:51 | UPDATE: Bolted Connection1.iam -> Bolted Connection1.iam
2026-01-15 15:31:51 | UPDATE ERROR: ReplaceReference failed - Invalid procedure call or argument
2026-01-15 15:31:51 | UPDATE: Updated 5 of 6 references at level ROOT
2026-01-15 15:31:51 | ASSEMBLY UPDATE (Inventor): Saved successfully
2026-01-15 15:31:51 | ASSEMBLY UPDATE (Inventor): Complete - assembly left open for verification
2026-01-15 15:31:51 | ASSEMBLY UPDATE (Inventor): Updating references in Bolted Connection1.iam
2026-01-15 15:31:51 | ASSEMBLY UPDATE (Inventor): Opening assembly...
2026-01-15 15:31:51 | ASSEMBLY UPDATE (Inventor): Opened Bolted Connection1.iam
2026-01-15 15:31:51 | UPDATE: Updating assembly references to local copies...
2026-01-15 15:31:51 | UPDATE: Built filename lookup with 34 entries
2026-01-15 15:31:51 | UPDATE: Using File.ReferencedFileDescriptors method - 0 references at level ROOT
2026-01-15 15:31:51 | UPDATE: Updated 0 of 0 references at level ROOT
2026-01-15 15:31:51 | ASSEMBLY UPDATE (Inventor): Saved successfully
2026-01-15 15:31:51 | ASSEMBLY UPDATE (Inventor): Complete - assembly left open for verification
2026-01-15 15:31:51 | ASSEMBLY UPDATE (Inventor): Updating references in Support Column.iam
2026-01-15 15:31:51 | ASSEMBLY UPDATE (Inventor): Opening assembly...
2026-01-15 15:31:51 | ASSEMBLY UPDATE (Inventor): Opened Support Column.iam
2026-01-15 15:31:51 | UPDATE: Updating assembly references to local copies...
2026-01-15 15:31:51 | UPDATE: Built filename lookup with 34 entries
2026-01-15 15:31:51 | UPDATE: Using File.ReferencedFileDescriptors method - 2 references at level ROOT
2026-01-15 15:31:51 | UPDATE: No mapping for CLONE-001-B1.ipt
2026-01-15 15:31:51 | UPDATE: No mapping for CLONE-001-PL1.ipt
2026-01-15 15:31:51 | UPDATE: Updated 0 of 2 references at level ROOT
2026-01-15 15:31:51 | ASSEMBLY UPDATE (Inventor): Saved successfully
2026-01-15 15:31:51 | ASSEMBLY UPDATE (Inventor): Complete - assembly left open for verification
2026-01-15 15:31:51 | ASSEMBLY UPDATE (Inventor): Updating references in Bolted Connection2.iam
2026-01-15 15:31:51 | ASSEMBLY UPDATE (Inventor): Opening assembly...
2026-01-15 15:31:51 | ASSEMBLY UPDATE (Inventor): Opened Bolted Connection2.iam
2026-01-15 15:31:51 | UPDATE: Updating assembly references to local copies...
2026-01-15 15:31:51 | UPDATE: Built filename lookup with 34 entries
2026-01-15 15:31:51 | UPDATE: Using File.ReferencedFileDescriptors method - 0 references at level ROOT
2026-01-15 15:31:51 | UPDATE: Updated 0 of 0 references at level ROOT
2026-01-15 15:31:51 | ASSEMBLY UPDATE (Inventor): Saved successfully
2026-01-15 15:31:51 | ASSEMBLY UPDATE (Inventor): Complete - assembly left open for verification
2026-01-15 15:31:51 | ASSEMBLY UPDATE (Inventor): Updating references in Support Beam-1.iam
2026-01-15 15:31:51 | ASSEMBLY UPDATE (Inventor): Opening assembly...
2026-01-15 15:31:51 | ASSEMBLY UPDATE (Inventor): Opened Support Beam-1.iam
2026-01-15 15:31:51 | UPDATE: Updating assembly references to local copies...
2026-01-15 15:31:51 | UPDATE: Built filename lookup with 34 entries
2026-01-15 15:31:51 | UPDATE: Using File.ReferencedFileDescriptors method - 2 references at level ROOT
2026-01-15 15:31:51 | UPDATE: No mapping for CLONE-001-B2.ipt
2026-01-15 15:31:51 | UPDATE: No mapping for CLONE-001-PL2.ipt
2026-01-15 15:31:51 | UPDATE: Updated 0 of 2 references at level ROOT
2026-01-15 15:31:51 | ASSEMBLY UPDATE (Inventor): Saved successfully
2026-01-15 15:31:51 | ASSEMBLY UPDATE (Inventor): Complete - assembly left open for verification
2026-01-15 15:31:51 | ASSEMBLY UPDATE (Inventor): Updating references in Support Beam-3.iam
2026-01-15 15:31:51 | ASSEMBLY UPDATE (Inventor): Opening assembly...
2026-01-15 15:31:51 | ASSEMBLY UPDATE (Inventor): Opened Support Beam-3.iam
2026-01-15 15:31:51 | UPDATE: Updating assembly references to local copies...
2026-01-15 15:31:51 | UPDATE: Built filename lookup with 34 entries
2026-01-15 15:31:51 | UPDATE: Using File.ReferencedFileDescriptors method - 2 references at level ROOT
2026-01-15 15:31:51 | UPDATE: No mapping for CLONE-001-B3.ipt
2026-01-15 15:31:51 | UPDATE: No mapping for CLONE-001-PL2.ipt
2026-01-15 15:31:51 | UPDATE: Updated 0 of 2 references at level ROOT
2026-01-15 15:31:51 | ASSEMBLY UPDATE (Inventor): Saved successfully
2026-01-15 15:31:51 | ASSEMBLY UPDATE (Inventor): Complete - assembly left open for verification
2026-01-15 15:31:51 | ASSEMBLY UPDATE (Inventor): Updating references in Support Beam-2.iam
2026-01-15 15:31:51 | ASSEMBLY UPDATE (Inventor): Opening assembly...
2026-01-15 15:31:51 | ASSEMBLY UPDATE (Inventor): Opened Support Beam-2.iam
2026-01-15 15:31:51 | UPDATE: Updating assembly references to local copies...
2026-01-15 15:31:51 | UPDATE: Built filename lookup with 34 entries
2026-01-15 15:31:51 | UPDATE: Using File.ReferencedFileDescriptors method - 2 references at level ROOT
2026-01-15 15:31:51 | UPDATE: No mapping for CLONE-001-B4.ipt
2026-01-15 15:31:51 | UPDATE: No mapping for CLONE-001-PL3.ipt
2026-01-15 15:31:51 | UPDATE: Updated 0 of 2 references at level ROOT
2026-01-15 15:31:51 | ASSEMBLY UPDATE (Inventor): Saved successfully
2026-01-15 15:31:51 | ASSEMBLY UPDATE (Inventor): Complete - assembly left open for verification
2026-01-15 15:31:51 | ASSEMBLY UPDATE (Inventor): Updating references in Bolted Connection1.iam
2026-01-15 15:31:51 | ASSEMBLY UPDATE (Inventor): Opening assembly...
2026-01-15 15:31:51 | ASSEMBLY UPDATE (Inventor): Opened Bolted Connection1.iam
2026-01-15 15:31:51 | UPDATE: Updating assembly references to local copies...
2026-01-15 15:31:51 | UPDATE: Built filename lookup with 34 entries
2026-01-15 15:31:51 | UPDATE: Using File.ReferencedFileDescriptors method - 0 references at level ROOT
2026-01-15 15:31:51 | UPDATE: Updated 0 of 0 references at level ROOT
2026-01-15 15:31:51 | ASSEMBLY UPDATE (Inventor): Saved successfully
2026-01-15 15:31:51 | ASSEMBLY UPDATE (Inventor): Complete - assembly left open for verification
2026-01-15 15:31:51 | ASSEMBLY UPDATE (Inventor): Updating references in Flood Chute.iam
2026-01-15 15:31:51 | ASSEMBLY UPDATE (Inventor): Opening assembly...
2026-01-15 15:31:51 | ASSEMBLY UPDATE (Inventor): ERROR - Could not open assembly: Object required
2026-01-15 15:31:51 | STEP 8: Updating references in Bolted Connection1.iam
2026-01-15 15:31:51 | ASSEMBLY UPDATE: ApprenticeServer not available, using Inventor method
2026-01-15 15:31:51 | ASSEMBLY UPDATE (Inventor): Updating references in TO DELETE - FLOODBOX TEST.iam
2026-01-15 15:31:51 | ASSEMBLY UPDATE (Inventor): Opening assembly...
2026-01-15 15:31:51 | ASSEMBLY UPDATE (Inventor): ERROR - Could not open assembly: Object required
2026-01-15 15:31:51 | ASSEMBLY UPDATE (Inventor): Updating references in Support Frame.iam
2026-01-15 15:31:51 | ASSEMBLY UPDATE (Inventor): Opening assembly...
2026-01-15 15:31:51 | ASSEMBLY UPDATE (Inventor): Opened Support Frame.iam
2026-01-15 15:31:51 | UPDATE: Updating assembly references to local copies...
2026-01-15 15:31:51 | UPDATE: Built filename lookup with 34 entries
2026-01-15 15:31:51 | UPDATE: Using File.ReferencedFileDescriptors method - 6 references at level ROOT
2026-01-15 15:31:51 | UPDATE: Bolted Connection2.iam -> Bolted Connection2.iam
2026-01-15 15:31:51 | UPDATE: Support Beam-1.iam -> Support Beam-1.iam
2026-01-15 15:31:51 | UPDATE: Support Beam-2.iam -> Support Beam-2.iam
2026-01-15 15:31:51 | UPDATE: Support Beam-3.iam -> Support Beam-3.iam
2026-01-15 15:31:51 | UPDATE: Support Column.iam -> Support Column.iam
2026-01-15 15:31:51 | UPDATE: Bolted Connection1.iam -> Bolted Connection1.iam
2026-01-15 15:31:51 | UPDATE ERROR: ReplaceReference failed - Invalid procedure call or argument
2026-01-15 15:31:51 | UPDATE: Updated 5 of 6 references at level ROOT
2026-01-15 15:31:52 | ASSEMBLY UPDATE (Inventor): Saved successfully
2026-01-15 15:31:52 | ASSEMBLY UPDATE (Inventor): Complete - assembly left open for verification
2026-01-15 15:31:52 | ASSEMBLY UPDATE (Inventor): Updating references in Bolted Connection1.iam
2026-01-15 15:31:52 | ASSEMBLY UPDATE (Inventor): Opening assembly...
2026-01-15 15:31:52 | ASSEMBLY UPDATE (Inventor): Opened Bolted Connection1.iam
2026-01-15 15:31:52 | UPDATE: Updating assembly references to local copies...
2026-01-15 15:31:52 | UPDATE: Built filename lookup with 34 entries
2026-01-15 15:31:52 | UPDATE: Using File.ReferencedFileDescriptors method - 0 references at level ROOT
2026-01-15 15:31:52 | UPDATE: Updated 0 of 0 references at level ROOT
2026-01-15 15:31:52 | ASSEMBLY UPDATE (Inventor): Saved successfully
2026-01-15 15:31:52 | ASSEMBLY UPDATE (Inventor): Complete - assembly left open for verification
2026-01-15 15:31:52 | ASSEMBLY UPDATE (Inventor): Updating references in Support Column.iam
2026-01-15 15:31:52 | ASSEMBLY UPDATE (Inventor): Opening assembly...
2026-01-15 15:31:52 | ASSEMBLY UPDATE (Inventor): Opened Support Column.iam
2026-01-15 15:31:52 | UPDATE: Updating assembly references to local copies...
2026-01-15 15:31:52 | UPDATE: Built filename lookup with 34 entries
2026-01-15 15:31:52 | UPDATE: Using File.ReferencedFileDescriptors method - 2 references at level ROOT
2026-01-15 15:31:52 | UPDATE: No mapping for CLONE-001-B1.ipt
2026-01-15 15:31:52 | UPDATE: No mapping for CLONE-001-PL1.ipt
2026-01-15 15:31:52 | UPDATE: Updated 0 of 2 references at level ROOT
2026-01-15 15:31:52 | ASSEMBLY UPDATE (Inventor): Saved successfully
2026-01-15 15:31:52 | ASSEMBLY UPDATE (Inventor): Complete - assembly left open for verification
2026-01-15 15:31:52 | ASSEMBLY UPDATE (Inventor): Updating references in Bolted Connection2.iam
2026-01-15 15:31:52 | ASSEMBLY UPDATE (Inventor): Opening assembly...
2026-01-15 15:31:52 | ASSEMBLY UPDATE (Inventor): Opened Bolted Connection2.iam
2026-01-15 15:31:52 | UPDATE: Updating assembly references to local copies...
2026-01-15 15:31:52 | UPDATE: Built filename lookup with 34 entries
2026-01-15 15:31:52 | UPDATE: Using File.ReferencedFileDescriptors method - 0 references at level ROOT
2026-01-15 15:31:52 | UPDATE: Updated 0 of 0 references at level ROOT
2026-01-15 15:31:52 | ASSEMBLY UPDATE (Inventor): Saved successfully
2026-01-15 15:31:52 | ASSEMBLY UPDATE (Inventor): Complete - assembly left open for verification
2026-01-15 15:31:52 | ASSEMBLY UPDATE (Inventor): Updating references in Support Beam-1.iam
2026-01-15 15:31:52 | ASSEMBLY UPDATE (Inventor): Opening assembly...
2026-01-15 15:31:52 | ASSEMBLY UPDATE (Inventor): Opened Support Beam-1.iam
2026-01-15 15:31:52 | UPDATE: Updating assembly references to local copies...
2026-01-15 15:31:52 | UPDATE: Built filename lookup with 34 entries
2026-01-15 15:31:52 | UPDATE: Using File.ReferencedFileDescriptors method - 2 references at level ROOT
2026-01-15 15:31:52 | UPDATE: No mapping for CLONE-001-B2.ipt
2026-01-15 15:31:52 | UPDATE: No mapping for CLONE-001-PL2.ipt
2026-01-15 15:31:52 | UPDATE: Updated 0 of 2 references at level ROOT
2026-01-15 15:31:52 | ASSEMBLY UPDATE (Inventor): Saved successfully
2026-01-15 15:31:52 | ASSEMBLY UPDATE (Inventor): Complete - assembly left open for verification
2026-01-15 15:31:52 | ASSEMBLY UPDATE (Inventor): Updating references in Support Beam-3.iam
2026-01-15 15:31:52 | ASSEMBLY UPDATE (Inventor): Opening assembly...
2026-01-15 15:31:52 | ASSEMBLY UPDATE (Inventor): Opened Support Beam-3.iam
2026-01-15 15:31:52 | UPDATE: Updating assembly references to local copies...
2026-01-15 15:31:52 | UPDATE: Built filename lookup with 34 entries
2026-01-15 15:31:52 | UPDATE: Using File.ReferencedFileDescriptors method - 2 references at level ROOT
2026-01-15 15:31:52 | UPDATE: No mapping for CLONE-001-B3.ipt
2026-01-15 15:31:52 | UPDATE: No mapping for CLONE-001-PL2.ipt
2026-01-15 15:31:52 | UPDATE: Updated 0 of 2 references at level ROOT
2026-01-15 15:31:52 | ASSEMBLY UPDATE (Inventor): Saved successfully
2026-01-15 15:31:52 | ASSEMBLY UPDATE (Inventor): Complete - assembly left open for verification
2026-01-15 15:31:52 | ASSEMBLY UPDATE (Inventor): Updating references in Support Beam-2.iam
2026-01-15 15:31:52 | ASSEMBLY UPDATE (Inventor): Opening assembly...
2026-01-15 15:31:52 | ASSEMBLY UPDATE (Inventor): Opened Support Beam-2.iam
2026-01-15 15:31:52 | UPDATE: Updating assembly references to local copies...
2026-01-15 15:31:52 | UPDATE: Built filename lookup with 34 entries
2026-01-15 15:31:52 | UPDATE: Using File.ReferencedFileDescriptors method - 2 references at level ROOT
2026-01-15 15:31:52 | UPDATE: No mapping for CLONE-001-B4.ipt
2026-01-15 15:31:52 | UPDATE: No mapping for CLONE-001-PL3.ipt
2026-01-15 15:31:52 | UPDATE: Updated 0 of 2 references at level ROOT
2026-01-15 15:31:52 | ASSEMBLY UPDATE (Inventor): Saved successfully
2026-01-15 15:31:52 | ASSEMBLY UPDATE (Inventor): Complete - assembly left open for verification
2026-01-15 15:31:52 | ASSEMBLY UPDATE (Inventor): Updating references in Bolted Connection1.iam
2026-01-15 15:31:52 | ASSEMBLY UPDATE (Inventor): Opening assembly...
2026-01-15 15:31:52 | ASSEMBLY UPDATE (Inventor): Opened Bolted Connection1.iam
2026-01-15 15:31:52 | UPDATE: Updating assembly references to local copies...
2026-01-15 15:31:52 | UPDATE: Built filename lookup with 34 entries
2026-01-15 15:31:52 | UPDATE: Using File.ReferencedFileDescriptors method - 0 references at level ROOT
2026-01-15 15:31:52 | UPDATE: Updated 0 of 0 references at level ROOT
2026-01-15 15:31:52 | ASSEMBLY UPDATE (Inventor): Saved successfully
2026-01-15 15:31:52 | ASSEMBLY UPDATE (Inventor): Complete - assembly left open for verification
2026-01-15 15:31:52 | ASSEMBLY UPDATE (Inventor): Updating references in Flood Chute.iam
2026-01-15 15:31:52 | ASSEMBLY UPDATE (Inventor): Opening assembly...
2026-01-15 15:31:52 | ASSEMBLY UPDATE (Inventor): ERROR - Could not open assembly: Object required
2026-01-15 15:31:52 | STEP 8: Updating references in Flood Chute.iam
2026-01-15 15:31:52 | ASSEMBLY UPDATE: ApprenticeServer not available, using Inventor method
2026-01-15 15:31:52 | ASSEMBLY UPDATE (Inventor): Updating references in TO DELETE - FLOODBOX TEST.iam
2026-01-15 15:31:52 | ASSEMBLY UPDATE (Inventor): Opening assembly...
2026-01-15 15:31:52 | ASSEMBLY UPDATE (Inventor): ERROR - Could not open assembly: Object required
2026-01-15 15:31:52 | ASSEMBLY UPDATE (Inventor): Updating references in Support Frame.iam
2026-01-15 15:31:52 | ASSEMBLY UPDATE (Inventor): Opening assembly...
2026-01-15 15:31:52 | ASSEMBLY UPDATE (Inventor): Opened Support Frame.iam
2026-01-15 15:31:52 | UPDATE: Updating assembly references to local copies...
2026-01-15 15:31:52 | UPDATE: Built filename lookup with 34 entries
2026-01-15 15:31:52 | UPDATE: Using File.ReferencedFileDescriptors method - 6 references at level ROOT
2026-01-15 15:31:52 | UPDATE: Bolted Connection2.iam -> Bolted Connection2.iam
2026-01-15 15:31:52 | UPDATE: Support Beam-1.iam -> Support Beam-1.iam
2026-01-15 15:31:52 | UPDATE: Support Beam-2.iam -> Support Beam-2.iam
2026-01-15 15:31:52 | UPDATE: Support Beam-3.iam -> Support Beam-3.iam
2026-01-15 15:31:52 | UPDATE: Support Column.iam -> Support Column.iam
2026-01-15 15:31:52 | UPDATE: Bolted Connection1.iam -> Bolted Connection1.iam
2026-01-15 15:31:52 | UPDATE ERROR: ReplaceReference failed - Invalid procedure call or argument
2026-01-15 15:31:52 | UPDATE: Updated 5 of 6 references at level ROOT
2026-01-15 15:31:52 | ASSEMBLY UPDATE (Inventor): Saved successfully
2026-01-15 15:31:52 | ASSEMBLY UPDATE (Inventor): Complete - assembly left open for verification
2026-01-15 15:31:52 | ASSEMBLY UPDATE (Inventor): Updating references in Bolted Connection1.iam
2026-01-15 15:31:52 | ASSEMBLY UPDATE (Inventor): Opening assembly...
2026-01-15 15:31:52 | ASSEMBLY UPDATE (Inventor): Opened Bolted Connection1.iam
2026-01-15 15:31:52 | UPDATE: Updating assembly references to local copies...
2026-01-15 15:31:52 | UPDATE: Built filename lookup with 34 entries
2026-01-15 15:31:52 | UPDATE: Using File.ReferencedFileDescriptors method - 0 references at level ROOT
2026-01-15 15:31:52 | UPDATE: Updated 0 of 0 references at level ROOT
2026-01-15 15:31:52 | ASSEMBLY UPDATE (Inventor): Saved successfully
2026-01-15 15:31:52 | ASSEMBLY UPDATE (Inventor): Complete - assembly left open for verification
2026-01-15 15:31:52 | ASSEMBLY UPDATE (Inventor): Updating references in Support Column.iam
2026-01-15 15:31:52 | ASSEMBLY UPDATE (Inventor): Opening assembly...
2026-01-15 15:31:52 | ASSEMBLY UPDATE (Inventor): Opened Support Column.iam
2026-01-15 15:31:52 | UPDATE: Updating assembly references to local copies...
2026-01-15 15:31:52 | UPDATE: Built filename lookup with 34 entries
2026-01-15 15:31:52 | UPDATE: Using File.ReferencedFileDescriptors method - 2 references at level ROOT
2026-01-15 15:31:52 | UPDATE: No mapping for CLONE-001-B1.ipt
2026-01-15 15:31:52 | UPDATE: No mapping for CLONE-001-PL1.ipt
2026-01-15 15:31:52 | UPDATE: Updated 0 of 2 references at level ROOT
2026-01-15 15:31:52 | ASSEMBLY UPDATE (Inventor): Saved successfully
2026-01-15 15:31:52 | ASSEMBLY UPDATE (Inventor): Complete - assembly left open for verification
2026-01-15 15:31:52 | ASSEMBLY UPDATE (Inventor): Updating references in Bolted Connection2.iam
2026-01-15 15:31:52 | ASSEMBLY UPDATE (Inventor): Opening assembly...
2026-01-15 15:31:52 | ASSEMBLY UPDATE (Inventor): Opened Bolted Connection2.iam
2026-01-15 15:31:52 | UPDATE: Updating assembly references to local copies...
2026-01-15 15:31:52 | UPDATE: Built filename lookup with 34 entries
2026-01-15 15:31:52 | UPDATE: Using File.ReferencedFileDescriptors method - 0 references at level ROOT
2026-01-15 15:31:52 | UPDATE: Updated 0 of 0 references at level ROOT
2026-01-15 15:31:52 | ASSEMBLY UPDATE (Inventor): Saved successfully
2026-01-15 15:31:52 | ASSEMBLY UPDATE (Inventor): Complete - assembly left open for verification
2026-01-15 15:31:52 | ASSEMBLY UPDATE (Inventor): Updating references in Support Beam-1.iam
2026-01-15 15:31:52 | ASSEMBLY UPDATE (Inventor): Opening assembly...
2026-01-15 15:31:52 | ASSEMBLY UPDATE (Inventor): Opened Support Beam-1.iam
2026-01-15 15:31:52 | UPDATE: Updating assembly references to local copies...
2026-01-15 15:31:52 | UPDATE: Built filename lookup with 34 entries
2026-01-15 15:31:52 | UPDATE: Using File.ReferencedFileDescriptors method - 2 references at level ROOT
2026-01-15 15:31:52 | UPDATE: No mapping for CLONE-001-B2.ipt
2026-01-15 15:31:52 | UPDATE: No mapping for CLONE-001-PL2.ipt
2026-01-15 15:31:52 | UPDATE: Updated 0 of 2 references at level ROOT
2026-01-15 15:31:52 | ASSEMBLY UPDATE (Inventor): Saved successfully
2026-01-15 15:31:52 | ASSEMBLY UPDATE (Inventor): Complete - assembly left open for verification
2026-01-15 15:31:52 | ASSEMBLY UPDATE (Inventor): Updating references in Support Beam-3.iam
2026-01-15 15:31:52 | ASSEMBLY UPDATE (Inventor): Opening assembly...
2026-01-15 15:31:52 | ASSEMBLY UPDATE (Inventor): Opened Support Beam-3.iam
2026-01-15 15:31:52 | UPDATE: Updating assembly references to local copies...
2026-01-15 15:31:52 | UPDATE: Built filename lookup with 34 entries
2026-01-15 15:31:52 | UPDATE: Using File.ReferencedFileDescriptors method - 2 references at level ROOT
2026-01-15 15:31:52 | UPDATE: No mapping for CLONE-001-B3.ipt
2026-01-15 15:31:52 | UPDATE: No mapping for CLONE-001-PL2.ipt
2026-01-15 15:31:52 | UPDATE: Updated 0 of 2 references at level ROOT
2026-01-15 15:31:52 | ASSEMBLY UPDATE (Inventor): Saved successfully
2026-01-15 15:31:52 | ASSEMBLY UPDATE (Inventor): Complete - assembly left open for verification
2026-01-15 15:31:52 | ASSEMBLY UPDATE (Inventor): Updating references in Support Beam-2.iam
2026-01-15 15:31:52 | ASSEMBLY UPDATE (Inventor): Opening assembly...
2026-01-15 15:31:52 | ASSEMBLY UPDATE (Inventor): Opened Support Beam-2.iam
2026-01-15 15:31:52 | UPDATE: Updating assembly references to local copies...
2026-01-15 15:31:52 | UPDATE: Built filename lookup with 34 entries
2026-01-15 15:31:52 | UPDATE: Using File.ReferencedFileDescriptors method - 2 references at level ROOT
2026-01-15 15:31:52 | UPDATE: No mapping for CLONE-001-B4.ipt
2026-01-15 15:31:52 | UPDATE: No mapping for CLONE-001-PL3.ipt
2026-01-15 15:31:52 | UPDATE: Updated 0 of 2 references at level ROOT
2026-01-15 15:31:52 | ASSEMBLY UPDATE (Inventor): Saved successfully
2026-01-15 15:31:52 | ASSEMBLY UPDATE (Inventor): Complete - assembly left open for verification
2026-01-15 15:31:52 | ASSEMBLY UPDATE (Inventor): Updating references in Bolted Connection1.iam
2026-01-15 15:31:52 | ASSEMBLY UPDATE (Inventor): Opening assembly...
2026-01-15 15:31:52 | ASSEMBLY UPDATE (Inventor): Opened Bolted Connection1.iam
2026-01-15 15:31:52 | UPDATE: Updating assembly references to local copies...
2026-01-15 15:31:52 | UPDATE: Built filename lookup with 34 entries
2026-01-15 15:31:52 | UPDATE: Using File.ReferencedFileDescriptors method - 0 references at level ROOT
2026-01-15 15:31:52 | UPDATE: Updated 0 of 0 references at level ROOT
2026-01-15 15:31:52 | ASSEMBLY UPDATE (Inventor): Saved successfully
2026-01-15 15:31:52 | ASSEMBLY UPDATE (Inventor): Complete - assembly left open for verification
2026-01-15 15:31:52 | ASSEMBLY UPDATE (Inventor): Updating references in Flood Chute.iam
2026-01-15 15:31:52 | ASSEMBLY UPDATE (Inventor): Opening assembly...
2026-01-15 15:31:52 | ASSEMBLY UPDATE (Inventor): ERROR - Could not open assembly: Object required
2026-01-15 15:31:52 | STEP 9: Updating IDW drawing references
2026-01-15 15:31:52 | IDW UPDATE: Could not create ApprenticeServer, falling back to Inventor
2026-01-15 15:31:52 | IDW UPDATE: Error: Object required
2026-01-15 15:31:52 | IDW UPDATE: Calling Inventor fallback method
2026-01-15 15:31:52 | IDW UPDATE (Inventor): Starting IDW update for destFolder: C:\Users\Quintin\Documents\Spectiv\3. Working\22. DMS plant\21. SSCR04 - Primary Floats D&R Screen Station\TO DELETE - FLOODBOX TEST
2026-01-15 15:31:52 | IDW UPDATE (Inventor): Set resolve mode to skip unresolved files
2026-01-15 15:31:53 | IDW UPDATE: Opening main assembly to load all parts: TO DELETE - FLOODBOX TEST.iam
2026-01-15 15:31:53 | IDW UPDATE: Main assembly opened successfully - all parts now in memory
2026-01-15 15:31:53 | IDW UPDATE (Inventor): Found 38 files in destination folder
2026-01-15 15:31:53 | IDW UPDATE (Inventor): Found IDW file: MGY-200-DRD-09-00.idw
2026-01-15 15:31:53 | IDW UPDATE (Inventor): Processing MGY-200-DRD-09-00.idw
2026-01-15 15:32:00 | IDW UPDATE: Found 1 references
2026-01-15 15:32:00 | IDW UPDATE: Checking reference: Flood Box.iam (path: F:\NL\06. Model\02. WBS\NP\22. NSCR04 - Primary Sinks D&R Screen Station\05. Model\Flood Box\Flood Box.iam)
2026-01-15 15:32:00 | IDW UPDATE: NO mapping found for Flood Box.iam (path: F:\NL\06. Model\02. WBS\NP\22. NSCR04 - Primary Sinks D&R Screen Station\05. Model\Flood Box\Flood Box.iam)
2026-01-15 15:32:00 | IDW UPDATE: Saved MGY-200-DRD-09-00.idw (0 updated)
2026-01-15 15:32:00 | IDW UPDATE (Inventor): Found IDW file: MGY-200-DRD-09-01-00.idw
2026-01-15 15:32:00 | IDW UPDATE (Inventor): Processing MGY-200-DRD-09-01-00.idw
2026-01-15 15:32:02 | IDW UPDATE: Found 1 references
2026-01-15 15:32:02 | IDW UPDATE: Checking reference: Support Frame.iam (path: C:\Users\Quintin\Documents\Spectiv\3. Working\22. DMS plant\21. SSCR04 - Primary Floats D&R Screen Station\TO DELETE - FLOODBOX TEST\Support Frame.iam)
2026-01-15 15:32:02 | IDW UPDATE: NO mapping found for Support Frame.iam (path: C:\Users\Quintin\Documents\Spectiv\3. Working\22. DMS plant\21. SSCR04 - Primary Floats D&R Screen Station\TO DELETE - FLOODBOX TEST\Support Frame.iam)
2026-01-15 15:32:02 | IDW UPDATE: Saved MGY-200-DRD-09-01-00.idw (0 updated)
2026-01-15 15:32:02 | IDW UPDATE (Inventor): Found IDW file: MGY-200-DRD-09-01-01.idw
2026-01-15 15:32:02 | IDW UPDATE (Inventor): Processing MGY-200-DRD-09-01-01.idw
