2025-12-10 06:38:31 | === ASSEMBLY CLONER ===
2025-12-10 06:38:31 | Copy assembly with all parts to new isolated location
2025-12-10 06:38:34 | SUCCESS: Connected to existing Inventor instance
2025-12-10 06:38:34 | STEP 1: Detecting open assembly
2025-12-10 06:38:34 | DETECTED: Support Beam-2.iam
2025-12-10 06:38:34 | DETECTED: Full path - C:\Users\Quintin\Documents\Spectiv\3. Working\22. DMS plant\20. SSCR03 - Deslime Screen Station\768 Flood Box\Support\Support Beam-2\Support Beam-2.iam
2025-12-10 06:38:36 | STEP 2: Getting destination folder from user
2025-12-10 06:39:32 | DESTINATION: C:\Users\Quintin\Documents\Spectiv\3. Working\22. DMS plant\22. SSCR05 - Primary Sinks D&R Screen Station\000 Structure & Walkway\1.Structure\Beam-21
2025-12-10 06:39:32 | New assembly name will be: Beam-21.iam
2025-12-10 06:39:32 | STEP 3: Asking about heritage renaming
2025-12-10 06:39:35 | PLANT: Getting plant section naming convention from user
2025-12-10 06:39:41 | PLANT: Using prefix: BEAM-21-
2025-12-10 06:39:41 | STEP 4: Analyzing assembly structure
2025-12-10 06:39:41 | COLLECT: Scanning assembly for all referenced parts...
2025-12-10 06:39:41 | COLLECT: Part1 FB-B2.ipt (PL 10mm S355JR)
2025-12-10 06:39:41 | COLLECT: Part2 203x133x25 FB-B2.ipt (UB203x133x25)
2025-12-10 06:39:41 | COLLECT: Found 2 unique parts
2025-12-10 06:39:41 | ANALYZE: Found 2 unique parts to copy
2025-12-10 06:39:41 | STEP 5: Grouping components for heritage naming
2025-12-10 06:39:41 | GROUP: Grouping parts for heritage naming...
2025-12-10 06:39:41 | GROUP: Created 2 groups
2025-12-10 06:39:41 | SCHEME: PL -> BEAM-21-PL{N}
2025-12-10 06:39:41 | SCHEME: B -> BEAM-21-B{N}
2025-12-10 06:39:41 | STEP 6: Copying assembly to destination
2025-12-10 06:39:41 | Closing source assembly for safe copy...
2025-12-10 06:39:41 | COPIED: Assembly Support Beam-2.iam -> Beam-21.iam
2025-12-10 06:39:41 | STEP 7: Copying parts to destination
2025-12-10 06:39:41 | COPIED: Part1 FB-B2.ipt -> BEAM-21-PL1.ipt
2025-12-10 06:39:41 | COPIED: Part2 203x133x25 FB-B2.ipt -> BEAM-21-B1.ipt
2025-12-10 06:39:41 | STEP 8: Updating references in copied assembly using ApprenticeServer
2025-12-10 06:39:41 | ASSEMBLY UPDATE: ApprenticeServer not available, using Inventor method
2025-12-10 06:39:41 | ASSEMBLY UPDATE (Inventor): Opening assembly...
2025-12-10 06:40:22 | ASSEMBLY UPDATE (Inventor): Opened Beam-21.iam
2025-12-10 06:40:22 | UPDATE: Updating assembly references to local copies...
2025-12-10 06:40:22 | ASSEMBLY UPDATE (Inventor): Saved successfully
2025-12-10 06:40:22 | ASSEMBLY UPDATE (Inventor): Complete - assembly left open for verification
2025-12-10 06:40:22 | STEP 9: Processing IDW files (update references, then save to new location)
2025-12-10 06:40:22 | IDW PROCESS: Found MGY-200-DSL-06-01-02.idw
2025-12-10 06:40:48 | IDW PROCESS: Opening original IDW from source location...
2025-12-10 06:40:51 | IDW PROCESS: Opened successfully, now updating references...
2025-12-10 06:40:51 | IDW PROCESS: Found 3 references
2025-12-10 06:40:51 | IDW PROCESS: Updating Part1 FB-B2.ipt -> BEAM-21-PL1.ipt
2025-12-10 06:40:51 | IDW PROCESS: ERROR - Invalid procedure call or argument
2025-12-10 06:40:51 | IDW PROCESS: Updating Part2 203x133x25 FB-B2.ipt -> BEAM-21-B1.ipt
2025-12-10 06:40:51 | IDW PROCESS: ERROR - Invalid procedure call or argument
2025-12-10 06:40:51 | IDW PROCESS: Updating Support Beam-2.iam -> Beam-21.iam
2025-12-10 06:40:51 | IDW PROCESS: ERROR - Invalid procedure call or argument
2025-12-10 06:40:51 | IDW PROCESS: Saving to destination: C:\Users\Quintin\Documents\Spectiv\3. Working\22. DMS plant\22. SSCR05 - Primary Sinks D&R Screen Station\000 Structure & Walkway\1.Structure\Beam-21\MGY-200-DSL-06-01-03.idw
2025-12-10 06:40:53 | IDW PROCESS: Successfully saved MGY-200-DSL-06-01-03.idw (0 references updated)
2025-12-10 06:40:53 | === ASSEMBLY CLONER COMPLETED ===
