2025-12-15 13:56:42 | === ASSEMBLY CLONER STARTED ===
2025-12-15 13:56:42 | Using EXACT methodology from VBScript Option 9
2025-12-15 13:56:42 | Source assembly: C:\Users\Quintin\Documents\Spectiv\3. Working\22. DMS plant\22. SSCR05 - Primary Sinks D&R Screen Station\735 Flood Box\Support\Support Beam-1\Support Beam-1.iam
2025-12-15 13:56:42 | Source directory: C:\Users\Quintin\Documents\Spectiv\3. Working\22. DMS plant\22. SSCR05 - Primary Sinks D&R Screen Station\735 Flood Box\Support\Support Beam-1
2025-12-15 13:56:45 | User confirmed clone operation
2025-12-15 13:56:45 | Opening folder browser dialog...
2025-12-15 13:56:52 | Destination folder selected: C:\Users\Quintin\Documents\Spectiv\3. Working\22. DMS plant\22. SSCR05 - Primary Sinks D&R Screen Station\735 Flood Box\Support
2025-12-15 13:56:54 | Rename parts: True
2025-12-15 13:56:54 | Prompting for plant section prefix...
2025-12-15 13:57:04 | Plant section prefix: SupportBeam2
2025-12-15 13:57:10 | New assembly name: Support Beam-2
2025-12-15 13:57:10 | New assembly path: C:\Users\Quintin\Documents\Spectiv\3. Working\22. DMS plant\22. SSCR05 - Primary Sinks D&R Screen Station\735 Flood Box\Support\Support Beam-2.iam
2025-12-15 13:57:10 | COLLECT: Part1 FB-B1.ipt (PL 10mm S355JR)
2025-12-15 13:57:10 | COLLECT: Part2 203x133x25 FB-B1.ipt (UB203x133x25)
2025-12-15 13:57:10 | Collected 2 parts
2025-12-15 13:57:10 | Closing source assembly for safe copy...
2025-12-15 13:57:11 | Copying assembly file...
2025-12-15 13:57:11 | COPIED: Support Beam-1.iam -> Support Beam-2.iam
2025-12-15 13:57:11 | Copying 2 parts...
2025-12-15 13:57:11 | COPIED: Part1 FB-B1.ipt -> SupportBeam2-PL1.ipt
2025-12-15 13:57:11 | COPIED: Part2 203x133x25 FB-B1.ipt -> SupportBeam2-B2.ipt
2025-12-15 13:57:11 | Updating assembly references and patching iLogic...
2025-12-15 13:57:11 | ASSEMBLY UPDATE: Using fd.ReplaceReference method (same as VBScript)
2025-12-15 13:57:11 | ASSEMBLY UPDATE: Opened Support Beam-2.iam
2025-12-15 13:57:11 | ASSEMBLY UPDATE: Found 2 file references
2025-12-15 13:57:11 | ASSEMBLY UPDATE: No mapping for Part1 FB-B1.ipt
2025-12-15 13:57:11 | ASSEMBLY UPDATE: No mapping for Part2 203x133x25 FB-B1.ipt
2025-12-15 13:57:11 | ASSEMBLY UPDATE: Updated 0 references
2025-12-15 13:57:11 | ASSEMBLY UPDATE: Renaming occurrences to match new filenames...
2025-12-15 13:57:11 | ASSEMBLY UPDATE: Renamed 0 occurrences
2025-12-15 13:57:11 | ASSEMBLY UPDATE: Forcing assembly update to resolve occurrences...
2025-12-15 13:57:11 | ASSEMBLY UPDATE: Assembly updated and resolved
2025-12-15 13:57:11 | Patching iLogic rules (in same session)...
2025-12-15 13:57:11 | Patched 0 iLogic rules
2025-12-15 13:57:11 | ASSEMBLY UPDATE: Saving assembly...
2025-12-15 13:57:12 | ASSEMBLY UPDATE: Complete - references updated and iLogic patched
2025-12-15 13:57:12 | Processing IDW files...
2025-12-15 13:57:12 | IDW PROCESS: Found 1 IDW files
2025-12-15 13:57:15 | IDW PROCESS: Processing MGY-200-DRD-09-01-02.idw -> MGY-200-DRD-09-01-xx.idw
2025-12-15 13:57:40 | IDW PROCESS: Opening original IDW from source location...
2025-12-15 13:57:43 | IDW PROCESS: Opened successfully, now updating references...
2025-12-15 13:57:43 | IDW PROCESS: Found 3 references
2025-12-15 13:57:43 | IDW PROCESS: Updating Part1 FB-B1.ipt -> SupportBeam2-PL1.ipt
2025-12-15 13:57:43 | IDW PROCESS: SUCCESS
2025-12-15 13:57:43 | IDW PROCESS: Updating Part2 203x133x25 FB-B1.ipt -> SupportBeam2-B2.ipt
2025-12-15 13:57:43 | IDW PROCESS: SUCCESS
2025-12-15 13:57:43 | IDW PROCESS: Updating Support Beam-1.iam -> Support Beam-2.iam
2025-12-15 13:57:44 | IDW PROCESS: SUCCESS
2025-12-15 13:57:44 | IDW PROCESS: Patching iLogic in IDW...
2025-12-15 13:57:44 | IDW PROCESS: Patched 0 rules in IDW
2025-12-15 13:57:44 | IDW PROCESS: Updating iProperties for MGY-200-DRD-09-01-02.idw
2025-12-15 13:57:44 | IDW PROCESS: Updated Part Number to 'MGY-200-DRD-09-01-xx'
2025-12-15 13:57:44 | IDW PROCESS: Updated Description to 'Support Beam-2'
2025-12-15 13:57:44 | IDW PROCESS: iProperties update complete for MGY-200-DRD-09-01-02.idw
2025-12-15 13:57:44 | IDW PROCESS: Saving to destination: C:\Users\Quintin\Documents\Spectiv\3. Working\22. DMS plant\22. SSCR05 - Primary Sinks D&R Screen Station\735 Flood Box\Support\MGY-200-DRD-09-01-xx.idw
2025-12-15 13:57:45 | IDW PROCESS: Successfully saved MGY-200-DRD-09-01-02.idw as MGY-200-DRD-09-01-xx.idw (3 references updated)
2025-12-15 13:57:45 | IDW PROCESS: All IDW files processed successfully
2025-12-15 13:57:45 | Updating iProperties for copied documents...
2025-12-15 13:57:55 | Updated iProperties for Support Beam-2.iam
2025-12-15 13:57:55 | Saving iLogic patch log...
2025-12-15 13:57:55 | === ASSEMBLY CLONE COMPLETED SUCCESSFULLY ===
2025-12-15 13:57:55 | Log saved to: C:\Users\Quintin\Documents\Spectiv\3. Working\22. DMS plant\REF\FINAL_PRODUCTION_SCRIPTS 1 Oct 2025\Logs\AssemblyCloner_20251215_135642.log
