2025-12-16 09:31:22 | === ASSEMBLY CLONER STARTED ===
2025-12-16 09:31:22 | Using EXACT methodology from VBScript Option 9
2025-12-16 09:31:22 | Source assembly: C:\Users\Quintin\Documents\Spectiv\3. Working\22. DMS plant\21. SSCR04 - Primary Floats D&R Screen Station\000 Structure & Walkway\Walkway-7\Walkway-7-2.iam
2025-12-16 09:31:22 | Source directory: C:\Users\Quintin\Documents\Spectiv\3. Working\22. DMS plant\21. SSCR04 - Primary Floats D&R Screen Station\000 Structure & Walkway\Walkway-7
2025-12-16 09:31:24 | User confirmed clone operation
2025-12-16 09:31:24 | Opening folder browser dialog...
2025-12-16 09:31:46 | Destination folder selected: C:\Users\Quintin\Documents\Spectiv\3. Working\22. DMS plant\22. SSCR05 - Primary Sinks D&R Screen Station\000 Structure & Walkway\Walkway-7
2025-12-16 09:31:48 | Rename parts: True
2025-12-16 09:31:48 | Prompting for plant section prefix...
2025-12-16 09:31:49 | Plant section prefix: Walkway-7
2025-12-16 09:31:49 | New assembly name: Walkway-7
2025-12-16 09:31:49 | New assembly path: C:\Users\Quintin\Documents\Spectiv\3. Working\22. DMS plant\22. SSCR05 - Primary Sinks D&R Screen Station\000 Structure & Walkway\Walkway-7\Walkway-7.iam
2025-12-16 09:31:49 | COLLECT: Part16 Centre Gusset-2.ipt (PL 8mm S355JR)
2025-12-16 09:31:49 | COLLECT: Part1 Beam-2.ipt (IPE180)
2025-12-16 09:31:49 | COLLECT: Part2 Beam-2.ipt (IPE200)
2025-12-16 09:31:49 | COLLECT: Part4 PFC-2.ipt (PFC180x70)
2025-12-16 09:31:49 | COLLECT: Part5 PFC-2.ipt (PFC180x70)
2025-12-16 09:31:49 | COLLECT: Part8 PFC-2.ipt (PFC180x70)
2025-12-16 09:31:49 | COLLECT: Part9 PFC-2.ipt (PFC180x70)
2025-12-16 09:31:49 | COLLECT: Part10 PFC-2.ipt (PFC180x70)
2025-12-16 09:31:49 | COLLECT: Part11 End Plate-2.ipt (PL 10mm S355JR)
2025-12-16 09:31:49 | COLLECT: Part13 End Plate-2.ipt (PL 10mm S355JR)
2025-12-16 09:31:49 | COLLECT: Part14 Centre Gusset-2.ipt (PL 8mm S355JR)
2025-12-16 09:31:49 | COLLECT: Part15 Corner Gusset-2.ipt (PL 8mm S355JR)
2025-12-16 09:31:49 | COLLECT: Part17 Angle-2.ipt (L70x70x6)
2025-12-16 09:31:49 | COLLECT: Part18 Angle-2.ipt (L70x70x6)
2025-12-16 09:31:49 | COLLECT: Part19 Angle-2.ipt (L70x70x6)
2025-12-16 09:31:49 | COLLECT: Part20 Angle-2.ipt (L70x70x6)
2025-12-16 09:31:49 | COLLECT: Part21 Angle-2.ipt (L70x70x6)
2025-12-16 09:31:49 | COLLECT: WW7-IPE200-1.ipt (IPE200)
2025-12-16 09:31:49 | COLLECT: Part22 PFC-2.ipt (PFC180x70)
2025-12-16 09:31:50 | COLLECT: Part24 Angle-2.ipt (L70x70x6)
2025-12-16 09:31:50 | COLLECT: Part3 Beam-2.ipt (IPE200)
2025-12-16 09:31:50 | COLLECT: Part12 End Plate-2.ipt (PL 10mm S355JR)
2025-12-16 09:31:50 | Collected 22 parts
2025-12-16 09:31:50 | Closing source assembly for safe copy...
2025-12-16 09:31:50 | Copying assembly file...
2025-12-16 09:31:50 | COPIED: Walkway-7-2.iam -> Walkway-7.iam
2025-12-16 09:31:50 | Copying 22 parts...
2025-12-16 09:31:50 | COPIED: Part16 Centre Gusset-2.ipt -> Walkway-7-PL1.ipt
2025-12-16 09:31:50 | COPIED: Part1 Beam-2.ipt -> Walkway-7-IPE2.ipt
2025-12-16 09:31:50 | COPIED: Part2 Beam-2.ipt -> Walkway-7-IPE3.ipt
2025-12-16 09:31:50 | COPIED: Part4 PFC-2.ipt -> Walkway-7-CH4.ipt
2025-12-16 09:31:50 | COPIED: Part5 PFC-2.ipt -> Walkway-7-CH5.ipt
2025-12-16 09:31:50 | COPIED: Part8 PFC-2.ipt -> Walkway-7-CH6.ipt
2025-12-16 09:31:50 | COPIED: Part9 PFC-2.ipt -> Walkway-7-CH7.ipt
2025-12-16 09:31:50 | COPIED: Part10 PFC-2.ipt -> Walkway-7-CH8.ipt
2025-12-16 09:31:50 | COPIED: Part11 End Plate-2.ipt -> Walkway-7-PL9.ipt
2025-12-16 09:31:50 | COPIED: Part13 End Plate-2.ipt -> Walkway-7-PL10.ipt
2025-12-16 09:31:50 | COPIED: Part14 Centre Gusset-2.ipt -> Walkway-7-PL11.ipt
2025-12-16 09:31:50 | COPIED: Part15 Corner Gusset-2.ipt -> Walkway-7-PL12.ipt
2025-12-16 09:31:50 | COPIED: Part17 Angle-2.ipt -> Walkway-7-A13.ipt
2025-12-16 09:31:50 | COPIED: Part18 Angle-2.ipt -> Walkway-7-A14.ipt
2025-12-16 09:31:50 | COPIED: Part19 Angle-2.ipt -> Walkway-7-A15.ipt
2025-12-16 09:31:50 | COPIED: Part20 Angle-2.ipt -> Walkway-7-A16.ipt
2025-12-16 09:31:50 | COPIED: Part21 Angle-2.ipt -> Walkway-7-A17.ipt
2025-12-16 09:31:50 | COPIED: WW7-IPE200-1.ipt -> Walkway-7-IPE18.ipt
2025-12-16 09:31:50 | COPIED: Part22 PFC-2.ipt -> Walkway-7-CH19.ipt
2025-12-16 09:31:50 | COPIED: Part24 Angle-2.ipt -> Walkway-7-A20.ipt
2025-12-16 09:31:50 | COPIED: Part3 Beam-2.ipt -> Walkway-7-IPE21.ipt
2025-12-16 09:31:50 | COPIED: Part12 End Plate-2.ipt -> Walkway-7-PL22.ipt
2025-12-16 09:31:50 | Updating assembly references and patching iLogic...
2025-12-16 09:31:50 | ASSEMBLY UPDATE: Using fd.ReplaceReference method (same as VBScript)
2025-12-16 09:31:50 | ASSEMBLY UPDATE: Opened Walkway-7.iam
2025-12-16 09:31:50 | ASSEMBLY UPDATE: Found 22 file references
2025-12-16 09:31:50 | ASSEMBLY UPDATE: Replacing Part1 Beam-2.ipt -> Walkway-7-IPE2.ipt
2025-12-16 09:31:50 | ASSEMBLY UPDATE: SUCCESS
2025-12-16 09:31:50 | ASSEMBLY UPDATE: Replacing Part10 PFC-2.ipt -> Walkway-7-CH8.ipt
2025-12-16 09:31:50 | ASSEMBLY UPDATE: SUCCESS
2025-12-16 09:31:50 | ASSEMBLY UPDATE: Replacing Part11 End Plate-2.ipt -> Walkway-7-PL9.ipt
2025-12-16 09:31:50 | ASSEMBLY UPDATE: SUCCESS
2025-12-16 09:31:50 | ASSEMBLY UPDATE: Replacing Part12 End Plate-2.ipt -> Walkway-7-PL22.ipt
2025-12-16 09:31:50 | ASSEMBLY UPDATE: SUCCESS
2025-12-16 09:31:50 | ASSEMBLY UPDATE: Replacing Part13 End Plate-2.ipt -> Walkway-7-PL10.ipt
2025-12-16 09:31:50 | ASSEMBLY UPDATE: SUCCESS
2025-12-16 09:31:50 | ASSEMBLY UPDATE: Replacing Part14 Centre Gusset-2.ipt -> Walkway-7-PL11.ipt
2025-12-16 09:31:50 | ASSEMBLY UPDATE: SUCCESS
2025-12-16 09:31:50 | ASSEMBLY UPDATE: Replacing Part15 Corner Gusset-2.ipt -> Walkway-7-PL12.ipt
2025-12-16 09:31:50 | ASSEMBLY UPDATE: SUCCESS
2025-12-16 09:31:50 | ASSEMBLY UPDATE: Replacing Part16 Centre Gusset-2.ipt -> Walkway-7-PL1.ipt
2025-12-16 09:31:50 | ASSEMBLY UPDATE: SUCCESS
2025-12-16 09:31:50 | ASSEMBLY UPDATE: Replacing Part17 Angle-2.ipt -> Walkway-7-A13.ipt
2025-12-16 09:31:50 | ASSEMBLY UPDATE: SUCCESS
2025-12-16 09:31:50 | ASSEMBLY UPDATE: Replacing Part18 Angle-2.ipt -> Walkway-7-A14.ipt
2025-12-16 09:31:50 | ASSEMBLY UPDATE: SUCCESS
2025-12-16 09:31:50 | ASSEMBLY UPDATE: Replacing Part19 Angle-2.ipt -> Walkway-7-A15.ipt
2025-12-16 09:31:50 | ASSEMBLY UPDATE: SUCCESS
2025-12-16 09:31:50 | ASSEMBLY UPDATE: Replacing Part2 Beam-2.ipt -> Walkway-7-IPE3.ipt
2025-12-16 09:31:50 | ASSEMBLY UPDATE: SUCCESS
2025-12-16 09:31:50 | ASSEMBLY UPDATE: Replacing Part20 Angle-2.ipt -> Walkway-7-A16.ipt
2025-12-16 09:31:50 | ASSEMBLY UPDATE: SUCCESS
2025-12-16 09:31:50 | ASSEMBLY UPDATE: Replacing Part21 Angle-2.ipt -> Walkway-7-A17.ipt
2025-12-16 09:31:50 | ASSEMBLY UPDATE: SUCCESS
2025-12-16 09:31:50 | ASSEMBLY UPDATE: Replacing Part22 PFC-2.ipt -> Walkway-7-CH19.ipt
2025-12-16 09:31:50 | ASSEMBLY UPDATE: SUCCESS
2025-12-16 09:31:50 | ASSEMBLY UPDATE: Replacing Part24 Angle-2.ipt -> Walkway-7-A20.ipt
2025-12-16 09:31:50 | ASSEMBLY UPDATE: SUCCESS
2025-12-16 09:31:50 | ASSEMBLY UPDATE: Replacing Part3 Beam-2.ipt -> Walkway-7-IPE21.ipt
2025-12-16 09:31:50 | ASSEMBLY UPDATE: SUCCESS
2025-12-16 09:31:50 | ASSEMBLY UPDATE: Replacing Part4 PFC-2.ipt -> Walkway-7-CH4.ipt
2025-12-16 09:31:50 | ASSEMBLY UPDATE: SUCCESS
2025-12-16 09:31:50 | ASSEMBLY UPDATE: Replacing Part5 PFC-2.ipt -> Walkway-7-CH5.ipt
2025-12-16 09:31:50 | ASSEMBLY UPDATE: SUCCESS
2025-12-16 09:31:50 | ASSEMBLY UPDATE: Replacing Part8 PFC-2.ipt -> Walkway-7-CH6.ipt
2025-12-16 09:31:50 | ASSEMBLY UPDATE: SUCCESS
2025-12-16 09:31:50 | ASSEMBLY UPDATE: Replacing Part9 PFC-2.ipt -> Walkway-7-CH7.ipt
2025-12-16 09:31:50 | ASSEMBLY UPDATE: SUCCESS
2025-12-16 09:31:50 | ASSEMBLY UPDATE: Replacing WW7-IPE200-1.ipt -> Walkway-7-IPE18.ipt
2025-12-16 09:31:50 | ASSEMBLY UPDATE: SUCCESS
2025-12-16 09:31:50 | ASSEMBLY UPDATE: Updated 22 references
2025-12-16 09:31:50 | ASSEMBLY UPDATE: Renaming occurrences to match new filenames...
2025-12-16 09:31:50 | ASSEMBLY UPDATE: Renamed 0 occurrences
2025-12-16 09:31:50 | ASSEMBLY UPDATE: Forcing assembly update to resolve occurrences...
2025-12-16 09:31:50 | ASSEMBLY UPDATE: Assembly updated and resolved
2025-12-16 09:31:50 | Patching iLogic rules (in same session)...
2025-12-16 09:31:50 | Patched 0 iLogic rules
2025-12-16 09:31:50 | ASSEMBLY UPDATE: Saving assembly...
2025-12-16 09:31:51 | ASSEMBLY UPDATE: Complete - references updated and iLogic patched
2025-12-16 09:31:51 | Processing IDW files...
2025-12-16 09:31:51 | IDW PROCESS: Found 1 IDW files
2025-12-16 09:31:52 | IDW PROCESS: Processing MGY-200-DRP-01-08.idw -> MGY-200-DRP-01-08.idw
2025-12-16 09:31:56 | IDW PROCESS: Opening original IDW from source location...
2025-12-16 09:31:58 | IDW PROCESS: Opened successfully, now updating references...
2025-12-16 09:31:58 | IDW PROCESS: Found 22 references
2025-12-16 09:31:58 | IDW PROCESS: No mapping for Part1 Beam.ipt
2025-12-16 09:31:58 | IDW PROCESS: No mapping for Part10 PFC.ipt
2025-12-16 09:31:58 | IDW PROCESS: No mapping for Part11 End Plate.ipt
2025-12-16 09:31:58 | IDW PROCESS: No mapping for Part12 End Plate.ipt
2025-12-16 09:31:58 | IDW PROCESS: No mapping for Part13 End Plate.ipt
2025-12-16 09:31:58 | IDW PROCESS: No mapping for Part14 Centre Gusset.ipt
2025-12-16 09:31:58 | IDW PROCESS: No mapping for Part15 Corner Gusset.ipt
2025-12-16 09:31:58 | IDW PROCESS: No mapping for Part16 Centre Gusset.ipt
2025-12-16 09:31:58 | IDW PROCESS: No mapping for Part17 Angle.ipt
2025-12-16 09:31:58 | IDW PROCESS: No mapping for Part18 Angle.ipt
2025-12-16 09:31:58 | IDW PROCESS: No mapping for Part19 Angle.ipt
2025-12-16 09:31:58 | IDW PROCESS: No mapping for Part2 Beam.ipt
2025-12-16 09:31:58 | IDW PROCESS: No mapping for Part20 Angle.ipt
2025-12-16 09:31:58 | IDW PROCESS: No mapping for Part21 Angle.ipt
2025-12-16 09:31:58 | IDW PROCESS: No mapping for Part3 Beam.ipt
2025-12-16 09:31:58 | IDW PROCESS: No mapping for Part4 PFC.ipt
2025-12-16 09:31:58 | IDW PROCESS: No mapping for Part5 PFC.ipt
2025-12-16 09:31:58 | IDW PROCESS: No mapping for Part6 PFC.ipt
2025-12-16 09:31:58 | IDW PROCESS: No mapping for Part7 PFC.ipt
2025-12-16 09:31:58 | IDW PROCESS: No mapping for Part8 PFC.ipt
2025-12-16 09:31:58 | IDW PROCESS: No mapping for Part9 PFC.ipt
2025-12-16 09:31:58 | IDW PROCESS: No mapping for Walkway-7.iam
2025-12-16 09:31:58 | IDW PROCESS: Patching iLogic in IDW...
2025-12-16 09:31:58 | IDW PROCESS: Patched 0 rules in IDW
2025-12-16 09:31:58 | IDW PROCESS: Updating iProperties for MGY-200-DRP-01-08.idw
2025-12-16 09:31:58 | IDW PROCESS: Updated Part Number to 'MGY-200-DRP-01-08'
2025-12-16 09:31:58 | IDW PROCESS: Updated Description to 'Walkway-7'
2025-12-16 09:31:58 | IDW PROCESS: iProperties update complete for MGY-200-DRP-01-08.idw
2025-12-16 09:31:58 | IDW PROCESS: Saving to destination: C:\Users\Quintin\Documents\Spectiv\3. Working\22. DMS plant\22. SSCR05 - Primary Sinks D&R Screen Station\000 Structure & Walkway\Walkway-7\MGY-200-DRP-01-08.idw
2025-12-16 09:31:58 | IDW PROCESS: Successfully saved MGY-200-DRP-01-08.idw as MGY-200-DRP-01-08.idw (0 references updated)
2025-12-16 09:31:59 | IDW PROCESS: All IDW files processed successfully
2025-12-16 09:31:59 | Updating iProperties for copied documents...
2025-12-16 09:31:59 | Updated iProperties for Walkway-7.iam
2025-12-16 09:32:00 | Updated iProperties for Walkway-7-PL1.ipt
2025-12-16 09:32:00 | Updated iProperties for Walkway-7-IPE2.ipt
2025-12-16 09:32:00 | Updated iProperties for Walkway-7-IPE3.ipt
2025-12-16 09:32:00 | Updated iProperties for Walkway-7-CH4.ipt
2025-12-16 09:32:00 | Updated iProperties for Walkway-7-CH5.ipt
2025-12-16 09:32:00 | Updated iProperties for Walkway-7-CH6.ipt
2025-12-16 09:32:01 | Updated iProperties for Walkway-7-CH7.ipt
2025-12-16 09:32:01 | Updated iProperties for Walkway-7-CH8.ipt
2025-12-16 09:32:01 | Updated iProperties for Walkway-7-PL9.ipt
2025-12-16 09:32:01 | Updated iProperties for Walkway-7-PL10.ipt
2025-12-16 09:32:01 | Updated iProperties for Walkway-7-PL11.ipt
2025-12-16 09:32:01 | Updated iProperties for Walkway-7-PL12.ipt
2025-12-16 09:32:02 | Updated iProperties for Walkway-7-A13.ipt
2025-12-16 09:32:02 | Updated iProperties for Walkway-7-A14.ipt
2025-12-16 09:32:02 | Updated iProperties for Walkway-7-A15.ipt
2025-12-16 09:32:02 | Updated iProperties for Walkway-7-A16.ipt
2025-12-16 09:32:02 | Updated iProperties for Walkway-7-A17.ipt
2025-12-16 09:32:03 | Updated iProperties for Walkway-7-CH19.ipt
2025-12-16 09:32:03 | Updated iProperties for Walkway-7-A20.ipt
2025-12-16 09:32:03 | Updated iProperties for Walkway-7-IPE21.ipt
2025-12-16 09:32:03 | Updated iProperties for Walkway-7-PL22.ipt
2025-12-16 09:32:03 | Saving iLogic patch log...
2025-12-16 09:32:03 | === ASSEMBLY CLONE COMPLETED SUCCESSFULLY ===
2025-12-16 09:32:03 | Log saved to: C:\Users\Quintin\Documents\Spectiv\3. Working\22. DMS plant\REF\FINAL_PRODUCTION_SCRIPTS 1 Oct 2025\Logs\AssemblyCloner_20251216_093122.log
