2026-01-19 10:18:48 | === ASSEMBLY CLONER ===
2026-01-19 10:18:48 | Copy assembly with all sub-assemblies and parts to new isolated location
2026-01-19 10:18:53 | SUCCESS: Connected to existing Inventor instance
2026-01-19 10:18:53 | STEP 1: Detecting open assembly
2026-01-19 10:18:53 | DETECTED: Beam-24.iam
2026-01-19 10:18:53 | DETECTED: Full path - C:\Users\Quintin\Documents\Spectiv\3. Working\22. DMS plant\21. SSCR04 - Primary Floats D&R Screen Station\N1SCR06-000\000 Structure & Walkway\1.Structure\Beam24\Beam-24.iam
2026-01-19 10:18:56 | STEP 2: Getting destination folder from user
2026-01-19 10:19:08 | DESTINATION: C:\Users\Quintin\Documents\Spectiv\3. Working\22. DMS plant\21. SSCR04 - Primary Floats D&R Screen Station\N1SCR06-000\000 Structure & Walkway\1.Structure\Beam-52
2026-01-19 10:19:08 | DEST LOG: Writing destination log to C:\Users\Quintin\Documents\Spectiv\3. Working\22. DMS plant\21. SSCR04 - Primary Floats D&R Screen Station\N1SCR06-000\000 Structure & Walkway\1.Structure\Beam-52\AssemblyCloner_20260119_101908.log
2026-01-19 10:19:08 | New assembly name will be: Beam-52.iam
2026-01-19 10:19:08 | STEP 3: Asking about heritage renaming
2026-01-19 10:19:11 | PLANT: Getting plant section naming convention from user
2026-01-19 10:19:15 | PLANT: Using prefix: N1SCR04-730-
2026-01-19 10:19:15 | STEP 4: Analyzing assembly structure
2026-01-19 10:19:15 | COLLECT: Scanning assembly for all referenced parts and sub-assemblies...
2026-01-19 10:19:15 | COLLECT: PART N1SCR06-000-B70.ipt (UB254x146x31) at ROOT
2026-01-19 10:19:15 | COLLECT: PART N1SCR06-000-PL165.ipt (PL 10mm S355JR) at ROOT
2026-01-19 10:19:15 | COLLECT: PART N1SCR06-000-PL166.ipt (PL 8mm S355JR) at ROOT
2026-01-19 10:19:15 | COLLECT: PART N1SCR06-000-PL167.ipt (PL 8mm S355JR) at ROOT
2026-01-19 10:19:15 | COLLECT: PART N1SCR06-000-PL168.ipt (PL 8mm S355JR) at ROOT
2026-01-19 10:19:15 | COLLECT: Found 5 unique files
2026-01-19 10:19:15 | COLLECT: Scanning for IDW drawing files...
2026-01-19 10:19:15 | COLLECT: DRAWING MGY-200-DRP-01-01-24.idw
2026-01-19 10:19:15 | COLLECT: Skipping OldVersions folder: C:\Users\Quintin\Documents\Spectiv\3. Working\22. DMS plant\21. SSCR04 - Primary Floats D&R Screen Station\N1SCR06-000\000 Structure & Walkway\1.Structure\Beam24\OldVersions
2026-01-19 10:19:15 | ANALYZE: Found 6 unique parts to copy
2026-01-19 10:19:15 | STEP 5: Grouping components for heritage naming
2026-01-19 10:19:15 | GROUP: Grouping parts for heritage naming...
2026-01-19 10:19:15 | GROUP: Skipping drawing MGY-200-DRP-01-01-24.idw
2026-01-19 10:19:15 | GROUP: Created 2 groups
2026-01-19 10:19:15 | SCHEME: B -> N1SCR04-730-B{N}
2026-01-19 10:19:15 | SCHEME: PL -> N1SCR04-730-PL{N}
2026-01-19 10:19:15 | STEP 6: Copying assembly to destination
2026-01-19 10:19:15 | Closing source assembly for safe copy...
2026-01-19 10:19:16 | COPIED: Assembly Beam-24.iam -> Beam-52.iam
2026-01-19 10:19:16 | STEP 7: Copying parts and sub-assemblies to destination
2026-01-19 10:19:16 | COPIED: N1SCR06-000-B70.ipt -> N1SCR04-730-B1.ipt
2026-01-19 10:19:16 | COPIED: N1SCR06-000-PL165.ipt -> N1SCR04-730-PL1.ipt
2026-01-19 10:19:16 | COPIED: N1SCR06-000-PL166.ipt -> N1SCR04-730-PL2.ipt
2026-01-19 10:19:16 | COPIED: N1SCR06-000-PL167.ipt -> N1SCR04-730-PL3.ipt
2026-01-19 10:19:16 | COPIED: N1SCR06-000-PL168.ipt -> N1SCR04-730-PL4.ipt
2026-01-19 10:19:16 | COPY: DRAWING MGY-200-DRP-01-01-24.idw (keeping original name)
2026-01-19 10:19:16 | COPIED: MGY-200-DRP-01-01-24.idw -> MGY-200-DRP-01-01-24.idw
2026-01-19 10:19:16 | STEP 8: Updating references in ALL copied assemblies
2026-01-19 10:19:16 | STEP 8a: Pre-loading all copied PARTS into memory...
2026-01-19 10:19:16 | PRELOAD: N1SCR04-730-B1.ipt
2026-01-19 10:19:16 | PRELOAD: N1SCR04-730-PL1.ipt
2026-01-19 10:19:16 | PRELOAD: N1SCR04-730-PL2.ipt
2026-01-19 10:19:16 | PRELOAD: N1SCR04-730-PL3.ipt
2026-01-19 10:19:16 | PRELOAD: N1SCR04-730-PL4.ipt
2026-01-19 10:19:16 | STEP 8b: Pre-loading all copied SUB-ASSEMBLIES...
2026-01-19 10:19:16 | STEP 8c: Opening main assembly with all components in memory...
2026-01-19 10:19:16 | STEP 8c: Main assembly opened successfully
2026-01-19 10:19:16 | STEP 8d: Updating file references in all assemblies...
2026-01-19 10:19:16 | STEP 8d: Found 1 assemblies to update
2026-01-19 10:19:16 | STEP 8d: [1/1] Updating references in Beam-52.iam
2026-01-19 10:19:18 | IN-MEMORY UPDATE: Found Beam-52.iam in memory
2026-01-19 10:19:18 | IN-MEMORY UPDATE: Built lookup with 7 filenames, 7 paths
2026-01-19 10:19:18 | IN-MEMORY UPDATE: Found 5 references
2026-01-19 10:19:18 | IN-MEMORY UPDATE: Checking ref: n1scr06-000-b70.ipt (path: C:\Users\Quintin\Documents\Spectiv\3. Working\22. DMS plant\21. SSCR04 - Primary Floats D&R Screen Station\N1SCR06-000\000 Structure & Walkway\1.Structure\Beam24\N1SCR06-000-B70.ipt)
2026-01-19 10:19:18 | IN-MEMORY UPDATE: Found by EXACT PATH match
2026-01-19 10:19:18 | IN-MEMORY UPDATE: REPLACING n1scr06-000-b70.ipt -> N1SCR04-730-B1.ipt
2026-01-19 10:19:18 | IN-MEMORY UPDATE: Checking ref: n1scr06-000-pl165.ipt (path: C:\Users\Quintin\Documents\Spectiv\3. Working\22. DMS plant\21. SSCR04 - Primary Floats D&R Screen Station\N1SCR06-000\000 Structure & Walkway\1.Structure\Beam24\N1SCR06-000-PL165.ipt)
2026-01-19 10:19:18 | IN-MEMORY UPDATE: Found by EXACT PATH match
2026-01-19 10:19:18 | IN-MEMORY UPDATE: REPLACING n1scr06-000-pl165.ipt -> N1SCR04-730-PL1.ipt
2026-01-19 10:19:18 | IN-MEMORY UPDATE: Checking ref: n1scr06-000-pl166.ipt (path: C:\Users\Quintin\Documents\Spectiv\3. Working\22. DMS plant\21. SSCR04 - Primary Floats D&R Screen Station\N1SCR06-000\000 Structure & Walkway\1.Structure\Beam24\N1SCR06-000-PL166.ipt)
2026-01-19 10:19:18 | IN-MEMORY UPDATE: Found by EXACT PATH match
2026-01-19 10:19:18 | IN-MEMORY UPDATE: REPLACING n1scr06-000-pl166.ipt -> N1SCR04-730-PL2.ipt
2026-01-19 10:19:18 | IN-MEMORY UPDATE: Checking ref: n1scr06-000-pl167.ipt (path: C:\Users\Quintin\Documents\Spectiv\3. Working\22. DMS plant\21. SSCR04 - Primary Floats D&R Screen Station\N1SCR06-000\000 Structure & Walkway\1.Structure\Beam24\N1SCR06-000-PL167.ipt)
2026-01-19 10:19:18 | IN-MEMORY UPDATE: Found by EXACT PATH match
2026-01-19 10:19:18 | IN-MEMORY UPDATE: REPLACING n1scr06-000-pl167.ipt -> N1SCR04-730-PL3.ipt
2026-01-19 10:19:18 | IN-MEMORY UPDATE: Checking ref: n1scr06-000-pl168.ipt (path: C:\Users\Quintin\Documents\Spectiv\3. Working\22. DMS plant\21. SSCR04 - Primary Floats D&R Screen Station\N1SCR06-000\000 Structure & Walkway\1.Structure\Beam24\N1SCR06-000-PL168.ipt)
2026-01-19 10:19:18 | IN-MEMORY UPDATE: Found by EXACT PATH match
2026-01-19 10:19:18 | IN-MEMORY UPDATE: REPLACING n1scr06-000-pl168.ipt -> N1SCR04-730-PL4.ipt
2026-01-19 10:19:18 | IN-MEMORY UPDATE: Updated 5 references in Beam-52.iam
2026-01-19 10:19:18 | STEP 8d: Explicitly updating MAIN assembly: Beam-52.iam
2026-01-19 10:19:19 | IN-MEMORY UPDATE: Found Beam-52.iam in memory
2026-01-19 10:19:19 | IN-MEMORY UPDATE: Built lookup with 7 filenames, 7 paths
2026-01-19 10:19:19 | IN-MEMORY UPDATE: Found 5 references
2026-01-19 10:19:19 | IN-MEMORY UPDATE: Checking ref: n1scr04-730-b1.ipt (path: C:\Users\Quintin\Documents\Spectiv\3. Working\22. DMS plant\21. SSCR04 - Primary Floats D&R Screen Station\N1SCR06-000\000 Structure & Walkway\1.Structure\Beam-52\N1SCR04-730-B1.ipt)
2026-01-19 10:19:19 | IN-MEMORY UPDATE: NO MAPPING for n1scr04-730-b1.ipt
2026-01-19 10:19:19 | IN-MEMORY UPDATE: Checking ref: n1scr04-730-pl1.ipt (path: C:\Users\Quintin\Documents\Spectiv\3. Working\22. DMS plant\21. SSCR04 - Primary Floats D&R Screen Station\N1SCR06-000\000 Structure & Walkway\1.Structure\Beam-52\N1SCR04-730-PL1.ipt)
2026-01-19 10:19:19 | IN-MEMORY UPDATE: NO MAPPING for n1scr04-730-pl1.ipt
2026-01-19 10:19:19 | IN-MEMORY UPDATE: Checking ref: n1scr04-730-pl2.ipt (path: C:\Users\Quintin\Documents\Spectiv\3. Working\22. DMS plant\21. SSCR04 - Primary Floats D&R Screen Station\N1SCR06-000\000 Structure & Walkway\1.Structure\Beam-52\N1SCR04-730-PL2.ipt)
2026-01-19 10:19:19 | IN-MEMORY UPDATE: NO MAPPING for n1scr04-730-pl2.ipt
2026-01-19 10:19:19 | IN-MEMORY UPDATE: Checking ref: n1scr04-730-pl3.ipt (path: C:\Users\Quintin\Documents\Spectiv\3. Working\22. DMS plant\21. SSCR04 - Primary Floats D&R Screen Station\N1SCR06-000\000 Structure & Walkway\1.Structure\Beam-52\N1SCR04-730-PL3.ipt)
2026-01-19 10:19:19 | IN-MEMORY UPDATE: NO MAPPING for n1scr04-730-pl3.ipt
2026-01-19 10:19:19 | IN-MEMORY UPDATE: Checking ref: n1scr04-730-pl4.ipt (path: C:\Users\Quintin\Documents\Spectiv\3. Working\22. DMS plant\21. SSCR04 - Primary Floats D&R Screen Station\N1SCR06-000\000 Structure & Walkway\1.Structure\Beam-52\N1SCR04-730-PL4.ipt)
2026-01-19 10:19:19 | IN-MEMORY UPDATE: NO MAPPING for n1scr04-730-pl4.ipt
2026-01-19 10:19:19 | IN-MEMORY UPDATE: Updated 0 references in Beam-52.iam
2026-01-19 10:19:19 | STEP 8e: Saving all documents...
2026-01-19 10:19:22 | SAVED: Structure & Walkway Asm.iam
2026-01-19 10:19:23 | SAVED: Beam-52.iam
2026-01-19 10:19:23 | STEP 8: Complete
2026-01-19 10:19:23 | STEP 9: Updating IDW drawing references
2026-01-19 10:19:23 | IDW UPDATE: Could not create ApprenticeServer, falling back to Inventor
2026-01-19 10:19:23 | IDW UPDATE: Error: Object required
2026-01-19 10:19:23 | IDW UPDATE: Calling Inventor fallback method
2026-01-19 10:19:23 | IDW UPDATE (Inventor): Starting IDW update for destFolder: C:\Users\Quintin\Documents\Spectiv\3. Working\22. DMS plant\21. SSCR04 - Primary Floats D&R Screen Station\N1SCR06-000\000 Structure & Walkway\1.Structure\Beam-52
2026-01-19 10:19:23 | IDW UPDATE (Inventor): Enabled SilentOperation mode
2026-01-19 10:19:23 | IDW UPDATE (Inventor): Set resolve mode to skip unresolved files
2026-01-19 10:19:25 | IDW UPDATE: Opening main assembly to load all parts: Beam-52.iam
2026-01-19 10:19:26 | IDW UPDATE: WARNING - Could not open main assembly: Object doesn't support this property or method
2026-01-19 10:19:26 | IDW UPDATE (Inventor): Found 8 files in destination folder
2026-01-19 10:19:26 | IDW UPDATE (Inventor): Found IDW file: MGY-200-DRP-01-01-24.idw
2026-01-19 10:19:26 | IDW UPDATE (Inventor): Processing MGY-200-DRP-01-01-24.idw
2026-01-19 10:19:27 | IDW UPDATE: Found 6 references
2026-01-19 10:19:27 | IDW UPDATE: Checking reference: N1SCR04-730-B70.ipt (path: C:\Users\Quintin\Documents\Spectiv\3. Working\22. DMS plant\21. SSCR04 - Primary Floats D&R Screen Station\000 Structure & Walkway\1.Structure\Beam24\N1SCR04-730-B70.ipt)
2026-01-19 10:19:27 | IDW UPDATE: Checking reference: N1SCR04-730-PL165.ipt (path: C:\Users\Quintin\Documents\Spectiv\3. Working\22. DMS plant\21. SSCR04 - Primary Floats D&R Screen Station\000 Structure & Walkway\1.Structure\Beam24\N1SCR04-730-PL165.ipt)
2026-01-19 10:19:27 | IDW UPDATE: Checking reference: N1SCR04-730-PL166.ipt (path: C:\Users\Quintin\Documents\Spectiv\3. Working\22. DMS plant\21. SSCR04 - Primary Floats D&R Screen Station\000 Structure & Walkway\1.Structure\Beam24\N1SCR04-730-PL166.ipt)
2026-01-19 10:19:27 | IDW UPDATE: Checking reference: N1SCR04-730-PL167.ipt (path: C:\Users\Quintin\Documents\Spectiv\3. Working\22. DMS plant\21. SSCR04 - Primary Floats D&R Screen Station\000 Structure & Walkway\1.Structure\Beam24\N1SCR04-730-PL167.ipt)
2026-01-19 10:19:27 | IDW UPDATE: Checking reference: N1SCR04-730-PL168.ipt (path: C:\Users\Quintin\Documents\Spectiv\3. Working\22. DMS plant\21. SSCR04 - Primary Floats D&R Screen Station\000 Structure & Walkway\1.Structure\Beam24\N1SCR04-730-PL168.ipt)
2026-01-19 10:19:27 | IDW UPDATE: Checking reference: Beam-24.iam (path: C:\Users\Quintin\Documents\Spectiv\3. Working\22. DMS plant\23. SSCR06 - Secondary Floats D&R Screen Station\000 Structure & Walkway\1.Structure\Beam24\Beam-24.iam)
2026-01-19 10:19:27 | IDW UPDATE: FOUND mapping - Beam-24.iam -> Beam-52.iam
2026-01-19 10:19:27 | IDW UPDATE: SUCCESS - Updated reference
2026-01-19 10:19:28 | IDW UPDATE: Saved MGY-200-DRP-01-01-24.idw (1 updated)
2026-01-19 10:19:28 | IDW UPDATE (Inventor): Restored original settings
2026-01-19 10:19:28 | STEP 11: Validation scan and destination logging
2026-01-19 10:19:28 | VALIDATE: Writing source and destination inventories...
2026-01-19 10:19:28 | VALIDATE: Source file count = 14
2026-01-19 10:19:28 | VALIDATE: Destination file count = 10
2026-01-19 10:19:28 | SOURCE FILE: C:\Users\Quintin\Documents\Spectiv\3. Working\22. DMS plant\21. SSCR04 - Primary Floats D&R Screen Station\N1SCR06-000\000 Structure & Walkway\1.Structure\Beam24\Beam-24.iam
2026-01-19 10:19:28 | SOURCE FILE: C:\Users\Quintin\Documents\Spectiv\3. Working\22. DMS plant\21. SSCR04 - Primary Floats D&R Screen Station\N1SCR06-000\000 Structure & Walkway\1.Structure\Beam24\MGY-200-DRP-01-01-24.idw
2026-01-19 10:19:28 | SOURCE FILE: C:\Users\Quintin\Documents\Spectiv\3. Working\22. DMS plant\21. SSCR04 - Primary Floats D&R Screen Station\N1SCR06-000\000 Structure & Walkway\1.Structure\Beam24\N1SCR06-000-B70.ipt
2026-01-19 10:19:28 | SOURCE FILE: C:\Users\Quintin\Documents\Spectiv\3. Working\22. DMS plant\21. SSCR04 - Primary Floats D&R Screen Station\N1SCR06-000\000 Structure & Walkway\1.Structure\Beam24\N1SCR06-000-PL165.ipt
2026-01-19 10:19:28 | SOURCE FILE: C:\Users\Quintin\Documents\Spectiv\3. Working\22. DMS plant\21. SSCR04 - Primary Floats D&R Screen Station\N1SCR06-000\000 Structure & Walkway\1.Structure\Beam24\N1SCR06-000-PL166.ipt
2026-01-19 10:19:28 | SOURCE FILE: C:\Users\Quintin\Documents\Spectiv\3. Working\22. DMS plant\21. SSCR04 - Primary Floats D&R Screen Station\N1SCR06-000\000 Structure & Walkway\1.Structure\Beam24\N1SCR06-000-PL167.ipt
2026-01-19 10:19:28 | SOURCE FILE: C:\Users\Quintin\Documents\Spectiv\3. Working\22. DMS plant\21. SSCR04 - Primary Floats D&R Screen Station\N1SCR06-000\000 Structure & Walkway\1.Structure\Beam24\N1SCR06-000-PL168.ipt
2026-01-19 10:19:28 | SOURCE FILE: C:\Users\Quintin\Documents\Spectiv\3. Working\22. DMS plant\21. SSCR04 - Primary Floats D&R Screen Station\N1SCR06-000\000 Structure & Walkway\1.Structure\Beam24\OldVersions\Beam-24.0107.iam
2026-01-19 10:19:28 | SOURCE FILE: C:\Users\Quintin\Documents\Spectiv\3. Working\22. DMS plant\21. SSCR04 - Primary Floats D&R Screen Station\N1SCR06-000\000 Structure & Walkway\1.Structure\Beam24\OldVersions\MGY-200-DRP-01-01-24.0020.idw
2026-01-19 10:19:28 | SOURCE FILE: C:\Users\Quintin\Documents\Spectiv\3. Working\22. DMS plant\21. SSCR04 - Primary Floats D&R Screen Station\N1SCR06-000\000 Structure & Walkway\1.Structure\Beam24\OldVersions\N1SCR06-000-B70.0001.ipt
2026-01-19 10:19:28 | SOURCE FILE: C:\Users\Quintin\Documents\Spectiv\3. Working\22. DMS plant\21. SSCR04 - Primary Floats D&R Screen Station\N1SCR06-000\000 Structure & Walkway\1.Structure\Beam24\OldVersions\N1SCR06-000-PL165.0001.ipt
2026-01-19 10:19:28 | SOURCE FILE: C:\Users\Quintin\Documents\Spectiv\3. Working\22. DMS plant\21. SSCR04 - Primary Floats D&R Screen Station\N1SCR06-000\000 Structure & Walkway\1.Structure\Beam24\OldVersions\N1SCR06-000-PL166.0001.ipt
2026-01-19 10:19:28 | SOURCE FILE: C:\Users\Quintin\Documents\Spectiv\3. Working\22. DMS plant\21. SSCR04 - Primary Floats D&R Screen Station\N1SCR06-000\000 Structure & Walkway\1.Structure\Beam24\OldVersions\N1SCR06-000-PL167.0001.ipt
2026-01-19 10:19:28 | SOURCE FILE: C:\Users\Quintin\Documents\Spectiv\3. Working\22. DMS plant\21. SSCR04 - Primary Floats D&R Screen Station\N1SCR06-000\000 Structure & Walkway\1.Structure\Beam24\OldVersions\N1SCR06-000-PL168.0001.ipt
2026-01-19 10:19:28 | DEST FILE: C:\Users\Quintin\Documents\Spectiv\3. Working\22. DMS plant\21. SSCR04 - Primary Floats D&R Screen Station\N1SCR06-000\000 Structure & Walkway\1.Structure\Beam-52\AssemblyCloner_20260119_101908.log
2026-01-19 10:19:28 | DEST FILE: C:\Users\Quintin\Documents\Spectiv\3. Working\22. DMS plant\21. SSCR04 - Primary Floats D&R Screen Station\N1SCR06-000\000 Structure & Walkway\1.Structure\Beam-52\Beam-52.iam
2026-01-19 10:19:28 | DEST FILE: C:\Users\Quintin\Documents\Spectiv\3. Working\22. DMS plant\21. SSCR04 - Primary Floats D&R Screen Station\N1SCR06-000\000 Structure & Walkway\1.Structure\Beam-52\MGY-200-DRP-01-01-24.idw
2026-01-19 10:19:28 | DEST FILE: C:\Users\Quintin\Documents\Spectiv\3. Working\22. DMS plant\21. SSCR04 - Primary Floats D&R Screen Station\N1SCR06-000\000 Structure & Walkway\1.Structure\Beam-52\N1SCR04-730-B1.ipt
2026-01-19 10:19:28 | DEST FILE: C:\Users\Quintin\Documents\Spectiv\3. Working\22. DMS plant\21. SSCR04 - Primary Floats D&R Screen Station\N1SCR06-000\000 Structure & Walkway\1.Structure\Beam-52\N1SCR04-730-PL1.ipt
2026-01-19 10:19:28 | DEST FILE: C:\Users\Quintin\Documents\Spectiv\3. Working\22. DMS plant\21. SSCR04 - Primary Floats D&R Screen Station\N1SCR06-000\000 Structure & Walkway\1.Structure\Beam-52\N1SCR04-730-PL2.ipt
2026-01-19 10:19:28 | DEST FILE: C:\Users\Quintin\Documents\Spectiv\3. Working\22. DMS plant\21. SSCR04 - Primary Floats D&R Screen Station\N1SCR06-000\000 Structure & Walkway\1.Structure\Beam-52\N1SCR04-730-PL3.ipt
2026-01-19 10:19:28 | DEST FILE: C:\Users\Quintin\Documents\Spectiv\3. Working\22. DMS plant\21. SSCR04 - Primary Floats D&R Screen Station\N1SCR06-000\000 Structure & Walkway\1.Structure\Beam-52\N1SCR04-730-PL4.ipt
2026-01-19 10:19:28 | DEST FILE: C:\Users\Quintin\Documents\Spectiv\3. Working\22. DMS plant\21. SSCR04 - Primary Floats D&R Screen Station\N1SCR06-000\000 Structure & Walkway\1.Structure\Beam-52\OldVersions\Beam-52.0108.iam
2026-01-19 10:19:28 | DEST FILE: C:\Users\Quintin\Documents\Spectiv\3. Working\22. DMS plant\21. SSCR04 - Primary Floats D&R Screen Station\N1SCR06-000\000 Structure & Walkway\1.Structure\Beam-52\OldVersions\MGY-200-DRP-01-01-24.0021.idw
2026-01-19 10:19:28 | VALIDATE: Checking copied mappings...
2026-01-19 10:19:28 | MAP OK: C:\Users\Quintin\Documents\Spectiv\3. Working\22. DMS plant\21. SSCR04 - Primary Floats D&R Screen Station\N1SCR06-000\000 Structure & Walkway\1.Structure\Beam24\Beam-24.iam -> C:\Users\Quintin\Documents\Spectiv\3. Working\22. DMS plant\21. SSCR04 - Primary Floats D&R Screen Station\N1SCR06-000\000 Structure & Walkway\1.Structure\Beam-52\Beam-52.iam
2026-01-19 10:19:28 | MAP OK: C:\Users\Quintin\Documents\Spectiv\3. Working\22. DMS plant\21. SSCR04 - Primary Floats D&R Screen Station\N1SCR06-000\000 Structure & Walkway\1.Structure\Beam24\N1SCR06-000-B70.ipt -> C:\Users\Quintin\Documents\Spectiv\3. Working\22. DMS plant\21. SSCR04 - Primary Floats D&R Screen Station\N1SCR06-000\000 Structure & Walkway\1.Structure\Beam-52\N1SCR04-730-B1.ipt
2026-01-19 10:19:28 | MAP OK: C:\Users\Quintin\Documents\Spectiv\3. Working\22. DMS plant\21. SSCR04 - Primary Floats D&R Screen Station\N1SCR06-000\000 Structure & Walkway\1.Structure\Beam24\N1SCR06-000-PL165.ipt -> C:\Users\Quintin\Documents\Spectiv\3. Working\22. DMS plant\21. SSCR04 - Primary Floats D&R Screen Station\N1SCR06-000\000 Structure & Walkway\1.Structure\Beam-52\N1SCR04-730-PL1.ipt
2026-01-19 10:19:28 | MAP OK: C:\Users\Quintin\Documents\Spectiv\3. Working\22. DMS plant\21. SSCR04 - Primary Floats D&R Screen Station\N1SCR06-000\000 Structure & Walkway\1.Structure\Beam24\N1SCR06-000-PL166.ipt -> C:\Users\Quintin\Documents\Spectiv\3. Working\22. DMS plant\21. SSCR04 - Primary Floats D&R Screen Station\N1SCR06-000\000 Structure & Walkway\1.Structure\Beam-52\N1SCR04-730-PL2.ipt
2026-01-19 10:19:28 | MAP OK: C:\Users\Quintin\Documents\Spectiv\3. Working\22. DMS plant\21. SSCR04 - Primary Floats D&R Screen Station\N1SCR06-000\000 Structure & Walkway\1.Structure\Beam24\N1SCR06-000-PL167.ipt -> C:\Users\Quintin\Documents\Spectiv\3. Working\22. DMS plant\21. SSCR04 - Primary Floats D&R Screen Station\N1SCR06-000\000 Structure & Walkway\1.Structure\Beam-52\N1SCR04-730-PL3.ipt
2026-01-19 10:19:28 | MAP OK: C:\Users\Quintin\Documents\Spectiv\3. Working\22. DMS plant\21. SSCR04 - Primary Floats D&R Screen Station\N1SCR06-000\000 Structure & Walkway\1.Structure\Beam24\N1SCR06-000-PL168.ipt -> C:\Users\Quintin\Documents\Spectiv\3. Working\22. DMS plant\21. SSCR04 - Primary Floats D&R Screen Station\N1SCR06-000\000 Structure & Walkway\1.Structure\Beam-52\N1SCR04-730-PL4.ipt
2026-01-19 10:19:28 | MAP OK: C:\Users\Quintin\Documents\Spectiv\3. Working\22. DMS plant\21. SSCR04 - Primary Floats D&R Screen Station\N1SCR06-000\000 Structure & Walkway\1.Structure\Beam24\MGY-200-DRP-01-01-24.idw -> C:\Users\Quintin\Documents\Spectiv\3. Working\22. DMS plant\21. SSCR04 - Primary Floats D&R Screen Station\N1SCR06-000\000 Structure & Walkway\1.Structure\Beam-52\MGY-200-DRP-01-01-24.idw
2026-01-19 10:19:28 | VALIDATE: Missing mapped files = 0
2026-01-19 10:19:28 | === ASSEMBLY CLONER COMPLETED ===
