2025-12-12 12:30:30 | === ASSEMBLY CLONER STARTED ===
2025-12-12 12:30:30 | Using EXACT methodology from VBScript Option 9
2025-12-12 12:30:30 | Source assembly: C:\Users\Quintin\Documents\Spectiv\3. Working\22. DMS plant\21. SSCR04 - Primary Floats D&R Screen Station\000 Structure & Walkway\1.Structure\Beam4\Beam-4.iam
2025-12-12 12:30:30 | Source directory: C:\Users\Quintin\Documents\Spectiv\3. Working\22. DMS plant\21. SSCR04 - Primary Floats D&R Screen Station\000 Structure & Walkway\1.Structure\Beam4
2025-12-12 12:30:32 | User confirmed clone operation
2025-12-12 12:30:32 | Opening folder browser dialog...
2025-12-12 12:31:12 | Destination folder selected: C:\Users\Quintin\Documents\Spectiv\3. Working\22. DMS plant\21. SSCR04 - Primary Floats D&R Screen Station\000 Structure & Walkway\1.Structure\Beam49
2025-12-12 12:31:14 | Rename parts: True
2025-12-12 12:31:14 | Prompting for plant section prefix...
2025-12-12 12:31:16 | Plant section prefix: Beam49
2025-12-12 12:31:16 | New assembly name will be: Beam49.iam
2025-12-12 12:31:16 | COLLECT: Part1.ipt (PL 10mm S355JR)
2025-12-12 12:31:16 | COLLECT: Part2 203x133x25.ipt (UB203x133x25)
2025-12-12 12:31:16 | COLLECT: Part4.ipt (PL 8mm S355JR)
2025-12-12 12:31:16 | Collected 3 parts
2025-12-12 12:31:16 | Closing source assembly for safe copy...
2025-12-12 12:31:21 | Copying assembly file...
2025-12-12 12:31:21 | COPIED: Beam-4.iam -> Beam49.iam
2025-12-12 12:31:21 | Copying 3 parts...
2025-12-12 12:31:21 | COPIED: Part1.ipt -> Beam49-PL1.ipt
2025-12-12 12:31:21 | COPIED: Part2 203x133x25.ipt -> Beam49-B2.ipt
2025-12-12 12:31:21 | COPIED: Part4.ipt -> Beam49-PL3.ipt
2025-12-12 12:31:21 | Updating assembly references and patching iLogic...
2025-12-12 12:31:21 | ASSEMBLY UPDATE: Using fd.ReplaceReference method (same as VBScript)
2025-12-12 12:31:21 | ASSEMBLY UPDATE: Opened Beam49.iam
2025-12-12 12:31:21 | ASSEMBLY UPDATE: Found 3 file references
2025-12-12 12:31:21 | ASSEMBLY UPDATE: Replacing Part1.ipt -> Beam49-PL1.ipt
2025-12-12 12:31:21 | ASSEMBLY UPDATE: SUCCESS
2025-12-12 12:31:21 | ASSEMBLY UPDATE: Replacing Part2 203x133x25.ipt -> Beam49-B2.ipt
2025-12-12 12:31:21 | ASSEMBLY UPDATE: SUCCESS
2025-12-12 12:31:21 | ASSEMBLY UPDATE: Replacing Part4.ipt -> Beam49-PL3.ipt
2025-12-12 12:31:21 | ASSEMBLY UPDATE: SUCCESS
2025-12-12 12:31:21 | ASSEMBLY UPDATE: Updated 3 references
2025-12-12 12:31:21 | ASSEMBLY UPDATE: Renaming occurrences to match new filenames...
2025-12-12 12:31:21 | ASSEMBLY UPDATE: Renamed 0 occurrences
2025-12-12 12:31:21 | ASSEMBLY UPDATE: Forcing assembly update to resolve occurrences...
2025-12-12 12:31:21 | ASSEMBLY UPDATE: Assembly updated and resolved
2025-12-12 12:31:21 | Patching iLogic rules (in same session)...
2025-12-12 12:31:21 | Patched 0 iLogic rules
2025-12-12 12:31:21 | ASSEMBLY UPDATE: Saving assembly...
2025-12-12 12:31:21 | ASSEMBLY UPDATE: Complete - references updated and iLogic patched
2025-12-12 12:31:21 | Processing IDW files...
2025-12-12 12:31:21 | IDW PROCESS: Found 1 IDW files
2025-12-12 12:31:21 | IDW PROCESS: Processing MGY-200-DRP-01-01-04.idw
2025-12-12 12:31:54 | IDW PROCESS: Opening original IDW from source location...
2025-12-12 12:32:01 | IDW PROCESS: Opened successfully, now updating references...
2025-12-12 12:32:01 | IDW PROCESS: Found 5 references
2025-12-12 12:32:01 | IDW PROCESS: Updating Beam-4.iam -> Beam49.iam
2025-12-12 12:32:01 | IDW PROCESS: SUCCESS
2025-12-12 12:32:01 | IDW PROCESS: Updating Part1.ipt -> Beam49-PL1.ipt
2025-12-12 12:32:01 | IDW PROCESS: SUCCESS
2025-12-12 12:32:01 | IDW PROCESS: Updating Part2 203x133x25.ipt -> Beam49-B2.ipt
2025-12-12 12:32:01 | IDW PROCESS: SUCCESS
2025-12-12 12:32:01 | IDW PROCESS: No mapping for Part3.ipt
2025-12-12 12:32:01 | IDW PROCESS: Updating Part4.ipt -> Beam49-PL3.ipt
2025-12-12 12:32:01 | IDW PROCESS: SUCCESS
2025-12-12 12:32:01 | IDW PROCESS: Patching iLogic in IDW...
2025-12-12 12:32:01 | IDW PROCESS: Patched 0 rules in IDW
2025-12-12 12:32:01 | IDW PROCESS: Saving to destination: C:\Users\Quintin\Documents\Spectiv\3. Working\22. DMS plant\21. SSCR04 - Primary Floats D&R Screen Station\000 Structure & Walkway\1.Structure\Beam49\MGY-200-DRP-01-01-04.idw
2025-12-12 12:32:03 | IDW PROCESS: Successfully saved MGY-200-DRP-01-01-04.idw (4 references updated)
2025-12-12 12:32:03 | IDW PROCESS: All IDW files processed successfully
2025-12-12 12:32:03 | Saving iLogic patch log...
2025-12-12 12:32:03 | === ASSEMBLY CLONE COMPLETED SUCCESSFULLY ===
2025-12-12 12:32:03 | Log saved to: C:\Users\Quintin\Documents\Spectiv\3. Working\22. DMS plant\REF\FINAL_PRODUCTION_SCRIPTS 1 Oct 2025\Logs\AssemblyCloner_20251212_123030.log
