2026-01-15 13:53:01 | === ASSEMBLY CLONER ===
2026-01-15 13:53:01 | Copy assembly with all sub-assemblies and parts to new isolated location
2026-01-15 13:53:11 | SUCCESS: Connected to existing Inventor instance
2026-01-15 13:53:11 | STEP 1: Detecting open assembly
2026-01-15 13:53:11 | DETECTED: Flood Box.iam
2026-01-15 13:53:11 | DETECTED: Full path - C:\Users\Quintin\Documents\Spectiv\3. Working\22. DMS plant\21. SSCR04 - Primary Floats D&R Screen Station\735 Flood Box\Flood Box.iam
2026-01-15 13:53:13 | STEP 2: Getting destination folder from user
2026-01-15 13:53:20 | DESTINATION: C:\Users\Quintin\Documents\Spectiv\3. Working\22. DMS plant\21. SSCR04 - Primary Floats D&R Screen Station\TO DELETE - FLOODBOX TEST
2026-01-15 13:53:20 | DEST LOG: Writing destination log to C:\Users\Quintin\Documents\Spectiv\3. Working\22. DMS plant\21. SSCR04 - Primary Floats D&R Screen Station\TO DELETE - FLOODBOX TEST\AssemblyCloner_20260115_135320.log
2026-01-15 13:53:20 | New assembly name will be: TO DELETE - FLOODBOX TEST.iam
2026-01-15 13:53:20 | STEP 3: Asking about heritage renaming
2026-01-15 13:53:21 | PLANT: Getting plant section naming convention from user
2026-01-15 13:53:23 | PLANT: Using prefix: CLONE-001-
2026-01-15 13:53:23 | STEP 4: Analyzing assembly structure
2026-01-15 13:53:23 | COLLECT: Scanning assembly for all referenced parts and sub-assemblies...
2026-01-15 13:53:23 | COLLECT: SUB-ASSEMBLY Support Frame.iam at ROOT
2026-01-15 13:53:23 | COLLECT: SUB-ASSEMBLY Bolted Connection1.iam at ROOT>Support Frame.iam
2026-01-15 13:53:23 | COLLECT: SUB-ASSEMBLY Support Column.iam at ROOT>Support Frame.iam
2026-01-15 13:53:23 | COLLECT: PART Part1 FB-C1.ipt (PL 10mm S355JR) at ROOT>Support Frame.iam>Support Column.iam
2026-01-15 13:53:23 | COLLECT: PART Part2 203x133x25 FB-C1.ipt (UB203x133x25) at ROOT>Support Frame.iam>Support Column.iam
2026-01-15 13:53:23 | COLLECT: SUB-ASSEMBLY Bolted Connection2.iam at ROOT>Support Frame.iam
2026-01-15 13:53:23 | COLLECT: SUB-ASSEMBLY Support Beam-1.iam at ROOT>Support Frame.iam
2026-01-15 13:53:23 | COLLECT: PART Part1 FB-B1.ipt (PL 10mm S355JR) at ROOT>Support Frame.iam>Support Beam-1.iam
2026-01-15 13:53:23 | COLLECT: PART Part2 203x133x25 FB-B1.ipt (UB203x133x25) at ROOT>Support Frame.iam>Support Beam-1.iam
2026-01-15 13:53:23 | COLLECT: SUB-ASSEMBLY Support Beam-3.iam at ROOT>Support Frame.iam
2026-01-15 13:53:23 | COLLECT: PART Part2 203x133x25 FB-B3.ipt (UB203x133x25) at ROOT>Support Frame.iam>Support Beam-3.iam
2026-01-15 13:53:23 | COLLECT: SUB-ASSEMBLY Support Beam-2.iam at ROOT>Support Frame.iam
2026-01-15 13:53:23 | COLLECT: PART Part1 FB-B2.ipt (PL 10mm S355JR) at ROOT>Support Frame.iam>Support Beam-2.iam
2026-01-15 13:53:23 | COLLECT: PART Part2 203x133x25 FB-B2.ipt (UB203x133x25) at ROOT>Support Frame.iam>Support Beam-2.iam
2026-01-15 13:53:23 | COLLECT: Skipping suppressed occurrence Flood Chute Development:1 at ROOT
2026-01-15 13:53:23 | COLLECT: SUB-ASSEMBLY Bolted Connection1.iam at ROOT
2026-01-15 13:53:23 | COLLECT: SUB-ASSEMBLY Flood Chute.iam at ROOT
2026-01-15 13:53:23 | COLLECT: PART Part1 FB-C.ipt (PL 6mm S355JR) at ROOT>Flood Chute.iam
2026-01-15 13:53:23 | COLLECT: PART Part2 FB-C.ipt (PL 6mm S355JR) at ROOT>Flood Chute.iam
2026-01-15 13:53:24 | COLLECT: PART Part3 FB-C.ipt (PL 6mm S355JR) at ROOT>Flood Chute.iam
2026-01-15 13:53:24 | COLLECT: PART Part4 FB-C.ipt (PL 6mm S355JR) at ROOT>Flood Chute.iam
2026-01-15 13:53:24 | COLLECT: PART Part5 FB-C.ipt (PL 6mm S355JR) at ROOT>Flood Chute.iam
2026-01-15 13:53:24 | COLLECT: PART Part6 Angle FB-C.ipt (L60x60x6) at ROOT>Flood Chute.iam
2026-01-15 13:53:24 | COLLECT: PART Part7 Angle FB-C.ipt (L60x60x6) at ROOT>Flood Chute.iam
2026-01-15 13:53:24 | COLLECT: PART Part8 (Part7 Angle MIR) FB-C.ipt (L60x60x6) at ROOT>Flood Chute.iam
2026-01-15 13:53:24 | COLLECT: PART Part9 Angle FB-C.ipt (L60x60x6) at ROOT>Flood Chute.iam
2026-01-15 13:53:24 | COLLECT: PART Part10 FB-C.ipt (PL 10mm S355JR) at ROOT>Flood Chute.iam
2026-01-15 13:53:24 | COLLECT: PART Part11 Corner Gusset FB-C.ipt (PL 10mm S355JR) at ROOT>Flood Chute.iam
2026-01-15 13:53:24 | COLLECT: PART Lug FB-C.ipt (PL 20mm S355JR) at ROOT>Flood Chute.iam
2026-01-15 13:53:24 | COLLECT: Found 28 unique files
2026-01-15 13:53:24 | ANALYZE: Found 28 unique parts to copy
2026-01-15 13:53:24 | STEP 5: Grouping components for heritage naming
2026-01-15 13:53:24 | GROUP: Grouping parts for heritage naming...
2026-01-15 13:53:24 | GROUP: Skipping sub-assembly Support Frame.iam
2026-01-15 13:53:24 | GROUP: Skipping sub-assembly Bolted Connection1.iam
2026-01-15 13:53:24 | GROUP: Skipping sub-assembly Support Column.iam
2026-01-15 13:53:24 | GROUP: Skipping sub-assembly Bolted Connection2.iam
2026-01-15 13:53:24 | GROUP: Skipping sub-assembly Support Beam-1.iam
2026-01-15 13:53:24 | GROUP: Skipping sub-assembly Support Beam-3.iam
2026-01-15 13:53:24 | GROUP: Skipping sub-assembly Support Beam-2.iam
2026-01-15 13:53:24 | GROUP: Skipping sub-assembly Bolted Connection1.iam
2026-01-15 13:53:24 | GROUP: Skipping sub-assembly Flood Chute.iam
2026-01-15 13:53:24 | GROUP: Created 3 groups
2026-01-15 13:53:24 | SCHEME: PL -> CLONE-001-PL{N}
2026-01-15 13:53:24 | SCHEME: B -> CLONE-001-B{N}
2026-01-15 13:53:24 | SCHEME: A -> CLONE-001-A{N}
2026-01-15 13:53:24 | STEP 6: Copying assembly to destination
2026-01-15 13:53:24 | Closing source assembly for safe copy...
2026-01-15 13:53:24 | COPIED: Assembly Flood Box.iam -> TO DELETE - FLOODBOX TEST.iam
2026-01-15 13:53:24 | STEP 7: Copying parts and sub-assemblies to destination
2026-01-15 13:53:24 | COPY: SUB-ASSEMBLY Support Frame.iam (keeping original name)
2026-01-15 13:53:24 | COPIED: Support Frame.iam -> Support Frame.iam
2026-01-15 13:53:24 | COPY: SUB-ASSEMBLY Bolted Connection1.iam (keeping original name)
2026-01-15 13:53:24 | COPIED: Bolted Connection1.iam -> Bolted Connection1.iam
2026-01-15 13:53:24 | COPY: SUB-ASSEMBLY Support Column.iam (keeping original name)
2026-01-15 13:53:24 | COPIED: Support Column.iam -> Support Column.iam
2026-01-15 13:53:24 | COPIED: Part1 FB-C1.ipt -> CLONE-001-PL1.ipt
2026-01-15 13:53:24 | COPIED: Part2 203x133x25 FB-C1.ipt -> CLONE-001-B1.ipt
2026-01-15 13:53:24 | COPY: SUB-ASSEMBLY Bolted Connection2.iam (keeping original name)
2026-01-15 13:53:24 | COPIED: Bolted Connection2.iam -> Bolted Connection2.iam
2026-01-15 13:53:24 | COPY: SUB-ASSEMBLY Support Beam-1.iam (keeping original name)
2026-01-15 13:53:24 | COPIED: Support Beam-1.iam -> Support Beam-1.iam
2026-01-15 13:53:24 | COPIED: Part1 FB-B1.ipt -> CLONE-001-PL2.ipt
2026-01-15 13:53:24 | COPIED: Part2 203x133x25 FB-B1.ipt -> CLONE-001-B2.ipt
2026-01-15 13:53:24 | COPY: SUB-ASSEMBLY Support Beam-3.iam (keeping original name)
2026-01-15 13:53:24 | COPIED: Support Beam-3.iam -> Support Beam-3.iam
2026-01-15 13:53:24 | COPIED: Part2 203x133x25 FB-B3.ipt -> CLONE-001-B3.ipt
2026-01-15 13:53:24 | COPY: SUB-ASSEMBLY Support Beam-2.iam (keeping original name)
2026-01-15 13:53:24 | COPIED: Support Beam-2.iam -> Support Beam-2.iam
2026-01-15 13:53:24 | COPIED: Part1 FB-B2.ipt -> CLONE-001-PL3.ipt
2026-01-15 13:53:24 | COPIED: Part2 203x133x25 FB-B2.ipt -> CLONE-001-B4.ipt
2026-01-15 13:53:24 | COPY: SUB-ASSEMBLY Bolted Connection1.iam (keeping original name)
2026-01-15 13:53:24 | COPIED: Bolted Connection1.iam -> Bolted Connection1.iam
2026-01-15 13:53:24 | COPY: SUB-ASSEMBLY Flood Chute.iam (keeping original name)
2026-01-15 13:53:24 | COPIED: Flood Chute.iam -> Flood Chute.iam
2026-01-15 13:53:24 | COPIED: Part1 FB-C.ipt -> CLONE-001-PL4.ipt
2026-01-15 13:53:24 | COPIED: Part2 FB-C.ipt -> CLONE-001-PL5.ipt
2026-01-15 13:53:24 | COPIED: Part3 FB-C.ipt -> CLONE-001-PL6.ipt
2026-01-15 13:53:24 | COPIED: Part4 FB-C.ipt -> CLONE-001-PL7.ipt
2026-01-15 13:53:24 | COPIED: Part5 FB-C.ipt -> CLONE-001-PL8.ipt
2026-01-15 13:53:24 | COPIED: Part6 Angle FB-C.ipt -> CLONE-001-A1.ipt
2026-01-15 13:53:24 | COPIED: Part7 Angle FB-C.ipt -> CLONE-001-A2.ipt
2026-01-15 13:53:24 | COPIED: Part8 (Part7 Angle MIR) FB-C.ipt -> CLONE-001-A3.ipt
2026-01-15 13:53:24 | COPIED: Part9 Angle FB-C.ipt -> CLONE-001-A4.ipt
2026-01-15 13:53:24 | COPIED: Part10 FB-C.ipt -> CLONE-001-PL9.ipt
2026-01-15 13:53:24 | COPIED: Part11 Corner Gusset FB-C.ipt -> CLONE-001-PL10.ipt
2026-01-15 13:53:24 | COPIED: Lug FB-C.ipt -> CLONE-001-PL11.ipt
2026-01-15 13:53:24 | STEP 8: Updating references in ALL copied assemblies using ApprenticeServer
2026-01-15 13:53:24 | STEP 8: Updating references in TO DELETE - FLOODBOX TEST.iam
2026-01-15 13:53:24 | ASSEMBLY UPDATE: ApprenticeServer not available, using Inventor method
2026-01-15 13:53:24 | ASSEMBLY UPDATE (Inventor): Opening assembly...
2026-01-15 13:53:25 | ASSEMBLY UPDATE (Inventor): Opened TO DELETE - FLOODBOX TEST.iam
2026-01-15 13:53:25 | UPDATE: Updating assembly references to local copies...
2026-01-15 13:53:25 | UPDATE: Built filename lookup with 28 entries
2026-01-15 13:53:25 | UPDATE: Using File.ReferencedFileDescriptors method - 4 references at level ROOT
2026-01-15 13:53:25 | UPDATE: Bolted Connection1.iam -> Bolted Connection1.iam
2026-01-15 13:53:25 | UPDATE: Flood Chute.iam -> Flood Chute.iam
2026-01-15 13:53:25 | UPDATE: Support Frame.iam -> Support Frame.iam
2026-01-15 13:53:25 | UPDATE: No mapping for Flood Chute Development.ipt
2026-01-15 13:53:25 | UPDATE: Updated 3 of 4 references at level ROOT
2026-01-15 13:53:25 | ASSEMBLY UPDATE (Inventor): Saved successfully
2026-01-15 13:53:25 | ASSEMBLY UPDATE (Inventor): Complete - assembly left open for verification
2026-01-15 13:53:25 | STEP 8: Updating references in Support Frame.iam
2026-01-15 13:53:25 | ASSEMBLY UPDATE: ApprenticeServer not available, using Inventor method
2026-01-15 13:53:25 | ASSEMBLY UPDATE (Inventor): Opening assembly...
2026-01-15 13:53:25 | ASSEMBLY UPDATE (Inventor): Opened Support Frame.iam
2026-01-15 13:53:25 | UPDATE: Updating assembly references to local copies...
2026-01-15 13:53:25 | UPDATE: Built filename lookup with 28 entries
2026-01-15 13:53:25 | UPDATE: Using File.ReferencedFileDescriptors method - 6 references at level ROOT
2026-01-15 13:53:25 | UPDATE: Bolted Connection1.iam -> Bolted Connection1.iam
2026-01-15 13:53:25 | UPDATE: Bolted Connection2.iam -> Bolted Connection2.iam
2026-01-15 13:53:25 | UPDATE: Support Beam-1.iam -> Support Beam-1.iam
2026-01-15 13:53:25 | UPDATE: Support Beam-2.iam -> Support Beam-2.iam
2026-01-15 13:53:25 | UPDATE: Support Beam-3.iam -> Support Beam-3.iam
2026-01-15 13:53:25 | UPDATE: Support Column.iam -> Support Column.iam
2026-01-15 13:53:25 | UPDATE: Updated 6 of 6 references at level ROOT
2026-01-15 13:53:25 | ASSEMBLY UPDATE (Inventor): Saved successfully
2026-01-15 13:53:25 | ASSEMBLY UPDATE (Inventor): Complete - assembly left open for verification
2026-01-15 13:53:25 | STEP 8: Updating references in Bolted Connection1.iam
2026-01-15 13:53:25 | ASSEMBLY UPDATE: ApprenticeServer not available, using Inventor method
2026-01-15 13:53:25 | ASSEMBLY UPDATE (Inventor): Opening assembly...
2026-01-15 13:53:25 | ASSEMBLY UPDATE (Inventor): Opened Bolted Connection1.iam
2026-01-15 13:53:25 | UPDATE: Updating assembly references to local copies...
2026-01-15 13:53:25 | UPDATE: Built filename lookup with 28 entries
2026-01-15 13:53:25 | UPDATE: Using File.ReferencedFileDescriptors method - 0 references at level ROOT
2026-01-15 13:53:25 | UPDATE: Updated 0 of 0 references at level ROOT
2026-01-15 13:53:25 | ASSEMBLY UPDATE (Inventor): Saved successfully
2026-01-15 13:53:25 | ASSEMBLY UPDATE (Inventor): Complete - assembly left open for verification
2026-01-15 13:53:25 | STEP 8: Updating references in Support Column.iam
2026-01-15 13:53:25 | ASSEMBLY UPDATE: ApprenticeServer not available, using Inventor method
2026-01-15 13:53:25 | ASSEMBLY UPDATE (Inventor): Opening assembly...
2026-01-15 13:53:25 | ASSEMBLY UPDATE (Inventor): Opened Support Column.iam
2026-01-15 13:53:25 | UPDATE: Updating assembly references to local copies...
2026-01-15 13:53:25 | UPDATE: Built filename lookup with 28 entries
2026-01-15 13:53:25 | UPDATE: Using File.ReferencedFileDescriptors method - 2 references at level ROOT
2026-01-15 13:53:25 | UPDATE: Part1 FB-C1.ipt -> CLONE-001-PL1.ipt
2026-01-15 13:53:25 | UPDATE: Part2 203x133x25 FB-C1.ipt -> CLONE-001-B1.ipt
2026-01-15 13:53:25 | UPDATE: Updated 2 of 2 references at level ROOT
2026-01-15 13:53:26 | ASSEMBLY UPDATE (Inventor): Saved successfully
2026-01-15 13:53:26 | ASSEMBLY UPDATE (Inventor): Complete - assembly left open for verification
2026-01-15 13:53:26 | STEP 8: Updating references in Bolted Connection2.iam
2026-01-15 13:53:26 | ASSEMBLY UPDATE: ApprenticeServer not available, using Inventor method
2026-01-15 13:53:26 | ASSEMBLY UPDATE (Inventor): Opening assembly...
2026-01-15 13:53:26 | ASSEMBLY UPDATE (Inventor): Opened Bolted Connection2.iam
2026-01-15 13:53:26 | UPDATE: Updating assembly references to local copies...
2026-01-15 13:53:26 | UPDATE: Built filename lookup with 28 entries
2026-01-15 13:53:26 | UPDATE: Using File.ReferencedFileDescriptors method - 0 references at level ROOT
2026-01-15 13:53:26 | UPDATE: Updated 0 of 0 references at level ROOT
2026-01-15 13:53:26 | ASSEMBLY UPDATE (Inventor): Saved successfully
2026-01-15 13:53:26 | ASSEMBLY UPDATE (Inventor): Complete - assembly left open for verification
2026-01-15 13:53:26 | STEP 8: Updating references in Support Beam-1.iam
2026-01-15 13:53:26 | ASSEMBLY UPDATE: ApprenticeServer not available, using Inventor method
2026-01-15 13:53:26 | ASSEMBLY UPDATE (Inventor): Opening assembly...
2026-01-15 13:53:26 | ASSEMBLY UPDATE (Inventor): Opened Support Beam-1.iam
2026-01-15 13:53:26 | UPDATE: Updating assembly references to local copies...
2026-01-15 13:53:26 | UPDATE: Built filename lookup with 28 entries
2026-01-15 13:53:26 | UPDATE: Using File.ReferencedFileDescriptors method - 2 references at level ROOT
2026-01-15 13:53:26 | UPDATE: Part1 FB-B1.ipt -> CLONE-001-PL2.ipt
2026-01-15 13:53:26 | UPDATE: Part2 203x133x25 FB-B1.ipt -> CLONE-001-B2.ipt
2026-01-15 13:53:26 | UPDATE: Updated 2 of 2 references at level ROOT
2026-01-15 13:53:26 | ASSEMBLY UPDATE (Inventor): Saved successfully
2026-01-15 13:53:26 | ASSEMBLY UPDATE (Inventor): Complete - assembly left open for verification
2026-01-15 13:53:26 | STEP 8: Updating references in Support Beam-3.iam
2026-01-15 13:53:26 | ASSEMBLY UPDATE: ApprenticeServer not available, using Inventor method
2026-01-15 13:53:26 | ASSEMBLY UPDATE (Inventor): Opening assembly...
2026-01-15 13:53:26 | ASSEMBLY UPDATE (Inventor): Opened Support Beam-3.iam
2026-01-15 13:53:26 | UPDATE: Updating assembly references to local copies...
2026-01-15 13:53:26 | UPDATE: Built filename lookup with 28 entries
2026-01-15 13:53:26 | UPDATE: Using File.ReferencedFileDescriptors method - 2 references at level ROOT
2026-01-15 13:53:26 | UPDATE: Part1 FB-B1.ipt -> CLONE-001-PL2.ipt
2026-01-15 13:53:26 | UPDATE: Part2 203x133x25 FB-B3.ipt -> CLONE-001-B3.ipt
2026-01-15 13:53:26 | UPDATE: Updated 2 of 2 references at level ROOT
2026-01-15 13:53:26 | ASSEMBLY UPDATE (Inventor): Saved successfully
2026-01-15 13:53:26 | ASSEMBLY UPDATE (Inventor): Complete - assembly left open for verification
2026-01-15 13:53:26 | STEP 8: Updating references in Support Beam-2.iam
2026-01-15 13:53:26 | ASSEMBLY UPDATE: ApprenticeServer not available, using Inventor method
2026-01-15 13:53:26 | ASSEMBLY UPDATE (Inventor): Opening assembly...
2026-01-15 13:53:26 | ASSEMBLY UPDATE (Inventor): Opened Support Beam-2.iam
2026-01-15 13:53:26 | UPDATE: Updating assembly references to local copies...
2026-01-15 13:53:26 | UPDATE: Built filename lookup with 28 entries
2026-01-15 13:53:26 | UPDATE: Using File.ReferencedFileDescriptors method - 2 references at level ROOT
2026-01-15 13:53:26 | UPDATE: Part1 FB-B2.ipt -> CLONE-001-PL3.ipt
2026-01-15 13:53:26 | UPDATE: Part2 203x133x25 FB-B2.ipt -> CLONE-001-B4.ipt
2026-01-15 13:53:26 | UPDATE: Updated 2 of 2 references at level ROOT
2026-01-15 13:53:27 | ASSEMBLY UPDATE (Inventor): Saved successfully
2026-01-15 13:53:27 | ASSEMBLY UPDATE (Inventor): Complete - assembly left open for verification
2026-01-15 13:53:27 | STEP 8: Updating references in Bolted Connection1.iam
2026-01-15 13:53:27 | ASSEMBLY UPDATE: ApprenticeServer not available, using Inventor method
2026-01-15 13:53:27 | ASSEMBLY UPDATE (Inventor): Opening assembly...
2026-01-15 13:53:27 | ASSEMBLY UPDATE (Inventor): Opened Bolted Connection1.iam
2026-01-15 13:53:27 | UPDATE: Updating assembly references to local copies...
2026-01-15 13:53:27 | UPDATE: Built filename lookup with 28 entries
2026-01-15 13:53:27 | UPDATE: Using File.ReferencedFileDescriptors method - 0 references at level ROOT
2026-01-15 13:53:27 | UPDATE: Updated 0 of 0 references at level ROOT
2026-01-15 13:53:27 | ASSEMBLY UPDATE (Inventor): Saved successfully
2026-01-15 13:53:27 | ASSEMBLY UPDATE (Inventor): Complete - assembly left open for verification
2026-01-15 13:53:27 | STEP 8: Updating references in Flood Chute.iam
2026-01-15 13:53:27 | ASSEMBLY UPDATE: ApprenticeServer not available, using Inventor method
2026-01-15 13:53:27 | ASSEMBLY UPDATE (Inventor): Opening assembly...
2026-01-15 13:53:27 | ASSEMBLY UPDATE (Inventor): Opened Flood Chute.iam
2026-01-15 13:53:27 | UPDATE: Updating assembly references to local copies...
2026-01-15 13:53:27 | UPDATE: Built filename lookup with 28 entries
2026-01-15 13:53:27 | UPDATE: Using File.ReferencedFileDescriptors method - 12 references at level ROOT
2026-01-15 13:53:27 | UPDATE: Lug FB-C.ipt -> CLONE-001-PL11.ipt
2026-01-15 13:53:27 | UPDATE: Part1 FB-C.ipt -> CLONE-001-PL4.ipt
2026-01-15 13:53:27 | UPDATE: Part10 FB-C.ipt -> CLONE-001-PL9.ipt
2026-01-15 13:53:27 | UPDATE: Part11 Corner Gusset FB-C.ipt -> CLONE-001-PL10.ipt
2026-01-15 13:53:27 | UPDATE: Part2 FB-C.ipt -> CLONE-001-PL5.ipt
2026-01-15 13:53:27 | UPDATE: Part3 FB-C.ipt -> CLONE-001-PL6.ipt
2026-01-15 13:53:27 | UPDATE: Part4 FB-C.ipt -> CLONE-001-PL7.ipt
2026-01-15 13:53:27 | UPDATE: Part5 FB-C.ipt -> CLONE-001-PL8.ipt
2026-01-15 13:53:27 | UPDATE: Part6 Angle FB-C.ipt -> CLONE-001-A1.ipt
2026-01-15 13:53:27 | UPDATE: Part7 Angle FB-C.ipt -> CLONE-001-A2.ipt
2026-01-15 13:53:27 | UPDATE: Part8 (Part7 Angle MIR) FB-C.ipt -> CLONE-001-A3.ipt
2026-01-15 13:53:27 | UPDATE: Part9 Angle FB-C.ipt -> CLONE-001-A4.ipt
2026-01-15 13:53:27 | UPDATE: Updated 12 of 12 references at level ROOT
2026-01-15 13:53:28 | ASSEMBLY UPDATE (Inventor): Saved successfully
2026-01-15 13:53:28 | ASSEMBLY UPDATE (Inventor): Complete - assembly left open for verification
2026-01-15 13:53:28 | STEP 10: Updating iProperties for copied documents
2026-01-15 13:53:28 | IPROP: Starting iProperties update for 29 copied files
2026-01-15 13:53:28 | IPROP: Updated iProperties for TO DELETE - FLOODBOX TEST.iam
2026-01-15 13:53:28 | IPROP: ERROR saving TO DELETE - FLOODBOX TEST.iam: Object required
2026-01-15 13:53:29 | IPROP: Updated iProperties for Support Frame.iam
2026-01-15 13:53:29 | IPROP: ERROR saving Support Frame.iam: Object required
2026-01-15 13:53:30 | IPROP: Updated iProperties for Bolted Connection1.iam
2026-01-15 13:53:30 | IPROP: ERROR saving Bolted Connection1.iam: Object required
2026-01-15 13:53:30 | IPROP: Updated iProperties for Support Column.iam
2026-01-15 13:53:30 | IPROP: ERROR saving Support Column.iam: Object required
2026-01-15 13:53:31 | IPROP: Updated iProperties for CLONE-001-PL1.ipt
2026-01-15 13:53:31 | IPROP: ERROR saving CLONE-001-PL1.ipt: Object required
2026-01-15 13:53:32 | IPROP: Updated iProperties for CLONE-001-B1.ipt
2026-01-15 13:53:32 | IPROP: ERROR saving CLONE-001-B1.ipt: Object required
2026-01-15 13:53:32 | IPROP: Updated iProperties for Bolted Connection2.iam
2026-01-15 13:53:32 | IPROP: ERROR saving Bolted Connection2.iam: Object required
2026-01-15 13:53:33 | IPROP: Updated iProperties for Support Beam-1.iam
2026-01-15 13:53:33 | IPROP: ERROR saving Support Beam-1.iam: Object required
2026-01-15 13:53:34 | IPROP: Updated iProperties for CLONE-001-PL2.ipt
2026-01-15 13:53:34 | IPROP: ERROR saving CLONE-001-PL2.ipt: Object required
2026-01-15 13:53:34 | IPROP: Updated iProperties for CLONE-001-B2.ipt
2026-01-15 13:53:35 | IPROP: ERROR saving CLONE-001-B2.ipt: Object required
2026-01-15 13:53:35 | IPROP: Updated iProperties for Support Beam-3.iam
2026-01-15 13:53:35 | IPROP: ERROR saving Support Beam-3.iam: Object required
2026-01-15 13:53:36 | IPROP: Updated iProperties for CLONE-001-B3.ipt
2026-01-15 13:53:36 | IPROP: ERROR saving CLONE-001-B3.ipt: Object required
2026-01-15 13:53:37 | IPROP: Updated iProperties for Support Beam-2.iam
2026-01-15 13:53:37 | IPROP: ERROR saving Support Beam-2.iam: Object required
2026-01-15 13:53:38 | IPROP: Updated iProperties for CLONE-001-PL3.ipt
2026-01-15 13:53:38 | IPROP: ERROR saving CLONE-001-PL3.ipt: Object required
2026-01-15 13:53:38 | IPROP: Updated iProperties for CLONE-001-B4.ipt
2026-01-15 13:53:38 | IPROP: ERROR saving CLONE-001-B4.ipt: Object required
2026-01-15 13:53:39 | IPROP: Updated iProperties for Bolted Connection1.iam
2026-01-15 13:53:39 | IPROP: ERROR saving Bolted Connection1.iam: Object required
2026-01-15 13:53:40 | IPROP: Updated iProperties for Flood Chute.iam
2026-01-15 13:53:40 | IPROP: ERROR saving Flood Chute.iam: Object required
2026-01-15 13:53:41 | IPROP: Updated iProperties for CLONE-001-PL4.ipt
2026-01-15 13:53:41 | IPROP: ERROR saving CLONE-001-PL4.ipt: Object required
2026-01-15 13:53:41 | IPROP: Updated iProperties for CLONE-001-PL5.ipt
2026-01-15 13:53:41 | IPROP: ERROR saving CLONE-001-PL5.ipt: Object required
2026-01-15 13:53:42 | IPROP: Updated iProperties for CLONE-001-PL6.ipt
2026-01-15 13:53:42 | IPROP: ERROR saving CLONE-001-PL6.ipt: Object required
2026-01-15 13:53:43 | IPROP: Updated iProperties for CLONE-001-PL7.ipt
2026-01-15 13:53:43 | IPROP: ERROR saving CLONE-001-PL7.ipt: Object required
2026-01-15 13:53:43 | IPROP: Updated iProperties for CLONE-001-PL8.ipt
2026-01-15 13:53:43 | IPROP: ERROR saving CLONE-001-PL8.ipt: Object required
2026-01-15 13:53:44 | IPROP: Updated iProperties for CLONE-001-A1.ipt
2026-01-15 13:53:44 | IPROP: ERROR saving CLONE-001-A1.ipt: Object required
2026-01-15 13:53:45 | IPROP: Updated iProperties for CLONE-001-A2.ipt
2026-01-15 13:53:45 | IPROP: ERROR saving CLONE-001-A2.ipt: Object required
2026-01-15 13:53:45 | IPROP: Updated iProperties for CLONE-001-A3.ipt
2026-01-15 13:53:45 | IPROP: ERROR saving CLONE-001-A3.ipt: Object required
2026-01-15 13:53:46 | IPROP: Updated iProperties for CLONE-001-A4.ipt
2026-01-15 13:53:46 | IPROP: ERROR saving CLONE-001-A4.ipt: Object required
2026-01-15 13:53:47 | IPROP: Updated iProperties for CLONE-001-PL9.ipt
2026-01-15 13:53:47 | IPROP: ERROR saving CLONE-001-PL9.ipt: Object required
2026-01-15 13:53:48 | IPROP: Updated iProperties for CLONE-001-PL10.ipt
2026-01-15 13:53:48 | IPROP: ERROR saving CLONE-001-PL10.ipt: Object required
2026-01-15 13:53:48 | IPROP: Updated iProperties for CLONE-001-PL11.ipt
2026-01-15 13:53:48 | IPROP: ERROR saving CLONE-001-PL11.ipt: Object required
2026-01-15 13:53:48 | IPROP: Completed - updated 29 documents
2026-01-15 13:53:48 | STEP 11: Validation scan and destination logging
2026-01-15 13:53:48 | VALIDATE: Writing source and destination inventories...
2026-01-15 13:53:49 | VALIDATE: Source file count = 56
2026-01-15 13:53:49 | VALIDATE: Destination file count = 57
2026-01-15 13:53:49 | SOURCE FILE: C:\Users\Quintin\Documents\Spectiv\3. Working\22. DMS plant\21. SSCR04 - Primary Floats D&R Screen Station\735 Flood Box\Flood Box - 2025-11-25.rar
2026-01-15 13:53:49 | SOURCE FILE: C:\Users\Quintin\Documents\Spectiv\3. Working\22. DMS plant\21. SSCR04 - Primary Floats D&R Screen Station\735 Flood Box\Flood Box.iam
2026-01-15 13:53:49 | SOURCE FILE: C:\Users\Quintin\Documents\Spectiv\3. Working\22. DMS plant\21. SSCR04 - Primary Floats D&R Screen Station\735 Flood Box\MGY-200-DRD-09-00.idw
2026-01-15 13:53:49 | SOURCE FILE: C:\Users\Quintin\Documents\Spectiv\3. Working\22. DMS plant\21. SSCR04 - Primary Floats D&R Screen Station\735 Flood Box\Chute\Flood Chute Development for plates.ipt
2026-01-15 13:53:49 | SOURCE FILE: C:\Users\Quintin\Documents\Spectiv\3. Working\22. DMS plant\21. SSCR04 - Primary Floats D&R Screen Station\735 Flood Box\Chute\Flood Chute Development.ipt
2026-01-15 13:53:49 | SOURCE FILE: C:\Users\Quintin\Documents\Spectiv\3. Working\22. DMS plant\21. SSCR04 - Primary Floats D&R Screen Station\735 Flood Box\Chute\Flood Chute.iam
2026-01-15 13:53:49 | SOURCE FILE: C:\Users\Quintin\Documents\Spectiv\3. Working\22. DMS plant\21. SSCR04 - Primary Floats D&R Screen Station\735 Flood Box\Chute\Lug FB-C.ipt
2026-01-15 13:53:49 | SOURCE FILE: C:\Users\Quintin\Documents\Spectiv\3. Working\22. DMS plant\21. SSCR04 - Primary Floats D&R Screen Station\735 Flood Box\Chute\MGY-200-DRD-09-02.idw
2026-01-15 13:53:49 | SOURCE FILE: C:\Users\Quintin\Documents\Spectiv\3. Working\22. DMS plant\21. SSCR04 - Primary Floats D&R Screen Station\735 Flood Box\Chute\Part1 FB-C.ipt
2026-01-15 13:53:49 | SOURCE FILE: C:\Users\Quintin\Documents\Spectiv\3. Working\22. DMS plant\21. SSCR04 - Primary Floats D&R Screen Station\735 Flood Box\Chute\Part10 FB-C.ipt
2026-01-15 13:53:49 | SOURCE FILE: C:\Users\Quintin\Documents\Spectiv\3. Working\22. DMS plant\21. SSCR04 - Primary Floats D&R Screen Station\735 Flood Box\Chute\Part11 Corner Gusset FB-C.ipt
2026-01-15 13:53:49 | SOURCE FILE: C:\Users\Quintin\Documents\Spectiv\3. Working\22. DMS plant\21. SSCR04 - Primary Floats D&R Screen Station\735 Flood Box\Chute\Part2 FB-C.ipt
2026-01-15 13:53:49 | SOURCE FILE: C:\Users\Quintin\Documents\Spectiv\3. Working\22. DMS plant\21. SSCR04 - Primary Floats D&R Screen Station\735 Flood Box\Chute\Part3 FB-C.ipt
2026-01-15 13:53:49 | SOURCE FILE: C:\Users\Quintin\Documents\Spectiv\3. Working\22. DMS plant\21. SSCR04 - Primary Floats D&R Screen Station\735 Flood Box\Chute\Part4 FB-C.ipt
2026-01-15 13:53:49 | SOURCE FILE: C:\Users\Quintin\Documents\Spectiv\3. Working\22. DMS plant\21. SSCR04 - Primary Floats D&R Screen Station\735 Flood Box\Chute\Part5 FB-C.ipt
2026-01-15 13:53:49 | SOURCE FILE: C:\Users\Quintin\Documents\Spectiv\3. Working\22. DMS plant\21. SSCR04 - Primary Floats D&R Screen Station\735 Flood Box\Chute\Part6 Angle FB-C.ipt
2026-01-15 13:53:49 | SOURCE FILE: C:\Users\Quintin\Documents\Spectiv\3. Working\22. DMS plant\21. SSCR04 - Primary Floats D&R Screen Station\735 Flood Box\Chute\Part7 Angle FB-C.ipt
2026-01-15 13:53:49 | SOURCE FILE: C:\Users\Quintin\Documents\Spectiv\3. Working\22. DMS plant\21. SSCR04 - Primary Floats D&R Screen Station\735 Flood Box\Chute\Part8 (Part7 Angle MIR) FB-C.ipt
2026-01-15 13:53:49 | SOURCE FILE: C:\Users\Quintin\Documents\Spectiv\3. Working\22. DMS plant\21. SSCR04 - Primary Floats D&R Screen Station\735 Flood Box\Chute\Part9 Angle FB-C.ipt
2026-01-15 13:53:49 | SOURCE FILE: C:\Users\Quintin\Documents\Spectiv\3. Working\22. DMS plant\21. SSCR04 - Primary Floats D&R Screen Station\735 Flood Box\Flood Box\Design Accelerator\Bolted Connection1.iam
2026-01-15 13:53:49 | SOURCE FILE: C:\Users\Quintin\Documents\Spectiv\3. Working\22. DMS plant\21. SSCR04 - Primary Floats D&R Screen Station\735 Flood Box\OldVersions\Flood Box.0033.iam
2026-01-15 13:53:49 | SOURCE FILE: C:\Users\Quintin\Documents\Spectiv\3. Working\22. DMS plant\21. SSCR04 - Primary Floats D&R Screen Station\735 Flood Box\Support\MGY-200-DRD-09-01-00.idw
2026-01-15 13:53:49 | SOURCE FILE: C:\Users\Quintin\Documents\Spectiv\3. Working\22. DMS plant\21. SSCR04 - Primary Floats D&R Screen Station\735 Flood Box\Support\Support Frame.iam
2026-01-15 13:53:49 | SOURCE FILE: C:\Users\Quintin\Documents\Spectiv\3. Working\22. DMS plant\21. SSCR04 - Primary Floats D&R Screen Station\735 Flood Box\Support\OldVersions\Support Frame.0075.iam
2026-01-15 13:53:49 | SOURCE FILE: C:\Users\Quintin\Documents\Spectiv\3. Working\22. DMS plant\21. SSCR04 - Primary Floats D&R Screen Station\735 Flood Box\Support\Support Beam-1\MGY-200-DRD-09-01-02.idw
2026-01-15 13:53:49 | SOURCE FILE: C:\Users\Quintin\Documents\Spectiv\3. Working\22. DMS plant\21. SSCR04 - Primary Floats D&R Screen Station\735 Flood Box\Support\Support Beam-1\Part1 FB-B1.ipt
2026-01-15 13:53:49 | SOURCE FILE: C:\Users\Quintin\Documents\Spectiv\3. Working\22. DMS plant\21. SSCR04 - Primary Floats D&R Screen Station\735 Flood Box\Support\Support Beam-1\Part2 203x133x25 FB-B1.ipt
2026-01-15 13:53:49 | SOURCE FILE: C:\Users\Quintin\Documents\Spectiv\3. Working\22. DMS plant\21. SSCR04 - Primary Floats D&R Screen Station\735 Flood Box\Support\Support Beam-1\Support Beam-1.iam
2026-01-15 13:53:49 | SOURCE FILE: C:\Users\Quintin\Documents\Spectiv\3. Working\22. DMS plant\21. SSCR04 - Primary Floats D&R Screen Station\735 Flood Box\Support\Support Beam-1\OldVersions\Part1 FB-B1.0016.ipt
2026-01-15 13:53:49 | SOURCE FILE: C:\Users\Quintin\Documents\Spectiv\3. Working\22. DMS plant\21. SSCR04 - Primary Floats D&R Screen Station\735 Flood Box\Support\Support Beam-1\OldVersions\Part2 203x133x25 FB-B1.0053.ipt
2026-01-15 13:53:49 | SOURCE FILE: C:\Users\Quintin\Documents\Spectiv\3. Working\22. DMS plant\21. SSCR04 - Primary Floats D&R Screen Station\735 Flood Box\Support\Support Beam-1\OldVersions\Support Beam-1.0058.iam
2026-01-15 13:53:49 | SOURCE FILE: C:\Users\Quintin\Documents\Spectiv\3. Working\22. DMS plant\21. SSCR04 - Primary Floats D&R Screen Station\735 Flood Box\Support\Support Beam-2\MGY-200-DRD-09-01-03.idw
2026-01-15 13:53:49 | SOURCE FILE: C:\Users\Quintin\Documents\Spectiv\3. Working\22. DMS plant\21. SSCR04 - Primary Floats D&R Screen Station\735 Flood Box\Support\Support Beam-2\Part1 FB-B2.ipt
2026-01-15 13:53:49 | SOURCE FILE: C:\Users\Quintin\Documents\Spectiv\3. Working\22. DMS plant\21. SSCR04 - Primary Floats D&R Screen Station\735 Flood Box\Support\Support Beam-2\Part2 203x133x25 FB-B2.ipt
2026-01-15 13:53:49 | SOURCE FILE: C:\Users\Quintin\Documents\Spectiv\3. Working\22. DMS plant\21. SSCR04 - Primary Floats D&R Screen Station\735 Flood Box\Support\Support Beam-2\Support Beam-2.iam
2026-01-15 13:53:49 | SOURCE FILE: C:\Users\Quintin\Documents\Spectiv\3. Working\22. DMS plant\21. SSCR04 - Primary Floats D&R Screen Station\735 Flood Box\Support\Support Beam-2\OldVersions\Part1 FB-B2.0018.ipt
2026-01-15 13:53:49 | SOURCE FILE: C:\Users\Quintin\Documents\Spectiv\3. Working\22. DMS plant\21. SSCR04 - Primary Floats D&R Screen Station\735 Flood Box\Support\Support Beam-2\OldVersions\Part2 203x133x25 FB-B2.0042.ipt
2026-01-15 13:53:49 | SOURCE FILE: C:\Users\Quintin\Documents\Spectiv\3. Working\22. DMS plant\21. SSCR04 - Primary Floats D&R Screen Station\735 Flood Box\Support\Support Beam-2\OldVersions\Support Beam-2.0051.iam
2026-01-15 13:53:49 | SOURCE FILE: C:\Users\Quintin\Documents\Spectiv\3. Working\22. DMS plant\21. SSCR04 - Primary Floats D&R Screen Station\735 Flood Box\Support\Support Beam-3\MGY-200-DRD-09-01-02.idw
2026-01-15 13:53:49 | SOURCE FILE: C:\Users\Quintin\Documents\Spectiv\3. Working\22. DMS plant\21. SSCR04 - Primary Floats D&R Screen Station\735 Flood Box\Support\Support Beam-3\Part1 FB-B3.ipt
2026-01-15 13:53:49 | SOURCE FILE: C:\Users\Quintin\Documents\Spectiv\3. Working\22. DMS plant\21. SSCR04 - Primary Floats D&R Screen Station\735 Flood Box\Support\Support Beam-3\Part2 203x133x25 FB-B3.ipt
2026-01-15 13:53:49 | SOURCE FILE: C:\Users\Quintin\Documents\Spectiv\3. Working\22. DMS plant\21. SSCR04 - Primary Floats D&R Screen Station\735 Flood Box\Support\Support Beam-3\Support Beam-3.iam
2026-01-15 13:53:49 | SOURCE FILE: C:\Users\Quintin\Documents\Spectiv\3. Working\22. DMS plant\21. SSCR04 - Primary Floats D&R Screen Station\735 Flood Box\Support\Support Beam-3\OldVersions\Part1 FB-B1.0016.ipt
2026-01-15 13:53:49 | SOURCE FILE: C:\Users\Quintin\Documents\Spectiv\3. Working\22. DMS plant\21. SSCR04 - Primary Floats D&R Screen Station\735 Flood Box\Support\Support Beam-3\OldVersions\Part2 203x133x25 FB-B1.0053.ipt
2026-01-15 13:53:49 | SOURCE FILE: C:\Users\Quintin\Documents\Spectiv\3. Working\22. DMS plant\21. SSCR04 - Primary Floats D&R Screen Station\735 Flood Box\Support\Support Beam-3\OldVersions\Part2 203x133x25 FB-B3.0056.ipt
2026-01-15 13:53:49 | SOURCE FILE: C:\Users\Quintin\Documents\Spectiv\3. Working\22. DMS plant\21. SSCR04 - Primary Floats D&R Screen Station\735 Flood Box\Support\Support Beam-3\OldVersions\Support Beam-1.0057.iam
2026-01-15 13:53:49 | SOURCE FILE: C:\Users\Quintin\Documents\Spectiv\3. Working\22. DMS plant\21. SSCR04 - Primary Floats D&R Screen Station\735 Flood Box\Support\Support Beam-3\OldVersions\Support Beam-3.0061.iam
2026-01-15 13:53:49 | SOURCE FILE: C:\Users\Quintin\Documents\Spectiv\3. Working\22. DMS plant\21. SSCR04 - Primary Floats D&R Screen Station\735 Flood Box\Support\Support Column\lockfile.lck
2026-01-15 13:53:49 | SOURCE FILE: C:\Users\Quintin\Documents\Spectiv\3. Working\22. DMS plant\21. SSCR04 - Primary Floats D&R Screen Station\735 Flood Box\Support\Support Column\MGY-200-DRD-09-01-01.idw
2026-01-15 13:53:49 | SOURCE FILE: C:\Users\Quintin\Documents\Spectiv\3. Working\22. DMS plant\21. SSCR04 - Primary Floats D&R Screen Station\735 Flood Box\Support\Support Column\Part1 FB-C1.ipt
2026-01-15 13:53:49 | SOURCE FILE: C:\Users\Quintin\Documents\Spectiv\3. Working\22. DMS plant\21. SSCR04 - Primary Floats D&R Screen Station\735 Flood Box\Support\Support Column\Part2 203x133x25 FB-C1.ipt
2026-01-15 13:53:49 | SOURCE FILE: C:\Users\Quintin\Documents\Spectiv\3. Working\22. DMS plant\21. SSCR04 - Primary Floats D&R Screen Station\735 Flood Box\Support\Support Column\Support Column.iam
2026-01-15 13:53:49 | SOURCE FILE: C:\Users\Quintin\Documents\Spectiv\3. Working\22. DMS plant\21. SSCR04 - Primary Floats D&R Screen Station\735 Flood Box\Support\Support Column\OldVersions\Part2 203x133x25 FB-C1.0046.ipt
2026-01-15 13:53:49 | SOURCE FILE: C:\Users\Quintin\Documents\Spectiv\3. Working\22. DMS plant\21. SSCR04 - Primary Floats D&R Screen Station\735 Flood Box\Support\Support Column\OldVersions\Support Column.0061.iam
2026-01-15 13:53:49 | SOURCE FILE: C:\Users\Quintin\Documents\Spectiv\3. Working\22. DMS plant\21. SSCR04 - Primary Floats D&R Screen Station\735 Flood Box\Support\Support Frame\Design Accelerator\Bolted Connection1.iam
2026-01-15 13:53:49 | SOURCE FILE: C:\Users\Quintin\Documents\Spectiv\3. Working\22. DMS plant\21. SSCR04 - Primary Floats D&R Screen Station\735 Flood Box\Support\Support Frame\Design Accelerator\Bolted Connection2.iam
2026-01-15 13:53:49 | DEST FILE: C:\Users\Quintin\Documents\Spectiv\3. Working\22. DMS plant\21. SSCR04 - Primary Floats D&R Screen Station\TO DELETE - FLOODBOX TEST\AssemblyCloner_20260115_135320.log
2026-01-15 13:53:49 | DEST FILE: C:\Users\Quintin\Documents\Spectiv\3. Working\22. DMS plant\21. SSCR04 - Primary Floats D&R Screen Station\TO DELETE - FLOODBOX TEST\Bolted Connection1.iam
2026-01-15 13:53:49 | DEST FILE: C:\Users\Quintin\Documents\Spectiv\3. Working\22. DMS plant\21. SSCR04 - Primary Floats D&R Screen Station\TO DELETE - FLOODBOX TEST\Bolted Connection2.iam
2026-01-15 13:53:49 | DEST FILE: C:\Users\Quintin\Documents\Spectiv\3. Working\22. DMS plant\21. SSCR04 - Primary Floats D&R Screen Station\TO DELETE - FLOODBOX TEST\CLONE-001-A1.ipt
2026-01-15 13:53:49 | DEST FILE: C:\Users\Quintin\Documents\Spectiv\3. Working\22. DMS plant\21. SSCR04 - Primary Floats D&R Screen Station\TO DELETE - FLOODBOX TEST\CLONE-001-A2.ipt
2026-01-15 13:53:49 | DEST FILE: C:\Users\Quintin\Documents\Spectiv\3. Working\22. DMS plant\21. SSCR04 - Primary Floats D&R Screen Station\TO DELETE - FLOODBOX TEST\CLONE-001-A3.ipt
2026-01-15 13:53:49 | DEST FILE: C:\Users\Quintin\Documents\Spectiv\3. Working\22. DMS plant\21. SSCR04 - Primary Floats D&R Screen Station\TO DELETE - FLOODBOX TEST\CLONE-001-A4.ipt
2026-01-15 13:53:49 | DEST FILE: C:\Users\Quintin\Documents\Spectiv\3. Working\22. DMS plant\21. SSCR04 - Primary Floats D&R Screen Station\TO DELETE - FLOODBOX TEST\CLONE-001-B1.ipt
2026-01-15 13:53:49 | DEST FILE: C:\Users\Quintin\Documents\Spectiv\3. Working\22. DMS plant\21. SSCR04 - Primary Floats D&R Screen Station\TO DELETE - FLOODBOX TEST\CLONE-001-B2.ipt
2026-01-15 13:53:49 | DEST FILE: C:\Users\Quintin\Documents\Spectiv\3. Working\22. DMS plant\21. SSCR04 - Primary Floats D&R Screen Station\TO DELETE - FLOODBOX TEST\CLONE-001-B3.ipt
2026-01-15 13:53:49 | DEST FILE: C:\Users\Quintin\Documents\Spectiv\3. Working\22. DMS plant\21. SSCR04 - Primary Floats D&R Screen Station\TO DELETE - FLOODBOX TEST\CLONE-001-B4.ipt
2026-01-15 13:53:49 | DEST FILE: C:\Users\Quintin\Documents\Spectiv\3. Working\22. DMS plant\21. SSCR04 - Primary Floats D&R Screen Station\TO DELETE - FLOODBOX TEST\CLONE-001-PL1.ipt
2026-01-15 13:53:49 | DEST FILE: C:\Users\Quintin\Documents\Spectiv\3. Working\22. DMS plant\21. SSCR04 - Primary Floats D&R Screen Station\TO DELETE - FLOODBOX TEST\CLONE-001-PL10.ipt
2026-01-15 13:53:49 | DEST FILE: C:\Users\Quintin\Documents\Spectiv\3. Working\22. DMS plant\21. SSCR04 - Primary Floats D&R Screen Station\TO DELETE - FLOODBOX TEST\CLONE-001-PL11.ipt
2026-01-15 13:53:49 | DEST FILE: C:\Users\Quintin\Documents\Spectiv\3. Working\22. DMS plant\21. SSCR04 - Primary Floats D&R Screen Station\TO DELETE - FLOODBOX TEST\CLONE-001-PL2.ipt
2026-01-15 13:53:49 | DEST FILE: C:\Users\Quintin\Documents\Spectiv\3. Working\22. DMS plant\21. SSCR04 - Primary Floats D&R Screen Station\TO DELETE - FLOODBOX TEST\CLONE-001-PL3.ipt
2026-01-15 13:53:49 | DEST FILE: C:\Users\Quintin\Documents\Spectiv\3. Working\22. DMS plant\21. SSCR04 - Primary Floats D&R Screen Station\TO DELETE - FLOODBOX TEST\CLONE-001-PL4.ipt
2026-01-15 13:53:49 | DEST FILE: C:\Users\Quintin\Documents\Spectiv\3. Working\22. DMS plant\21. SSCR04 - Primary Floats D&R Screen Station\TO DELETE - FLOODBOX TEST\CLONE-001-PL5.ipt
2026-01-15 13:53:49 | DEST FILE: C:\Users\Quintin\Documents\Spectiv\3. Working\22. DMS plant\21. SSCR04 - Primary Floats D&R Screen Station\TO DELETE - FLOODBOX TEST\CLONE-001-PL6.ipt
2026-01-15 13:53:49 | DEST FILE: C:\Users\Quintin\Documents\Spectiv\3. Working\22. DMS plant\21. SSCR04 - Primary Floats D&R Screen Station\TO DELETE - FLOODBOX TEST\CLONE-001-PL7.ipt
2026-01-15 13:53:49 | DEST FILE: C:\Users\Quintin\Documents\Spectiv\3. Working\22. DMS plant\21. SSCR04 - Primary Floats D&R Screen Station\TO DELETE - FLOODBOX TEST\CLONE-001-PL8.ipt
2026-01-15 13:53:49 | DEST FILE: C:\Users\Quintin\Documents\Spectiv\3. Working\22. DMS plant\21. SSCR04 - Primary Floats D&R Screen Station\TO DELETE - FLOODBOX TEST\CLONE-001-PL9.ipt
2026-01-15 13:53:49 | DEST FILE: C:\Users\Quintin\Documents\Spectiv\3. Working\22. DMS plant\21. SSCR04 - Primary Floats D&R Screen Station\TO DELETE - FLOODBOX TEST\Flood Chute.iam
2026-01-15 13:53:49 | DEST FILE: C:\Users\Quintin\Documents\Spectiv\3. Working\22. DMS plant\21. SSCR04 - Primary Floats D&R Screen Station\TO DELETE - FLOODBOX TEST\Support Beam-1.iam
2026-01-15 13:53:49 | DEST FILE: C:\Users\Quintin\Documents\Spectiv\3. Working\22. DMS plant\21. SSCR04 - Primary Floats D&R Screen Station\TO DELETE - FLOODBOX TEST\Support Beam-2.iam
2026-01-15 13:53:49 | DEST FILE: C:\Users\Quintin\Documents\Spectiv\3. Working\22. DMS plant\21. SSCR04 - Primary Floats D&R Screen Station\TO DELETE - FLOODBOX TEST\Support Beam-3.iam
2026-01-15 13:53:49 | DEST FILE: C:\Users\Quintin\Documents\Spectiv\3. Working\22. DMS plant\21. SSCR04 - Primary Floats D&R Screen Station\TO DELETE - FLOODBOX TEST\Support Column.iam
2026-01-15 13:53:49 | DEST FILE: C:\Users\Quintin\Documents\Spectiv\3. Working\22. DMS plant\21. SSCR04 - Primary Floats D&R Screen Station\TO DELETE - FLOODBOX TEST\Support Frame.iam
2026-01-15 13:53:49 | DEST FILE: C:\Users\Quintin\Documents\Spectiv\3. Working\22. DMS plant\21. SSCR04 - Primary Floats D&R Screen Station\TO DELETE - FLOODBOX TEST\TO DELETE - FLOODBOX TEST.iam
2026-01-15 13:53:49 | DEST FILE: C:\Users\Quintin\Documents\Spectiv\3. Working\22. DMS plant\21. SSCR04 - Primary Floats D&R Screen Station\TO DELETE - FLOODBOX TEST\OldVersions\Bolted Connection1.0006.iam
2026-01-15 13:53:49 | DEST FILE: C:\Users\Quintin\Documents\Spectiv\3. Working\22. DMS plant\21. SSCR04 - Primary Floats D&R Screen Station\TO DELETE - FLOODBOX TEST\OldVersions\Bolted Connection2.0004.iam
2026-01-15 13:53:49 | DEST FILE: C:\Users\Quintin\Documents\Spectiv\3. Working\22. DMS plant\21. SSCR04 - Primary Floats D&R Screen Station\TO DELETE - FLOODBOX TEST\OldVersions\CLONE-001-A1.0008.ipt
2026-01-15 13:53:49 | DEST FILE: C:\Users\Quintin\Documents\Spectiv\3. Working\22. DMS plant\21. SSCR04 - Primary Floats D&R Screen Station\TO DELETE - FLOODBOX TEST\OldVersions\CLONE-001-A2.0006.ipt
2026-01-15 13:53:49 | DEST FILE: C:\Users\Quintin\Documents\Spectiv\3. Working\22. DMS plant\21. SSCR04 - Primary Floats D&R Screen Station\TO DELETE - FLOODBOX TEST\OldVersions\CLONE-001-A3.0005.ipt
2026-01-15 13:53:49 | DEST FILE: C:\Users\Quintin\Documents\Spectiv\3. Working\22. DMS plant\21. SSCR04 - Primary Floats D&R Screen Station\TO DELETE - FLOODBOX TEST\OldVersions\CLONE-001-A4.0007.ipt
2026-01-15 13:53:49 | DEST FILE: C:\Users\Quintin\Documents\Spectiv\3. Working\22. DMS plant\21. SSCR04 - Primary Floats D&R Screen Station\TO DELETE - FLOODBOX TEST\OldVersions\CLONE-001-B1.0047.ipt
2026-01-15 13:53:49 | DEST FILE: C:\Users\Quintin\Documents\Spectiv\3. Working\22. DMS plant\21. SSCR04 - Primary Floats D&R Screen Station\TO DELETE - FLOODBOX TEST\OldVersions\CLONE-001-B2.0054.ipt
2026-01-15 13:53:49 | DEST FILE: C:\Users\Quintin\Documents\Spectiv\3. Working\22. DMS plant\21. SSCR04 - Primary Floats D&R Screen Station\TO DELETE - FLOODBOX TEST\OldVersions\CLONE-001-B3.0057.ipt
2026-01-15 13:53:49 | DEST FILE: C:\Users\Quintin\Documents\Spectiv\3. Working\22. DMS plant\21. SSCR04 - Primary Floats D&R Screen Station\TO DELETE - FLOODBOX TEST\OldVersions\CLONE-001-B4.0043.ipt
2026-01-15 13:53:49 | DEST FILE: C:\Users\Quintin\Documents\Spectiv\3. Working\22. DMS plant\21. SSCR04 - Primary Floats D&R Screen Station\TO DELETE - FLOODBOX TEST\OldVersions\CLONE-001-PL1.0017.ipt
2026-01-15 13:53:49 | DEST FILE: C:\Users\Quintin\Documents\Spectiv\3. Working\22. DMS plant\21. SSCR04 - Primary Floats D&R Screen Station\TO DELETE - FLOODBOX TEST\OldVersions\CLONE-001-PL10.0015.ipt
2026-01-15 13:53:49 | DEST FILE: C:\Users\Quintin\Documents\Spectiv\3. Working\22. DMS plant\21. SSCR04 - Primary Floats D&R Screen Station\TO DELETE - FLOODBOX TEST\OldVersions\CLONE-001-PL11.0005.ipt
2026-01-15 13:53:49 | DEST FILE: C:\Users\Quintin\Documents\Spectiv\3. Working\22. DMS plant\21. SSCR04 - Primary Floats D&R Screen Station\TO DELETE - FLOODBOX TEST\OldVersions\CLONE-001-PL2.0017.ipt
2026-01-15 13:53:49 | DEST FILE: C:\Users\Quintin\Documents\Spectiv\3. Working\22. DMS plant\21. SSCR04 - Primary Floats D&R Screen Station\TO DELETE - FLOODBOX TEST\OldVersions\CLONE-001-PL3.0019.ipt
2026-01-15 13:53:49 | DEST FILE: C:\Users\Quintin\Documents\Spectiv\3. Working\22. DMS plant\21. SSCR04 - Primary Floats D&R Screen Station\TO DELETE - FLOODBOX TEST\OldVersions\CLONE-001-PL4.0010.ipt
2026-01-15 13:53:49 | DEST FILE: C:\Users\Quintin\Documents\Spectiv\3. Working\22. DMS plant\21. SSCR04 - Primary Floats D&R Screen Station\TO DELETE - FLOODBOX TEST\OldVersions\CLONE-001-PL5.0008.ipt
2026-01-15 13:53:49 | DEST FILE: C:\Users\Quintin\Documents\Spectiv\3. Working\22. DMS plant\21. SSCR04 - Primary Floats D&R Screen Station\TO DELETE - FLOODBOX TEST\OldVersions\CLONE-001-PL6.0008.ipt
2026-01-15 13:53:49 | DEST FILE: C:\Users\Quintin\Documents\Spectiv\3. Working\22. DMS plant\21. SSCR04 - Primary Floats D&R Screen Station\TO DELETE - FLOODBOX TEST\OldVersions\CLONE-001-PL7.0008.ipt
2026-01-15 13:53:49 | DEST FILE: C:\Users\Quintin\Documents\Spectiv\3. Working\22. DMS plant\21. SSCR04 - Primary Floats D&R Screen Station\TO DELETE - FLOODBOX TEST\OldVersions\CLONE-001-PL8.0008.ipt
2026-01-15 13:53:49 | DEST FILE: C:\Users\Quintin\Documents\Spectiv\3. Working\22. DMS plant\21. SSCR04 - Primary Floats D&R Screen Station\TO DELETE - FLOODBOX TEST\OldVersions\CLONE-001-PL9.0008.ipt
2026-01-15 13:53:49 | DEST FILE: C:\Users\Quintin\Documents\Spectiv\3. Working\22. DMS plant\21. SSCR04 - Primary Floats D&R Screen Station\TO DELETE - FLOODBOX TEST\OldVersions\Flood Chute.0017.iam
2026-01-15 13:53:49 | DEST FILE: C:\Users\Quintin\Documents\Spectiv\3. Working\22. DMS plant\21. SSCR04 - Primary Floats D&R Screen Station\TO DELETE - FLOODBOX TEST\OldVersions\Support Beam-1.0060.iam
2026-01-15 13:53:49 | DEST FILE: C:\Users\Quintin\Documents\Spectiv\3. Working\22. DMS plant\21. SSCR04 - Primary Floats D&R Screen Station\TO DELETE - FLOODBOX TEST\OldVersions\Support Beam-2.0053.iam
2026-01-15 13:53:49 | DEST FILE: C:\Users\Quintin\Documents\Spectiv\3. Working\22. DMS plant\21. SSCR04 - Primary Floats D&R Screen Station\TO DELETE - FLOODBOX TEST\OldVersions\Support Beam-3.0063.iam
2026-01-15 13:53:49 | DEST FILE: C:\Users\Quintin\Documents\Spectiv\3. Working\22. DMS plant\21. SSCR04 - Primary Floats D&R Screen Station\TO DELETE - FLOODBOX TEST\OldVersions\Support Column.0063.iam
2026-01-15 13:53:49 | DEST FILE: C:\Users\Quintin\Documents\Spectiv\3. Working\22. DMS plant\21. SSCR04 - Primary Floats D&R Screen Station\TO DELETE - FLOODBOX TEST\OldVersions\Support Frame.0077.iam
2026-01-15 13:53:49 | DEST FILE: C:\Users\Quintin\Documents\Spectiv\3. Working\22. DMS plant\21. SSCR04 - Primary Floats D&R Screen Station\TO DELETE - FLOODBOX TEST\OldVersions\TO DELETE - FLOODBOX TEST.0035.iam
2026-01-15 13:53:49 | VALIDATE: Checking copied mappings...
2026-01-15 13:53:49 | MAP OK: C:\Users\Quintin\Documents\Spectiv\3. Working\22. DMS plant\21. SSCR04 - Primary Floats D&R Screen Station\735 Flood Box\Flood Box.iam -> C:\Users\Quintin\Documents\Spectiv\3. Working\22. DMS plant\21. SSCR04 - Primary Floats D&R Screen Station\TO DELETE - FLOODBOX TEST\TO DELETE - FLOODBOX TEST.iam
2026-01-15 13:53:49 | MAP OK: C:\Users\Quintin\Documents\Spectiv\3. Working\22. DMS plant\21. SSCR04 - Primary Floats D&R Screen Station\735 Flood Box\Support\Support Frame.iam -> C:\Users\Quintin\Documents\Spectiv\3. Working\22. DMS plant\21. SSCR04 - Primary Floats D&R Screen Station\TO DELETE - FLOODBOX TEST\Support Frame.iam
2026-01-15 13:53:49 | MAP OK: C:\Users\Quintin\Documents\Spectiv\3. Working\22. DMS plant\21. SSCR04 - Primary Floats D&R Screen Station\735 Flood Box\Support\Support Frame\Design Accelerator\Bolted Connection1.iam -> C:\Users\Quintin\Documents\Spectiv\3. Working\22. DMS plant\21. SSCR04 - Primary Floats D&R Screen Station\TO DELETE - FLOODBOX TEST\Bolted Connection1.iam
2026-01-15 13:53:49 | MAP OK: C:\Users\Quintin\Documents\Spectiv\3. Working\22. DMS plant\21. SSCR04 - Primary Floats D&R Screen Station\735 Flood Box\Support\Support Column\Support Column.iam -> C:\Users\Quintin\Documents\Spectiv\3. Working\22. DMS plant\21. SSCR04 - Primary Floats D&R Screen Station\TO DELETE - FLOODBOX TEST\Support Column.iam
2026-01-15 13:53:49 | MAP OK: C:\Users\Quintin\Documents\Spectiv\3. Working\22. DMS plant\21. SSCR04 - Primary Floats D&R Screen Station\735 Flood Box\Support\Support Column\Part1 FB-C1.ipt -> C:\Users\Quintin\Documents\Spectiv\3. Working\22. DMS plant\21. SSCR04 - Primary Floats D&R Screen Station\TO DELETE - FLOODBOX TEST\CLONE-001-PL1.ipt
2026-01-15 13:53:49 | MAP OK: C:\Users\Quintin\Documents\Spectiv\3. Working\22. DMS plant\21. SSCR04 - Primary Floats D&R Screen Station\735 Flood Box\Support\Support Column\Part2 203x133x25 FB-C1.ipt -> C:\Users\Quintin\Documents\Spectiv\3. Working\22. DMS plant\21. SSCR04 - Primary Floats D&R Screen Station\TO DELETE - FLOODBOX TEST\CLONE-001-B1.ipt
2026-01-15 13:53:49 | MAP OK: C:\Users\Quintin\Documents\Spectiv\3. Working\22. DMS plant\21. SSCR04 - Primary Floats D&R Screen Station\735 Flood Box\Support\Support Frame\Design Accelerator\Bolted Connection2.iam -> C:\Users\Quintin\Documents\Spectiv\3. Working\22. DMS plant\21. SSCR04 - Primary Floats D&R Screen Station\TO DELETE - FLOODBOX TEST\Bolted Connection2.iam
2026-01-15 13:53:49 | MAP OK: C:\Users\Quintin\Documents\Spectiv\3. Working\22. DMS plant\21. SSCR04 - Primary Floats D&R Screen Station\735 Flood Box\Support\Support Beam-1\Support Beam-1.iam -> C:\Users\Quintin\Documents\Spectiv\3. Working\22. DMS plant\21. SSCR04 - Primary Floats D&R Screen Station\TO DELETE - FLOODBOX TEST\Support Beam-1.iam
2026-01-15 13:53:49 | MAP OK: C:\Users\Quintin\Documents\Spectiv\3. Working\22. DMS plant\21. SSCR04 - Primary Floats D&R Screen Station\735 Flood Box\Support\Support Beam-1\Part1 FB-B1.ipt -> C:\Users\Quintin\Documents\Spectiv\3. Working\22. DMS plant\21. SSCR04 - Primary Floats D&R Screen Station\TO DELETE - FLOODBOX TEST\CLONE-001-PL2.ipt
2026-01-15 13:53:49 | MAP OK: C:\Users\Quintin\Documents\Spectiv\3. Working\22. DMS plant\21. SSCR04 - Primary Floats D&R Screen Station\735 Flood Box\Support\Support Beam-1\Part2 203x133x25 FB-B1.ipt -> C:\Users\Quintin\Documents\Spectiv\3. Working\22. DMS plant\21. SSCR04 - Primary Floats D&R Screen Station\TO DELETE - FLOODBOX TEST\CLONE-001-B2.ipt
2026-01-15 13:53:49 | MAP OK: C:\Users\Quintin\Documents\Spectiv\3. Working\22. DMS plant\21. SSCR04 - Primary Floats D&R Screen Station\735 Flood Box\Support\Support Beam-3\Support Beam-3.iam -> C:\Users\Quintin\Documents\Spectiv\3. Working\22. DMS plant\21. SSCR04 - Primary Floats D&R Screen Station\TO DELETE - FLOODBOX TEST\Support Beam-3.iam
2026-01-15 13:53:49 | MAP OK: C:\Users\Quintin\Documents\Spectiv\3. Working\22. DMS plant\21. SSCR04 - Primary Floats D&R Screen Station\735 Flood Box\Support\Support Beam-3\Part2 203x133x25 FB-B3.ipt -> C:\Users\Quintin\Documents\Spectiv\3. Working\22. DMS plant\21. SSCR04 - Primary Floats D&R Screen Station\TO DELETE - FLOODBOX TEST\CLONE-001-B3.ipt
2026-01-15 13:53:49 | MAP OK: C:\Users\Quintin\Documents\Spectiv\3. Working\22. DMS plant\21. SSCR04 - Primary Floats D&R Screen Station\735 Flood Box\Support\Support Beam-2\Support Beam-2.iam -> C:\Users\Quintin\Documents\Spectiv\3. Working\22. DMS plant\21. SSCR04 - Primary Floats D&R Screen Station\TO DELETE - FLOODBOX TEST\Support Beam-2.iam
2026-01-15 13:53:49 | MAP OK: C:\Users\Quintin\Documents\Spectiv\3. Working\22. DMS plant\21. SSCR04 - Primary Floats D&R Screen Station\735 Flood Box\Support\Support Beam-2\Part1 FB-B2.ipt -> C:\Users\Quintin\Documents\Spectiv\3. Working\22. DMS plant\21. SSCR04 - Primary Floats D&R Screen Station\TO DELETE - FLOODBOX TEST\CLONE-001-PL3.ipt
2026-01-15 13:53:49 | MAP OK: C:\Users\Quintin\Documents\Spectiv\3. Working\22. DMS plant\21. SSCR04 - Primary Floats D&R Screen Station\735 Flood Box\Support\Support Beam-2\Part2 203x133x25 FB-B2.ipt -> C:\Users\Quintin\Documents\Spectiv\3. Working\22. DMS plant\21. SSCR04 - Primary Floats D&R Screen Station\TO DELETE - FLOODBOX TEST\CLONE-001-B4.ipt
2026-01-15 13:53:49 | MAP OK: C:\Users\Quintin\Documents\Spectiv\3. Working\22. DMS plant\21. SSCR04 - Primary Floats D&R Screen Station\735 Flood Box\Flood Box\Design Accelerator\Bolted Connection1.iam -> C:\Users\Quintin\Documents\Spectiv\3. Working\22. DMS plant\21. SSCR04 - Primary Floats D&R Screen Station\TO DELETE - FLOODBOX TEST\Bolted Connection1.iam
2026-01-15 13:53:49 | MAP OK: C:\Users\Quintin\Documents\Spectiv\3. Working\22. DMS plant\21. SSCR04 - Primary Floats D&R Screen Station\735 Flood Box\Chute\Flood Chute.iam -> C:\Users\Quintin\Documents\Spectiv\3. Working\22. DMS plant\21. SSCR04 - Primary Floats D&R Screen Station\TO DELETE - FLOODBOX TEST\Flood Chute.iam
2026-01-15 13:53:49 | MAP OK: C:\Users\Quintin\Documents\Spectiv\3. Working\22. DMS plant\21. SSCR04 - Primary Floats D&R Screen Station\735 Flood Box\Chute\Part1 FB-C.ipt -> C:\Users\Quintin\Documents\Spectiv\3. Working\22. DMS plant\21. SSCR04 - Primary Floats D&R Screen Station\TO DELETE - FLOODBOX TEST\CLONE-001-PL4.ipt
2026-01-15 13:53:49 | MAP OK: C:\Users\Quintin\Documents\Spectiv\3. Working\22. DMS plant\21. SSCR04 - Primary Floats D&R Screen Station\735 Flood Box\Chute\Part2 FB-C.ipt -> C:\Users\Quintin\Documents\Spectiv\3. Working\22. DMS plant\21. SSCR04 - Primary Floats D&R Screen Station\TO DELETE - FLOODBOX TEST\CLONE-001-PL5.ipt
2026-01-15 13:53:49 | MAP OK: C:\Users\Quintin\Documents\Spectiv\3. Working\22. DMS plant\21. SSCR04 - Primary Floats D&R Screen Station\735 Flood Box\Chute\Part3 FB-C.ipt -> C:\Users\Quintin\Documents\Spectiv\3. Working\22. DMS plant\21. SSCR04 - Primary Floats D&R Screen Station\TO DELETE - FLOODBOX TEST\CLONE-001-PL6.ipt
2026-01-15 13:53:49 | MAP OK: C:\Users\Quintin\Documents\Spectiv\3. Working\22. DMS plant\21. SSCR04 - Primary Floats D&R Screen Station\735 Flood Box\Chute\Part4 FB-C.ipt -> C:\Users\Quintin\Documents\Spectiv\3. Working\22. DMS plant\21. SSCR04 - Primary Floats D&R Screen Station\TO DELETE - FLOODBOX TEST\CLONE-001-PL7.ipt
2026-01-15 13:53:49 | MAP OK: C:\Users\Quintin\Documents\Spectiv\3. Working\22. DMS plant\21. SSCR04 - Primary Floats D&R Screen Station\735 Flood Box\Chute\Part5 FB-C.ipt -> C:\Users\Quintin\Documents\Spectiv\3. Working\22. DMS plant\21. SSCR04 - Primary Floats D&R Screen Station\TO DELETE - FLOODBOX TEST\CLONE-001-PL8.ipt
2026-01-15 13:53:49 | MAP OK: C:\Users\Quintin\Documents\Spectiv\3. Working\22. DMS plant\21. SSCR04 - Primary Floats D&R Screen Station\735 Flood Box\Chute\Part6 Angle FB-C.ipt -> C:\Users\Quintin\Documents\Spectiv\3. Working\22. DMS plant\21. SSCR04 - Primary Floats D&R Screen Station\TO DELETE - FLOODBOX TEST\CLONE-001-A1.ipt
2026-01-15 13:53:49 | MAP OK: C:\Users\Quintin\Documents\Spectiv\3. Working\22. DMS plant\21. SSCR04 - Primary Floats D&R Screen Station\735 Flood Box\Chute\Part7 Angle FB-C.ipt -> C:\Users\Quintin\Documents\Spectiv\3. Working\22. DMS plant\21. SSCR04 - Primary Floats D&R Screen Station\TO DELETE - FLOODBOX TEST\CLONE-001-A2.ipt
2026-01-15 13:53:49 | MAP OK: C:\Users\Quintin\Documents\Spectiv\3. Working\22. DMS plant\21. SSCR04 - Primary Floats D&R Screen Station\735 Flood Box\Chute\Part8 (Part7 Angle MIR) FB-C.ipt -> C:\Users\Quintin\Documents\Spectiv\3. Working\22. DMS plant\21. SSCR04 - Primary Floats D&R Screen Station\TO DELETE - FLOODBOX TEST\CLONE-001-A3.ipt
2026-01-15 13:53:49 | MAP OK: C:\Users\Quintin\Documents\Spectiv\3. Working\22. DMS plant\21. SSCR04 - Primary Floats D&R Screen Station\735 Flood Box\Chute\Part9 Angle FB-C.ipt -> C:\Users\Quintin\Documents\Spectiv\3. Working\22. DMS plant\21. SSCR04 - Primary Floats D&R Screen Station\TO DELETE - FLOODBOX TEST\CLONE-001-A4.ipt
2026-01-15 13:53:49 | MAP OK: C:\Users\Quintin\Documents\Spectiv\3. Working\22. DMS plant\21. SSCR04 - Primary Floats D&R Screen Station\735 Flood Box\Chute\Part10 FB-C.ipt -> C:\Users\Quintin\Documents\Spectiv\3. Working\22. DMS plant\21. SSCR04 - Primary Floats D&R Screen Station\TO DELETE - FLOODBOX TEST\CLONE-001-PL9.ipt
2026-01-15 13:53:49 | MAP OK: C:\Users\Quintin\Documents\Spectiv\3. Working\22. DMS plant\21. SSCR04 - Primary Floats D&R Screen Station\735 Flood Box\Chute\Part11 Corner Gusset FB-C.ipt -> C:\Users\Quintin\Documents\Spectiv\3. Working\22. DMS plant\21. SSCR04 - Primary Floats D&R Screen Station\TO DELETE - FLOODBOX TEST\CLONE-001-PL10.ipt
2026-01-15 13:53:49 | MAP OK: C:\Users\Quintin\Documents\Spectiv\3. Working\22. DMS plant\21. SSCR04 - Primary Floats D&R Screen Station\735 Flood Box\Chute\Lug FB-C.ipt -> C:\Users\Quintin\Documents\Spectiv\3. Working\22. DMS plant\21. SSCR04 - Primary Floats D&R Screen Station\TO DELETE - FLOODBOX TEST\CLONE-001-PL11.ipt
2026-01-15 13:53:49 | VALIDATE: Missing mapped files = 0
2026-01-15 13:53:49 | === ASSEMBLY CLONER COMPLETED ===
