2025-12-17 08:33:51 | === ASSEMBLY CLONER STARTED ===
2025-12-17 08:33:51 | Using EXACT methodology from VBScript Option 9
2025-12-17 08:33:51 | Source assembly: C:\Users\Quintin\Documents\Spectiv\3. Working\22. DMS plant\21. SSCR04 - Primary Floats D&R Screen Station\000 Structure & Walkway\1.Structure\Channel-14\Channel-14.iam
2025-12-17 08:33:51 | Source directory: C:\Users\Quintin\Documents\Spectiv\3. Working\22. DMS plant\21. SSCR04 - Primary Floats D&R Screen Station\000 Structure & Walkway\1.Structure\Channel-14
2025-12-17 08:33:53 | User confirmed clone operation
2025-12-17 08:33:53 | Opening folder browser dialog...
2025-12-17 08:34:08 | Destination folder selected: C:\Users\Quintin\Documents\Spectiv\3. Working\22. DMS plant\22. SSCR05 - Primary Sinks D&R Screen Station\000 Structure & Walkway\1.Structure\Channel-9
2025-12-17 08:34:09 | Rename parts: True
2025-12-17 08:34:09 | Prompting for plant section prefix...
2025-12-17 08:34:11 | Plant section prefix: Channel-9
2025-12-17 08:34:12 | New assembly name: Channel-9
2025-12-17 08:34:12 | New assembly path: C:\Users\Quintin\Documents\Spectiv\3. Working\22. DMS plant\22. SSCR05 - Primary Sinks D&R Screen Station\000 Structure & Walkway\1.Structure\Channel-9\Channel-9.iam
2025-12-17 08:34:12 | COLLECT: Channel-14-CH1.ipt (PFC180x70)
2025-12-17 08:34:12 | COLLECT: Channel-14-PL2.ipt (PL 10mm S355JR)
2025-12-17 08:34:12 | Collected 2 parts
2025-12-17 08:34:12 | Closing source assembly for safe copy...
2025-12-17 08:34:12 | Copying assembly file...
2025-12-17 08:34:12 | COPIED: Channel-14.iam -> Channel-9.iam
2025-12-17 08:34:12 | Copying 2 parts...
2025-12-17 08:34:12 | COPIED: Channel-14-CH1.ipt -> Channel-9-CH1.ipt
2025-12-17 08:34:12 | COPIED: Channel-14-PL2.ipt -> Channel-9-PL2.ipt
2025-12-17 08:34:12 | Updating assembly references and patching iLogic...
2025-12-17 08:34:12 | ASSEMBLY UPDATE: Using fd.ReplaceReference method (same as VBScript)
2025-12-17 08:34:12 | ASSEMBLY UPDATE: Opened Channel-9.iam
2025-12-17 08:34:12 | ASSEMBLY UPDATE: Found 2 file references
2025-12-17 08:34:12 | ASSEMBLY UPDATE: Replacing Channel-14-CH1.ipt -> Channel-9-CH1.ipt
2025-12-17 08:34:12 | ASSEMBLY UPDATE: SUCCESS
2025-12-17 08:34:12 | ASSEMBLY UPDATE: Replacing Channel-14-PL2.ipt -> Channel-9-PL2.ipt
2025-12-17 08:34:12 | ASSEMBLY UPDATE: SUCCESS
2025-12-17 08:34:12 | ASSEMBLY UPDATE: Updated 2 references
2025-12-17 08:34:12 | ASSEMBLY UPDATE: Renaming occurrences to match new filenames...
2025-12-17 08:34:12 | ASSEMBLY UPDATE: Renamed 0 occurrences
2025-12-17 08:34:12 | ASSEMBLY UPDATE: Forcing assembly update to resolve occurrences...
2025-12-17 08:34:12 | ASSEMBLY UPDATE: Assembly updated and resolved
2025-12-17 08:34:12 | Patching iLogic rules (in same session)...
2025-12-17 08:34:12 | Patched 0 iLogic rules
2025-12-17 08:34:12 | ASSEMBLY UPDATE: Saving assembly...
2025-12-17 08:34:12 | ASSEMBLY UPDATE: Complete - references updated and iLogic patched
2025-12-17 08:34:12 | Processing IDW files...
2025-12-17 08:34:12 | IDW PROCESS: Found 1 IDW files
2025-12-17 08:34:14 | IDW PROCESS: Processing MGY-200-DRP-01-01-75.idw -> MGY-200-DRP-01-01-75.idw
2025-12-17 08:34:17 | IDW PROCESS: Opening original IDW from source location...
2025-12-17 08:34:17 | IDW PROCESS: Opened successfully, now updating references...
2025-12-17 08:34:17 | IDW PROCESS: Found 5 references
2025-12-17 08:34:17 | IDW PROCESS: No mapping for Part4 Corner Gusset.ipt
2025-12-17 08:34:17 | IDW PROCESS: Updating Channel-14.iam -> Channel-9.iam
2025-12-17 08:34:17 | IDW PROCESS: SUCCESS
2025-12-17 08:34:17 | IDW PROCESS: Updating Channel-14-CH1.ipt -> Channel-9-CH1.ipt
2025-12-17 08:34:17 | IDW PROCESS: SUCCESS
2025-12-17 08:34:17 | IDW PROCESS: Updating Channel-14-PL2.ipt -> Channel-9-PL2.ipt
2025-12-17 08:34:17 | IDW PROCESS: SUCCESS
2025-12-17 08:34:17 | IDW PROCESS: No mapping for Channel-14-PL3.ipt
2025-12-17 08:34:17 | IDW PROCESS: Patching iLogic in IDW...
2025-12-17 08:34:17 | IDW PROCESS: Patched 0 rules in IDW
2025-12-17 08:34:17 | IDW PROCESS: Updating iProperties for MGY-200-DRP-01-01-75.idw
2025-12-17 08:34:17 | IDW PROCESS: Updated Part Number to 'MGY-200-DRP-01-01-75'
2025-12-17 08:34:18 | IDW PROCESS: Updated Description to 'Channel-9'
2025-12-17 08:34:18 | IDW PROCESS: iProperties update complete for MGY-200-DRP-01-01-75.idw
2025-12-17 08:34:18 | IDW PROCESS: Saving to destination: C:\Users\Quintin\Documents\Spectiv\3. Working\22. DMS plant\22. SSCR05 - Primary Sinks D&R Screen Station\000 Structure & Walkway\1.Structure\Channel-9\MGY-200-DRP-01-01-75.idw
2025-12-17 08:34:18 | IDW PROCESS: Successfully saved MGY-200-DRP-01-01-75.idw as MGY-200-DRP-01-01-75.idw (3 references updated)
2025-12-17 08:34:18 | IDW PROCESS: All IDW files processed successfully
2025-12-17 08:34:18 | Updating iProperties for copied documents...
2025-12-17 08:34:18 | Updated iProperties for Channel-9.iam
2025-12-17 08:34:18 | Updated iProperties for Channel-9-CH1.ipt
2025-12-17 08:34:19 | Updated iProperties for Channel-9-PL2.ipt
2025-12-17 08:34:19 | Saving iLogic patch log...
2025-12-17 08:34:19 | === ASSEMBLY CLONE COMPLETED SUCCESSFULLY ===
2025-12-17 08:34:19 | Log saved to: C:\Users\Quintin\Documents\Spectiv\3. Working\22. DMS plant\REF\FINAL_PRODUCTION_SCRIPTS 1 Oct 2025\Logs\AssemblyCloner_20251217_083351.log
