2025-12-17 08:27:23 | === ASSEMBLY CLONER STARTED ===
2025-12-17 08:27:23 | Using EXACT methodology from VBScript Option 9
2025-12-17 08:27:23 | Source assembly: C:\Users\Quintin\Documents\Spectiv\3. Working\22. DMS plant\21. SSCR04 - Primary Floats D&R Screen Station\000 Structure & Walkway\1.Structure\Channel-12\Channel-12.iam
2025-12-17 08:27:23 | Source directory: C:\Users\Quintin\Documents\Spectiv\3. Working\22. DMS plant\21. SSCR04 - Primary Floats D&R Screen Station\000 Structure & Walkway\1.Structure\Channel-12
2025-12-17 08:27:24 | User confirmed clone operation
2025-12-17 08:27:24 | Opening folder browser dialog...
2025-12-17 08:27:45 | Destination folder selected: C:\Users\Quintin\Documents\Spectiv\3. Working\22. DMS plant\22. SSCR05 - Primary Sinks D&R Screen Station\000 Structure & Walkway\1.Structure\Channel-8
2025-12-17 08:27:46 | Rename parts: True
2025-12-17 08:27:46 | Prompting for plant section prefix...
2025-12-17 08:27:47 | Plant section prefix: Channel-8
2025-12-17 08:27:48 | New assembly name: Channel-8
2025-12-17 08:27:48 | New assembly path: C:\Users\Quintin\Documents\Spectiv\3. Working\22. DMS plant\22. SSCR05 - Primary Sinks D&R Screen Station\000 Structure & Walkway\1.Structure\Channel-8\Channel-8.iam
2025-12-17 08:27:48 | COLLECT: Part1 PFC.ipt (PFC180x70)
2025-12-17 08:27:48 | COLLECT: Part2 End Plate.ipt (PL 10mm S355JR)
2025-12-17 08:27:48 | COLLECT: Part3 Corner Gusset.ipt (PL 8mm S355JR)
2025-12-17 08:27:48 | Collected 3 parts
2025-12-17 08:27:48 | Closing source assembly for safe copy...
2025-12-17 08:27:48 | Copying assembly file...
2025-12-17 08:27:48 | COPIED: Channel-12.iam -> Channel-8.iam
2025-12-17 08:27:48 | Copying 3 parts...
2025-12-17 08:27:48 | COPIED: Part1 PFC.ipt -> Channel-8-CH1.ipt
2025-12-17 08:27:48 | COPIED: Part2 End Plate.ipt -> Channel-8-PL2.ipt
2025-12-17 08:27:48 | COPIED: Part3 Corner Gusset.ipt -> Channel-8-PL3.ipt
2025-12-17 08:27:48 | Updating assembly references and patching iLogic...
2025-12-17 08:27:48 | ASSEMBLY UPDATE: Using fd.ReplaceReference method (same as VBScript)
2025-12-17 08:27:49 | ASSEMBLY UPDATE: Opened Channel-8.iam
2025-12-17 08:27:49 | ASSEMBLY UPDATE: Found 3 file references
2025-12-17 08:27:49 | ASSEMBLY UPDATE: Replacing Part1 PFC.ipt -> Channel-8-CH1.ipt
2025-12-17 08:27:49 | ASSEMBLY UPDATE: SUCCESS
2025-12-17 08:27:49 | ASSEMBLY UPDATE: Replacing Part2 End Plate.ipt -> Channel-8-PL2.ipt
2025-12-17 08:27:49 | ASSEMBLY UPDATE: SUCCESS
2025-12-17 08:27:49 | ASSEMBLY UPDATE: Replacing Part3 Corner Gusset.ipt -> Channel-8-PL3.ipt
2025-12-17 08:27:49 | ASSEMBLY UPDATE: SUCCESS
2025-12-17 08:27:49 | ASSEMBLY UPDATE: Updated 3 references
2025-12-17 08:27:49 | ASSEMBLY UPDATE: Renaming occurrences to match new filenames...
2025-12-17 08:27:49 | ASSEMBLY UPDATE: Renamed 0 occurrences
2025-12-17 08:27:49 | ASSEMBLY UPDATE: Forcing assembly update to resolve occurrences...
2025-12-17 08:27:49 | ASSEMBLY UPDATE: Assembly updated and resolved
2025-12-17 08:27:49 | Patching iLogic rules (in same session)...
2025-12-17 08:27:49 | Patched 0 iLogic rules
2025-12-17 08:27:49 | ASSEMBLY UPDATE: Saving assembly...
2025-12-17 08:27:49 | ASSEMBLY UPDATE: Complete - references updated and iLogic patched
2025-12-17 08:27:49 | Processing IDW files...
2025-12-17 08:27:49 | IDW PROCESS: Found 1 IDW files
2025-12-17 08:27:50 | IDW PROCESS: Processing MGY-200-DRP-01-01-75.idw -> MGY-200-DRP-01-01-75.idw
2025-12-17 08:27:58 | IDW PROCESS: Opening original IDW from source location...
2025-12-17 08:27:59 | IDW PROCESS: Opened successfully, now updating references...
2025-12-17 08:27:59 | IDW PROCESS: Found 5 references
2025-12-17 08:27:59 | IDW PROCESS: Updating Channel-12.iam -> Channel-8.iam
2025-12-17 08:27:59 | IDW PROCESS: SUCCESS
2025-12-17 08:27:59 | IDW PROCESS: Updating Part1 PFC.ipt -> Channel-8-CH1.ipt
2025-12-17 08:27:59 | IDW PROCESS: SUCCESS
2025-12-17 08:27:59 | IDW PROCESS: Updating Part2 End Plate.ipt -> Channel-8-PL2.ipt
2025-12-17 08:27:59 | IDW PROCESS: SUCCESS
2025-12-17 08:27:59 | IDW PROCESS: Updating Part3 Corner Gusset.ipt -> Channel-8-PL3.ipt
2025-12-17 08:27:59 | IDW PROCESS: SUCCESS
2025-12-17 08:27:59 | IDW PROCESS: No mapping for Part4 Corner Gusset.ipt
2025-12-17 08:27:59 | IDW PROCESS: Patching iLogic in IDW...
2025-12-17 08:27:59 | IDW PROCESS: Patched 0 rules in IDW
2025-12-17 08:27:59 | IDW PROCESS: Updating iProperties for MGY-200-DRP-01-01-75.idw
2025-12-17 08:27:59 | IDW PROCESS: Updated Part Number to 'MGY-200-DRP-01-01-75'
2025-12-17 08:27:59 | IDW PROCESS: Updated Description to 'Channel-8'
2025-12-17 08:27:59 | IDW PROCESS: iProperties update complete for MGY-200-DRP-01-01-75.idw
2025-12-17 08:27:59 | IDW PROCESS: Saving to destination: C:\Users\Quintin\Documents\Spectiv\3. Working\22. DMS plant\22. SSCR05 - Primary Sinks D&R Screen Station\000 Structure & Walkway\1.Structure\Channel-8\MGY-200-DRP-01-01-75.idw
2025-12-17 08:28:00 | IDW PROCESS: Successfully saved MGY-200-DRP-01-01-75.idw as MGY-200-DRP-01-01-75.idw (4 references updated)
2025-12-17 08:28:00 | IDW PROCESS: All IDW files processed successfully
2025-12-17 08:28:00 | Updating iProperties for copied documents...
2025-12-17 08:28:00 | Updated iProperties for Channel-8.iam
2025-12-17 08:28:00 | Updated iProperties for Channel-8-CH1.ipt
2025-12-17 08:28:00 | Updated iProperties for Channel-8-PL2.ipt
2025-12-17 08:28:01 | Updated iProperties for Channel-8-PL3.ipt
2025-12-17 08:28:01 | Saving iLogic patch log...
2025-12-17 08:28:01 | === ASSEMBLY CLONE COMPLETED SUCCESSFULLY ===
2025-12-17 08:28:01 | Log saved to: C:\Users\Quintin\Documents\Spectiv\3. Working\22. DMS plant\REF\FINAL_PRODUCTION_SCRIPTS 1 Oct 2025\Logs\AssemblyCloner_20251217_082723.log
