2025-12-11 07:26:19 | === ASSEMBLY CLONER STARTED ===
2025-12-11 07:26:19 | Using EXACT methodology from VBScript Option 9
2025-12-11 07:26:19 | Source assembly: C:\Users\Quintin\Documents\Spectiv\3. Working\22. DMS plant\20. SSCR03 - Deslime Screen Station\000 Structure\Staircase-2\Staircase-2.iam
2025-12-11 07:26:19 | Source directory: C:\Users\Quintin\Documents\Spectiv\3. Working\22. DMS plant\20. SSCR03 - Deslime Screen Station\000 Structure\Staircase-2
2025-12-11 07:26:21 | User confirmed clone operation
2025-12-11 07:26:21 | Opening folder browser dialog...
2025-12-11 07:26:27 | Destination folder selected: C:\Users\Quintin\Documents\Spectiv\3. Working\22. DMS plant\20. SSCR03 - Deslime Screen Station\000 Structure\staircasetest2
2025-12-11 07:26:28 | Rename parts: True
2025-12-11 07:26:28 | Prompting for plant section prefix...
2025-12-11 07:26:30 | Plant section prefix: staircasetest2
2025-12-11 07:26:30 | New assembly name will be: staircasetest2.iam
2025-12-11 07:26:30 | COLLECT: Part1 TFC S-2.ipt (TFC178x54x15)
2025-12-11 07:26:30 | COLLECT: Part2 TFC S-2.ipt (TFC178x54x15)
2025-12-11 07:26:30 | COLLECT: Part3 TFC S-2.ipt (TFC178x54x15)
2025-12-11 07:26:30 | COLLECT: Part5 TFC S-2.ipt (TFC178x54x15)
2025-12-11 07:26:30 | COLLECT: Part6 TFC S-2.ipt (TFC178x54x15)
2025-12-11 07:26:30 | COLLECT: Part7 Stair End Plate S-2.ipt (PL 10mm S355JR)
2025-12-11 07:26:30 | COLLECT: Part8 Stair Stanchion Plate S-2.ipt (PL 10mm S355JR)
2025-12-11 07:26:30 | COLLECT: Part9 Stair End Plate S-2.ipt (PL 10mm S355JR)
2025-12-11 07:26:30 | COLLECT: Step S-2.ipt (TREAD - STD 750 WIDE STEP)
2025-12-11 07:26:30 | COLLECT: Part10 TFC S-2.ipt (TFC178x54x15)
2025-12-11 07:26:30 | COLLECT: Part11 Stanchion Plate S-2.ipt (PL 10mm S355JR)
2025-12-11 07:26:30 | COLLECT: Part4 TFC  S-2.ipt (TFC178x54x15)
2025-12-11 07:26:30 | Collected 12 parts
2025-12-11 07:26:30 | Closing source assembly for safe copy...
2025-12-11 07:26:30 | Copying assembly file...
2025-12-11 07:26:30 | COPIED: Staircase-2.iam -> staircasetest2.iam
2025-12-11 07:26:30 | Copying 12 parts...
2025-12-11 07:26:30 | COPIED: Part1 TFC S-2.ipt -> staircasetest2-CH1.ipt
2025-12-11 07:26:30 | COPIED: Part2 TFC S-2.ipt -> staircasetest2-CH2.ipt
2025-12-11 07:26:30 | COPIED: Part3 TFC S-2.ipt -> staircasetest2-CH3.ipt
2025-12-11 07:26:30 | COPIED: Part5 TFC S-2.ipt -> staircasetest2-CH4.ipt
2025-12-11 07:26:30 | COPIED: Part6 TFC S-2.ipt -> staircasetest2-CH5.ipt
2025-12-11 07:26:30 | COPIED: Part7 Stair End Plate S-2.ipt -> staircasetest2-PL6.ipt
2025-12-11 07:26:30 | COPIED: Part8 Stair Stanchion Plate S-2.ipt -> staircasetest2-PL7.ipt
2025-12-11 07:26:30 | COPIED: Part9 Stair End Plate S-2.ipt -> staircasetest2-PL8.ipt
2025-12-11 07:26:30 | COPIED: Step S-2.ipt -> staircasetest2-OTHER9.ipt
2025-12-11 07:26:30 | COPIED: Part10 TFC S-2.ipt -> staircasetest2-CH10.ipt
2025-12-11 07:26:30 | COPIED: Part11 Stanchion Plate S-2.ipt -> staircasetest2-PL11.ipt
2025-12-11 07:26:30 | COPIED: Part4 TFC  S-2.ipt -> staircasetest2-CH12.ipt
2025-12-11 07:26:30 | Updating assembly references using fd.ReplaceReference...
2025-12-11 07:26:30 | ASSEMBLY UPDATE: Using fd.ReplaceReference method (same as VBScript)
2025-12-11 07:26:30 | ASSEMBLY UPDATE: Opened staircasetest2.iam
2025-12-11 07:26:30 | ASSEMBLY UPDATE: Found 13 file references
2025-12-11 07:26:30 | ASSEMBLY UPDATE: Replacing Part1 TFC S-2.ipt -> staircasetest2-CH1.ipt
2025-12-11 07:26:30 | ASSEMBLY UPDATE: SUCCESS
2025-12-11 07:26:30 | ASSEMBLY UPDATE: Replacing Part10 TFC S-2.ipt -> staircasetest2-CH10.ipt
2025-12-11 07:26:30 | ASSEMBLY UPDATE: SUCCESS
2025-12-11 07:26:30 | ASSEMBLY UPDATE: Replacing Part11 Stanchion Plate S-2.ipt -> staircasetest2-PL11.ipt
2025-12-11 07:26:30 | ASSEMBLY UPDATE: SUCCESS
2025-12-11 07:26:30 | ASSEMBLY UPDATE: Replacing Part2 TFC S-2.ipt -> staircasetest2-CH2.ipt
2025-12-11 07:26:30 | ASSEMBLY UPDATE: SUCCESS
2025-12-11 07:26:30 | ASSEMBLY UPDATE: Replacing Part3 TFC S-2.ipt -> staircasetest2-CH3.ipt
2025-12-11 07:26:30 | ASSEMBLY UPDATE: SUCCESS
2025-12-11 07:26:30 | ASSEMBLY UPDATE: Replacing Part4 TFC  S-2.ipt -> staircasetest2-CH12.ipt
2025-12-11 07:26:30 | ASSEMBLY UPDATE: SUCCESS
2025-12-11 07:26:30 | ASSEMBLY UPDATE: Replacing Part5 TFC S-2.ipt -> staircasetest2-CH4.ipt
2025-12-11 07:26:30 | ASSEMBLY UPDATE: SUCCESS
2025-12-11 07:26:30 | ASSEMBLY UPDATE: Replacing Part6 TFC S-2.ipt -> staircasetest2-CH5.ipt
2025-12-11 07:26:30 | ASSEMBLY UPDATE: SUCCESS
2025-12-11 07:26:30 | ASSEMBLY UPDATE: Replacing Part7 Stair End Plate S-2.ipt -> staircasetest2-PL6.ipt
2025-12-11 07:26:30 | ASSEMBLY UPDATE: SUCCESS
2025-12-11 07:26:30 | ASSEMBLY UPDATE: Replacing Part8 Stair Stanchion Plate S-2.ipt -> staircasetest2-PL7.ipt
2025-12-11 07:26:30 | ASSEMBLY UPDATE: SUCCESS
2025-12-11 07:26:30 | ASSEMBLY UPDATE: Replacing Part9 Stair End Plate S-2.ipt -> staircasetest2-PL8.ipt
2025-12-11 07:26:30 | ASSEMBLY UPDATE: SUCCESS
2025-12-11 07:26:30 | ASSEMBLY UPDATE: No mapping for NSCR03-000-SCA2Bolted Connection1.iam
2025-12-11 07:26:30 | ASSEMBLY UPDATE: Replacing Step S-2.ipt -> staircasetest2-OTHER9.ipt
2025-12-11 07:26:30 | ASSEMBLY UPDATE: SUCCESS
2025-12-11 07:26:30 | ASSEMBLY UPDATE: Saving assembly...
2025-12-11 07:26:31 | ASSEMBLY UPDATE: Saved successfully (12 references updated)
2025-12-11 07:26:31 | Patching iLogic rules...
2025-12-11 07:26:31 | Patched 1 iLogic rules
2025-12-11 07:26:32 | Processing IDW files...
2025-12-11 07:26:32 | IDW PROCESS: Found 1 IDW files
2025-12-11 07:26:32 | IDW PROCESS: Processing MGY-200-DSL-01-12.idw
2025-12-11 07:26:32 | IDW PROCESS: Opening original IDW from source location...
2025-12-11 07:26:35 | IDW PROCESS: Opened successfully, now updating references...
2025-12-11 07:26:35 | IDW PROCESS: Found 12 references
2025-12-11 07:26:35 | IDW PROCESS: Updating Part1 TFC S-2.ipt -> staircasetest2-CH1.ipt
2025-12-11 07:26:35 | IDW PROCESS: SUCCESS
2025-12-11 07:26:35 | IDW PROCESS: Updating Part10 TFC S-2.ipt -> staircasetest2-CH10.ipt
2025-12-11 07:26:35 | IDW PROCESS: SUCCESS
2025-12-11 07:26:35 | IDW PROCESS: Updating Part11 Stanchion Plate S-2.ipt -> staircasetest2-PL11.ipt
2025-12-11 07:26:35 | IDW PROCESS: SUCCESS
2025-12-11 07:26:35 | IDW PROCESS: Updating Part2 TFC S-2.ipt -> staircasetest2-CH2.ipt
2025-12-11 07:26:35 | IDW PROCESS: SUCCESS
2025-12-11 07:26:35 | IDW PROCESS: Updating Part3 TFC S-2.ipt -> staircasetest2-CH3.ipt
2025-12-11 07:26:35 | IDW PROCESS: SUCCESS
2025-12-11 07:26:35 | IDW PROCESS: Updating Part4 TFC  S-2.ipt -> staircasetest2-CH12.ipt
2025-12-11 07:26:35 | IDW PROCESS: SUCCESS
2025-12-11 07:26:35 | IDW PROCESS: Updating Part5 TFC S-2.ipt -> staircasetest2-CH4.ipt
2025-12-11 07:26:35 | IDW PROCESS: SUCCESS
2025-12-11 07:26:35 | IDW PROCESS: Updating Part6 TFC S-2.ipt -> staircasetest2-CH5.ipt
2025-12-11 07:26:35 | IDW PROCESS: SUCCESS
2025-12-11 07:26:35 | IDW PROCESS: Updating Part7 Stair End Plate S-2.ipt -> staircasetest2-PL6.ipt
2025-12-11 07:26:35 | IDW PROCESS: SUCCESS
2025-12-11 07:26:35 | IDW PROCESS: Updating Part8 Stair Stanchion Plate S-2.ipt -> staircasetest2-PL7.ipt
2025-12-11 07:26:35 | IDW PROCESS: SUCCESS
2025-12-11 07:26:35 | IDW PROCESS: Updating Part9 Stair End Plate S-2.ipt -> staircasetest2-PL8.ipt
2025-12-11 07:26:35 | IDW PROCESS: SUCCESS
2025-12-11 07:26:35 | IDW PROCESS: Updating Staircase-2.iam -> staircasetest2.iam
2025-12-11 07:26:35 | IDW PROCESS: SUCCESS
2025-12-11 07:26:35 | IDW PROCESS: Patching iLogic in IDW...
2025-12-11 07:26:35 | IDW PROCESS: Patched 0 rules in IDW
2025-12-11 07:26:35 | IDW PROCESS: Saving to destination: C:\Users\Quintin\Documents\Spectiv\3. Working\22. DMS plant\20. SSCR03 - Deslime Screen Station\000 Structure\staircasetest2\MGY-200-DSL-01-12.idw
2025-12-11 07:26:37 | IDW PROCESS: Successfully saved MGY-200-DSL-01-12.idw (12 references updated)
2025-12-11 07:26:37 | IDW PROCESS: All IDW files processed successfully
2025-12-11 07:26:37 | Saving iLogic patch log...
2025-12-11 07:26:37 | === ASSEMBLY CLONE COMPLETED SUCCESSFULLY ===
2025-12-11 07:26:37 | Log saved to: C:\Users\Quintin\Documents\Spectiv\3. Working\22. DMS plant\REF\FINAL_PRODUCTION_SCRIPTS 1 Oct 2025\Logs\AssemblyCloner_20251211_072619.log
