2025-12-16 12:28:51 | === ASSEMBLY CLONER STARTED ===
2025-12-16 12:28:51 | Using EXACT methodology from VBScript Option 9
2025-12-16 12:28:51 | Source assembly: C:\Users\Quintin\Documents\Spectiv\3. Working\22. DMS plant\22. SSCR05 - Primary Sinks D&R Screen Station\000 Structure & Walkway\1.Structure\Beam-25\Beam-25.iam
2025-12-16 12:28:51 | Source directory: C:\Users\Quintin\Documents\Spectiv\3. Working\22. DMS plant\22. SSCR05 - Primary Sinks D&R Screen Station\000 Structure & Walkway\1.Structure\Beam-25
2025-12-16 12:28:52 | User confirmed clone operation
2025-12-16 12:28:52 | Opening folder browser dialog...
2025-12-16 12:29:07 | Destination folder selected: C:\Users\Quintin\Documents\Spectiv\3. Working\22. DMS plant\22. SSCR05 - Primary Sinks D&R Screen Station\000 Structure & Walkway\1.Structure\Beam-26
2025-12-16 12:29:10 | Rename parts: True
2025-12-16 12:29:10 | Prompting for plant section prefix...
2025-12-16 12:29:11 | Plant section prefix: Beam-26
2025-12-16 12:29:12 | New assembly name: Beam-26
2025-12-16 12:29:12 | New assembly path: C:\Users\Quintin\Documents\Spectiv\3. Working\22. DMS plant\22. SSCR05 - Primary Sinks D&R Screen Station\000 Structure & Walkway\1.Structure\Beam-26\Beam-26.iam
2025-12-16 12:29:12 | COLLECT: Beam-25-B1.ipt (UB203x133x25)
2025-12-16 12:29:12 | COLLECT: Beam-25-PL2.ipt (PL 10mm S355JR)
2025-12-16 12:29:12 | Collected 2 parts
2025-12-16 12:29:12 | Closing source assembly for safe copy...
2025-12-16 12:29:13 | Copying assembly file...
2025-12-16 12:29:13 | COPIED: Beam-25.iam -> Beam-26.iam
2025-12-16 12:29:13 | Copying 2 parts...
2025-12-16 12:29:13 | COPIED: Beam-25-B1.ipt -> Beam-26-B1.ipt
2025-12-16 12:29:13 | COPIED: Beam-25-PL2.ipt -> Beam-26-PL2.ipt
2025-12-16 12:29:13 | Updating assembly references and patching iLogic...
2025-12-16 12:29:13 | ASSEMBLY UPDATE: Using fd.ReplaceReference method (same as VBScript)
2025-12-16 12:29:13 | ASSEMBLY UPDATE: Opened Beam-26.iam
2025-12-16 12:29:13 | ASSEMBLY UPDATE: Found 2 file references
2025-12-16 12:29:13 | ASSEMBLY UPDATE: Replacing Beam-25-B1.ipt -> Beam-26-B1.ipt
2025-12-16 12:29:13 | ASSEMBLY UPDATE: SUCCESS
2025-12-16 12:29:13 | ASSEMBLY UPDATE: Replacing Beam-25-PL2.ipt -> Beam-26-PL2.ipt
2025-12-16 12:29:13 | ASSEMBLY UPDATE: SUCCESS
2025-12-16 12:29:13 | ASSEMBLY UPDATE: Updated 2 references
2025-12-16 12:29:13 | ASSEMBLY UPDATE: Renaming occurrences to match new filenames...
2025-12-16 12:29:13 | ASSEMBLY UPDATE: Renamed 0 occurrences
2025-12-16 12:29:13 | ASSEMBLY UPDATE: Forcing assembly update to resolve occurrences...
2025-12-16 12:29:13 | ASSEMBLY UPDATE: Assembly updated and resolved
2025-12-16 12:29:13 | Patching iLogic rules (in same session)...
2025-12-16 12:29:13 | Patched 0 iLogic rules
2025-12-16 12:29:13 | ASSEMBLY UPDATE: Saving assembly...
2025-12-16 12:29:13 | ASSEMBLY UPDATE: Complete - references updated and iLogic patched
2025-12-16 12:29:13 | Processing IDW files...
2025-12-16 12:29:13 | IDW PROCESS: Found 1 IDW files
2025-12-16 12:29:15 | IDW PROCESS: Processing Beam-25.idw -> Beam-25.idw
2025-12-16 12:29:18 | IDW PROCESS: Opening original IDW from source location...
2025-12-16 12:29:18 | IDW PROCESS: Opened successfully, now updating references...
2025-12-16 12:29:18 | IDW PROCESS: Found 3 references
2025-12-16 12:29:18 | IDW PROCESS: Updating Beam-25.iam -> Beam-26.iam
2025-12-16 12:29:18 | IDW PROCESS: SUCCESS
2025-12-16 12:29:18 | IDW PROCESS: Updating Beam-25-B1.ipt -> Beam-26-B1.ipt
2025-12-16 12:29:18 | IDW PROCESS: SUCCESS
2025-12-16 12:29:18 | IDW PROCESS: Updating Beam-25-PL2.ipt -> Beam-26-PL2.ipt
2025-12-16 12:29:18 | IDW PROCESS: SUCCESS
2025-12-16 12:29:18 | IDW PROCESS: Patching iLogic in IDW...
2025-12-16 12:29:18 | IDW PROCESS: Patched 0 rules in IDW
2025-12-16 12:29:18 | IDW PROCESS: Updating iProperties for Beam-25.idw
2025-12-16 12:29:18 | IDW PROCESS: Updated Part Number to 'Beam-25'
2025-12-16 12:29:18 | IDW PROCESS: Updated Description to 'Beam-26'
2025-12-16 12:29:18 | IDW PROCESS: iProperties update complete for Beam-25.idw
2025-12-16 12:29:18 | IDW PROCESS: Saving to destination: C:\Users\Quintin\Documents\Spectiv\3. Working\22. DMS plant\22. SSCR05 - Primary Sinks D&R Screen Station\000 Structure & Walkway\1.Structure\Beam-26\Beam-25.idw
2025-12-16 12:29:19 | IDW PROCESS: Successfully saved Beam-25.idw as Beam-25.idw (3 references updated)
2025-12-16 12:29:19 | IDW PROCESS: All IDW files processed successfully
2025-12-16 12:29:19 | Updating iProperties for copied documents...
2025-12-16 12:29:19 | Updated iProperties for Beam-26.iam
2025-12-16 12:29:19 | Updated iProperties for Beam-26-B1.ipt
2025-12-16 12:29:19 | Updated iProperties for Beam-26-PL2.ipt
2025-12-16 12:29:20 | Saving iLogic patch log...
2025-12-16 12:29:20 | === ASSEMBLY CLONE COMPLETED SUCCESSFULLY ===
2025-12-16 12:29:20 | Log saved to: C:\Users\Quintin\Documents\Spectiv\3. Working\22. DMS plant\REF\FINAL_PRODUCTION_SCRIPTS 1 Oct 2025\Logs\AssemblyCloner_20251216_122851.log
