2026-01-12 17:43:18 | === DYNAMIC HERITAGE-BASED SOLUTION ===
2026-01-12 17:43:18 | Auto-detecting open model and creating dynamic renaming workflow
2026-01-12 17:43:19 | SUCCESS: Connected to existing Inventor instance
2026-01-12 17:43:19 | STEP 1: Detecting open assembly and analyzing components
2026-01-12 17:43:19 | DETECTED: Document type: 12291
2026-01-12 17:43:19 | DETECTED: Assembly by .iam extension - proceeding
2026-01-12 17:43:19 | DETECTED: Active assembly - N1SCR04-730.iam
2026-01-12 17:43:19 | DETECTED: Full path - C:\Users\Quintin\Documents\Spectiv\3. Working\22. DMS plant\21. SSCR04 - Primary Floats D&R Screen Station\730 CM Head Box\N1SCR04-730.iam
2026-01-12 17:43:26 | USER CONFIRMED: Proceeding with assembly processing
2026-01-12 17:43:26 | CONFIRMED: 42 occurrences to process
2026-01-12 17:43:26 | STEP 2: Flattening hierarchy and grouping components
2026-01-12 17:43:26 | ANALYZE: Recursively flattening ENTIRE model hierarchy and reading iProperty descriptions
2026-01-12 17:43:26 | ANALYZE: Processing assembly - N1SCR04-730.iam (Level: ROOT)
2026-01-12 17:43:26 | ANALYZE: Found 42 occurrences in N1SCR04-730.iam
2026-01-12 17:43:26 | ANALYZE: RECURSING into sub-assembly - Head Box.iam
2026-01-12 17:43:26 | ANALYZE: Processing assembly - Head Box.iam (Level: ROOT>Head Box.iam)
2026-01-12 17:43:26 | ANALYZE: Found 86 occurrences in Head Box.iam
2026-01-12 17:43:26 | ANALYZE: PART - N1SCR04-730-PL1.ipt -> Description: PL 6mm S355jR -> Group: PL (from Head Box.iam)
2026-01-12 17:43:26 | ANALYZE: Created new group - PL
2026-01-12 17:43:26 | ANALYZE: PART - N1SCR04-730-PL2.ipt -> Description: PL 6mm S355jR -> Group: PL (from Head Box.iam)
2026-01-12 17:43:26 | ANALYZE: PART - N1SCR04-730-PL3.ipt -> Description: PL 6mm S355jR -> Group: PL (from Head Box.iam)
2026-01-12 17:43:26 | ANALYZE: PART - N1SCR04-730-PL4.ipt -> Description: PL 6mm S355jR -> Group: PL (from Head Box.iam)
2026-01-12 17:43:26 | ANALYZE: PART - N1SCR04-730-PL5.ipt -> Description: PL 6mm S355jR -> Group: PL (from Head Box.iam)
2026-01-12 17:43:26 | ANALYZE: PART - N1SCR04-730-PL6.ipt -> Description: PL 6mm S355jR -> Group: PL (from Head Box.iam)
2026-01-12 17:43:26 | ANALYZE: PART - N1SCR04-730-PL7.ipt -> Description: PL 6mm S355jR -> Group: PL (from Head Box.iam)
2026-01-12 17:43:26 | ANALYZE: PART - N1SCR04-730-PL8.ipt -> Description: PL 6mm S355jR -> Group: PL (from Head Box.iam)
2026-01-12 17:43:26 | ANALYZE: DUPLICATE PART SKIPPED - N1SCR04-730-PL8.ipt (already processed)
2026-01-12 17:43:26 | ANALYZE: DUPLICATE PART SKIPPED - N1SCR04-730-PL8.ipt (already processed)
2026-01-12 17:43:26 | ANALYZE: PART - N1SCR04-730-PL9.ipt -> Description: PL 6mm S355jR -> Group: PL (from Head Box.iam)
2026-01-12 17:43:26 | ANALYZE: PART - N1SCR04-730-PL10.ipt -> Description: PL 6mm S355jR -> Group: PL (from Head Box.iam)
2026-01-12 17:43:26 | ANALYZE: DUPLICATE PART SKIPPED - N1SCR04-730-PL10.ipt (already processed)
2026-01-12 17:43:26 | ANALYZE: PART - N1SCR04-730-PART1.ipt -> Description: PIPE - 800NB S.A.B.S.719 - 6 W.T. -> Group: FLG (from Head Box.iam)
2026-01-12 17:43:26 | ANALYZE: Created new group - FLG
2026-01-12 17:43:26 | ANALYZE: PART - N1SCR04-730-FL1.ipt -> Description: FLANGE - 600NB S.A.B.S.1123 1000/3 25 TH'K -> Group: FLG (from Head Box.iam)
2026-01-12 17:43:26 | ANALYZE: PART - N1SCR04-730-PART2.ipt -> Description: PIPE - 500NB S.A.B.S.719 - 6 W.T. -> Group: FLG (from Head Box.iam)
2026-01-12 17:43:26 | ANALYZE: PART - N1SCR04-730-FL2.ipt -> Description: FLANGE - 500NB S.A.B.S.1123 1000/3 25 TH'K -> Group: FLG (from Head Box.iam)
2026-01-12 17:43:26 | ANALYZE: DUPLICATE PART SKIPPED - N1SCR04-730-PART2.ipt (already processed)
2026-01-12 17:43:26 | ANALYZE: DUPLICATE PART SKIPPED - N1SCR04-730-FL2.ipt (already processed)
2026-01-12 17:43:26 | ANALYZE: PART - N1SCR04-730-PART3.ipt -> Description: PIPE - 200NB S.A.B.S.719 - 6 W.T. -> Group: FLG (from Head Box.iam)
2026-01-12 17:43:26 | ANALYZE: PART - N1SCR04-730-FL3.ipt -> Description: FLANGE - 200NB S.A.B.S.1123 1000/3 18 TH'K -> Group: FLG (from Head Box.iam)
2026-01-12 17:43:27 | ANALYZE: PART - N1SCR04-730-A1.ipt -> Description: L60x60x6 -> Group: A (from Head Box.iam)
2026-01-12 17:43:27 | ANALYZE: Created new group - A
2026-01-12 17:43:27 | ANALYZE: PART - N1SCR04-730-A2.ipt -> Description: L60x60x6 -> Group: A (from Head Box.iam)
2026-01-12 17:43:27 | ANALYZE: PART - N1SCR04-730-A3.ipt -> Description: L60x60x6 -> Group: A (from Head Box.iam)
2026-01-12 17:43:27 | ANALYZE: PART - N1SCR04-730-A4.ipt -> Description: L60x60x6 -> Group: A (from Head Box.iam)
2026-01-12 17:43:27 | ANALYZE: PART - N1SCR04-730-A5.ipt -> Description: L60x60x6 -> Group: A (from Head Box.iam)
2026-01-12 17:43:27 | ANALYZE: PART - N1SCR04-730-A6.ipt -> Description: L60x60x6 -> Group: A (from Head Box.iam)
2026-01-12 17:43:27 | ANALYZE: PART - N1SCR04-730-A7.ipt -> Description: L50x50x6 -> Group: A (from Head Box.iam)
2026-01-12 17:43:27 | ANALYZE: DUPLICATE PART SKIPPED - N1SCR04-730-A7.ipt (already processed)
2026-01-12 17:43:27 | ANALYZE: PART - N1SCR04-730-A8.ipt -> Description: L50x50x6 -> Group: A (from Head Box.iam)
2026-01-12 17:43:27 | ANALYZE: DUPLICATE PART SKIPPED - N1SCR04-730-A8.ipt (already processed)
2026-01-12 17:43:27 | ANALYZE: DUPLICATE PART SKIPPED - N1SCR04-730-A7.ipt (already processed)
2026-01-12 17:43:27 | ANALYZE: DUPLICATE PART SKIPPED - N1SCR04-730-A7.ipt (already processed)
2026-01-12 17:43:27 | ANALYZE: DUPLICATE PART SKIPPED - N1SCR04-730-A8.ipt (already processed)
2026-01-12 17:43:27 | ANALYZE: DUPLICATE PART SKIPPED - N1SCR04-730-A8.ipt (already processed)
2026-01-12 17:43:27 | ANALYZE: DUPLICATE PART SKIPPED - N1SCR04-730-A7.ipt (already processed)
2026-01-12 17:43:27 | ANALYZE: DUPLICATE PART SKIPPED - N1SCR04-730-A7.ipt (already processed)
2026-01-12 17:43:27 | ANALYZE: DUPLICATE PART SKIPPED - N1SCR04-730-A8.ipt (already processed)
2026-01-12 17:43:27 | ANALYZE: DUPLICATE PART SKIPPED - N1SCR04-730-A8.ipt (already processed)
2026-01-12 17:43:27 | ANALYZE: PART - N1SCR04-730-PL11.ipt -> Description: PL 10mm S355JR -> Group: PL (from Head Box.iam)
2026-01-12 17:43:27 | ANALYZE: PART - N1SCR04-730-PL13.ipt -> Description: PL 10mm S355JR -> Group: PL (from Head Box.iam)
2026-01-12 17:43:27 | ANALYZE: PART - N1SCR04-730-PL14.ipt -> Description: PL 10mm S355JR -> Group: PL (from Head Box.iam)
2026-01-12 17:43:27 | ANALYZE: DUPLICATE PART SKIPPED - N1SCR04-730-PL14.ipt (already processed)
2026-01-12 17:43:27 | ANALYZE: PART - N1SCR04-730-FL4.ipt -> Description: FL50x8 -> Group: FL (from Head Box.iam)
2026-01-12 17:43:27 | ANALYZE: Created new group - FL
2026-01-12 17:43:27 | ANALYZE: DUPLICATE PART SKIPPED - N1SCR04-730-FL4.ipt (already processed)
2026-01-12 17:43:27 | ANALYZE: DUPLICATE PART SKIPPED - N1SCR04-730-PL13.ipt (already processed)
2026-01-12 17:43:27 | ANALYZE: DUPLICATE PART SKIPPED - N1SCR04-730-PL14.ipt (already processed)
2026-01-12 17:43:27 | ANALYZE: DUPLICATE PART SKIPPED - N1SCR04-730-PL14.ipt (already processed)
2026-01-12 17:43:27 | ANALYZE: DUPLICATE PART SKIPPED - N1SCR04-730-FL4.ipt (already processed)
2026-01-12 17:43:27 | ANALYZE: DUPLICATE PART SKIPPED - N1SCR04-730-FL4.ipt (already processed)
2026-01-12 17:43:27 | ANALYZE: DUPLICATE PART SKIPPED - N1SCR04-730-PL13.ipt (already processed)
2026-01-12 17:43:27 | ANALYZE: DUPLICATE PART SKIPPED - N1SCR04-730-PL14.ipt (already processed)
2026-01-12 17:43:27 | ANALYZE: DUPLICATE PART SKIPPED - N1SCR04-730-PL14.ipt (already processed)
2026-01-12 17:43:27 | ANALYZE: DUPLICATE PART SKIPPED - N1SCR04-730-FL4.ipt (already processed)
2026-01-12 17:43:27 | ANALYZE: DUPLICATE PART SKIPPED - N1SCR04-730-FL4.ipt (already processed)
2026-01-12 17:43:27 | ANALYZE: DUPLICATE PART SKIPPED - N1SCR04-730-PL13.ipt (already processed)
2026-01-12 17:43:27 | ANALYZE: DUPLICATE PART SKIPPED - N1SCR04-730-PL14.ipt (already processed)
2026-01-12 17:43:27 | ANALYZE: DUPLICATE PART SKIPPED - N1SCR04-730-PL14.ipt (already processed)
2026-01-12 17:43:27 | ANALYZE: DUPLICATE PART SKIPPED - N1SCR04-730-FL4.ipt (already processed)
2026-01-12 17:43:27 | ANALYZE: DUPLICATE PART SKIPPED - N1SCR04-730-FL4.ipt (already processed)
2026-01-12 17:43:27 | ANALYZE: DUPLICATE PART SKIPPED - N1SCR04-730-PL13.ipt (already processed)
2026-01-12 17:43:27 | ANALYZE: DUPLICATE PART SKIPPED - N1SCR04-730-PL14.ipt (already processed)
2026-01-12 17:43:27 | ANALYZE: DUPLICATE PART SKIPPED - N1SCR04-730-PL14.ipt (already processed)
2026-01-12 17:43:27 | ANALYZE: DUPLICATE PART SKIPPED - N1SCR04-730-FL4.ipt (already processed)
2026-01-12 17:43:27 | ANALYZE: DUPLICATE PART SKIPPED - N1SCR04-730-FL4.ipt (already processed)
2026-01-12 17:43:27 | ANALYZE: DUPLICATE PART SKIPPED - N1SCR04-730-PL13.ipt (already processed)
2026-01-12 17:43:27 | ANALYZE: DUPLICATE PART SKIPPED - N1SCR04-730-PL14.ipt (already processed)
2026-01-12 17:43:27 | ANALYZE: DUPLICATE PART SKIPPED - N1SCR04-730-PL14.ipt (already processed)
2026-01-12 17:43:27 | ANALYZE: DUPLICATE PART SKIPPED - N1SCR04-730-FL4.ipt (already processed)
2026-01-12 17:43:27 | ANALYZE: DUPLICATE PART SKIPPED - N1SCR04-730-FL4.ipt (already processed)
2026-01-12 17:43:27 | ANALYZE: PART - N1SCR04-730-PL15.ipt -> Description: PL 25mm S355JR -> Group: PL (from Head Box.iam)
2026-01-12 17:43:27 | ANALYZE: PART - N1SCR04-730-PL16.ipt -> Description: PL 20mm S355JR -> Group: PL (from Head Box.iam)
2026-01-12 17:43:27 | ANALYZE: DUPLICATE PART SKIPPED - N1SCR04-730-PL15.ipt (already processed)
2026-01-12 17:43:27 | ANALYZE: DUPLICATE PART SKIPPED - N1SCR04-730-PL16.ipt (already processed)
2026-01-12 17:43:27 | ANALYZE: DUPLICATE PART SKIPPED - N1SCR04-730-PL15.ipt (already processed)
2026-01-12 17:43:27 | ANALYZE: DUPLICATE PART SKIPPED - N1SCR04-730-PL16.ipt (already processed)
2026-01-12 17:43:27 | ANALYZE: DUPLICATE PART SKIPPED - N1SCR04-730-PL15.ipt (already processed)
2026-01-12 17:43:27 | ANALYZE: DUPLICATE PART SKIPPED - N1SCR04-730-PL16.ipt (already processed)
2026-01-12 17:43:27 | ANALYZE: DUPLICATE PART SKIPPED - N1SCR04-730-PL15.ipt (already processed)
2026-01-12 17:43:27 | ANALYZE: DUPLICATE PART SKIPPED - N1SCR04-730-PL16.ipt (already processed)
2026-01-12 17:43:27 | ANALYZE: DUPLICATE PART SKIPPED - N1SCR04-730-PL15.ipt (already processed)
2026-01-12 17:43:27 | ANALYZE: DUPLICATE PART SKIPPED - N1SCR04-730-PL16.ipt (already processed)
2026-01-12 17:43:27 | ANALYZE: PART - N1SCR04-730-PL17.ipt -> Description: PL 8mm S355JR -> Group: PL (from Head Box.iam)
2026-01-12 17:43:27 | ANALYZE: DUPLICATE PART SKIPPED - N1SCR04-730-PL17.ipt (already processed)
2026-01-12 17:43:27 | ANALYZE: DUPLICATE PART SKIPPED - N1SCR04-730-PL17.ipt (already processed)
2026-01-12 17:43:27 | ANALYZE: DUPLICATE PART SKIPPED - N1SCR04-730-PL17.ipt (already processed)
2026-01-12 17:43:27 | ANALYZE: RECURSING into sub-assembly - Lid-1.iam
2026-01-12 17:43:27 | ANALYZE: Processing assembly - Lid-1.iam (Level: ROOT>Lid-1.iam)
2026-01-12 17:43:27 | ANALYZE: Found 17 occurrences in Lid-1.iam
2026-01-12 17:43:27 | ANALYZE: PART - N1SCR04-730-PL18.ipt -> Description: PL 6mm S355jR -> Group: PL (from Lid-1.iam)
2026-01-12 17:43:27 | ANALYZE: PART - N1SCR04-730-A9.ipt -> Description: L60x60x6 -> Group: A (from Lid-1.iam)
2026-01-12 17:43:27 | ANALYZE: PART - N1SCR04-730-FL5.ipt -> Description: FL50x8 -> Group: FL (from Lid-1.iam)
2026-01-12 17:43:27 | ANALYZE: DUPLICATE PART SKIPPED - N1SCR04-730-FL5.ipt (already processed)
2026-01-12 17:43:27 | ANALYZE: DUPLICATE PART SKIPPED - N1SCR04-730-FL5.ipt (already processed)
2026-01-12 17:43:27 | ANALYZE: PART - N1SCR04-730-FL6.ipt -> Description: FL50x8 -> Group: FL (from Lid-1.iam)
2026-01-12 17:43:27 | ANALYZE: DUPLICATE PART SKIPPED - N1SCR04-730-FL6.ipt (already processed)
2026-01-12 17:43:27 | ANALYZE: PART - N1SCR04-730-FL7.ipt -> Description: FL50x8 -> Group: FL (from Lid-1.iam)
2026-01-12 17:43:27 | ANALYZE: DUPLICATE PART SKIPPED - N1SCR04-730-FL7.ipt (already processed)
2026-01-12 17:43:27 | ANALYZE: DUPLICATE PART SKIPPED - N1SCR04-730-FL6.ipt (already processed)
2026-01-12 17:43:27 | ANALYZE: DUPLICATE PART SKIPPED - N1SCR04-730-FL6.ipt (already processed)
2026-01-12 17:43:27 | ANALYZE: DUPLICATE PART SKIPPED - N1SCR04-730-FL7.ipt (already processed)
2026-01-12 17:43:27 | ANALYZE: DUPLICATE PART SKIPPED - N1SCR04-730-FL7.ipt (already processed)
2026-01-12 17:43:28 | ANALYZE: PART - N1SCR04-730-PART4.ipt -> Description: HANDLE - Ï16 ROUND BAR -> Group: OTHER (from Lid-1.iam)
2026-01-12 17:43:28 | ANALYZE: Created new group - OTHER
2026-01-12 17:43:28 | ANALYZE: DUPLICATE PART SKIPPED - N1SCR04-730-PART4.ipt (already processed)
2026-01-12 17:43:28 | ANALYZE: DUPLICATE PART SKIPPED - N1SCR04-730-PART4.ipt (already processed)
2026-01-12 17:43:28 | ANALYZE: DUPLICATE PART SKIPPED - N1SCR04-730-PART4.ipt (already processed)
2026-01-12 17:43:28 | ANALYZE: RECURSING into sub-assembly - Lid-1.iam
2026-01-12 17:43:28 | ANALYZE: Processing assembly - Lid-1.iam (Level: ROOT>Lid-1.iam)
2026-01-12 17:43:28 | ANALYZE: Found 17 occurrences in Lid-1.iam
2026-01-12 17:43:28 | ANALYZE: DUPLICATE PART SKIPPED - N1SCR04-730-PL18.ipt (already processed)
2026-01-12 17:43:28 | ANALYZE: DUPLICATE PART SKIPPED - N1SCR04-730-A9.ipt (already processed)
2026-01-12 17:43:28 | ANALYZE: DUPLICATE PART SKIPPED - N1SCR04-730-FL5.ipt (already processed)
2026-01-12 17:43:28 | ANALYZE: DUPLICATE PART SKIPPED - N1SCR04-730-FL5.ipt (already processed)
2026-01-12 17:43:28 | ANALYZE: DUPLICATE PART SKIPPED - N1SCR04-730-FL5.ipt (already processed)
2026-01-12 17:43:28 | ANALYZE: DUPLICATE PART SKIPPED - N1SCR04-730-FL6.ipt (already processed)
2026-01-12 17:43:28 | ANALYZE: DUPLICATE PART SKIPPED - N1SCR04-730-FL6.ipt (already processed)
2026-01-12 17:43:28 | ANALYZE: DUPLICATE PART SKIPPED - N1SCR04-730-FL7.ipt (already processed)
2026-01-12 17:43:28 | ANALYZE: DUPLICATE PART SKIPPED - N1SCR04-730-FL7.ipt (already processed)
2026-01-12 17:43:28 | ANALYZE: DUPLICATE PART SKIPPED - N1SCR04-730-FL6.ipt (already processed)
2026-01-12 17:43:28 | ANALYZE: DUPLICATE PART SKIPPED - N1SCR04-730-FL6.ipt (already processed)
2026-01-12 17:43:28 | ANALYZE: DUPLICATE PART SKIPPED - N1SCR04-730-FL7.ipt (already processed)
2026-01-12 17:43:28 | ANALYZE: DUPLICATE PART SKIPPED - N1SCR04-730-FL7.ipt (already processed)
2026-01-12 17:43:28 | ANALYZE: DUPLICATE PART SKIPPED - N1SCR04-730-PART4.ipt (already processed)
2026-01-12 17:43:28 | ANALYZE: DUPLICATE PART SKIPPED - N1SCR04-730-PART4.ipt (already processed)
2026-01-12 17:43:28 | ANALYZE: DUPLICATE PART SKIPPED - N1SCR04-730-PART4.ipt (already processed)
2026-01-12 17:43:28 | ANALYZE: DUPLICATE PART SKIPPED - N1SCR04-730-PART4.ipt (already processed)
2026-01-12 17:43:28 | ANALYZE: RECURSING into sub-assembly - Lid-2.iam
2026-01-12 17:43:28 | ANALYZE: Processing assembly - Lid-2.iam (Level: ROOT>Lid-2.iam)
2026-01-12 17:43:28 | ANALYZE: Found 18 occurrences in Lid-2.iam
2026-01-12 17:43:28 | ANALYZE: PART - N1SCR04-730-PL19.ipt -> Description: PL 6mm S355jR -> Group: PL (from Lid-2.iam)
2026-01-12 17:43:28 | ANALYZE: PART - N1SCR04-730-A10.ipt -> Description: L60x60x6 -> Group: A (from Lid-2.iam)
2026-01-12 17:43:28 | ANALYZE: PART - N1SCR04-730-FL8.ipt -> Description: FL50x8 -> Group: FL (from Lid-2.iam)
2026-01-12 17:43:28 | ANALYZE: DUPLICATE PART SKIPPED - N1SCR04-730-FL8.ipt (already processed)
2026-01-12 17:43:28 | ANALYZE: DUPLICATE PART SKIPPED - N1SCR04-730-FL8.ipt (already processed)
2026-01-12 17:43:28 | ANALYZE: DUPLICATE PART SKIPPED - N1SCR04-730-A10.ipt (already processed)
2026-01-12 17:43:28 | ANALYZE: PART - N1SCR04-730-FL9.ipt -> Description: FL50x8 -> Group: FL (from Lid-2.iam)
2026-01-12 17:43:28 | ANALYZE: DUPLICATE PART SKIPPED - N1SCR04-730-FL9.ipt (already processed)
2026-01-12 17:43:28 | ANALYZE: PART - N1SCR04-730-FL10.ipt -> Description: FL50x8 -> Group: FL (from Lid-2.iam)
2026-01-12 17:43:28 | ANALYZE: DUPLICATE PART SKIPPED - N1SCR04-730-FL10.ipt (already processed)
2026-01-12 17:43:28 | ANALYZE: DUPLICATE PART SKIPPED - N1SCR04-730-FL9.ipt (already processed)
2026-01-12 17:43:28 | ANALYZE: DUPLICATE PART SKIPPED - N1SCR04-730-FL9.ipt (already processed)
2026-01-12 17:43:28 | ANALYZE: DUPLICATE PART SKIPPED - N1SCR04-730-FL10.ipt (already processed)
2026-01-12 17:43:28 | ANALYZE: DUPLICATE PART SKIPPED - N1SCR04-730-FL10.ipt (already processed)
2026-01-12 17:43:28 | ANALYZE: PART - N1SCR04-730-PART5.ipt -> Description: HANDLE - Ï16 ROUND BAR -> Group: OTHER (from Lid-2.iam)
2026-01-12 17:43:28 | ANALYZE: DUPLICATE PART SKIPPED - N1SCR04-730-PART5.ipt (already processed)
2026-01-12 17:43:28 | ANALYZE: DUPLICATE PART SKIPPED - N1SCR04-730-PART5.ipt (already processed)
2026-01-12 17:43:28 | ANALYZE: DUPLICATE PART SKIPPED - N1SCR04-730-PART5.ipt (already processed)
2026-01-12 17:43:28 | ANALYZE: SKIPPING Bolted Connection1.iam (bolted connection assembly)
2026-01-12 17:43:28 | ANALYZE: SKIPPING Bolted Connection2.iam (bolted connection assembly)
2026-01-12 17:43:28 | ANALYZE: PART - N1SCR04-730-PL12.ipt -> Description: PL 6mm S355jR -> Group: PL (from N1SCR04-730.iam)
2026-01-12 17:43:28 | ANALYZE: DUPLICATE PART SKIPPED - N1SCR04-730-PL12.ipt (already processed)
2026-01-12 17:43:28 | ANALYZE: DUPLICATE PART SKIPPED - N1SCR04-730-PL12.ipt (already processed)
2026-01-12 17:43:28 | ANALYZE: DUPLICATE PART SKIPPED - N1SCR04-730-PL12.ipt (already processed)
2026-01-12 17:43:28 | ANALYZE: DUPLICATE PART SKIPPED - N1SCR04-730-PL12.ipt (already processed)
2026-01-12 17:43:28 | ANALYZE: DUPLICATE PART SKIPPED - N1SCR04-730-PL12.ipt (already processed)
2026-01-12 17:43:28 | ANALYZE: DUPLICATE PART SKIPPED - N1SCR04-730-PL12.ipt (already processed)
2026-01-12 17:43:28 | ANALYZE: DUPLICATE PART SKIPPED - N1SCR04-730-PL12.ipt (already processed)
2026-01-12 17:43:28 | ANALYZE: DUPLICATE PART SKIPPED - N1SCR04-730-PL12.ipt (already processed)
2026-01-12 17:43:28 | ANALYZE: DUPLICATE PART SKIPPED - N1SCR04-730-PL12.ipt (already processed)
2026-01-12 17:43:28 | ANALYZE: DUPLICATE PART SKIPPED - N1SCR04-730-PL12.ipt (already processed)
2026-01-12 17:43:28 | ANALYZE: DUPLICATE PART SKIPPED - N1SCR04-730-PL12.ipt (already processed)
2026-01-12 17:43:28 | ANALYZE: DUPLICATE PART SKIPPED - N1SCR04-730-PL12.ipt (already processed)
2026-01-12 17:43:28 | ANALYZE: DUPLICATE PART SKIPPED - N1SCR04-730-PL12.ipt (already processed)
2026-01-12 17:43:28 | ANALYZE: DUPLICATE PART SKIPPED - N1SCR04-730-PL12.ipt (already processed)
2026-01-12 17:43:28 | ANALYZE: DUPLICATE PART SKIPPED - N1SCR04-730-PL12.ipt (already processed)
2026-01-12 17:43:28 | ANALYZE: DUPLICATE PART SKIPPED - N1SCR04-730-PL12.ipt (already processed)
2026-01-12 17:43:28 | ANALYZE: DUPLICATE PART SKIPPED - N1SCR04-730-PL12.ipt (already processed)
2026-01-12 17:43:28 | ANALYZE: DUPLICATE PART SKIPPED - N1SCR04-730-PL12.ipt (already processed)
2026-01-12 17:43:28 | ANALYZE: DUPLICATE PART SKIPPED - N1SCR04-730-PL12.ipt (already processed)
2026-01-12 17:43:28 | ANALYZE: DUPLICATE PART SKIPPED - N1SCR04-730-PL12.ipt (already processed)
2026-01-12 17:43:28 | ANALYZE: DUPLICATE PART SKIPPED - N1SCR04-730-PL12.ipt (already processed)
2026-01-12 17:43:28 | ANALYZE: DUPLICATE PART SKIPPED - N1SCR04-730-PL12.ipt (already processed)
2026-01-12 17:43:28 | ANALYZE: DUPLICATE PART SKIPPED - N1SCR04-730-PL12.ipt (already processed)
2026-01-12 17:43:28 | ANALYZE: DUPLICATE PART SKIPPED - N1SCR04-730-PL12.ipt (already processed)
2026-01-12 17:43:28 | ANALYZE: DUPLICATE PART SKIPPED - N1SCR04-730-PL12.ipt (already processed)
2026-01-12 17:43:28 | ANALYZE: DUPLICATE PART SKIPPED - N1SCR04-730-PL12.ipt (already processed)
2026-01-12 17:43:28 | ANALYZE: DUPLICATE PART SKIPPED - N1SCR04-730-PL12.ipt (already processed)
2026-01-12 17:43:28 | ANALYZE: DUPLICATE PART SKIPPED - N1SCR04-730-PL12.ipt (already processed)
2026-01-12 17:43:28 | ANALYZE: DUPLICATE PART SKIPPED - N1SCR04-730-PL12.ipt (already processed)
2026-01-12 17:43:28 | ANALYZE: DUPLICATE PART SKIPPED - N1SCR04-730-PL12.ipt (already processed)
2026-01-12 17:43:28 | ANALYZE: DUPLICATE PART SKIPPED - N1SCR04-730-PL12.ipt (already processed)
2026-01-12 17:43:28 | ANALYZE: DUPLICATE PART SKIPPED - N1SCR04-730-PL12.ipt (already processed)
2026-01-12 17:43:28 | ANALYZE: DUPLICATE PART SKIPPED - N1SCR04-730-PL12.ipt (already processed)
2026-01-12 17:43:28 | ANALYZE: DUPLICATE PART SKIPPED - N1SCR04-730-PL12.ipt (already processed)
2026-01-12 17:43:28 | ANALYZE: DUPLICATE PART SKIPPED - N1SCR04-730-PL12.ipt (already processed)
2026-01-12 17:43:28 | ANALYZE: Recursive processing completed - Total unique parts processed: 44
2026-01-12 17:43:28 | ANALYZE: Created 5 component groups
2026-01-12 17:43:28 | DEBUG GROUP: 'PL' contains 19 components:
2026-01-12 17:43:28 |   - C:\Users\Quintin\Documents\Spectiv\3. Working\22. DMS plant\21. SSCR04 - Primary Floats D&R Screen Station\730 CM Head Box\Head box\N1SCR04-730-PL1.ipt
2026-01-12 17:43:28 |   - C:\Users\Quintin\Documents\Spectiv\3. Working\22. DMS plant\21. SSCR04 - Primary Floats D&R Screen Station\730 CM Head Box\Head box\N1SCR04-730-PL2.ipt
2026-01-12 17:43:28 |   - C:\Users\Quintin\Documents\Spectiv\3. Working\22. DMS plant\21. SSCR04 - Primary Floats D&R Screen Station\730 CM Head Box\Head box\N1SCR04-730-PL3.ipt
2026-01-12 17:43:28 |   - C:\Users\Quintin\Documents\Spectiv\3. Working\22. DMS plant\21. SSCR04 - Primary Floats D&R Screen Station\730 CM Head Box\Head box\N1SCR04-730-PL4.ipt
2026-01-12 17:43:28 |   - C:\Users\Quintin\Documents\Spectiv\3. Working\22. DMS plant\21. SSCR04 - Primary Floats D&R Screen Station\730 CM Head Box\Head box\N1SCR04-730-PL5.ipt
2026-01-12 17:43:28 |   - C:\Users\Quintin\Documents\Spectiv\3. Working\22. DMS plant\21. SSCR04 - Primary Floats D&R Screen Station\730 CM Head Box\Head box\N1SCR04-730-PL6.ipt
2026-01-12 17:43:28 |   - C:\Users\Quintin\Documents\Spectiv\3. Working\22. DMS plant\21. SSCR04 - Primary Floats D&R Screen Station\730 CM Head Box\Head box\N1SCR04-730-PL7.ipt
2026-01-12 17:43:28 |   - C:\Users\Quintin\Documents\Spectiv\3. Working\22. DMS plant\21. SSCR04 - Primary Floats D&R Screen Station\730 CM Head Box\Head box\N1SCR04-730-PL8.ipt
2026-01-12 17:43:28 |   - C:\Users\Quintin\Documents\Spectiv\3. Working\22. DMS plant\21. SSCR04 - Primary Floats D&R Screen Station\730 CM Head Box\Head box\N1SCR04-730-PL9.ipt
2026-01-12 17:43:28 |   - C:\Users\Quintin\Documents\Spectiv\3. Working\22. DMS plant\21. SSCR04 - Primary Floats D&R Screen Station\730 CM Head Box\Head box\N1SCR04-730-PL10.ipt
2026-01-12 17:43:28 |   - C:\Users\Quintin\Documents\Spectiv\3. Working\22. DMS plant\21. SSCR04 - Primary Floats D&R Screen Station\730 CM Head Box\Head box\N1SCR04-730-PL11.ipt
2026-01-12 17:43:28 |   - C:\Users\Quintin\Documents\Spectiv\3. Working\22. DMS plant\21. SSCR04 - Primary Floats D&R Screen Station\730 CM Head Box\Head box\N1SCR04-730-PL13.ipt
2026-01-12 17:43:28 |   - C:\Users\Quintin\Documents\Spectiv\3. Working\22. DMS plant\21. SSCR04 - Primary Floats D&R Screen Station\730 CM Head Box\Head box\N1SCR04-730-PL14.ipt
2026-01-12 17:43:28 |   - C:\Users\Quintin\Documents\Spectiv\3. Working\22. DMS plant\21. SSCR04 - Primary Floats D&R Screen Station\730 CM Head Box\Head box\N1SCR04-730-PL15.ipt
2026-01-12 17:43:28 |   - C:\Users\Quintin\Documents\Spectiv\3. Working\22. DMS plant\21. SSCR04 - Primary Floats D&R Screen Station\730 CM Head Box\Head box\N1SCR04-730-PL16.ipt
2026-01-12 17:43:28 |   - C:\Users\Quintin\Documents\Spectiv\3. Working\22. DMS plant\21. SSCR04 - Primary Floats D&R Screen Station\730 CM Head Box\Head box\N1SCR04-730-PL17.ipt
2026-01-12 17:43:28 |   - C:\Users\Quintin\Documents\Spectiv\3. Working\22. DMS plant\21. SSCR04 - Primary Floats D&R Screen Station\730 CM Head Box\Lid-1\N1SCR04-730-PL18.ipt
2026-01-12 17:43:28 |   - C:\Users\Quintin\Documents\Spectiv\3. Working\22. DMS plant\21. SSCR04 - Primary Floats D&R Screen Station\730 CM Head Box\Lid-2\N1SCR04-730-PL19.ipt
2026-01-12 17:43:28 |   - C:\Users\Quintin\Documents\Spectiv\3. Working\22. DMS plant\21. SSCR04 - Primary Floats D&R Screen Station\730 CM Head Box\Head box\N1SCR04-730-PL12.ipt
2026-01-12 17:43:28 | DEBUG GROUP: 'FLG' contains 6 components:
2026-01-12 17:43:28 |   - C:\Users\Quintin\Documents\Spectiv\3. Working\22. DMS plant\21. SSCR04 - Primary Floats D&R Screen Station\730 CM Head Box\Head box\N1SCR04-730-PART1.ipt
2026-01-12 17:43:28 |   - C:\Users\Quintin\Documents\Spectiv\3. Working\22. DMS plant\21. SSCR04 - Primary Floats D&R Screen Station\730 CM Head Box\Head box\N1SCR04-730-FL1.ipt
2026-01-12 17:43:28 |   - C:\Users\Quintin\Documents\Spectiv\3. Working\22. DMS plant\21. SSCR04 - Primary Floats D&R Screen Station\730 CM Head Box\Head box\N1SCR04-730-PART2.ipt
2026-01-12 17:43:28 |   - C:\Users\Quintin\Documents\Spectiv\3. Working\22. DMS plant\21. SSCR04 - Primary Floats D&R Screen Station\730 CM Head Box\Head box\N1SCR04-730-FL2.ipt
2026-01-12 17:43:28 |   - C:\Users\Quintin\Documents\Spectiv\3. Working\22. DMS plant\21. SSCR04 - Primary Floats D&R Screen Station\730 CM Head Box\Head box\N1SCR04-730-PART3.ipt
2026-01-12 17:43:28 |   - C:\Users\Quintin\Documents\Spectiv\3. Working\22. DMS plant\21. SSCR04 - Primary Floats D&R Screen Station\730 CM Head Box\Head box\N1SCR04-730-FL3.ipt
2026-01-12 17:43:28 | DEBUG GROUP: 'A' contains 10 components:
2026-01-12 17:43:28 |   - C:\Users\Quintin\Documents\Spectiv\3. Working\22. DMS plant\21. SSCR04 - Primary Floats D&R Screen Station\730 CM Head Box\Head box\N1SCR04-730-A1.ipt
2026-01-12 17:43:28 |   - C:\Users\Quintin\Documents\Spectiv\3. Working\22. DMS plant\21. SSCR04 - Primary Floats D&R Screen Station\730 CM Head Box\Head box\N1SCR04-730-A2.ipt
2026-01-12 17:43:28 |   - C:\Users\Quintin\Documents\Spectiv\3. Working\22. DMS plant\21. SSCR04 - Primary Floats D&R Screen Station\730 CM Head Box\Head box\N1SCR04-730-A3.ipt
2026-01-12 17:43:28 |   - C:\Users\Quintin\Documents\Spectiv\3. Working\22. DMS plant\21. SSCR04 - Primary Floats D&R Screen Station\730 CM Head Box\Head box\N1SCR04-730-A4.ipt
2026-01-12 17:43:28 |   - C:\Users\Quintin\Documents\Spectiv\3. Working\22. DMS plant\21. SSCR04 - Primary Floats D&R Screen Station\730 CM Head Box\Head box\N1SCR04-730-A5.ipt
2026-01-12 17:43:28 |   - C:\Users\Quintin\Documents\Spectiv\3. Working\22. DMS plant\21. SSCR04 - Primary Floats D&R Screen Station\730 CM Head Box\Head box\N1SCR04-730-A6.ipt
2026-01-12 17:43:28 |   - C:\Users\Quintin\Documents\Spectiv\3. Working\22. DMS plant\21. SSCR04 - Primary Floats D&R Screen Station\730 CM Head Box\Head box\N1SCR04-730-A7.ipt
2026-01-12 17:43:28 |   - C:\Users\Quintin\Documents\Spectiv\3. Working\22. DMS plant\21. SSCR04 - Primary Floats D&R Screen Station\730 CM Head Box\Head box\N1SCR04-730-A8.ipt
2026-01-12 17:43:28 |   - C:\Users\Quintin\Documents\Spectiv\3. Working\22. DMS plant\21. SSCR04 - Primary Floats D&R Screen Station\730 CM Head Box\Lid-1\N1SCR04-730-A9.ipt
2026-01-12 17:43:28 |   - C:\Users\Quintin\Documents\Spectiv\3. Working\22. DMS plant\21. SSCR04 - Primary Floats D&R Screen Station\730 CM Head Box\Lid-2\N1SCR04-730-A10.ipt
2026-01-12 17:43:28 | DEBUG GROUP: 'FL' contains 7 components:
2026-01-12 17:43:28 |   - C:\Users\Quintin\Documents\Spectiv\3. Working\22. DMS plant\21. SSCR04 - Primary Floats D&R Screen Station\730 CM Head Box\Head box\N1SCR04-730-FL4.ipt
2026-01-12 17:43:28 |   - C:\Users\Quintin\Documents\Spectiv\3. Working\22. DMS plant\21. SSCR04 - Primary Floats D&R Screen Station\730 CM Head Box\Lid-1\N1SCR04-730-FL5.ipt
2026-01-12 17:43:28 |   - C:\Users\Quintin\Documents\Spectiv\3. Working\22. DMS plant\21. SSCR04 - Primary Floats D&R Screen Station\730 CM Head Box\Lid-1\N1SCR04-730-FL6.ipt
2026-01-12 17:43:28 |   - C:\Users\Quintin\Documents\Spectiv\3. Working\22. DMS plant\21. SSCR04 - Primary Floats D&R Screen Station\730 CM Head Box\Lid-1\N1SCR04-730-FL7.ipt
2026-01-12 17:43:28 |   - C:\Users\Quintin\Documents\Spectiv\3. Working\22. DMS plant\21. SSCR04 - Primary Floats D&R Screen Station\730 CM Head Box\Lid-2\N1SCR04-730-FL8.ipt
2026-01-12 17:43:28 |   - C:\Users\Quintin\Documents\Spectiv\3. Working\22. DMS plant\21. SSCR04 - Primary Floats D&R Screen Station\730 CM Head Box\Lid-2\N1SCR04-730-FL9.ipt
2026-01-12 17:43:28 |   - C:\Users\Quintin\Documents\Spectiv\3. Working\22. DMS plant\21. SSCR04 - Primary Floats D&R Screen Station\730 CM Head Box\Lid-2\N1SCR04-730-FL10.ipt
2026-01-12 17:43:28 | DEBUG GROUP: 'OTHER' contains 2 components:
2026-01-12 17:43:28 |   - C:\Users\Quintin\Documents\Spectiv\3. Working\22. DMS plant\21. SSCR04 - Primary Floats D&R Screen Station\730 CM Head Box\Lid-1\N1SCR04-730-PART4.ipt
2026-01-12 17:43:28 |   - C:\Users\Quintin\Documents\Spectiv\3. Working\22. DMS plant\21. SSCR04 - Primary Floats D&R Screen Station\730 CM Head Box\Lid-2\N1SCR04-730-PART5.ipt
2026-01-12 17:43:28 | STEP 3: Getting plant section naming convention
2026-01-12 17:43:28 | PLANT: Getting plant section naming convention from user
2026-01-12 17:43:50 | PLANT: Using custom naming convention: N1SCR04-730-
2026-01-12 17:43:51 | STEP 4: Showing component groups summary
2026-01-12 17:43:51 | SUMMARY: Showing component groups to user
2026-01-12 17:43:52 | SUMMARY: User approved component groups
2026-01-12 17:43:52 | STEP 5: Getting user naming schemes for component groups
2026-01-12 17:43:52 | INPUT: Getting user naming schemes for 5 groups
2026-01-12 17:43:53 | INPUT: Group 'PL' -> Scheme: N1SCR04-730-PL{N}
2026-01-12 17:43:53 | INPUT: Group 'FLG' -> Scheme: N1SCR04-730-FLG{N}
2026-01-12 17:43:54 | INPUT: Group 'A' -> Scheme: N1SCR04-730-A{N}
2026-01-12 17:43:54 | INPUT: Group 'FL' -> Scheme: N1SCR04-730-FL{N}
2026-01-12 17:43:55 | INPUT: Group 'OTHER' -> Scheme: N1SCR04-730-PART{N}
2026-01-12 17:43:55 | STEP 6: Creating heritage-based copies with user naming
2026-01-12 17:43:55 | HERITAGE: Creating dynamic heritage-based copies
2026-01-12 17:43:55 | HERITAGE: Scanning mapping file for existing heritage files to continue numbering
2026-01-12 17:43:55 | SCAN: Scanning Registry for existing counters to continue numbering with prefix: N1SCR04-730-
2026-01-12 17:43:55 | SCAN: No existing counter for: N1SCR04-730-CH (will start from 1)
2026-01-12 17:43:55 | SCAN: Found existing counter: N1SCR04-730-PL = 19
2026-01-12 17:43:55 | SCAN: No existing counter for: N1SCR04-730-B (will start from 1)
2026-01-12 17:43:55 | SCAN: Found existing counter: N1SCR04-730-A = 10
2026-01-12 17:43:55 | SCAN: No existing counter for: N1SCR04-730-P (will start from 1)
2026-01-12 17:43:55 | SCAN: No existing counter for: N1SCR04-730-SQ (will start from 1)
2026-01-12 17:43:55 | SCAN: Found existing counter: N1SCR04-730-FL = 7
2026-01-12 17:43:55 | SCAN: No existing counter for: N1SCR04-730-LPL (will start from 1)
2026-01-12 17:43:55 | SCAN: No existing counter for: N1SCR04-730-IPE (will start from 1)
2026-01-12 17:43:55 | SCAN: Found existing counter: N1SCR04-730-OTHER = 2
2026-01-12 17:43:55 | SCAN: Loaded 4 existing counters from Registry
2026-01-12 17:43:55 | EXTRACT: Processing naming scheme: N1SCR04-730-PL{N}
2026-01-12 17:43:55 | EXTRACT: Extracted prefix: 'N1SCR04-730-'
2026-01-12 17:43:55 | HERITAGE: Checking for existing counter with key: 'N1SCR04-730-PL'
2026-01-12 17:43:55 | HERITAGE: Group 'PL' continuing from number 20 (found existing files with highest number 19)
2026-01-12 17:43:55 | HERITAGE: Processing group 'PL' with scheme: N1SCR04-730-PL{N}
2026-01-12 17:43:55 | HERITAGE: N1SCR04-730-PL1.ipt -> N1SCR04-730-PL20.ipt
2026-01-12 17:43:55 | MAPPING: C:\Users\Quintin\Documents\Spectiv\3. Working\22. DMS plant\21. SSCR04 - Primary Floats D&R Screen Station\730 CM Head Box\Head box\N1SCR04-730-PL1.ipt -> C:\Users\Quintin\Documents\Spectiv\3. Working\22. DMS plant\21. SSCR04 - Primary Floats D&R Screen Station\730 CM Head Box\Head box\N1SCR04-730-PL20.ipt
2026-01-12 17:43:55 | HERITAGE: Creating new file: N1SCR04-730-PL20.ipt
2026-01-12 17:43:55 | HERITAGE: SUCCESS - Created N1SCR04-730-PL20.ipt
2026-01-12 17:43:55 | HERITAGE: N1SCR04-730-PL2.ipt -> N1SCR04-730-PL21.ipt
2026-01-12 17:43:55 | MAPPING: C:\Users\Quintin\Documents\Spectiv\3. Working\22. DMS plant\21. SSCR04 - Primary Floats D&R Screen Station\730 CM Head Box\Head box\N1SCR04-730-PL2.ipt -> C:\Users\Quintin\Documents\Spectiv\3. Working\22. DMS plant\21. SSCR04 - Primary Floats D&R Screen Station\730 CM Head Box\Head box\N1SCR04-730-PL21.ipt
2026-01-12 17:43:55 | HERITAGE: Creating new file: N1SCR04-730-PL21.ipt
2026-01-12 17:43:55 | HERITAGE: SUCCESS - Created N1SCR04-730-PL21.ipt
2026-01-12 17:43:56 | HERITAGE: N1SCR04-730-PL3.ipt -> N1SCR04-730-PL22.ipt
2026-01-12 17:43:56 | MAPPING: C:\Users\Quintin\Documents\Spectiv\3. Working\22. DMS plant\21. SSCR04 - Primary Floats D&R Screen Station\730 CM Head Box\Head box\N1SCR04-730-PL3.ipt -> C:\Users\Quintin\Documents\Spectiv\3. Working\22. DMS plant\21. SSCR04 - Primary Floats D&R Screen Station\730 CM Head Box\Head box\N1SCR04-730-PL22.ipt
2026-01-12 17:43:56 | HERITAGE: Creating new file: N1SCR04-730-PL22.ipt
2026-01-12 17:43:56 | HERITAGE: SUCCESS - Created N1SCR04-730-PL22.ipt
2026-01-12 17:43:56 | HERITAGE: N1SCR04-730-PL4.ipt -> N1SCR04-730-PL23.ipt
2026-01-12 17:43:56 | MAPPING: C:\Users\Quintin\Documents\Spectiv\3. Working\22. DMS plant\21. SSCR04 - Primary Floats D&R Screen Station\730 CM Head Box\Head box\N1SCR04-730-PL4.ipt -> C:\Users\Quintin\Documents\Spectiv\3. Working\22. DMS plant\21. SSCR04 - Primary Floats D&R Screen Station\730 CM Head Box\Head box\N1SCR04-730-PL23.ipt
2026-01-12 17:43:56 | HERITAGE: Creating new file: N1SCR04-730-PL23.ipt
2026-01-12 17:43:56 | HERITAGE: SUCCESS - Created N1SCR04-730-PL23.ipt
2026-01-12 17:43:56 | HERITAGE: N1SCR04-730-PL5.ipt -> N1SCR04-730-PL24.ipt
2026-01-12 17:43:56 | MAPPING: C:\Users\Quintin\Documents\Spectiv\3. Working\22. DMS plant\21. SSCR04 - Primary Floats D&R Screen Station\730 CM Head Box\Head box\N1SCR04-730-PL5.ipt -> C:\Users\Quintin\Documents\Spectiv\3. Working\22. DMS plant\21. SSCR04 - Primary Floats D&R Screen Station\730 CM Head Box\Head box\N1SCR04-730-PL24.ipt
2026-01-12 17:43:56 | HERITAGE: Creating new file: N1SCR04-730-PL24.ipt
2026-01-12 17:43:56 | HERITAGE: SUCCESS - Created N1SCR04-730-PL24.ipt
2026-01-12 17:43:56 | HERITAGE: N1SCR04-730-PL6.ipt -> N1SCR04-730-PL25.ipt
2026-01-12 17:43:56 | MAPPING: C:\Users\Quintin\Documents\Spectiv\3. Working\22. DMS plant\21. SSCR04 - Primary Floats D&R Screen Station\730 CM Head Box\Head box\N1SCR04-730-PL6.ipt -> C:\Users\Quintin\Documents\Spectiv\3. Working\22. DMS plant\21. SSCR04 - Primary Floats D&R Screen Station\730 CM Head Box\Head box\N1SCR04-730-PL25.ipt
2026-01-12 17:43:56 | HERITAGE: Creating new file: N1SCR04-730-PL25.ipt
2026-01-12 17:43:56 | HERITAGE: SUCCESS - Created N1SCR04-730-PL25.ipt
2026-01-12 17:43:56 | HERITAGE: N1SCR04-730-PL7.ipt -> N1SCR04-730-PL26.ipt
2026-01-12 17:43:56 | MAPPING: C:\Users\Quintin\Documents\Spectiv\3. Working\22. DMS plant\21. SSCR04 - Primary Floats D&R Screen Station\730 CM Head Box\Head box\N1SCR04-730-PL7.ipt -> C:\Users\Quintin\Documents\Spectiv\3. Working\22. DMS plant\21. SSCR04 - Primary Floats D&R Screen Station\730 CM Head Box\Head box\N1SCR04-730-PL26.ipt
2026-01-12 17:43:56 | HERITAGE: Creating new file: N1SCR04-730-PL26.ipt
2026-01-12 17:43:56 | HERITAGE: SUCCESS - Created N1SCR04-730-PL26.ipt
2026-01-12 17:43:57 | HERITAGE: N1SCR04-730-PL8.ipt -> N1SCR04-730-PL27.ipt
2026-01-12 17:43:57 | MAPPING: C:\Users\Quintin\Documents\Spectiv\3. Working\22. DMS plant\21. SSCR04 - Primary Floats D&R Screen Station\730 CM Head Box\Head box\N1SCR04-730-PL8.ipt -> C:\Users\Quintin\Documents\Spectiv\3. Working\22. DMS plant\21. SSCR04 - Primary Floats D&R Screen Station\730 CM Head Box\Head box\N1SCR04-730-PL27.ipt
2026-01-12 17:43:57 | HERITAGE: Creating new file: N1SCR04-730-PL27.ipt
2026-01-12 17:43:57 | HERITAGE: SUCCESS - Created N1SCR04-730-PL27.ipt
2026-01-12 17:43:57 | HERITAGE: N1SCR04-730-PL9.ipt -> N1SCR04-730-PL28.ipt
2026-01-12 17:43:57 | MAPPING: C:\Users\Quintin\Documents\Spectiv\3. Working\22. DMS plant\21. SSCR04 - Primary Floats D&R Screen Station\730 CM Head Box\Head box\N1SCR04-730-PL9.ipt -> C:\Users\Quintin\Documents\Spectiv\3. Working\22. DMS plant\21. SSCR04 - Primary Floats D&R Screen Station\730 CM Head Box\Head box\N1SCR04-730-PL28.ipt
2026-01-12 17:43:57 | HERITAGE: Creating new file: N1SCR04-730-PL28.ipt
2026-01-12 17:43:57 | HERITAGE: SUCCESS - Created N1SCR04-730-PL28.ipt
2026-01-12 17:43:57 | HERITAGE: N1SCR04-730-PL10.ipt -> N1SCR04-730-PL29.ipt
2026-01-12 17:43:57 | MAPPING: C:\Users\Quintin\Documents\Spectiv\3. Working\22. DMS plant\21. SSCR04 - Primary Floats D&R Screen Station\730 CM Head Box\Head box\N1SCR04-730-PL10.ipt -> C:\Users\Quintin\Documents\Spectiv\3. Working\22. DMS plant\21. SSCR04 - Primary Floats D&R Screen Station\730 CM Head Box\Head box\N1SCR04-730-PL29.ipt
2026-01-12 17:43:57 | HERITAGE: Creating new file: N1SCR04-730-PL29.ipt
2026-01-12 17:43:57 | HERITAGE: SUCCESS - Created N1SCR04-730-PL29.ipt
2026-01-12 17:43:57 | HERITAGE: N1SCR04-730-PL11.ipt -> N1SCR04-730-PL30.ipt
2026-01-12 17:43:57 | MAPPING: C:\Users\Quintin\Documents\Spectiv\3. Working\22. DMS plant\21. SSCR04 - Primary Floats D&R Screen Station\730 CM Head Box\Head box\N1SCR04-730-PL11.ipt -> C:\Users\Quintin\Documents\Spectiv\3. Working\22. DMS plant\21. SSCR04 - Primary Floats D&R Screen Station\730 CM Head Box\Head box\N1SCR04-730-PL30.ipt
2026-01-12 17:43:57 | HERITAGE: Creating new file: N1SCR04-730-PL30.ipt
2026-01-12 17:43:57 | HERITAGE: SUCCESS - Created N1SCR04-730-PL30.ipt
2026-01-12 17:43:57 | HERITAGE: N1SCR04-730-PL13.ipt -> N1SCR04-730-PL31.ipt
2026-01-12 17:43:57 | MAPPING: C:\Users\Quintin\Documents\Spectiv\3. Working\22. DMS plant\21. SSCR04 - Primary Floats D&R Screen Station\730 CM Head Box\Head box\N1SCR04-730-PL13.ipt -> C:\Users\Quintin\Documents\Spectiv\3. Working\22. DMS plant\21. SSCR04 - Primary Floats D&R Screen Station\730 CM Head Box\Head box\N1SCR04-730-PL31.ipt
2026-01-12 17:43:57 | HERITAGE: Creating new file: N1SCR04-730-PL31.ipt
2026-01-12 17:43:57 | HERITAGE: SUCCESS - Created N1SCR04-730-PL31.ipt
2026-01-12 17:43:57 | HERITAGE: N1SCR04-730-PL14.ipt -> N1SCR04-730-PL32.ipt
2026-01-12 17:43:57 | MAPPING: C:\Users\Quintin\Documents\Spectiv\3. Working\22. DMS plant\21. SSCR04 - Primary Floats D&R Screen Station\730 CM Head Box\Head box\N1SCR04-730-PL14.ipt -> C:\Users\Quintin\Documents\Spectiv\3. Working\22. DMS plant\21. SSCR04 - Primary Floats D&R Screen Station\730 CM Head Box\Head box\N1SCR04-730-PL32.ipt
2026-01-12 17:43:57 | HERITAGE: Creating new file: N1SCR04-730-PL32.ipt
2026-01-12 17:43:58 | HERITAGE: SUCCESS - Created N1SCR04-730-PL32.ipt
2026-01-12 17:43:58 | HERITAGE: N1SCR04-730-PL15.ipt -> N1SCR04-730-PL33.ipt
2026-01-12 17:43:58 | MAPPING: C:\Users\Quintin\Documents\Spectiv\3. Working\22. DMS plant\21. SSCR04 - Primary Floats D&R Screen Station\730 CM Head Box\Head box\N1SCR04-730-PL15.ipt -> C:\Users\Quintin\Documents\Spectiv\3. Working\22. DMS plant\21. SSCR04 - Primary Floats D&R Screen Station\730 CM Head Box\Head box\N1SCR04-730-PL33.ipt
2026-01-12 17:43:58 | HERITAGE: Creating new file: N1SCR04-730-PL33.ipt
2026-01-12 17:43:58 | HERITAGE: SUCCESS - Created N1SCR04-730-PL33.ipt
2026-01-12 17:43:58 | HERITAGE: N1SCR04-730-PL16.ipt -> N1SCR04-730-PL34.ipt
2026-01-12 17:43:58 | MAPPING: C:\Users\Quintin\Documents\Spectiv\3. Working\22. DMS plant\21. SSCR04 - Primary Floats D&R Screen Station\730 CM Head Box\Head box\N1SCR04-730-PL16.ipt -> C:\Users\Quintin\Documents\Spectiv\3. Working\22. DMS plant\21. SSCR04 - Primary Floats D&R Screen Station\730 CM Head Box\Head box\N1SCR04-730-PL34.ipt
2026-01-12 17:43:58 | HERITAGE: Creating new file: N1SCR04-730-PL34.ipt
2026-01-12 17:43:58 | HERITAGE: SUCCESS - Created N1SCR04-730-PL34.ipt
2026-01-12 17:43:58 | HERITAGE: N1SCR04-730-PL17.ipt -> N1SCR04-730-PL35.ipt
2026-01-12 17:43:58 | MAPPING: C:\Users\Quintin\Documents\Spectiv\3. Working\22. DMS plant\21. SSCR04 - Primary Floats D&R Screen Station\730 CM Head Box\Head box\N1SCR04-730-PL17.ipt -> C:\Users\Quintin\Documents\Spectiv\3. Working\22. DMS plant\21. SSCR04 - Primary Floats D&R Screen Station\730 CM Head Box\Head box\N1SCR04-730-PL35.ipt
2026-01-12 17:43:58 | HERITAGE: Creating new file: N1SCR04-730-PL35.ipt
2026-01-12 17:43:58 | HERITAGE: SUCCESS - Created N1SCR04-730-PL35.ipt
2026-01-12 17:43:58 | HERITAGE: N1SCR04-730-PL18.ipt -> N1SCR04-730-PL36.ipt
2026-01-12 17:43:58 | MAPPING: C:\Users\Quintin\Documents\Spectiv\3. Working\22. DMS plant\21. SSCR04 - Primary Floats D&R Screen Station\730 CM Head Box\Lid-1\N1SCR04-730-PL18.ipt -> C:\Users\Quintin\Documents\Spectiv\3. Working\22. DMS plant\21. SSCR04 - Primary Floats D&R Screen Station\730 CM Head Box\Lid-1\N1SCR04-730-PL36.ipt
2026-01-12 17:43:58 | HERITAGE: Creating new file: N1SCR04-730-PL36.ipt
2026-01-12 17:43:58 | HERITAGE: SUCCESS - Created N1SCR04-730-PL36.ipt
2026-01-12 17:43:58 | HERITAGE: N1SCR04-730-PL19.ipt -> N1SCR04-730-PL37.ipt
2026-01-12 17:43:58 | MAPPING: C:\Users\Quintin\Documents\Spectiv\3. Working\22. DMS plant\21. SSCR04 - Primary Floats D&R Screen Station\730 CM Head Box\Lid-2\N1SCR04-730-PL19.ipt -> C:\Users\Quintin\Documents\Spectiv\3. Working\22. DMS plant\21. SSCR04 - Primary Floats D&R Screen Station\730 CM Head Box\Lid-2\N1SCR04-730-PL37.ipt
2026-01-12 17:43:58 | HERITAGE: Creating new file: N1SCR04-730-PL37.ipt
2026-01-12 17:43:58 | HERITAGE: SUCCESS - Created N1SCR04-730-PL37.ipt
2026-01-12 17:43:59 | HERITAGE: N1SCR04-730-PL12.ipt -> N1SCR04-730-PL38.ipt
2026-01-12 17:43:59 | MAPPING: C:\Users\Quintin\Documents\Spectiv\3. Working\22. DMS plant\21. SSCR04 - Primary Floats D&R Screen Station\730 CM Head Box\Head box\N1SCR04-730-PL12.ipt -> C:\Users\Quintin\Documents\Spectiv\3. Working\22. DMS plant\21. SSCR04 - Primary Floats D&R Screen Station\730 CM Head Box\Head box\N1SCR04-730-PL38.ipt
2026-01-12 17:43:59 | HERITAGE: Creating new file: N1SCR04-730-PL38.ipt
2026-01-12 17:43:59 | HERITAGE: SUCCESS - Created N1SCR04-730-PL38.ipt
2026-01-12 17:43:59 | REGISTRY: Saved N1SCR04-730-PL = 38
2026-01-12 17:43:59 | EXTRACT: Processing naming scheme: N1SCR04-730-FLG{N}
2026-01-12 17:43:59 | EXTRACT: Extracted prefix: 'N1SCR04-730-'
2026-01-12 17:43:59 | HERITAGE: Checking for existing counter with key: 'N1SCR04-730-FLG'
2026-01-12 17:43:59 | HERITAGE: Group 'FLG' starting from number 1 (new prefix or group - key 'N1SCR04-730-FLG' not found)
2026-01-12 17:43:59 | HERITAGE: DEBUG - Existing counter keys:
2026-01-12 17:43:59 | HERITAGE: DEBUG -   'N1SCR04-730-PL' = 19
2026-01-12 17:43:59 | HERITAGE: DEBUG -   'N1SCR04-730-A' = 10
2026-01-12 17:43:59 | HERITAGE: DEBUG -   'N1SCR04-730-FL' = 7
2026-01-12 17:43:59 | HERITAGE: DEBUG -   'N1SCR04-730-OTHER' = 2
2026-01-12 17:43:59 | HERITAGE: Processing group 'FLG' with scheme: N1SCR04-730-FLG{N}
2026-01-12 17:43:59 | HERITAGE: N1SCR04-730-PART1.ipt -> N1SCR04-730-FLG1.ipt
2026-01-12 17:43:59 | MAPPING: C:\Users\Quintin\Documents\Spectiv\3. Working\22. DMS plant\21. SSCR04 - Primary Floats D&R Screen Station\730 CM Head Box\Head box\N1SCR04-730-PART1.ipt -> C:\Users\Quintin\Documents\Spectiv\3. Working\22. DMS plant\21. SSCR04 - Primary Floats D&R Screen Station\730 CM Head Box\Head box\N1SCR04-730-FLG1.ipt
2026-01-12 17:43:59 | HERITAGE: Creating new file: N1SCR04-730-FLG1.ipt
2026-01-12 17:43:59 | HERITAGE: SUCCESS - Created N1SCR04-730-FLG1.ipt
2026-01-12 17:43:59 | HERITAGE: N1SCR04-730-FL1.ipt -> N1SCR04-730-FLG2.ipt
2026-01-12 17:43:59 | MAPPING: C:\Users\Quintin\Documents\Spectiv\3. Working\22. DMS plant\21. SSCR04 - Primary Floats D&R Screen Station\730 CM Head Box\Head box\N1SCR04-730-FL1.ipt -> C:\Users\Quintin\Documents\Spectiv\3. Working\22. DMS plant\21. SSCR04 - Primary Floats D&R Screen Station\730 CM Head Box\Head box\N1SCR04-730-FLG2.ipt
2026-01-12 17:43:59 | HERITAGE: Creating new file: N1SCR04-730-FLG2.ipt
2026-01-12 17:43:59 | HERITAGE: SUCCESS - Created N1SCR04-730-FLG2.ipt
2026-01-12 17:43:59 | HERITAGE: N1SCR04-730-PART2.ipt -> N1SCR04-730-FLG3.ipt
2026-01-12 17:43:59 | MAPPING: C:\Users\Quintin\Documents\Spectiv\3. Working\22. DMS plant\21. SSCR04 - Primary Floats D&R Screen Station\730 CM Head Box\Head box\N1SCR04-730-PART2.ipt -> C:\Users\Quintin\Documents\Spectiv\3. Working\22. DMS plant\21. SSCR04 - Primary Floats D&R Screen Station\730 CM Head Box\Head box\N1SCR04-730-FLG3.ipt
2026-01-12 17:43:59 | HERITAGE: Creating new file: N1SCR04-730-FLG3.ipt
2026-01-12 17:43:59 | HERITAGE: SUCCESS - Created N1SCR04-730-FLG3.ipt
2026-01-12 17:43:59 | HERITAGE: N1SCR04-730-FL2.ipt -> N1SCR04-730-FLG4.ipt
2026-01-12 17:43:59 | MAPPING: C:\Users\Quintin\Documents\Spectiv\3. Working\22. DMS plant\21. SSCR04 - Primary Floats D&R Screen Station\730 CM Head Box\Head box\N1SCR04-730-FL2.ipt -> C:\Users\Quintin\Documents\Spectiv\3. Working\22. DMS plant\21. SSCR04 - Primary Floats D&R Screen Station\730 CM Head Box\Head box\N1SCR04-730-FLG4.ipt
2026-01-12 17:43:59 | HERITAGE: Creating new file: N1SCR04-730-FLG4.ipt
2026-01-12 17:44:00 | HERITAGE: SUCCESS - Created N1SCR04-730-FLG4.ipt
2026-01-12 17:44:00 | HERITAGE: N1SCR04-730-PART3.ipt -> N1SCR04-730-FLG5.ipt
2026-01-12 17:44:00 | MAPPING: C:\Users\Quintin\Documents\Spectiv\3. Working\22. DMS plant\21. SSCR04 - Primary Floats D&R Screen Station\730 CM Head Box\Head box\N1SCR04-730-PART3.ipt -> C:\Users\Quintin\Documents\Spectiv\3. Working\22. DMS plant\21. SSCR04 - Primary Floats D&R Screen Station\730 CM Head Box\Head box\N1SCR04-730-FLG5.ipt
2026-01-12 17:44:00 | HERITAGE: Creating new file: N1SCR04-730-FLG5.ipt
2026-01-12 17:44:00 | HERITAGE: SUCCESS - Created N1SCR04-730-FLG5.ipt
2026-01-12 17:44:00 | HERITAGE: N1SCR04-730-FL3.ipt -> N1SCR04-730-FLG6.ipt
2026-01-12 17:44:00 | MAPPING: C:\Users\Quintin\Documents\Spectiv\3. Working\22. DMS plant\21. SSCR04 - Primary Floats D&R Screen Station\730 CM Head Box\Head box\N1SCR04-730-FL3.ipt -> C:\Users\Quintin\Documents\Spectiv\3. Working\22. DMS plant\21. SSCR04 - Primary Floats D&R Screen Station\730 CM Head Box\Head box\N1SCR04-730-FLG6.ipt
2026-01-12 17:44:00 | HERITAGE: Creating new file: N1SCR04-730-FLG6.ipt
2026-01-12 17:44:00 | HERITAGE: SUCCESS - Created N1SCR04-730-FLG6.ipt
2026-01-12 17:44:00 | REGISTRY: Saved N1SCR04-730-FLG = 6
2026-01-12 17:44:00 | EXTRACT: Processing naming scheme: N1SCR04-730-A{N}
2026-01-12 17:44:00 | EXTRACT: Extracted prefix: 'N1SCR04-730-'
2026-01-12 17:44:00 | HERITAGE: Checking for existing counter with key: 'N1SCR04-730-A'
2026-01-12 17:44:00 | HERITAGE: Group 'A' continuing from number 11 (found existing files with highest number 10)
2026-01-12 17:44:00 | HERITAGE: Processing group 'A' with scheme: N1SCR04-730-A{N}
2026-01-12 17:44:00 | HERITAGE: N1SCR04-730-A1.ipt -> N1SCR04-730-A11.ipt
2026-01-12 17:44:00 | MAPPING: C:\Users\Quintin\Documents\Spectiv\3. Working\22. DMS plant\21. SSCR04 - Primary Floats D&R Screen Station\730 CM Head Box\Head box\N1SCR04-730-A1.ipt -> C:\Users\Quintin\Documents\Spectiv\3. Working\22. DMS plant\21. SSCR04 - Primary Floats D&R Screen Station\730 CM Head Box\Head box\N1SCR04-730-A11.ipt
2026-01-12 17:44:00 | HERITAGE: Creating new file: N1SCR04-730-A11.ipt
2026-01-12 17:44:00 | HERITAGE: SUCCESS - Created N1SCR04-730-A11.ipt
2026-01-12 17:44:00 | HERITAGE: N1SCR04-730-A2.ipt -> N1SCR04-730-A12.ipt
2026-01-12 17:44:00 | MAPPING: C:\Users\Quintin\Documents\Spectiv\3. Working\22. DMS plant\21. SSCR04 - Primary Floats D&R Screen Station\730 CM Head Box\Head box\N1SCR04-730-A2.ipt -> C:\Users\Quintin\Documents\Spectiv\3. Working\22. DMS plant\21. SSCR04 - Primary Floats D&R Screen Station\730 CM Head Box\Head box\N1SCR04-730-A12.ipt
2026-01-12 17:44:00 | HERITAGE: Creating new file: N1SCR04-730-A12.ipt
2026-01-12 17:44:00 | HERITAGE: SUCCESS - Created N1SCR04-730-A12.ipt
2026-01-12 17:44:00 | HERITAGE: N1SCR04-730-A3.ipt -> N1SCR04-730-A13.ipt
2026-01-12 17:44:00 | MAPPING: C:\Users\Quintin\Documents\Spectiv\3. Working\22. DMS plant\21. SSCR04 - Primary Floats D&R Screen Station\730 CM Head Box\Head box\N1SCR04-730-A3.ipt -> C:\Users\Quintin\Documents\Spectiv\3. Working\22. DMS plant\21. SSCR04 - Primary Floats D&R Screen Station\730 CM Head Box\Head box\N1SCR04-730-A13.ipt
2026-01-12 17:44:00 | HERITAGE: Creating new file: N1SCR04-730-A13.ipt
2026-01-12 17:44:00 | HERITAGE: SUCCESS - Created N1SCR04-730-A13.ipt
2026-01-12 17:44:01 | HERITAGE: N1SCR04-730-A4.ipt -> N1SCR04-730-A14.ipt
2026-01-12 17:44:01 | MAPPING: C:\Users\Quintin\Documents\Spectiv\3. Working\22. DMS plant\21. SSCR04 - Primary Floats D&R Screen Station\730 CM Head Box\Head box\N1SCR04-730-A4.ipt -> C:\Users\Quintin\Documents\Spectiv\3. Working\22. DMS plant\21. SSCR04 - Primary Floats D&R Screen Station\730 CM Head Box\Head box\N1SCR04-730-A14.ipt
2026-01-12 17:44:01 | HERITAGE: Creating new file: N1SCR04-730-A14.ipt
2026-01-12 17:44:01 | HERITAGE: SUCCESS - Created N1SCR04-730-A14.ipt
2026-01-12 17:44:01 | HERITAGE: N1SCR04-730-A5.ipt -> N1SCR04-730-A15.ipt
2026-01-12 17:44:01 | MAPPING: C:\Users\Quintin\Documents\Spectiv\3. Working\22. DMS plant\21. SSCR04 - Primary Floats D&R Screen Station\730 CM Head Box\Head box\N1SCR04-730-A5.ipt -> C:\Users\Quintin\Documents\Spectiv\3. Working\22. DMS plant\21. SSCR04 - Primary Floats D&R Screen Station\730 CM Head Box\Head box\N1SCR04-730-A15.ipt
2026-01-12 17:44:01 | HERITAGE: Creating new file: N1SCR04-730-A15.ipt
2026-01-12 17:44:01 | HERITAGE: SUCCESS - Created N1SCR04-730-A15.ipt
2026-01-12 17:44:01 | HERITAGE: N1SCR04-730-A6.ipt -> N1SCR04-730-A16.ipt
2026-01-12 17:44:01 | MAPPING: C:\Users\Quintin\Documents\Spectiv\3. Working\22. DMS plant\21. SSCR04 - Primary Floats D&R Screen Station\730 CM Head Box\Head box\N1SCR04-730-A6.ipt -> C:\Users\Quintin\Documents\Spectiv\3. Working\22. DMS plant\21. SSCR04 - Primary Floats D&R Screen Station\730 CM Head Box\Head box\N1SCR04-730-A16.ipt
2026-01-12 17:44:01 | HERITAGE: Creating new file: N1SCR04-730-A16.ipt
2026-01-12 17:44:01 | HERITAGE: SUCCESS - Created N1SCR04-730-A16.ipt
2026-01-12 17:44:01 | HERITAGE: N1SCR04-730-A7.ipt -> N1SCR04-730-A17.ipt
2026-01-12 17:44:01 | MAPPING: C:\Users\Quintin\Documents\Spectiv\3. Working\22. DMS plant\21. SSCR04 - Primary Floats D&R Screen Station\730 CM Head Box\Head box\N1SCR04-730-A7.ipt -> C:\Users\Quintin\Documents\Spectiv\3. Working\22. DMS plant\21. SSCR04 - Primary Floats D&R Screen Station\730 CM Head Box\Head box\N1SCR04-730-A17.ipt
2026-01-12 17:44:01 | HERITAGE: Creating new file: N1SCR04-730-A17.ipt
2026-01-12 17:44:01 | HERITAGE: SUCCESS - Created N1SCR04-730-A17.ipt
2026-01-12 17:44:01 | HERITAGE: N1SCR04-730-A8.ipt -> N1SCR04-730-A18.ipt
2026-01-12 17:44:01 | MAPPING: C:\Users\Quintin\Documents\Spectiv\3. Working\22. DMS plant\21. SSCR04 - Primary Floats D&R Screen Station\730 CM Head Box\Head box\N1SCR04-730-A8.ipt -> C:\Users\Quintin\Documents\Spectiv\3. Working\22. DMS plant\21. SSCR04 - Primary Floats D&R Screen Station\730 CM Head Box\Head box\N1SCR04-730-A18.ipt
2026-01-12 17:44:01 | HERITAGE: Creating new file: N1SCR04-730-A18.ipt
2026-01-12 17:44:01 | HERITAGE: SUCCESS - Created N1SCR04-730-A18.ipt
2026-01-12 17:44:02 | HERITAGE: N1SCR04-730-A9.ipt -> N1SCR04-730-A19.ipt
2026-01-12 17:44:02 | MAPPING: C:\Users\Quintin\Documents\Spectiv\3. Working\22. DMS plant\21. SSCR04 - Primary Floats D&R Screen Station\730 CM Head Box\Lid-1\N1SCR04-730-A9.ipt -> C:\Users\Quintin\Documents\Spectiv\3. Working\22. DMS plant\21. SSCR04 - Primary Floats D&R Screen Station\730 CM Head Box\Lid-1\N1SCR04-730-A19.ipt
2026-01-12 17:44:02 | HERITAGE: Creating new file: N1SCR04-730-A19.ipt
2026-01-12 17:44:02 | HERITAGE: SUCCESS - Created N1SCR04-730-A19.ipt
2026-01-12 17:44:02 | HERITAGE: N1SCR04-730-A10.ipt -> N1SCR04-730-A20.ipt
2026-01-12 17:44:02 | MAPPING: C:\Users\Quintin\Documents\Spectiv\3. Working\22. DMS plant\21. SSCR04 - Primary Floats D&R Screen Station\730 CM Head Box\Lid-2\N1SCR04-730-A10.ipt -> C:\Users\Quintin\Documents\Spectiv\3. Working\22. DMS plant\21. SSCR04 - Primary Floats D&R Screen Station\730 CM Head Box\Lid-2\N1SCR04-730-A20.ipt
2026-01-12 17:44:02 | HERITAGE: Creating new file: N1SCR04-730-A20.ipt
2026-01-12 17:44:02 | HERITAGE: SUCCESS - Created N1SCR04-730-A20.ipt
2026-01-12 17:44:02 | REGISTRY: Saved N1SCR04-730-A = 20
2026-01-12 17:44:02 | EXTRACT: Processing naming scheme: N1SCR04-730-FL{N}
2026-01-12 17:44:02 | EXTRACT: Extracted prefix: 'N1SCR04-730-'
2026-01-12 17:44:02 | HERITAGE: Checking for existing counter with key: 'N1SCR04-730-FL'
2026-01-12 17:44:02 | HERITAGE: Group 'FL' continuing from number 8 (found existing files with highest number 7)
2026-01-12 17:44:02 | HERITAGE: Processing group 'FL' with scheme: N1SCR04-730-FL{N}
2026-01-12 17:44:02 | HERITAGE: N1SCR04-730-FL4.ipt -> N1SCR04-730-FL8.ipt
2026-01-12 17:44:02 | MAPPING: C:\Users\Quintin\Documents\Spectiv\3. Working\22. DMS plant\21. SSCR04 - Primary Floats D&R Screen Station\730 CM Head Box\Head box\N1SCR04-730-FL4.ipt -> C:\Users\Quintin\Documents\Spectiv\3. Working\22. DMS plant\21. SSCR04 - Primary Floats D&R Screen Station\730 CM Head Box\Head box\N1SCR04-730-FL8.ipt
2026-01-12 17:44:02 | HERITAGE: Creating new file: N1SCR04-730-FL8.ipt
2026-01-12 17:44:02 | HERITAGE: SUCCESS - Created N1SCR04-730-FL8.ipt
2026-01-12 17:44:02 | HERITAGE: N1SCR04-730-FL5.ipt -> N1SCR04-730-FL9.ipt
2026-01-12 17:44:02 | MAPPING: C:\Users\Quintin\Documents\Spectiv\3. Working\22. DMS plant\21. SSCR04 - Primary Floats D&R Screen Station\730 CM Head Box\Lid-1\N1SCR04-730-FL5.ipt -> C:\Users\Quintin\Documents\Spectiv\3. Working\22. DMS plant\21. SSCR04 - Primary Floats D&R Screen Station\730 CM Head Box\Lid-1\N1SCR04-730-FL9.ipt
2026-01-12 17:44:02 | HERITAGE: Creating new file: N1SCR04-730-FL9.ipt
2026-01-12 17:44:02 | HERITAGE: SUCCESS - Created N1SCR04-730-FL9.ipt
2026-01-12 17:44:02 | HERITAGE: N1SCR04-730-FL6.ipt -> N1SCR04-730-FL10.ipt
2026-01-12 17:44:02 | MAPPING: C:\Users\Quintin\Documents\Spectiv\3. Working\22. DMS plant\21. SSCR04 - Primary Floats D&R Screen Station\730 CM Head Box\Lid-1\N1SCR04-730-FL6.ipt -> C:\Users\Quintin\Documents\Spectiv\3. Working\22. DMS plant\21. SSCR04 - Primary Floats D&R Screen Station\730 CM Head Box\Lid-1\N1SCR04-730-FL10.ipt
2026-01-12 17:44:02 | HERITAGE: Creating new file: N1SCR04-730-FL10.ipt
2026-01-12 17:44:02 | HERITAGE: SUCCESS - Created N1SCR04-730-FL10.ipt
2026-01-12 17:44:02 | HERITAGE: N1SCR04-730-FL7.ipt -> N1SCR04-730-FL11.ipt
2026-01-12 17:44:02 | MAPPING: C:\Users\Quintin\Documents\Spectiv\3. Working\22. DMS plant\21. SSCR04 - Primary Floats D&R Screen Station\730 CM Head Box\Lid-1\N1SCR04-730-FL7.ipt -> C:\Users\Quintin\Documents\Spectiv\3. Working\22. DMS plant\21. SSCR04 - Primary Floats D&R Screen Station\730 CM Head Box\Lid-1\N1SCR04-730-FL11.ipt
2026-01-12 17:44:02 | HERITAGE: Creating new file: N1SCR04-730-FL11.ipt
2026-01-12 17:44:03 | HERITAGE: SUCCESS - Created N1SCR04-730-FL11.ipt
2026-01-12 17:44:03 | HERITAGE: N1SCR04-730-FL8.ipt -> N1SCR04-730-FL12.ipt
2026-01-12 17:44:03 | MAPPING: C:\Users\Quintin\Documents\Spectiv\3. Working\22. DMS plant\21. SSCR04 - Primary Floats D&R Screen Station\730 CM Head Box\Lid-2\N1SCR04-730-FL8.ipt -> C:\Users\Quintin\Documents\Spectiv\3. Working\22. DMS plant\21. SSCR04 - Primary Floats D&R Screen Station\730 CM Head Box\Lid-2\N1SCR04-730-FL12.ipt
2026-01-12 17:44:03 | HERITAGE: Creating new file: N1SCR04-730-FL12.ipt
2026-01-12 17:44:03 | HERITAGE: SUCCESS - Created N1SCR04-730-FL12.ipt
2026-01-12 17:44:03 | HERITAGE: N1SCR04-730-FL9.ipt -> N1SCR04-730-FL13.ipt
2026-01-12 17:44:03 | MAPPING: C:\Users\Quintin\Documents\Spectiv\3. Working\22. DMS plant\21. SSCR04 - Primary Floats D&R Screen Station\730 CM Head Box\Lid-2\N1SCR04-730-FL9.ipt -> C:\Users\Quintin\Documents\Spectiv\3. Working\22. DMS plant\21. SSCR04 - Primary Floats D&R Screen Station\730 CM Head Box\Lid-2\N1SCR04-730-FL13.ipt
2026-01-12 17:44:03 | HERITAGE: Creating new file: N1SCR04-730-FL13.ipt
2026-01-12 17:44:03 | HERITAGE: SUCCESS - Created N1SCR04-730-FL13.ipt
2026-01-12 17:44:03 | HERITAGE: N1SCR04-730-FL10.ipt -> N1SCR04-730-FL14.ipt
2026-01-12 17:44:03 | MAPPING: C:\Users\Quintin\Documents\Spectiv\3. Working\22. DMS plant\21. SSCR04 - Primary Floats D&R Screen Station\730 CM Head Box\Lid-2\N1SCR04-730-FL10.ipt -> C:\Users\Quintin\Documents\Spectiv\3. Working\22. DMS plant\21. SSCR04 - Primary Floats D&R Screen Station\730 CM Head Box\Lid-2\N1SCR04-730-FL14.ipt
2026-01-12 17:44:03 | HERITAGE: Creating new file: N1SCR04-730-FL14.ipt
2026-01-12 17:44:03 | HERITAGE: SUCCESS - Created N1SCR04-730-FL14.ipt
2026-01-12 17:44:03 | REGISTRY: Saved N1SCR04-730-FL = 14
2026-01-12 17:44:03 | EXTRACT: Processing naming scheme: N1SCR04-730-PART{N}
2026-01-12 17:44:03 | EXTRACT: Extracted prefix: 'N1SCR04-730-'
2026-01-12 17:44:03 | HERITAGE: Checking for existing counter with key: 'N1SCR04-730-OTHER'
2026-01-12 17:44:03 | HERITAGE: Group 'OTHER' continuing from number 3 (found existing files with highest number 2)
2026-01-12 17:44:03 | HERITAGE: Processing group 'OTHER' with scheme: N1SCR04-730-PART{N}
2026-01-12 17:44:03 | HERITAGE: N1SCR04-730-PART4.ipt -> N1SCR04-730-PART3.ipt
2026-01-12 17:44:03 | MAPPING: C:\Users\Quintin\Documents\Spectiv\3. Working\22. DMS plant\21. SSCR04 - Primary Floats D&R Screen Station\730 CM Head Box\Lid-1\N1SCR04-730-PART4.ipt -> C:\Users\Quintin\Documents\Spectiv\3. Working\22. DMS plant\21. SSCR04 - Primary Floats D&R Screen Station\730 CM Head Box\Lid-1\N1SCR04-730-PART3.ipt
2026-01-12 17:44:03 | HERITAGE: Creating new file: N1SCR04-730-PART3.ipt
2026-01-12 17:44:03 | HERITAGE: SUCCESS - Created N1SCR04-730-PART3.ipt
2026-01-12 17:44:03 | HERITAGE: N1SCR04-730-PART5.ipt -> N1SCR04-730-PART4.ipt
2026-01-12 17:44:03 | MAPPING: C:\Users\Quintin\Documents\Spectiv\3. Working\22. DMS plant\21. SSCR04 - Primary Floats D&R Screen Station\730 CM Head Box\Lid-2\N1SCR04-730-PART5.ipt -> C:\Users\Quintin\Documents\Spectiv\3. Working\22. DMS plant\21. SSCR04 - Primary Floats D&R Screen Station\730 CM Head Box\Lid-2\N1SCR04-730-PART4.ipt
2026-01-12 17:44:03 | HERITAGE: Creating new file: N1SCR04-730-PART4.ipt
2026-01-12 17:44:04 | HERITAGE: SUCCESS - Created N1SCR04-730-PART4.ipt
2026-01-12 17:44:04 | REGISTRY: Saved N1SCR04-730-OTHER = 4
2026-01-12 17:44:04 | STEP 7: Updating assembly references
2026-01-12 17:44:04 | ASSEMBLY: Recursively updating assembly references across entire model hierarchy
2026-01-12 17:44:04 | ASSEMBLY: Updating references in - N1SCR04-730.iam (Level: ROOT)
2026-01-12 17:44:04 | ASSEMBLY: RECURSING into sub-assembly - Head Box.iam
2026-01-12 17:44:04 | ASSEMBLY: Updating references in - Head Box.iam (Level: ROOT>Head Box.iam)
2026-01-12 17:44:04 | ASSEMBLY: Replacing N1SCR04-730-PL1.ipt -> N1SCR04-730-PL20.ipt [PL] (in Head Box.iam)
2026-01-12 17:44:04 | ASSEMBLY: SUCCESS - Updated to N1SCR04-730-PL20.ipt
2026-01-12 17:44:04 | ASSEMBLY: Replacing N1SCR04-730-PL2.ipt -> N1SCR04-730-PL21.ipt [PL] (in Head Box.iam)
2026-01-12 17:44:04 | ASSEMBLY: SUCCESS - Updated to N1SCR04-730-PL21.ipt
2026-01-12 17:44:04 | ASSEMBLY: Replacing N1SCR04-730-PL3.ipt -> N1SCR04-730-PL22.ipt [PL] (in Head Box.iam)
2026-01-12 17:44:04 | ASSEMBLY: SUCCESS - Updated to N1SCR04-730-PL22.ipt
2026-01-12 17:44:04 | ASSEMBLY: Replacing N1SCR04-730-PL4.ipt -> N1SCR04-730-PL23.ipt [PL] (in Head Box.iam)
2026-01-12 17:44:04 | ASSEMBLY: SUCCESS - Updated to N1SCR04-730-PL23.ipt
2026-01-12 17:44:05 | ASSEMBLY: Replacing N1SCR04-730-PL5.ipt -> N1SCR04-730-PL24.ipt [PL] (in Head Box.iam)
2026-01-12 17:44:05 | ASSEMBLY: SUCCESS - Updated to N1SCR04-730-PL24.ipt
2026-01-12 17:44:05 | ASSEMBLY: Replacing N1SCR04-730-PL6.ipt -> N1SCR04-730-PL25.ipt [PL] (in Head Box.iam)
2026-01-12 17:44:05 | ASSEMBLY: SUCCESS - Updated to N1SCR04-730-PL25.ipt
2026-01-12 17:44:05 | ASSEMBLY: Replacing N1SCR04-730-PL7.ipt -> N1SCR04-730-PL26.ipt [PL] (in Head Box.iam)
2026-01-12 17:44:05 | ASSEMBLY: SUCCESS - Updated to N1SCR04-730-PL26.ipt
2026-01-12 17:44:05 | ASSEMBLY: Replacing N1SCR04-730-PL8.ipt -> N1SCR04-730-PL27.ipt [PL] (in Head Box.iam)
2026-01-12 17:44:05 | ASSEMBLY: SUCCESS - Updated to N1SCR04-730-PL27.ipt
2026-01-12 17:44:05 | ASSEMBLY: INFO - No mapping found for N1SCR04-730-PL27.ipt (not renamed)
2026-01-12 17:44:05 | ASSEMBLY: INFO - No mapping found for N1SCR04-730-PL27.ipt (not renamed)
2026-01-12 17:44:05 | ASSEMBLY: Replacing N1SCR04-730-PL9.ipt -> N1SCR04-730-PL28.ipt [PL] (in Head Box.iam)
2026-01-12 17:44:06 | ASSEMBLY: SUCCESS - Updated to N1SCR04-730-PL28.ipt
2026-01-12 17:44:06 | ASSEMBLY: Replacing N1SCR04-730-PL10.ipt -> N1SCR04-730-PL29.ipt [PL] (in Head Box.iam)
2026-01-12 17:44:06 | ASSEMBLY: SUCCESS - Updated to N1SCR04-730-PL29.ipt
2026-01-12 17:44:06 | ASSEMBLY: INFO - No mapping found for N1SCR04-730-PL29.ipt (not renamed)
2026-01-12 17:44:06 | ASSEMBLY: Replacing N1SCR04-730-PART1.ipt -> N1SCR04-730-FLG1.ipt [FLG] (in Head Box.iam)
2026-01-12 17:44:06 | ASSEMBLY: SUCCESS - Updated to N1SCR04-730-FLG1.ipt
2026-01-12 17:44:06 | ASSEMBLY: Replacing N1SCR04-730-FL1.ipt -> N1SCR04-730-FLG2.ipt [FLG] (in Head Box.iam)
2026-01-12 17:44:06 | ASSEMBLY: SUCCESS - Updated to N1SCR04-730-FLG2.ipt
2026-01-12 17:44:06 | ASSEMBLY: Replacing N1SCR04-730-PART2.ipt -> N1SCR04-730-FLG3.ipt [FLG] (in Head Box.iam)
2026-01-12 17:44:06 | ASSEMBLY: SUCCESS - Updated to N1SCR04-730-FLG3.ipt
2026-01-12 17:44:06 | ASSEMBLY: Replacing N1SCR04-730-FL2.ipt -> N1SCR04-730-FLG4.ipt [FLG] (in Head Box.iam)
2026-01-12 17:44:06 | ASSEMBLY: SUCCESS - Updated to N1SCR04-730-FLG4.ipt
2026-01-12 17:44:06 | ASSEMBLY: INFO - No mapping found for N1SCR04-730-FLG3.ipt (not renamed)
2026-01-12 17:44:06 | ASSEMBLY: INFO - No mapping found for N1SCR04-730-FLG4.ipt (not renamed)
2026-01-12 17:44:06 | ASSEMBLY: Replacing N1SCR04-730-PART3.ipt -> N1SCR04-730-FLG5.ipt [FLG] (in Head Box.iam)
2026-01-12 17:44:07 | ASSEMBLY: SUCCESS - Updated to N1SCR04-730-FLG5.ipt
2026-01-12 17:44:07 | ASSEMBLY: Replacing N1SCR04-730-FL3.ipt -> N1SCR04-730-FLG6.ipt [FLG] (in Head Box.iam)
2026-01-12 17:44:07 | ASSEMBLY: SUCCESS - Updated to N1SCR04-730-FLG6.ipt
2026-01-12 17:44:07 | ASSEMBLY: Replacing N1SCR04-730-A1.ipt -> N1SCR04-730-A11.ipt [A] (in Head Box.iam)
2026-01-12 17:44:07 | ASSEMBLY: SUCCESS - Updated to N1SCR04-730-A11.ipt
2026-01-12 17:44:07 | ASSEMBLY: Replacing N1SCR04-730-A2.ipt -> N1SCR04-730-A12.ipt [A] (in Head Box.iam)
2026-01-12 17:44:07 | ASSEMBLY: SUCCESS - Updated to N1SCR04-730-A12.ipt
2026-01-12 17:44:07 | ASSEMBLY: Replacing N1SCR04-730-A3.ipt -> N1SCR04-730-A13.ipt [A] (in Head Box.iam)
2026-01-12 17:44:07 | ASSEMBLY: SUCCESS - Updated to N1SCR04-730-A13.ipt
2026-01-12 17:44:07 | ASSEMBLY: Replacing N1SCR04-730-A4.ipt -> N1SCR04-730-A14.ipt [A] (in Head Box.iam)
2026-01-12 17:44:07 | ASSEMBLY: SUCCESS - Updated to N1SCR04-730-A14.ipt
2026-01-12 17:44:07 | ASSEMBLY: Replacing N1SCR04-730-A5.ipt -> N1SCR04-730-A15.ipt [A] (in Head Box.iam)
2026-01-12 17:44:08 | ASSEMBLY: SUCCESS - Updated to N1SCR04-730-A15.ipt
2026-01-12 17:44:08 | ASSEMBLY: Replacing N1SCR04-730-A6.ipt -> N1SCR04-730-A16.ipt [A] (in Head Box.iam)
2026-01-12 17:44:08 | ASSEMBLY: SUCCESS - Updated to N1SCR04-730-A16.ipt
2026-01-12 17:44:08 | ASSEMBLY: Replacing N1SCR04-730-A7.ipt -> N1SCR04-730-A17.ipt [A] (in Head Box.iam)
2026-01-12 17:44:08 | ASSEMBLY: SUCCESS - Updated to N1SCR04-730-A17.ipt
2026-01-12 17:44:08 | ASSEMBLY: INFO - No mapping found for N1SCR04-730-A17.ipt (not renamed)
2026-01-12 17:44:08 | ASSEMBLY: Replacing N1SCR04-730-A8.ipt -> N1SCR04-730-A18.ipt [A] (in Head Box.iam)
2026-01-12 17:44:08 | ASSEMBLY: SUCCESS - Updated to N1SCR04-730-A18.ipt
2026-01-12 17:44:08 | ASSEMBLY: INFO - No mapping found for N1SCR04-730-A18.ipt (not renamed)
2026-01-12 17:44:08 | ASSEMBLY: INFO - No mapping found for N1SCR04-730-A17.ipt (not renamed)
2026-01-12 17:44:08 | ASSEMBLY: INFO - No mapping found for N1SCR04-730-A17.ipt (not renamed)
2026-01-12 17:44:08 | ASSEMBLY: INFO - No mapping found for N1SCR04-730-A18.ipt (not renamed)
2026-01-12 17:44:08 | ASSEMBLY: INFO - No mapping found for N1SCR04-730-A18.ipt (not renamed)
2026-01-12 17:44:08 | ASSEMBLY: INFO - No mapping found for N1SCR04-730-A17.ipt (not renamed)
2026-01-12 17:44:08 | ASSEMBLY: INFO - No mapping found for N1SCR04-730-A17.ipt (not renamed)
2026-01-12 17:44:08 | ASSEMBLY: INFO - No mapping found for N1SCR04-730-A18.ipt (not renamed)
2026-01-12 17:44:08 | ASSEMBLY: INFO - No mapping found for N1SCR04-730-A18.ipt (not renamed)
2026-01-12 17:44:08 | ASSEMBLY: Replacing N1SCR04-730-PL11.ipt -> N1SCR04-730-PL30.ipt [PL] (in Head Box.iam)
2026-01-12 17:44:08 | ASSEMBLY: SUCCESS - Updated to N1SCR04-730-PL30.ipt
2026-01-12 17:44:08 | ASSEMBLY: Replacing N1SCR04-730-PL13.ipt -> N1SCR04-730-PL31.ipt [PL] (in Head Box.iam)
2026-01-12 17:44:08 | ASSEMBLY: SUCCESS - Updated to N1SCR04-730-PL31.ipt
2026-01-12 17:44:08 | ASSEMBLY: Replacing N1SCR04-730-PL14.ipt -> N1SCR04-730-PL32.ipt [PL] (in Head Box.iam)
2026-01-12 17:44:09 | ASSEMBLY: SUCCESS - Updated to N1SCR04-730-PL32.ipt
2026-01-12 17:44:09 | ASSEMBLY: INFO - No mapping found for N1SCR04-730-PL32.ipt (not renamed)
2026-01-12 17:44:09 | ASSEMBLY: Replacing N1SCR04-730-FL4.ipt -> N1SCR04-730-FL8.ipt [FL] (in Head Box.iam)
2026-01-12 17:44:09 | ASSEMBLY: SUCCESS - Updated to N1SCR04-730-FL8.ipt
2026-01-12 17:44:09 | ASSEMBLY: INFO - No mapping found for N1SCR04-730-FL8.ipt (not renamed)
2026-01-12 17:44:09 | ASSEMBLY: INFO - No mapping found for N1SCR04-730-PL31.ipt (not renamed)
2026-01-12 17:44:09 | ASSEMBLY: INFO - No mapping found for N1SCR04-730-PL32.ipt (not renamed)
2026-01-12 17:44:09 | ASSEMBLY: INFO - No mapping found for N1SCR04-730-PL32.ipt (not renamed)
2026-01-12 17:44:09 | ASSEMBLY: INFO - No mapping found for N1SCR04-730-FL8.ipt (not renamed)
2026-01-12 17:44:09 | ASSEMBLY: INFO - No mapping found for N1SCR04-730-FL8.ipt (not renamed)
2026-01-12 17:44:09 | ASSEMBLY: INFO - No mapping found for N1SCR04-730-PL31.ipt (not renamed)
2026-01-12 17:44:09 | ASSEMBLY: INFO - No mapping found for N1SCR04-730-PL32.ipt (not renamed)
2026-01-12 17:44:09 | ASSEMBLY: INFO - No mapping found for N1SCR04-730-PL32.ipt (not renamed)
2026-01-12 17:44:09 | ASSEMBLY: INFO - No mapping found for N1SCR04-730-FL8.ipt (not renamed)
2026-01-12 17:44:09 | ASSEMBLY: INFO - No mapping found for N1SCR04-730-FL8.ipt (not renamed)
2026-01-12 17:44:09 | ASSEMBLY: INFO - No mapping found for N1SCR04-730-PL31.ipt (not renamed)
2026-01-12 17:44:09 | ASSEMBLY: INFO - No mapping found for N1SCR04-730-PL32.ipt (not renamed)
2026-01-12 17:44:09 | ASSEMBLY: INFO - No mapping found for N1SCR04-730-PL32.ipt (not renamed)
2026-01-12 17:44:09 | ASSEMBLY: INFO - No mapping found for N1SCR04-730-FL8.ipt (not renamed)
2026-01-12 17:44:09 | ASSEMBLY: INFO - No mapping found for N1SCR04-730-FL8.ipt (not renamed)
2026-01-12 17:44:09 | ASSEMBLY: INFO - No mapping found for N1SCR04-730-PL31.ipt (not renamed)
2026-01-12 17:44:09 | ASSEMBLY: INFO - No mapping found for N1SCR04-730-PL32.ipt (not renamed)
2026-01-12 17:44:09 | ASSEMBLY: INFO - No mapping found for N1SCR04-730-PL32.ipt (not renamed)
2026-01-12 17:44:09 | ASSEMBLY: INFO - No mapping found for N1SCR04-730-FL8.ipt (not renamed)
2026-01-12 17:44:09 | ASSEMBLY: INFO - No mapping found for N1SCR04-730-FL8.ipt (not renamed)
2026-01-12 17:44:09 | ASSEMBLY: INFO - No mapping found for N1SCR04-730-PL31.ipt (not renamed)
2026-01-12 17:44:09 | ASSEMBLY: INFO - No mapping found for N1SCR04-730-PL32.ipt (not renamed)
2026-01-12 17:44:09 | ASSEMBLY: INFO - No mapping found for N1SCR04-730-PL32.ipt (not renamed)
2026-01-12 17:44:09 | ASSEMBLY: INFO - No mapping found for N1SCR04-730-FL8.ipt (not renamed)
2026-01-12 17:44:09 | ASSEMBLY: INFO - No mapping found for N1SCR04-730-FL8.ipt (not renamed)
2026-01-12 17:44:09 | ASSEMBLY: Replacing N1SCR04-730-PL15.ipt -> N1SCR04-730-PL33.ipt [PL] (in Head Box.iam)
2026-01-12 17:44:10 | ASSEMBLY: SUCCESS - Updated to N1SCR04-730-PL33.ipt
2026-01-12 17:44:10 | ASSEMBLY: Replacing N1SCR04-730-PL16.ipt -> N1SCR04-730-PL34.ipt [PL] (in Head Box.iam)
2026-01-12 17:44:10 | ASSEMBLY: SUCCESS - Updated to N1SCR04-730-PL34.ipt
2026-01-12 17:44:10 | ASSEMBLY: INFO - No mapping found for N1SCR04-730-PL33.ipt (not renamed)
2026-01-12 17:44:10 | ASSEMBLY: INFO - No mapping found for N1SCR04-730-PL34.ipt (not renamed)
2026-01-12 17:44:10 | ASSEMBLY: INFO - No mapping found for N1SCR04-730-PL33.ipt (not renamed)
2026-01-12 17:44:10 | ASSEMBLY: INFO - No mapping found for N1SCR04-730-PL34.ipt (not renamed)
2026-01-12 17:44:10 | ASSEMBLY: INFO - No mapping found for N1SCR04-730-PL33.ipt (not renamed)
2026-01-12 17:44:10 | ASSEMBLY: INFO - No mapping found for N1SCR04-730-PL34.ipt (not renamed)
2026-01-12 17:44:10 | ASSEMBLY: INFO - No mapping found for N1SCR04-730-PL33.ipt (not renamed)
2026-01-12 17:44:10 | ASSEMBLY: INFO - No mapping found for N1SCR04-730-PL34.ipt (not renamed)
2026-01-12 17:44:10 | ASSEMBLY: INFO - No mapping found for N1SCR04-730-PL33.ipt (not renamed)
2026-01-12 17:44:10 | ASSEMBLY: INFO - No mapping found for N1SCR04-730-PL34.ipt (not renamed)
2026-01-12 17:44:10 | ASSEMBLY: Replacing N1SCR04-730-PL17.ipt -> N1SCR04-730-PL35.ipt [PL] (in Head Box.iam)
2026-01-12 17:44:10 | ASSEMBLY: SUCCESS - Updated to N1SCR04-730-PL35.ipt
2026-01-12 17:44:10 | ASSEMBLY: INFO - No mapping found for N1SCR04-730-PL35.ipt (not renamed)
2026-01-12 17:44:10 | ASSEMBLY: INFO - No mapping found for N1SCR04-730-PL35.ipt (not renamed)
2026-01-12 17:44:10 | ASSEMBLY: INFO - No mapping found for N1SCR04-730-PL35.ipt (not renamed)
2026-01-12 17:44:12 | ASSEMBLY: Saved sub-assembly - Head Box.iam
2026-01-12 17:44:12 | ASSEMBLY: RECURSING into sub-assembly - Lid-1.iam
2026-01-12 17:44:12 | ASSEMBLY: Updating references in - Lid-1.iam (Level: ROOT>Lid-1.iam)
2026-01-12 17:44:12 | ASSEMBLY: Replacing N1SCR04-730-PL18.ipt -> N1SCR04-730-PL36.ipt [PL] (in Lid-1.iam)
2026-01-12 17:44:12 | ASSEMBLY: SUCCESS - Updated to N1SCR04-730-PL36.ipt
2026-01-12 17:44:12 | ASSEMBLY: Replacing N1SCR04-730-A9.ipt -> N1SCR04-730-A19.ipt [A] (in Lid-1.iam)
2026-01-12 17:44:12 | ASSEMBLY: SUCCESS - Updated to N1SCR04-730-A19.ipt
2026-01-12 17:44:12 | ASSEMBLY: Replacing N1SCR04-730-FL5.ipt -> N1SCR04-730-FL9.ipt [FL] (in Lid-1.iam)
2026-01-12 17:44:12 | ASSEMBLY: SUCCESS - Updated to N1SCR04-730-FL9.ipt
2026-01-12 17:44:12 | ASSEMBLY: INFO - No mapping found for N1SCR04-730-FL9.ipt (not renamed)
2026-01-12 17:44:12 | ASSEMBLY: INFO - No mapping found for N1SCR04-730-FL9.ipt (not renamed)
2026-01-12 17:44:12 | ASSEMBLY: Replacing N1SCR04-730-FL6.ipt -> N1SCR04-730-FL10.ipt [FL] (in Lid-1.iam)
2026-01-12 17:44:12 | ASSEMBLY: SUCCESS - Updated to N1SCR04-730-FL10.ipt
2026-01-12 17:44:12 | ASSEMBLY: INFO - No mapping found for N1SCR04-730-FL10.ipt (not renamed)
2026-01-12 17:44:12 | ASSEMBLY: Replacing N1SCR04-730-FL7.ipt -> N1SCR04-730-FL11.ipt [FL] (in Lid-1.iam)
2026-01-12 17:44:12 | ASSEMBLY: SUCCESS - Updated to N1SCR04-730-FL11.ipt
2026-01-12 17:44:12 | ASSEMBLY: INFO - No mapping found for N1SCR04-730-FL11.ipt (not renamed)
2026-01-12 17:44:12 | ASSEMBLY: INFO - No mapping found for N1SCR04-730-FL10.ipt (not renamed)
2026-01-12 17:44:12 | ASSEMBLY: INFO - No mapping found for N1SCR04-730-FL10.ipt (not renamed)
2026-01-12 17:44:12 | ASSEMBLY: INFO - No mapping found for N1SCR04-730-FL11.ipt (not renamed)
2026-01-12 17:44:13 | ASSEMBLY: INFO - No mapping found for N1SCR04-730-FL11.ipt (not renamed)
2026-01-12 17:44:13 | ASSEMBLY: Replacing N1SCR04-730-PART4.ipt -> N1SCR04-730-PART3.ipt [OTHER] (in Lid-1.iam)
2026-01-12 17:44:13 | ASSEMBLY: SUCCESS - Updated to N1SCR04-730-PART3.ipt
2026-01-12 17:44:13 | ASSEMBLY: INFO - No mapping found for N1SCR04-730-PART3.ipt (not renamed)
2026-01-12 17:44:13 | ASSEMBLY: INFO - No mapping found for N1SCR04-730-PART3.ipt (not renamed)
2026-01-12 17:44:13 | ASSEMBLY: INFO - No mapping found for N1SCR04-730-PART3.ipt (not renamed)
2026-01-12 17:44:13 | ASSEMBLY: Saved sub-assembly - Lid-1.iam
2026-01-12 17:44:13 | ASSEMBLY: RECURSING into sub-assembly - Lid-1.iam
2026-01-12 17:44:13 | ASSEMBLY: Updating references in - Lid-1.iam (Level: ROOT>Lid-1.iam)
2026-01-12 17:44:13 | ASSEMBLY: INFO - No mapping found for N1SCR04-730-PL36.ipt (not renamed)
2026-01-12 17:44:13 | ASSEMBLY: INFO - No mapping found for N1SCR04-730-A19.ipt (not renamed)
2026-01-12 17:44:13 | ASSEMBLY: INFO - No mapping found for N1SCR04-730-FL9.ipt (not renamed)
2026-01-12 17:44:13 | ASSEMBLY: INFO - No mapping found for N1SCR04-730-FL9.ipt (not renamed)
2026-01-12 17:44:13 | ASSEMBLY: INFO - No mapping found for N1SCR04-730-FL9.ipt (not renamed)
2026-01-12 17:44:13 | ASSEMBLY: INFO - No mapping found for N1SCR04-730-FL10.ipt (not renamed)
2026-01-12 17:44:13 | ASSEMBLY: INFO - No mapping found for N1SCR04-730-FL10.ipt (not renamed)
2026-01-12 17:44:13 | ASSEMBLY: INFO - No mapping found for N1SCR04-730-FL11.ipt (not renamed)
2026-01-12 17:44:13 | ASSEMBLY: INFO - No mapping found for N1SCR04-730-FL11.ipt (not renamed)
2026-01-12 17:44:13 | ASSEMBLY: INFO - No mapping found for N1SCR04-730-FL10.ipt (not renamed)
2026-01-12 17:44:13 | ASSEMBLY: INFO - No mapping found for N1SCR04-730-FL10.ipt (not renamed)
2026-01-12 17:44:13 | ASSEMBLY: INFO - No mapping found for N1SCR04-730-FL11.ipt (not renamed)
2026-01-12 17:44:13 | ASSEMBLY: INFO - No mapping found for N1SCR04-730-FL11.ipt (not renamed)
2026-01-12 17:44:13 | ASSEMBLY: INFO - No mapping found for N1SCR04-730-PART3.ipt (not renamed)
2026-01-12 17:44:13 | ASSEMBLY: INFO - No mapping found for N1SCR04-730-PART3.ipt (not renamed)
2026-01-12 17:44:13 | ASSEMBLY: INFO - No mapping found for N1SCR04-730-PART3.ipt (not renamed)
2026-01-12 17:44:13 | ASSEMBLY: INFO - No mapping found for N1SCR04-730-PART3.ipt (not renamed)
2026-01-12 17:44:13 | ASSEMBLY: Saved sub-assembly - Lid-1.iam
2026-01-12 17:44:13 | ASSEMBLY: RECURSING into sub-assembly - Lid-2.iam
2026-01-12 17:44:13 | ASSEMBLY: Updating references in - Lid-2.iam (Level: ROOT>Lid-2.iam)
2026-01-12 17:44:13 | ASSEMBLY: Replacing N1SCR04-730-PL19.ipt -> N1SCR04-730-PL37.ipt [PL] (in Lid-2.iam)
2026-01-12 17:44:13 | ASSEMBLY: SUCCESS - Updated to N1SCR04-730-PL37.ipt
2026-01-12 17:44:14 | ASSEMBLY: Replacing N1SCR04-730-A10.ipt -> N1SCR04-730-A20.ipt [A] (in Lid-2.iam)
2026-01-12 17:44:14 | ASSEMBLY: SUCCESS - Updated to N1SCR04-730-A20.ipt
2026-01-12 17:44:14 | ASSEMBLY: Replacing N1SCR04-730-FL8.ipt -> N1SCR04-730-FL12.ipt [FL] (in Lid-2.iam)
2026-01-12 17:44:14 | ASSEMBLY: SUCCESS - Updated to N1SCR04-730-FL12.ipt
2026-01-12 17:44:14 | ASSEMBLY: INFO - No mapping found for N1SCR04-730-FL12.ipt (not renamed)
2026-01-12 17:44:14 | ASSEMBLY: INFO - No mapping found for N1SCR04-730-FL12.ipt (not renamed)
2026-01-12 17:44:14 | ASSEMBLY: INFO - No mapping found for N1SCR04-730-A20.ipt (not renamed)
2026-01-12 17:44:14 | ASSEMBLY: Replacing N1SCR04-730-FL9.ipt -> N1SCR04-730-FL13.ipt [FL] (in Lid-2.iam)
2026-01-12 17:44:14 | ASSEMBLY: SUCCESS - Updated to N1SCR04-730-FL13.ipt
2026-01-12 17:44:14 | ASSEMBLY: INFO - No mapping found for N1SCR04-730-FL13.ipt (not renamed)
2026-01-12 17:44:14 | ASSEMBLY: Replacing N1SCR04-730-FL10.ipt -> N1SCR04-730-FL14.ipt [FL] (in Lid-2.iam)
2026-01-12 17:44:14 | ASSEMBLY: SUCCESS - Updated to N1SCR04-730-FL14.ipt
2026-01-12 17:44:14 | ASSEMBLY: INFO - No mapping found for N1SCR04-730-FL14.ipt (not renamed)
2026-01-12 17:44:14 | ASSEMBLY: INFO - No mapping found for N1SCR04-730-FL13.ipt (not renamed)
2026-01-12 17:44:14 | ASSEMBLY: INFO - No mapping found for N1SCR04-730-FL13.ipt (not renamed)
2026-01-12 17:44:14 | ASSEMBLY: INFO - No mapping found for N1SCR04-730-FL14.ipt (not renamed)
2026-01-12 17:44:14 | ASSEMBLY: INFO - No mapping found for N1SCR04-730-FL14.ipt (not renamed)
2026-01-12 17:44:14 | ASSEMBLY: Replacing N1SCR04-730-PART5.ipt -> N1SCR04-730-PART4.ipt [OTHER] (in Lid-2.iam)
2026-01-12 17:44:14 | ASSEMBLY: SUCCESS - Updated to N1SCR04-730-PART4.ipt
2026-01-12 17:44:14 | ASSEMBLY: INFO - No mapping found for N1SCR04-730-PART4.ipt (not renamed)
2026-01-12 17:44:14 | ASSEMBLY: INFO - No mapping found for N1SCR04-730-PART4.ipt (not renamed)
2026-01-12 17:44:14 | ASSEMBLY: INFO - No mapping found for N1SCR04-730-PART4.ipt (not renamed)
2026-01-12 17:44:15 | ASSEMBLY: Saved sub-assembly - Lid-2.iam
2026-01-12 17:44:15 | ASSEMBLY: SKIPPING Bolted Connection1.iam (bolted connection assembly)
2026-01-12 17:44:15 | ASSEMBLY: SKIPPING Bolted Connection2.iam (bolted connection assembly)
2026-01-12 17:44:15 | ASSEMBLY: Replacing N1SCR04-730-PL12.ipt -> N1SCR04-730-PL38.ipt [PL] (in N1SCR04-730.iam)
2026-01-12 17:44:15 | ASSEMBLY: SUCCESS - Updated to N1SCR04-730-PL38.ipt
2026-01-12 17:44:15 | ASSEMBLY: INFO - No mapping found for N1SCR04-730-PL38.ipt (not renamed)
2026-01-12 17:44:15 | ASSEMBLY: INFO - No mapping found for N1SCR04-730-PL38.ipt (not renamed)
2026-01-12 17:44:15 | ASSEMBLY: INFO - No mapping found for N1SCR04-730-PL38.ipt (not renamed)
2026-01-12 17:44:15 | ASSEMBLY: INFO - No mapping found for N1SCR04-730-PL38.ipt (not renamed)
2026-01-12 17:44:15 | ASSEMBLY: INFO - No mapping found for N1SCR04-730-PL38.ipt (not renamed)
2026-01-12 17:44:15 | ASSEMBLY: INFO - No mapping found for N1SCR04-730-PL38.ipt (not renamed)
2026-01-12 17:44:15 | ASSEMBLY: INFO - No mapping found for N1SCR04-730-PL38.ipt (not renamed)
2026-01-12 17:44:15 | ASSEMBLY: INFO - No mapping found for N1SCR04-730-PL38.ipt (not renamed)
2026-01-12 17:44:15 | ASSEMBLY: INFO - No mapping found for N1SCR04-730-PL38.ipt (not renamed)
2026-01-12 17:44:15 | ASSEMBLY: INFO - No mapping found for N1SCR04-730-PL38.ipt (not renamed)
2026-01-12 17:44:15 | ASSEMBLY: INFO - No mapping found for N1SCR04-730-PL38.ipt (not renamed)
2026-01-12 17:44:15 | ASSEMBLY: INFO - No mapping found for N1SCR04-730-PL38.ipt (not renamed)
2026-01-12 17:44:15 | ASSEMBLY: INFO - No mapping found for N1SCR04-730-PL38.ipt (not renamed)
2026-01-12 17:44:15 | ASSEMBLY: INFO - No mapping found for N1SCR04-730-PL38.ipt (not renamed)
2026-01-12 17:44:15 | ASSEMBLY: INFO - No mapping found for N1SCR04-730-PL38.ipt (not renamed)
2026-01-12 17:44:15 | ASSEMBLY: INFO - No mapping found for N1SCR04-730-PL38.ipt (not renamed)
2026-01-12 17:44:15 | ASSEMBLY: INFO - No mapping found for N1SCR04-730-PL38.ipt (not renamed)
2026-01-12 17:44:15 | ASSEMBLY: INFO - No mapping found for N1SCR04-730-PL38.ipt (not renamed)
2026-01-12 17:44:15 | ASSEMBLY: INFO - No mapping found for N1SCR04-730-PL38.ipt (not renamed)
2026-01-12 17:44:15 | ASSEMBLY: INFO - No mapping found for N1SCR04-730-PL38.ipt (not renamed)
2026-01-12 17:44:15 | ASSEMBLY: INFO - No mapping found for N1SCR04-730-PL38.ipt (not renamed)
2026-01-12 17:44:16 | ASSEMBLY: INFO - No mapping found for N1SCR04-730-PL38.ipt (not renamed)
2026-01-12 17:44:16 | ASSEMBLY: INFO - No mapping found for N1SCR04-730-PL38.ipt (not renamed)
2026-01-12 17:44:16 | ASSEMBLY: INFO - No mapping found for N1SCR04-730-PL38.ipt (not renamed)
2026-01-12 17:44:16 | ASSEMBLY: INFO - No mapping found for N1SCR04-730-PL38.ipt (not renamed)
2026-01-12 17:44:16 | ASSEMBLY: INFO - No mapping found for N1SCR04-730-PL38.ipt (not renamed)
2026-01-12 17:44:16 | ASSEMBLY: INFO - No mapping found for N1SCR04-730-PL38.ipt (not renamed)
2026-01-12 17:44:16 | ASSEMBLY: INFO - No mapping found for N1SCR04-730-PL38.ipt (not renamed)
2026-01-12 17:44:16 | ASSEMBLY: INFO - No mapping found for N1SCR04-730-PL38.ipt (not renamed)
2026-01-12 17:44:16 | ASSEMBLY: INFO - No mapping found for N1SCR04-730-PL38.ipt (not renamed)
2026-01-12 17:44:16 | ASSEMBLY: INFO - No mapping found for N1SCR04-730-PL38.ipt (not renamed)
2026-01-12 17:44:16 | ASSEMBLY: INFO - No mapping found for N1SCR04-730-PL38.ipt (not renamed)
2026-01-12 17:44:16 | ASSEMBLY: INFO - No mapping found for N1SCR04-730-PL38.ipt (not renamed)
2026-01-12 17:44:16 | ASSEMBLY: INFO - No mapping found for N1SCR04-730-PL38.ipt (not renamed)
2026-01-12 17:44:16 | ASSEMBLY: INFO - No mapping found for N1SCR04-730-PL38.ipt (not renamed)
2026-01-12 17:44:16 | ASSEMBLY: Saving assembly with updated references...
2026-01-12 17:44:20 | ASSEMBLY: Successfully saved assembly
2026-01-12 17:44:20 | STEP 8: Auto-detecting and updating IDW files
2026-01-12 17:44:20 | IDW: Auto-detecting IDW files in assembly directory
2026-01-12 17:44:20 | IDW: Found drawing file - KNL-N1200-SCR04-0730-PA.idw
2026-01-12 17:44:20 | IDW: Found drawing file - KNL-N1200-SCR04-0730-PD (old).idw
2026-01-12 17:44:20 | IDW: Processing KNL-N1200-SCR04-0730-PA.idw
2026-01-12 17:44:21 | IDW: Opening KNL-N1200-SCR04-0730-PA.idw
2026-01-12 17:44:23 | IDW: Found 1 referenced files
2026-01-12 17:44:23 | IDW: INFO - No mapping found for N1SCR04-730.iam
2026-01-12 17:44:25 | IDW: Saved KNL-N1200-SCR04-0730-PA.idw
2026-01-12 17:44:25 | IDW: Processing KNL-N1200-SCR04-0730-PD (old).idw
2026-01-12 17:44:25 | IDW: Opening KNL-N1200-SCR04-0730-PD (old).idw
2026-01-12 17:44:27 | IDW: Found 1 referenced files
2026-01-12 17:44:27 | IDW: INFO - No mapping found for N1SCR04-730.iam
2026-01-12 17:44:29 | IDW: Saved KNL-N1200-SCR04-0730-PD (old).idw
2026-01-12 17:44:29 | STEP 8.5: Saving mapping file for external IDW updater
2026-01-12 17:44:29 | MAPPING: Saving comprehensive mapping file for STEP 2
2026-01-12 17:44:29 | STEP 9: Keeping original files for safety (skipping cleanup)
2026-01-12 17:44:29 | === DYNAMIC HERITAGE-BASED SOLUTION COMPLETED ===
