2025-10-01 07:26:26 | === DYNAMIC HERITAGE-BASED SOLUTION ===
2025-10-01 07:26:26 | Auto-detecting open model and creating dynamic renaming workflow
2025-10-01 07:26:27 | SUCCESS: Connected to existing Inventor instance
2025-10-01 07:26:27 | STEP 1: Detecting open assembly and analyzing components
2025-10-01 07:26:27 | DETECTED: Document type: 12291
2025-10-01 07:26:27 | DETECTED: Assembly by .iam extension - proceeding
2025-10-01 07:26:27 | DETECTED: Active assembly - Staircase-3.iam
2025-10-01 07:26:27 | DETECTED: Full path - D:\Pentalin\3. Working\19. NCRH01 - Secondary Crushing Station\05. Model\Staircase-3 Ground\Staircase-3.iam
2025-10-01 07:26:27 | USER CONFIRMED: Proceeding with assembly processing
2025-10-01 07:26:27 | CONFIRMED: 45 occurrences to process
2025-10-01 07:26:27 | STEP 2: Flattening hierarchy and grouping components
2025-10-01 07:26:27 | ANALYZE: Recursively flattening ENTIRE model hierarchy and reading iProperty descriptions
2025-10-01 07:26:27 | ANALYZE: Processing assembly - Staircase-3.iam (Level: ROOT)
2025-10-01 07:26:28 | ANALYZE: Found 45 occurrences in Staircase-3.iam
2025-10-01 07:26:28 | ANALYZE: PART - Part1 TFC H-STAIR-B.ipt -> Description: TFC178 x 54 x 15 -> Group: CH (from Staircase-3.iam)
2025-10-01 07:26:28 | ANALYZE: Created new group - CH
2025-10-01 07:26:28 | ANALYZE: PART - Part2 TFC H-STAIR-B.ipt -> Description: TFC178 x 54 x 15 -> Group: CH (from Staircase-3.iam)
2025-10-01 07:26:28 | ANALYZE: PART - Part3 TFC H-STAIR-B.ipt -> Description: TFC178 x 54 x 15 -> Group: CH (from Staircase-3.iam)
2025-10-01 07:26:28 | ANALYZE: PART - Part4 TFC H-STAIR-B.ipt -> Description: TFC178 x 54 x 15 -> Group: CH (from Staircase-3.iam)
2025-10-01 07:26:28 | ANALYZE: PART - Part5 TFC H-STAIR-B.ipt -> Description: TFC178 x 54 x 15 -> Group: CH (from Staircase-3.iam)
2025-10-01 07:26:28 | ANALYZE: PART - Part6 TFC H-STAIR-B.ipt -> Description: TFC178 x 54 x 15 -> Group: CH (from Staircase-3.iam)
2025-10-01 07:26:28 | ANALYZE: PART - Part7 Stair End Plate H-STAIR-B.ipt -> Description: PL 10mm S355JR -> Group: PL (from Staircase-3.iam)
2025-10-01 07:26:28 | ANALYZE: Created new group - PL
2025-10-01 07:26:28 | ANALYZE: DUPLICATE PART SKIPPED - Part7 Stair End Plate H-STAIR-B.ipt (already processed)
2025-10-01 07:26:28 | ANALYZE: PART - Part8 Base Plate H-STAIR-B.ipt -> Description: PL 10mm S355JR -> Group: PL (from Staircase-3.iam)
2025-10-01 07:26:28 | ANALYZE: DUPLICATE PART SKIPPED - Part8 Base Plate H-STAIR-B.ipt (already processed)
2025-10-01 07:26:28 | ANALYZE: PART - Part9 Stair Stanchion Plate H-STAIR-B.ipt -> Description: PL 10mm S355JR -> Group: PL (from Staircase-3.iam)
2025-10-01 07:26:28 | ANALYZE: DUPLICATE PART SKIPPED - Part9 Stair Stanchion Plate H-STAIR-B.ipt (already processed)
2025-10-01 07:26:28 | ANALYZE: PART - Step H-STAIR-B.ipt -> Description: STD VITAGRID 750 WIDE STEP -> Group: OTHER (from Staircase-3.iam)
2025-10-01 07:26:28 | ANALYZE: Created new group - OTHER
2025-10-01 07:26:28 | ANALYZE: DUPLICATE PART SKIPPED - Step H-STAIR-B.ipt (already processed)
2025-10-01 07:26:28 | ANALYZE: DUPLICATE PART SKIPPED - Step H-STAIR-B.ipt (already processed)
2025-10-01 07:26:28 | ANALYZE: DUPLICATE PART SKIPPED - Step H-STAIR-B.ipt (already processed)
2025-10-01 07:26:28 | ANALYZE: DUPLICATE PART SKIPPED - Step H-STAIR-B.ipt (already processed)
2025-10-01 07:26:28 | ANALYZE: DUPLICATE PART SKIPPED - Step H-STAIR-B.ipt (already processed)
2025-10-01 07:26:28 | ANALYZE: DUPLICATE PART SKIPPED - Step H-STAIR-B.ipt (already processed)
2025-10-01 07:26:28 | ANALYZE: DUPLICATE PART SKIPPED - Step H-STAIR-B.ipt (already processed)
2025-10-01 07:26:28 | ANALYZE: DUPLICATE PART SKIPPED - Step H-STAIR-B.ipt (already processed)
2025-10-01 07:26:28 | ANALYZE: DUPLICATE PART SKIPPED - Step H-STAIR-B.ipt (already processed)
2025-10-01 07:26:28 | ANALYZE: DUPLICATE PART SKIPPED - Step H-STAIR-B.ipt (already processed)
2025-10-01 07:26:28 | ANALYZE: DUPLICATE PART SKIPPED - Step H-STAIR-B.ipt (already processed)
2025-10-01 07:26:28 | ANALYZE: DUPLICATE PART SKIPPED - Step H-STAIR-B.ipt (already processed)
2025-10-01 07:26:28 | ANALYZE: DUPLICATE PART SKIPPED - Step H-STAIR-B.ipt (already processed)
2025-10-01 07:26:28 | ANALYZE: SKIPPING Bolted Connection1.iam (bolted connection assembly)
2025-10-01 07:26:28 | ANALYZE: PART - Closure Bend 40ş.ipt -> Description: CLOSURE BEND 40ş -> Group: OTHER (from Staircase-3.iam)
2025-10-01 07:26:28 | ANALYZE: DUPLICATE PART SKIPPED - Closure Bend 40ş.ipt (already processed)
2025-10-01 07:26:28 | ANALYZE: DUPLICATE PART SKIPPED - Closure Bend 40ş.ipt (already processed)
2025-10-01 07:26:28 | ANALYZE: DUPLICATE PART SKIPPED - Closure Bend 40ş.ipt (already processed)
2025-10-01 07:26:28 | ANALYZE: PART - Handrailing-Std Straight H-STAIR-B.ipt -> Description: HANDRAILING-STRAIGHT -> Group: OTHER (from Staircase-3.iam)
2025-10-01 07:26:28 | ANALYZE: DUPLICATE PART SKIPPED - Handrailing-Std Straight H-STAIR-B.ipt (already processed)
2025-10-01 07:26:28 | ANALYZE: DUPLICATE PART SKIPPED - Handrailing-Std Straight H-STAIR-B.ipt (already processed)
2025-10-01 07:26:28 | ANALYZE: DUPLICATE PART SKIPPED - Handrailing-Std Straight H-STAIR-B.ipt (already processed)
2025-10-01 07:26:28 | ANALYZE: DUPLICATE PART SKIPPED - Part9 Stair Stanchion Plate H-STAIR-B.ipt (already processed)
2025-10-01 07:26:28 | ANALYZE: DUPLICATE PART SKIPPED - Part9 Stair Stanchion Plate H-STAIR-B.ipt (already processed)
2025-10-01 07:26:28 | ANALYZE: PART - Stanchion-Side Mounted 40ş -RH.ipt -> Description: STANCHION-SIDE MOUNTED 40ş - RH -> Group: OTHER (from Staircase-3.iam)
2025-10-01 07:26:28 | ANALYZE: PART - Stanchion-Side Mounted 40ş -LH.ipt -> Description: STANCHION-SIDE MOUNTED 40ş - LH -> Group: OTHER (from Staircase-3.iam)
2025-10-01 07:26:28 | ANALYZE: DUPLICATE PART SKIPPED - Part9 Stair Stanchion Plate H-STAIR-B.ipt (already processed)
2025-10-01 07:26:28 | ANALYZE: DUPLICATE PART SKIPPED - Part9 Stair Stanchion Plate H-STAIR-B.ipt (already processed)
2025-10-01 07:26:28 | ANALYZE: DUPLICATE PART SKIPPED - Stanchion-Side Mounted 40ş -RH.ipt (already processed)
2025-10-01 07:26:28 | ANALYZE: DUPLICATE PART SKIPPED - Stanchion-Side Mounted 40ş -LH.ipt (already processed)
2025-10-01 07:26:28 | ANALYZE: DUPLICATE PART SKIPPED - Stanchion-Side Mounted 40ş -LH.ipt (already processed)
2025-10-01 07:26:28 | ANALYZE: DUPLICATE PART SKIPPED - Stanchion-Side Mounted 40ş -RH.ipt (already processed)
2025-10-01 07:26:28 | ANALYZE: Recursive processing completed - Total unique parts processed: 14
2025-10-01 07:26:28 | ANALYZE: Created 3 component groups
2025-10-01 07:26:28 | DEBUG GROUP: 'CH' contains 6 components:
2025-10-01 07:26:28 |   - D:\Pentalin\3. Working\19. NCRH01 - Secondary Crushing Station\05. Model\Staircase-3 Ground\Part1 TFC H-STAIR-B.ipt
2025-10-01 07:26:28 |   - D:\Pentalin\3. Working\19. NCRH01 - Secondary Crushing Station\05. Model\Staircase-3 Ground\Part2 TFC H-STAIR-B.ipt
2025-10-01 07:26:28 |   - D:\Pentalin\3. Working\19. NCRH01 - Secondary Crushing Station\05. Model\Staircase-3 Ground\Part3 TFC H-STAIR-B.ipt
2025-10-01 07:26:28 |   - D:\Pentalin\3. Working\19. NCRH01 - Secondary Crushing Station\05. Model\Staircase-3 Ground\Part4 TFC H-STAIR-B.ipt
2025-10-01 07:26:28 |   - D:\Pentalin\3. Working\19. NCRH01 - Secondary Crushing Station\05. Model\Staircase-3 Ground\Part5 TFC H-STAIR-B.ipt
2025-10-01 07:26:28 |   - D:\Pentalin\3. Working\19. NCRH01 - Secondary Crushing Station\05. Model\Staircase-3 Ground\Part6 TFC H-STAIR-B.ipt
2025-10-01 07:26:28 | DEBUG GROUP: 'PL' contains 3 components:
2025-10-01 07:26:28 |   - D:\Pentalin\3. Working\19. NCRH01 - Secondary Crushing Station\05. Model\Staircase-3 Ground\Part7 Stair End Plate H-STAIR-B.ipt
2025-10-01 07:26:28 |   - D:\Pentalin\3. Working\19. NCRH01 - Secondary Crushing Station\05. Model\Staircase-3 Ground\Part8 Base Plate H-STAIR-B.ipt
2025-10-01 07:26:28 |   - D:\Pentalin\3. Working\19. NCRH01 - Secondary Crushing Station\05. Model\Staircase-3 Ground\Part9 Stair Stanchion Plate H-STAIR-B.ipt
2025-10-01 07:26:28 | DEBUG GROUP: 'OTHER' contains 5 components:
2025-10-01 07:26:28 |   - D:\Pentalin\3. Working\19. NCRH01 - Secondary Crushing Station\05. Model\Staircase-3 Ground\Step H-STAIR-B.ipt
2025-10-01 07:26:28 |   - D:\Pentalin\3. Working\19. NCRH01 - Secondary Crushing Station\05. Model\Staircase-3 Ground\Closure Bend 40ş.ipt
2025-10-01 07:26:28 |   - D:\Pentalin\3. Working\19. NCRH01 - Secondary Crushing Station\05. Model\Staircase-3 Ground\Handrailing-Std Straight H-STAIR-B.ipt
2025-10-01 07:26:28 |   - D:\Pentalin\3. Working\19. NCRH01 - Secondary Crushing Station\05. Model\Staircase-3 Ground\Stanchion-Side Mounted 40ş -RH.ipt
2025-10-01 07:26:28 |   - D:\Pentalin\3. Working\19. NCRH01 - Secondary Crushing Station\05. Model\Staircase-3 Ground\Stanchion-Side Mounted 40ş -LH.ipt
2025-10-01 07:26:28 | STEP 3: Getting plant section naming convention
2025-10-01 07:26:28 | PLANT: Getting plant section naming convention from user
2025-10-01 07:26:29 | PLANT: Using custom naming convention: NCRH01-000-
2025-10-01 07:26:30 | STEP 4: Showing component groups summary
2025-10-01 07:26:30 | SUMMARY: Showing component groups to user
2025-10-01 07:26:30 | SUMMARY: User approved component groups
2025-10-01 07:26:30 | STEP 5: Getting user naming schemes for component groups
2025-10-01 07:26:30 | INPUT: Getting user naming schemes for 3 groups
2025-10-01 07:26:31 | INPUT: Group 'CH' -> Scheme: NCRH01-000-CH{N}
2025-10-01 07:26:31 | INPUT: Group 'PL' -> Scheme: NCRH01-000-PL{N}
2025-10-01 07:26:32 | INPUT: Group 'OTHER' -> Scheme: NCRH01-000-PART{N}
2025-10-01 07:26:32 | STEP 6: Creating heritage-based copies with user naming
2025-10-01 07:26:32 | HERITAGE: Creating dynamic heritage-based copies
2025-10-01 07:26:32 | HERITAGE: Scanning mapping file for existing heritage files to continue numbering
2025-10-01 07:26:32 | SCAN: Scanning Registry for existing counters to continue numbering with prefix: NCRH01-000-
2025-10-01 07:26:32 | SCAN: Found existing counter: NCRH01-000-CH = 16
2025-10-01 07:26:32 | SCAN: Found existing counter: NCRH01-000-PL = 179
2025-10-01 07:26:32 | SCAN: Found existing counter: NCRH01-000-B = 30
2025-10-01 07:26:32 | SCAN: Found existing counter: NCRH01-000-A = 35
2025-10-01 07:26:32 | SCAN: No existing counter for: NCRH01-000-P (will start from 1)
2025-10-01 07:26:32 | SCAN: No existing counter for: NCRH01-000-SQ (will start from 1)
2025-10-01 07:26:32 | SCAN: Found existing counter: NCRH01-000-FL = 8
2025-10-01 07:26:32 | SCAN: No existing counter for: NCRH01-000-LPL (will start from 1)
2025-10-01 07:26:32 | SCAN: Found existing counter: NCRH01-000-IPE = 27
2025-10-01 07:26:32 | SCAN: Found existing counter: NCRH01-000-OTHER = 10
2025-10-01 07:26:32 | SCAN: Loaded 7 existing counters from Registry
2025-10-01 07:26:32 | EXTRACT: Processing naming scheme: NCRH01-000-CH{N}
2025-10-01 07:26:32 | EXTRACT: Extracted prefix: 'NCRH01-000-'
2025-10-01 07:26:32 | HERITAGE: Checking for existing counter with key: 'NCRH01-000-CH'
2025-10-01 07:26:32 | HERITAGE: Group 'CH' continuing from number 17 (found existing files with highest number 16)
2025-10-01 07:26:32 | HERITAGE: Processing group 'CH' with scheme: NCRH01-000-CH{N}
2025-10-01 07:26:32 | HERITAGE: Part1 TFC H-STAIR-B.ipt -> NCRH01-000-CH17.ipt
2025-10-01 07:26:32 | MAPPING: D:\Pentalin\3. Working\19. NCRH01 - Secondary Crushing Station\05. Model\Staircase-3 Ground\Part1 TFC H-STAIR-B.ipt -> D:\Pentalin\3. Working\19. NCRH01 - Secondary Crushing Station\05. Model\Staircase-3 Ground\NCRH01-000-CH17.ipt
2025-10-01 07:26:32 | HERITAGE: Creating new file: NCRH01-000-CH17.ipt
2025-10-01 07:26:33 | HERITAGE: SUCCESS - Created NCRH01-000-CH17.ipt
2025-10-01 07:26:33 | HERITAGE: Part2 TFC H-STAIR-B.ipt -> NCRH01-000-CH18.ipt
2025-10-01 07:26:33 | MAPPING: D:\Pentalin\3. Working\19. NCRH01 - Secondary Crushing Station\05. Model\Staircase-3 Ground\Part2 TFC H-STAIR-B.ipt -> D:\Pentalin\3. Working\19. NCRH01 - Secondary Crushing Station\05. Model\Staircase-3 Ground\NCRH01-000-CH18.ipt
2025-10-01 07:26:33 | HERITAGE: Creating new file: NCRH01-000-CH18.ipt
2025-10-01 07:26:33 | HERITAGE: SUCCESS - Created NCRH01-000-CH18.ipt
2025-10-01 07:26:33 | HERITAGE: Part3 TFC H-STAIR-B.ipt -> NCRH01-000-CH19.ipt
2025-10-01 07:26:33 | MAPPING: D:\Pentalin\3. Working\19. NCRH01 - Secondary Crushing Station\05. Model\Staircase-3 Ground\Part3 TFC H-STAIR-B.ipt -> D:\Pentalin\3. Working\19. NCRH01 - Secondary Crushing Station\05. Model\Staircase-3 Ground\NCRH01-000-CH19.ipt
2025-10-01 07:26:33 | HERITAGE: Creating new file: NCRH01-000-CH19.ipt
2025-10-01 07:26:33 | HERITAGE: SUCCESS - Created NCRH01-000-CH19.ipt
2025-10-01 07:26:34 | HERITAGE: Part4 TFC H-STAIR-B.ipt -> NCRH01-000-CH20.ipt
2025-10-01 07:26:34 | MAPPING: D:\Pentalin\3. Working\19. NCRH01 - Secondary Crushing Station\05. Model\Staircase-3 Ground\Part4 TFC H-STAIR-B.ipt -> D:\Pentalin\3. Working\19. NCRH01 - Secondary Crushing Station\05. Model\Staircase-3 Ground\NCRH01-000-CH20.ipt
2025-10-01 07:26:34 | HERITAGE: Creating new file: NCRH01-000-CH20.ipt
2025-10-01 07:26:34 | HERITAGE: SUCCESS - Created NCRH01-000-CH20.ipt
2025-10-01 07:26:34 | HERITAGE: Part5 TFC H-STAIR-B.ipt -> NCRH01-000-CH21.ipt
2025-10-01 07:26:34 | MAPPING: D:\Pentalin\3. Working\19. NCRH01 - Secondary Crushing Station\05. Model\Staircase-3 Ground\Part5 TFC H-STAIR-B.ipt -> D:\Pentalin\3. Working\19. NCRH01 - Secondary Crushing Station\05. Model\Staircase-3 Ground\NCRH01-000-CH21.ipt
2025-10-01 07:26:34 | HERITAGE: Creating new file: NCRH01-000-CH21.ipt
2025-10-01 07:26:34 | HERITAGE: SUCCESS - Created NCRH01-000-CH21.ipt
2025-10-01 07:26:34 | HERITAGE: Part6 TFC H-STAIR-B.ipt -> NCRH01-000-CH22.ipt
2025-10-01 07:26:34 | MAPPING: D:\Pentalin\3. Working\19. NCRH01 - Secondary Crushing Station\05. Model\Staircase-3 Ground\Part6 TFC H-STAIR-B.ipt -> D:\Pentalin\3. Working\19. NCRH01 - Secondary Crushing Station\05. Model\Staircase-3 Ground\NCRH01-000-CH22.ipt
2025-10-01 07:26:34 | HERITAGE: Creating new file: NCRH01-000-CH22.ipt
2025-10-01 07:26:34 | HERITAGE: SUCCESS - Created NCRH01-000-CH22.ipt
2025-10-01 07:26:34 | REGISTRY: Saved NCRH01-000-CH = 22
2025-10-01 07:26:34 | EXTRACT: Processing naming scheme: NCRH01-000-PL{N}
2025-10-01 07:26:34 | EXTRACT: Extracted prefix: 'NCRH01-000-'
2025-10-01 07:26:34 | HERITAGE: Checking for existing counter with key: 'NCRH01-000-PL'
2025-10-01 07:26:34 | HERITAGE: Group 'PL' continuing from number 180 (found existing files with highest number 179)
2025-10-01 07:26:34 | HERITAGE: Processing group 'PL' with scheme: NCRH01-000-PL{N}
2025-10-01 07:26:34 | HERITAGE: Part7 Stair End Plate H-STAIR-B.ipt -> NCRH01-000-PL180.ipt
2025-10-01 07:26:34 | MAPPING: D:\Pentalin\3. Working\19. NCRH01 - Secondary Crushing Station\05. Model\Staircase-3 Ground\Part7 Stair End Plate H-STAIR-B.ipt -> D:\Pentalin\3. Working\19. NCRH01 - Secondary Crushing Station\05. Model\Staircase-3 Ground\NCRH01-000-PL180.ipt
2025-10-01 07:26:34 | HERITAGE: Creating new file: NCRH01-000-PL180.ipt
2025-10-01 07:26:35 | HERITAGE: SUCCESS - Created NCRH01-000-PL180.ipt
2025-10-01 07:26:35 | HERITAGE: Part8 Base Plate H-STAIR-B.ipt -> NCRH01-000-PL181.ipt
2025-10-01 07:26:35 | MAPPING: D:\Pentalin\3. Working\19. NCRH01 - Secondary Crushing Station\05. Model\Staircase-3 Ground\Part8 Base Plate H-STAIR-B.ipt -> D:\Pentalin\3. Working\19. NCRH01 - Secondary Crushing Station\05. Model\Staircase-3 Ground\NCRH01-000-PL181.ipt
2025-10-01 07:26:35 | HERITAGE: Creating new file: NCRH01-000-PL181.ipt
2025-10-01 07:26:35 | HERITAGE: SUCCESS - Created NCRH01-000-PL181.ipt
2025-10-01 07:26:35 | HERITAGE: Part9 Stair Stanchion Plate H-STAIR-B.ipt -> NCRH01-000-PL182.ipt
2025-10-01 07:26:35 | MAPPING: D:\Pentalin\3. Working\19. NCRH01 - Secondary Crushing Station\05. Model\Staircase-3 Ground\Part9 Stair Stanchion Plate H-STAIR-B.ipt -> D:\Pentalin\3. Working\19. NCRH01 - Secondary Crushing Station\05. Model\Staircase-3 Ground\NCRH01-000-PL182.ipt
2025-10-01 07:26:35 | HERITAGE: Creating new file: NCRH01-000-PL182.ipt
2025-10-01 07:26:35 | HERITAGE: SUCCESS - Created NCRH01-000-PL182.ipt
2025-10-01 07:26:35 | REGISTRY: Saved NCRH01-000-PL = 182
2025-10-01 07:26:35 | EXTRACT: Processing naming scheme: NCRH01-000-PART{N}
2025-10-01 07:26:35 | EXTRACT: Extracted prefix: 'NCRH01-000-'
2025-10-01 07:26:35 | HERITAGE: Checking for existing counter with key: 'NCRH01-000-OTHER'
2025-10-01 07:26:35 | HERITAGE: Group 'OTHER' continuing from number 11 (found existing files with highest number 10)
2025-10-01 07:26:35 | HERITAGE: Processing group 'OTHER' with scheme: NCRH01-000-PART{N}
2025-10-01 07:26:35 | HERITAGE: Step H-STAIR-B.ipt -> NCRH01-000-PART11.ipt
2025-10-01 07:26:35 | MAPPING: D:\Pentalin\3. Working\19. NCRH01 - Secondary Crushing Station\05. Model\Staircase-3 Ground\Step H-STAIR-B.ipt -> D:\Pentalin\3. Working\19. NCRH01 - Secondary Crushing Station\05. Model\Staircase-3 Ground\NCRH01-000-PART11.ipt
2025-10-01 07:26:35 | HERITAGE: Creating new file: NCRH01-000-PART11.ipt
2025-10-01 07:26:36 | HERITAGE: SUCCESS - Created NCRH01-000-PART11.ipt
2025-10-01 07:26:36 | HERITAGE: Closure Bend 40ş.ipt -> NCRH01-000-PART12.ipt
2025-10-01 07:26:36 | MAPPING: D:\Pentalin\3. Working\19. NCRH01 - Secondary Crushing Station\05. Model\Staircase-3 Ground\Closure Bend 40ş.ipt -> D:\Pentalin\3. Working\19. NCRH01 - Secondary Crushing Station\05. Model\Staircase-3 Ground\NCRH01-000-PART12.ipt
2025-10-01 07:26:36 | HERITAGE: Creating new file: NCRH01-000-PART12.ipt
2025-10-01 07:26:36 | HERITAGE: SUCCESS - Created NCRH01-000-PART12.ipt
2025-10-01 07:26:36 | HERITAGE: Handrailing-Std Straight H-STAIR-B.ipt -> NCRH01-000-PART13.ipt
2025-10-01 07:26:36 | MAPPING: D:\Pentalin\3. Working\19. NCRH01 - Secondary Crushing Station\05. Model\Staircase-3 Ground\Handrailing-Std Straight H-STAIR-B.ipt -> D:\Pentalin\3. Working\19. NCRH01 - Secondary Crushing Station\05. Model\Staircase-3 Ground\NCRH01-000-PART13.ipt
2025-10-01 07:26:36 | HERITAGE: Creating new file: NCRH01-000-PART13.ipt
2025-10-01 07:26:36 | HERITAGE: SUCCESS - Created NCRH01-000-PART13.ipt
2025-10-01 07:26:37 | HERITAGE: Stanchion-Side Mounted 40ş -RH.ipt -> NCRH01-000-PART14.ipt
2025-10-01 07:26:37 | MAPPING: D:\Pentalin\3. Working\19. NCRH01 - Secondary Crushing Station\05. Model\Staircase-3 Ground\Stanchion-Side Mounted 40ş -RH.ipt -> D:\Pentalin\3. Working\19. NCRH01 - Secondary Crushing Station\05. Model\Staircase-3 Ground\NCRH01-000-PART14.ipt
2025-10-01 07:26:37 | HERITAGE: Creating new file: NCRH01-000-PART14.ipt
2025-10-01 07:26:37 | HERITAGE: SUCCESS - Created NCRH01-000-PART14.ipt
2025-10-01 07:26:37 | HERITAGE: Stanchion-Side Mounted 40ş -LH.ipt -> NCRH01-000-PART15.ipt
2025-10-01 07:26:37 | MAPPING: D:\Pentalin\3. Working\19. NCRH01 - Secondary Crushing Station\05. Model\Staircase-3 Ground\Stanchion-Side Mounted 40ş -LH.ipt -> D:\Pentalin\3. Working\19. NCRH01 - Secondary Crushing Station\05. Model\Staircase-3 Ground\NCRH01-000-PART15.ipt
2025-10-01 07:26:37 | HERITAGE: Creating new file: NCRH01-000-PART15.ipt
2025-10-01 07:26:37 | HERITAGE: SUCCESS - Created NCRH01-000-PART15.ipt
2025-10-01 07:26:37 | REGISTRY: Saved NCRH01-000-OTHER = 15
2025-10-01 07:26:37 | STEP 7: Updating assembly references
2025-10-01 07:26:37 | ASSEMBLY: Recursively updating assembly references across entire model hierarchy
2025-10-01 07:26:37 | ASSEMBLY: Updating references in - Staircase-3.iam (Level: ROOT)
2025-10-01 07:26:37 | ASSEMBLY: Replacing Part1 TFC H-STAIR-B.ipt -> NCRH01-000-CH17.ipt [CH] (in Staircase-3.iam)
2025-10-01 07:26:37 | ASSEMBLY: SUCCESS - Updated to NCRH01-000-CH17.ipt
2025-10-01 07:26:37 | ASSEMBLY: Replacing Part2 TFC H-STAIR-B.ipt -> NCRH01-000-CH18.ipt [CH] (in Staircase-3.iam)
2025-10-01 07:26:38 | ASSEMBLY: SUCCESS - Updated to NCRH01-000-CH18.ipt
2025-10-01 07:26:38 | ASSEMBLY: Replacing Part3 TFC H-STAIR-B.ipt -> NCRH01-000-CH19.ipt [CH] (in Staircase-3.iam)
2025-10-01 07:26:38 | ASSEMBLY: SUCCESS - Updated to NCRH01-000-CH19.ipt
2025-10-01 07:26:38 | ASSEMBLY: Replacing Part4 TFC H-STAIR-B.ipt -> NCRH01-000-CH20.ipt [CH] (in Staircase-3.iam)
2025-10-01 07:26:38 | ASSEMBLY: SUCCESS - Updated to NCRH01-000-CH20.ipt
2025-10-01 07:26:38 | ASSEMBLY: Replacing Part5 TFC H-STAIR-B.ipt -> NCRH01-000-CH21.ipt [CH] (in Staircase-3.iam)
2025-10-01 07:26:38 | ASSEMBLY: SUCCESS - Updated to NCRH01-000-CH21.ipt
2025-10-01 07:26:38 | ASSEMBLY: Replacing Part6 TFC H-STAIR-B.ipt -> NCRH01-000-CH22.ipt [CH] (in Staircase-3.iam)
2025-10-01 07:26:38 | ASSEMBLY: SUCCESS - Updated to NCRH01-000-CH22.ipt
2025-10-01 07:26:38 | ASSEMBLY: Replacing Part7 Stair End Plate H-STAIR-B.ipt -> NCRH01-000-PL180.ipt [PL] (in Staircase-3.iam)
2025-10-01 07:26:38 | ASSEMBLY: SUCCESS - Updated to NCRH01-000-PL180.ipt
2025-10-01 07:26:38 | ASSEMBLY: INFO - No mapping found for NCRH01-000-PL180.ipt (not renamed)
2025-10-01 07:26:38 | ASSEMBLY: Replacing Part8 Base Plate H-STAIR-B.ipt -> NCRH01-000-PL181.ipt [PL] (in Staircase-3.iam)
2025-10-01 07:26:38 | ASSEMBLY: SUCCESS - Updated to NCRH01-000-PL181.ipt
2025-10-01 07:26:38 | ASSEMBLY: INFO - No mapping found for NCRH01-000-PL181.ipt (not renamed)
2025-10-01 07:26:38 | ASSEMBLY: Replacing Part9 Stair Stanchion Plate H-STAIR-B.ipt -> NCRH01-000-PL182.ipt [PL] (in Staircase-3.iam)
2025-10-01 07:26:39 | ASSEMBLY: SUCCESS - Updated to NCRH01-000-PL182.ipt
2025-10-01 07:26:39 | ASSEMBLY: INFO - No mapping found for NCRH01-000-PL182.ipt (not renamed)
2025-10-01 07:26:39 | ASSEMBLY: Replacing Step H-STAIR-B.ipt -> NCRH01-000-PART11.ipt [OTHER] (in Staircase-3.iam)
2025-10-01 07:26:39 | ASSEMBLY: SUCCESS - Updated to NCRH01-000-PART11.ipt
2025-10-01 07:26:39 | ASSEMBLY: INFO - No mapping found for NCRH01-000-PART11.ipt (not renamed)
2025-10-01 07:26:39 | ASSEMBLY: INFO - No mapping found for NCRH01-000-PART11.ipt (not renamed)
2025-10-01 07:26:39 | ASSEMBLY: INFO - No mapping found for NCRH01-000-PART11.ipt (not renamed)
2025-10-01 07:26:39 | ASSEMBLY: INFO - No mapping found for NCRH01-000-PART11.ipt (not renamed)
2025-10-01 07:26:39 | ASSEMBLY: INFO - No mapping found for NCRH01-000-PART11.ipt (not renamed)
2025-10-01 07:26:39 | ASSEMBLY: INFO - No mapping found for NCRH01-000-PART11.ipt (not renamed)
2025-10-01 07:26:39 | ASSEMBLY: INFO - No mapping found for NCRH01-000-PART11.ipt (not renamed)
2025-10-01 07:26:39 | ASSEMBLY: INFO - No mapping found for NCRH01-000-PART11.ipt (not renamed)
2025-10-01 07:26:39 | ASSEMBLY: INFO - No mapping found for NCRH01-000-PART11.ipt (not renamed)
2025-10-01 07:26:39 | ASSEMBLY: INFO - No mapping found for NCRH01-000-PART11.ipt (not renamed)
2025-10-01 07:26:39 | ASSEMBLY: INFO - No mapping found for NCRH01-000-PART11.ipt (not renamed)
2025-10-01 07:26:39 | ASSEMBLY: INFO - No mapping found for NCRH01-000-PART11.ipt (not renamed)
2025-10-01 07:26:39 | ASSEMBLY: INFO - No mapping found for NCRH01-000-PART11.ipt (not renamed)
2025-10-01 07:26:39 | ASSEMBLY: SKIPPING Bolted Connection1.iam (bolted connection assembly)
2025-10-01 07:26:39 | ASSEMBLY: Replacing Closure Bend 40ş.ipt -> NCRH01-000-PART12.ipt [OTHER] (in Staircase-3.iam)
2025-10-01 07:26:39 | ASSEMBLY: SUCCESS - Updated to NCRH01-000-PART12.ipt
2025-10-01 07:26:39 | ASSEMBLY: INFO - No mapping found for NCRH01-000-PART12.ipt (not renamed)
2025-10-01 07:26:39 | ASSEMBLY: INFO - No mapping found for NCRH01-000-PART12.ipt (not renamed)
2025-10-01 07:26:39 | ASSEMBLY: INFO - No mapping found for NCRH01-000-PART12.ipt (not renamed)
2025-10-01 07:26:39 | ASSEMBLY: Replacing Handrailing-Std Straight H-STAIR-B.ipt -> NCRH01-000-PART13.ipt [OTHER] (in Staircase-3.iam)
2025-10-01 07:26:39 | ASSEMBLY: SUCCESS - Updated to NCRH01-000-PART13.ipt
2025-10-01 07:26:39 | ASSEMBLY: INFO - No mapping found for NCRH01-000-PART13.ipt (not renamed)
2025-10-01 07:26:39 | ASSEMBLY: INFO - No mapping found for NCRH01-000-PART13.ipt (not renamed)
2025-10-01 07:26:39 | ASSEMBLY: INFO - No mapping found for NCRH01-000-PART13.ipt (not renamed)
2025-10-01 07:26:39 | ASSEMBLY: INFO - No mapping found for NCRH01-000-PL182.ipt (not renamed)
2025-10-01 07:26:39 | ASSEMBLY: INFO - No mapping found for NCRH01-000-PL182.ipt (not renamed)
2025-10-01 07:26:39 | ASSEMBLY: Replacing Stanchion-Side Mounted 40ş -RH.ipt -> NCRH01-000-PART14.ipt [OTHER] (in Staircase-3.iam)
2025-10-01 07:26:39 | ASSEMBLY: SUCCESS - Updated to NCRH01-000-PART14.ipt
2025-10-01 07:26:40 | ASSEMBLY: Replacing Stanchion-Side Mounted 40ş -LH.ipt -> NCRH01-000-PART15.ipt [OTHER] (in Staircase-3.iam)
2025-10-01 07:26:40 | ASSEMBLY: SUCCESS - Updated to NCRH01-000-PART15.ipt
2025-10-01 07:26:40 | ASSEMBLY: INFO - No mapping found for NCRH01-000-PL182.ipt (not renamed)
2025-10-01 07:26:40 | ASSEMBLY: INFO - No mapping found for NCRH01-000-PL182.ipt (not renamed)
2025-10-01 07:26:40 | ASSEMBLY: INFO - No mapping found for NCRH01-000-PART14.ipt (not renamed)
2025-10-01 07:26:40 | ASSEMBLY: INFO - No mapping found for NCRH01-000-PART15.ipt (not renamed)
2025-10-01 07:26:40 | ASSEMBLY: INFO - No mapping found for NCRH01-000-PART15.ipt (not renamed)
2025-10-01 07:26:40 | ASSEMBLY: INFO - No mapping found for NCRH01-000-PART14.ipt (not renamed)
2025-10-01 07:26:40 | ASSEMBLY: Saving assembly with updated references...
2025-10-01 07:26:41 | ASSEMBLY: Successfully saved assembly
2025-10-01 07:26:41 | STEP 8: Auto-detecting and updating IDW files
2025-10-01 07:26:41 | IDW: Auto-detecting IDW files in assembly directory
2025-10-01 07:26:41 | IDW: Found drawing file - MGY-100-SCR-10.idw
2025-10-01 07:26:41 | IDW: Processing MGY-100-SCR-10.idw
2025-10-01 07:26:41 | IDW: Opening MGY-100-SCR-10.idw
2025-10-01 07:26:42 | IDW: Found 10 referenced files
2025-10-01 07:26:42 | IDW: Updating reference Part1 TFC H-STAIR-B.ipt -> NCRH01-000-CH17.ipt
2025-10-01 07:26:42 | IDW: SUCCESS - Reference updated
2025-10-01 07:26:42 | IDW: Updating reference Part2 TFC H-STAIR-B.ipt -> NCRH01-000-CH18.ipt
2025-10-01 07:26:42 | IDW: SUCCESS - Reference updated
2025-10-01 07:26:42 | IDW: Updating reference Part3 TFC H-STAIR-B.ipt -> NCRH01-000-CH19.ipt
2025-10-01 07:26:43 | IDW: SUCCESS - Reference updated
2025-10-01 07:26:43 | IDW: Updating reference Part4 TFC H-STAIR-B.ipt -> NCRH01-000-CH20.ipt
2025-10-01 07:26:43 | IDW: SUCCESS - Reference updated
2025-10-01 07:26:43 | IDW: Updating reference Part5 TFC H-STAIR-B.ipt -> NCRH01-000-CH21.ipt
2025-10-01 07:26:43 | IDW: SUCCESS - Reference updated
2025-10-01 07:26:43 | IDW: Updating reference Part6 TFC H-STAIR-B.ipt -> NCRH01-000-CH22.ipt
2025-10-01 07:26:43 | IDW: SUCCESS - Reference updated
2025-10-01 07:26:43 | IDW: Updating reference Part7 Stair End Plate H-STAIR-B.ipt -> NCRH01-000-PL180.ipt
2025-10-01 07:26:43 | IDW: SUCCESS - Reference updated
2025-10-01 07:26:43 | IDW: Updating reference Part8 Base Plate H-STAIR-B.ipt -> NCRH01-000-PL181.ipt
2025-10-01 07:26:43 | IDW: SUCCESS - Reference updated
2025-10-01 07:26:43 | IDW: Updating reference Part9 Stair Stanchion Plate H-STAIR-B.ipt -> NCRH01-000-PL182.ipt
2025-10-01 07:26:43 | IDW: SUCCESS - Reference updated
2025-10-01 07:26:43 | IDW: INFO - No mapping found for Staircase-3.iam
2025-10-01 07:26:46 | IDW: Saved MGY-100-SCR-10.idw
2025-10-01 07:26:46 | STEP 8.5: Saving mapping file for external IDW updater
2025-10-01 07:26:46 | MAPPING: Saving comprehensive mapping file for STEP 2
2025-10-01 07:26:46 | MAPPING: Saving mapping file to: C:\Users\Quintin\inventor renamer basic\FINAL_PRODUCTION_SCRIPTS\STEP_1_MAPPING.txt
2025-10-01 07:26:46 | MAPPING: Appending to existing mapping file
2025-10-01 07:26:46 | MAPPING: Part1 TFC H-STAIR-B.ipt -> NCRH01-000-CH17.ipt
2025-10-01 07:26:46 | MAPPING: Part2 TFC H-STAIR-B.ipt -> NCRH01-000-CH18.ipt
2025-10-01 07:26:46 | MAPPING: Part3 TFC H-STAIR-B.ipt -> NCRH01-000-CH19.ipt
2025-10-01 07:26:46 | MAPPING: Part4 TFC H-STAIR-B.ipt -> NCRH01-000-CH20.ipt
2025-10-01 07:26:46 | MAPPING: Part5 TFC H-STAIR-B.ipt -> NCRH01-000-CH21.ipt
2025-10-01 07:26:46 | MAPPING: Part6 TFC H-STAIR-B.ipt -> NCRH01-000-CH22.ipt
2025-10-01 07:26:46 | MAPPING: Part7 Stair End Plate H-STAIR-B.ipt -> NCRH01-000-PL180.ipt
2025-10-01 07:26:46 | MAPPING: Part8 Base Plate H-STAIR-B.ipt -> NCRH01-000-PL181.ipt
2025-10-01 07:26:46 | MAPPING: Part9 Stair Stanchion Plate H-STAIR-B.ipt -> NCRH01-000-PL182.ipt
2025-10-01 07:26:46 | MAPPING: Step H-STAIR-B.ipt -> NCRH01-000-PART11.ipt
2025-10-01 07:26:46 | MAPPING: Closure Bend 40ş.ipt -> NCRH01-000-PART12.ipt
2025-10-01 07:26:46 | MAPPING: Handrailing-Std Straight H-STAIR-B.ipt -> NCRH01-000-PART13.ipt
2025-10-01 07:26:46 | MAPPING: Stanchion-Side Mounted 40ş -RH.ipt -> NCRH01-000-PART14.ipt
2025-10-01 07:26:46 | MAPPING: Stanchion-Side Mounted 40ş -LH.ipt -> NCRH01-000-PART15.ipt
2025-10-01 07:26:46 | MAPPING: Saved comprehensive mapping to C:\Users\Quintin\inventor renamer basic\FINAL_PRODUCTION_SCRIPTS\STEP_1_MAPPING.txt (14 mappings)
2025-10-01 07:26:46 | STEP 9: Keeping original files for safety (skipping cleanup)
2025-10-01 07:26:46 | === DYNAMIC HERITAGE-BASED SOLUTION COMPLETED ===
