2026-01-12 19:16:37 | === DYNAMIC HERITAGE-BASED SOLUTION ===
2026-01-12 19:16:37 | Auto-detecting open model and creating dynamic renaming workflow
2026-01-12 19:16:39 | SUCCESS: Connected to existing Inventor instance
2026-01-12 19:16:39 | STEP 1: Detecting open assembly and analyzing components
2026-01-12 19:16:39 | DETECTED: Document type: 12291
2026-01-12 19:16:39 | DETECTED: Assembly by .iam extension - proceeding
2026-01-12 19:16:39 | DETECTED: Active assembly - N1SCR04-730.iam
2026-01-12 19:16:39 | DETECTED: Full path - C:\Users\Quintin\Documents\Spectiv\3. Working\22. DMS plant\21. SSCR04 - Primary Floats D&R Screen Station\730 CM Head Box\N1SCR04-730.iam
2026-01-12 19:16:41 | USER CONFIRMED: Proceeding with assembly processing
2026-01-12 19:16:41 | CONFIRMED: 42 occurrences to process
2026-01-12 19:16:41 | STEP 2: Flattening hierarchy and grouping components
2026-01-12 19:16:41 | ANALYZE: Recursively flattening ENTIRE model hierarchy and reading iProperty descriptions
2026-01-12 19:16:41 | ANALYZE: Processing assembly - N1SCR04-730.iam (Level: ROOT)
2026-01-12 19:16:41 | ANALYZE: Found 42 occurrences in N1SCR04-730.iam
2026-01-12 19:16:41 | ANALYZE: RECURSING into sub-assembly - Head Box.iam
2026-01-12 19:16:41 | ANALYZE: Processing assembly - Head Box.iam (Level: ROOT>Head Box.iam)
2026-01-12 19:16:41 | ANALYZE: Found 86 occurrences in Head Box.iam
2026-01-12 19:16:41 | ANALYZE: PART - N1SCR04-730-PL20.ipt -> Description: PL 6mm S355jR -> Group: PL (from Head Box.iam)
2026-01-12 19:16:41 | ANALYZE: Created new group - PL
2026-01-12 19:16:41 | ANALYZE: PART - N1SCR04-730-PL21.ipt -> Description: PL 6mm S355jR -> Group: PL (from Head Box.iam)
2026-01-12 19:16:41 | ANALYZE: PART - N1SCR04-730-PL22.ipt -> Description: PL 6mm S355jR -> Group: PL (from Head Box.iam)
2026-01-12 19:16:41 | ANALYZE: PART - N1SCR04-730-PL23.ipt -> Description: PL 6mm S355jR -> Group: PL (from Head Box.iam)
2026-01-12 19:16:41 | ANALYZE: PART - N1SCR04-730-PL24.ipt -> Description: PL 6mm S355jR -> Group: PL (from Head Box.iam)
2026-01-12 19:16:41 | ANALYZE: PART - N1SCR04-730-PL25.ipt -> Description: PL 6mm S355jR -> Group: PL (from Head Box.iam)
2026-01-12 19:16:41 | ANALYZE: PART - N1SCR04-730-PL26.ipt -> Description: PL 6mm S355jR -> Group: PL (from Head Box.iam)
2026-01-12 19:16:41 | ANALYZE: PART - N1SCR04-730-PL27.ipt -> Description: PL 6mm S355jR -> Group: PL (from Head Box.iam)
2026-01-12 19:16:41 | ANALYZE: DUPLICATE PART SKIPPED - N1SCR04-730-PL27.ipt (already processed)
2026-01-12 19:16:41 | ANALYZE: DUPLICATE PART SKIPPED - N1SCR04-730-PL27.ipt (already processed)
2026-01-12 19:16:41 | ANALYZE: PART - N1SCR04-730-PL28.ipt -> Description: PL 6mm S355jR -> Group: PL (from Head Box.iam)
2026-01-12 19:16:41 | ANALYZE: PART - N1SCR04-730-PL29.ipt -> Description: PL 6mm S355jR -> Group: PL (from Head Box.iam)
2026-01-12 19:16:41 | ANALYZE: DUPLICATE PART SKIPPED - N1SCR04-730-PL29.ipt (already processed)
2026-01-12 19:16:41 | ANALYZE: PART - N1SCR04-730-FLG1.ipt -> Description: PIPE - 800NB S.A.B.S.719 - 6 W.T. -> Group: FLG (from Head Box.iam)
2026-01-12 19:16:41 | ANALYZE: Created new group - FLG
2026-01-12 19:16:41 | ANALYZE: PART - N1SCR04-730-FLG2.ipt -> Description: FLANGE - 600NB S.A.B.S.1123 1000/3 25 TH'K -> Group: FLG (from Head Box.iam)
2026-01-12 19:16:42 | ANALYZE: PART - N1SCR04-730-FLG3.ipt -> Description: PIPE - 500NB S.A.B.S.719 - 6 W.T. -> Group: FLG (from Head Box.iam)
2026-01-12 19:16:42 | ANALYZE: PART - N1SCR04-730-FLG4.ipt -> Description: FLANGE - 500NB S.A.B.S.1123 1000/3 25 TH'K -> Group: FLG (from Head Box.iam)
2026-01-12 19:16:42 | ANALYZE: DUPLICATE PART SKIPPED - N1SCR04-730-FLG3.ipt (already processed)
2026-01-12 19:16:42 | ANALYZE: DUPLICATE PART SKIPPED - N1SCR04-730-FLG4.ipt (already processed)
2026-01-12 19:16:42 | ANALYZE: PART - N1SCR04-730-FLG5.ipt -> Description: PIPE - 200NB S.A.B.S.719 - 6 W.T. -> Group: FLG (from Head Box.iam)
2026-01-12 19:16:42 | ANALYZE: PART - N1SCR04-730-FLG6.ipt -> Description: FLANGE - 200NB S.A.B.S.1123 1000/3 18 TH'K -> Group: FLG (from Head Box.iam)
2026-01-12 19:16:42 | ANALYZE: PART - N1SCR04-730-A11.ipt -> Description: L60x60x6 -> Group: A (from Head Box.iam)
2026-01-12 19:16:42 | ANALYZE: Created new group - A
2026-01-12 19:16:42 | ANALYZE: PART - N1SCR04-730-A12.ipt -> Description: L60x60x6 -> Group: A (from Head Box.iam)
2026-01-12 19:16:42 | ANALYZE: PART - N1SCR04-730-A13.ipt -> Description: L60x60x6 -> Group: A (from Head Box.iam)
2026-01-12 19:16:42 | ANALYZE: PART - N1SCR04-730-A14.ipt -> Description: L60x60x6 -> Group: A (from Head Box.iam)
2026-01-12 19:16:42 | ANALYZE: PART - N1SCR04-730-A15.ipt -> Description: L60x60x6 -> Group: A (from Head Box.iam)
2026-01-12 19:16:42 | ANALYZE: PART - N1SCR04-730-A16.ipt -> Description: L60x60x6 -> Group: A (from Head Box.iam)
2026-01-12 19:16:42 | ANALYZE: PART - N1SCR04-730-A17.ipt -> Description: L50x50x6 -> Group: A (from Head Box.iam)
2026-01-12 19:16:42 | ANALYZE: DUPLICATE PART SKIPPED - N1SCR04-730-A17.ipt (already processed)
2026-01-12 19:16:42 | ANALYZE: PART - N1SCR04-730-A18.ipt -> Description: L50x50x6 -> Group: A (from Head Box.iam)
2026-01-12 19:16:42 | ANALYZE: DUPLICATE PART SKIPPED - N1SCR04-730-A18.ipt (already processed)
2026-01-12 19:16:42 | ANALYZE: DUPLICATE PART SKIPPED - N1SCR04-730-A17.ipt (already processed)
2026-01-12 19:16:42 | ANALYZE: DUPLICATE PART SKIPPED - N1SCR04-730-A17.ipt (already processed)
2026-01-12 19:16:42 | ANALYZE: DUPLICATE PART SKIPPED - N1SCR04-730-A18.ipt (already processed)
2026-01-12 19:16:42 | ANALYZE: DUPLICATE PART SKIPPED - N1SCR04-730-A18.ipt (already processed)
2026-01-12 19:16:42 | ANALYZE: DUPLICATE PART SKIPPED - N1SCR04-730-A17.ipt (already processed)
2026-01-12 19:16:42 | ANALYZE: DUPLICATE PART SKIPPED - N1SCR04-730-A17.ipt (already processed)
2026-01-12 19:16:42 | ANALYZE: DUPLICATE PART SKIPPED - N1SCR04-730-A18.ipt (already processed)
2026-01-12 19:16:42 | ANALYZE: DUPLICATE PART SKIPPED - N1SCR04-730-A18.ipt (already processed)
2026-01-12 19:16:42 | ANALYZE: PART - N1SCR04-730-PL30.ipt -> Description: PL 10mm S355JR -> Group: PL (from Head Box.iam)
2026-01-12 19:16:42 | ANALYZE: PART - N1SCR04-730-PL31.ipt -> Description: PL 10mm S355JR -> Group: PL (from Head Box.iam)
2026-01-12 19:16:42 | ANALYZE: PART - N1SCR04-730-PL32.ipt -> Description: PL 10mm S355JR -> Group: PL (from Head Box.iam)
2026-01-12 19:16:42 | ANALYZE: DUPLICATE PART SKIPPED - N1SCR04-730-PL32.ipt (already processed)
2026-01-12 19:16:42 | ANALYZE: PART - N1SCR04-730-FL8.ipt -> Description: FL50x8 -> Group: FL (from Head Box.iam)
2026-01-12 19:16:42 | ANALYZE: Created new group - FL
2026-01-12 19:16:42 | ANALYZE: DUPLICATE PART SKIPPED - N1SCR04-730-FL8.ipt (already processed)
2026-01-12 19:16:42 | ANALYZE: DUPLICATE PART SKIPPED - N1SCR04-730-PL31.ipt (already processed)
2026-01-12 19:16:42 | ANALYZE: DUPLICATE PART SKIPPED - N1SCR04-730-PL32.ipt (already processed)
2026-01-12 19:16:42 | ANALYZE: DUPLICATE PART SKIPPED - N1SCR04-730-PL32.ipt (already processed)
2026-01-12 19:16:42 | ANALYZE: DUPLICATE PART SKIPPED - N1SCR04-730-FL8.ipt (already processed)
2026-01-12 19:16:42 | ANALYZE: DUPLICATE PART SKIPPED - N1SCR04-730-FL8.ipt (already processed)
2026-01-12 19:16:42 | ANALYZE: DUPLICATE PART SKIPPED - N1SCR04-730-PL31.ipt (already processed)
2026-01-12 19:16:42 | ANALYZE: DUPLICATE PART SKIPPED - N1SCR04-730-PL32.ipt (already processed)
2026-01-12 19:16:42 | ANALYZE: DUPLICATE PART SKIPPED - N1SCR04-730-PL32.ipt (already processed)
2026-01-12 19:16:42 | ANALYZE: DUPLICATE PART SKIPPED - N1SCR04-730-FL8.ipt (already processed)
2026-01-12 19:16:42 | ANALYZE: DUPLICATE PART SKIPPED - N1SCR04-730-FL8.ipt (already processed)
2026-01-12 19:16:42 | ANALYZE: DUPLICATE PART SKIPPED - N1SCR04-730-PL31.ipt (already processed)
2026-01-12 19:16:42 | ANALYZE: DUPLICATE PART SKIPPED - N1SCR04-730-PL32.ipt (already processed)
2026-01-12 19:16:42 | ANALYZE: DUPLICATE PART SKIPPED - N1SCR04-730-PL32.ipt (already processed)
2026-01-12 19:16:42 | ANALYZE: DUPLICATE PART SKIPPED - N1SCR04-730-FL8.ipt (already processed)
2026-01-12 19:16:42 | ANALYZE: DUPLICATE PART SKIPPED - N1SCR04-730-FL8.ipt (already processed)
2026-01-12 19:16:42 | ANALYZE: DUPLICATE PART SKIPPED - N1SCR04-730-PL31.ipt (already processed)
2026-01-12 19:16:42 | ANALYZE: DUPLICATE PART SKIPPED - N1SCR04-730-PL32.ipt (already processed)
2026-01-12 19:16:42 | ANALYZE: DUPLICATE PART SKIPPED - N1SCR04-730-PL32.ipt (already processed)
2026-01-12 19:16:42 | ANALYZE: DUPLICATE PART SKIPPED - N1SCR04-730-FL8.ipt (already processed)
2026-01-12 19:16:42 | ANALYZE: DUPLICATE PART SKIPPED - N1SCR04-730-FL8.ipt (already processed)
2026-01-12 19:16:42 | ANALYZE: DUPLICATE PART SKIPPED - N1SCR04-730-PL31.ipt (already processed)
2026-01-12 19:16:43 | ANALYZE: DUPLICATE PART SKIPPED - N1SCR04-730-PL32.ipt (already processed)
2026-01-12 19:16:43 | ANALYZE: DUPLICATE PART SKIPPED - N1SCR04-730-PL32.ipt (already processed)
2026-01-12 19:16:43 | ANALYZE: DUPLICATE PART SKIPPED - N1SCR04-730-FL8.ipt (already processed)
2026-01-12 19:16:43 | ANALYZE: DUPLICATE PART SKIPPED - N1SCR04-730-FL8.ipt (already processed)
2026-01-12 19:16:43 | ANALYZE: PART - N1SCR04-730-PL33.ipt -> Description: PL 25mm S355JR -> Group: PL (from Head Box.iam)
2026-01-12 19:16:43 | ANALYZE: PART - N1SCR04-730-PL34.ipt -> Description: PL 20mm S355JR -> Group: PL (from Head Box.iam)
2026-01-12 19:16:43 | ANALYZE: DUPLICATE PART SKIPPED - N1SCR04-730-PL33.ipt (already processed)
2026-01-12 19:16:43 | ANALYZE: DUPLICATE PART SKIPPED - N1SCR04-730-PL34.ipt (already processed)
2026-01-12 19:16:43 | ANALYZE: DUPLICATE PART SKIPPED - N1SCR04-730-PL33.ipt (already processed)
2026-01-12 19:16:43 | ANALYZE: DUPLICATE PART SKIPPED - N1SCR04-730-PL34.ipt (already processed)
2026-01-12 19:16:43 | ANALYZE: DUPLICATE PART SKIPPED - N1SCR04-730-PL33.ipt (already processed)
2026-01-12 19:16:43 | ANALYZE: DUPLICATE PART SKIPPED - N1SCR04-730-PL34.ipt (already processed)
2026-01-12 19:16:43 | ANALYZE: DUPLICATE PART SKIPPED - N1SCR04-730-PL33.ipt (already processed)
2026-01-12 19:16:43 | ANALYZE: DUPLICATE PART SKIPPED - N1SCR04-730-PL34.ipt (already processed)
2026-01-12 19:16:43 | ANALYZE: DUPLICATE PART SKIPPED - N1SCR04-730-PL33.ipt (already processed)
2026-01-12 19:16:43 | ANALYZE: DUPLICATE PART SKIPPED - N1SCR04-730-PL34.ipt (already processed)
2026-01-12 19:16:43 | ANALYZE: PART - N1SCR04-730-PL35.ipt -> Description: PL 8mm S355JR -> Group: PL (from Head Box.iam)
2026-01-12 19:16:43 | ANALYZE: DUPLICATE PART SKIPPED - N1SCR04-730-PL35.ipt (already processed)
2026-01-12 19:16:43 | ANALYZE: DUPLICATE PART SKIPPED - N1SCR04-730-PL35.ipt (already processed)
2026-01-12 19:16:43 | ANALYZE: DUPLICATE PART SKIPPED - N1SCR04-730-PL35.ipt (already processed)
2026-01-12 19:16:43 | ANALYZE: RECURSING into sub-assembly - Lid-1.iam
2026-01-12 19:16:43 | ANALYZE: Processing assembly - Lid-1.iam (Level: ROOT>Lid-1.iam)
2026-01-12 19:16:43 | ANALYZE: Found 17 occurrences in Lid-1.iam
2026-01-12 19:16:43 | ANALYZE: PART - N1SCR04-730-PL36.ipt -> Description: PL 6mm S355jR -> Group: PL (from Lid-1.iam)
2026-01-12 19:16:43 | ANALYZE: PART - N1SCR04-730-A19.ipt -> Description: L60x60x6 -> Group: A (from Lid-1.iam)
2026-01-12 19:16:43 | ANALYZE: PART - N1SCR04-730-FL9.ipt -> Description: FL50x8 -> Group: FL (from Lid-1.iam)
2026-01-12 19:16:43 | ANALYZE: DUPLICATE PART SKIPPED - N1SCR04-730-FL9.ipt (already processed)
2026-01-12 19:16:43 | ANALYZE: DUPLICATE PART SKIPPED - N1SCR04-730-FL9.ipt (already processed)
2026-01-12 19:16:43 | ANALYZE: PART - N1SCR04-730-FL10.ipt -> Description: FL50x8 -> Group: FL (from Lid-1.iam)
2026-01-12 19:16:43 | ANALYZE: DUPLICATE PART SKIPPED - N1SCR04-730-FL10.ipt (already processed)
2026-01-12 19:16:43 | ANALYZE: PART - N1SCR04-730-FL11.ipt -> Description: FL50x8 -> Group: FL (from Lid-1.iam)
2026-01-12 19:16:43 | ANALYZE: DUPLICATE PART SKIPPED - N1SCR04-730-FL11.ipt (already processed)
2026-01-12 19:16:43 | ANALYZE: DUPLICATE PART SKIPPED - N1SCR04-730-FL10.ipt (already processed)
2026-01-12 19:16:43 | ANALYZE: DUPLICATE PART SKIPPED - N1SCR04-730-FL10.ipt (already processed)
2026-01-12 19:16:43 | ANALYZE: DUPLICATE PART SKIPPED - N1SCR04-730-FL11.ipt (already processed)
2026-01-12 19:16:43 | ANALYZE: DUPLICATE PART SKIPPED - N1SCR04-730-FL11.ipt (already processed)
2026-01-12 19:16:43 | ANALYZE: PART - N1SCR04-730-PART3.ipt -> Description: HANDLE - Ř16 ROUND BAR -> Group: OTHER (from Lid-1.iam)
2026-01-12 19:16:43 | ANALYZE: Created new group - OTHER
2026-01-12 19:16:43 | ANALYZE: DUPLICATE PART SKIPPED - N1SCR04-730-PART3.ipt (already processed)
2026-01-12 19:16:43 | ANALYZE: DUPLICATE PART SKIPPED - N1SCR04-730-PART3.ipt (already processed)
2026-01-12 19:16:43 | ANALYZE: DUPLICATE PART SKIPPED - N1SCR04-730-PART3.ipt (already processed)
2026-01-12 19:16:43 | ANALYZE: RECURSING into sub-assembly - Lid-1.iam
2026-01-12 19:16:43 | ANALYZE: Processing assembly - Lid-1.iam (Level: ROOT>Lid-1.iam)
2026-01-12 19:16:43 | ANALYZE: Found 17 occurrences in Lid-1.iam
2026-01-12 19:16:43 | ANALYZE: DUPLICATE PART SKIPPED - N1SCR04-730-PL36.ipt (already processed)
2026-01-12 19:16:43 | ANALYZE: DUPLICATE PART SKIPPED - N1SCR04-730-A19.ipt (already processed)
2026-01-12 19:16:43 | ANALYZE: DUPLICATE PART SKIPPED - N1SCR04-730-FL9.ipt (already processed)
2026-01-12 19:16:43 | ANALYZE: DUPLICATE PART SKIPPED - N1SCR04-730-FL9.ipt (already processed)
2026-01-12 19:16:43 | ANALYZE: DUPLICATE PART SKIPPED - N1SCR04-730-FL9.ipt (already processed)
2026-01-12 19:16:44 | ANALYZE: DUPLICATE PART SKIPPED - N1SCR04-730-FL10.ipt (already processed)
2026-01-12 19:16:44 | ANALYZE: DUPLICATE PART SKIPPED - N1SCR04-730-FL10.ipt (already processed)
2026-01-12 19:16:44 | ANALYZE: DUPLICATE PART SKIPPED - N1SCR04-730-FL11.ipt (already processed)
2026-01-12 19:16:44 | ANALYZE: DUPLICATE PART SKIPPED - N1SCR04-730-FL11.ipt (already processed)
2026-01-12 19:16:44 | ANALYZE: DUPLICATE PART SKIPPED - N1SCR04-730-FL10.ipt (already processed)
2026-01-12 19:16:44 | ANALYZE: DUPLICATE PART SKIPPED - N1SCR04-730-FL10.ipt (already processed)
2026-01-12 19:16:44 | ANALYZE: DUPLICATE PART SKIPPED - N1SCR04-730-FL11.ipt (already processed)
2026-01-12 19:16:44 | ANALYZE: DUPLICATE PART SKIPPED - N1SCR04-730-FL11.ipt (already processed)
2026-01-12 19:16:44 | ANALYZE: DUPLICATE PART SKIPPED - N1SCR04-730-PART3.ipt (already processed)
2026-01-12 19:16:44 | ANALYZE: DUPLICATE PART SKIPPED - N1SCR04-730-PART3.ipt (already processed)
2026-01-12 19:16:44 | ANALYZE: DUPLICATE PART SKIPPED - N1SCR04-730-PART3.ipt (already processed)
2026-01-12 19:16:44 | ANALYZE: DUPLICATE PART SKIPPED - N1SCR04-730-PART3.ipt (already processed)
2026-01-12 19:16:44 | ANALYZE: RECURSING into sub-assembly - Lid-2.iam
2026-01-12 19:16:44 | ANALYZE: Processing assembly - Lid-2.iam (Level: ROOT>Lid-2.iam)
2026-01-12 19:16:44 | ANALYZE: Found 18 occurrences in Lid-2.iam
2026-01-12 19:16:44 | ANALYZE: PART - N1SCR04-730-PL37.ipt -> Description: PL 6mm S355jR -> Group: PL (from Lid-2.iam)
2026-01-12 19:16:44 | ANALYZE: PART - N1SCR04-730-A20.ipt -> Description: L60x60x6 -> Group: A (from Lid-2.iam)
2026-01-12 19:16:44 | ANALYZE: PART - N1SCR04-730-FL12.ipt -> Description: FL50x8 -> Group: FL (from Lid-2.iam)
2026-01-12 19:16:44 | ANALYZE: DUPLICATE PART SKIPPED - N1SCR04-730-FL12.ipt (already processed)
2026-01-12 19:16:44 | ANALYZE: DUPLICATE PART SKIPPED - N1SCR04-730-FL12.ipt (already processed)
2026-01-12 19:16:44 | ANALYZE: DUPLICATE PART SKIPPED - N1SCR04-730-A20.ipt (already processed)
2026-01-12 19:16:44 | ANALYZE: PART - N1SCR04-730-FL13.ipt -> Description: FL50x8 -> Group: FL (from Lid-2.iam)
2026-01-12 19:16:44 | ANALYZE: DUPLICATE PART SKIPPED - N1SCR04-730-FL13.ipt (already processed)
2026-01-12 19:16:44 | ANALYZE: PART - N1SCR04-730-FL14.ipt -> Description: FL50x8 -> Group: FL (from Lid-2.iam)
2026-01-12 19:16:44 | ANALYZE: DUPLICATE PART SKIPPED - N1SCR04-730-FL14.ipt (already processed)
2026-01-12 19:16:44 | ANALYZE: DUPLICATE PART SKIPPED - N1SCR04-730-FL13.ipt (already processed)
2026-01-12 19:16:44 | ANALYZE: DUPLICATE PART SKIPPED - N1SCR04-730-FL13.ipt (already processed)
2026-01-12 19:16:44 | ANALYZE: DUPLICATE PART SKIPPED - N1SCR04-730-FL14.ipt (already processed)
2026-01-12 19:16:44 | ANALYZE: DUPLICATE PART SKIPPED - N1SCR04-730-FL14.ipt (already processed)
2026-01-12 19:16:44 | ANALYZE: PART - N1SCR04-730-PART4.ipt -> Description: HANDLE - Ř16 ROUND BAR -> Group: OTHER (from Lid-2.iam)
2026-01-12 19:16:44 | ANALYZE: DUPLICATE PART SKIPPED - N1SCR04-730-PART4.ipt (already processed)
2026-01-12 19:16:44 | ANALYZE: DUPLICATE PART SKIPPED - N1SCR04-730-PART4.ipt (already processed)
2026-01-12 19:16:44 | ANALYZE: DUPLICATE PART SKIPPED - N1SCR04-730-PART4.ipt (already processed)
2026-01-12 19:16:44 | ANALYZE: SKIPPING Bolted Connection1.iam (bolted connection assembly)
2026-01-12 19:16:44 | ANALYZE: SKIPPING Bolted Connection2.iam (bolted connection assembly)
2026-01-12 19:16:44 | ANALYZE: PART - N1SCR04-730-PL38.ipt -> Description: PL 6mm S355jR -> Group: PL (from N1SCR04-730.iam)
2026-01-12 19:16:44 | ANALYZE: DUPLICATE PART SKIPPED - N1SCR04-730-PL38.ipt (already processed)
2026-01-12 19:16:44 | ANALYZE: DUPLICATE PART SKIPPED - N1SCR04-730-PL38.ipt (already processed)
2026-01-12 19:16:44 | ANALYZE: DUPLICATE PART SKIPPED - N1SCR04-730-PL38.ipt (already processed)
2026-01-12 19:16:44 | ANALYZE: DUPLICATE PART SKIPPED - N1SCR04-730-PL38.ipt (already processed)
2026-01-12 19:16:44 | ANALYZE: DUPLICATE PART SKIPPED - N1SCR04-730-PL38.ipt (already processed)
2026-01-12 19:16:44 | ANALYZE: DUPLICATE PART SKIPPED - N1SCR04-730-PL38.ipt (already processed)
2026-01-12 19:16:44 | ANALYZE: DUPLICATE PART SKIPPED - N1SCR04-730-PL38.ipt (already processed)
2026-01-12 19:16:44 | ANALYZE: DUPLICATE PART SKIPPED - N1SCR04-730-PL38.ipt (already processed)
2026-01-12 19:16:44 | ANALYZE: DUPLICATE PART SKIPPED - N1SCR04-730-PL38.ipt (already processed)
2026-01-12 19:16:44 | ANALYZE: DUPLICATE PART SKIPPED - N1SCR04-730-PL38.ipt (already processed)
2026-01-12 19:16:44 | ANALYZE: DUPLICATE PART SKIPPED - N1SCR04-730-PL38.ipt (already processed)
2026-01-12 19:16:44 | ANALYZE: DUPLICATE PART SKIPPED - N1SCR04-730-PL38.ipt (already processed)
2026-01-12 19:16:44 | ANALYZE: DUPLICATE PART SKIPPED - N1SCR04-730-PL38.ipt (already processed)
2026-01-12 19:16:45 | ANALYZE: DUPLICATE PART SKIPPED - N1SCR04-730-PL38.ipt (already processed)
2026-01-12 19:16:45 | ANALYZE: DUPLICATE PART SKIPPED - N1SCR04-730-PL38.ipt (already processed)
2026-01-12 19:16:45 | ANALYZE: DUPLICATE PART SKIPPED - N1SCR04-730-PL38.ipt (already processed)
2026-01-12 19:16:45 | ANALYZE: DUPLICATE PART SKIPPED - N1SCR04-730-PL38.ipt (already processed)
2026-01-12 19:16:45 | ANALYZE: DUPLICATE PART SKIPPED - N1SCR04-730-PL38.ipt (already processed)
2026-01-12 19:16:45 | ANALYZE: DUPLICATE PART SKIPPED - N1SCR04-730-PL38.ipt (already processed)
2026-01-12 19:16:45 | ANALYZE: DUPLICATE PART SKIPPED - N1SCR04-730-PL38.ipt (already processed)
2026-01-12 19:16:45 | ANALYZE: DUPLICATE PART SKIPPED - N1SCR04-730-PL38.ipt (already processed)
2026-01-12 19:16:45 | ANALYZE: DUPLICATE PART SKIPPED - N1SCR04-730-PL38.ipt (already processed)
2026-01-12 19:16:45 | ANALYZE: DUPLICATE PART SKIPPED - N1SCR04-730-PL38.ipt (already processed)
2026-01-12 19:16:45 | ANALYZE: DUPLICATE PART SKIPPED - N1SCR04-730-PL38.ipt (already processed)
2026-01-12 19:16:45 | ANALYZE: DUPLICATE PART SKIPPED - N1SCR04-730-PL38.ipt (already processed)
2026-01-12 19:16:45 | ANALYZE: DUPLICATE PART SKIPPED - N1SCR04-730-PL38.ipt (already processed)
2026-01-12 19:16:45 | ANALYZE: DUPLICATE PART SKIPPED - N1SCR04-730-PL38.ipt (already processed)
2026-01-12 19:16:45 | ANALYZE: DUPLICATE PART SKIPPED - N1SCR04-730-PL38.ipt (already processed)
2026-01-12 19:16:45 | ANALYZE: DUPLICATE PART SKIPPED - N1SCR04-730-PL38.ipt (already processed)
2026-01-12 19:16:45 | ANALYZE: DUPLICATE PART SKIPPED - N1SCR04-730-PL38.ipt (already processed)
2026-01-12 19:16:45 | ANALYZE: DUPLICATE PART SKIPPED - N1SCR04-730-PL38.ipt (already processed)
2026-01-12 19:16:45 | ANALYZE: DUPLICATE PART SKIPPED - N1SCR04-730-PL38.ipt (already processed)
2026-01-12 19:16:45 | ANALYZE: DUPLICATE PART SKIPPED - N1SCR04-730-PL38.ipt (already processed)
2026-01-12 19:16:45 | ANALYZE: DUPLICATE PART SKIPPED - N1SCR04-730-PL38.ipt (already processed)
2026-01-12 19:16:45 | ANALYZE: DUPLICATE PART SKIPPED - N1SCR04-730-PL38.ipt (already processed)
2026-01-12 19:16:45 | ANALYZE: Recursive processing completed - Total unique parts processed: 44
2026-01-12 19:16:45 | ANALYZE: Created 5 component groups
2026-01-12 19:16:45 | DEBUG GROUP: 'PL' contains 19 components:
2026-01-12 19:16:45 |   - C:\Users\Quintin\Documents\Spectiv\3. Working\22. DMS plant\21. SSCR04 - Primary Floats D&R Screen Station\730 CM Head Box\Head box\N1SCR04-730-PL20.ipt
2026-01-12 19:16:45 |   - C:\Users\Quintin\Documents\Spectiv\3. Working\22. DMS plant\21. SSCR04 - Primary Floats D&R Screen Station\730 CM Head Box\Head box\N1SCR04-730-PL21.ipt
2026-01-12 19:16:45 |   - C:\Users\Quintin\Documents\Spectiv\3. Working\22. DMS plant\21. SSCR04 - Primary Floats D&R Screen Station\730 CM Head Box\Head box\N1SCR04-730-PL22.ipt
2026-01-12 19:16:45 |   - C:\Users\Quintin\Documents\Spectiv\3. Working\22. DMS plant\21. SSCR04 - Primary Floats D&R Screen Station\730 CM Head Box\Head box\N1SCR04-730-PL23.ipt
2026-01-12 19:16:45 |   - C:\Users\Quintin\Documents\Spectiv\3. Working\22. DMS plant\21. SSCR04 - Primary Floats D&R Screen Station\730 CM Head Box\Head box\N1SCR04-730-PL24.ipt
2026-01-12 19:16:45 |   - C:\Users\Quintin\Documents\Spectiv\3. Working\22. DMS plant\21. SSCR04 - Primary Floats D&R Screen Station\730 CM Head Box\Head box\N1SCR04-730-PL25.ipt
2026-01-12 19:16:45 |   - C:\Users\Quintin\Documents\Spectiv\3. Working\22. DMS plant\21. SSCR04 - Primary Floats D&R Screen Station\730 CM Head Box\Head box\N1SCR04-730-PL26.ipt
2026-01-12 19:16:45 |   - C:\Users\Quintin\Documents\Spectiv\3. Working\22. DMS plant\21. SSCR04 - Primary Floats D&R Screen Station\730 CM Head Box\Head box\N1SCR04-730-PL27.ipt
2026-01-12 19:16:45 |   - C:\Users\Quintin\Documents\Spectiv\3. Working\22. DMS plant\21. SSCR04 - Primary Floats D&R Screen Station\730 CM Head Box\Head box\N1SCR04-730-PL28.ipt
2026-01-12 19:16:45 |   - C:\Users\Quintin\Documents\Spectiv\3. Working\22. DMS plant\21. SSCR04 - Primary Floats D&R Screen Station\730 CM Head Box\Head box\N1SCR04-730-PL29.ipt
2026-01-12 19:16:45 |   - C:\Users\Quintin\Documents\Spectiv\3. Working\22. DMS plant\21. SSCR04 - Primary Floats D&R Screen Station\730 CM Head Box\Head box\N1SCR04-730-PL30.ipt
2026-01-12 19:16:45 |   - C:\Users\Quintin\Documents\Spectiv\3. Working\22. DMS plant\21. SSCR04 - Primary Floats D&R Screen Station\730 CM Head Box\Head box\N1SCR04-730-PL31.ipt
2026-01-12 19:16:45 |   - C:\Users\Quintin\Documents\Spectiv\3. Working\22. DMS plant\21. SSCR04 - Primary Floats D&R Screen Station\730 CM Head Box\Head box\N1SCR04-730-PL32.ipt
2026-01-12 19:16:45 |   - C:\Users\Quintin\Documents\Spectiv\3. Working\22. DMS plant\21. SSCR04 - Primary Floats D&R Screen Station\730 CM Head Box\Head box\N1SCR04-730-PL33.ipt
2026-01-12 19:16:45 |   - C:\Users\Quintin\Documents\Spectiv\3. Working\22. DMS plant\21. SSCR04 - Primary Floats D&R Screen Station\730 CM Head Box\Head box\N1SCR04-730-PL34.ipt
2026-01-12 19:16:45 |   - C:\Users\Quintin\Documents\Spectiv\3. Working\22. DMS plant\21. SSCR04 - Primary Floats D&R Screen Station\730 CM Head Box\Head box\N1SCR04-730-PL35.ipt
2026-01-12 19:16:45 |   - C:\Users\Quintin\Documents\Spectiv\3. Working\22. DMS plant\21. SSCR04 - Primary Floats D&R Screen Station\730 CM Head Box\Lid-1\N1SCR04-730-PL36.ipt
2026-01-12 19:16:45 |   - C:\Users\Quintin\Documents\Spectiv\3. Working\22. DMS plant\21. SSCR04 - Primary Floats D&R Screen Station\730 CM Head Box\Lid-2\N1SCR04-730-PL37.ipt
2026-01-12 19:16:45 |   - C:\Users\Quintin\Documents\Spectiv\3. Working\22. DMS plant\21. SSCR04 - Primary Floats D&R Screen Station\730 CM Head Box\Head box\N1SCR04-730-PL38.ipt
2026-01-12 19:16:45 | DEBUG GROUP: 'FLG' contains 6 components:
2026-01-12 19:16:45 |   - C:\Users\Quintin\Documents\Spectiv\3. Working\22. DMS plant\21. SSCR04 - Primary Floats D&R Screen Station\730 CM Head Box\Head box\N1SCR04-730-FLG1.ipt
2026-01-12 19:16:45 |   - C:\Users\Quintin\Documents\Spectiv\3. Working\22. DMS plant\21. SSCR04 - Primary Floats D&R Screen Station\730 CM Head Box\Head box\N1SCR04-730-FLG2.ipt
2026-01-12 19:16:45 |   - C:\Users\Quintin\Documents\Spectiv\3. Working\22. DMS plant\21. SSCR04 - Primary Floats D&R Screen Station\730 CM Head Box\Head box\N1SCR04-730-FLG3.ipt
2026-01-12 19:16:45 |   - C:\Users\Quintin\Documents\Spectiv\3. Working\22. DMS plant\21. SSCR04 - Primary Floats D&R Screen Station\730 CM Head Box\Head box\N1SCR04-730-FLG4.ipt
2026-01-12 19:16:45 |   - C:\Users\Quintin\Documents\Spectiv\3. Working\22. DMS plant\21. SSCR04 - Primary Floats D&R Screen Station\730 CM Head Box\Head box\N1SCR04-730-FLG5.ipt
2026-01-12 19:16:45 |   - C:\Users\Quintin\Documents\Spectiv\3. Working\22. DMS plant\21. SSCR04 - Primary Floats D&R Screen Station\730 CM Head Box\Head box\N1SCR04-730-FLG6.ipt
2026-01-12 19:16:45 | DEBUG GROUP: 'A' contains 10 components:
2026-01-12 19:16:45 |   - C:\Users\Quintin\Documents\Spectiv\3. Working\22. DMS plant\21. SSCR04 - Primary Floats D&R Screen Station\730 CM Head Box\Head box\N1SCR04-730-A11.ipt
2026-01-12 19:16:45 |   - C:\Users\Quintin\Documents\Spectiv\3. Working\22. DMS plant\21. SSCR04 - Primary Floats D&R Screen Station\730 CM Head Box\Head box\N1SCR04-730-A12.ipt
2026-01-12 19:16:45 |   - C:\Users\Quintin\Documents\Spectiv\3. Working\22. DMS plant\21. SSCR04 - Primary Floats D&R Screen Station\730 CM Head Box\Head box\N1SCR04-730-A13.ipt
2026-01-12 19:16:45 |   - C:\Users\Quintin\Documents\Spectiv\3. Working\22. DMS plant\21. SSCR04 - Primary Floats D&R Screen Station\730 CM Head Box\Head box\N1SCR04-730-A14.ipt
2026-01-12 19:16:45 |   - C:\Users\Quintin\Documents\Spectiv\3. Working\22. DMS plant\21. SSCR04 - Primary Floats D&R Screen Station\730 CM Head Box\Head box\N1SCR04-730-A15.ipt
2026-01-12 19:16:45 |   - C:\Users\Quintin\Documents\Spectiv\3. Working\22. DMS plant\21. SSCR04 - Primary Floats D&R Screen Station\730 CM Head Box\Head box\N1SCR04-730-A16.ipt
2026-01-12 19:16:45 |   - C:\Users\Quintin\Documents\Spectiv\3. Working\22. DMS plant\21. SSCR04 - Primary Floats D&R Screen Station\730 CM Head Box\Head box\N1SCR04-730-A17.ipt
2026-01-12 19:16:45 |   - C:\Users\Quintin\Documents\Spectiv\3. Working\22. DMS plant\21. SSCR04 - Primary Floats D&R Screen Station\730 CM Head Box\Head box\N1SCR04-730-A18.ipt
2026-01-12 19:16:45 |   - C:\Users\Quintin\Documents\Spectiv\3. Working\22. DMS plant\21. SSCR04 - Primary Floats D&R Screen Station\730 CM Head Box\Lid-1\N1SCR04-730-A19.ipt
2026-01-12 19:16:45 |   - C:\Users\Quintin\Documents\Spectiv\3. Working\22. DMS plant\21. SSCR04 - Primary Floats D&R Screen Station\730 CM Head Box\Lid-2\N1SCR04-730-A20.ipt
2026-01-12 19:16:45 | DEBUG GROUP: 'FL' contains 7 components:
2026-01-12 19:16:45 |   - C:\Users\Quintin\Documents\Spectiv\3. Working\22. DMS plant\21. SSCR04 - Primary Floats D&R Screen Station\730 CM Head Box\Head box\N1SCR04-730-FL8.ipt
2026-01-12 19:16:45 |   - C:\Users\Quintin\Documents\Spectiv\3. Working\22. DMS plant\21. SSCR04 - Primary Floats D&R Screen Station\730 CM Head Box\Lid-1\N1SCR04-730-FL9.ipt
2026-01-12 19:16:45 |   - C:\Users\Quintin\Documents\Spectiv\3. Working\22. DMS plant\21. SSCR04 - Primary Floats D&R Screen Station\730 CM Head Box\Lid-1\N1SCR04-730-FL10.ipt
2026-01-12 19:16:45 |   - C:\Users\Quintin\Documents\Spectiv\3. Working\22. DMS plant\21. SSCR04 - Primary Floats D&R Screen Station\730 CM Head Box\Lid-1\N1SCR04-730-FL11.ipt
2026-01-12 19:16:45 |   - C:\Users\Quintin\Documents\Spectiv\3. Working\22. DMS plant\21. SSCR04 - Primary Floats D&R Screen Station\730 CM Head Box\Lid-2\N1SCR04-730-FL12.ipt
2026-01-12 19:16:45 |   - C:\Users\Quintin\Documents\Spectiv\3. Working\22. DMS plant\21. SSCR04 - Primary Floats D&R Screen Station\730 CM Head Box\Lid-2\N1SCR04-730-FL13.ipt
2026-01-12 19:16:45 |   - C:\Users\Quintin\Documents\Spectiv\3. Working\22. DMS plant\21. SSCR04 - Primary Floats D&R Screen Station\730 CM Head Box\Lid-2\N1SCR04-730-FL14.ipt
2026-01-12 19:16:45 | DEBUG GROUP: 'OTHER' contains 2 components:
2026-01-12 19:16:45 |   - C:\Users\Quintin\Documents\Spectiv\3. Working\22. DMS plant\21. SSCR04 - Primary Floats D&R Screen Station\730 CM Head Box\Lid-1\N1SCR04-730-PART3.ipt
2026-01-12 19:16:45 |   - C:\Users\Quintin\Documents\Spectiv\3. Working\22. DMS plant\21. SSCR04 - Primary Floats D&R Screen Station\730 CM Head Box\Lid-2\N1SCR04-730-PART4.ipt
2026-01-12 19:16:45 | STEP 3: Getting plant section naming convention
2026-01-12 19:16:45 | PLANT: Getting plant section naming convention from user
2026-01-12 19:16:51 | PLANT: Using custom naming convention: N1SCR04-730-
2026-01-12 19:16:53 | STEP 4: Showing component groups summary
2026-01-12 19:16:53 | SUMMARY: Showing component groups to user
2026-01-12 19:16:55 | SUMMARY: User approved component groups
2026-01-12 19:16:55 | STEP 5: Getting user naming schemes for component groups
2026-01-12 19:16:55 | INPUT: Getting user naming schemes for 5 groups
2026-01-12 19:16:56 | INPUT: Group 'PL' -> Scheme: N1SCR04-730-PL{N}
2026-01-12 19:16:57 | INPUT: Group 'FLG' -> Scheme: N1SCR04-730-FLG{N}
2026-01-12 19:16:58 | INPUT: Group 'A' -> Scheme: N1SCR04-730-A{N}
2026-01-12 19:16:59 | INPUT: Group 'FL' -> Scheme: N1SCR04-730-FL{N}
2026-01-12 19:17:01 | INPUT: Group 'OTHER' -> Scheme: N1SCR04-730-PART{N}
2026-01-12 19:17:01 | STEP 6: Creating heritage-based copies with user naming
2026-01-12 19:17:01 | HERITAGE: Creating dynamic heritage-based copies
2026-01-12 19:17:01 | HERITAGE: Scanning mapping file for existing heritage files to continue numbering
2026-01-12 19:17:01 | SCAN: Scanning Registry for existing counters to continue numbering with prefix: N1SCR04-730-
2026-01-12 19:17:01 | SCAN: No existing counter for: N1SCR04-730-CH (will start from 1)
2026-01-12 19:17:01 | SCAN: No existing counter for: N1SCR04-730-PL (will start from 1)
2026-01-12 19:17:01 | SCAN: No existing counter for: N1SCR04-730-B (will start from 1)
2026-01-12 19:17:01 | SCAN: No existing counter for: N1SCR04-730-A (will start from 1)
2026-01-12 19:17:01 | SCAN: No existing counter for: N1SCR04-730-P (will start from 1)
2026-01-12 19:17:01 | SCAN: No existing counter for: N1SCR04-730-SQ (will start from 1)
2026-01-12 19:17:01 | SCAN: No existing counter for: N1SCR04-730-FL (will start from 1)
2026-01-12 19:17:01 | SCAN: No existing counter for: N1SCR04-730-LPL (will start from 1)
2026-01-12 19:17:01 | SCAN: No existing counter for: N1SCR04-730-IPE (will start from 1)
2026-01-12 19:17:01 | SCAN: No existing counter for: N1SCR04-730-OTHER (will start from 1)
2026-01-12 19:17:01 | SCAN: No existing counters found in Registry - starting fresh
2026-01-12 19:17:01 | EXTRACT: Processing naming scheme: N1SCR04-730-PL{N}
2026-01-12 19:17:01 | EXTRACT: Extracted prefix: 'N1SCR04-730-'
2026-01-12 19:17:01 | HERITAGE: Checking for existing counter with key: 'N1SCR04-730-PL'
2026-01-12 19:17:01 | HERITAGE: Group 'PL' starting from number 1 (new prefix or group - key 'N1SCR04-730-PL' not found)
2026-01-12 19:17:01 | HERITAGE: DEBUG - No existing counters found
2026-01-12 19:17:01 | HERITAGE: Processing group 'PL' with scheme: N1SCR04-730-PL{N}
2026-01-12 19:17:01 | HERITAGE: N1SCR04-730-PL20.ipt -> N1SCR04-730-PL1.ipt
2026-01-12 19:17:01 | MAPPING: C:\Users\Quintin\Documents\Spectiv\3. Working\22. DMS plant\21. SSCR04 - Primary Floats D&R Screen Station\730 CM Head Box\Head box\N1SCR04-730-PL20.ipt -> C:\Users\Quintin\Documents\Spectiv\3. Working\22. DMS plant\21. SSCR04 - Primary Floats D&R Screen Station\730 CM Head Box\Head box\N1SCR04-730-PL1.ipt
2026-01-12 19:17:01 | HERITAGE: File already exists: N1SCR04-730-PL1.ipt (mapping still recorded)
2026-01-12 19:17:01 | HERITAGE: N1SCR04-730-PL21.ipt -> N1SCR04-730-PL2.ipt
2026-01-12 19:17:01 | MAPPING: C:\Users\Quintin\Documents\Spectiv\3. Working\22. DMS plant\21. SSCR04 - Primary Floats D&R Screen Station\730 CM Head Box\Head box\N1SCR04-730-PL21.ipt -> C:\Users\Quintin\Documents\Spectiv\3. Working\22. DMS plant\21. SSCR04 - Primary Floats D&R Screen Station\730 CM Head Box\Head box\N1SCR04-730-PL2.ipt
2026-01-12 19:17:01 | HERITAGE: File already exists: N1SCR04-730-PL2.ipt (mapping still recorded)
2026-01-12 19:17:01 | HERITAGE: N1SCR04-730-PL22.ipt -> N1SCR04-730-PL3.ipt
2026-01-12 19:17:01 | MAPPING: C:\Users\Quintin\Documents\Spectiv\3. Working\22. DMS plant\21. SSCR04 - Primary Floats D&R Screen Station\730 CM Head Box\Head box\N1SCR04-730-PL22.ipt -> C:\Users\Quintin\Documents\Spectiv\3. Working\22. DMS plant\21. SSCR04 - Primary Floats D&R Screen Station\730 CM Head Box\Head box\N1SCR04-730-PL3.ipt
2026-01-12 19:17:01 | HERITAGE: File already exists: N1SCR04-730-PL3.ipt (mapping still recorded)
2026-01-12 19:17:01 | HERITAGE: N1SCR04-730-PL23.ipt -> N1SCR04-730-PL4.ipt
2026-01-12 19:17:01 | MAPPING: C:\Users\Quintin\Documents\Spectiv\3. Working\22. DMS plant\21. SSCR04 - Primary Floats D&R Screen Station\730 CM Head Box\Head box\N1SCR04-730-PL23.ipt -> C:\Users\Quintin\Documents\Spectiv\3. Working\22. DMS plant\21. SSCR04 - Primary Floats D&R Screen Station\730 CM Head Box\Head box\N1SCR04-730-PL4.ipt
2026-01-12 19:17:01 | HERITAGE: File already exists: N1SCR04-730-PL4.ipt (mapping still recorded)
2026-01-12 19:17:01 | HERITAGE: N1SCR04-730-PL24.ipt -> N1SCR04-730-PL5.ipt
2026-01-12 19:17:01 | MAPPING: C:\Users\Quintin\Documents\Spectiv\3. Working\22. DMS plant\21. SSCR04 - Primary Floats D&R Screen Station\730 CM Head Box\Head box\N1SCR04-730-PL24.ipt -> C:\Users\Quintin\Documents\Spectiv\3. Working\22. DMS plant\21. SSCR04 - Primary Floats D&R Screen Station\730 CM Head Box\Head box\N1SCR04-730-PL5.ipt
2026-01-12 19:17:01 | HERITAGE: File already exists: N1SCR04-730-PL5.ipt (mapping still recorded)
2026-01-12 19:17:01 | HERITAGE: N1SCR04-730-PL25.ipt -> N1SCR04-730-PL6.ipt
2026-01-12 19:17:01 | MAPPING: C:\Users\Quintin\Documents\Spectiv\3. Working\22. DMS plant\21. SSCR04 - Primary Floats D&R Screen Station\730 CM Head Box\Head box\N1SCR04-730-PL25.ipt -> C:\Users\Quintin\Documents\Spectiv\3. Working\22. DMS plant\21. SSCR04 - Primary Floats D&R Screen Station\730 CM Head Box\Head box\N1SCR04-730-PL6.ipt
2026-01-12 19:17:01 | HERITAGE: File already exists: N1SCR04-730-PL6.ipt (mapping still recorded)
2026-01-12 19:17:01 | HERITAGE: N1SCR04-730-PL26.ipt -> N1SCR04-730-PL7.ipt
2026-01-12 19:17:01 | MAPPING: C:\Users\Quintin\Documents\Spectiv\3. Working\22. DMS plant\21. SSCR04 - Primary Floats D&R Screen Station\730 CM Head Box\Head box\N1SCR04-730-PL26.ipt -> C:\Users\Quintin\Documents\Spectiv\3. Working\22. DMS plant\21. SSCR04 - Primary Floats D&R Screen Station\730 CM Head Box\Head box\N1SCR04-730-PL7.ipt
2026-01-12 19:17:01 | HERITAGE: File already exists: N1SCR04-730-PL7.ipt (mapping still recorded)
2026-01-12 19:17:01 | HERITAGE: N1SCR04-730-PL27.ipt -> N1SCR04-730-PL8.ipt
2026-01-12 19:17:01 | MAPPING: C:\Users\Quintin\Documents\Spectiv\3. Working\22. DMS plant\21. SSCR04 - Primary Floats D&R Screen Station\730 CM Head Box\Head box\N1SCR04-730-PL27.ipt -> C:\Users\Quintin\Documents\Spectiv\3. Working\22. DMS plant\21. SSCR04 - Primary Floats D&R Screen Station\730 CM Head Box\Head box\N1SCR04-730-PL8.ipt
2026-01-12 19:17:01 | HERITAGE: File already exists: N1SCR04-730-PL8.ipt (mapping still recorded)
2026-01-12 19:17:01 | HERITAGE: N1SCR04-730-PL28.ipt -> N1SCR04-730-PL9.ipt
2026-01-12 19:17:01 | MAPPING: C:\Users\Quintin\Documents\Spectiv\3. Working\22. DMS plant\21. SSCR04 - Primary Floats D&R Screen Station\730 CM Head Box\Head box\N1SCR04-730-PL28.ipt -> C:\Users\Quintin\Documents\Spectiv\3. Working\22. DMS plant\21. SSCR04 - Primary Floats D&R Screen Station\730 CM Head Box\Head box\N1SCR04-730-PL9.ipt
2026-01-12 19:17:01 | HERITAGE: File already exists: N1SCR04-730-PL9.ipt (mapping still recorded)
2026-01-12 19:17:01 | HERITAGE: N1SCR04-730-PL29.ipt -> N1SCR04-730-PL10.ipt
2026-01-12 19:17:01 | MAPPING: C:\Users\Quintin\Documents\Spectiv\3. Working\22. DMS plant\21. SSCR04 - Primary Floats D&R Screen Station\730 CM Head Box\Head box\N1SCR04-730-PL29.ipt -> C:\Users\Quintin\Documents\Spectiv\3. Working\22. DMS plant\21. SSCR04 - Primary Floats D&R Screen Station\730 CM Head Box\Head box\N1SCR04-730-PL10.ipt
2026-01-12 19:17:01 | HERITAGE: File already exists: N1SCR04-730-PL10.ipt (mapping still recorded)
2026-01-12 19:17:01 | HERITAGE: N1SCR04-730-PL30.ipt -> N1SCR04-730-PL11.ipt
2026-01-12 19:17:01 | MAPPING: C:\Users\Quintin\Documents\Spectiv\3. Working\22. DMS plant\21. SSCR04 - Primary Floats D&R Screen Station\730 CM Head Box\Head box\N1SCR04-730-PL30.ipt -> C:\Users\Quintin\Documents\Spectiv\3. Working\22. DMS plant\21. SSCR04 - Primary Floats D&R Screen Station\730 CM Head Box\Head box\N1SCR04-730-PL11.ipt
2026-01-12 19:17:01 | HERITAGE: File already exists: N1SCR04-730-PL11.ipt (mapping still recorded)
2026-01-12 19:17:01 | HERITAGE: N1SCR04-730-PL31.ipt -> N1SCR04-730-PL12.ipt
2026-01-12 19:17:01 | MAPPING: C:\Users\Quintin\Documents\Spectiv\3. Working\22. DMS plant\21. SSCR04 - Primary Floats D&R Screen Station\730 CM Head Box\Head box\N1SCR04-730-PL31.ipt -> C:\Users\Quintin\Documents\Spectiv\3. Working\22. DMS plant\21. SSCR04 - Primary Floats D&R Screen Station\730 CM Head Box\Head box\N1SCR04-730-PL12.ipt
2026-01-12 19:17:01 | HERITAGE: File already exists: N1SCR04-730-PL12.ipt (mapping still recorded)
2026-01-12 19:17:01 | HERITAGE: N1SCR04-730-PL32.ipt -> N1SCR04-730-PL13.ipt
2026-01-12 19:17:01 | MAPPING: C:\Users\Quintin\Documents\Spectiv\3. Working\22. DMS plant\21. SSCR04 - Primary Floats D&R Screen Station\730 CM Head Box\Head box\N1SCR04-730-PL32.ipt -> C:\Users\Quintin\Documents\Spectiv\3. Working\22. DMS plant\21. SSCR04 - Primary Floats D&R Screen Station\730 CM Head Box\Head box\N1SCR04-730-PL13.ipt
2026-01-12 19:17:01 | HERITAGE: File already exists: N1SCR04-730-PL13.ipt (mapping still recorded)
2026-01-12 19:17:01 | HERITAGE: N1SCR04-730-PL33.ipt -> N1SCR04-730-PL14.ipt
2026-01-12 19:17:01 | MAPPING: C:\Users\Quintin\Documents\Spectiv\3. Working\22. DMS plant\21. SSCR04 - Primary Floats D&R Screen Station\730 CM Head Box\Head box\N1SCR04-730-PL33.ipt -> C:\Users\Quintin\Documents\Spectiv\3. Working\22. DMS plant\21. SSCR04 - Primary Floats D&R Screen Station\730 CM Head Box\Head box\N1SCR04-730-PL14.ipt
2026-01-12 19:17:01 | HERITAGE: File already exists: N1SCR04-730-PL14.ipt (mapping still recorded)
2026-01-12 19:17:01 | HERITAGE: N1SCR04-730-PL34.ipt -> N1SCR04-730-PL15.ipt
2026-01-12 19:17:01 | MAPPING: C:\Users\Quintin\Documents\Spectiv\3. Working\22. DMS plant\21. SSCR04 - Primary Floats D&R Screen Station\730 CM Head Box\Head box\N1SCR04-730-PL34.ipt -> C:\Users\Quintin\Documents\Spectiv\3. Working\22. DMS plant\21. SSCR04 - Primary Floats D&R Screen Station\730 CM Head Box\Head box\N1SCR04-730-PL15.ipt
2026-01-12 19:17:01 | HERITAGE: File already exists: N1SCR04-730-PL15.ipt (mapping still recorded)
2026-01-12 19:17:01 | HERITAGE: N1SCR04-730-PL35.ipt -> N1SCR04-730-PL16.ipt
2026-01-12 19:17:01 | MAPPING: C:\Users\Quintin\Documents\Spectiv\3. Working\22. DMS plant\21. SSCR04 - Primary Floats D&R Screen Station\730 CM Head Box\Head box\N1SCR04-730-PL35.ipt -> C:\Users\Quintin\Documents\Spectiv\3. Working\22. DMS plant\21. SSCR04 - Primary Floats D&R Screen Station\730 CM Head Box\Head box\N1SCR04-730-PL16.ipt
2026-01-12 19:17:01 | HERITAGE: File already exists: N1SCR04-730-PL16.ipt (mapping still recorded)
2026-01-12 19:17:01 | HERITAGE: N1SCR04-730-PL36.ipt -> N1SCR04-730-PL17.ipt
2026-01-12 19:17:01 | MAPPING: C:\Users\Quintin\Documents\Spectiv\3. Working\22. DMS plant\21. SSCR04 - Primary Floats D&R Screen Station\730 CM Head Box\Lid-1\N1SCR04-730-PL36.ipt -> C:\Users\Quintin\Documents\Spectiv\3. Working\22. DMS plant\21. SSCR04 - Primary Floats D&R Screen Station\730 CM Head Box\Lid-1\N1SCR04-730-PL17.ipt
2026-01-12 19:17:01 | HERITAGE: Creating new file: N1SCR04-730-PL17.ipt
2026-01-12 19:17:01 | HERITAGE: SUCCESS - Created N1SCR04-730-PL17.ipt
2026-01-12 19:17:01 | HERITAGE: N1SCR04-730-PL37.ipt -> N1SCR04-730-PL18.ipt
2026-01-12 19:17:01 | MAPPING: C:\Users\Quintin\Documents\Spectiv\3. Working\22. DMS plant\21. SSCR04 - Primary Floats D&R Screen Station\730 CM Head Box\Lid-2\N1SCR04-730-PL37.ipt -> C:\Users\Quintin\Documents\Spectiv\3. Working\22. DMS plant\21. SSCR04 - Primary Floats D&R Screen Station\730 CM Head Box\Lid-2\N1SCR04-730-PL18.ipt
2026-01-12 19:17:01 | HERITAGE: Creating new file: N1SCR04-730-PL18.ipt
2026-01-12 19:17:01 | HERITAGE: SUCCESS - Created N1SCR04-730-PL18.ipt
2026-01-12 19:17:02 | HERITAGE: N1SCR04-730-PL38.ipt -> N1SCR04-730-PL19.ipt
2026-01-12 19:17:02 | MAPPING: C:\Users\Quintin\Documents\Spectiv\3. Working\22. DMS plant\21. SSCR04 - Primary Floats D&R Screen Station\730 CM Head Box\Head box\N1SCR04-730-PL38.ipt -> C:\Users\Quintin\Documents\Spectiv\3. Working\22. DMS plant\21. SSCR04 - Primary Floats D&R Screen Station\730 CM Head Box\Head box\N1SCR04-730-PL19.ipt
2026-01-12 19:17:02 | HERITAGE: Creating new file: N1SCR04-730-PL19.ipt
2026-01-12 19:17:02 | HERITAGE: SUCCESS - Created N1SCR04-730-PL19.ipt
2026-01-12 19:17:02 | REGISTRY: Saved N1SCR04-730-PL = 19
2026-01-12 19:17:02 | EXTRACT: Processing naming scheme: N1SCR04-730-FLG{N}
2026-01-12 19:17:02 | EXTRACT: Extracted prefix: 'N1SCR04-730-'
2026-01-12 19:17:02 | HERITAGE: Checking for existing counter with key: 'N1SCR04-730-FLG'
2026-01-12 19:17:02 | HERITAGE: Group 'FLG' starting from number 1 (new prefix or group - key 'N1SCR04-730-FLG' not found)
2026-01-12 19:17:02 | HERITAGE: DEBUG - No existing counters found
2026-01-12 19:17:02 | HERITAGE: Processing group 'FLG' with scheme: N1SCR04-730-FLG{N}
2026-01-12 19:17:02 | HERITAGE: N1SCR04-730-FLG1.ipt -> N1SCR04-730-FLG1.ipt
2026-01-12 19:17:02 | MAPPING: C:\Users\Quintin\Documents\Spectiv\3. Working\22. DMS plant\21. SSCR04 - Primary Floats D&R Screen Station\730 CM Head Box\Head box\N1SCR04-730-FLG1.ipt -> C:\Users\Quintin\Documents\Spectiv\3. Working\22. DMS plant\21. SSCR04 - Primary Floats D&R Screen Station\730 CM Head Box\Head box\N1SCR04-730-FLG1.ipt
2026-01-12 19:17:02 | HERITAGE: File already exists: N1SCR04-730-FLG1.ipt (mapping still recorded)
2026-01-12 19:17:02 | HERITAGE: N1SCR04-730-FLG2.ipt -> N1SCR04-730-FLG2.ipt
2026-01-12 19:17:02 | MAPPING: C:\Users\Quintin\Documents\Spectiv\3. Working\22. DMS plant\21. SSCR04 - Primary Floats D&R Screen Station\730 CM Head Box\Head box\N1SCR04-730-FLG2.ipt -> C:\Users\Quintin\Documents\Spectiv\3. Working\22. DMS plant\21. SSCR04 - Primary Floats D&R Screen Station\730 CM Head Box\Head box\N1SCR04-730-FLG2.ipt
2026-01-12 19:17:02 | HERITAGE: File already exists: N1SCR04-730-FLG2.ipt (mapping still recorded)
2026-01-12 19:17:02 | HERITAGE: N1SCR04-730-FLG3.ipt -> N1SCR04-730-FLG3.ipt
2026-01-12 19:17:02 | MAPPING: C:\Users\Quintin\Documents\Spectiv\3. Working\22. DMS plant\21. SSCR04 - Primary Floats D&R Screen Station\730 CM Head Box\Head box\N1SCR04-730-FLG3.ipt -> C:\Users\Quintin\Documents\Spectiv\3. Working\22. DMS plant\21. SSCR04 - Primary Floats D&R Screen Station\730 CM Head Box\Head box\N1SCR04-730-FLG3.ipt
2026-01-12 19:17:02 | HERITAGE: File already exists: N1SCR04-730-FLG3.ipt (mapping still recorded)
2026-01-12 19:17:02 | HERITAGE: N1SCR04-730-FLG4.ipt -> N1SCR04-730-FLG4.ipt
2026-01-12 19:17:02 | MAPPING: C:\Users\Quintin\Documents\Spectiv\3. Working\22. DMS plant\21. SSCR04 - Primary Floats D&R Screen Station\730 CM Head Box\Head box\N1SCR04-730-FLG4.ipt -> C:\Users\Quintin\Documents\Spectiv\3. Working\22. DMS plant\21. SSCR04 - Primary Floats D&R Screen Station\730 CM Head Box\Head box\N1SCR04-730-FLG4.ipt
2026-01-12 19:17:02 | HERITAGE: File already exists: N1SCR04-730-FLG4.ipt (mapping still recorded)
2026-01-12 19:17:02 | HERITAGE: N1SCR04-730-FLG5.ipt -> N1SCR04-730-FLG5.ipt
2026-01-12 19:17:02 | MAPPING: C:\Users\Quintin\Documents\Spectiv\3. Working\22. DMS plant\21. SSCR04 - Primary Floats D&R Screen Station\730 CM Head Box\Head box\N1SCR04-730-FLG5.ipt -> C:\Users\Quintin\Documents\Spectiv\3. Working\22. DMS plant\21. SSCR04 - Primary Floats D&R Screen Station\730 CM Head Box\Head box\N1SCR04-730-FLG5.ipt
2026-01-12 19:17:02 | HERITAGE: File already exists: N1SCR04-730-FLG5.ipt (mapping still recorded)
2026-01-12 19:17:02 | HERITAGE: N1SCR04-730-FLG6.ipt -> N1SCR04-730-FLG6.ipt
2026-01-12 19:17:02 | MAPPING: C:\Users\Quintin\Documents\Spectiv\3. Working\22. DMS plant\21. SSCR04 - Primary Floats D&R Screen Station\730 CM Head Box\Head box\N1SCR04-730-FLG6.ipt -> C:\Users\Quintin\Documents\Spectiv\3. Working\22. DMS plant\21. SSCR04 - Primary Floats D&R Screen Station\730 CM Head Box\Head box\N1SCR04-730-FLG6.ipt
2026-01-12 19:17:02 | HERITAGE: File already exists: N1SCR04-730-FLG6.ipt (mapping still recorded)
2026-01-12 19:17:02 | REGISTRY: Saved N1SCR04-730-FLG = 6
2026-01-12 19:17:02 | EXTRACT: Processing naming scheme: N1SCR04-730-A{N}
2026-01-12 19:17:02 | EXTRACT: Extracted prefix: 'N1SCR04-730-'
2026-01-12 19:17:02 | HERITAGE: Checking for existing counter with key: 'N1SCR04-730-A'
2026-01-12 19:17:02 | HERITAGE: Group 'A' starting from number 1 (new prefix or group - key 'N1SCR04-730-A' not found)
2026-01-12 19:17:02 | HERITAGE: DEBUG - No existing counters found
2026-01-12 19:17:02 | HERITAGE: Processing group 'A' with scheme: N1SCR04-730-A{N}
2026-01-12 19:17:02 | HERITAGE: N1SCR04-730-A11.ipt -> N1SCR04-730-A1.ipt
2026-01-12 19:17:02 | MAPPING: C:\Users\Quintin\Documents\Spectiv\3. Working\22. DMS plant\21. SSCR04 - Primary Floats D&R Screen Station\730 CM Head Box\Head box\N1SCR04-730-A11.ipt -> C:\Users\Quintin\Documents\Spectiv\3. Working\22. DMS plant\21. SSCR04 - Primary Floats D&R Screen Station\730 CM Head Box\Head box\N1SCR04-730-A1.ipt
2026-01-12 19:17:02 | HERITAGE: File already exists: N1SCR04-730-A1.ipt (mapping still recorded)
2026-01-12 19:17:02 | HERITAGE: N1SCR04-730-A12.ipt -> N1SCR04-730-A2.ipt
2026-01-12 19:17:02 | MAPPING: C:\Users\Quintin\Documents\Spectiv\3. Working\22. DMS plant\21. SSCR04 - Primary Floats D&R Screen Station\730 CM Head Box\Head box\N1SCR04-730-A12.ipt -> C:\Users\Quintin\Documents\Spectiv\3. Working\22. DMS plant\21. SSCR04 - Primary Floats D&R Screen Station\730 CM Head Box\Head box\N1SCR04-730-A2.ipt
2026-01-12 19:17:02 | HERITAGE: File already exists: N1SCR04-730-A2.ipt (mapping still recorded)
2026-01-12 19:17:02 | HERITAGE: N1SCR04-730-A13.ipt -> N1SCR04-730-A3.ipt
2026-01-12 19:17:02 | MAPPING: C:\Users\Quintin\Documents\Spectiv\3. Working\22. DMS plant\21. SSCR04 - Primary Floats D&R Screen Station\730 CM Head Box\Head box\N1SCR04-730-A13.ipt -> C:\Users\Quintin\Documents\Spectiv\3. Working\22. DMS plant\21. SSCR04 - Primary Floats D&R Screen Station\730 CM Head Box\Head box\N1SCR04-730-A3.ipt
2026-01-12 19:17:02 | HERITAGE: File already exists: N1SCR04-730-A3.ipt (mapping still recorded)
2026-01-12 19:17:02 | HERITAGE: N1SCR04-730-A14.ipt -> N1SCR04-730-A4.ipt
2026-01-12 19:17:02 | MAPPING: C:\Users\Quintin\Documents\Spectiv\3. Working\22. DMS plant\21. SSCR04 - Primary Floats D&R Screen Station\730 CM Head Box\Head box\N1SCR04-730-A14.ipt -> C:\Users\Quintin\Documents\Spectiv\3. Working\22. DMS plant\21. SSCR04 - Primary Floats D&R Screen Station\730 CM Head Box\Head box\N1SCR04-730-A4.ipt
2026-01-12 19:17:02 | HERITAGE: File already exists: N1SCR04-730-A4.ipt (mapping still recorded)
2026-01-12 19:17:02 | HERITAGE: N1SCR04-730-A15.ipt -> N1SCR04-730-A5.ipt
2026-01-12 19:17:02 | MAPPING: C:\Users\Quintin\Documents\Spectiv\3. Working\22. DMS plant\21. SSCR04 - Primary Floats D&R Screen Station\730 CM Head Box\Head box\N1SCR04-730-A15.ipt -> C:\Users\Quintin\Documents\Spectiv\3. Working\22. DMS plant\21. SSCR04 - Primary Floats D&R Screen Station\730 CM Head Box\Head box\N1SCR04-730-A5.ipt
2026-01-12 19:17:02 | HERITAGE: File already exists: N1SCR04-730-A5.ipt (mapping still recorded)
2026-01-12 19:17:02 | HERITAGE: N1SCR04-730-A16.ipt -> N1SCR04-730-A6.ipt
2026-01-12 19:17:02 | MAPPING: C:\Users\Quintin\Documents\Spectiv\3. Working\22. DMS plant\21. SSCR04 - Primary Floats D&R Screen Station\730 CM Head Box\Head box\N1SCR04-730-A16.ipt -> C:\Users\Quintin\Documents\Spectiv\3. Working\22. DMS plant\21. SSCR04 - Primary Floats D&R Screen Station\730 CM Head Box\Head box\N1SCR04-730-A6.ipt
2026-01-12 19:17:02 | HERITAGE: File already exists: N1SCR04-730-A6.ipt (mapping still recorded)
2026-01-12 19:17:02 | HERITAGE: N1SCR04-730-A17.ipt -> N1SCR04-730-A7.ipt
2026-01-12 19:17:02 | MAPPING: C:\Users\Quintin\Documents\Spectiv\3. Working\22. DMS plant\21. SSCR04 - Primary Floats D&R Screen Station\730 CM Head Box\Head box\N1SCR04-730-A17.ipt -> C:\Users\Quintin\Documents\Spectiv\3. Working\22. DMS plant\21. SSCR04 - Primary Floats D&R Screen Station\730 CM Head Box\Head box\N1SCR04-730-A7.ipt
2026-01-12 19:17:02 | HERITAGE: File already exists: N1SCR04-730-A7.ipt (mapping still recorded)
2026-01-12 19:17:02 | HERITAGE: N1SCR04-730-A18.ipt -> N1SCR04-730-A8.ipt
2026-01-12 19:17:02 | MAPPING: C:\Users\Quintin\Documents\Spectiv\3. Working\22. DMS plant\21. SSCR04 - Primary Floats D&R Screen Station\730 CM Head Box\Head box\N1SCR04-730-A18.ipt -> C:\Users\Quintin\Documents\Spectiv\3. Working\22. DMS plant\21. SSCR04 - Primary Floats D&R Screen Station\730 CM Head Box\Head box\N1SCR04-730-A8.ipt
2026-01-12 19:17:02 | HERITAGE: File already exists: N1SCR04-730-A8.ipt (mapping still recorded)
2026-01-12 19:17:02 | HERITAGE: N1SCR04-730-A19.ipt -> N1SCR04-730-A9.ipt
2026-01-12 19:17:02 | MAPPING: C:\Users\Quintin\Documents\Spectiv\3. Working\22. DMS plant\21. SSCR04 - Primary Floats D&R Screen Station\730 CM Head Box\Lid-1\N1SCR04-730-A19.ipt -> C:\Users\Quintin\Documents\Spectiv\3. Working\22. DMS plant\21. SSCR04 - Primary Floats D&R Screen Station\730 CM Head Box\Lid-1\N1SCR04-730-A9.ipt
2026-01-12 19:17:02 | HERITAGE: File already exists: N1SCR04-730-A9.ipt (mapping still recorded)
2026-01-12 19:17:02 | HERITAGE: N1SCR04-730-A20.ipt -> N1SCR04-730-A10.ipt
2026-01-12 19:17:02 | MAPPING: C:\Users\Quintin\Documents\Spectiv\3. Working\22. DMS plant\21. SSCR04 - Primary Floats D&R Screen Station\730 CM Head Box\Lid-2\N1SCR04-730-A20.ipt -> C:\Users\Quintin\Documents\Spectiv\3. Working\22. DMS plant\21. SSCR04 - Primary Floats D&R Screen Station\730 CM Head Box\Lid-2\N1SCR04-730-A10.ipt
2026-01-12 19:17:02 | HERITAGE: File already exists: N1SCR04-730-A10.ipt (mapping still recorded)
2026-01-12 19:17:02 | REGISTRY: Saved N1SCR04-730-A = 10
2026-01-12 19:17:02 | EXTRACT: Processing naming scheme: N1SCR04-730-FL{N}
2026-01-12 19:17:02 | EXTRACT: Extracted prefix: 'N1SCR04-730-'
2026-01-12 19:17:02 | HERITAGE: Checking for existing counter with key: 'N1SCR04-730-FL'
2026-01-12 19:17:02 | HERITAGE: Group 'FL' starting from number 1 (new prefix or group - key 'N1SCR04-730-FL' not found)
2026-01-12 19:17:02 | HERITAGE: DEBUG - No existing counters found
2026-01-12 19:17:02 | HERITAGE: Processing group 'FL' with scheme: N1SCR04-730-FL{N}
2026-01-12 19:17:02 | HERITAGE: N1SCR04-730-FL8.ipt -> N1SCR04-730-FL1.ipt
2026-01-12 19:17:02 | MAPPING: C:\Users\Quintin\Documents\Spectiv\3. Working\22. DMS plant\21. SSCR04 - Primary Floats D&R Screen Station\730 CM Head Box\Head box\N1SCR04-730-FL8.ipt -> C:\Users\Quintin\Documents\Spectiv\3. Working\22. DMS plant\21. SSCR04 - Primary Floats D&R Screen Station\730 CM Head Box\Head box\N1SCR04-730-FL1.ipt
2026-01-12 19:17:02 | HERITAGE: File already exists: N1SCR04-730-FL1.ipt (mapping still recorded)
2026-01-12 19:17:02 | HERITAGE: N1SCR04-730-FL9.ipt -> N1SCR04-730-FL2.ipt
2026-01-12 19:17:02 | MAPPING: C:\Users\Quintin\Documents\Spectiv\3. Working\22. DMS plant\21. SSCR04 - Primary Floats D&R Screen Station\730 CM Head Box\Lid-1\N1SCR04-730-FL9.ipt -> C:\Users\Quintin\Documents\Spectiv\3. Working\22. DMS plant\21. SSCR04 - Primary Floats D&R Screen Station\730 CM Head Box\Lid-1\N1SCR04-730-FL2.ipt
2026-01-12 19:17:02 | HERITAGE: Creating new file: N1SCR04-730-FL2.ipt
2026-01-12 19:17:02 | HERITAGE: SUCCESS - Created N1SCR04-730-FL2.ipt
2026-01-12 19:17:02 | HERITAGE: N1SCR04-730-FL10.ipt -> N1SCR04-730-FL3.ipt
2026-01-12 19:17:02 | MAPPING: C:\Users\Quintin\Documents\Spectiv\3. Working\22. DMS plant\21. SSCR04 - Primary Floats D&R Screen Station\730 CM Head Box\Lid-1\N1SCR04-730-FL10.ipt -> C:\Users\Quintin\Documents\Spectiv\3. Working\22. DMS plant\21. SSCR04 - Primary Floats D&R Screen Station\730 CM Head Box\Lid-1\N1SCR04-730-FL3.ipt
2026-01-12 19:17:02 | HERITAGE: Creating new file: N1SCR04-730-FL3.ipt
2026-01-12 19:17:02 | HERITAGE: SUCCESS - Created N1SCR04-730-FL3.ipt
2026-01-12 19:17:02 | HERITAGE: N1SCR04-730-FL11.ipt -> N1SCR04-730-FL4.ipt
2026-01-12 19:17:02 | MAPPING: C:\Users\Quintin\Documents\Spectiv\3. Working\22. DMS plant\21. SSCR04 - Primary Floats D&R Screen Station\730 CM Head Box\Lid-1\N1SCR04-730-FL11.ipt -> C:\Users\Quintin\Documents\Spectiv\3. Working\22. DMS plant\21. SSCR04 - Primary Floats D&R Screen Station\730 CM Head Box\Lid-1\N1SCR04-730-FL4.ipt
2026-01-12 19:17:02 | HERITAGE: Creating new file: N1SCR04-730-FL4.ipt
2026-01-12 19:17:03 | HERITAGE: SUCCESS - Created N1SCR04-730-FL4.ipt
2026-01-12 19:17:03 | HERITAGE: N1SCR04-730-FL12.ipt -> N1SCR04-730-FL5.ipt
2026-01-12 19:17:03 | MAPPING: C:\Users\Quintin\Documents\Spectiv\3. Working\22. DMS plant\21. SSCR04 - Primary Floats D&R Screen Station\730 CM Head Box\Lid-2\N1SCR04-730-FL12.ipt -> C:\Users\Quintin\Documents\Spectiv\3. Working\22. DMS plant\21. SSCR04 - Primary Floats D&R Screen Station\730 CM Head Box\Lid-2\N1SCR04-730-FL5.ipt
2026-01-12 19:17:03 | HERITAGE: Creating new file: N1SCR04-730-FL5.ipt
2026-01-12 19:17:03 | HERITAGE: SUCCESS - Created N1SCR04-730-FL5.ipt
2026-01-12 19:17:03 | HERITAGE: N1SCR04-730-FL13.ipt -> N1SCR04-730-FL6.ipt
2026-01-12 19:17:03 | MAPPING: C:\Users\Quintin\Documents\Spectiv\3. Working\22. DMS plant\21. SSCR04 - Primary Floats D&R Screen Station\730 CM Head Box\Lid-2\N1SCR04-730-FL13.ipt -> C:\Users\Quintin\Documents\Spectiv\3. Working\22. DMS plant\21. SSCR04 - Primary Floats D&R Screen Station\730 CM Head Box\Lid-2\N1SCR04-730-FL6.ipt
2026-01-12 19:17:03 | HERITAGE: Creating new file: N1SCR04-730-FL6.ipt
2026-01-12 19:17:03 | HERITAGE: SUCCESS - Created N1SCR04-730-FL6.ipt
2026-01-12 19:17:03 | HERITAGE: N1SCR04-730-FL14.ipt -> N1SCR04-730-FL7.ipt
2026-01-12 19:17:03 | MAPPING: C:\Users\Quintin\Documents\Spectiv\3. Working\22. DMS plant\21. SSCR04 - Primary Floats D&R Screen Station\730 CM Head Box\Lid-2\N1SCR04-730-FL14.ipt -> C:\Users\Quintin\Documents\Spectiv\3. Working\22. DMS plant\21. SSCR04 - Primary Floats D&R Screen Station\730 CM Head Box\Lid-2\N1SCR04-730-FL7.ipt
2026-01-12 19:17:03 | HERITAGE: Creating new file: N1SCR04-730-FL7.ipt
2026-01-12 19:17:03 | HERITAGE: SUCCESS - Created N1SCR04-730-FL7.ipt
2026-01-12 19:17:03 | REGISTRY: Saved N1SCR04-730-FL = 7
2026-01-12 19:17:03 | EXTRACT: Processing naming scheme: N1SCR04-730-PART{N}
2026-01-12 19:17:03 | EXTRACT: Extracted prefix: 'N1SCR04-730-'
2026-01-12 19:17:03 | HERITAGE: Checking for existing counter with key: 'N1SCR04-730-OTHER'
2026-01-12 19:17:03 | HERITAGE: Group 'OTHER' starting from number 1 (new prefix or group - key 'N1SCR04-730-OTHER' not found)
2026-01-12 19:17:03 | HERITAGE: DEBUG - No existing counters found
2026-01-12 19:17:03 | HERITAGE: Processing group 'OTHER' with scheme: N1SCR04-730-PART{N}
2026-01-12 19:17:03 | HERITAGE: N1SCR04-730-PART3.ipt -> N1SCR04-730-PART1.ipt
2026-01-12 19:17:03 | MAPPING: C:\Users\Quintin\Documents\Spectiv\3. Working\22. DMS plant\21. SSCR04 - Primary Floats D&R Screen Station\730 CM Head Box\Lid-1\N1SCR04-730-PART3.ipt -> C:\Users\Quintin\Documents\Spectiv\3. Working\22. DMS plant\21. SSCR04 - Primary Floats D&R Screen Station\730 CM Head Box\Lid-1\N1SCR04-730-PART1.ipt
2026-01-12 19:17:03 | HERITAGE: Creating new file: N1SCR04-730-PART1.ipt
2026-01-12 19:17:04 | HERITAGE: SUCCESS - Created N1SCR04-730-PART1.ipt
2026-01-12 19:17:04 | HERITAGE: N1SCR04-730-PART4.ipt -> N1SCR04-730-PART2.ipt
2026-01-12 19:17:04 | MAPPING: C:\Users\Quintin\Documents\Spectiv\3. Working\22. DMS plant\21. SSCR04 - Primary Floats D&R Screen Station\730 CM Head Box\Lid-2\N1SCR04-730-PART4.ipt -> C:\Users\Quintin\Documents\Spectiv\3. Working\22. DMS plant\21. SSCR04 - Primary Floats D&R Screen Station\730 CM Head Box\Lid-2\N1SCR04-730-PART2.ipt
2026-01-12 19:17:04 | HERITAGE: Creating new file: N1SCR04-730-PART2.ipt
2026-01-12 19:17:04 | HERITAGE: SUCCESS - Created N1SCR04-730-PART2.ipt
2026-01-12 19:17:04 | REGISTRY: Saved N1SCR04-730-OTHER = 2
2026-01-12 19:17:04 | STEP 7: Updating assembly references
2026-01-12 19:17:04 | ASSEMBLY: Recursively updating assembly references across entire model hierarchy
2026-01-12 19:17:04 | ASSEMBLY: Updating references in - N1SCR04-730.iam (Level: ROOT)
2026-01-12 19:17:04 | ASSEMBLY: RECURSING into sub-assembly - Head Box.iam
2026-01-12 19:17:04 | ASSEMBLY: Updating references in - Head Box.iam (Level: ROOT>Head Box.iam)
2026-01-12 19:17:04 | ASSEMBLY: Replacing N1SCR04-730-PL20.ipt -> N1SCR04-730-PL1.ipt [PL] (in Head Box.iam)
2026-01-12 19:17:04 | ASSEMBLY: SUCCESS - Updated to N1SCR04-730-PL1.ipt
2026-01-12 19:17:04 | ASSEMBLY: Replacing N1SCR04-730-PL21.ipt -> N1SCR04-730-PL2.ipt [PL] (in Head Box.iam)
2026-01-12 19:17:04 | ASSEMBLY: SUCCESS - Updated to N1SCR04-730-PL2.ipt
2026-01-12 19:17:04 | ASSEMBLY: Replacing N1SCR04-730-PL22.ipt -> N1SCR04-730-PL3.ipt [PL] (in Head Box.iam)
2026-01-12 19:17:04 | ASSEMBLY: SUCCESS - Updated to N1SCR04-730-PL3.ipt
2026-01-12 19:17:04 | ASSEMBLY: Replacing N1SCR04-730-PL23.ipt -> N1SCR04-730-PL4.ipt [PL] (in Head Box.iam)
2026-01-12 19:17:05 | ASSEMBLY: SUCCESS - Updated to N1SCR04-730-PL4.ipt
2026-01-12 19:17:05 | ASSEMBLY: Replacing N1SCR04-730-PL24.ipt -> N1SCR04-730-PL5.ipt [PL] (in Head Box.iam)
2026-01-12 19:17:05 | ASSEMBLY: SUCCESS - Updated to N1SCR04-730-PL5.ipt
2026-01-12 19:17:05 | ASSEMBLY: Replacing N1SCR04-730-PL25.ipt -> N1SCR04-730-PL6.ipt [PL] (in Head Box.iam)
2026-01-12 19:17:05 | ASSEMBLY: SUCCESS - Updated to N1SCR04-730-PL6.ipt
2026-01-12 19:17:05 | ASSEMBLY: Replacing N1SCR04-730-PL26.ipt -> N1SCR04-730-PL7.ipt [PL] (in Head Box.iam)
2026-01-12 19:17:05 | ASSEMBLY: SUCCESS - Updated to N1SCR04-730-PL7.ipt
2026-01-12 19:17:05 | ASSEMBLY: Replacing N1SCR04-730-PL27.ipt -> N1SCR04-730-PL8.ipt [PL] (in Head Box.iam)
2026-01-12 19:17:05 | ASSEMBLY: SUCCESS - Updated to N1SCR04-730-PL8.ipt
2026-01-12 19:17:06 | ASSEMBLY: INFO - No mapping found for N1SCR04-730-PL8.ipt (not renamed)
2026-01-12 19:17:06 | ASSEMBLY: INFO - No mapping found for N1SCR04-730-PL8.ipt (not renamed)
2026-01-12 19:17:06 | ASSEMBLY: Replacing N1SCR04-730-PL28.ipt -> N1SCR04-730-PL9.ipt [PL] (in Head Box.iam)
2026-01-12 19:17:06 | ASSEMBLY: SUCCESS - Updated to N1SCR04-730-PL9.ipt
2026-01-12 19:17:06 | ASSEMBLY: Replacing N1SCR04-730-PL29.ipt -> N1SCR04-730-PL10.ipt [PL] (in Head Box.iam)
2026-01-12 19:17:06 | ASSEMBLY: SUCCESS - Updated to N1SCR04-730-PL10.ipt
2026-01-12 19:17:06 | ASSEMBLY: INFO - No mapping found for N1SCR04-730-PL10.ipt (not renamed)
2026-01-12 19:17:06 | ASSEMBLY: Replacing N1SCR04-730-FLG1.ipt -> N1SCR04-730-FLG1.ipt [FLG] (in Head Box.iam)
2026-01-12 19:17:06 | ASSEMBLY: SUCCESS - Updated to N1SCR04-730-FLG1.ipt
2026-01-12 19:17:06 | ASSEMBLY: Replacing N1SCR04-730-FLG2.ipt -> N1SCR04-730-FLG2.ipt [FLG] (in Head Box.iam)
2026-01-12 19:17:06 | ASSEMBLY: SUCCESS - Updated to N1SCR04-730-FLG2.ipt
2026-01-12 19:17:06 | ASSEMBLY: Replacing N1SCR04-730-FLG3.ipt -> N1SCR04-730-FLG3.ipt [FLG] (in Head Box.iam)
2026-01-12 19:17:06 | ASSEMBLY: SUCCESS - Updated to N1SCR04-730-FLG3.ipt
2026-01-12 19:17:06 | ASSEMBLY: Replacing N1SCR04-730-FLG4.ipt -> N1SCR04-730-FLG4.ipt [FLG] (in Head Box.iam)
2026-01-12 19:17:06 | ASSEMBLY: SUCCESS - Updated to N1SCR04-730-FLG4.ipt
2026-01-12 19:17:06 | ASSEMBLY: Replacing N1SCR04-730-FLG3.ipt -> N1SCR04-730-FLG3.ipt [FLG] (in Head Box.iam)
2026-01-12 19:17:06 | ASSEMBLY: SUCCESS - Updated to N1SCR04-730-FLG3.ipt
2026-01-12 19:17:06 | ASSEMBLY: Replacing N1SCR04-730-FLG4.ipt -> N1SCR04-730-FLG4.ipt [FLG] (in Head Box.iam)
2026-01-12 19:17:06 | ASSEMBLY: SUCCESS - Updated to N1SCR04-730-FLG4.ipt
2026-01-12 19:17:06 | ASSEMBLY: Replacing N1SCR04-730-FLG5.ipt -> N1SCR04-730-FLG5.ipt [FLG] (in Head Box.iam)
2026-01-12 19:17:06 | ASSEMBLY: SUCCESS - Updated to N1SCR04-730-FLG5.ipt
2026-01-12 19:17:06 | ASSEMBLY: Replacing N1SCR04-730-FLG6.ipt -> N1SCR04-730-FLG6.ipt [FLG] (in Head Box.iam)
2026-01-12 19:17:06 | ASSEMBLY: SUCCESS - Updated to N1SCR04-730-FLG6.ipt
2026-01-12 19:17:06 | ASSEMBLY: Replacing N1SCR04-730-A11.ipt -> N1SCR04-730-A1.ipt [A] (in Head Box.iam)
2026-01-12 19:17:06 | ASSEMBLY: SUCCESS - Updated to N1SCR04-730-A1.ipt
2026-01-12 19:17:06 | ASSEMBLY: Replacing N1SCR04-730-A12.ipt -> N1SCR04-730-A2.ipt [A] (in Head Box.iam)
2026-01-12 19:17:07 | ASSEMBLY: SUCCESS - Updated to N1SCR04-730-A2.ipt
2026-01-12 19:17:07 | ASSEMBLY: Replacing N1SCR04-730-A13.ipt -> N1SCR04-730-A3.ipt [A] (in Head Box.iam)
2026-01-12 19:17:07 | ASSEMBLY: SUCCESS - Updated to N1SCR04-730-A3.ipt
2026-01-12 19:17:07 | ASSEMBLY: Replacing N1SCR04-730-A14.ipt -> N1SCR04-730-A4.ipt [A] (in Head Box.iam)
2026-01-12 19:17:07 | ASSEMBLY: SUCCESS - Updated to N1SCR04-730-A4.ipt
2026-01-12 19:17:07 | ASSEMBLY: Replacing N1SCR04-730-A15.ipt -> N1SCR04-730-A5.ipt [A] (in Head Box.iam)
2026-01-12 19:17:07 | ASSEMBLY: SUCCESS - Updated to N1SCR04-730-A5.ipt
2026-01-12 19:17:07 | ASSEMBLY: Replacing N1SCR04-730-A16.ipt -> N1SCR04-730-A6.ipt [A] (in Head Box.iam)
2026-01-12 19:17:07 | ASSEMBLY: SUCCESS - Updated to N1SCR04-730-A6.ipt
2026-01-12 19:17:07 | ASSEMBLY: Replacing N1SCR04-730-A17.ipt -> N1SCR04-730-A7.ipt [A] (in Head Box.iam)
2026-01-12 19:17:07 | ASSEMBLY: SUCCESS - Updated to N1SCR04-730-A7.ipt
2026-01-12 19:17:07 | ASSEMBLY: INFO - No mapping found for N1SCR04-730-A7.ipt (not renamed)
2026-01-12 19:17:07 | ASSEMBLY: Replacing N1SCR04-730-A18.ipt -> N1SCR04-730-A8.ipt [A] (in Head Box.iam)
2026-01-12 19:17:08 | ASSEMBLY: SUCCESS - Updated to N1SCR04-730-A8.ipt
2026-01-12 19:17:08 | ASSEMBLY: INFO - No mapping found for N1SCR04-730-A8.ipt (not renamed)
2026-01-12 19:17:08 | ASSEMBLY: INFO - No mapping found for N1SCR04-730-A7.ipt (not renamed)
2026-01-12 19:17:08 | ASSEMBLY: INFO - No mapping found for N1SCR04-730-A7.ipt (not renamed)
2026-01-12 19:17:08 | ASSEMBLY: INFO - No mapping found for N1SCR04-730-A8.ipt (not renamed)
2026-01-12 19:17:08 | ASSEMBLY: INFO - No mapping found for N1SCR04-730-A8.ipt (not renamed)
2026-01-12 19:17:08 | ASSEMBLY: INFO - No mapping found for N1SCR04-730-A7.ipt (not renamed)
2026-01-12 19:17:08 | ASSEMBLY: INFO - No mapping found for N1SCR04-730-A7.ipt (not renamed)
2026-01-12 19:17:08 | ASSEMBLY: INFO - No mapping found for N1SCR04-730-A8.ipt (not renamed)
2026-01-12 19:17:08 | ASSEMBLY: INFO - No mapping found for N1SCR04-730-A8.ipt (not renamed)
2026-01-12 19:17:08 | ASSEMBLY: Replacing N1SCR04-730-PL30.ipt -> N1SCR04-730-PL11.ipt [PL] (in Head Box.iam)
2026-01-12 19:17:08 | ASSEMBLY: SUCCESS - Updated to N1SCR04-730-PL11.ipt
2026-01-12 19:17:08 | ASSEMBLY: Replacing N1SCR04-730-PL31.ipt -> N1SCR04-730-PL12.ipt [PL] (in Head Box.iam)
2026-01-12 19:17:08 | ASSEMBLY: SUCCESS - Updated to N1SCR04-730-PL12.ipt
2026-01-12 19:17:08 | ASSEMBLY: Replacing N1SCR04-730-PL32.ipt -> N1SCR04-730-PL13.ipt [PL] (in Head Box.iam)
2026-01-12 19:17:08 | ASSEMBLY: SUCCESS - Updated to N1SCR04-730-PL13.ipt
2026-01-12 19:17:08 | ASSEMBLY: INFO - No mapping found for N1SCR04-730-PL13.ipt (not renamed)
2026-01-12 19:17:09 | ASSEMBLY: Replacing N1SCR04-730-FL8.ipt -> N1SCR04-730-FL1.ipt [FL] (in Head Box.iam)
2026-01-12 19:17:09 | ASSEMBLY: SUCCESS - Updated to N1SCR04-730-FL1.ipt
2026-01-12 19:17:09 | ASSEMBLY: INFO - No mapping found for N1SCR04-730-FL1.ipt (not renamed)
2026-01-12 19:17:09 | ASSEMBLY: INFO - No mapping found for N1SCR04-730-PL12.ipt (not renamed)
2026-01-12 19:17:09 | ASSEMBLY: INFO - No mapping found for N1SCR04-730-PL13.ipt (not renamed)
2026-01-12 19:17:09 | ASSEMBLY: INFO - No mapping found for N1SCR04-730-PL13.ipt (not renamed)
2026-01-12 19:17:09 | ASSEMBLY: INFO - No mapping found for N1SCR04-730-FL1.ipt (not renamed)
2026-01-12 19:17:09 | ASSEMBLY: INFO - No mapping found for N1SCR04-730-FL1.ipt (not renamed)
2026-01-12 19:17:09 | ASSEMBLY: INFO - No mapping found for N1SCR04-730-PL12.ipt (not renamed)
2026-01-12 19:17:09 | ASSEMBLY: INFO - No mapping found for N1SCR04-730-PL13.ipt (not renamed)
2026-01-12 19:17:09 | ASSEMBLY: INFO - No mapping found for N1SCR04-730-PL13.ipt (not renamed)
2026-01-12 19:17:09 | ASSEMBLY: INFO - No mapping found for N1SCR04-730-FL1.ipt (not renamed)
2026-01-12 19:17:09 | ASSEMBLY: INFO - No mapping found for N1SCR04-730-FL1.ipt (not renamed)
2026-01-12 19:17:09 | ASSEMBLY: INFO - No mapping found for N1SCR04-730-PL12.ipt (not renamed)
2026-01-12 19:17:09 | ASSEMBLY: INFO - No mapping found for N1SCR04-730-PL13.ipt (not renamed)
2026-01-12 19:17:09 | ASSEMBLY: INFO - No mapping found for N1SCR04-730-PL13.ipt (not renamed)
2026-01-12 19:17:09 | ASSEMBLY: INFO - No mapping found for N1SCR04-730-FL1.ipt (not renamed)
2026-01-12 19:17:09 | ASSEMBLY: INFO - No mapping found for N1SCR04-730-FL1.ipt (not renamed)
2026-01-12 19:17:09 | ASSEMBLY: INFO - No mapping found for N1SCR04-730-PL12.ipt (not renamed)
2026-01-12 19:17:09 | ASSEMBLY: INFO - No mapping found for N1SCR04-730-PL13.ipt (not renamed)
2026-01-12 19:17:09 | ASSEMBLY: INFO - No mapping found for N1SCR04-730-PL13.ipt (not renamed)
2026-01-12 19:17:09 | ASSEMBLY: INFO - No mapping found for N1SCR04-730-FL1.ipt (not renamed)
2026-01-12 19:17:09 | ASSEMBLY: INFO - No mapping found for N1SCR04-730-FL1.ipt (not renamed)
2026-01-12 19:17:09 | ASSEMBLY: INFO - No mapping found for N1SCR04-730-PL12.ipt (not renamed)
2026-01-12 19:17:09 | ASSEMBLY: INFO - No mapping found for N1SCR04-730-PL13.ipt (not renamed)
2026-01-12 19:17:09 | ASSEMBLY: INFO - No mapping found for N1SCR04-730-PL13.ipt (not renamed)
2026-01-12 19:17:09 | ASSEMBLY: INFO - No mapping found for N1SCR04-730-FL1.ipt (not renamed)
2026-01-12 19:17:09 | ASSEMBLY: INFO - No mapping found for N1SCR04-730-FL1.ipt (not renamed)
2026-01-12 19:17:09 | ASSEMBLY: Replacing N1SCR04-730-PL33.ipt -> N1SCR04-730-PL14.ipt [PL] (in Head Box.iam)
2026-01-12 19:17:09 | ASSEMBLY: SUCCESS - Updated to N1SCR04-730-PL14.ipt
2026-01-12 19:17:09 | ASSEMBLY: Replacing N1SCR04-730-PL34.ipt -> N1SCR04-730-PL15.ipt [PL] (in Head Box.iam)
2026-01-12 19:17:09 | ASSEMBLY: SUCCESS - Updated to N1SCR04-730-PL15.ipt
2026-01-12 19:17:10 | ASSEMBLY: INFO - No mapping found for N1SCR04-730-PL14.ipt (not renamed)
2026-01-12 19:17:10 | ASSEMBLY: INFO - No mapping found for N1SCR04-730-PL15.ipt (not renamed)
2026-01-12 19:17:10 | ASSEMBLY: INFO - No mapping found for N1SCR04-730-PL14.ipt (not renamed)
2026-01-12 19:17:10 | ASSEMBLY: INFO - No mapping found for N1SCR04-730-PL15.ipt (not renamed)
2026-01-12 19:17:10 | ASSEMBLY: INFO - No mapping found for N1SCR04-730-PL14.ipt (not renamed)
2026-01-12 19:17:10 | ASSEMBLY: INFO - No mapping found for N1SCR04-730-PL15.ipt (not renamed)
2026-01-12 19:17:10 | ASSEMBLY: INFO - No mapping found for N1SCR04-730-PL14.ipt (not renamed)
2026-01-12 19:17:10 | ASSEMBLY: INFO - No mapping found for N1SCR04-730-PL15.ipt (not renamed)
2026-01-12 19:17:10 | ASSEMBLY: INFO - No mapping found for N1SCR04-730-PL14.ipt (not renamed)
2026-01-12 19:17:10 | ASSEMBLY: INFO - No mapping found for N1SCR04-730-PL15.ipt (not renamed)
2026-01-12 19:17:10 | ASSEMBLY: Replacing N1SCR04-730-PL35.ipt -> N1SCR04-730-PL16.ipt [PL] (in Head Box.iam)
2026-01-12 19:17:10 | ASSEMBLY: SUCCESS - Updated to N1SCR04-730-PL16.ipt
2026-01-12 19:17:10 | ASSEMBLY: INFO - No mapping found for N1SCR04-730-PL16.ipt (not renamed)
2026-01-12 19:17:10 | ASSEMBLY: INFO - No mapping found for N1SCR04-730-PL16.ipt (not renamed)
2026-01-12 19:17:10 | ASSEMBLY: INFO - No mapping found for N1SCR04-730-PL16.ipt (not renamed)
2026-01-12 19:17:35 | ASSEMBLY: Saved sub-assembly - Head Box.iam
2026-01-12 19:17:35 | ASSEMBLY: RECURSING into sub-assembly - Lid-1.iam
2026-01-12 19:17:35 | ASSEMBLY: Updating references in - Lid-1.iam (Level: ROOT>Lid-1.iam)
2026-01-12 19:17:35 | ASSEMBLY: Replacing N1SCR04-730-PL36.ipt -> N1SCR04-730-PL17.ipt [PL] (in Lid-1.iam)
2026-01-12 19:17:36 | ASSEMBLY: SUCCESS - Updated to N1SCR04-730-PL17.ipt
2026-01-12 19:17:36 | ASSEMBLY: Replacing N1SCR04-730-A19.ipt -> N1SCR04-730-A9.ipt [A] (in Lid-1.iam)
2026-01-12 19:17:36 | ASSEMBLY: SUCCESS - Updated to N1SCR04-730-A9.ipt
2026-01-12 19:17:36 | ASSEMBLY: Replacing N1SCR04-730-FL9.ipt -> N1SCR04-730-FL2.ipt [FL] (in Lid-1.iam)
2026-01-12 19:17:36 | ASSEMBLY: SUCCESS - Updated to N1SCR04-730-FL2.ipt
2026-01-12 19:17:36 | ASSEMBLY: INFO - No mapping found for N1SCR04-730-FL2.ipt (not renamed)
2026-01-12 19:17:36 | ASSEMBLY: INFO - No mapping found for N1SCR04-730-FL2.ipt (not renamed)
2026-01-12 19:17:36 | ASSEMBLY: Replacing N1SCR04-730-FL10.ipt -> N1SCR04-730-FL3.ipt [FL] (in Lid-1.iam)
2026-01-12 19:17:36 | ASSEMBLY: SUCCESS - Updated to N1SCR04-730-FL3.ipt
2026-01-12 19:17:36 | ASSEMBLY: INFO - No mapping found for N1SCR04-730-FL3.ipt (not renamed)
2026-01-12 19:17:36 | ASSEMBLY: Replacing N1SCR04-730-FL11.ipt -> N1SCR04-730-FL4.ipt [FL] (in Lid-1.iam)
2026-01-12 19:17:36 | ASSEMBLY: SUCCESS - Updated to N1SCR04-730-FL4.ipt
2026-01-12 19:17:36 | ASSEMBLY: INFO - No mapping found for N1SCR04-730-FL4.ipt (not renamed)
2026-01-12 19:17:36 | ASSEMBLY: INFO - No mapping found for N1SCR04-730-FL3.ipt (not renamed)
2026-01-12 19:17:36 | ASSEMBLY: INFO - No mapping found for N1SCR04-730-FL3.ipt (not renamed)
2026-01-12 19:17:36 | ASSEMBLY: INFO - No mapping found for N1SCR04-730-FL4.ipt (not renamed)
2026-01-12 19:17:36 | ASSEMBLY: INFO - No mapping found for N1SCR04-730-FL4.ipt (not renamed)
2026-01-12 19:17:36 | ASSEMBLY: Replacing N1SCR04-730-PART3.ipt -> N1SCR04-730-PART1.ipt [OTHER] (in Lid-1.iam)
2026-01-12 19:17:36 | ASSEMBLY: SUCCESS - Updated to N1SCR04-730-PART1.ipt
2026-01-12 19:17:36 | ASSEMBLY: INFO - No mapping found for N1SCR04-730-PART1.ipt (not renamed)
2026-01-12 19:17:36 | ASSEMBLY: INFO - No mapping found for N1SCR04-730-PART1.ipt (not renamed)
2026-01-12 19:17:36 | ASSEMBLY: INFO - No mapping found for N1SCR04-730-PART1.ipt (not renamed)
2026-01-12 19:17:37 | ASSEMBLY: Saved sub-assembly - Lid-1.iam
2026-01-12 19:17:37 | ASSEMBLY: RECURSING into sub-assembly - Lid-1.iam
2026-01-12 19:17:37 | ASSEMBLY: Updating references in - Lid-1.iam (Level: ROOT>Lid-1.iam)
2026-01-12 19:17:37 | ASSEMBLY: INFO - No mapping found for N1SCR04-730-PL17.ipt (not renamed)
2026-01-12 19:17:37 | ASSEMBLY: INFO - No mapping found for N1SCR04-730-A9.ipt (not renamed)
2026-01-12 19:17:37 | ASSEMBLY: INFO - No mapping found for N1SCR04-730-FL2.ipt (not renamed)
2026-01-12 19:17:37 | ASSEMBLY: INFO - No mapping found for N1SCR04-730-FL2.ipt (not renamed)
2026-01-12 19:17:37 | ASSEMBLY: INFO - No mapping found for N1SCR04-730-FL2.ipt (not renamed)
2026-01-12 19:17:37 | ASSEMBLY: INFO - No mapping found for N1SCR04-730-FL3.ipt (not renamed)
2026-01-12 19:17:37 | ASSEMBLY: INFO - No mapping found for N1SCR04-730-FL3.ipt (not renamed)
2026-01-12 19:17:37 | ASSEMBLY: INFO - No mapping found for N1SCR04-730-FL4.ipt (not renamed)
2026-01-12 19:17:37 | ASSEMBLY: INFO - No mapping found for N1SCR04-730-FL4.ipt (not renamed)
2026-01-12 19:17:37 | ASSEMBLY: INFO - No mapping found for N1SCR04-730-FL3.ipt (not renamed)
2026-01-12 19:17:37 | ASSEMBLY: INFO - No mapping found for N1SCR04-730-FL3.ipt (not renamed)
2026-01-12 19:17:37 | ASSEMBLY: INFO - No mapping found for N1SCR04-730-FL4.ipt (not renamed)
2026-01-12 19:17:37 | ASSEMBLY: INFO - No mapping found for N1SCR04-730-FL4.ipt (not renamed)
2026-01-12 19:17:37 | ASSEMBLY: INFO - No mapping found for N1SCR04-730-PART1.ipt (not renamed)
2026-01-12 19:17:37 | ASSEMBLY: INFO - No mapping found for N1SCR04-730-PART1.ipt (not renamed)
2026-01-12 19:17:37 | ASSEMBLY: INFO - No mapping found for N1SCR04-730-PART1.ipt (not renamed)
2026-01-12 19:17:37 | ASSEMBLY: INFO - No mapping found for N1SCR04-730-PART1.ipt (not renamed)
2026-01-12 19:17:37 | ASSEMBLY: Saved sub-assembly - Lid-1.iam
2026-01-12 19:17:37 | ASSEMBLY: RECURSING into sub-assembly - Lid-2.iam
2026-01-12 19:17:37 | ASSEMBLY: Updating references in - Lid-2.iam (Level: ROOT>Lid-2.iam)
2026-01-12 19:17:37 | ASSEMBLY: Replacing N1SCR04-730-PL37.ipt -> N1SCR04-730-PL18.ipt [PL] (in Lid-2.iam)
2026-01-12 19:17:38 | ASSEMBLY: SUCCESS - Updated to N1SCR04-730-PL18.ipt
2026-01-12 19:17:38 | ASSEMBLY: Replacing N1SCR04-730-A20.ipt -> N1SCR04-730-A10.ipt [A] (in Lid-2.iam)
2026-01-12 19:17:38 | ASSEMBLY: SUCCESS - Updated to N1SCR04-730-A10.ipt
2026-01-12 19:17:38 | ASSEMBLY: Replacing N1SCR04-730-FL12.ipt -> N1SCR04-730-FL5.ipt [FL] (in Lid-2.iam)
2026-01-12 19:17:38 | ASSEMBLY: SUCCESS - Updated to N1SCR04-730-FL5.ipt
2026-01-12 19:17:38 | ASSEMBLY: INFO - No mapping found for N1SCR04-730-FL5.ipt (not renamed)
2026-01-12 19:17:38 | ASSEMBLY: INFO - No mapping found for N1SCR04-730-FL5.ipt (not renamed)
2026-01-12 19:17:38 | ASSEMBLY: INFO - No mapping found for N1SCR04-730-A10.ipt (not renamed)
2026-01-12 19:17:38 | ASSEMBLY: Replacing N1SCR04-730-FL13.ipt -> N1SCR04-730-FL6.ipt [FL] (in Lid-2.iam)
2026-01-12 19:17:38 | ASSEMBLY: SUCCESS - Updated to N1SCR04-730-FL6.ipt
2026-01-12 19:17:38 | ASSEMBLY: INFO - No mapping found for N1SCR04-730-FL6.ipt (not renamed)
2026-01-12 19:17:38 | ASSEMBLY: Replacing N1SCR04-730-FL14.ipt -> N1SCR04-730-FL7.ipt [FL] (in Lid-2.iam)
2026-01-12 19:17:38 | ASSEMBLY: SUCCESS - Updated to N1SCR04-730-FL7.ipt
2026-01-12 19:17:38 | ASSEMBLY: INFO - No mapping found for N1SCR04-730-FL7.ipt (not renamed)
2026-01-12 19:17:38 | ASSEMBLY: INFO - No mapping found for N1SCR04-730-FL6.ipt (not renamed)
2026-01-12 19:17:38 | ASSEMBLY: INFO - No mapping found for N1SCR04-730-FL6.ipt (not renamed)
2026-01-12 19:17:38 | ASSEMBLY: INFO - No mapping found for N1SCR04-730-FL7.ipt (not renamed)
2026-01-12 19:17:38 | ASSEMBLY: INFO - No mapping found for N1SCR04-730-FL7.ipt (not renamed)
2026-01-12 19:17:38 | ASSEMBLY: Replacing N1SCR04-730-PART4.ipt -> N1SCR04-730-PART2.ipt [OTHER] (in Lid-2.iam)
2026-01-12 19:17:39 | ASSEMBLY: SUCCESS - Updated to N1SCR04-730-PART2.ipt
2026-01-12 19:17:39 | ASSEMBLY: INFO - No mapping found for N1SCR04-730-PART2.ipt (not renamed)
2026-01-12 19:17:39 | ASSEMBLY: INFO - No mapping found for N1SCR04-730-PART2.ipt (not renamed)
2026-01-12 19:17:39 | ASSEMBLY: INFO - No mapping found for N1SCR04-730-PART2.ipt (not renamed)
2026-01-12 19:17:39 | ASSEMBLY: Saved sub-assembly - Lid-2.iam
2026-01-12 19:17:39 | ASSEMBLY: SKIPPING Bolted Connection1.iam (bolted connection assembly)
2026-01-12 19:17:39 | ASSEMBLY: SKIPPING Bolted Connection2.iam (bolted connection assembly)
2026-01-12 19:17:39 | ASSEMBLY: Replacing N1SCR04-730-PL38.ipt -> N1SCR04-730-PL19.ipt [PL] (in N1SCR04-730.iam)
2026-01-12 19:17:39 | ASSEMBLY: SUCCESS - Updated to N1SCR04-730-PL19.ipt
2026-01-12 19:17:39 | ASSEMBLY: INFO - No mapping found for N1SCR04-730-PL19.ipt (not renamed)
2026-01-12 19:17:39 | ASSEMBLY: INFO - No mapping found for N1SCR04-730-PL19.ipt (not renamed)
2026-01-12 19:17:39 | ASSEMBLY: INFO - No mapping found for N1SCR04-730-PL19.ipt (not renamed)
2026-01-12 19:17:39 | ASSEMBLY: INFO - No mapping found for N1SCR04-730-PL19.ipt (not renamed)
2026-01-12 19:17:39 | ASSEMBLY: INFO - No mapping found for N1SCR04-730-PL19.ipt (not renamed)
2026-01-12 19:17:40 | ASSEMBLY: INFO - No mapping found for N1SCR04-730-PL19.ipt (not renamed)
2026-01-12 19:17:40 | ASSEMBLY: INFO - No mapping found for N1SCR04-730-PL19.ipt (not renamed)
2026-01-12 19:17:40 | ASSEMBLY: INFO - No mapping found for N1SCR04-730-PL19.ipt (not renamed)
2026-01-12 19:17:40 | ASSEMBLY: INFO - No mapping found for N1SCR04-730-PL19.ipt (not renamed)
2026-01-12 19:17:40 | ASSEMBLY: INFO - No mapping found for N1SCR04-730-PL19.ipt (not renamed)
2026-01-12 19:17:40 | ASSEMBLY: INFO - No mapping found for N1SCR04-730-PL19.ipt (not renamed)
2026-01-12 19:17:40 | ASSEMBLY: INFO - No mapping found for N1SCR04-730-PL19.ipt (not renamed)
2026-01-12 19:17:40 | ASSEMBLY: INFO - No mapping found for N1SCR04-730-PL19.ipt (not renamed)
2026-01-12 19:17:40 | ASSEMBLY: INFO - No mapping found for N1SCR04-730-PL19.ipt (not renamed)
2026-01-12 19:17:40 | ASSEMBLY: INFO - No mapping found for N1SCR04-730-PL19.ipt (not renamed)
2026-01-12 19:17:40 | ASSEMBLY: INFO - No mapping found for N1SCR04-730-PL19.ipt (not renamed)
2026-01-12 19:17:40 | ASSEMBLY: INFO - No mapping found for N1SCR04-730-PL19.ipt (not renamed)
2026-01-12 19:17:40 | ASSEMBLY: INFO - No mapping found for N1SCR04-730-PL19.ipt (not renamed)
2026-01-12 19:17:40 | ASSEMBLY: INFO - No mapping found for N1SCR04-730-PL19.ipt (not renamed)
2026-01-12 19:17:40 | ASSEMBLY: INFO - No mapping found for N1SCR04-730-PL19.ipt (not renamed)
2026-01-12 19:17:40 | ASSEMBLY: INFO - No mapping found for N1SCR04-730-PL19.ipt (not renamed)
2026-01-12 19:17:40 | ASSEMBLY: INFO - No mapping found for N1SCR04-730-PL19.ipt (not renamed)
2026-01-12 19:17:40 | ASSEMBLY: INFO - No mapping found for N1SCR04-730-PL19.ipt (not renamed)
2026-01-12 19:17:40 | ASSEMBLY: INFO - No mapping found for N1SCR04-730-PL19.ipt (not renamed)
2026-01-12 19:17:40 | ASSEMBLY: INFO - No mapping found for N1SCR04-730-PL19.ipt (not renamed)
2026-01-12 19:17:40 | ASSEMBLY: INFO - No mapping found for N1SCR04-730-PL19.ipt (not renamed)
2026-01-12 19:17:40 | ASSEMBLY: INFO - No mapping found for N1SCR04-730-PL19.ipt (not renamed)
2026-01-12 19:17:40 | ASSEMBLY: INFO - No mapping found for N1SCR04-730-PL19.ipt (not renamed)
2026-01-12 19:17:40 | ASSEMBLY: INFO - No mapping found for N1SCR04-730-PL19.ipt (not renamed)
2026-01-12 19:17:40 | ASSEMBLY: INFO - No mapping found for N1SCR04-730-PL19.ipt (not renamed)
2026-01-12 19:17:40 | ASSEMBLY: INFO - No mapping found for N1SCR04-730-PL19.ipt (not renamed)
2026-01-12 19:17:40 | ASSEMBLY: INFO - No mapping found for N1SCR04-730-PL19.ipt (not renamed)
2026-01-12 19:17:40 | ASSEMBLY: INFO - No mapping found for N1SCR04-730-PL19.ipt (not renamed)
2026-01-12 19:17:40 | ASSEMBLY: INFO - No mapping found for N1SCR04-730-PL19.ipt (not renamed)
2026-01-12 19:17:40 | ASSEMBLY: INFO - No mapping found for N1SCR04-730-PL19.ipt (not renamed)
2026-01-12 19:17:40 | ASSEMBLY: Saving assembly with updated references...
2026-01-12 19:17:43 | ASSEMBLY: Successfully saved assembly
2026-01-12 19:17:43 | STEP 8: Auto-detecting and updating IDW files
2026-01-12 19:17:43 | IDW: Auto-detecting IDW files in assembly directory
2026-01-12 19:17:43 | IDW: Found drawing file - KNL-N1200-SCR04-0730-PA.idw
2026-01-12 19:17:43 | IDW: Found drawing file - KNL-N1200-SCR04-0730-PD (old).idw
2026-01-12 19:17:43 | IDW: Processing KNL-N1200-SCR04-0730-PA.idw
2026-01-12 19:17:45 | IDW: Opening KNL-N1200-SCR04-0730-PA.idw
2026-01-12 19:17:46 | IDW: Found 1 referenced files
2026-01-12 19:17:47 | IDW: INFO - No mapping found for N1SCR04-730.iam
2026-01-12 19:18:17 | IDW: Saved KNL-N1200-SCR04-0730-PA.idw
2026-01-12 19:18:17 | IDW: Processing KNL-N1200-SCR04-0730-PD (old).idw
2026-01-12 19:18:17 | IDW: Opening KNL-N1200-SCR04-0730-PD (old).idw
2026-01-12 19:18:20 | IDW: Found 1 referenced files
2026-01-12 19:18:20 | IDW: INFO - No mapping found for N1SCR04-730.iam
2026-01-12 19:18:22 | IDW: Saved KNL-N1200-SCR04-0730-PD (old).idw
2026-01-12 19:18:22 | STEP 8.5: Saving mapping file for external IDW updater
2026-01-12 19:18:22 | MAPPING: Saving comprehensive mapping file for STEP 2
2026-01-12 19:18:22 | STEP 9: Keeping original files for safety (skipping cleanup)
2026-01-12 19:18:22 | === DYNAMIC HERITAGE-BASED SOLUTION COMPLETED ===
