2026-01-13 21:09:22 | === DYNAMIC HERITAGE-BASED SOLUTION ===
2026-01-13 21:09:22 | Auto-detecting open model and creating dynamic renaming workflow
2026-01-13 21:09:23 | SUCCESS: Connected to existing Inventor instance
2026-01-13 21:09:23 | STEP 1: Detecting open assembly and analyzing components
2026-01-13 21:09:23 | DETECTED: Document type: 12291
2026-01-13 21:09:23 | DETECTED: Assembly by .iam extension - proceeding
2026-01-13 21:09:23 | DETECTED: Active assembly - N1SCR04-730.iam
2026-01-13 21:09:23 | DETECTED: Full path - C:\Users\Quintin\Documents\Spectiv\3. Working\22. DMS plant\21. SSCR04 - Primary Floats D&R Screen Station\730 CM Head Box\N1SCR04-730.iam
2026-01-13 21:09:24 | USER CONFIRMED: Proceeding with assembly processing
2026-01-13 21:09:24 | CONFIRMED: 42 occurrences to process
2026-01-13 21:09:24 | STEP 2: Flattening hierarchy and grouping components
2026-01-13 21:09:24 | ANALYZE: Recursively flattening ENTIRE model hierarchy and reading iProperty descriptions
2026-01-13 21:09:24 | ANALYZE: Processing assembly - N1SCR04-730.iam (Level: ROOT)
2026-01-13 21:09:24 | ANALYZE: Found 42 occurrences in N1SCR04-730.iam
2026-01-13 21:09:24 | ANALYZE: RECURSING into sub-assembly - Head Box.iam
2026-01-13 21:09:24 | ANALYZE: Processing assembly - Head Box.iam (Level: ROOT>Head Box.iam)
2026-01-13 21:09:24 | ANALYZE: Found 86 occurrences in Head Box.iam
2026-01-13 21:09:24 | ANALYZE: PART - N1SCR04-730-PL1.ipt -> Description: PL 6mm S355JR -> Group: PL (from Head Box.iam)
2026-01-13 21:09:24 | ANALYZE: Created new group - PL
2026-01-13 21:09:24 | ANALYZE: PART - N1SCR04-730-PL2.ipt -> Description: PL 6mm S355JR -> Group: PL (from Head Box.iam)
2026-01-13 21:09:24 | ANALYZE: PART - N1SCR04-730-PL3.ipt -> Description: PL 6mm S355JR -> Group: PL (from Head Box.iam)
2026-01-13 21:09:24 | ANALYZE: PART - N1SCR04-730-PL4.ipt -> Description: PL 6mm S355JR -> Group: PL (from Head Box.iam)
2026-01-13 21:09:24 | ANALYZE: PART - N1SCR04-730-PL5.ipt -> Description: PL 6mm S355JR -> Group: PL (from Head Box.iam)
2026-01-13 21:09:24 | ANALYZE: PART - N1SCR04-730-PL6.ipt -> Description: PL 6mm S355JR -> Group: PL (from Head Box.iam)
2026-01-13 21:09:24 | ANALYZE: PART - N1SCR04-730-PL7.ipt -> Description: PL 6mm S355JR -> Group: PL (from Head Box.iam)
2026-01-13 21:09:24 | ANALYZE: PART - N1SCR04-730-PL8.ipt -> Description: PL 6mm S355JR -> Group: PL (from Head Box.iam)
2026-01-13 21:09:24 | ANALYZE: DUPLICATE PART SKIPPED - N1SCR04-730-PL8.ipt (already processed)
2026-01-13 21:09:24 | ANALYZE: DUPLICATE PART SKIPPED - N1SCR04-730-PL8.ipt (already processed)
2026-01-13 21:09:25 | ANALYZE: PART - N1SCR04-730-PL9.ipt -> Description: PL 6mm S355JR -> Group: PL (from Head Box.iam)
2026-01-13 21:09:25 | ANALYZE: PART - N1SCR04-730-PL10.ipt -> Description: PL 6mm S355JR -> Group: PL (from Head Box.iam)
2026-01-13 21:09:25 | ANALYZE: DUPLICATE PART SKIPPED - N1SCR04-730-PL10.ipt (already processed)
2026-01-13 21:09:25 | ANALYZE: PART - N1SCR04-730-FLG1.ipt -> Description: PIPE - 800NB S.A.B.S.719 - 6 W.T. -> Group: P (from Head Box.iam)
2026-01-13 21:09:25 | ANALYZE: Created new group - P
2026-01-13 21:09:25 | ANALYZE: PART - N1SCR04-730-FLG2.ipt -> Description: FLANGE - 600NB S.A.B.S.1123 1000/3 25 TH'K -> Group: FLG (from Head Box.iam)
2026-01-13 21:09:25 | ANALYZE: Created new group - FLG
2026-01-13 21:09:25 | ANALYZE: PART - N1SCR04-730-FLG3.ipt -> Description: PIPE - 500NB S.A.B.S.719 - 6 W.T. -> Group: P (from Head Box.iam)
2026-01-13 21:09:25 | ANALYZE: PART - N1SCR04-730-FLG4.ipt -> Description: FLANGE - 500NB S.A.B.S.1123 1000/3 25 TH'K -> Group: FLG (from Head Box.iam)
2026-01-13 21:09:25 | ANALYZE: DUPLICATE PART SKIPPED - N1SCR04-730-FLG3.ipt (already processed)
2026-01-13 21:09:25 | ANALYZE: DUPLICATE PART SKIPPED - N1SCR04-730-FLG4.ipt (already processed)
2026-01-13 21:09:25 | ANALYZE: PART - N1SCR04-730-FLG5.ipt -> Description: PIPE - 200NB S.A.B.S.719 - 6 W.T. -> Group: P (from Head Box.iam)
2026-01-13 21:09:25 | ANALYZE: PART - N1SCR04-730-FLG6.ipt -> Description: FLANGE - 200NB S.A.B.S.1123 1000/3 18 TH'K -> Group: FLG (from Head Box.iam)
2026-01-13 21:09:25 | ANALYZE: PART - N1SCR04-730-A1.ipt -> Description: L60x60x6 -> Group: A (from Head Box.iam)
2026-01-13 21:09:25 | ANALYZE: Created new group - A
2026-01-13 21:09:25 | ANALYZE: PART - N1SCR04-730-A2.ipt -> Description: L60x60x6 -> Group: A (from Head Box.iam)
2026-01-13 21:09:25 | ANALYZE: PART - N1SCR04-730-A3.ipt -> Description: L60x60x6 -> Group: A (from Head Box.iam)
2026-01-13 21:09:25 | ANALYZE: PART - N1SCR04-730-A4.ipt -> Description: L60x60x6 -> Group: A (from Head Box.iam)
2026-01-13 21:09:25 | ANALYZE: PART - N1SCR04-730-A5.ipt -> Description: L60x60x6 -> Group: A (from Head Box.iam)
2026-01-13 21:09:25 | ANALYZE: PART - N1SCR04-730-A6.ipt -> Description: L60x60x6 -> Group: A (from Head Box.iam)
2026-01-13 21:09:25 | ANALYZE: PART - N1SCR04-730-A7.ipt -> Description: L50x50x6 -> Group: A (from Head Box.iam)
2026-01-13 21:09:25 | ANALYZE: DUPLICATE PART SKIPPED - N1SCR04-730-A7.ipt (already processed)
2026-01-13 21:09:25 | ANALYZE: PART - N1SCR04-730-A8.ipt -> Description: L50x50x6 -> Group: A (from Head Box.iam)
2026-01-13 21:09:25 | ANALYZE: DUPLICATE PART SKIPPED - N1SCR04-730-A8.ipt (already processed)
2026-01-13 21:09:25 | ANALYZE: DUPLICATE PART SKIPPED - N1SCR04-730-A7.ipt (already processed)
2026-01-13 21:09:25 | ANALYZE: DUPLICATE PART SKIPPED - N1SCR04-730-A7.ipt (already processed)
2026-01-13 21:09:25 | ANALYZE: DUPLICATE PART SKIPPED - N1SCR04-730-A8.ipt (already processed)
2026-01-13 21:09:25 | ANALYZE: DUPLICATE PART SKIPPED - N1SCR04-730-A8.ipt (already processed)
2026-01-13 21:09:25 | ANALYZE: DUPLICATE PART SKIPPED - N1SCR04-730-A7.ipt (already processed)
2026-01-13 21:09:25 | ANALYZE: DUPLICATE PART SKIPPED - N1SCR04-730-A7.ipt (already processed)
2026-01-13 21:09:25 | ANALYZE: DUPLICATE PART SKIPPED - N1SCR04-730-A8.ipt (already processed)
2026-01-13 21:09:25 | ANALYZE: DUPLICATE PART SKIPPED - N1SCR04-730-A8.ipt (already processed)
2026-01-13 21:09:25 | ANALYZE: PART - N1SCR04-730-PL11.ipt -> Description: PL 10mm S355JR -> Group: PL (from Head Box.iam)
2026-01-13 21:09:25 | ANALYZE: PART - N1SCR04-730-PL12.ipt -> Description: PL 10mm S355JR -> Group: PL (from Head Box.iam)
2026-01-13 21:09:25 | ANALYZE: PART - N1SCR04-730-PL13.ipt -> Description: PL 10mm S355JR -> Group: PL (from Head Box.iam)
2026-01-13 21:09:25 | ANALYZE: DUPLICATE PART SKIPPED - N1SCR04-730-PL13.ipt (already processed)
2026-01-13 21:09:25 | ANALYZE: PART - N1SCR04-730-FL1.ipt -> Description: FL50x8 -> Group: FL (from Head Box.iam)
2026-01-13 21:09:25 | ANALYZE: Created new group - FL
2026-01-13 21:09:25 | ANALYZE: DUPLICATE PART SKIPPED - N1SCR04-730-FL1.ipt (already processed)
2026-01-13 21:09:25 | ANALYZE: DUPLICATE PART SKIPPED - N1SCR04-730-PL12.ipt (already processed)
2026-01-13 21:09:25 | ANALYZE: DUPLICATE PART SKIPPED - N1SCR04-730-PL13.ipt (already processed)
2026-01-13 21:09:25 | ANALYZE: DUPLICATE PART SKIPPED - N1SCR04-730-PL13.ipt (already processed)
2026-01-13 21:09:25 | ANALYZE: DUPLICATE PART SKIPPED - N1SCR04-730-FL1.ipt (already processed)
2026-01-13 21:09:25 | ANALYZE: DUPLICATE PART SKIPPED - N1SCR04-730-FL1.ipt (already processed)
2026-01-13 21:09:25 | ANALYZE: DUPLICATE PART SKIPPED - N1SCR04-730-PL12.ipt (already processed)
2026-01-13 21:09:25 | ANALYZE: DUPLICATE PART SKIPPED - N1SCR04-730-PL13.ipt (already processed)
2026-01-13 21:09:25 | ANALYZE: DUPLICATE PART SKIPPED - N1SCR04-730-PL13.ipt (already processed)
2026-01-13 21:09:25 | ANALYZE: DUPLICATE PART SKIPPED - N1SCR04-730-FL1.ipt (already processed)
2026-01-13 21:09:25 | ANALYZE: DUPLICATE PART SKIPPED - N1SCR04-730-FL1.ipt (already processed)
2026-01-13 21:09:25 | ANALYZE: DUPLICATE PART SKIPPED - N1SCR04-730-PL12.ipt (already processed)
2026-01-13 21:09:25 | ANALYZE: DUPLICATE PART SKIPPED - N1SCR04-730-PL13.ipt (already processed)
2026-01-13 21:09:25 | ANALYZE: DUPLICATE PART SKIPPED - N1SCR04-730-PL13.ipt (already processed)
2026-01-13 21:09:25 | ANALYZE: DUPLICATE PART SKIPPED - N1SCR04-730-FL1.ipt (already processed)
2026-01-13 21:09:25 | ANALYZE: DUPLICATE PART SKIPPED - N1SCR04-730-FL1.ipt (already processed)
2026-01-13 21:09:25 | ANALYZE: DUPLICATE PART SKIPPED - N1SCR04-730-PL12.ipt (already processed)
2026-01-13 21:09:25 | ANALYZE: DUPLICATE PART SKIPPED - N1SCR04-730-PL13.ipt (already processed)
2026-01-13 21:09:25 | ANALYZE: DUPLICATE PART SKIPPED - N1SCR04-730-PL13.ipt (already processed)
2026-01-13 21:09:25 | ANALYZE: DUPLICATE PART SKIPPED - N1SCR04-730-FL1.ipt (already processed)
2026-01-13 21:09:25 | ANALYZE: DUPLICATE PART SKIPPED - N1SCR04-730-FL1.ipt (already processed)
2026-01-13 21:09:25 | ANALYZE: DUPLICATE PART SKIPPED - N1SCR04-730-PL12.ipt (already processed)
2026-01-13 21:09:25 | ANALYZE: DUPLICATE PART SKIPPED - N1SCR04-730-PL13.ipt (already processed)
2026-01-13 21:09:25 | ANALYZE: DUPLICATE PART SKIPPED - N1SCR04-730-PL13.ipt (already processed)
2026-01-13 21:09:25 | ANALYZE: DUPLICATE PART SKIPPED - N1SCR04-730-FL1.ipt (already processed)
2026-01-13 21:09:25 | ANALYZE: DUPLICATE PART SKIPPED - N1SCR04-730-FL1.ipt (already processed)
2026-01-13 21:09:25 | ANALYZE: PART - N1SCR04-730-PL14.ipt -> Description: PL 25mm S355JR -> Group: PL (from Head Box.iam)
2026-01-13 21:09:25 | ANALYZE: PART - N1SCR04-730-PL15.ipt -> Description: PL 20mm S355JR -> Group: PL (from Head Box.iam)
2026-01-13 21:09:25 | ANALYZE: DUPLICATE PART SKIPPED - N1SCR04-730-PL14.ipt (already processed)
2026-01-13 21:09:25 | ANALYZE: DUPLICATE PART SKIPPED - N1SCR04-730-PL15.ipt (already processed)
2026-01-13 21:09:25 | ANALYZE: DUPLICATE PART SKIPPED - N1SCR04-730-PL14.ipt (already processed)
2026-01-13 21:09:25 | ANALYZE: DUPLICATE PART SKIPPED - N1SCR04-730-PL15.ipt (already processed)
2026-01-13 21:09:25 | ANALYZE: DUPLICATE PART SKIPPED - N1SCR04-730-PL14.ipt (already processed)
2026-01-13 21:09:25 | ANALYZE: DUPLICATE PART SKIPPED - N1SCR04-730-PL15.ipt (already processed)
2026-01-13 21:09:25 | ANALYZE: DUPLICATE PART SKIPPED - N1SCR04-730-PL14.ipt (already processed)
2026-01-13 21:09:26 | ANALYZE: DUPLICATE PART SKIPPED - N1SCR04-730-PL15.ipt (already processed)
2026-01-13 21:09:26 | ANALYZE: DUPLICATE PART SKIPPED - N1SCR04-730-PL14.ipt (already processed)
2026-01-13 21:09:26 | ANALYZE: DUPLICATE PART SKIPPED - N1SCR04-730-PL15.ipt (already processed)
2026-01-13 21:09:26 | ANALYZE: PART - N1SCR04-730-PL16.ipt -> Description: PL 8mm S355JR -> Group: PL (from Head Box.iam)
2026-01-13 21:09:26 | ANALYZE: DUPLICATE PART SKIPPED - N1SCR04-730-PL16.ipt (already processed)
2026-01-13 21:09:26 | ANALYZE: DUPLICATE PART SKIPPED - N1SCR04-730-PL16.ipt (already processed)
2026-01-13 21:09:26 | ANALYZE: DUPLICATE PART SKIPPED - N1SCR04-730-PL16.ipt (already processed)
2026-01-13 21:09:26 | ANALYZE: RECURSING into sub-assembly - Lid-1.iam
2026-01-13 21:09:26 | ANALYZE: Processing assembly - Lid-1.iam (Level: ROOT>Lid-1.iam)
2026-01-13 21:09:26 | ANALYZE: Found 17 occurrences in Lid-1.iam
2026-01-13 21:09:26 | ANALYZE: PART - TEST01-PL17.ipt -> Description: PL 6mm S355JR -> Group: PL (from Lid-1.iam)
2026-01-13 21:09:26 | ANALYZE: PART - TEST01-A9.ipt -> Description: L60x60x6 -> Group: A (from Lid-1.iam)
2026-01-13 21:09:26 | ANALYZE: PART - TEST01-FL2.ipt -> Description: FL50x8 -> Group: FL (from Lid-1.iam)
2026-01-13 21:09:26 | ANALYZE: DUPLICATE PART SKIPPED - TEST01-FL2.ipt (already processed)
2026-01-13 21:09:26 | ANALYZE: DUPLICATE PART SKIPPED - TEST01-FL2.ipt (already processed)
2026-01-13 21:09:26 | ANALYZE: PART - TEST01-FL3.ipt -> Description: FL50x8 -> Group: FL (from Lid-1.iam)
2026-01-13 21:09:26 | ANALYZE: DUPLICATE PART SKIPPED - TEST01-FL3.ipt (already processed)
2026-01-13 21:09:26 | ANALYZE: PART - TEST01-FL4.ipt -> Description: FL50x8 -> Group: FL (from Lid-1.iam)
2026-01-13 21:09:26 | ANALYZE: DUPLICATE PART SKIPPED - TEST01-FL4.ipt (already processed)
2026-01-13 21:09:26 | ANALYZE: DUPLICATE PART SKIPPED - TEST01-FL3.ipt (already processed)
2026-01-13 21:09:26 | ANALYZE: DUPLICATE PART SKIPPED - TEST01-FL3.ipt (already processed)
2026-01-13 21:09:26 | ANALYZE: DUPLICATE PART SKIPPED - TEST01-FL4.ipt (already processed)
2026-01-13 21:09:26 | ANALYZE: DUPLICATE PART SKIPPED - TEST01-FL4.ipt (already processed)
2026-01-13 21:09:26 | ANALYZE: PART - TEST01-PART1.ipt -> Description: HANDLE - Ř16 ROUND BAR -> Group: OTHER (from Lid-1.iam)
2026-01-13 21:09:26 | ANALYZE: Created new group - OTHER
2026-01-13 21:09:26 | ANALYZE: DUPLICATE PART SKIPPED - TEST01-PART1.ipt (already processed)
2026-01-13 21:09:26 | ANALYZE: DUPLICATE PART SKIPPED - TEST01-PART1.ipt (already processed)
2026-01-13 21:09:26 | ANALYZE: DUPLICATE PART SKIPPED - TEST01-PART1.ipt (already processed)
2026-01-13 21:09:26 | ANALYZE: RECURSING into sub-assembly - Lid-1.iam
2026-01-13 21:09:26 | ANALYZE: Processing assembly - Lid-1.iam (Level: ROOT>Lid-1.iam)
2026-01-13 21:09:26 | ANALYZE: Found 17 occurrences in Lid-1.iam
2026-01-13 21:09:26 | ANALYZE: DUPLICATE PART SKIPPED - TEST01-PL17.ipt (already processed)
2026-01-13 21:09:26 | ANALYZE: DUPLICATE PART SKIPPED - TEST01-A9.ipt (already processed)
2026-01-13 21:09:26 | ANALYZE: DUPLICATE PART SKIPPED - TEST01-FL2.ipt (already processed)
2026-01-13 21:09:26 | ANALYZE: DUPLICATE PART SKIPPED - TEST01-FL2.ipt (already processed)
2026-01-13 21:09:26 | ANALYZE: DUPLICATE PART SKIPPED - TEST01-FL2.ipt (already processed)
2026-01-13 21:09:26 | ANALYZE: DUPLICATE PART SKIPPED - TEST01-FL3.ipt (already processed)
2026-01-13 21:09:26 | ANALYZE: DUPLICATE PART SKIPPED - TEST01-FL3.ipt (already processed)
2026-01-13 21:09:26 | ANALYZE: DUPLICATE PART SKIPPED - TEST01-FL4.ipt (already processed)
2026-01-13 21:09:26 | ANALYZE: DUPLICATE PART SKIPPED - TEST01-FL4.ipt (already processed)
2026-01-13 21:09:26 | ANALYZE: DUPLICATE PART SKIPPED - TEST01-FL3.ipt (already processed)
2026-01-13 21:09:26 | ANALYZE: DUPLICATE PART SKIPPED - TEST01-FL3.ipt (already processed)
2026-01-13 21:09:26 | ANALYZE: DUPLICATE PART SKIPPED - TEST01-FL4.ipt (already processed)
2026-01-13 21:09:26 | ANALYZE: DUPLICATE PART SKIPPED - TEST01-FL4.ipt (already processed)
2026-01-13 21:09:26 | ANALYZE: DUPLICATE PART SKIPPED - TEST01-PART1.ipt (already processed)
2026-01-13 21:09:26 | ANALYZE: DUPLICATE PART SKIPPED - TEST01-PART1.ipt (already processed)
2026-01-13 21:09:26 | ANALYZE: DUPLICATE PART SKIPPED - TEST01-PART1.ipt (already processed)
2026-01-13 21:09:26 | ANALYZE: DUPLICATE PART SKIPPED - TEST01-PART1.ipt (already processed)
2026-01-13 21:09:26 | ANALYZE: RECURSING into sub-assembly - Lid-2.iam
2026-01-13 21:09:26 | ANALYZE: Processing assembly - Lid-2.iam (Level: ROOT>Lid-2.iam)
2026-01-13 21:09:26 | ANALYZE: Found 18 occurrences in Lid-2.iam
2026-01-13 21:09:26 | ANALYZE: PART - TEST01-PL18.ipt -> Description: PL 6mm S355JR -> Group: PL (from Lid-2.iam)
2026-01-13 21:09:26 | ANALYZE: PART - TEST01-A10.ipt -> Description: L60x60x6 -> Group: A (from Lid-2.iam)
2026-01-13 21:09:26 | ANALYZE: PART - TEST01-FL5.ipt -> Description: FL50x8 -> Group: FL (from Lid-2.iam)
2026-01-13 21:09:26 | ANALYZE: DUPLICATE PART SKIPPED - TEST01-FL5.ipt (already processed)
2026-01-13 21:09:26 | ANALYZE: DUPLICATE PART SKIPPED - TEST01-FL5.ipt (already processed)
2026-01-13 21:09:26 | ANALYZE: DUPLICATE PART SKIPPED - TEST01-A10.ipt (already processed)
2026-01-13 21:09:26 | ANALYZE: PART - TEST01-FL6.ipt -> Description: FL50x8 -> Group: FL (from Lid-2.iam)
2026-01-13 21:09:26 | ANALYZE: DUPLICATE PART SKIPPED - TEST01-FL6.ipt (already processed)
2026-01-13 21:09:26 | ANALYZE: PART - TEST01-FL7.ipt -> Description: FL50x8 -> Group: FL (from Lid-2.iam)
2026-01-13 21:09:26 | ANALYZE: DUPLICATE PART SKIPPED - TEST01-FL7.ipt (already processed)
2026-01-13 21:09:26 | ANALYZE: DUPLICATE PART SKIPPED - TEST01-FL6.ipt (already processed)
2026-01-13 21:09:26 | ANALYZE: DUPLICATE PART SKIPPED - TEST01-FL6.ipt (already processed)
2026-01-13 21:09:26 | ANALYZE: DUPLICATE PART SKIPPED - TEST01-FL7.ipt (already processed)
2026-01-13 21:09:26 | ANALYZE: DUPLICATE PART SKIPPED - TEST01-FL7.ipt (already processed)
2026-01-13 21:09:26 | ANALYZE: PART - TEST01-PART2.ipt -> Description: HANDLE - Ř16 ROUND BAR -> Group: OTHER (from Lid-2.iam)
2026-01-13 21:09:26 | ANALYZE: DUPLICATE PART SKIPPED - TEST01-PART2.ipt (already processed)
2026-01-13 21:09:26 | ANALYZE: DUPLICATE PART SKIPPED - TEST01-PART2.ipt (already processed)
2026-01-13 21:09:26 | ANALYZE: DUPLICATE PART SKIPPED - TEST01-PART2.ipt (already processed)
2026-01-13 21:09:26 | ANALYZE: SKIPPING Bolted Connection1.iam (bolted connection assembly)
2026-01-13 21:09:26 | ANALYZE: SKIPPING Bolted Connection2.iam (bolted connection assembly)
2026-01-13 21:09:26 | ANALYZE: PART - N1SCR04-730-PL19.ipt -> Description: PL 6mm S355JR -> Group: PL (from N1SCR04-730.iam)
2026-01-13 21:09:26 | ANALYZE: DUPLICATE PART SKIPPED - N1SCR04-730-PL19.ipt (already processed)
2026-01-13 21:09:26 | ANALYZE: DUPLICATE PART SKIPPED - N1SCR04-730-PL19.ipt (already processed)
2026-01-13 21:09:26 | ANALYZE: DUPLICATE PART SKIPPED - N1SCR04-730-PL19.ipt (already processed)
2026-01-13 21:09:26 | ANALYZE: DUPLICATE PART SKIPPED - N1SCR04-730-PL19.ipt (already processed)
2026-01-13 21:09:26 | ANALYZE: DUPLICATE PART SKIPPED - N1SCR04-730-PL19.ipt (already processed)
2026-01-13 21:09:26 | ANALYZE: DUPLICATE PART SKIPPED - N1SCR04-730-PL19.ipt (already processed)
2026-01-13 21:09:26 | ANALYZE: DUPLICATE PART SKIPPED - N1SCR04-730-PL19.ipt (already processed)
2026-01-13 21:09:26 | ANALYZE: DUPLICATE PART SKIPPED - N1SCR04-730-PL19.ipt (already processed)
2026-01-13 21:09:26 | ANALYZE: DUPLICATE PART SKIPPED - N1SCR04-730-PL19.ipt (already processed)
2026-01-13 21:09:26 | ANALYZE: DUPLICATE PART SKIPPED - N1SCR04-730-PL19.ipt (already processed)
2026-01-13 21:09:26 | ANALYZE: DUPLICATE PART SKIPPED - N1SCR04-730-PL19.ipt (already processed)
2026-01-13 21:09:26 | ANALYZE: DUPLICATE PART SKIPPED - N1SCR04-730-PL19.ipt (already processed)
2026-01-13 21:09:26 | ANALYZE: DUPLICATE PART SKIPPED - N1SCR04-730-PL19.ipt (already processed)
2026-01-13 21:09:26 | ANALYZE: DUPLICATE PART SKIPPED - N1SCR04-730-PL19.ipt (already processed)
2026-01-13 21:09:26 | ANALYZE: DUPLICATE PART SKIPPED - N1SCR04-730-PL19.ipt (already processed)
2026-01-13 21:09:26 | ANALYZE: DUPLICATE PART SKIPPED - N1SCR04-730-PL19.ipt (already processed)
2026-01-13 21:09:26 | ANALYZE: DUPLICATE PART SKIPPED - N1SCR04-730-PL19.ipt (already processed)
2026-01-13 21:09:26 | ANALYZE: DUPLICATE PART SKIPPED - N1SCR04-730-PL19.ipt (already processed)
2026-01-13 21:09:26 | ANALYZE: DUPLICATE PART SKIPPED - N1SCR04-730-PL19.ipt (already processed)
2026-01-13 21:09:26 | ANALYZE: DUPLICATE PART SKIPPED - N1SCR04-730-PL19.ipt (already processed)
2026-01-13 21:09:26 | ANALYZE: DUPLICATE PART SKIPPED - N1SCR04-730-PL19.ipt (already processed)
2026-01-13 21:09:26 | ANALYZE: DUPLICATE PART SKIPPED - N1SCR04-730-PL19.ipt (already processed)
2026-01-13 21:09:26 | ANALYZE: DUPLICATE PART SKIPPED - N1SCR04-730-PL19.ipt (already processed)
2026-01-13 21:09:27 | ANALYZE: DUPLICATE PART SKIPPED - N1SCR04-730-PL19.ipt (already processed)
2026-01-13 21:09:27 | ANALYZE: DUPLICATE PART SKIPPED - N1SCR04-730-PL19.ipt (already processed)
2026-01-13 21:09:27 | ANALYZE: DUPLICATE PART SKIPPED - N1SCR04-730-PL19.ipt (already processed)
2026-01-13 21:09:27 | ANALYZE: DUPLICATE PART SKIPPED - N1SCR04-730-PL19.ipt (already processed)
2026-01-13 21:09:27 | ANALYZE: DUPLICATE PART SKIPPED - N1SCR04-730-PL19.ipt (already processed)
2026-01-13 21:09:27 | ANALYZE: DUPLICATE PART SKIPPED - N1SCR04-730-PL19.ipt (already processed)
2026-01-13 21:09:27 | ANALYZE: DUPLICATE PART SKIPPED - N1SCR04-730-PL19.ipt (already processed)
2026-01-13 21:09:27 | ANALYZE: DUPLICATE PART SKIPPED - N1SCR04-730-PL19.ipt (already processed)
2026-01-13 21:09:27 | ANALYZE: DUPLICATE PART SKIPPED - N1SCR04-730-PL19.ipt (already processed)
2026-01-13 21:09:27 | ANALYZE: DUPLICATE PART SKIPPED - N1SCR04-730-PL19.ipt (already processed)
2026-01-13 21:09:27 | ANALYZE: DUPLICATE PART SKIPPED - N1SCR04-730-PL19.ipt (already processed)
2026-01-13 21:09:27 | ANALYZE: DUPLICATE PART SKIPPED - N1SCR04-730-PL19.ipt (already processed)
2026-01-13 21:09:27 | ANALYZE: Recursive processing completed - Total unique parts processed: 44
2026-01-13 21:09:27 | ANALYZE: Created 6 component groups
2026-01-13 21:09:27 | DEBUG GROUP: 'PL' contains 19 components:
2026-01-13 21:09:27 |   - C:\Users\Quintin\Documents\Spectiv\3. Working\22. DMS plant\21. SSCR04 - Primary Floats D&R Screen Station\730 CM Head Box\Unrenamed Parts\N1SCR04-730-PL1.ipt
2026-01-13 21:09:27 |   - C:\Users\Quintin\Documents\Spectiv\3. Working\22. DMS plant\21. SSCR04 - Primary Floats D&R Screen Station\730 CM Head Box\Unrenamed Parts\N1SCR04-730-PL2.ipt
2026-01-13 21:09:27 |   - C:\Users\Quintin\Documents\Spectiv\3. Working\22. DMS plant\21. SSCR04 - Primary Floats D&R Screen Station\730 CM Head Box\Unrenamed Parts\N1SCR04-730-PL3.ipt
2026-01-13 21:09:27 |   - C:\Users\Quintin\Documents\Spectiv\3. Working\22. DMS plant\21. SSCR04 - Primary Floats D&R Screen Station\730 CM Head Box\Unrenamed Parts\N1SCR04-730-PL4.ipt
2026-01-13 21:09:27 |   - C:\Users\Quintin\Documents\Spectiv\3. Working\22. DMS plant\21. SSCR04 - Primary Floats D&R Screen Station\730 CM Head Box\Unrenamed Parts\N1SCR04-730-PL5.ipt
2026-01-13 21:09:27 |   - C:\Users\Quintin\Documents\Spectiv\3. Working\22. DMS plant\21. SSCR04 - Primary Floats D&R Screen Station\730 CM Head Box\Unrenamed Parts\N1SCR04-730-PL6.ipt
2026-01-13 21:09:27 |   - C:\Users\Quintin\Documents\Spectiv\3. Working\22. DMS plant\21. SSCR04 - Primary Floats D&R Screen Station\730 CM Head Box\Unrenamed Parts\N1SCR04-730-PL7.ipt
2026-01-13 21:09:27 |   - C:\Users\Quintin\Documents\Spectiv\3. Working\22. DMS plant\21. SSCR04 - Primary Floats D&R Screen Station\730 CM Head Box\Unrenamed Parts\N1SCR04-730-PL8.ipt
2026-01-13 21:09:27 |   - C:\Users\Quintin\Documents\Spectiv\3. Working\22. DMS plant\21. SSCR04 - Primary Floats D&R Screen Station\730 CM Head Box\Unrenamed Parts\N1SCR04-730-PL9.ipt
2026-01-13 21:09:27 |   - C:\Users\Quintin\Documents\Spectiv\3. Working\22. DMS plant\21. SSCR04 - Primary Floats D&R Screen Station\730 CM Head Box\Unrenamed Parts\N1SCR04-730-PL10.ipt
2026-01-13 21:09:27 |   - C:\Users\Quintin\Documents\Spectiv\3. Working\22. DMS plant\21. SSCR04 - Primary Floats D&R Screen Station\730 CM Head Box\Unrenamed Parts\N1SCR04-730-PL11.ipt
2026-01-13 21:09:27 |   - C:\Users\Quintin\Documents\Spectiv\3. Working\22. DMS plant\21. SSCR04 - Primary Floats D&R Screen Station\730 CM Head Box\Unrenamed Parts\N1SCR04-730-PL12.ipt
2026-01-13 21:09:27 |   - C:\Users\Quintin\Documents\Spectiv\3. Working\22. DMS plant\21. SSCR04 - Primary Floats D&R Screen Station\730 CM Head Box\Unrenamed Parts\N1SCR04-730-PL13.ipt
2026-01-13 21:09:27 |   - C:\Users\Quintin\Documents\Spectiv\3. Working\22. DMS plant\21. SSCR04 - Primary Floats D&R Screen Station\730 CM Head Box\Unrenamed Parts\N1SCR04-730-PL14.ipt
2026-01-13 21:09:27 |   - C:\Users\Quintin\Documents\Spectiv\3. Working\22. DMS plant\21. SSCR04 - Primary Floats D&R Screen Station\730 CM Head Box\Unrenamed Parts\N1SCR04-730-PL15.ipt
2026-01-13 21:09:27 |   - C:\Users\Quintin\Documents\Spectiv\3. Working\22. DMS plant\21. SSCR04 - Primary Floats D&R Screen Station\730 CM Head Box\Unrenamed Parts\N1SCR04-730-PL16.ipt
2026-01-13 21:09:27 |   - C:\Users\Quintin\Documents\Spectiv\3. Working\22. DMS plant\21. SSCR04 - Primary Floats D&R Screen Station\730 CM Head Box\Unrenamed Parts\TEST01-PL17.ipt
2026-01-13 21:09:27 |   - C:\Users\Quintin\Documents\Spectiv\3. Working\22. DMS plant\21. SSCR04 - Primary Floats D&R Screen Station\730 CM Head Box\Unrenamed Parts\TEST01-PL18.ipt
2026-01-13 21:09:27 |   - C:\Users\Quintin\Documents\Spectiv\3. Working\22. DMS plant\21. SSCR04 - Primary Floats D&R Screen Station\730 CM Head Box\Unrenamed Parts\N1SCR04-730-PL19.ipt
2026-01-13 21:09:27 | DEBUG GROUP: 'P' contains 3 components:
2026-01-13 21:09:27 |   - C:\Users\Quintin\Documents\Spectiv\3. Working\22. DMS plant\21. SSCR04 - Primary Floats D&R Screen Station\730 CM Head Box\Unrenamed Parts\N1SCR04-730-FLG1.ipt
2026-01-13 21:09:27 |   - C:\Users\Quintin\Documents\Spectiv\3. Working\22. DMS plant\21. SSCR04 - Primary Floats D&R Screen Station\730 CM Head Box\Unrenamed Parts\N1SCR04-730-FLG3.ipt
2026-01-13 21:09:27 |   - C:\Users\Quintin\Documents\Spectiv\3. Working\22. DMS plant\21. SSCR04 - Primary Floats D&R Screen Station\730 CM Head Box\Unrenamed Parts\N1SCR04-730-FLG5.ipt
2026-01-13 21:09:27 | DEBUG GROUP: 'FLG' contains 3 components:
2026-01-13 21:09:27 |   - C:\Users\Quintin\Documents\Spectiv\3. Working\22. DMS plant\21. SSCR04 - Primary Floats D&R Screen Station\730 CM Head Box\Unrenamed Parts\N1SCR04-730-FLG2.ipt
2026-01-13 21:09:27 |   - C:\Users\Quintin\Documents\Spectiv\3. Working\22. DMS plant\21. SSCR04 - Primary Floats D&R Screen Station\730 CM Head Box\Unrenamed Parts\N1SCR04-730-FLG4.ipt
2026-01-13 21:09:27 |   - C:\Users\Quintin\Documents\Spectiv\3. Working\22. DMS plant\21. SSCR04 - Primary Floats D&R Screen Station\730 CM Head Box\Unrenamed Parts\N1SCR04-730-FLG6.ipt
2026-01-13 21:09:27 | DEBUG GROUP: 'A' contains 10 components:
2026-01-13 21:09:27 |   - C:\Users\Quintin\Documents\Spectiv\3. Working\22. DMS plant\21. SSCR04 - Primary Floats D&R Screen Station\730 CM Head Box\Unrenamed Parts\N1SCR04-730-A1.ipt
2026-01-13 21:09:27 |   - C:\Users\Quintin\Documents\Spectiv\3. Working\22. DMS plant\21. SSCR04 - Primary Floats D&R Screen Station\730 CM Head Box\Unrenamed Parts\N1SCR04-730-A2.ipt
2026-01-13 21:09:27 |   - C:\Users\Quintin\Documents\Spectiv\3. Working\22. DMS plant\21. SSCR04 - Primary Floats D&R Screen Station\730 CM Head Box\Unrenamed Parts\N1SCR04-730-A3.ipt
2026-01-13 21:09:27 |   - C:\Users\Quintin\Documents\Spectiv\3. Working\22. DMS plant\21. SSCR04 - Primary Floats D&R Screen Station\730 CM Head Box\Unrenamed Parts\N1SCR04-730-A4.ipt
2026-01-13 21:09:27 |   - C:\Users\Quintin\Documents\Spectiv\3. Working\22. DMS plant\21. SSCR04 - Primary Floats D&R Screen Station\730 CM Head Box\Unrenamed Parts\N1SCR04-730-A5.ipt
2026-01-13 21:09:27 |   - C:\Users\Quintin\Documents\Spectiv\3. Working\22. DMS plant\21. SSCR04 - Primary Floats D&R Screen Station\730 CM Head Box\Unrenamed Parts\N1SCR04-730-A6.ipt
2026-01-13 21:09:27 |   - C:\Users\Quintin\Documents\Spectiv\3. Working\22. DMS plant\21. SSCR04 - Primary Floats D&R Screen Station\730 CM Head Box\Unrenamed Parts\N1SCR04-730-A7.ipt
2026-01-13 21:09:27 |   - C:\Users\Quintin\Documents\Spectiv\3. Working\22. DMS plant\21. SSCR04 - Primary Floats D&R Screen Station\730 CM Head Box\Unrenamed Parts\N1SCR04-730-A8.ipt
2026-01-13 21:09:27 |   - C:\Users\Quintin\Documents\Spectiv\3. Working\22. DMS plant\21. SSCR04 - Primary Floats D&R Screen Station\730 CM Head Box\Unrenamed Parts\TEST01-A9.ipt
2026-01-13 21:09:27 |   - C:\Users\Quintin\Documents\Spectiv\3. Working\22. DMS plant\21. SSCR04 - Primary Floats D&R Screen Station\730 CM Head Box\Unrenamed Parts\TEST01-A10.ipt
2026-01-13 21:09:27 | DEBUG GROUP: 'FL' contains 7 components:
2026-01-13 21:09:27 |   - C:\Users\Quintin\Documents\Spectiv\3. Working\22. DMS plant\21. SSCR04 - Primary Floats D&R Screen Station\730 CM Head Box\Unrenamed Parts\N1SCR04-730-FL1.ipt
2026-01-13 21:09:27 |   - C:\Users\Quintin\Documents\Spectiv\3. Working\22. DMS plant\21. SSCR04 - Primary Floats D&R Screen Station\730 CM Head Box\Unrenamed Parts\TEST01-FL2.ipt
2026-01-13 21:09:27 |   - C:\Users\Quintin\Documents\Spectiv\3. Working\22. DMS plant\21. SSCR04 - Primary Floats D&R Screen Station\730 CM Head Box\Unrenamed Parts\TEST01-FL3.ipt
2026-01-13 21:09:27 |   - C:\Users\Quintin\Documents\Spectiv\3. Working\22. DMS plant\21. SSCR04 - Primary Floats D&R Screen Station\730 CM Head Box\Unrenamed Parts\TEST01-FL4.ipt
2026-01-13 21:09:27 |   - C:\Users\Quintin\Documents\Spectiv\3. Working\22. DMS plant\21. SSCR04 - Primary Floats D&R Screen Station\730 CM Head Box\Unrenamed Parts\TEST01-FL5.ipt
2026-01-13 21:09:27 |   - C:\Users\Quintin\Documents\Spectiv\3. Working\22. DMS plant\21. SSCR04 - Primary Floats D&R Screen Station\730 CM Head Box\Unrenamed Parts\TEST01-FL6.ipt
2026-01-13 21:09:27 |   - C:\Users\Quintin\Documents\Spectiv\3. Working\22. DMS plant\21. SSCR04 - Primary Floats D&R Screen Station\730 CM Head Box\Unrenamed Parts\TEST01-FL7.ipt
2026-01-13 21:09:27 | DEBUG GROUP: 'OTHER' contains 2 components:
2026-01-13 21:09:27 |   - C:\Users\Quintin\Documents\Spectiv\3. Working\22. DMS plant\21. SSCR04 - Primary Floats D&R Screen Station\730 CM Head Box\Unrenamed Parts\TEST01-PART1.ipt
2026-01-13 21:09:27 |   - C:\Users\Quintin\Documents\Spectiv\3. Working\22. DMS plant\21. SSCR04 - Primary Floats D&R Screen Station\730 CM Head Box\Unrenamed Parts\TEST01-PART2.ipt
2026-01-13 21:09:27 | STEP 3: Getting plant section naming convention
2026-01-13 21:09:27 | PLANT: Getting plant section naming convention from user
2026-01-13 21:09:28 | PLANT: Using default naming convention: TEST-000-
2026-01-13 21:09:29 | STEP 4: Showing component groups summary
2026-01-13 21:09:29 | SUMMARY: Showing component groups to user
2026-01-13 21:09:30 | SUMMARY: User cancelled after reviewing groups
