2026-01-14 13:46:13 | === DYNAMIC HERITAGE-BASED SOLUTION ===
2026-01-14 13:46:13 | Auto-detecting open model and creating dynamic renaming workflow
2026-01-14 13:46:14 | SUCCESS: Connected to existing Inventor instance
2026-01-14 13:46:14 | STEP 1: Detecting open assembly and analyzing components
2026-01-14 13:46:14 | DETECTED: Document type: 12291
2026-01-14 13:46:14 | DETECTED: Assembly by .iam extension - proceeding
2026-01-14 13:46:14 | DETECTED: Active assembly - N1SCR04-730.iam
2026-01-14 13:46:14 | DETECTED: Full path - C:\Users\Quintin\Documents\Spectiv\3. Working\22. DMS plant\REF\730 CM Head Box Rename Test\730 CM Head Box Rename Test\Workspaces\Workspace\21. SSCR04 - Primary Floats D&R Screen Station\730 CM Head Box\N1SCR04-730.iam
2026-01-14 13:46:15 | USER CONFIRMED: Proceeding with assembly processing
2026-01-14 13:46:15 | CONFIRMED: 42 occurrences to process
2026-01-14 13:46:15 | STEP 2: Flattening hierarchy and grouping components
2026-01-14 13:46:15 | ANALYZE: Recursively flattening ENTIRE model hierarchy and reading iProperty descriptions
2026-01-14 13:46:15 | ANALYZE: Processing assembly - N1SCR04-730.iam (Level: ROOT)
2026-01-14 13:46:15 | ANALYZE: Found 42 occurrences in N1SCR04-730.iam
2026-01-14 13:46:15 | ANALYZE: RECURSING into sub-assembly - Head Box.iam
2026-01-14 13:46:15 | ANALYZE: Processing assembly - Head Box.iam (Level: ROOT>Head Box.iam)
2026-01-14 13:46:15 | ANALYZE: Found 86 occurrences in Head Box.iam
2026-01-14 13:46:15 | ANALYZE: PART - TEST-000-PL1.ipt -> Description: PL 6mm S355JR -> Group: PL (from Head Box.iam)
2026-01-14 13:46:15 | ANALYZE: Created new group - PL
2026-01-14 13:46:15 | ANALYZE: PART - TEST-000-PL2.ipt -> Description: PL 6mm S355JR -> Group: PL (from Head Box.iam)
2026-01-14 13:46:15 | ANALYZE: PART - TEST-000-PL3.ipt -> Description: PL 6mm S355JR -> Group: PL (from Head Box.iam)
2026-01-14 13:46:15 | ANALYZE: PART - TEST-000-PL4.ipt -> Description: PL 6mm S355JR -> Group: PL (from Head Box.iam)
2026-01-14 13:46:15 | ANALYZE: PART - TEST-000-PL5.ipt -> Description: PL 6mm S355JR -> Group: PL (from Head Box.iam)
2026-01-14 13:46:15 | ANALYZE: PART - TEST-000-PL6.ipt -> Description: PL 6mm S355JR -> Group: PL (from Head Box.iam)
2026-01-14 13:46:15 | ANALYZE: PART - TEST-000-PL7.ipt -> Description: PL 6mm S355JR -> Group: PL (from Head Box.iam)
2026-01-14 13:46:15 | ANALYZE: PART - TEST-000-PL8.ipt -> Description: PL 6mm S355JR -> Group: PL (from Head Box.iam)
2026-01-14 13:46:15 | ANALYZE: DUPLICATE PART SKIPPED - TEST-000-PL8.ipt (already processed)
2026-01-14 13:46:16 | ANALYZE: DUPLICATE PART SKIPPED - TEST-000-PL8.ipt (already processed)
2026-01-14 13:46:16 | ANALYZE: PART - TEST-000-PL9.ipt -> Description: PL 6mm S355JR -> Group: PL (from Head Box.iam)
2026-01-14 13:46:16 | ANALYZE: PART - TEST-000-PL10.ipt -> Description: PL 6mm S355JR -> Group: PL (from Head Box.iam)
2026-01-14 13:46:16 | ANALYZE: DUPLICATE PART SKIPPED - TEST-000-PL10.ipt (already processed)
2026-01-14 13:46:16 | ANALYZE: PART - TEST-000-P1.ipt -> Description: PIPE - 800NB S.A.B.S.719 - 6 W.T. -> Group: P (from Head Box.iam)
2026-01-14 13:46:16 | ANALYZE: Created new group - P
2026-01-14 13:46:16 | ANALYZE: PART - TEST-000-FLG1.ipt -> Description: FLANGE - 600NB S.A.B.S.1123 1000/3 25 TH'K -> Group: FLG (from Head Box.iam)
2026-01-14 13:46:16 | ANALYZE: Created new group - FLG
2026-01-14 13:46:16 | ANALYZE: PART - TEST-000-P2.ipt -> Description: PIPE - 500NB S.A.B.S.719 - 6 W.T. -> Group: P (from Head Box.iam)
2026-01-14 13:46:16 | ANALYZE: PART - TEST-000-FLG2.ipt -> Description: FLANGE - 500NB S.A.B.S.1123 1000/3 25 TH'K -> Group: FLG (from Head Box.iam)
2026-01-14 13:46:16 | ANALYZE: DUPLICATE PART SKIPPED - TEST-000-P2.ipt (already processed)
2026-01-14 13:46:16 | ANALYZE: DUPLICATE PART SKIPPED - TEST-000-FLG2.ipt (already processed)
2026-01-14 13:46:16 | ANALYZE: PART - TEST-000-P3.ipt -> Description: PIPE - 200NB S.A.B.S.719 - 6 W.T. -> Group: P (from Head Box.iam)
2026-01-14 13:46:16 | ANALYZE: PART - TEST-000-FLG3.ipt -> Description: FLANGE - 200NB S.A.B.S.1123 1000/3 18 TH'K -> Group: FLG (from Head Box.iam)
2026-01-14 13:46:16 | ANALYZE: PART - TEST-000-A1.ipt -> Description: L60x60x6 -> Group: A (from Head Box.iam)
2026-01-14 13:46:16 | ANALYZE: Created new group - A
2026-01-14 13:46:16 | ANALYZE: PART - TEST-000-A2.ipt -> Description: L60x60x6 -> Group: A (from Head Box.iam)
2026-01-14 13:46:16 | ANALYZE: PART - TEST-000-A3.ipt -> Description: L60x60x6 -> Group: A (from Head Box.iam)
2026-01-14 13:46:16 | ANALYZE: PART - TEST-000-A4.ipt -> Description: L60x60x6 -> Group: A (from Head Box.iam)
2026-01-14 13:46:16 | ANALYZE: PART - TEST-000-A5.ipt -> Description: L60x60x6 -> Group: A (from Head Box.iam)
2026-01-14 13:46:16 | ANALYZE: PART - TEST-000-A6.ipt -> Description: L60x60x6 -> Group: A (from Head Box.iam)
2026-01-14 13:46:16 | ANALYZE: PART - TEST-000-A7.ipt -> Description: L50x50x6 -> Group: A (from Head Box.iam)
2026-01-14 13:46:16 | ANALYZE: DUPLICATE PART SKIPPED - TEST-000-A7.ipt (already processed)
2026-01-14 13:46:16 | ANALYZE: PART - TEST-000-A8.ipt -> Description: L50x50x6 -> Group: A (from Head Box.iam)
2026-01-14 13:46:16 | ANALYZE: DUPLICATE PART SKIPPED - TEST-000-A8.ipt (already processed)
2026-01-14 13:46:16 | ANALYZE: DUPLICATE PART SKIPPED - TEST-000-A7.ipt (already processed)
2026-01-14 13:46:16 | ANALYZE: DUPLICATE PART SKIPPED - TEST-000-A7.ipt (already processed)
2026-01-14 13:46:16 | ANALYZE: DUPLICATE PART SKIPPED - TEST-000-A8.ipt (already processed)
2026-01-14 13:46:16 | ANALYZE: DUPLICATE PART SKIPPED - TEST-000-A8.ipt (already processed)
2026-01-14 13:46:16 | ANALYZE: DUPLICATE PART SKIPPED - TEST-000-A7.ipt (already processed)
2026-01-14 13:46:16 | ANALYZE: DUPLICATE PART SKIPPED - TEST-000-A7.ipt (already processed)
2026-01-14 13:46:16 | ANALYZE: DUPLICATE PART SKIPPED - TEST-000-A8.ipt (already processed)
2026-01-14 13:46:16 | ANALYZE: DUPLICATE PART SKIPPED - TEST-000-A8.ipt (already processed)
2026-01-14 13:46:16 | ANALYZE: PART - TEST-000-PL11.ipt -> Description: PL 10mm S355JR -> Group: PL (from Head Box.iam)
2026-01-14 13:46:16 | ANALYZE: PART - TEST-000-PL12.ipt -> Description: PL 10mm S355JR -> Group: PL (from Head Box.iam)
2026-01-14 13:46:16 | ANALYZE: PART - TEST-000-PL13.ipt -> Description: PL 10mm S355JR -> Group: PL (from Head Box.iam)
2026-01-14 13:46:16 | ANALYZE: DUPLICATE PART SKIPPED - TEST-000-PL13.ipt (already processed)
2026-01-14 13:46:16 | ANALYZE: PART - TEST-000-FL1.ipt -> Description: FL50x8 -> Group: FL (from Head Box.iam)
2026-01-14 13:46:16 | ANALYZE: Created new group - FL
2026-01-14 13:46:16 | ANALYZE: DUPLICATE PART SKIPPED - TEST-000-FL1.ipt (already processed)
2026-01-14 13:46:16 | ANALYZE: DUPLICATE PART SKIPPED - TEST-000-PL12.ipt (already processed)
2026-01-14 13:46:16 | ANALYZE: DUPLICATE PART SKIPPED - TEST-000-PL13.ipt (already processed)
2026-01-14 13:46:16 | ANALYZE: DUPLICATE PART SKIPPED - TEST-000-PL13.ipt (already processed)
2026-01-14 13:46:16 | ANALYZE: DUPLICATE PART SKIPPED - TEST-000-FL1.ipt (already processed)
2026-01-14 13:46:16 | ANALYZE: DUPLICATE PART SKIPPED - TEST-000-FL1.ipt (already processed)
2026-01-14 13:46:16 | ANALYZE: DUPLICATE PART SKIPPED - TEST-000-PL12.ipt (already processed)
2026-01-14 13:46:16 | ANALYZE: DUPLICATE PART SKIPPED - TEST-000-PL13.ipt (already processed)
2026-01-14 13:46:16 | ANALYZE: DUPLICATE PART SKIPPED - TEST-000-PL13.ipt (already processed)
2026-01-14 13:46:16 | ANALYZE: DUPLICATE PART SKIPPED - TEST-000-FL1.ipt (already processed)
2026-01-14 13:46:16 | ANALYZE: DUPLICATE PART SKIPPED - TEST-000-FL1.ipt (already processed)
2026-01-14 13:46:16 | ANALYZE: DUPLICATE PART SKIPPED - TEST-000-PL12.ipt (already processed)
2026-01-14 13:46:16 | ANALYZE: DUPLICATE PART SKIPPED - TEST-000-PL13.ipt (already processed)
2026-01-14 13:46:16 | ANALYZE: DUPLICATE PART SKIPPED - TEST-000-PL13.ipt (already processed)
2026-01-14 13:46:16 | ANALYZE: DUPLICATE PART SKIPPED - TEST-000-FL1.ipt (already processed)
2026-01-14 13:46:16 | ANALYZE: DUPLICATE PART SKIPPED - TEST-000-FL1.ipt (already processed)
2026-01-14 13:46:16 | ANALYZE: DUPLICATE PART SKIPPED - TEST-000-PL12.ipt (already processed)
2026-01-14 13:46:16 | ANALYZE: DUPLICATE PART SKIPPED - TEST-000-PL13.ipt (already processed)
2026-01-14 13:46:16 | ANALYZE: DUPLICATE PART SKIPPED - TEST-000-PL13.ipt (already processed)
2026-01-14 13:46:16 | ANALYZE: DUPLICATE PART SKIPPED - TEST-000-FL1.ipt (already processed)
2026-01-14 13:46:16 | ANALYZE: DUPLICATE PART SKIPPED - TEST-000-FL1.ipt (already processed)
2026-01-14 13:46:16 | ANALYZE: DUPLICATE PART SKIPPED - TEST-000-PL12.ipt (already processed)
2026-01-14 13:46:16 | ANALYZE: DUPLICATE PART SKIPPED - TEST-000-PL13.ipt (already processed)
2026-01-14 13:46:16 | ANALYZE: DUPLICATE PART SKIPPED - TEST-000-PL13.ipt (already processed)
2026-01-14 13:46:16 | ANALYZE: DUPLICATE PART SKIPPED - TEST-000-FL1.ipt (already processed)
2026-01-14 13:46:16 | ANALYZE: DUPLICATE PART SKIPPED - TEST-000-FL1.ipt (already processed)
2026-01-14 13:46:16 | ANALYZE: PART - TEST-000-PL14.ipt -> Description: PL 25mm S355JR -> Group: PL (from Head Box.iam)
2026-01-14 13:46:16 | ANALYZE: PART - TEST-000-PL15.ipt -> Description: PL 20mm S355JR -> Group: PL (from Head Box.iam)
2026-01-14 13:46:16 | ANALYZE: DUPLICATE PART SKIPPED - TEST-000-PL14.ipt (already processed)
2026-01-14 13:46:16 | ANALYZE: DUPLICATE PART SKIPPED - TEST-000-PL15.ipt (already processed)
2026-01-14 13:46:16 | ANALYZE: DUPLICATE PART SKIPPED - TEST-000-PL14.ipt (already processed)
2026-01-14 13:46:16 | ANALYZE: DUPLICATE PART SKIPPED - TEST-000-PL15.ipt (already processed)
2026-01-14 13:46:16 | ANALYZE: DUPLICATE PART SKIPPED - TEST-000-PL14.ipt (already processed)
2026-01-14 13:46:16 | ANALYZE: DUPLICATE PART SKIPPED - TEST-000-PL15.ipt (already processed)
2026-01-14 13:46:16 | ANALYZE: DUPLICATE PART SKIPPED - TEST-000-PL14.ipt (already processed)
2026-01-14 13:46:16 | ANALYZE: DUPLICATE PART SKIPPED - TEST-000-PL15.ipt (already processed)
2026-01-14 13:46:17 | ANALYZE: DUPLICATE PART SKIPPED - TEST-000-PL14.ipt (already processed)
2026-01-14 13:46:17 | ANALYZE: DUPLICATE PART SKIPPED - TEST-000-PL15.ipt (already processed)
2026-01-14 13:46:17 | ANALYZE: PART - TEST-000-PL16.ipt -> Description: PL 8mm S355JR -> Group: PL (from Head Box.iam)
2026-01-14 13:46:17 | ANALYZE: DUPLICATE PART SKIPPED - TEST-000-PL16.ipt (already processed)
2026-01-14 13:46:17 | ANALYZE: DUPLICATE PART SKIPPED - TEST-000-PL16.ipt (already processed)
2026-01-14 13:46:17 | ANALYZE: DUPLICATE PART SKIPPED - TEST-000-PL16.ipt (already processed)
2026-01-14 13:46:17 | ANALYZE: RECURSING into sub-assembly - Lid-1.iam
2026-01-14 13:46:17 | ANALYZE: Processing assembly - Lid-1.iam (Level: ROOT>Lid-1.iam)
2026-01-14 13:46:17 | ANALYZE: Found 17 occurrences in Lid-1.iam
2026-01-14 13:46:17 | ANALYZE: PART - TEST-000-PL17.ipt -> Description: PL 6mm S355JR -> Group: PL (from Lid-1.iam)
2026-01-14 13:46:17 | ANALYZE: PART - TEST-000-A9.ipt -> Description: L60x60x6 -> Group: A (from Lid-1.iam)
2026-01-14 13:46:17 | ANALYZE: PART - TEST-000-FL2.ipt -> Description: FL50x8 -> Group: FL (from Lid-1.iam)
2026-01-14 13:46:17 | ANALYZE: DUPLICATE PART SKIPPED - TEST-000-FL2.ipt (already processed)
2026-01-14 13:46:17 | ANALYZE: DUPLICATE PART SKIPPED - TEST-000-FL2.ipt (already processed)
2026-01-14 13:46:17 | ANALYZE: PART - TEST-000-FL3.ipt -> Description: FL50x8 -> Group: FL (from Lid-1.iam)
2026-01-14 13:46:17 | ANALYZE: DUPLICATE PART SKIPPED - TEST-000-FL3.ipt (already processed)
2026-01-14 13:46:17 | ANALYZE: PART - TEST-000-FL4.ipt -> Description: FL50x8 -> Group: FL (from Lid-1.iam)
2026-01-14 13:46:17 | ANALYZE: DUPLICATE PART SKIPPED - TEST-000-FL4.ipt (already processed)
2026-01-14 13:46:17 | ANALYZE: DUPLICATE PART SKIPPED - TEST-000-FL3.ipt (already processed)
2026-01-14 13:46:17 | ANALYZE: DUPLICATE PART SKIPPED - TEST-000-FL3.ipt (already processed)
2026-01-14 13:46:17 | ANALYZE: DUPLICATE PART SKIPPED - TEST-000-FL4.ipt (already processed)
2026-01-14 13:46:17 | ANALYZE: DUPLICATE PART SKIPPED - TEST-000-FL4.ipt (already processed)
2026-01-14 13:46:17 | ANALYZE: PART - TEST-000-R1.ipt -> Description: R16 -> Group: R (from Lid-1.iam)
2026-01-14 13:46:17 | ANALYZE: Created new group - R
2026-01-14 13:46:17 | ANALYZE: DUPLICATE PART SKIPPED - TEST-000-R1.ipt (already processed)
2026-01-14 13:46:17 | ANALYZE: DUPLICATE PART SKIPPED - TEST-000-R1.ipt (already processed)
2026-01-14 13:46:17 | ANALYZE: DUPLICATE PART SKIPPED - TEST-000-R1.ipt (already processed)
2026-01-14 13:46:17 | ANALYZE: RECURSING into sub-assembly - Lid-1.iam
2026-01-14 13:46:17 | ANALYZE: Processing assembly - Lid-1.iam (Level: ROOT>Lid-1.iam)
2026-01-14 13:46:17 | ANALYZE: Found 17 occurrences in Lid-1.iam
2026-01-14 13:46:17 | ANALYZE: DUPLICATE PART SKIPPED - TEST-000-PL17.ipt (already processed)
2026-01-14 13:46:17 | ANALYZE: DUPLICATE PART SKIPPED - TEST-000-A9.ipt (already processed)
2026-01-14 13:46:17 | ANALYZE: DUPLICATE PART SKIPPED - TEST-000-FL2.ipt (already processed)
2026-01-14 13:46:17 | ANALYZE: DUPLICATE PART SKIPPED - TEST-000-FL2.ipt (already processed)
2026-01-14 13:46:17 | ANALYZE: DUPLICATE PART SKIPPED - TEST-000-FL2.ipt (already processed)
2026-01-14 13:46:17 | ANALYZE: DUPLICATE PART SKIPPED - TEST-000-FL3.ipt (already processed)
2026-01-14 13:46:17 | ANALYZE: DUPLICATE PART SKIPPED - TEST-000-FL3.ipt (already processed)
2026-01-14 13:46:17 | ANALYZE: DUPLICATE PART SKIPPED - TEST-000-FL4.ipt (already processed)
2026-01-14 13:46:17 | ANALYZE: DUPLICATE PART SKIPPED - TEST-000-FL4.ipt (already processed)
2026-01-14 13:46:17 | ANALYZE: DUPLICATE PART SKIPPED - TEST-000-FL3.ipt (already processed)
2026-01-14 13:46:17 | ANALYZE: DUPLICATE PART SKIPPED - TEST-000-FL3.ipt (already processed)
2026-01-14 13:46:17 | ANALYZE: DUPLICATE PART SKIPPED - TEST-000-FL4.ipt (already processed)
2026-01-14 13:46:17 | ANALYZE: DUPLICATE PART SKIPPED - TEST-000-FL4.ipt (already processed)
2026-01-14 13:46:17 | ANALYZE: DUPLICATE PART SKIPPED - TEST-000-R1.ipt (already processed)
2026-01-14 13:46:17 | ANALYZE: DUPLICATE PART SKIPPED - TEST-000-R1.ipt (already processed)
2026-01-14 13:46:17 | ANALYZE: DUPLICATE PART SKIPPED - TEST-000-R1.ipt (already processed)
2026-01-14 13:46:17 | ANALYZE: DUPLICATE PART SKIPPED - TEST-000-R1.ipt (already processed)
2026-01-14 13:46:17 | ANALYZE: RECURSING into sub-assembly - Lid-2.iam
2026-01-14 13:46:17 | ANALYZE: Processing assembly - Lid-2.iam (Level: ROOT>Lid-2.iam)
2026-01-14 13:46:17 | ANALYZE: Found 18 occurrences in Lid-2.iam
2026-01-14 13:46:17 | ANALYZE: PART - TEST-000-PL18.ipt -> Description: PL 6mm S355JR -> Group: PL (from Lid-2.iam)
2026-01-14 13:46:17 | ANALYZE: PART - TEST-000-A10.ipt -> Description: L60x60x6 -> Group: A (from Lid-2.iam)
2026-01-14 13:46:17 | ANALYZE: PART - TEST-000-FL5.ipt -> Description: FL50x8 -> Group: FL (from Lid-2.iam)
2026-01-14 13:46:17 | ANALYZE: DUPLICATE PART SKIPPED - TEST-000-FL5.ipt (already processed)
2026-01-14 13:46:17 | ANALYZE: DUPLICATE PART SKIPPED - TEST-000-FL5.ipt (already processed)
2026-01-14 13:46:17 | ANALYZE: DUPLICATE PART SKIPPED - TEST-000-A10.ipt (already processed)
2026-01-14 13:46:17 | ANALYZE: PART - TEST-000-FL6.ipt -> Description: FL50x8 -> Group: FL (from Lid-2.iam)
2026-01-14 13:46:17 | ANALYZE: DUPLICATE PART SKIPPED - TEST-000-FL6.ipt (already processed)
2026-01-14 13:46:17 | ANALYZE: PART - TEST-000-FL7.ipt -> Description: FL50x8 -> Group: FL (from Lid-2.iam)
2026-01-14 13:46:17 | ANALYZE: DUPLICATE PART SKIPPED - TEST-000-FL7.ipt (already processed)
2026-01-14 13:46:17 | ANALYZE: DUPLICATE PART SKIPPED - TEST-000-FL6.ipt (already processed)
2026-01-14 13:46:17 | ANALYZE: DUPLICATE PART SKIPPED - TEST-000-FL6.ipt (already processed)
2026-01-14 13:46:17 | ANALYZE: DUPLICATE PART SKIPPED - TEST-000-FL7.ipt (already processed)
2026-01-14 13:46:17 | ANALYZE: DUPLICATE PART SKIPPED - TEST-000-FL7.ipt (already processed)
2026-01-14 13:46:17 | ANALYZE: PART - TEST-000-R2.ipt -> Description: R16 -> Group: R (from Lid-2.iam)
2026-01-14 13:46:17 | ANALYZE: DUPLICATE PART SKIPPED - TEST-000-R2.ipt (already processed)
2026-01-14 13:46:17 | ANALYZE: DUPLICATE PART SKIPPED - TEST-000-R2.ipt (already processed)
2026-01-14 13:46:17 | ANALYZE: DUPLICATE PART SKIPPED - TEST-000-R2.ipt (already processed)
2026-01-14 13:46:17 | ANALYZE: SKIPPING Bolted Connection1.iam (bolted connection assembly)
2026-01-14 13:46:17 | ANALYZE: SKIPPING Bolted Connection2.iam (bolted connection assembly)
2026-01-14 13:46:17 | ANALYZE: PART - TEST-000-PL19.ipt -> Description: PL 6mm S355JR -> Group: PL (from N1SCR04-730.iam)
2026-01-14 13:46:17 | ANALYZE: DUPLICATE PART SKIPPED - TEST-000-PL19.ipt (already processed)
2026-01-14 13:46:17 | ANALYZE: DUPLICATE PART SKIPPED - TEST-000-PL19.ipt (already processed)
2026-01-14 13:46:17 | ANALYZE: DUPLICATE PART SKIPPED - TEST-000-PL19.ipt (already processed)
2026-01-14 13:46:17 | ANALYZE: DUPLICATE PART SKIPPED - TEST-000-PL19.ipt (already processed)
2026-01-14 13:46:17 | ANALYZE: DUPLICATE PART SKIPPED - TEST-000-PL19.ipt (already processed)
2026-01-14 13:46:17 | ANALYZE: DUPLICATE PART SKIPPED - TEST-000-PL19.ipt (already processed)
2026-01-14 13:46:17 | ANALYZE: DUPLICATE PART SKIPPED - TEST-000-PL19.ipt (already processed)
2026-01-14 13:46:17 | ANALYZE: DUPLICATE PART SKIPPED - TEST-000-PL19.ipt (already processed)
2026-01-14 13:46:17 | ANALYZE: DUPLICATE PART SKIPPED - TEST-000-PL19.ipt (already processed)
2026-01-14 13:46:17 | ANALYZE: DUPLICATE PART SKIPPED - TEST-000-PL19.ipt (already processed)
2026-01-14 13:46:17 | ANALYZE: DUPLICATE PART SKIPPED - TEST-000-PL19.ipt (already processed)
2026-01-14 13:46:18 | ANALYZE: DUPLICATE PART SKIPPED - TEST-000-PL19.ipt (already processed)
2026-01-14 13:46:18 | ANALYZE: DUPLICATE PART SKIPPED - TEST-000-PL19.ipt (already processed)
2026-01-14 13:46:18 | ANALYZE: DUPLICATE PART SKIPPED - TEST-000-PL19.ipt (already processed)
2026-01-14 13:46:18 | ANALYZE: DUPLICATE PART SKIPPED - TEST-000-PL19.ipt (already processed)
2026-01-14 13:46:18 | ANALYZE: DUPLICATE PART SKIPPED - TEST-000-PL19.ipt (already processed)
2026-01-14 13:46:18 | ANALYZE: DUPLICATE PART SKIPPED - TEST-000-PL19.ipt (already processed)
2026-01-14 13:46:18 | ANALYZE: DUPLICATE PART SKIPPED - TEST-000-PL19.ipt (already processed)
2026-01-14 13:46:18 | ANALYZE: DUPLICATE PART SKIPPED - TEST-000-PL19.ipt (already processed)
2026-01-14 13:46:18 | ANALYZE: DUPLICATE PART SKIPPED - TEST-000-PL19.ipt (already processed)
2026-01-14 13:46:18 | ANALYZE: DUPLICATE PART SKIPPED - TEST-000-PL19.ipt (already processed)
2026-01-14 13:46:18 | ANALYZE: DUPLICATE PART SKIPPED - TEST-000-PL19.ipt (already processed)
2026-01-14 13:46:18 | ANALYZE: DUPLICATE PART SKIPPED - TEST-000-PL19.ipt (already processed)
2026-01-14 13:46:18 | ANALYZE: DUPLICATE PART SKIPPED - TEST-000-PL19.ipt (already processed)
2026-01-14 13:46:18 | ANALYZE: DUPLICATE PART SKIPPED - TEST-000-PL19.ipt (already processed)
2026-01-14 13:46:18 | ANALYZE: DUPLICATE PART SKIPPED - TEST-000-PL19.ipt (already processed)
2026-01-14 13:46:18 | ANALYZE: DUPLICATE PART SKIPPED - TEST-000-PL19.ipt (already processed)
2026-01-14 13:46:18 | ANALYZE: DUPLICATE PART SKIPPED - TEST-000-PL19.ipt (already processed)
2026-01-14 13:46:18 | ANALYZE: DUPLICATE PART SKIPPED - TEST-000-PL19.ipt (already processed)
2026-01-14 13:46:18 | ANALYZE: DUPLICATE PART SKIPPED - TEST-000-PL19.ipt (already processed)
2026-01-14 13:46:18 | ANALYZE: DUPLICATE PART SKIPPED - TEST-000-PL19.ipt (already processed)
2026-01-14 13:46:18 | ANALYZE: DUPLICATE PART SKIPPED - TEST-000-PL19.ipt (already processed)
2026-01-14 13:46:18 | ANALYZE: DUPLICATE PART SKIPPED - TEST-000-PL19.ipt (already processed)
2026-01-14 13:46:18 | ANALYZE: DUPLICATE PART SKIPPED - TEST-000-PL19.ipt (already processed)
2026-01-14 13:46:18 | ANALYZE: DUPLICATE PART SKIPPED - TEST-000-PL19.ipt (already processed)
2026-01-14 13:46:18 | ANALYZE: Recursive processing completed - Total unique parts processed: 44
2026-01-14 13:46:18 | ANALYZE: Created 6 component groups
2026-01-14 13:46:18 | DEBUG GROUP: 'PL' contains 19 components:
2026-01-14 13:46:18 |   - C:\Users\Quintin\Documents\Spectiv\3. Working\22. DMS plant\REF\730 CM Head Box Rename Test\730 CM Head Box Rename Test\Workspaces\Workspace\21. SSCR04 - Primary Floats D&R Screen Station\730 CM Head Box\Head box\TEST-000-PL1.ipt
2026-01-14 13:46:18 |   - C:\Users\Quintin\Documents\Spectiv\3. Working\22. DMS plant\REF\730 CM Head Box Rename Test\730 CM Head Box Rename Test\Workspaces\Workspace\21. SSCR04 - Primary Floats D&R Screen Station\730 CM Head Box\Head box\TEST-000-PL2.ipt
2026-01-14 13:46:18 |   - C:\Users\Quintin\Documents\Spectiv\3. Working\22. DMS plant\REF\730 CM Head Box Rename Test\730 CM Head Box Rename Test\Workspaces\Workspace\21. SSCR04 - Primary Floats D&R Screen Station\730 CM Head Box\Head box\TEST-000-PL3.ipt
2026-01-14 13:46:18 |   - C:\Users\Quintin\Documents\Spectiv\3. Working\22. DMS plant\REF\730 CM Head Box Rename Test\730 CM Head Box Rename Test\Workspaces\Workspace\21. SSCR04 - Primary Floats D&R Screen Station\730 CM Head Box\Head box\TEST-000-PL4.ipt
2026-01-14 13:46:18 |   - C:\Users\Quintin\Documents\Spectiv\3. Working\22. DMS plant\REF\730 CM Head Box Rename Test\730 CM Head Box Rename Test\Workspaces\Workspace\21. SSCR04 - Primary Floats D&R Screen Station\730 CM Head Box\Head box\TEST-000-PL5.ipt
2026-01-14 13:46:18 |   - C:\Users\Quintin\Documents\Spectiv\3. Working\22. DMS plant\REF\730 CM Head Box Rename Test\730 CM Head Box Rename Test\Workspaces\Workspace\21. SSCR04 - Primary Floats D&R Screen Station\730 CM Head Box\Head box\TEST-000-PL6.ipt
2026-01-14 13:46:18 |   - C:\Users\Quintin\Documents\Spectiv\3. Working\22. DMS plant\REF\730 CM Head Box Rename Test\730 CM Head Box Rename Test\Workspaces\Workspace\21. SSCR04 - Primary Floats D&R Screen Station\730 CM Head Box\Head box\TEST-000-PL7.ipt
2026-01-14 13:46:18 |   - C:\Users\Quintin\Documents\Spectiv\3. Working\22. DMS plant\REF\730 CM Head Box Rename Test\730 CM Head Box Rename Test\Workspaces\Workspace\21. SSCR04 - Primary Floats D&R Screen Station\730 CM Head Box\Head box\TEST-000-PL8.ipt
2026-01-14 13:46:18 |   - C:\Users\Quintin\Documents\Spectiv\3. Working\22. DMS plant\REF\730 CM Head Box Rename Test\730 CM Head Box Rename Test\Workspaces\Workspace\21. SSCR04 - Primary Floats D&R Screen Station\730 CM Head Box\Head box\TEST-000-PL9.ipt
2026-01-14 13:46:18 |   - C:\Users\Quintin\Documents\Spectiv\3. Working\22. DMS plant\REF\730 CM Head Box Rename Test\730 CM Head Box Rename Test\Workspaces\Workspace\21. SSCR04 - Primary Floats D&R Screen Station\730 CM Head Box\Head box\TEST-000-PL10.ipt
2026-01-14 13:46:18 |   - C:\Users\Quintin\Documents\Spectiv\3. Working\22. DMS plant\REF\730 CM Head Box Rename Test\730 CM Head Box Rename Test\Workspaces\Workspace\21. SSCR04 - Primary Floats D&R Screen Station\730 CM Head Box\Head box\TEST-000-PL11.ipt
2026-01-14 13:46:18 |   - C:\Users\Quintin\Documents\Spectiv\3. Working\22. DMS plant\REF\730 CM Head Box Rename Test\730 CM Head Box Rename Test\Workspaces\Workspace\21. SSCR04 - Primary Floats D&R Screen Station\730 CM Head Box\Head box\TEST-000-PL12.ipt
2026-01-14 13:46:18 |   - C:\Users\Quintin\Documents\Spectiv\3. Working\22. DMS plant\REF\730 CM Head Box Rename Test\730 CM Head Box Rename Test\Workspaces\Workspace\21. SSCR04 - Primary Floats D&R Screen Station\730 CM Head Box\Head box\TEST-000-PL13.ipt
2026-01-14 13:46:18 |   - C:\Users\Quintin\Documents\Spectiv\3. Working\22. DMS plant\REF\730 CM Head Box Rename Test\730 CM Head Box Rename Test\Workspaces\Workspace\21. SSCR04 - Primary Floats D&R Screen Station\730 CM Head Box\Head box\TEST-000-PL14.ipt
2026-01-14 13:46:18 |   - C:\Users\Quintin\Documents\Spectiv\3. Working\22. DMS plant\REF\730 CM Head Box Rename Test\730 CM Head Box Rename Test\Workspaces\Workspace\21. SSCR04 - Primary Floats D&R Screen Station\730 CM Head Box\Head box\TEST-000-PL15.ipt
2026-01-14 13:46:18 |   - C:\Users\Quintin\Documents\Spectiv\3. Working\22. DMS plant\REF\730 CM Head Box Rename Test\730 CM Head Box Rename Test\Workspaces\Workspace\21. SSCR04 - Primary Floats D&R Screen Station\730 CM Head Box\Head box\TEST-000-PL16.ipt
2026-01-14 13:46:18 |   - C:\Users\Quintin\Documents\Spectiv\3. Working\22. DMS plant\REF\730 CM Head Box Rename Test\730 CM Head Box Rename Test\Workspaces\Workspace\21. SSCR04 - Primary Floats D&R Screen Station\730 CM Head Box\Head box\TEST-000-PL17.ipt
2026-01-14 13:46:18 |   - C:\Users\Quintin\Documents\Spectiv\3. Working\22. DMS plant\REF\730 CM Head Box Rename Test\730 CM Head Box Rename Test\Workspaces\Workspace\21. SSCR04 - Primary Floats D&R Screen Station\730 CM Head Box\Head box\TEST-000-PL18.ipt
2026-01-14 13:46:18 |   - C:\Users\Quintin\Documents\Spectiv\3. Working\22. DMS plant\REF\730 CM Head Box Rename Test\730 CM Head Box Rename Test\Workspaces\Workspace\21. SSCR04 - Primary Floats D&R Screen Station\730 CM Head Box\Head box\TEST-000-PL19.ipt
2026-01-14 13:46:18 | DEBUG GROUP: 'P' contains 3 components:
2026-01-14 13:46:18 |   - C:\Users\Quintin\Documents\Spectiv\3. Working\22. DMS plant\REF\730 CM Head Box Rename Test\730 CM Head Box Rename Test\Workspaces\Workspace\21. SSCR04 - Primary Floats D&R Screen Station\730 CM Head Box\Head box\TEST-000-P1.ipt
2026-01-14 13:46:18 |   - C:\Users\Quintin\Documents\Spectiv\3. Working\22. DMS plant\REF\730 CM Head Box Rename Test\730 CM Head Box Rename Test\Workspaces\Workspace\21. SSCR04 - Primary Floats D&R Screen Station\730 CM Head Box\Head box\TEST-000-P2.ipt
2026-01-14 13:46:18 |   - C:\Users\Quintin\Documents\Spectiv\3. Working\22. DMS plant\REF\730 CM Head Box Rename Test\730 CM Head Box Rename Test\Workspaces\Workspace\21. SSCR04 - Primary Floats D&R Screen Station\730 CM Head Box\Head box\TEST-000-P3.ipt
2026-01-14 13:46:18 | DEBUG GROUP: 'FLG' contains 3 components:
2026-01-14 13:46:18 |   - C:\Users\Quintin\Documents\Spectiv\3. Working\22. DMS plant\REF\730 CM Head Box Rename Test\730 CM Head Box Rename Test\Workspaces\Workspace\21. SSCR04 - Primary Floats D&R Screen Station\730 CM Head Box\Head box\TEST-000-FLG1.ipt
2026-01-14 13:46:18 |   - C:\Users\Quintin\Documents\Spectiv\3. Working\22. DMS plant\REF\730 CM Head Box Rename Test\730 CM Head Box Rename Test\Workspaces\Workspace\21. SSCR04 - Primary Floats D&R Screen Station\730 CM Head Box\Head box\TEST-000-FLG2.ipt
2026-01-14 13:46:18 |   - C:\Users\Quintin\Documents\Spectiv\3. Working\22. DMS plant\REF\730 CM Head Box Rename Test\730 CM Head Box Rename Test\Workspaces\Workspace\21. SSCR04 - Primary Floats D&R Screen Station\730 CM Head Box\Head box\TEST-000-FLG3.ipt
2026-01-14 13:46:18 | DEBUG GROUP: 'A' contains 10 components:
2026-01-14 13:46:18 |   - C:\Users\Quintin\Documents\Spectiv\3. Working\22. DMS plant\REF\730 CM Head Box Rename Test\730 CM Head Box Rename Test\Workspaces\Workspace\21. SSCR04 - Primary Floats D&R Screen Station\730 CM Head Box\Head box\TEST-000-A1.ipt
2026-01-14 13:46:18 |   - C:\Users\Quintin\Documents\Spectiv\3. Working\22. DMS plant\REF\730 CM Head Box Rename Test\730 CM Head Box Rename Test\Workspaces\Workspace\21. SSCR04 - Primary Floats D&R Screen Station\730 CM Head Box\Head box\TEST-000-A2.ipt
2026-01-14 13:46:18 |   - C:\Users\Quintin\Documents\Spectiv\3. Working\22. DMS plant\REF\730 CM Head Box Rename Test\730 CM Head Box Rename Test\Workspaces\Workspace\21. SSCR04 - Primary Floats D&R Screen Station\730 CM Head Box\Head box\TEST-000-A3.ipt
2026-01-14 13:46:18 |   - C:\Users\Quintin\Documents\Spectiv\3. Working\22. DMS plant\REF\730 CM Head Box Rename Test\730 CM Head Box Rename Test\Workspaces\Workspace\21. SSCR04 - Primary Floats D&R Screen Station\730 CM Head Box\Head box\TEST-000-A4.ipt
2026-01-14 13:46:18 |   - C:\Users\Quintin\Documents\Spectiv\3. Working\22. DMS plant\REF\730 CM Head Box Rename Test\730 CM Head Box Rename Test\Workspaces\Workspace\21. SSCR04 - Primary Floats D&R Screen Station\730 CM Head Box\Head box\TEST-000-A5.ipt
2026-01-14 13:46:18 |   - C:\Users\Quintin\Documents\Spectiv\3. Working\22. DMS plant\REF\730 CM Head Box Rename Test\730 CM Head Box Rename Test\Workspaces\Workspace\21. SSCR04 - Primary Floats D&R Screen Station\730 CM Head Box\Head box\TEST-000-A6.ipt
2026-01-14 13:46:18 |   - C:\Users\Quintin\Documents\Spectiv\3. Working\22. DMS plant\REF\730 CM Head Box Rename Test\730 CM Head Box Rename Test\Workspaces\Workspace\21. SSCR04 - Primary Floats D&R Screen Station\730 CM Head Box\Head box\TEST-000-A7.ipt
2026-01-14 13:46:18 |   - C:\Users\Quintin\Documents\Spectiv\3. Working\22. DMS plant\REF\730 CM Head Box Rename Test\730 CM Head Box Rename Test\Workspaces\Workspace\21. SSCR04 - Primary Floats D&R Screen Station\730 CM Head Box\Head box\TEST-000-A8.ipt
2026-01-14 13:46:18 |   - C:\Users\Quintin\Documents\Spectiv\3. Working\22. DMS plant\REF\730 CM Head Box Rename Test\730 CM Head Box Rename Test\Workspaces\Workspace\21. SSCR04 - Primary Floats D&R Screen Station\730 CM Head Box\Head box\TEST-000-A9.ipt
2026-01-14 13:46:18 |   - C:\Users\Quintin\Documents\Spectiv\3. Working\22. DMS plant\REF\730 CM Head Box Rename Test\730 CM Head Box Rename Test\Workspaces\Workspace\21. SSCR04 - Primary Floats D&R Screen Station\730 CM Head Box\Head box\TEST-000-A10.ipt
2026-01-14 13:46:18 | DEBUG GROUP: 'FL' contains 7 components:
2026-01-14 13:46:18 |   - C:\Users\Quintin\Documents\Spectiv\3. Working\22. DMS plant\REF\730 CM Head Box Rename Test\730 CM Head Box Rename Test\Workspaces\Workspace\21. SSCR04 - Primary Floats D&R Screen Station\730 CM Head Box\Head box\TEST-000-FL1.ipt
2026-01-14 13:46:18 |   - C:\Users\Quintin\Documents\Spectiv\3. Working\22. DMS plant\REF\730 CM Head Box Rename Test\730 CM Head Box Rename Test\Workspaces\Workspace\21. SSCR04 - Primary Floats D&R Screen Station\730 CM Head Box\Head box\TEST-000-FL2.ipt
2026-01-14 13:46:18 |   - C:\Users\Quintin\Documents\Spectiv\3. Working\22. DMS plant\REF\730 CM Head Box Rename Test\730 CM Head Box Rename Test\Workspaces\Workspace\21. SSCR04 - Primary Floats D&R Screen Station\730 CM Head Box\Head box\TEST-000-FL3.ipt
2026-01-14 13:46:18 |   - C:\Users\Quintin\Documents\Spectiv\3. Working\22. DMS plant\REF\730 CM Head Box Rename Test\730 CM Head Box Rename Test\Workspaces\Workspace\21. SSCR04 - Primary Floats D&R Screen Station\730 CM Head Box\Head box\TEST-000-FL4.ipt
2026-01-14 13:46:18 |   - C:\Users\Quintin\Documents\Spectiv\3. Working\22. DMS plant\REF\730 CM Head Box Rename Test\730 CM Head Box Rename Test\Workspaces\Workspace\21. SSCR04 - Primary Floats D&R Screen Station\730 CM Head Box\Head box\TEST-000-FL5.ipt
2026-01-14 13:46:18 |   - C:\Users\Quintin\Documents\Spectiv\3. Working\22. DMS plant\REF\730 CM Head Box Rename Test\730 CM Head Box Rename Test\Workspaces\Workspace\21. SSCR04 - Primary Floats D&R Screen Station\730 CM Head Box\Head box\TEST-000-FL6.ipt
2026-01-14 13:46:18 |   - C:\Users\Quintin\Documents\Spectiv\3. Working\22. DMS plant\REF\730 CM Head Box Rename Test\730 CM Head Box Rename Test\Workspaces\Workspace\21. SSCR04 - Primary Floats D&R Screen Station\730 CM Head Box\Head box\TEST-000-FL7.ipt
2026-01-14 13:46:18 | DEBUG GROUP: 'R' contains 2 components:
2026-01-14 13:46:18 |   - C:\Users\Quintin\Documents\Spectiv\3. Working\22. DMS plant\REF\730 CM Head Box Rename Test\730 CM Head Box Rename Test\Workspaces\Workspace\21. SSCR04 - Primary Floats D&R Screen Station\730 CM Head Box\Head box\TEST-000-R1.ipt
2026-01-14 13:46:18 |   - C:\Users\Quintin\Documents\Spectiv\3. Working\22. DMS plant\REF\730 CM Head Box Rename Test\730 CM Head Box Rename Test\Workspaces\Workspace\21. SSCR04 - Primary Floats D&R Screen Station\730 CM Head Box\Head box\TEST-000-R2.ipt
2026-01-14 13:46:18 | STEP 3: Getting plant section naming convention
2026-01-14 13:46:18 | PLANT: Getting plant section naming convention from user
2026-01-14 13:46:26 | PLANT: Using custom naming convention: N1SCR04-730-
2026-01-14 13:46:28 | STEP 4: Showing component groups summary
2026-01-14 13:46:28 | SUMMARY: Showing component groups to user
2026-01-14 13:46:29 | SUMMARY: User approved component groups
2026-01-14 13:46:29 | STEP 5: Getting user naming schemes for component groups
2026-01-14 13:46:29 | INPUT: Getting user naming schemes for 6 groups
2026-01-14 13:46:32 | INPUT: Group 'PL' -> Scheme: N1SCR04-730-PL{N}
2026-01-14 13:46:33 | INPUT: Group 'P' -> Scheme: N1SCR04-730-P{N}
2026-01-14 13:46:37 | INPUT: Group 'FLG' -> Scheme: N1SCR04-730-FLG{N}
2026-01-14 13:46:38 | INPUT: Group 'A' -> Scheme: N1SCR04-730-A{N}
2026-01-14 13:46:39 | INPUT: Group 'FL' -> Scheme: N1SCR04-730-FL{N}
2026-01-14 13:46:40 | INPUT: Group 'R' -> Scheme: N1SCR04-730-R{N}
2026-01-14 13:46:40 | STEP 6: Creating heritage-based copies with user naming
2026-01-14 13:46:40 | HERITAGE: Creating dynamic heritage-based copies
2026-01-14 13:46:40 | HERITAGE: Scanning mapping file for existing heritage files to continue numbering
2026-01-14 13:46:40 | HERITAGE: Starting fresh - not loading existing counters
2026-01-14 13:46:40 | EXTRACT: Processing naming scheme: N1SCR04-730-PL{N}
2026-01-14 13:46:40 | EXTRACT: Extracted prefix: 'N1SCR04-730-'
2026-01-14 13:46:40 | HERITAGE: Checking for existing counter with key: 'N1SCR04-730-PL'
2026-01-14 13:46:40 | HERITAGE: Group 'PL' starting from number 1 (new prefix or group - key 'N1SCR04-730-PL' not found)
2026-01-14 13:46:40 | HERITAGE: DEBUG - No existing counters found
2026-01-14 13:46:40 | HERITAGE: Processing group 'PL' with scheme: N1SCR04-730-PL{N}
2026-01-14 13:46:40 | HERITAGE: TEST-000-PL1.ipt -> N1SCR04-730-PL1.ipt
2026-01-14 13:46:40 | MAPPING: C:\Users\Quintin\Documents\Spectiv\3. Working\22. DMS plant\REF\730 CM Head Box Rename Test\730 CM Head Box Rename Test\Workspaces\Workspace\21. SSCR04 - Primary Floats D&R Screen Station\730 CM Head Box\Head box\TEST-000-PL1.ipt -> C:\Users\Quintin\Documents\Spectiv\3. Working\22. DMS plant\REF\730 CM Head Box Rename Test\730 CM Head Box Rename Test\Workspaces\Workspace\21. SSCR04 - Primary Floats D&R Screen Station\730 CM Head Box\Head box\N1SCR04-730-PL1.ipt
2026-01-14 13:46:40 | HERITAGE: Creating new file: N1SCR04-730-PL1.ipt
2026-01-14 13:46:41 | HERITAGE: SUCCESS - Created N1SCR04-730-PL1.ipt
2026-01-14 13:46:41 | HERITAGE: TEST-000-PL2.ipt -> N1SCR04-730-PL2.ipt
2026-01-14 13:46:41 | MAPPING: C:\Users\Quintin\Documents\Spectiv\3. Working\22. DMS plant\REF\730 CM Head Box Rename Test\730 CM Head Box Rename Test\Workspaces\Workspace\21. SSCR04 - Primary Floats D&R Screen Station\730 CM Head Box\Head box\TEST-000-PL2.ipt -> C:\Users\Quintin\Documents\Spectiv\3. Working\22. DMS plant\REF\730 CM Head Box Rename Test\730 CM Head Box Rename Test\Workspaces\Workspace\21. SSCR04 - Primary Floats D&R Screen Station\730 CM Head Box\Head box\N1SCR04-730-PL2.ipt
2026-01-14 13:46:41 | HERITAGE: Creating new file: N1SCR04-730-PL2.ipt
2026-01-14 13:46:41 | HERITAGE: SUCCESS - Created N1SCR04-730-PL2.ipt
2026-01-14 13:46:41 | HERITAGE: TEST-000-PL3.ipt -> N1SCR04-730-PL3.ipt
2026-01-14 13:46:41 | MAPPING: C:\Users\Quintin\Documents\Spectiv\3. Working\22. DMS plant\REF\730 CM Head Box Rename Test\730 CM Head Box Rename Test\Workspaces\Workspace\21. SSCR04 - Primary Floats D&R Screen Station\730 CM Head Box\Head box\TEST-000-PL3.ipt -> C:\Users\Quintin\Documents\Spectiv\3. Working\22. DMS plant\REF\730 CM Head Box Rename Test\730 CM Head Box Rename Test\Workspaces\Workspace\21. SSCR04 - Primary Floats D&R Screen Station\730 CM Head Box\Head box\N1SCR04-730-PL3.ipt
2026-01-14 13:46:41 | HERITAGE: Creating new file: N1SCR04-730-PL3.ipt
2026-01-14 13:46:41 | HERITAGE: SUCCESS - Created N1SCR04-730-PL3.ipt
2026-01-14 13:46:41 | HERITAGE: TEST-000-PL4.ipt -> N1SCR04-730-PL4.ipt
2026-01-14 13:46:41 | MAPPING: C:\Users\Quintin\Documents\Spectiv\3. Working\22. DMS plant\REF\730 CM Head Box Rename Test\730 CM Head Box Rename Test\Workspaces\Workspace\21. SSCR04 - Primary Floats D&R Screen Station\730 CM Head Box\Head box\TEST-000-PL4.ipt -> C:\Users\Quintin\Documents\Spectiv\3. Working\22. DMS plant\REF\730 CM Head Box Rename Test\730 CM Head Box Rename Test\Workspaces\Workspace\21. SSCR04 - Primary Floats D&R Screen Station\730 CM Head Box\Head box\N1SCR04-730-PL4.ipt
2026-01-14 13:46:41 | HERITAGE: Creating new file: N1SCR04-730-PL4.ipt
2026-01-14 13:46:41 | HERITAGE: SUCCESS - Created N1SCR04-730-PL4.ipt
2026-01-14 13:46:41 | HERITAGE: TEST-000-PL5.ipt -> N1SCR04-730-PL5.ipt
2026-01-14 13:46:41 | MAPPING: C:\Users\Quintin\Documents\Spectiv\3. Working\22. DMS plant\REF\730 CM Head Box Rename Test\730 CM Head Box Rename Test\Workspaces\Workspace\21. SSCR04 - Primary Floats D&R Screen Station\730 CM Head Box\Head box\TEST-000-PL5.ipt -> C:\Users\Quintin\Documents\Spectiv\3. Working\22. DMS plant\REF\730 CM Head Box Rename Test\730 CM Head Box Rename Test\Workspaces\Workspace\21. SSCR04 - Primary Floats D&R Screen Station\730 CM Head Box\Head box\N1SCR04-730-PL5.ipt
2026-01-14 13:46:41 | HERITAGE: Creating new file: N1SCR04-730-PL5.ipt
2026-01-14 13:46:41 | HERITAGE: SUCCESS - Created N1SCR04-730-PL5.ipt
2026-01-14 13:46:41 | HERITAGE: TEST-000-PL6.ipt -> N1SCR04-730-PL6.ipt
2026-01-14 13:46:41 | MAPPING: C:\Users\Quintin\Documents\Spectiv\3. Working\22. DMS plant\REF\730 CM Head Box Rename Test\730 CM Head Box Rename Test\Workspaces\Workspace\21. SSCR04 - Primary Floats D&R Screen Station\730 CM Head Box\Head box\TEST-000-PL6.ipt -> C:\Users\Quintin\Documents\Spectiv\3. Working\22. DMS plant\REF\730 CM Head Box Rename Test\730 CM Head Box Rename Test\Workspaces\Workspace\21. SSCR04 - Primary Floats D&R Screen Station\730 CM Head Box\Head box\N1SCR04-730-PL6.ipt
2026-01-14 13:46:41 | HERITAGE: Creating new file: N1SCR04-730-PL6.ipt
2026-01-14 13:46:42 | HERITAGE: SUCCESS - Created N1SCR04-730-PL6.ipt
2026-01-14 13:46:42 | HERITAGE: TEST-000-PL7.ipt -> N1SCR04-730-PL7.ipt
2026-01-14 13:46:42 | MAPPING: C:\Users\Quintin\Documents\Spectiv\3. Working\22. DMS plant\REF\730 CM Head Box Rename Test\730 CM Head Box Rename Test\Workspaces\Workspace\21. SSCR04 - Primary Floats D&R Screen Station\730 CM Head Box\Head box\TEST-000-PL7.ipt -> C:\Users\Quintin\Documents\Spectiv\3. Working\22. DMS plant\REF\730 CM Head Box Rename Test\730 CM Head Box Rename Test\Workspaces\Workspace\21. SSCR04 - Primary Floats D&R Screen Station\730 CM Head Box\Head box\N1SCR04-730-PL7.ipt
2026-01-14 13:46:42 | HERITAGE: Creating new file: N1SCR04-730-PL7.ipt
2026-01-14 13:46:42 | HERITAGE: SUCCESS - Created N1SCR04-730-PL7.ipt
2026-01-14 13:46:42 | HERITAGE: TEST-000-PL8.ipt -> N1SCR04-730-PL8.ipt
2026-01-14 13:46:42 | MAPPING: C:\Users\Quintin\Documents\Spectiv\3. Working\22. DMS plant\REF\730 CM Head Box Rename Test\730 CM Head Box Rename Test\Workspaces\Workspace\21. SSCR04 - Primary Floats D&R Screen Station\730 CM Head Box\Head box\TEST-000-PL8.ipt -> C:\Users\Quintin\Documents\Spectiv\3. Working\22. DMS plant\REF\730 CM Head Box Rename Test\730 CM Head Box Rename Test\Workspaces\Workspace\21. SSCR04 - Primary Floats D&R Screen Station\730 CM Head Box\Head box\N1SCR04-730-PL8.ipt
2026-01-14 13:46:42 | HERITAGE: Creating new file: N1SCR04-730-PL8.ipt
2026-01-14 13:46:42 | HERITAGE: SUCCESS - Created N1SCR04-730-PL8.ipt
2026-01-14 13:46:42 | HERITAGE: TEST-000-PL9.ipt -> N1SCR04-730-PL9.ipt
2026-01-14 13:46:42 | MAPPING: C:\Users\Quintin\Documents\Spectiv\3. Working\22. DMS plant\REF\730 CM Head Box Rename Test\730 CM Head Box Rename Test\Workspaces\Workspace\21. SSCR04 - Primary Floats D&R Screen Station\730 CM Head Box\Head box\TEST-000-PL9.ipt -> C:\Users\Quintin\Documents\Spectiv\3. Working\22. DMS plant\REF\730 CM Head Box Rename Test\730 CM Head Box Rename Test\Workspaces\Workspace\21. SSCR04 - Primary Floats D&R Screen Station\730 CM Head Box\Head box\N1SCR04-730-PL9.ipt
2026-01-14 13:46:42 | HERITAGE: Creating new file: N1SCR04-730-PL9.ipt
2026-01-14 13:46:42 | HERITAGE: SUCCESS - Created N1SCR04-730-PL9.ipt
2026-01-14 13:46:42 | HERITAGE: TEST-000-PL10.ipt -> N1SCR04-730-PL10.ipt
2026-01-14 13:46:42 | MAPPING: C:\Users\Quintin\Documents\Spectiv\3. Working\22. DMS plant\REF\730 CM Head Box Rename Test\730 CM Head Box Rename Test\Workspaces\Workspace\21. SSCR04 - Primary Floats D&R Screen Station\730 CM Head Box\Head box\TEST-000-PL10.ipt -> C:\Users\Quintin\Documents\Spectiv\3. Working\22. DMS plant\REF\730 CM Head Box Rename Test\730 CM Head Box Rename Test\Workspaces\Workspace\21. SSCR04 - Primary Floats D&R Screen Station\730 CM Head Box\Head box\N1SCR04-730-PL10.ipt
2026-01-14 13:46:42 | HERITAGE: Creating new file: N1SCR04-730-PL10.ipt
2026-01-14 13:46:43 | HERITAGE: SUCCESS - Created N1SCR04-730-PL10.ipt
2026-01-14 13:46:43 | HERITAGE: TEST-000-PL11.ipt -> N1SCR04-730-PL11.ipt
2026-01-14 13:46:43 | MAPPING: C:\Users\Quintin\Documents\Spectiv\3. Working\22. DMS plant\REF\730 CM Head Box Rename Test\730 CM Head Box Rename Test\Workspaces\Workspace\21. SSCR04 - Primary Floats D&R Screen Station\730 CM Head Box\Head box\TEST-000-PL11.ipt -> C:\Users\Quintin\Documents\Spectiv\3. Working\22. DMS plant\REF\730 CM Head Box Rename Test\730 CM Head Box Rename Test\Workspaces\Workspace\21. SSCR04 - Primary Floats D&R Screen Station\730 CM Head Box\Head box\N1SCR04-730-PL11.ipt
2026-01-14 13:46:43 | HERITAGE: Creating new file: N1SCR04-730-PL11.ipt
2026-01-14 13:46:43 | HERITAGE: SUCCESS - Created N1SCR04-730-PL11.ipt
2026-01-14 13:46:43 | HERITAGE: TEST-000-PL12.ipt -> N1SCR04-730-PL12.ipt
2026-01-14 13:46:43 | MAPPING: C:\Users\Quintin\Documents\Spectiv\3. Working\22. DMS plant\REF\730 CM Head Box Rename Test\730 CM Head Box Rename Test\Workspaces\Workspace\21. SSCR04 - Primary Floats D&R Screen Station\730 CM Head Box\Head box\TEST-000-PL12.ipt -> C:\Users\Quintin\Documents\Spectiv\3. Working\22. DMS plant\REF\730 CM Head Box Rename Test\730 CM Head Box Rename Test\Workspaces\Workspace\21. SSCR04 - Primary Floats D&R Screen Station\730 CM Head Box\Head box\N1SCR04-730-PL12.ipt
2026-01-14 13:46:43 | HERITAGE: Creating new file: N1SCR04-730-PL12.ipt
2026-01-14 13:46:43 | HERITAGE: SUCCESS - Created N1SCR04-730-PL12.ipt
2026-01-14 13:46:43 | HERITAGE: TEST-000-PL13.ipt -> N1SCR04-730-PL13.ipt
2026-01-14 13:46:43 | MAPPING: C:\Users\Quintin\Documents\Spectiv\3. Working\22. DMS plant\REF\730 CM Head Box Rename Test\730 CM Head Box Rename Test\Workspaces\Workspace\21. SSCR04 - Primary Floats D&R Screen Station\730 CM Head Box\Head box\TEST-000-PL13.ipt -> C:\Users\Quintin\Documents\Spectiv\3. Working\22. DMS plant\REF\730 CM Head Box Rename Test\730 CM Head Box Rename Test\Workspaces\Workspace\21. SSCR04 - Primary Floats D&R Screen Station\730 CM Head Box\Head box\N1SCR04-730-PL13.ipt
2026-01-14 13:46:43 | HERITAGE: Creating new file: N1SCR04-730-PL13.ipt
2026-01-14 13:46:43 | HERITAGE: SUCCESS - Created N1SCR04-730-PL13.ipt
2026-01-14 13:46:43 | HERITAGE: TEST-000-PL14.ipt -> N1SCR04-730-PL14.ipt
2026-01-14 13:46:43 | MAPPING: C:\Users\Quintin\Documents\Spectiv\3. Working\22. DMS plant\REF\730 CM Head Box Rename Test\730 CM Head Box Rename Test\Workspaces\Workspace\21. SSCR04 - Primary Floats D&R Screen Station\730 CM Head Box\Head box\TEST-000-PL14.ipt -> C:\Users\Quintin\Documents\Spectiv\3. Working\22. DMS plant\REF\730 CM Head Box Rename Test\730 CM Head Box Rename Test\Workspaces\Workspace\21. SSCR04 - Primary Floats D&R Screen Station\730 CM Head Box\Head box\N1SCR04-730-PL14.ipt
2026-01-14 13:46:43 | HERITAGE: Creating new file: N1SCR04-730-PL14.ipt
2026-01-14 13:46:43 | HERITAGE: SUCCESS - Created N1SCR04-730-PL14.ipt
2026-01-14 13:46:43 | HERITAGE: TEST-000-PL15.ipt -> N1SCR04-730-PL15.ipt
2026-01-14 13:46:43 | MAPPING: C:\Users\Quintin\Documents\Spectiv\3. Working\22. DMS plant\REF\730 CM Head Box Rename Test\730 CM Head Box Rename Test\Workspaces\Workspace\21. SSCR04 - Primary Floats D&R Screen Station\730 CM Head Box\Head box\TEST-000-PL15.ipt -> C:\Users\Quintin\Documents\Spectiv\3. Working\22. DMS plant\REF\730 CM Head Box Rename Test\730 CM Head Box Rename Test\Workspaces\Workspace\21. SSCR04 - Primary Floats D&R Screen Station\730 CM Head Box\Head box\N1SCR04-730-PL15.ipt
2026-01-14 13:46:43 | HERITAGE: Creating new file: N1SCR04-730-PL15.ipt
2026-01-14 13:46:43 | HERITAGE: SUCCESS - Created N1SCR04-730-PL15.ipt
2026-01-14 13:46:43 | HERITAGE: TEST-000-PL16.ipt -> N1SCR04-730-PL16.ipt
2026-01-14 13:46:43 | MAPPING: C:\Users\Quintin\Documents\Spectiv\3. Working\22. DMS plant\REF\730 CM Head Box Rename Test\730 CM Head Box Rename Test\Workspaces\Workspace\21. SSCR04 - Primary Floats D&R Screen Station\730 CM Head Box\Head box\TEST-000-PL16.ipt -> C:\Users\Quintin\Documents\Spectiv\3. Working\22. DMS plant\REF\730 CM Head Box Rename Test\730 CM Head Box Rename Test\Workspaces\Workspace\21. SSCR04 - Primary Floats D&R Screen Station\730 CM Head Box\Head box\N1SCR04-730-PL16.ipt
2026-01-14 13:46:43 | HERITAGE: Creating new file: N1SCR04-730-PL16.ipt
2026-01-14 13:46:44 | HERITAGE: SUCCESS - Created N1SCR04-730-PL16.ipt
2026-01-14 13:46:44 | HERITAGE: TEST-000-PL17.ipt -> N1SCR04-730-PL17.ipt
2026-01-14 13:46:44 | MAPPING: C:\Users\Quintin\Documents\Spectiv\3. Working\22. DMS plant\REF\730 CM Head Box Rename Test\730 CM Head Box Rename Test\Workspaces\Workspace\21. SSCR04 - Primary Floats D&R Screen Station\730 CM Head Box\Head box\TEST-000-PL17.ipt -> C:\Users\Quintin\Documents\Spectiv\3. Working\22. DMS plant\REF\730 CM Head Box Rename Test\730 CM Head Box Rename Test\Workspaces\Workspace\21. SSCR04 - Primary Floats D&R Screen Station\730 CM Head Box\Head box\N1SCR04-730-PL17.ipt
2026-01-14 13:46:44 | HERITAGE: Creating new file: N1SCR04-730-PL17.ipt
2026-01-14 13:46:44 | HERITAGE: SUCCESS - Created N1SCR04-730-PL17.ipt
2026-01-14 13:46:44 | HERITAGE: TEST-000-PL18.ipt -> N1SCR04-730-PL18.ipt
2026-01-14 13:46:44 | MAPPING: C:\Users\Quintin\Documents\Spectiv\3. Working\22. DMS plant\REF\730 CM Head Box Rename Test\730 CM Head Box Rename Test\Workspaces\Workspace\21. SSCR04 - Primary Floats D&R Screen Station\730 CM Head Box\Head box\TEST-000-PL18.ipt -> C:\Users\Quintin\Documents\Spectiv\3. Working\22. DMS plant\REF\730 CM Head Box Rename Test\730 CM Head Box Rename Test\Workspaces\Workspace\21. SSCR04 - Primary Floats D&R Screen Station\730 CM Head Box\Head box\N1SCR04-730-PL18.ipt
2026-01-14 13:46:44 | HERITAGE: Creating new file: N1SCR04-730-PL18.ipt
2026-01-14 13:46:44 | HERITAGE: SUCCESS - Created N1SCR04-730-PL18.ipt
2026-01-14 13:46:44 | HERITAGE: TEST-000-PL19.ipt -> N1SCR04-730-PL19.ipt
2026-01-14 13:46:44 | MAPPING: C:\Users\Quintin\Documents\Spectiv\3. Working\22. DMS plant\REF\730 CM Head Box Rename Test\730 CM Head Box Rename Test\Workspaces\Workspace\21. SSCR04 - Primary Floats D&R Screen Station\730 CM Head Box\Head box\TEST-000-PL19.ipt -> C:\Users\Quintin\Documents\Spectiv\3. Working\22. DMS plant\REF\730 CM Head Box Rename Test\730 CM Head Box Rename Test\Workspaces\Workspace\21. SSCR04 - Primary Floats D&R Screen Station\730 CM Head Box\Head box\N1SCR04-730-PL19.ipt
2026-01-14 13:46:44 | HERITAGE: Creating new file: N1SCR04-730-PL19.ipt
2026-01-14 13:46:44 | HERITAGE: SUCCESS - Created N1SCR04-730-PL19.ipt
2026-01-14 13:46:44 | REGISTRY: Saved N1SCR04-730-PL = 19
2026-01-14 13:46:44 | EXTRACT: Processing naming scheme: N1SCR04-730-P{N}
2026-01-14 13:46:44 | EXTRACT: Extracted prefix: 'N1SCR04-730-'
2026-01-14 13:46:44 | HERITAGE: Checking for existing counter with key: 'N1SCR04-730-P'
2026-01-14 13:46:44 | HERITAGE: Group 'P' starting from number 1 (new prefix or group - key 'N1SCR04-730-P' not found)
2026-01-14 13:46:44 | HERITAGE: DEBUG - No existing counters found
2026-01-14 13:46:44 | HERITAGE: Processing group 'P' with scheme: N1SCR04-730-P{N}
2026-01-14 13:46:44 | HERITAGE: TEST-000-P1.ipt -> N1SCR04-730-P1.ipt
2026-01-14 13:46:44 | MAPPING: C:\Users\Quintin\Documents\Spectiv\3. Working\22. DMS plant\REF\730 CM Head Box Rename Test\730 CM Head Box Rename Test\Workspaces\Workspace\21. SSCR04 - Primary Floats D&R Screen Station\730 CM Head Box\Head box\TEST-000-P1.ipt -> C:\Users\Quintin\Documents\Spectiv\3. Working\22. DMS plant\REF\730 CM Head Box Rename Test\730 CM Head Box Rename Test\Workspaces\Workspace\21. SSCR04 - Primary Floats D&R Screen Station\730 CM Head Box\Head box\N1SCR04-730-P1.ipt
2026-01-14 13:46:44 | HERITAGE: Creating new file: N1SCR04-730-P1.ipt
2026-01-14 13:46:44 | HERITAGE: SUCCESS - Created N1SCR04-730-P1.ipt
2026-01-14 13:46:44 | HERITAGE: TEST-000-P2.ipt -> N1SCR04-730-P2.ipt
2026-01-14 13:46:44 | MAPPING: C:\Users\Quintin\Documents\Spectiv\3. Working\22. DMS plant\REF\730 CM Head Box Rename Test\730 CM Head Box Rename Test\Workspaces\Workspace\21. SSCR04 - Primary Floats D&R Screen Station\730 CM Head Box\Head box\TEST-000-P2.ipt -> C:\Users\Quintin\Documents\Spectiv\3. Working\22. DMS plant\REF\730 CM Head Box Rename Test\730 CM Head Box Rename Test\Workspaces\Workspace\21. SSCR04 - Primary Floats D&R Screen Station\730 CM Head Box\Head box\N1SCR04-730-P2.ipt
2026-01-14 13:46:44 | HERITAGE: Creating new file: N1SCR04-730-P2.ipt
2026-01-14 13:46:45 | HERITAGE: SUCCESS - Created N1SCR04-730-P2.ipt
2026-01-14 13:46:45 | HERITAGE: TEST-000-P3.ipt -> N1SCR04-730-P3.ipt
2026-01-14 13:46:45 | MAPPING: C:\Users\Quintin\Documents\Spectiv\3. Working\22. DMS plant\REF\730 CM Head Box Rename Test\730 CM Head Box Rename Test\Workspaces\Workspace\21. SSCR04 - Primary Floats D&R Screen Station\730 CM Head Box\Head box\TEST-000-P3.ipt -> C:\Users\Quintin\Documents\Spectiv\3. Working\22. DMS plant\REF\730 CM Head Box Rename Test\730 CM Head Box Rename Test\Workspaces\Workspace\21. SSCR04 - Primary Floats D&R Screen Station\730 CM Head Box\Head box\N1SCR04-730-P3.ipt
2026-01-14 13:46:45 | HERITAGE: Creating new file: N1SCR04-730-P3.ipt
2026-01-14 13:46:45 | HERITAGE: SUCCESS - Created N1SCR04-730-P3.ipt
2026-01-14 13:46:45 | REGISTRY: Saved N1SCR04-730-P = 3
2026-01-14 13:46:45 | EXTRACT: Processing naming scheme: N1SCR04-730-FLG{N}
2026-01-14 13:46:45 | EXTRACT: Extracted prefix: 'N1SCR04-730-'
2026-01-14 13:46:45 | HERITAGE: Checking for existing counter with key: 'N1SCR04-730-FLG'
2026-01-14 13:46:45 | HERITAGE: Group 'FLG' starting from number 1 (new prefix or group - key 'N1SCR04-730-FLG' not found)
2026-01-14 13:46:45 | HERITAGE: DEBUG - No existing counters found
2026-01-14 13:46:45 | HERITAGE: Processing group 'FLG' with scheme: N1SCR04-730-FLG{N}
2026-01-14 13:46:45 | HERITAGE: TEST-000-FLG1.ipt -> N1SCR04-730-FLG1.ipt
2026-01-14 13:46:45 | MAPPING: C:\Users\Quintin\Documents\Spectiv\3. Working\22. DMS plant\REF\730 CM Head Box Rename Test\730 CM Head Box Rename Test\Workspaces\Workspace\21. SSCR04 - Primary Floats D&R Screen Station\730 CM Head Box\Head box\TEST-000-FLG1.ipt -> C:\Users\Quintin\Documents\Spectiv\3. Working\22. DMS plant\REF\730 CM Head Box Rename Test\730 CM Head Box Rename Test\Workspaces\Workspace\21. SSCR04 - Primary Floats D&R Screen Station\730 CM Head Box\Head box\N1SCR04-730-FLG1.ipt
2026-01-14 13:46:45 | HERITAGE: Creating new file: N1SCR04-730-FLG1.ipt
2026-01-14 13:46:45 | HERITAGE: SUCCESS - Created N1SCR04-730-FLG1.ipt
2026-01-14 13:46:45 | HERITAGE: TEST-000-FLG2.ipt -> N1SCR04-730-FLG2.ipt
2026-01-14 13:46:45 | MAPPING: C:\Users\Quintin\Documents\Spectiv\3. Working\22. DMS plant\REF\730 CM Head Box Rename Test\730 CM Head Box Rename Test\Workspaces\Workspace\21. SSCR04 - Primary Floats D&R Screen Station\730 CM Head Box\Head box\TEST-000-FLG2.ipt -> C:\Users\Quintin\Documents\Spectiv\3. Working\22. DMS plant\REF\730 CM Head Box Rename Test\730 CM Head Box Rename Test\Workspaces\Workspace\21. SSCR04 - Primary Floats D&R Screen Station\730 CM Head Box\Head box\N1SCR04-730-FLG2.ipt
2026-01-14 13:46:45 | HERITAGE: Creating new file: N1SCR04-730-FLG2.ipt
2026-01-14 13:46:45 | HERITAGE: SUCCESS - Created N1SCR04-730-FLG2.ipt
2026-01-14 13:46:45 | HERITAGE: TEST-000-FLG3.ipt -> N1SCR04-730-FLG3.ipt
2026-01-14 13:46:45 | MAPPING: C:\Users\Quintin\Documents\Spectiv\3. Working\22. DMS plant\REF\730 CM Head Box Rename Test\730 CM Head Box Rename Test\Workspaces\Workspace\21. SSCR04 - Primary Floats D&R Screen Station\730 CM Head Box\Head box\TEST-000-FLG3.ipt -> C:\Users\Quintin\Documents\Spectiv\3. Working\22. DMS plant\REF\730 CM Head Box Rename Test\730 CM Head Box Rename Test\Workspaces\Workspace\21. SSCR04 - Primary Floats D&R Screen Station\730 CM Head Box\Head box\N1SCR04-730-FLG3.ipt
2026-01-14 13:46:45 | HERITAGE: Creating new file: N1SCR04-730-FLG3.ipt
2026-01-14 13:46:45 | HERITAGE: SUCCESS - Created N1SCR04-730-FLG3.ipt
2026-01-14 13:46:45 | REGISTRY: Saved N1SCR04-730-FLG = 3
2026-01-14 13:46:45 | EXTRACT: Processing naming scheme: N1SCR04-730-A{N}
2026-01-14 13:46:45 | EXTRACT: Extracted prefix: 'N1SCR04-730-'
2026-01-14 13:46:45 | HERITAGE: Checking for existing counter with key: 'N1SCR04-730-A'
2026-01-14 13:46:45 | HERITAGE: Group 'A' starting from number 1 (new prefix or group - key 'N1SCR04-730-A' not found)
2026-01-14 13:46:45 | HERITAGE: DEBUG - No existing counters found
2026-01-14 13:46:45 | HERITAGE: Processing group 'A' with scheme: N1SCR04-730-A{N}
2026-01-14 13:46:45 | HERITAGE: TEST-000-A1.ipt -> N1SCR04-730-A1.ipt
2026-01-14 13:46:45 | MAPPING: C:\Users\Quintin\Documents\Spectiv\3. Working\22. DMS plant\REF\730 CM Head Box Rename Test\730 CM Head Box Rename Test\Workspaces\Workspace\21. SSCR04 - Primary Floats D&R Screen Station\730 CM Head Box\Head box\TEST-000-A1.ipt -> C:\Users\Quintin\Documents\Spectiv\3. Working\22. DMS plant\REF\730 CM Head Box Rename Test\730 CM Head Box Rename Test\Workspaces\Workspace\21. SSCR04 - Primary Floats D&R Screen Station\730 CM Head Box\Head box\N1SCR04-730-A1.ipt
2026-01-14 13:46:45 | HERITAGE: Creating new file: N1SCR04-730-A1.ipt
2026-01-14 13:46:45 | HERITAGE: SUCCESS - Created N1SCR04-730-A1.ipt
2026-01-14 13:46:46 | HERITAGE: TEST-000-A2.ipt -> N1SCR04-730-A2.ipt
2026-01-14 13:46:46 | MAPPING: C:\Users\Quintin\Documents\Spectiv\3. Working\22. DMS plant\REF\730 CM Head Box Rename Test\730 CM Head Box Rename Test\Workspaces\Workspace\21. SSCR04 - Primary Floats D&R Screen Station\730 CM Head Box\Head box\TEST-000-A2.ipt -> C:\Users\Quintin\Documents\Spectiv\3. Working\22. DMS plant\REF\730 CM Head Box Rename Test\730 CM Head Box Rename Test\Workspaces\Workspace\21. SSCR04 - Primary Floats D&R Screen Station\730 CM Head Box\Head box\N1SCR04-730-A2.ipt
2026-01-14 13:46:46 | HERITAGE: Creating new file: N1SCR04-730-A2.ipt
2026-01-14 13:46:46 | HERITAGE: SUCCESS - Created N1SCR04-730-A2.ipt
2026-01-14 13:46:46 | HERITAGE: TEST-000-A3.ipt -> N1SCR04-730-A3.ipt
2026-01-14 13:46:46 | MAPPING: C:\Users\Quintin\Documents\Spectiv\3. Working\22. DMS plant\REF\730 CM Head Box Rename Test\730 CM Head Box Rename Test\Workspaces\Workspace\21. SSCR04 - Primary Floats D&R Screen Station\730 CM Head Box\Head box\TEST-000-A3.ipt -> C:\Users\Quintin\Documents\Spectiv\3. Working\22. DMS plant\REF\730 CM Head Box Rename Test\730 CM Head Box Rename Test\Workspaces\Workspace\21. SSCR04 - Primary Floats D&R Screen Station\730 CM Head Box\Head box\N1SCR04-730-A3.ipt
2026-01-14 13:46:46 | HERITAGE: Creating new file: N1SCR04-730-A3.ipt
2026-01-14 13:46:46 | HERITAGE: SUCCESS - Created N1SCR04-730-A3.ipt
2026-01-14 13:46:46 | HERITAGE: TEST-000-A4.ipt -> N1SCR04-730-A4.ipt
2026-01-14 13:46:46 | MAPPING: C:\Users\Quintin\Documents\Spectiv\3. Working\22. DMS plant\REF\730 CM Head Box Rename Test\730 CM Head Box Rename Test\Workspaces\Workspace\21. SSCR04 - Primary Floats D&R Screen Station\730 CM Head Box\Head box\TEST-000-A4.ipt -> C:\Users\Quintin\Documents\Spectiv\3. Working\22. DMS plant\REF\730 CM Head Box Rename Test\730 CM Head Box Rename Test\Workspaces\Workspace\21. SSCR04 - Primary Floats D&R Screen Station\730 CM Head Box\Head box\N1SCR04-730-A4.ipt
2026-01-14 13:46:46 | HERITAGE: Creating new file: N1SCR04-730-A4.ipt
2026-01-14 13:46:46 | HERITAGE: SUCCESS - Created N1SCR04-730-A4.ipt
2026-01-14 13:46:46 | HERITAGE: TEST-000-A5.ipt -> N1SCR04-730-A5.ipt
2026-01-14 13:46:46 | MAPPING: C:\Users\Quintin\Documents\Spectiv\3. Working\22. DMS plant\REF\730 CM Head Box Rename Test\730 CM Head Box Rename Test\Workspaces\Workspace\21. SSCR04 - Primary Floats D&R Screen Station\730 CM Head Box\Head box\TEST-000-A5.ipt -> C:\Users\Quintin\Documents\Spectiv\3. Working\22. DMS plant\REF\730 CM Head Box Rename Test\730 CM Head Box Rename Test\Workspaces\Workspace\21. SSCR04 - Primary Floats D&R Screen Station\730 CM Head Box\Head box\N1SCR04-730-A5.ipt
2026-01-14 13:46:46 | HERITAGE: Creating new file: N1SCR04-730-A5.ipt
2026-01-14 13:46:46 | HERITAGE: SUCCESS - Created N1SCR04-730-A5.ipt
2026-01-14 13:46:46 | HERITAGE: TEST-000-A6.ipt -> N1SCR04-730-A6.ipt
2026-01-14 13:46:46 | MAPPING: C:\Users\Quintin\Documents\Spectiv\3. Working\22. DMS plant\REF\730 CM Head Box Rename Test\730 CM Head Box Rename Test\Workspaces\Workspace\21. SSCR04 - Primary Floats D&R Screen Station\730 CM Head Box\Head box\TEST-000-A6.ipt -> C:\Users\Quintin\Documents\Spectiv\3. Working\22. DMS plant\REF\730 CM Head Box Rename Test\730 CM Head Box Rename Test\Workspaces\Workspace\21. SSCR04 - Primary Floats D&R Screen Station\730 CM Head Box\Head box\N1SCR04-730-A6.ipt
2026-01-14 13:46:46 | HERITAGE: Creating new file: N1SCR04-730-A6.ipt
2026-01-14 13:46:46 | HERITAGE: SUCCESS - Created N1SCR04-730-A6.ipt
2026-01-14 13:46:46 | HERITAGE: TEST-000-A7.ipt -> N1SCR04-730-A7.ipt
2026-01-14 13:46:46 | MAPPING: C:\Users\Quintin\Documents\Spectiv\3. Working\22. DMS plant\REF\730 CM Head Box Rename Test\730 CM Head Box Rename Test\Workspaces\Workspace\21. SSCR04 - Primary Floats D&R Screen Station\730 CM Head Box\Head box\TEST-000-A7.ipt -> C:\Users\Quintin\Documents\Spectiv\3. Working\22. DMS plant\REF\730 CM Head Box Rename Test\730 CM Head Box Rename Test\Workspaces\Workspace\21. SSCR04 - Primary Floats D&R Screen Station\730 CM Head Box\Head box\N1SCR04-730-A7.ipt
2026-01-14 13:46:46 | HERITAGE: Creating new file: N1SCR04-730-A7.ipt
2026-01-14 13:46:46 | HERITAGE: SUCCESS - Created N1SCR04-730-A7.ipt
2026-01-14 13:46:46 | HERITAGE: TEST-000-A8.ipt -> N1SCR04-730-A8.ipt
2026-01-14 13:46:46 | MAPPING: C:\Users\Quintin\Documents\Spectiv\3. Working\22. DMS plant\REF\730 CM Head Box Rename Test\730 CM Head Box Rename Test\Workspaces\Workspace\21. SSCR04 - Primary Floats D&R Screen Station\730 CM Head Box\Head box\TEST-000-A8.ipt -> C:\Users\Quintin\Documents\Spectiv\3. Working\22. DMS plant\REF\730 CM Head Box Rename Test\730 CM Head Box Rename Test\Workspaces\Workspace\21. SSCR04 - Primary Floats D&R Screen Station\730 CM Head Box\Head box\N1SCR04-730-A8.ipt
2026-01-14 13:46:46 | HERITAGE: Creating new file: N1SCR04-730-A8.ipt
2026-01-14 13:46:47 | HERITAGE: SUCCESS - Created N1SCR04-730-A8.ipt
2026-01-14 13:46:47 | HERITAGE: TEST-000-A9.ipt -> N1SCR04-730-A9.ipt
2026-01-14 13:46:47 | MAPPING: C:\Users\Quintin\Documents\Spectiv\3. Working\22. DMS plant\REF\730 CM Head Box Rename Test\730 CM Head Box Rename Test\Workspaces\Workspace\21. SSCR04 - Primary Floats D&R Screen Station\730 CM Head Box\Head box\TEST-000-A9.ipt -> C:\Users\Quintin\Documents\Spectiv\3. Working\22. DMS plant\REF\730 CM Head Box Rename Test\730 CM Head Box Rename Test\Workspaces\Workspace\21. SSCR04 - Primary Floats D&R Screen Station\730 CM Head Box\Head box\N1SCR04-730-A9.ipt
2026-01-14 13:46:47 | HERITAGE: Creating new file: N1SCR04-730-A9.ipt
2026-01-14 13:46:47 | HERITAGE: SUCCESS - Created N1SCR04-730-A9.ipt
2026-01-14 13:46:47 | HERITAGE: TEST-000-A10.ipt -> N1SCR04-730-A10.ipt
2026-01-14 13:46:47 | MAPPING: C:\Users\Quintin\Documents\Spectiv\3. Working\22. DMS plant\REF\730 CM Head Box Rename Test\730 CM Head Box Rename Test\Workspaces\Workspace\21. SSCR04 - Primary Floats D&R Screen Station\730 CM Head Box\Head box\TEST-000-A10.ipt -> C:\Users\Quintin\Documents\Spectiv\3. Working\22. DMS plant\REF\730 CM Head Box Rename Test\730 CM Head Box Rename Test\Workspaces\Workspace\21. SSCR04 - Primary Floats D&R Screen Station\730 CM Head Box\Head box\N1SCR04-730-A10.ipt
2026-01-14 13:46:47 | HERITAGE: Creating new file: N1SCR04-730-A10.ipt
2026-01-14 13:46:47 | HERITAGE: SUCCESS - Created N1SCR04-730-A10.ipt
2026-01-14 13:46:47 | REGISTRY: Saved N1SCR04-730-A = 10
2026-01-14 13:46:47 | EXTRACT: Processing naming scheme: N1SCR04-730-FL{N}
2026-01-14 13:46:47 | EXTRACT: Extracted prefix: 'N1SCR04-730-'
2026-01-14 13:46:47 | HERITAGE: Checking for existing counter with key: 'N1SCR04-730-FL'
2026-01-14 13:46:47 | HERITAGE: Group 'FL' starting from number 1 (new prefix or group - key 'N1SCR04-730-FL' not found)
2026-01-14 13:46:47 | HERITAGE: DEBUG - No existing counters found
2026-01-14 13:46:47 | HERITAGE: Processing group 'FL' with scheme: N1SCR04-730-FL{N}
2026-01-14 13:46:47 | HERITAGE: TEST-000-FL1.ipt -> N1SCR04-730-FL1.ipt
2026-01-14 13:46:47 | MAPPING: C:\Users\Quintin\Documents\Spectiv\3. Working\22. DMS plant\REF\730 CM Head Box Rename Test\730 CM Head Box Rename Test\Workspaces\Workspace\21. SSCR04 - Primary Floats D&R Screen Station\730 CM Head Box\Head box\TEST-000-FL1.ipt -> C:\Users\Quintin\Documents\Spectiv\3. Working\22. DMS plant\REF\730 CM Head Box Rename Test\730 CM Head Box Rename Test\Workspaces\Workspace\21. SSCR04 - Primary Floats D&R Screen Station\730 CM Head Box\Head box\N1SCR04-730-FL1.ipt
2026-01-14 13:46:47 | HERITAGE: Creating new file: N1SCR04-730-FL1.ipt
2026-01-14 13:46:47 | HERITAGE: SUCCESS - Created N1SCR04-730-FL1.ipt
2026-01-14 13:46:47 | HERITAGE: TEST-000-FL2.ipt -> N1SCR04-730-FL2.ipt
2026-01-14 13:46:47 | MAPPING: C:\Users\Quintin\Documents\Spectiv\3. Working\22. DMS plant\REF\730 CM Head Box Rename Test\730 CM Head Box Rename Test\Workspaces\Workspace\21. SSCR04 - Primary Floats D&R Screen Station\730 CM Head Box\Head box\TEST-000-FL2.ipt -> C:\Users\Quintin\Documents\Spectiv\3. Working\22. DMS plant\REF\730 CM Head Box Rename Test\730 CM Head Box Rename Test\Workspaces\Workspace\21. SSCR04 - Primary Floats D&R Screen Station\730 CM Head Box\Head box\N1SCR04-730-FL2.ipt
2026-01-14 13:46:47 | HERITAGE: Creating new file: N1SCR04-730-FL2.ipt
2026-01-14 13:46:47 | HERITAGE: SUCCESS - Created N1SCR04-730-FL2.ipt
2026-01-14 13:46:47 | HERITAGE: TEST-000-FL3.ipt -> N1SCR04-730-FL3.ipt
2026-01-14 13:46:47 | MAPPING: C:\Users\Quintin\Documents\Spectiv\3. Working\22. DMS plant\REF\730 CM Head Box Rename Test\730 CM Head Box Rename Test\Workspaces\Workspace\21. SSCR04 - Primary Floats D&R Screen Station\730 CM Head Box\Head box\TEST-000-FL3.ipt -> C:\Users\Quintin\Documents\Spectiv\3. Working\22. DMS plant\REF\730 CM Head Box Rename Test\730 CM Head Box Rename Test\Workspaces\Workspace\21. SSCR04 - Primary Floats D&R Screen Station\730 CM Head Box\Head box\N1SCR04-730-FL3.ipt
2026-01-14 13:46:47 | HERITAGE: Creating new file: N1SCR04-730-FL3.ipt
2026-01-14 13:46:47 | HERITAGE: SUCCESS - Created N1SCR04-730-FL3.ipt
2026-01-14 13:46:47 | HERITAGE: TEST-000-FL4.ipt -> N1SCR04-730-FL4.ipt
2026-01-14 13:46:47 | MAPPING: C:\Users\Quintin\Documents\Spectiv\3. Working\22. DMS plant\REF\730 CM Head Box Rename Test\730 CM Head Box Rename Test\Workspaces\Workspace\21. SSCR04 - Primary Floats D&R Screen Station\730 CM Head Box\Head box\TEST-000-FL4.ipt -> C:\Users\Quintin\Documents\Spectiv\3. Working\22. DMS plant\REF\730 CM Head Box Rename Test\730 CM Head Box Rename Test\Workspaces\Workspace\21. SSCR04 - Primary Floats D&R Screen Station\730 CM Head Box\Head box\N1SCR04-730-FL4.ipt
2026-01-14 13:46:47 | HERITAGE: Creating new file: N1SCR04-730-FL4.ipt
2026-01-14 13:46:48 | HERITAGE: SUCCESS - Created N1SCR04-730-FL4.ipt
2026-01-14 13:46:48 | HERITAGE: TEST-000-FL5.ipt -> N1SCR04-730-FL5.ipt
2026-01-14 13:46:48 | MAPPING: C:\Users\Quintin\Documents\Spectiv\3. Working\22. DMS plant\REF\730 CM Head Box Rename Test\730 CM Head Box Rename Test\Workspaces\Workspace\21. SSCR04 - Primary Floats D&R Screen Station\730 CM Head Box\Head box\TEST-000-FL5.ipt -> C:\Users\Quintin\Documents\Spectiv\3. Working\22. DMS plant\REF\730 CM Head Box Rename Test\730 CM Head Box Rename Test\Workspaces\Workspace\21. SSCR04 - Primary Floats D&R Screen Station\730 CM Head Box\Head box\N1SCR04-730-FL5.ipt
2026-01-14 13:46:48 | HERITAGE: Creating new file: N1SCR04-730-FL5.ipt
2026-01-14 13:46:48 | HERITAGE: SUCCESS - Created N1SCR04-730-FL5.ipt
2026-01-14 13:46:48 | HERITAGE: TEST-000-FL6.ipt -> N1SCR04-730-FL6.ipt
2026-01-14 13:46:48 | MAPPING: C:\Users\Quintin\Documents\Spectiv\3. Working\22. DMS plant\REF\730 CM Head Box Rename Test\730 CM Head Box Rename Test\Workspaces\Workspace\21. SSCR04 - Primary Floats D&R Screen Station\730 CM Head Box\Head box\TEST-000-FL6.ipt -> C:\Users\Quintin\Documents\Spectiv\3. Working\22. DMS plant\REF\730 CM Head Box Rename Test\730 CM Head Box Rename Test\Workspaces\Workspace\21. SSCR04 - Primary Floats D&R Screen Station\730 CM Head Box\Head box\N1SCR04-730-FL6.ipt
2026-01-14 13:46:48 | HERITAGE: Creating new file: N1SCR04-730-FL6.ipt
2026-01-14 13:46:48 | HERITAGE: SUCCESS - Created N1SCR04-730-FL6.ipt
2026-01-14 13:46:48 | HERITAGE: TEST-000-FL7.ipt -> N1SCR04-730-FL7.ipt
2026-01-14 13:46:48 | MAPPING: C:\Users\Quintin\Documents\Spectiv\3. Working\22. DMS plant\REF\730 CM Head Box Rename Test\730 CM Head Box Rename Test\Workspaces\Workspace\21. SSCR04 - Primary Floats D&R Screen Station\730 CM Head Box\Head box\TEST-000-FL7.ipt -> C:\Users\Quintin\Documents\Spectiv\3. Working\22. DMS plant\REF\730 CM Head Box Rename Test\730 CM Head Box Rename Test\Workspaces\Workspace\21. SSCR04 - Primary Floats D&R Screen Station\730 CM Head Box\Head box\N1SCR04-730-FL7.ipt
2026-01-14 13:46:48 | HERITAGE: Creating new file: N1SCR04-730-FL7.ipt
2026-01-14 13:46:48 | HERITAGE: SUCCESS - Created N1SCR04-730-FL7.ipt
2026-01-14 13:46:48 | REGISTRY: Saved N1SCR04-730-FL = 7
2026-01-14 13:46:48 | EXTRACT: Processing naming scheme: N1SCR04-730-R{N}
2026-01-14 13:46:48 | EXTRACT: Extracted prefix: 'N1SCR04-730-'
2026-01-14 13:46:48 | HERITAGE: Checking for existing counter with key: 'N1SCR04-730-R'
2026-01-14 13:46:48 | HERITAGE: Group 'R' starting from number 1 (new prefix or group - key 'N1SCR04-730-R' not found)
2026-01-14 13:46:48 | HERITAGE: DEBUG - No existing counters found
2026-01-14 13:46:48 | HERITAGE: Processing group 'R' with scheme: N1SCR04-730-R{N}
2026-01-14 13:46:48 | HERITAGE: TEST-000-R1.ipt -> N1SCR04-730-R1.ipt
2026-01-14 13:46:48 | MAPPING: C:\Users\Quintin\Documents\Spectiv\3. Working\22. DMS plant\REF\730 CM Head Box Rename Test\730 CM Head Box Rename Test\Workspaces\Workspace\21. SSCR04 - Primary Floats D&R Screen Station\730 CM Head Box\Head box\TEST-000-R1.ipt -> C:\Users\Quintin\Documents\Spectiv\3. Working\22. DMS plant\REF\730 CM Head Box Rename Test\730 CM Head Box Rename Test\Workspaces\Workspace\21. SSCR04 - Primary Floats D&R Screen Station\730 CM Head Box\Head box\N1SCR04-730-R1.ipt
2026-01-14 13:46:48 | HERITAGE: Creating new file: N1SCR04-730-R1.ipt
2026-01-14 13:46:48 | HERITAGE: SUCCESS - Created N1SCR04-730-R1.ipt
2026-01-14 13:46:48 | HERITAGE: TEST-000-R2.ipt -> N1SCR04-730-R2.ipt
2026-01-14 13:46:48 | MAPPING: C:\Users\Quintin\Documents\Spectiv\3. Working\22. DMS plant\REF\730 CM Head Box Rename Test\730 CM Head Box Rename Test\Workspaces\Workspace\21. SSCR04 - Primary Floats D&R Screen Station\730 CM Head Box\Head box\TEST-000-R2.ipt -> C:\Users\Quintin\Documents\Spectiv\3. Working\22. DMS plant\REF\730 CM Head Box Rename Test\730 CM Head Box Rename Test\Workspaces\Workspace\21. SSCR04 - Primary Floats D&R Screen Station\730 CM Head Box\Head box\N1SCR04-730-R2.ipt
2026-01-14 13:46:48 | HERITAGE: Creating new file: N1SCR04-730-R2.ipt
2026-01-14 13:46:49 | HERITAGE: SUCCESS - Created N1SCR04-730-R2.ipt
2026-01-14 13:46:49 | REGISTRY: Saved N1SCR04-730-R = 2
2026-01-14 13:46:49 | STEP 7: Updating assembly references
2026-01-14 13:46:49 | ASSEMBLY: Recursively updating assembly references across entire model hierarchy
2026-01-14 13:46:49 | ASSEMBLY: Updating references in - N1SCR04-730.iam (Level: ROOT)
2026-01-14 13:46:49 | ASSEMBLY: RECURSING into sub-assembly - Head Box.iam
2026-01-14 13:46:49 | ASSEMBLY: Updating references in - Head Box.iam (Level: ROOT>Head Box.iam)
2026-01-14 13:46:49 | ASSEMBLY: Replacing TEST-000-PL1.ipt -> N1SCR04-730-PL1.ipt [PL] (in Head Box.iam)
2026-01-14 13:46:49 | ASSEMBLY: SUCCESS - Updated to N1SCR04-730-PL1.ipt
2026-01-14 13:46:49 | ASSEMBLY: Replacing TEST-000-PL2.ipt -> N1SCR04-730-PL2.ipt [PL] (in Head Box.iam)
2026-01-14 13:46:49 | ASSEMBLY: SUCCESS - Updated to N1SCR04-730-PL2.ipt
2026-01-14 13:46:49 | ASSEMBLY: Replacing TEST-000-PL3.ipt -> N1SCR04-730-PL3.ipt [PL] (in Head Box.iam)
2026-01-14 13:46:49 | ASSEMBLY: SUCCESS - Updated to N1SCR04-730-PL3.ipt
2026-01-14 13:46:49 | ASSEMBLY: Replacing TEST-000-PL4.ipt -> N1SCR04-730-PL4.ipt [PL] (in Head Box.iam)
2026-01-14 13:46:49 | ASSEMBLY: SUCCESS - Updated to N1SCR04-730-PL4.ipt
2026-01-14 13:46:49 | ASSEMBLY: Replacing TEST-000-PL5.ipt -> N1SCR04-730-PL5.ipt [PL] (in Head Box.iam)
2026-01-14 13:46:49 | ASSEMBLY: SUCCESS - Updated to N1SCR04-730-PL5.ipt
2026-01-14 13:46:49 | ASSEMBLY: Replacing TEST-000-PL6.ipt -> N1SCR04-730-PL6.ipt [PL] (in Head Box.iam)
2026-01-14 13:46:49 | ASSEMBLY: SUCCESS - Updated to N1SCR04-730-PL6.ipt
2026-01-14 13:46:49 | ASSEMBLY: Replacing TEST-000-PL7.ipt -> N1SCR04-730-PL7.ipt [PL] (in Head Box.iam)
2026-01-14 13:46:50 | ASSEMBLY: SUCCESS - Updated to N1SCR04-730-PL7.ipt
2026-01-14 13:46:50 | ASSEMBLY: Replacing TEST-000-PL8.ipt -> N1SCR04-730-PL8.ipt [PL] (in Head Box.iam)
2026-01-14 13:46:50 | ASSEMBLY: SUCCESS - Updated to N1SCR04-730-PL8.ipt
2026-01-14 13:46:50 | ASSEMBLY: INFO - No mapping found for N1SCR04-730-PL8.ipt (not renamed)
2026-01-14 13:46:50 | ASSEMBLY: INFO - No mapping found for N1SCR04-730-PL8.ipt (not renamed)
2026-01-14 13:46:50 | ASSEMBLY: Replacing TEST-000-PL9.ipt -> N1SCR04-730-PL9.ipt [PL] (in Head Box.iam)
2026-01-14 13:46:50 | ASSEMBLY: SUCCESS - Updated to N1SCR04-730-PL9.ipt
2026-01-14 13:46:50 | ASSEMBLY: Replacing TEST-000-PL10.ipt -> N1SCR04-730-PL10.ipt [PL] (in Head Box.iam)
2026-01-14 13:46:50 | ASSEMBLY: SUCCESS - Updated to N1SCR04-730-PL10.ipt
2026-01-14 13:46:50 | ASSEMBLY: INFO - No mapping found for N1SCR04-730-PL10.ipt (not renamed)
2026-01-14 13:46:50 | ASSEMBLY: Replacing TEST-000-P1.ipt -> N1SCR04-730-P1.ipt [P] (in Head Box.iam)
2026-01-14 13:46:50 | ASSEMBLY: SUCCESS - Updated to N1SCR04-730-P1.ipt
2026-01-14 13:46:50 | ASSEMBLY: Replacing TEST-000-FLG1.ipt -> N1SCR04-730-FLG1.ipt [FLG] (in Head Box.iam)
2026-01-14 13:46:51 | ASSEMBLY: SUCCESS - Updated to N1SCR04-730-FLG1.ipt
2026-01-14 13:46:51 | ASSEMBLY: Replacing TEST-000-P2.ipt -> N1SCR04-730-P2.ipt [P] (in Head Box.iam)
2026-01-14 13:46:51 | ASSEMBLY: SUCCESS - Updated to N1SCR04-730-P2.ipt
2026-01-14 13:46:51 | ASSEMBLY: Replacing TEST-000-FLG2.ipt -> N1SCR04-730-FLG2.ipt [FLG] (in Head Box.iam)
2026-01-14 13:46:51 | ASSEMBLY: SUCCESS - Updated to N1SCR04-730-FLG2.ipt
2026-01-14 13:46:51 | ASSEMBLY: INFO - No mapping found for N1SCR04-730-P2.ipt (not renamed)
2026-01-14 13:46:51 | ASSEMBLY: INFO - No mapping found for N1SCR04-730-FLG2.ipt (not renamed)
2026-01-14 13:46:51 | ASSEMBLY: Replacing TEST-000-P3.ipt -> N1SCR04-730-P3.ipt [P] (in Head Box.iam)
2026-01-14 13:46:51 | ASSEMBLY: SUCCESS - Updated to N1SCR04-730-P3.ipt
2026-01-14 13:46:51 | ASSEMBLY: Replacing TEST-000-FLG3.ipt -> N1SCR04-730-FLG3.ipt [FLG] (in Head Box.iam)
2026-01-14 13:46:51 | ASSEMBLY: SUCCESS - Updated to N1SCR04-730-FLG3.ipt
2026-01-14 13:46:51 | ASSEMBLY: Replacing TEST-000-A1.ipt -> N1SCR04-730-A1.ipt [A] (in Head Box.iam)
2026-01-14 13:46:51 | ASSEMBLY: SUCCESS - Updated to N1SCR04-730-A1.ipt
2026-01-14 13:46:51 | ASSEMBLY: Replacing TEST-000-A2.ipt -> N1SCR04-730-A2.ipt [A] (in Head Box.iam)
2026-01-14 13:46:52 | ASSEMBLY: SUCCESS - Updated to N1SCR04-730-A2.ipt
2026-01-14 13:46:52 | ASSEMBLY: Replacing TEST-000-A3.ipt -> N1SCR04-730-A3.ipt [A] (in Head Box.iam)
2026-01-14 13:46:52 | ASSEMBLY: SUCCESS - Updated to N1SCR04-730-A3.ipt
2026-01-14 13:46:52 | ASSEMBLY: Replacing TEST-000-A4.ipt -> N1SCR04-730-A4.ipt [A] (in Head Box.iam)
2026-01-14 13:46:52 | ASSEMBLY: SUCCESS - Updated to N1SCR04-730-A4.ipt
2026-01-14 13:46:52 | ASSEMBLY: Replacing TEST-000-A5.ipt -> N1SCR04-730-A5.ipt [A] (in Head Box.iam)
2026-01-14 13:46:52 | ASSEMBLY: SUCCESS - Updated to N1SCR04-730-A5.ipt
2026-01-14 13:46:52 | ASSEMBLY: Replacing TEST-000-A6.ipt -> N1SCR04-730-A6.ipt [A] (in Head Box.iam)
2026-01-14 13:46:52 | ASSEMBLY: SUCCESS - Updated to N1SCR04-730-A6.ipt
2026-01-14 13:46:52 | ASSEMBLY: Replacing TEST-000-A7.ipt -> N1SCR04-730-A7.ipt [A] (in Head Box.iam)
2026-01-14 13:46:52 | ASSEMBLY: SUCCESS - Updated to N1SCR04-730-A7.ipt
2026-01-14 13:46:53 | ASSEMBLY: INFO - No mapping found for N1SCR04-730-A7.ipt (not renamed)
2026-01-14 13:46:53 | ASSEMBLY: Replacing TEST-000-A8.ipt -> N1SCR04-730-A8.ipt [A] (in Head Box.iam)
2026-01-14 13:46:53 | ASSEMBLY: SUCCESS - Updated to N1SCR04-730-A8.ipt
2026-01-14 13:46:53 | ASSEMBLY: INFO - No mapping found for N1SCR04-730-A8.ipt (not renamed)
2026-01-14 13:46:53 | ASSEMBLY: INFO - No mapping found for N1SCR04-730-A7.ipt (not renamed)
2026-01-14 13:46:53 | ASSEMBLY: INFO - No mapping found for N1SCR04-730-A7.ipt (not renamed)
2026-01-14 13:46:53 | ASSEMBLY: INFO - No mapping found for N1SCR04-730-A8.ipt (not renamed)
2026-01-14 13:46:53 | ASSEMBLY: INFO - No mapping found for N1SCR04-730-A8.ipt (not renamed)
2026-01-14 13:46:53 | ASSEMBLY: INFO - No mapping found for N1SCR04-730-A7.ipt (not renamed)
2026-01-14 13:46:53 | ASSEMBLY: INFO - No mapping found for N1SCR04-730-A7.ipt (not renamed)
2026-01-14 13:46:53 | ASSEMBLY: INFO - No mapping found for N1SCR04-730-A8.ipt (not renamed)
2026-01-14 13:46:53 | ASSEMBLY: INFO - No mapping found for N1SCR04-730-A8.ipt (not renamed)
2026-01-14 13:46:53 | ASSEMBLY: Replacing TEST-000-PL11.ipt -> N1SCR04-730-PL11.ipt [PL] (in Head Box.iam)
2026-01-14 13:46:53 | ASSEMBLY: SUCCESS - Updated to N1SCR04-730-PL11.ipt
2026-01-14 13:46:53 | ASSEMBLY: Replacing TEST-000-PL12.ipt -> N1SCR04-730-PL12.ipt [PL] (in Head Box.iam)
2026-01-14 13:46:53 | ASSEMBLY: SUCCESS - Updated to N1SCR04-730-PL12.ipt
2026-01-14 13:46:53 | ASSEMBLY: Replacing TEST-000-PL13.ipt -> N1SCR04-730-PL13.ipt [PL] (in Head Box.iam)
2026-01-14 13:46:53 | ASSEMBLY: SUCCESS - Updated to N1SCR04-730-PL13.ipt
2026-01-14 13:46:53 | ASSEMBLY: INFO - No mapping found for N1SCR04-730-PL13.ipt (not renamed)
2026-01-14 13:46:53 | ASSEMBLY: Replacing TEST-000-FL1.ipt -> N1SCR04-730-FL1.ipt [FL] (in Head Box.iam)
2026-01-14 13:46:54 | ASSEMBLY: SUCCESS - Updated to N1SCR04-730-FL1.ipt
2026-01-14 13:46:54 | ASSEMBLY: INFO - No mapping found for N1SCR04-730-FL1.ipt (not renamed)
2026-01-14 13:46:54 | ASSEMBLY: INFO - No mapping found for N1SCR04-730-PL12.ipt (not renamed)
2026-01-14 13:46:54 | ASSEMBLY: INFO - No mapping found for N1SCR04-730-PL13.ipt (not renamed)
2026-01-14 13:46:54 | ASSEMBLY: INFO - No mapping found for N1SCR04-730-PL13.ipt (not renamed)
2026-01-14 13:46:54 | ASSEMBLY: INFO - No mapping found for N1SCR04-730-FL1.ipt (not renamed)
2026-01-14 13:46:54 | ASSEMBLY: INFO - No mapping found for N1SCR04-730-FL1.ipt (not renamed)
2026-01-14 13:46:54 | ASSEMBLY: INFO - No mapping found for N1SCR04-730-PL12.ipt (not renamed)
2026-01-14 13:46:54 | ASSEMBLY: INFO - No mapping found for N1SCR04-730-PL13.ipt (not renamed)
2026-01-14 13:46:54 | ASSEMBLY: INFO - No mapping found for N1SCR04-730-PL13.ipt (not renamed)
2026-01-14 13:46:54 | ASSEMBLY: INFO - No mapping found for N1SCR04-730-FL1.ipt (not renamed)
2026-01-14 13:46:54 | ASSEMBLY: INFO - No mapping found for N1SCR04-730-FL1.ipt (not renamed)
2026-01-14 13:46:54 | ASSEMBLY: INFO - No mapping found for N1SCR04-730-PL12.ipt (not renamed)
2026-01-14 13:46:54 | ASSEMBLY: INFO - No mapping found for N1SCR04-730-PL13.ipt (not renamed)
2026-01-14 13:46:54 | ASSEMBLY: INFO - No mapping found for N1SCR04-730-PL13.ipt (not renamed)
2026-01-14 13:46:54 | ASSEMBLY: INFO - No mapping found for N1SCR04-730-FL1.ipt (not renamed)
2026-01-14 13:46:54 | ASSEMBLY: INFO - No mapping found for N1SCR04-730-FL1.ipt (not renamed)
2026-01-14 13:46:54 | ASSEMBLY: INFO - No mapping found for N1SCR04-730-PL12.ipt (not renamed)
2026-01-14 13:46:54 | ASSEMBLY: INFO - No mapping found for N1SCR04-730-PL13.ipt (not renamed)
2026-01-14 13:46:54 | ASSEMBLY: INFO - No mapping found for N1SCR04-730-PL13.ipt (not renamed)
2026-01-14 13:46:54 | ASSEMBLY: INFO - No mapping found for N1SCR04-730-FL1.ipt (not renamed)
2026-01-14 13:46:54 | ASSEMBLY: INFO - No mapping found for N1SCR04-730-FL1.ipt (not renamed)
2026-01-14 13:46:54 | ASSEMBLY: INFO - No mapping found for N1SCR04-730-PL12.ipt (not renamed)
2026-01-14 13:46:54 | ASSEMBLY: INFO - No mapping found for N1SCR04-730-PL13.ipt (not renamed)
2026-01-14 13:46:54 | ASSEMBLY: INFO - No mapping found for N1SCR04-730-PL13.ipt (not renamed)
2026-01-14 13:46:54 | ASSEMBLY: INFO - No mapping found for N1SCR04-730-FL1.ipt (not renamed)
2026-01-14 13:46:54 | ASSEMBLY: INFO - No mapping found for N1SCR04-730-FL1.ipt (not renamed)
2026-01-14 13:46:54 | ASSEMBLY: Replacing TEST-000-PL14.ipt -> N1SCR04-730-PL14.ipt [PL] (in Head Box.iam)
2026-01-14 13:46:54 | ASSEMBLY: SUCCESS - Updated to N1SCR04-730-PL14.ipt
2026-01-14 13:46:54 | ASSEMBLY: Replacing TEST-000-PL15.ipt -> N1SCR04-730-PL15.ipt [PL] (in Head Box.iam)
2026-01-14 13:46:54 | ASSEMBLY: SUCCESS - Updated to N1SCR04-730-PL15.ipt
2026-01-14 13:46:54 | ASSEMBLY: INFO - No mapping found for N1SCR04-730-PL14.ipt (not renamed)
2026-01-14 13:46:54 | ASSEMBLY: INFO - No mapping found for N1SCR04-730-PL15.ipt (not renamed)
2026-01-14 13:46:54 | ASSEMBLY: INFO - No mapping found for N1SCR04-730-PL14.ipt (not renamed)
2026-01-14 13:46:55 | ASSEMBLY: INFO - No mapping found for N1SCR04-730-PL15.ipt (not renamed)
2026-01-14 13:46:55 | ASSEMBLY: INFO - No mapping found for N1SCR04-730-PL14.ipt (not renamed)
2026-01-14 13:46:55 | ASSEMBLY: INFO - No mapping found for N1SCR04-730-PL15.ipt (not renamed)
2026-01-14 13:46:55 | ASSEMBLY: INFO - No mapping found for N1SCR04-730-PL14.ipt (not renamed)
2026-01-14 13:46:55 | ASSEMBLY: INFO - No mapping found for N1SCR04-730-PL15.ipt (not renamed)
2026-01-14 13:46:55 | ASSEMBLY: INFO - No mapping found for N1SCR04-730-PL14.ipt (not renamed)
2026-01-14 13:46:55 | ASSEMBLY: INFO - No mapping found for N1SCR04-730-PL15.ipt (not renamed)
2026-01-14 13:46:55 | ASSEMBLY: Replacing TEST-000-PL16.ipt -> N1SCR04-730-PL16.ipt [PL] (in Head Box.iam)
2026-01-14 13:46:55 | ASSEMBLY: SUCCESS - Updated to N1SCR04-730-PL16.ipt
2026-01-14 13:46:55 | ASSEMBLY: INFO - No mapping found for N1SCR04-730-PL16.ipt (not renamed)
2026-01-14 13:46:55 | ASSEMBLY: INFO - No mapping found for N1SCR04-730-PL16.ipt (not renamed)
2026-01-14 13:46:55 | ASSEMBLY: INFO - No mapping found for N1SCR04-730-PL16.ipt (not renamed)
2026-01-14 13:46:57 | ASSEMBLY: Saved sub-assembly - Head Box.iam
2026-01-14 13:46:57 | ASSEMBLY: RECURSING into sub-assembly - Lid-1.iam
2026-01-14 13:46:57 | ASSEMBLY: Updating references in - Lid-1.iam (Level: ROOT>Lid-1.iam)
2026-01-14 13:46:57 | ASSEMBLY: Replacing TEST-000-PL17.ipt -> N1SCR04-730-PL17.ipt [PL] (in Lid-1.iam)
2026-01-14 13:46:57 | ASSEMBLY: SUCCESS - Updated to N1SCR04-730-PL17.ipt
2026-01-14 13:46:57 | ASSEMBLY: Replacing TEST-000-A9.ipt -> N1SCR04-730-A9.ipt [A] (in Lid-1.iam)
2026-01-14 13:46:57 | ASSEMBLY: SUCCESS - Updated to N1SCR04-730-A9.ipt
2026-01-14 13:46:57 | ASSEMBLY: Replacing TEST-000-FL2.ipt -> N1SCR04-730-FL2.ipt [FL] (in Lid-1.iam)
2026-01-14 13:46:57 | ASSEMBLY: SUCCESS - Updated to N1SCR04-730-FL2.ipt
2026-01-14 13:46:57 | ASSEMBLY: INFO - No mapping found for N1SCR04-730-FL2.ipt (not renamed)
2026-01-14 13:46:57 | ASSEMBLY: INFO - No mapping found for N1SCR04-730-FL2.ipt (not renamed)
2026-01-14 13:46:57 | ASSEMBLY: Replacing TEST-000-FL3.ipt -> N1SCR04-730-FL3.ipt [FL] (in Lid-1.iam)
2026-01-14 13:46:57 | ASSEMBLY: SUCCESS - Updated to N1SCR04-730-FL3.ipt
2026-01-14 13:46:57 | ASSEMBLY: INFO - No mapping found for N1SCR04-730-FL3.ipt (not renamed)
2026-01-14 13:46:57 | ASSEMBLY: Replacing TEST-000-FL4.ipt -> N1SCR04-730-FL4.ipt [FL] (in Lid-1.iam)
2026-01-14 13:46:57 | ASSEMBLY: SUCCESS - Updated to N1SCR04-730-FL4.ipt
2026-01-14 13:46:57 | ASSEMBLY: INFO - No mapping found for N1SCR04-730-FL4.ipt (not renamed)
2026-01-14 13:46:57 | ASSEMBLY: INFO - No mapping found for N1SCR04-730-FL3.ipt (not renamed)
2026-01-14 13:46:57 | ASSEMBLY: INFO - No mapping found for N1SCR04-730-FL3.ipt (not renamed)
2026-01-14 13:46:57 | ASSEMBLY: INFO - No mapping found for N1SCR04-730-FL4.ipt (not renamed)
2026-01-14 13:46:57 | ASSEMBLY: INFO - No mapping found for N1SCR04-730-FL4.ipt (not renamed)
2026-01-14 13:46:57 | ASSEMBLY: Replacing TEST-000-R1.ipt -> N1SCR04-730-R1.ipt [R] (in Lid-1.iam)
2026-01-14 13:46:57 | ASSEMBLY: SUCCESS - Updated to N1SCR04-730-R1.ipt
2026-01-14 13:46:57 | ASSEMBLY: INFO - No mapping found for N1SCR04-730-R1.ipt (not renamed)
2026-01-14 13:46:57 | ASSEMBLY: INFO - No mapping found for N1SCR04-730-R1.ipt (not renamed)
2026-01-14 13:46:57 | ASSEMBLY: INFO - No mapping found for N1SCR04-730-R1.ipt (not renamed)
2026-01-14 13:46:58 | ASSEMBLY: Saved sub-assembly - Lid-1.iam
2026-01-14 13:46:58 | ASSEMBLY: RECURSING into sub-assembly - Lid-1.iam
2026-01-14 13:46:58 | ASSEMBLY: Updating references in - Lid-1.iam (Level: ROOT>Lid-1.iam)
2026-01-14 13:46:58 | ASSEMBLY: INFO - No mapping found for N1SCR04-730-PL17.ipt (not renamed)
2026-01-14 13:46:58 | ASSEMBLY: INFO - No mapping found for N1SCR04-730-A9.ipt (not renamed)
2026-01-14 13:46:58 | ASSEMBLY: INFO - No mapping found for N1SCR04-730-FL2.ipt (not renamed)
2026-01-14 13:46:58 | ASSEMBLY: INFO - No mapping found for N1SCR04-730-FL2.ipt (not renamed)
2026-01-14 13:46:58 | ASSEMBLY: INFO - No mapping found for N1SCR04-730-FL2.ipt (not renamed)
2026-01-14 13:46:58 | ASSEMBLY: INFO - No mapping found for N1SCR04-730-FL3.ipt (not renamed)
2026-01-14 13:46:58 | ASSEMBLY: INFO - No mapping found for N1SCR04-730-FL3.ipt (not renamed)
2026-01-14 13:46:58 | ASSEMBLY: INFO - No mapping found for N1SCR04-730-FL4.ipt (not renamed)
2026-01-14 13:46:58 | ASSEMBLY: INFO - No mapping found for N1SCR04-730-FL4.ipt (not renamed)
2026-01-14 13:46:58 | ASSEMBLY: INFO - No mapping found for N1SCR04-730-FL3.ipt (not renamed)
2026-01-14 13:46:58 | ASSEMBLY: INFO - No mapping found for N1SCR04-730-FL3.ipt (not renamed)
2026-01-14 13:46:58 | ASSEMBLY: INFO - No mapping found for N1SCR04-730-FL4.ipt (not renamed)
2026-01-14 13:46:58 | ASSEMBLY: INFO - No mapping found for N1SCR04-730-FL4.ipt (not renamed)
2026-01-14 13:46:58 | ASSEMBLY: INFO - No mapping found for N1SCR04-730-R1.ipt (not renamed)
2026-01-14 13:46:58 | ASSEMBLY: INFO - No mapping found for N1SCR04-730-R1.ipt (not renamed)
2026-01-14 13:46:58 | ASSEMBLY: INFO - No mapping found for N1SCR04-730-R1.ipt (not renamed)
2026-01-14 13:46:58 | ASSEMBLY: INFO - No mapping found for N1SCR04-730-R1.ipt (not renamed)
2026-01-14 13:46:58 | ASSEMBLY: Saved sub-assembly - Lid-1.iam
2026-01-14 13:46:58 | ASSEMBLY: RECURSING into sub-assembly - Lid-2.iam
2026-01-14 13:46:58 | ASSEMBLY: Updating references in - Lid-2.iam (Level: ROOT>Lid-2.iam)
2026-01-14 13:46:58 | ASSEMBLY: Replacing TEST-000-PL18.ipt -> N1SCR04-730-PL18.ipt [PL] (in Lid-2.iam)
2026-01-14 13:46:58 | ASSEMBLY: SUCCESS - Updated to N1SCR04-730-PL18.ipt
2026-01-14 13:46:58 | ASSEMBLY: Replacing TEST-000-A10.ipt -> N1SCR04-730-A10.ipt [A] (in Lid-2.iam)
2026-01-14 13:46:58 | ASSEMBLY: SUCCESS - Updated to N1SCR04-730-A10.ipt
2026-01-14 13:46:58 | ASSEMBLY: Replacing TEST-000-FL5.ipt -> N1SCR04-730-FL5.ipt [FL] (in Lid-2.iam)
2026-01-14 13:46:59 | ASSEMBLY: SUCCESS - Updated to N1SCR04-730-FL5.ipt
2026-01-14 13:46:59 | ASSEMBLY: INFO - No mapping found for N1SCR04-730-FL5.ipt (not renamed)
2026-01-14 13:46:59 | ASSEMBLY: INFO - No mapping found for N1SCR04-730-FL5.ipt (not renamed)
2026-01-14 13:46:59 | ASSEMBLY: INFO - No mapping found for N1SCR04-730-A10.ipt (not renamed)
2026-01-14 13:46:59 | ASSEMBLY: Replacing TEST-000-FL6.ipt -> N1SCR04-730-FL6.ipt [FL] (in Lid-2.iam)
2026-01-14 13:46:59 | ASSEMBLY: SUCCESS - Updated to N1SCR04-730-FL6.ipt
2026-01-14 13:46:59 | ASSEMBLY: INFO - No mapping found for N1SCR04-730-FL6.ipt (not renamed)
2026-01-14 13:46:59 | ASSEMBLY: Replacing TEST-000-FL7.ipt -> N1SCR04-730-FL7.ipt [FL] (in Lid-2.iam)
2026-01-14 13:46:59 | ASSEMBLY: SUCCESS - Updated to N1SCR04-730-FL7.ipt
2026-01-14 13:46:59 | ASSEMBLY: INFO - No mapping found for N1SCR04-730-FL7.ipt (not renamed)
2026-01-14 13:46:59 | ASSEMBLY: INFO - No mapping found for N1SCR04-730-FL6.ipt (not renamed)
2026-01-14 13:46:59 | ASSEMBLY: INFO - No mapping found for N1SCR04-730-FL6.ipt (not renamed)
2026-01-14 13:46:59 | ASSEMBLY: INFO - No mapping found for N1SCR04-730-FL7.ipt (not renamed)
2026-01-14 13:46:59 | ASSEMBLY: INFO - No mapping found for N1SCR04-730-FL7.ipt (not renamed)
2026-01-14 13:46:59 | ASSEMBLY: Replacing TEST-000-R2.ipt -> N1SCR04-730-R2.ipt [R] (in Lid-2.iam)
2026-01-14 13:46:59 | ASSEMBLY: SUCCESS - Updated to N1SCR04-730-R2.ipt
2026-01-14 13:46:59 | ASSEMBLY: INFO - No mapping found for N1SCR04-730-R2.ipt (not renamed)
2026-01-14 13:46:59 | ASSEMBLY: INFO - No mapping found for N1SCR04-730-R2.ipt (not renamed)
2026-01-14 13:46:59 | ASSEMBLY: INFO - No mapping found for N1SCR04-730-R2.ipt (not renamed)
2026-01-14 13:47:00 | ASSEMBLY: Saved sub-assembly - Lid-2.iam
2026-01-14 13:47:00 | ASSEMBLY: SKIPPING Bolted Connection1.iam (bolted connection assembly)
2026-01-14 13:47:00 | ASSEMBLY: SKIPPING Bolted Connection2.iam (bolted connection assembly)
2026-01-14 13:47:00 | ASSEMBLY: Replacing TEST-000-PL19.ipt -> N1SCR04-730-PL19.ipt [PL] (in N1SCR04-730.iam)
2026-01-14 13:47:00 | ASSEMBLY: SUCCESS - Updated to N1SCR04-730-PL19.ipt
2026-01-14 13:47:00 | ASSEMBLY: INFO - No mapping found for N1SCR04-730-PL19.ipt (not renamed)
2026-01-14 13:47:00 | ASSEMBLY: INFO - No mapping found for N1SCR04-730-PL19.ipt (not renamed)
2026-01-14 13:47:00 | ASSEMBLY: INFO - No mapping found for N1SCR04-730-PL19.ipt (not renamed)
2026-01-14 13:47:00 | ASSEMBLY: INFO - No mapping found for N1SCR04-730-PL19.ipt (not renamed)
2026-01-14 13:47:00 | ASSEMBLY: INFO - No mapping found for N1SCR04-730-PL19.ipt (not renamed)
2026-01-14 13:47:00 | ASSEMBLY: INFO - No mapping found for N1SCR04-730-PL19.ipt (not renamed)
2026-01-14 13:47:00 | ASSEMBLY: INFO - No mapping found for N1SCR04-730-PL19.ipt (not renamed)
2026-01-14 13:47:00 | ASSEMBLY: INFO - No mapping found for N1SCR04-730-PL19.ipt (not renamed)
2026-01-14 13:47:00 | ASSEMBLY: INFO - No mapping found for N1SCR04-730-PL19.ipt (not renamed)
2026-01-14 13:47:00 | ASSEMBLY: INFO - No mapping found for N1SCR04-730-PL19.ipt (not renamed)
2026-01-14 13:47:00 | ASSEMBLY: INFO - No mapping found for N1SCR04-730-PL19.ipt (not renamed)
2026-01-14 13:47:00 | ASSEMBLY: INFO - No mapping found for N1SCR04-730-PL19.ipt (not renamed)
2026-01-14 13:47:00 | ASSEMBLY: INFO - No mapping found for N1SCR04-730-PL19.ipt (not renamed)
2026-01-14 13:47:00 | ASSEMBLY: INFO - No mapping found for N1SCR04-730-PL19.ipt (not renamed)
2026-01-14 13:47:00 | ASSEMBLY: INFO - No mapping found for N1SCR04-730-PL19.ipt (not renamed)
2026-01-14 13:47:00 | ASSEMBLY: INFO - No mapping found for N1SCR04-730-PL19.ipt (not renamed)
2026-01-14 13:47:00 | ASSEMBLY: INFO - No mapping found for N1SCR04-730-PL19.ipt (not renamed)
2026-01-14 13:47:00 | ASSEMBLY: INFO - No mapping found for N1SCR04-730-PL19.ipt (not renamed)
2026-01-14 13:47:00 | ASSEMBLY: INFO - No mapping found for N1SCR04-730-PL19.ipt (not renamed)
2026-01-14 13:47:00 | ASSEMBLY: INFO - No mapping found for N1SCR04-730-PL19.ipt (not renamed)
2026-01-14 13:47:00 | ASSEMBLY: INFO - No mapping found for N1SCR04-730-PL19.ipt (not renamed)
2026-01-14 13:47:00 | ASSEMBLY: INFO - No mapping found for N1SCR04-730-PL19.ipt (not renamed)
2026-01-14 13:47:00 | ASSEMBLY: INFO - No mapping found for N1SCR04-730-PL19.ipt (not renamed)
2026-01-14 13:47:00 | ASSEMBLY: INFO - No mapping found for N1SCR04-730-PL19.ipt (not renamed)
2026-01-14 13:47:00 | ASSEMBLY: INFO - No mapping found for N1SCR04-730-PL19.ipt (not renamed)
2026-01-14 13:47:00 | ASSEMBLY: INFO - No mapping found for N1SCR04-730-PL19.ipt (not renamed)
2026-01-14 13:47:00 | ASSEMBLY: INFO - No mapping found for N1SCR04-730-PL19.ipt (not renamed)
2026-01-14 13:47:00 | ASSEMBLY: INFO - No mapping found for N1SCR04-730-PL19.ipt (not renamed)
2026-01-14 13:47:00 | ASSEMBLY: INFO - No mapping found for N1SCR04-730-PL19.ipt (not renamed)
2026-01-14 13:47:00 | ASSEMBLY: INFO - No mapping found for N1SCR04-730-PL19.ipt (not renamed)
2026-01-14 13:47:00 | ASSEMBLY: INFO - No mapping found for N1SCR04-730-PL19.ipt (not renamed)
2026-01-14 13:47:00 | ASSEMBLY: INFO - No mapping found for N1SCR04-730-PL19.ipt (not renamed)
2026-01-14 13:47:00 | ASSEMBLY: INFO - No mapping found for N1SCR04-730-PL19.ipt (not renamed)
2026-01-14 13:47:00 | ASSEMBLY: INFO - No mapping found for N1SCR04-730-PL19.ipt (not renamed)
2026-01-14 13:47:00 | ASSEMBLY: INFO - No mapping found for N1SCR04-730-PL19.ipt (not renamed)
2026-01-14 13:47:00 | ASSEMBLY: Saving assembly with updated references...
2026-01-14 13:47:02 | ASSEMBLY: Successfully saved assembly
2026-01-14 13:47:02 | STEP 8: Auto-detecting and updating IDW files
2026-01-14 13:47:02 | IDW: Auto-detecting IDW files in assembly directory
2026-01-14 13:47:02 | IDW: Found drawing file - KNL-N1200-SCR04-0730-PA.idw
2026-01-14 13:47:02 | IDW: Processing KNL-N1200-SCR04-0730-PA.idw
2026-01-14 13:47:03 | IDW: Opening KNL-N1200-SCR04-0730-PA.idw
2026-01-14 13:47:05 | IDW: Found 48 referenced files
2026-01-14 13:47:05 | IDW: INFO - No mapping found for Head Box.iam
2026-01-14 13:47:05 | IDW: INFO - No mapping found for N1SCR04-730-FL1.ipt
2026-01-14 13:47:05 | IDW: Updating reference TEST-000-A1.ipt -> N1SCR04-730-A1.ipt
2026-01-14 13:47:05 | IDW: SUCCESS - Reference updated
2026-01-14 13:47:05 | IDW: Updating reference TEST-000-A10.ipt -> N1SCR04-730-A10.ipt
2026-01-14 13:47:05 | IDW: SUCCESS - Reference updated
2026-01-14 13:47:05 | IDW: Updating reference TEST-000-A2.ipt -> N1SCR04-730-A2.ipt
2026-01-14 13:47:05 | IDW: SUCCESS - Reference updated
2026-01-14 13:47:05 | IDW: Updating reference TEST-000-A3.ipt -> N1SCR04-730-A3.ipt
2026-01-14 13:47:05 | IDW: SUCCESS - Reference updated
2026-01-14 13:47:05 | IDW: Updating reference TEST-000-A4.ipt -> N1SCR04-730-A4.ipt
2026-01-14 13:47:05 | IDW: SUCCESS - Reference updated
2026-01-14 13:47:05 | IDW: Updating reference TEST-000-A5.ipt -> N1SCR04-730-A5.ipt
2026-01-14 13:47:05 | IDW: SUCCESS - Reference updated
2026-01-14 13:47:05 | IDW: Updating reference TEST-000-A6.ipt -> N1SCR04-730-A6.ipt
2026-01-14 13:47:05 | IDW: SUCCESS - Reference updated
2026-01-14 13:47:05 | IDW: Updating reference TEST-000-A7.ipt -> N1SCR04-730-A7.ipt
2026-01-14 13:47:05 | IDW: SUCCESS - Reference updated
2026-01-14 13:47:05 | IDW: Updating reference TEST-000-A8.ipt -> N1SCR04-730-A8.ipt
2026-01-14 13:47:05 | IDW: SUCCESS - Reference updated
2026-01-14 13:47:05 | IDW: Updating reference TEST-000-A9.ipt -> N1SCR04-730-A9.ipt
2026-01-14 13:47:05 | IDW: SUCCESS - Reference updated
2026-01-14 13:47:05 | IDW: Updating reference TEST-000-FL1.ipt -> N1SCR04-730-FL1.ipt
2026-01-14 13:47:05 | IDW: SUCCESS - Reference updated
2026-01-14 13:47:05 | IDW: Updating reference TEST-000-FL3.ipt -> N1SCR04-730-FL3.ipt
2026-01-14 13:47:05 | IDW: SUCCESS - Reference updated
2026-01-14 13:47:05 | IDW: Updating reference TEST-000-FL4.ipt -> N1SCR04-730-FL4.ipt
2026-01-14 13:47:05 | IDW: SUCCESS - Reference updated
2026-01-14 13:47:05 | IDW: Updating reference TEST-000-FL5.ipt -> N1SCR04-730-FL5.ipt
2026-01-14 13:47:05 | IDW: SUCCESS - Reference updated
2026-01-14 13:47:05 | IDW: Updating reference TEST-000-FL6.ipt -> N1SCR04-730-FL6.ipt
2026-01-14 13:47:05 | IDW: SUCCESS - Reference updated
2026-01-14 13:47:05 | IDW: Updating reference TEST-000-FL7.ipt -> N1SCR04-730-FL7.ipt
2026-01-14 13:47:05 | IDW: SUCCESS - Reference updated
2026-01-14 13:47:05 | IDW: Updating reference TEST-000-FLG2.ipt -> N1SCR04-730-FLG2.ipt
2026-01-14 13:47:05 | IDW: SUCCESS - Reference updated
2026-01-14 13:47:05 | IDW: Updating reference TEST-000-FLG3.ipt -> N1SCR04-730-FLG3.ipt
2026-01-14 13:47:05 | IDW: SUCCESS - Reference updated
2026-01-14 13:47:05 | IDW: Updating reference TEST-000-P1.ipt -> N1SCR04-730-P1.ipt
2026-01-14 13:47:05 | IDW: SUCCESS - Reference updated
2026-01-14 13:47:05 | IDW: Updating reference TEST-000-P2.ipt -> N1SCR04-730-P2.ipt
2026-01-14 13:47:05 | IDW: SUCCESS - Reference updated
2026-01-14 13:47:05 | IDW: Updating reference TEST-000-P3.ipt -> N1SCR04-730-P3.ipt
2026-01-14 13:47:05 | IDW: SUCCESS - Reference updated
2026-01-14 13:47:05 | IDW: Updating reference TEST-000-PL1.ipt -> N1SCR04-730-PL1.ipt
2026-01-14 13:47:05 | IDW: SUCCESS - Reference updated
2026-01-14 13:47:05 | IDW: Updating reference TEST-000-PL10.ipt -> N1SCR04-730-PL10.ipt
2026-01-14 13:47:05 | IDW: SUCCESS - Reference updated
2026-01-14 13:47:05 | IDW: Updating reference TEST-000-PL11.ipt -> N1SCR04-730-PL11.ipt
2026-01-14 13:47:05 | IDW: SUCCESS - Reference updated
2026-01-14 13:47:05 | IDW: Updating reference TEST-000-PL12.ipt -> N1SCR04-730-PL12.ipt
2026-01-14 13:47:05 | IDW: SUCCESS - Reference updated
2026-01-14 13:47:05 | IDW: Updating reference TEST-000-PL13.ipt -> N1SCR04-730-PL13.ipt
2026-01-14 13:47:05 | IDW: SUCCESS - Reference updated
2026-01-14 13:47:05 | IDW: Updating reference TEST-000-PL14.ipt -> N1SCR04-730-PL14.ipt
2026-01-14 13:47:05 | IDW: SUCCESS - Reference updated
2026-01-14 13:47:05 | IDW: Updating reference TEST-000-PL15.ipt -> N1SCR04-730-PL15.ipt
2026-01-14 13:47:05 | IDW: SUCCESS - Reference updated
2026-01-14 13:47:05 | IDW: Updating reference TEST-000-PL16.ipt -> N1SCR04-730-PL16.ipt
2026-01-14 13:47:05 | IDW: SUCCESS - Reference updated
2026-01-14 13:47:05 | IDW: Updating reference TEST-000-PL17.ipt -> N1SCR04-730-PL17.ipt
2026-01-14 13:47:05 | IDW: SUCCESS - Reference updated
2026-01-14 13:47:05 | IDW: Updating reference TEST-000-PL18.ipt -> N1SCR04-730-PL18.ipt
2026-01-14 13:47:05 | IDW: SUCCESS - Reference updated
2026-01-14 13:47:05 | IDW: Updating reference TEST-000-PL19.ipt -> N1SCR04-730-PL19.ipt
2026-01-14 13:47:05 | IDW: SUCCESS - Reference updated
2026-01-14 13:47:05 | IDW: Updating reference TEST-000-PL2.ipt -> N1SCR04-730-PL2.ipt
2026-01-14 13:47:05 | IDW: SUCCESS - Reference updated
2026-01-14 13:47:05 | IDW: Updating reference TEST-000-PL3.ipt -> N1SCR04-730-PL3.ipt
2026-01-14 13:47:05 | IDW: SUCCESS - Reference updated
2026-01-14 13:47:05 | IDW: Updating reference TEST-000-PL4.ipt -> N1SCR04-730-PL4.ipt
2026-01-14 13:47:05 | IDW: SUCCESS - Reference updated
2026-01-14 13:47:05 | IDW: Updating reference TEST-000-PL5.ipt -> N1SCR04-730-PL5.ipt
2026-01-14 13:47:05 | IDW: SUCCESS - Reference updated
2026-01-14 13:47:05 | IDW: Updating reference TEST-000-PL6.ipt -> N1SCR04-730-PL6.ipt
2026-01-14 13:47:05 | IDW: SUCCESS - Reference updated
2026-01-14 13:47:05 | IDW: Updating reference TEST-000-PL7.ipt -> N1SCR04-730-PL7.ipt
2026-01-14 13:47:05 | IDW: SUCCESS - Reference updated
2026-01-14 13:47:05 | IDW: Updating reference TEST-000-PL8.ipt -> N1SCR04-730-PL8.ipt
2026-01-14 13:47:05 | IDW: SUCCESS - Reference updated
2026-01-14 13:47:05 | IDW: Updating reference TEST-000-PL9.ipt -> N1SCR04-730-PL9.ipt
2026-01-14 13:47:05 | IDW: SUCCESS - Reference updated
2026-01-14 13:47:05 | IDW: Updating reference TEST-000-R1.ipt -> N1SCR04-730-R1.ipt
2026-01-14 13:47:05 | IDW: SUCCESS - Reference updated
2026-01-14 13:47:05 | IDW: Updating reference TEST-000-R2.ipt -> N1SCR04-730-R2.ipt
2026-01-14 13:47:05 | IDW: SUCCESS - Reference updated
2026-01-14 13:47:05 | IDW: INFO - No mapping found for Lid-1.iam
2026-01-14 13:47:05 | IDW: INFO - No mapping found for Lid-2.iam
2026-01-14 13:47:05 | IDW: INFO - No mapping found for N1SCR04-730.iam
2026-01-14 13:47:05 | IDW: INFO - No mapping found for N1SCR04-730-EXPLODED.ipn
2026-01-14 13:47:07 | IDW: Saved KNL-N1200-SCR04-0730-PA.idw
2026-01-14 13:47:07 | STEP 8.5: Saving mapping file for external IDW updater
2026-01-14 13:47:07 | MAPPING: Saving comprehensive mapping file for STEP 2
2026-01-14 13:47:07 | STEP 9: Keeping original files for safety (skipping cleanup)
2026-01-14 13:47:07 | === DYNAMIC HERITAGE-BASED SOLUTION COMPLETED ===
