2026-01-13 21:00:39 | === DYNAMIC HERITAGE-BASED SOLUTION ===
2026-01-13 21:00:39 | Auto-detecting open model and creating dynamic renaming workflow
2026-01-13 21:00:40 | SUCCESS: Connected to existing Inventor instance
2026-01-13 21:00:40 | STEP 1: Detecting open assembly and analyzing components
2026-01-13 21:00:40 | DETECTED: Document type: 12291
2026-01-13 21:00:40 | DETECTED: Assembly by .iam extension - proceeding
2026-01-13 21:00:40 | DETECTED: Active assembly - N1SCR04-730.iam
2026-01-13 21:00:40 | DETECTED: Full path - C:\Users\Quintin\Documents\Spectiv\3. Working\22. DMS plant\21. SSCR04 - Primary Floats D&R Screen Station\730 CM Head Box\N1SCR04-730.iam
2026-01-13 21:00:41 | USER CONFIRMED: Proceeding with assembly processing
2026-01-13 21:00:41 | CONFIRMED: 42 occurrences to process
2026-01-13 21:00:41 | STEP 2: Flattening hierarchy and grouping components
2026-01-13 21:00:41 | ANALYZE: Recursively flattening ENTIRE model hierarchy and reading iProperty descriptions
2026-01-13 21:00:41 | ANALYZE: Processing assembly - N1SCR04-730.iam (Level: ROOT)
2026-01-13 21:00:41 | ANALYZE: Found 42 occurrences in N1SCR04-730.iam
2026-01-13 21:00:41 | ANALYZE: RECURSING into sub-assembly - Head Box.iam
2026-01-13 21:00:41 | ANALYZE: Processing assembly - Head Box.iam (Level: ROOT>Head Box.iam)
2026-01-13 21:00:41 | ANALYZE: Found 86 occurrences in Head Box.iam
2026-01-13 21:00:41 | ANALYZE: PART - N1SCR04-730-PL1.ipt -> Description: PL 6mm S355JR -> Group: PL (from Head Box.iam)
2026-01-13 21:00:41 | ANALYZE: Created new group - PL
2026-01-13 21:00:41 | ANALYZE: PART - N1SCR04-730-PL2.ipt -> Description: PL 6mm S355JR -> Group: PL (from Head Box.iam)
2026-01-13 21:00:41 | ANALYZE: PART - N1SCR04-730-PL3.ipt -> Description: PL 6mm S355JR -> Group: PL (from Head Box.iam)
2026-01-13 21:00:41 | ANALYZE: PART - N1SCR04-730-PL4.ipt -> Description: PL 6mm S355JR -> Group: PL (from Head Box.iam)
2026-01-13 21:00:41 | ANALYZE: PART - N1SCR04-730-PL5.ipt -> Description: PL 6mm S355JR -> Group: PL (from Head Box.iam)
2026-01-13 21:00:41 | ANALYZE: PART - N1SCR04-730-PL6.ipt -> Description: PL 6mm S355JR -> Group: PL (from Head Box.iam)
2026-01-13 21:00:41 | ANALYZE: PART - N1SCR04-730-PL7.ipt -> Description: PL 6mm S355JR -> Group: PL (from Head Box.iam)
2026-01-13 21:00:41 | ANALYZE: PART - N1SCR04-730-PL8.ipt -> Description: PL 6mm S355JR -> Group: PL (from Head Box.iam)
2026-01-13 21:00:41 | ANALYZE: DUPLICATE PART SKIPPED - N1SCR04-730-PL8.ipt (already processed)
2026-01-13 21:00:41 | ANALYZE: DUPLICATE PART SKIPPED - N1SCR04-730-PL8.ipt (already processed)
2026-01-13 21:00:41 | ANALYZE: PART - N1SCR04-730-PL9.ipt -> Description: PL 6mm S355JR -> Group: PL (from Head Box.iam)
2026-01-13 21:00:42 | ANALYZE: PART - N1SCR04-730-PL10.ipt -> Description: PL 6mm S355JR -> Group: PL (from Head Box.iam)
2026-01-13 21:00:42 | ANALYZE: DUPLICATE PART SKIPPED - N1SCR04-730-PL10.ipt (already processed)
2026-01-13 21:00:42 | ANALYZE: PART - N1SCR04-730-FLG1.ipt -> Description: PIPE - 800NB S.A.B.S.719 - 6 W.T. -> Group: P (from Head Box.iam)
2026-01-13 21:00:42 | ANALYZE: Created new group - P
2026-01-13 21:00:42 | ANALYZE: PART - N1SCR04-730-FLG2.ipt -> Description: FLANGE - 600NB S.A.B.S.1123 1000/3 25 TH'K -> Group: FLG (from Head Box.iam)
2026-01-13 21:00:42 | ANALYZE: Created new group - FLG
2026-01-13 21:00:42 | ANALYZE: PART - N1SCR04-730-FLG3.ipt -> Description: PIPE - 500NB S.A.B.S.719 - 6 W.T. -> Group: P (from Head Box.iam)
2026-01-13 21:00:42 | ANALYZE: PART - N1SCR04-730-FLG4.ipt -> Description: FLANGE - 500NB S.A.B.S.1123 1000/3 25 TH'K -> Group: FLG (from Head Box.iam)
2026-01-13 21:00:42 | ANALYZE: DUPLICATE PART SKIPPED - N1SCR04-730-FLG3.ipt (already processed)
2026-01-13 21:00:42 | ANALYZE: DUPLICATE PART SKIPPED - N1SCR04-730-FLG4.ipt (already processed)
2026-01-13 21:00:42 | ANALYZE: PART - N1SCR04-730-FLG5.ipt -> Description: PIPE - 200NB S.A.B.S.719 - 6 W.T. -> Group: P (from Head Box.iam)
2026-01-13 21:00:42 | ANALYZE: PART - N1SCR04-730-FLG6.ipt -> Description: FLANGE - 200NB S.A.B.S.1123 1000/3 18 TH'K -> Group: FLG (from Head Box.iam)
2026-01-13 21:00:42 | ANALYZE: PART - N1SCR04-730-A1.ipt -> Description: L60x60x6 -> Group: A (from Head Box.iam)
2026-01-13 21:00:42 | ANALYZE: Created new group - A
2026-01-13 21:00:42 | ANALYZE: PART - N1SCR04-730-A2.ipt -> Description: L60x60x6 -> Group: A (from Head Box.iam)
2026-01-13 21:00:42 | ANALYZE: PART - N1SCR04-730-A3.ipt -> Description: L60x60x6 -> Group: A (from Head Box.iam)
2026-01-13 21:00:42 | ANALYZE: PART - N1SCR04-730-A4.ipt -> Description: L60x60x6 -> Group: A (from Head Box.iam)
2026-01-13 21:00:42 | ANALYZE: PART - N1SCR04-730-A5.ipt -> Description: L60x60x6 -> Group: A (from Head Box.iam)
2026-01-13 21:00:42 | ANALYZE: PART - N1SCR04-730-A6.ipt -> Description: L60x60x6 -> Group: A (from Head Box.iam)
2026-01-13 21:00:42 | ANALYZE: PART - N1SCR04-730-A7.ipt -> Description: L50x50x6 -> Group: A (from Head Box.iam)
2026-01-13 21:00:42 | ANALYZE: DUPLICATE PART SKIPPED - N1SCR04-730-A7.ipt (already processed)
2026-01-13 21:00:42 | ANALYZE: PART - N1SCR04-730-A8.ipt -> Description: L50x50x6 -> Group: A (from Head Box.iam)
2026-01-13 21:00:42 | ANALYZE: DUPLICATE PART SKIPPED - N1SCR04-730-A8.ipt (already processed)
2026-01-13 21:00:42 | ANALYZE: DUPLICATE PART SKIPPED - N1SCR04-730-A7.ipt (already processed)
2026-01-13 21:00:42 | ANALYZE: DUPLICATE PART SKIPPED - N1SCR04-730-A7.ipt (already processed)
2026-01-13 21:00:42 | ANALYZE: DUPLICATE PART SKIPPED - N1SCR04-730-A8.ipt (already processed)
2026-01-13 21:00:42 | ANALYZE: DUPLICATE PART SKIPPED - N1SCR04-730-A8.ipt (already processed)
2026-01-13 21:00:42 | ANALYZE: DUPLICATE PART SKIPPED - N1SCR04-730-A7.ipt (already processed)
2026-01-13 21:00:42 | ANALYZE: DUPLICATE PART SKIPPED - N1SCR04-730-A7.ipt (already processed)
2026-01-13 21:00:42 | ANALYZE: DUPLICATE PART SKIPPED - N1SCR04-730-A8.ipt (already processed)
2026-01-13 21:00:42 | ANALYZE: DUPLICATE PART SKIPPED - N1SCR04-730-A8.ipt (already processed)
2026-01-13 21:00:42 | ANALYZE: PART - N1SCR04-730-PL11.ipt -> Description: PL 10mm S355JR -> Group: PL (from Head Box.iam)
2026-01-13 21:00:42 | ANALYZE: PART - N1SCR04-730-PL12.ipt -> Description: PL 10mm S355JR -> Group: PL (from Head Box.iam)
2026-01-13 21:00:42 | ANALYZE: PART - N1SCR04-730-PL13.ipt -> Description: PL 10mm S355JR -> Group: PL (from Head Box.iam)
2026-01-13 21:00:42 | ANALYZE: DUPLICATE PART SKIPPED - N1SCR04-730-PL13.ipt (already processed)
2026-01-13 21:00:42 | ANALYZE: PART - N1SCR04-730-FL1.ipt -> Description: FL50x8 -> Group: FL (from Head Box.iam)
2026-01-13 21:00:42 | ANALYZE: Created new group - FL
2026-01-13 21:00:42 | ANALYZE: DUPLICATE PART SKIPPED - N1SCR04-730-FL1.ipt (already processed)
2026-01-13 21:00:42 | ANALYZE: DUPLICATE PART SKIPPED - N1SCR04-730-PL12.ipt (already processed)
2026-01-13 21:00:42 | ANALYZE: DUPLICATE PART SKIPPED - N1SCR04-730-PL13.ipt (already processed)
2026-01-13 21:00:42 | ANALYZE: DUPLICATE PART SKIPPED - N1SCR04-730-PL13.ipt (already processed)
2026-01-13 21:00:42 | ANALYZE: DUPLICATE PART SKIPPED - N1SCR04-730-FL1.ipt (already processed)
2026-01-13 21:00:42 | ANALYZE: DUPLICATE PART SKIPPED - N1SCR04-730-FL1.ipt (already processed)
2026-01-13 21:00:42 | ANALYZE: DUPLICATE PART SKIPPED - N1SCR04-730-PL12.ipt (already processed)
2026-01-13 21:00:42 | ANALYZE: DUPLICATE PART SKIPPED - N1SCR04-730-PL13.ipt (already processed)
2026-01-13 21:00:42 | ANALYZE: DUPLICATE PART SKIPPED - N1SCR04-730-PL13.ipt (already processed)
2026-01-13 21:00:42 | ANALYZE: DUPLICATE PART SKIPPED - N1SCR04-730-FL1.ipt (already processed)
2026-01-13 21:00:42 | ANALYZE: DUPLICATE PART SKIPPED - N1SCR04-730-FL1.ipt (already processed)
2026-01-13 21:00:42 | ANALYZE: DUPLICATE PART SKIPPED - N1SCR04-730-PL12.ipt (already processed)
2026-01-13 21:00:42 | ANALYZE: DUPLICATE PART SKIPPED - N1SCR04-730-PL13.ipt (already processed)
2026-01-13 21:00:42 | ANALYZE: DUPLICATE PART SKIPPED - N1SCR04-730-PL13.ipt (already processed)
2026-01-13 21:00:42 | ANALYZE: DUPLICATE PART SKIPPED - N1SCR04-730-FL1.ipt (already processed)
2026-01-13 21:00:42 | ANALYZE: DUPLICATE PART SKIPPED - N1SCR04-730-FL1.ipt (already processed)
2026-01-13 21:00:42 | ANALYZE: DUPLICATE PART SKIPPED - N1SCR04-730-PL12.ipt (already processed)
2026-01-13 21:00:42 | ANALYZE: DUPLICATE PART SKIPPED - N1SCR04-730-PL13.ipt (already processed)
2026-01-13 21:00:42 | ANALYZE: DUPLICATE PART SKIPPED - N1SCR04-730-PL13.ipt (already processed)
2026-01-13 21:00:42 | ANALYZE: DUPLICATE PART SKIPPED - N1SCR04-730-FL1.ipt (already processed)
2026-01-13 21:00:42 | ANALYZE: DUPLICATE PART SKIPPED - N1SCR04-730-FL1.ipt (already processed)
2026-01-13 21:00:42 | ANALYZE: DUPLICATE PART SKIPPED - N1SCR04-730-PL12.ipt (already processed)
2026-01-13 21:00:42 | ANALYZE: DUPLICATE PART SKIPPED - N1SCR04-730-PL13.ipt (already processed)
2026-01-13 21:00:42 | ANALYZE: DUPLICATE PART SKIPPED - N1SCR04-730-PL13.ipt (already processed)
2026-01-13 21:00:42 | ANALYZE: DUPLICATE PART SKIPPED - N1SCR04-730-FL1.ipt (already processed)
2026-01-13 21:00:42 | ANALYZE: DUPLICATE PART SKIPPED - N1SCR04-730-FL1.ipt (already processed)
2026-01-13 21:00:42 | ANALYZE: PART - N1SCR04-730-PL14.ipt -> Description: PL 25mm S355JR -> Group: PL (from Head Box.iam)
2026-01-13 21:00:42 | ANALYZE: PART - N1SCR04-730-PL15.ipt -> Description: PL 20mm S355JR -> Group: PL (from Head Box.iam)
2026-01-13 21:00:42 | ANALYZE: DUPLICATE PART SKIPPED - N1SCR04-730-PL14.ipt (already processed)
2026-01-13 21:00:42 | ANALYZE: DUPLICATE PART SKIPPED - N1SCR04-730-PL15.ipt (already processed)
2026-01-13 21:00:42 | ANALYZE: DUPLICATE PART SKIPPED - N1SCR04-730-PL14.ipt (already processed)
2026-01-13 21:00:42 | ANALYZE: DUPLICATE PART SKIPPED - N1SCR04-730-PL15.ipt (already processed)
2026-01-13 21:00:42 | ANALYZE: DUPLICATE PART SKIPPED - N1SCR04-730-PL14.ipt (already processed)
2026-01-13 21:00:42 | ANALYZE: DUPLICATE PART SKIPPED - N1SCR04-730-PL15.ipt (already processed)
2026-01-13 21:00:42 | ANALYZE: DUPLICATE PART SKIPPED - N1SCR04-730-PL14.ipt (already processed)
2026-01-13 21:00:43 | ANALYZE: DUPLICATE PART SKIPPED - N1SCR04-730-PL15.ipt (already processed)
2026-01-13 21:00:43 | ANALYZE: DUPLICATE PART SKIPPED - N1SCR04-730-PL14.ipt (already processed)
2026-01-13 21:00:43 | ANALYZE: DUPLICATE PART SKIPPED - N1SCR04-730-PL15.ipt (already processed)
2026-01-13 21:00:43 | ANALYZE: PART - N1SCR04-730-PL16.ipt -> Description: PL 8mm S355JR -> Group: PL (from Head Box.iam)
2026-01-13 21:00:43 | ANALYZE: DUPLICATE PART SKIPPED - N1SCR04-730-PL16.ipt (already processed)
2026-01-13 21:00:43 | ANALYZE: DUPLICATE PART SKIPPED - N1SCR04-730-PL16.ipt (already processed)
2026-01-13 21:00:43 | ANALYZE: DUPLICATE PART SKIPPED - N1SCR04-730-PL16.ipt (already processed)
2026-01-13 21:00:43 | ANALYZE: RECURSING into sub-assembly - Lid-1.iam
2026-01-13 21:00:43 | ANALYZE: Processing assembly - Lid-1.iam (Level: ROOT>Lid-1.iam)
2026-01-13 21:00:43 | ANALYZE: Found 17 occurrences in Lid-1.iam
2026-01-13 21:00:43 | ANALYZE: PART - TEST01-PL17.ipt -> Description: PL 6mm S355JR -> Group: PL (from Lid-1.iam)
2026-01-13 21:00:43 | ANALYZE: PART - TEST01-A9.ipt -> Description: L60x60x6 -> Group: A (from Lid-1.iam)
2026-01-13 21:00:43 | ANALYZE: PART - TEST01-FL2.ipt -> Description: FL50x8 -> Group: FL (from Lid-1.iam)
2026-01-13 21:00:43 | ANALYZE: DUPLICATE PART SKIPPED - TEST01-FL2.ipt (already processed)
2026-01-13 21:00:43 | ANALYZE: DUPLICATE PART SKIPPED - TEST01-FL2.ipt (already processed)
2026-01-13 21:00:43 | ANALYZE: PART - TEST01-FL3.ipt -> Description: FL50x8 -> Group: FL (from Lid-1.iam)
2026-01-13 21:00:43 | ANALYZE: DUPLICATE PART SKIPPED - TEST01-FL3.ipt (already processed)
2026-01-13 21:00:43 | ANALYZE: PART - TEST01-FL4.ipt -> Description: FL50x8 -> Group: FL (from Lid-1.iam)
2026-01-13 21:00:43 | ANALYZE: DUPLICATE PART SKIPPED - TEST01-FL4.ipt (already processed)
2026-01-13 21:00:43 | ANALYZE: DUPLICATE PART SKIPPED - TEST01-FL3.ipt (already processed)
2026-01-13 21:00:43 | ANALYZE: DUPLICATE PART SKIPPED - TEST01-FL3.ipt (already processed)
2026-01-13 21:00:43 | ANALYZE: DUPLICATE PART SKIPPED - TEST01-FL4.ipt (already processed)
2026-01-13 21:00:43 | ANALYZE: DUPLICATE PART SKIPPED - TEST01-FL4.ipt (already processed)
2026-01-13 21:00:43 | ANALYZE: PART - TEST01-PART1.ipt -> Description: HANDLE - Ř16 ROUND BAR -> Group: OTHER (from Lid-1.iam)
2026-01-13 21:00:43 | ANALYZE: Created new group - OTHER
2026-01-13 21:00:43 | ANALYZE: DUPLICATE PART SKIPPED - TEST01-PART1.ipt (already processed)
2026-01-13 21:00:43 | ANALYZE: DUPLICATE PART SKIPPED - TEST01-PART1.ipt (already processed)
2026-01-13 21:00:43 | ANALYZE: DUPLICATE PART SKIPPED - TEST01-PART1.ipt (already processed)
2026-01-13 21:00:43 | ANALYZE: RECURSING into sub-assembly - Lid-1.iam
2026-01-13 21:00:43 | ANALYZE: Processing assembly - Lid-1.iam (Level: ROOT>Lid-1.iam)
2026-01-13 21:00:43 | ANALYZE: Found 17 occurrences in Lid-1.iam
2026-01-13 21:00:43 | ANALYZE: DUPLICATE PART SKIPPED - TEST01-PL17.ipt (already processed)
2026-01-13 21:00:43 | ANALYZE: DUPLICATE PART SKIPPED - TEST01-A9.ipt (already processed)
2026-01-13 21:00:43 | ANALYZE: DUPLICATE PART SKIPPED - TEST01-FL2.ipt (already processed)
2026-01-13 21:00:43 | ANALYZE: DUPLICATE PART SKIPPED - TEST01-FL2.ipt (already processed)
2026-01-13 21:00:43 | ANALYZE: DUPLICATE PART SKIPPED - TEST01-FL2.ipt (already processed)
2026-01-13 21:00:43 | ANALYZE: DUPLICATE PART SKIPPED - TEST01-FL3.ipt (already processed)
2026-01-13 21:00:43 | ANALYZE: DUPLICATE PART SKIPPED - TEST01-FL3.ipt (already processed)
2026-01-13 21:00:43 | ANALYZE: DUPLICATE PART SKIPPED - TEST01-FL4.ipt (already processed)
2026-01-13 21:00:43 | ANALYZE: DUPLICATE PART SKIPPED - TEST01-FL4.ipt (already processed)
2026-01-13 21:00:43 | ANALYZE: DUPLICATE PART SKIPPED - TEST01-FL3.ipt (already processed)
2026-01-13 21:00:43 | ANALYZE: DUPLICATE PART SKIPPED - TEST01-FL3.ipt (already processed)
2026-01-13 21:00:43 | ANALYZE: DUPLICATE PART SKIPPED - TEST01-FL4.ipt (already processed)
2026-01-13 21:00:43 | ANALYZE: DUPLICATE PART SKIPPED - TEST01-FL4.ipt (already processed)
2026-01-13 21:00:43 | ANALYZE: DUPLICATE PART SKIPPED - TEST01-PART1.ipt (already processed)
2026-01-13 21:00:43 | ANALYZE: DUPLICATE PART SKIPPED - TEST01-PART1.ipt (already processed)
2026-01-13 21:00:43 | ANALYZE: DUPLICATE PART SKIPPED - TEST01-PART1.ipt (already processed)
2026-01-13 21:00:43 | ANALYZE: DUPLICATE PART SKIPPED - TEST01-PART1.ipt (already processed)
2026-01-13 21:00:43 | ANALYZE: RECURSING into sub-assembly - Lid-2.iam
2026-01-13 21:00:43 | ANALYZE: Processing assembly - Lid-2.iam (Level: ROOT>Lid-2.iam)
2026-01-13 21:00:43 | ANALYZE: Found 18 occurrences in Lid-2.iam
2026-01-13 21:00:43 | ANALYZE: PART - TEST01-PL18.ipt -> Description: PL 6mm S355JR -> Group: PL (from Lid-2.iam)
2026-01-13 21:00:43 | ANALYZE: PART - TEST01-A10.ipt -> Description: L60x60x6 -> Group: A (from Lid-2.iam)
2026-01-13 21:00:43 | ANALYZE: PART - TEST01-FL5.ipt -> Description: FL50x8 -> Group: FL (from Lid-2.iam)
2026-01-13 21:00:43 | ANALYZE: DUPLICATE PART SKIPPED - TEST01-FL5.ipt (already processed)
2026-01-13 21:00:43 | ANALYZE: DUPLICATE PART SKIPPED - TEST01-FL5.ipt (already processed)
2026-01-13 21:00:43 | ANALYZE: DUPLICATE PART SKIPPED - TEST01-A10.ipt (already processed)
2026-01-13 21:00:43 | ANALYZE: PART - TEST01-FL6.ipt -> Description: FL50x8 -> Group: FL (from Lid-2.iam)
2026-01-13 21:00:43 | ANALYZE: DUPLICATE PART SKIPPED - TEST01-FL6.ipt (already processed)
2026-01-13 21:00:43 | ANALYZE: PART - TEST01-FL7.ipt -> Description: FL50x8 -> Group: FL (from Lid-2.iam)
2026-01-13 21:00:43 | ANALYZE: DUPLICATE PART SKIPPED - TEST01-FL7.ipt (already processed)
2026-01-13 21:00:43 | ANALYZE: DUPLICATE PART SKIPPED - TEST01-FL6.ipt (already processed)
2026-01-13 21:00:43 | ANALYZE: DUPLICATE PART SKIPPED - TEST01-FL6.ipt (already processed)
2026-01-13 21:00:43 | ANALYZE: DUPLICATE PART SKIPPED - TEST01-FL7.ipt (already processed)
2026-01-13 21:00:43 | ANALYZE: DUPLICATE PART SKIPPED - TEST01-FL7.ipt (already processed)
2026-01-13 21:00:43 | ANALYZE: PART - TEST01-PART2.ipt -> Description: HANDLE - Ř16 ROUND BAR -> Group: OTHER (from Lid-2.iam)
2026-01-13 21:00:43 | ANALYZE: DUPLICATE PART SKIPPED - TEST01-PART2.ipt (already processed)
2026-01-13 21:00:43 | ANALYZE: DUPLICATE PART SKIPPED - TEST01-PART2.ipt (already processed)
2026-01-13 21:00:43 | ANALYZE: DUPLICATE PART SKIPPED - TEST01-PART2.ipt (already processed)
2026-01-13 21:00:43 | ANALYZE: SKIPPING Bolted Connection1.iam (bolted connection assembly)
2026-01-13 21:00:43 | ANALYZE: SKIPPING Bolted Connection2.iam (bolted connection assembly)
2026-01-13 21:00:43 | ANALYZE: PART - N1SCR04-730-PL19.ipt -> Description: PL 6mm S355JR -> Group: PL (from N1SCR04-730.iam)
2026-01-13 21:00:43 | ANALYZE: DUPLICATE PART SKIPPED - N1SCR04-730-PL19.ipt (already processed)
2026-01-13 21:00:43 | ANALYZE: DUPLICATE PART SKIPPED - N1SCR04-730-PL19.ipt (already processed)
2026-01-13 21:00:43 | ANALYZE: DUPLICATE PART SKIPPED - N1SCR04-730-PL19.ipt (already processed)
2026-01-13 21:00:43 | ANALYZE: DUPLICATE PART SKIPPED - N1SCR04-730-PL19.ipt (already processed)
2026-01-13 21:00:43 | ANALYZE: DUPLICATE PART SKIPPED - N1SCR04-730-PL19.ipt (already processed)
2026-01-13 21:00:43 | ANALYZE: DUPLICATE PART SKIPPED - N1SCR04-730-PL19.ipt (already processed)
2026-01-13 21:00:43 | ANALYZE: DUPLICATE PART SKIPPED - N1SCR04-730-PL19.ipt (already processed)
2026-01-13 21:00:43 | ANALYZE: DUPLICATE PART SKIPPED - N1SCR04-730-PL19.ipt (already processed)
2026-01-13 21:00:43 | ANALYZE: DUPLICATE PART SKIPPED - N1SCR04-730-PL19.ipt (already processed)
2026-01-13 21:00:43 | ANALYZE: DUPLICATE PART SKIPPED - N1SCR04-730-PL19.ipt (already processed)
2026-01-13 21:00:43 | ANALYZE: DUPLICATE PART SKIPPED - N1SCR04-730-PL19.ipt (already processed)
2026-01-13 21:00:43 | ANALYZE: DUPLICATE PART SKIPPED - N1SCR04-730-PL19.ipt (already processed)
2026-01-13 21:00:43 | ANALYZE: DUPLICATE PART SKIPPED - N1SCR04-730-PL19.ipt (already processed)
2026-01-13 21:00:43 | ANALYZE: DUPLICATE PART SKIPPED - N1SCR04-730-PL19.ipt (already processed)
2026-01-13 21:00:43 | ANALYZE: DUPLICATE PART SKIPPED - N1SCR04-730-PL19.ipt (already processed)
2026-01-13 21:00:43 | ANALYZE: DUPLICATE PART SKIPPED - N1SCR04-730-PL19.ipt (already processed)
2026-01-13 21:00:43 | ANALYZE: DUPLICATE PART SKIPPED - N1SCR04-730-PL19.ipt (already processed)
2026-01-13 21:00:43 | ANALYZE: DUPLICATE PART SKIPPED - N1SCR04-730-PL19.ipt (already processed)
2026-01-13 21:00:44 | ANALYZE: DUPLICATE PART SKIPPED - N1SCR04-730-PL19.ipt (already processed)
2026-01-13 21:00:44 | ANALYZE: DUPLICATE PART SKIPPED - N1SCR04-730-PL19.ipt (already processed)
2026-01-13 21:00:44 | ANALYZE: DUPLICATE PART SKIPPED - N1SCR04-730-PL19.ipt (already processed)
2026-01-13 21:00:44 | ANALYZE: DUPLICATE PART SKIPPED - N1SCR04-730-PL19.ipt (already processed)
2026-01-13 21:00:44 | ANALYZE: DUPLICATE PART SKIPPED - N1SCR04-730-PL19.ipt (already processed)
2026-01-13 21:00:44 | ANALYZE: DUPLICATE PART SKIPPED - N1SCR04-730-PL19.ipt (already processed)
2026-01-13 21:00:44 | ANALYZE: DUPLICATE PART SKIPPED - N1SCR04-730-PL19.ipt (already processed)
2026-01-13 21:00:44 | ANALYZE: DUPLICATE PART SKIPPED - N1SCR04-730-PL19.ipt (already processed)
2026-01-13 21:00:44 | ANALYZE: DUPLICATE PART SKIPPED - N1SCR04-730-PL19.ipt (already processed)
2026-01-13 21:00:44 | ANALYZE: DUPLICATE PART SKIPPED - N1SCR04-730-PL19.ipt (already processed)
2026-01-13 21:00:44 | ANALYZE: DUPLICATE PART SKIPPED - N1SCR04-730-PL19.ipt (already processed)
2026-01-13 21:00:44 | ANALYZE: DUPLICATE PART SKIPPED - N1SCR04-730-PL19.ipt (already processed)
2026-01-13 21:00:44 | ANALYZE: DUPLICATE PART SKIPPED - N1SCR04-730-PL19.ipt (already processed)
2026-01-13 21:00:44 | ANALYZE: DUPLICATE PART SKIPPED - N1SCR04-730-PL19.ipt (already processed)
2026-01-13 21:00:44 | ANALYZE: DUPLICATE PART SKIPPED - N1SCR04-730-PL19.ipt (already processed)
2026-01-13 21:00:44 | ANALYZE: DUPLICATE PART SKIPPED - N1SCR04-730-PL19.ipt (already processed)
2026-01-13 21:00:44 | ANALYZE: DUPLICATE PART SKIPPED - N1SCR04-730-PL19.ipt (already processed)
2026-01-13 21:00:44 | ANALYZE: Recursive processing completed - Total unique parts processed: 44
2026-01-13 21:00:44 | ANALYZE: Created 6 component groups
2026-01-13 21:00:44 | DEBUG GROUP: 'PL' contains 19 components:
2026-01-13 21:00:44 |   - C:\Users\Quintin\Documents\Spectiv\3. Working\22. DMS plant\21. SSCR04 - Primary Floats D&R Screen Station\730 CM Head Box\Unrenamed Parts\N1SCR04-730-PL1.ipt
2026-01-13 21:00:44 |   - C:\Users\Quintin\Documents\Spectiv\3. Working\22. DMS plant\21. SSCR04 - Primary Floats D&R Screen Station\730 CM Head Box\Unrenamed Parts\N1SCR04-730-PL2.ipt
2026-01-13 21:00:44 |   - C:\Users\Quintin\Documents\Spectiv\3. Working\22. DMS plant\21. SSCR04 - Primary Floats D&R Screen Station\730 CM Head Box\Unrenamed Parts\N1SCR04-730-PL3.ipt
2026-01-13 21:00:44 |   - C:\Users\Quintin\Documents\Spectiv\3. Working\22. DMS plant\21. SSCR04 - Primary Floats D&R Screen Station\730 CM Head Box\Unrenamed Parts\N1SCR04-730-PL4.ipt
2026-01-13 21:00:44 |   - C:\Users\Quintin\Documents\Spectiv\3. Working\22. DMS plant\21. SSCR04 - Primary Floats D&R Screen Station\730 CM Head Box\Unrenamed Parts\N1SCR04-730-PL5.ipt
2026-01-13 21:00:44 |   - C:\Users\Quintin\Documents\Spectiv\3. Working\22. DMS plant\21. SSCR04 - Primary Floats D&R Screen Station\730 CM Head Box\Unrenamed Parts\N1SCR04-730-PL6.ipt
2026-01-13 21:00:44 |   - C:\Users\Quintin\Documents\Spectiv\3. Working\22. DMS plant\21. SSCR04 - Primary Floats D&R Screen Station\730 CM Head Box\Unrenamed Parts\N1SCR04-730-PL7.ipt
2026-01-13 21:00:44 |   - C:\Users\Quintin\Documents\Spectiv\3. Working\22. DMS plant\21. SSCR04 - Primary Floats D&R Screen Station\730 CM Head Box\Unrenamed Parts\N1SCR04-730-PL8.ipt
2026-01-13 21:00:44 |   - C:\Users\Quintin\Documents\Spectiv\3. Working\22. DMS plant\21. SSCR04 - Primary Floats D&R Screen Station\730 CM Head Box\Unrenamed Parts\N1SCR04-730-PL9.ipt
2026-01-13 21:00:44 |   - C:\Users\Quintin\Documents\Spectiv\3. Working\22. DMS plant\21. SSCR04 - Primary Floats D&R Screen Station\730 CM Head Box\Unrenamed Parts\N1SCR04-730-PL10.ipt
2026-01-13 21:00:44 |   - C:\Users\Quintin\Documents\Spectiv\3. Working\22. DMS plant\21. SSCR04 - Primary Floats D&R Screen Station\730 CM Head Box\Unrenamed Parts\N1SCR04-730-PL11.ipt
2026-01-13 21:00:44 |   - C:\Users\Quintin\Documents\Spectiv\3. Working\22. DMS plant\21. SSCR04 - Primary Floats D&R Screen Station\730 CM Head Box\Unrenamed Parts\N1SCR04-730-PL12.ipt
2026-01-13 21:00:44 |   - C:\Users\Quintin\Documents\Spectiv\3. Working\22. DMS plant\21. SSCR04 - Primary Floats D&R Screen Station\730 CM Head Box\Unrenamed Parts\N1SCR04-730-PL13.ipt
2026-01-13 21:00:44 |   - C:\Users\Quintin\Documents\Spectiv\3. Working\22. DMS plant\21. SSCR04 - Primary Floats D&R Screen Station\730 CM Head Box\Unrenamed Parts\N1SCR04-730-PL14.ipt
2026-01-13 21:00:44 |   - C:\Users\Quintin\Documents\Spectiv\3. Working\22. DMS plant\21. SSCR04 - Primary Floats D&R Screen Station\730 CM Head Box\Unrenamed Parts\N1SCR04-730-PL15.ipt
2026-01-13 21:00:44 |   - C:\Users\Quintin\Documents\Spectiv\3. Working\22. DMS plant\21. SSCR04 - Primary Floats D&R Screen Station\730 CM Head Box\Unrenamed Parts\N1SCR04-730-PL16.ipt
2026-01-13 21:00:44 |   - C:\Users\Quintin\Documents\Spectiv\3. Working\22. DMS plant\21. SSCR04 - Primary Floats D&R Screen Station\730 CM Head Box\Unrenamed Parts\TEST01-PL17.ipt
2026-01-13 21:00:44 |   - C:\Users\Quintin\Documents\Spectiv\3. Working\22. DMS plant\21. SSCR04 - Primary Floats D&R Screen Station\730 CM Head Box\Unrenamed Parts\TEST01-PL18.ipt
2026-01-13 21:00:44 |   - C:\Users\Quintin\Documents\Spectiv\3. Working\22. DMS plant\21. SSCR04 - Primary Floats D&R Screen Station\730 CM Head Box\Unrenamed Parts\N1SCR04-730-PL19.ipt
2026-01-13 21:00:44 | DEBUG GROUP: 'P' contains 3 components:
2026-01-13 21:00:44 |   - C:\Users\Quintin\Documents\Spectiv\3. Working\22. DMS plant\21. SSCR04 - Primary Floats D&R Screen Station\730 CM Head Box\Unrenamed Parts\N1SCR04-730-FLG1.ipt
2026-01-13 21:00:44 |   - C:\Users\Quintin\Documents\Spectiv\3. Working\22. DMS plant\21. SSCR04 - Primary Floats D&R Screen Station\730 CM Head Box\Unrenamed Parts\N1SCR04-730-FLG3.ipt
2026-01-13 21:00:44 |   - C:\Users\Quintin\Documents\Spectiv\3. Working\22. DMS plant\21. SSCR04 - Primary Floats D&R Screen Station\730 CM Head Box\Unrenamed Parts\N1SCR04-730-FLG5.ipt
2026-01-13 21:00:44 | DEBUG GROUP: 'FLG' contains 3 components:
2026-01-13 21:00:44 |   - C:\Users\Quintin\Documents\Spectiv\3. Working\22. DMS plant\21. SSCR04 - Primary Floats D&R Screen Station\730 CM Head Box\Unrenamed Parts\N1SCR04-730-FLG2.ipt
2026-01-13 21:00:44 |   - C:\Users\Quintin\Documents\Spectiv\3. Working\22. DMS plant\21. SSCR04 - Primary Floats D&R Screen Station\730 CM Head Box\Unrenamed Parts\N1SCR04-730-FLG4.ipt
2026-01-13 21:00:44 |   - C:\Users\Quintin\Documents\Spectiv\3. Working\22. DMS plant\21. SSCR04 - Primary Floats D&R Screen Station\730 CM Head Box\Unrenamed Parts\N1SCR04-730-FLG6.ipt
2026-01-13 21:00:44 | DEBUG GROUP: 'A' contains 10 components:
2026-01-13 21:00:44 |   - C:\Users\Quintin\Documents\Spectiv\3. Working\22. DMS plant\21. SSCR04 - Primary Floats D&R Screen Station\730 CM Head Box\Unrenamed Parts\N1SCR04-730-A1.ipt
2026-01-13 21:00:44 |   - C:\Users\Quintin\Documents\Spectiv\3. Working\22. DMS plant\21. SSCR04 - Primary Floats D&R Screen Station\730 CM Head Box\Unrenamed Parts\N1SCR04-730-A2.ipt
2026-01-13 21:00:44 |   - C:\Users\Quintin\Documents\Spectiv\3. Working\22. DMS plant\21. SSCR04 - Primary Floats D&R Screen Station\730 CM Head Box\Unrenamed Parts\N1SCR04-730-A3.ipt
2026-01-13 21:00:44 |   - C:\Users\Quintin\Documents\Spectiv\3. Working\22. DMS plant\21. SSCR04 - Primary Floats D&R Screen Station\730 CM Head Box\Unrenamed Parts\N1SCR04-730-A4.ipt
2026-01-13 21:00:44 |   - C:\Users\Quintin\Documents\Spectiv\3. Working\22. DMS plant\21. SSCR04 - Primary Floats D&R Screen Station\730 CM Head Box\Unrenamed Parts\N1SCR04-730-A5.ipt
2026-01-13 21:00:44 |   - C:\Users\Quintin\Documents\Spectiv\3. Working\22. DMS plant\21. SSCR04 - Primary Floats D&R Screen Station\730 CM Head Box\Unrenamed Parts\N1SCR04-730-A6.ipt
2026-01-13 21:00:44 |   - C:\Users\Quintin\Documents\Spectiv\3. Working\22. DMS plant\21. SSCR04 - Primary Floats D&R Screen Station\730 CM Head Box\Unrenamed Parts\N1SCR04-730-A7.ipt
2026-01-13 21:00:44 |   - C:\Users\Quintin\Documents\Spectiv\3. Working\22. DMS plant\21. SSCR04 - Primary Floats D&R Screen Station\730 CM Head Box\Unrenamed Parts\N1SCR04-730-A8.ipt
2026-01-13 21:00:44 |   - C:\Users\Quintin\Documents\Spectiv\3. Working\22. DMS plant\21. SSCR04 - Primary Floats D&R Screen Station\730 CM Head Box\Unrenamed Parts\TEST01-A9.ipt
2026-01-13 21:00:44 |   - C:\Users\Quintin\Documents\Spectiv\3. Working\22. DMS plant\21. SSCR04 - Primary Floats D&R Screen Station\730 CM Head Box\Unrenamed Parts\TEST01-A10.ipt
2026-01-13 21:00:44 | DEBUG GROUP: 'FL' contains 7 components:
2026-01-13 21:00:44 |   - C:\Users\Quintin\Documents\Spectiv\3. Working\22. DMS plant\21. SSCR04 - Primary Floats D&R Screen Station\730 CM Head Box\Unrenamed Parts\N1SCR04-730-FL1.ipt
2026-01-13 21:00:44 |   - C:\Users\Quintin\Documents\Spectiv\3. Working\22. DMS plant\21. SSCR04 - Primary Floats D&R Screen Station\730 CM Head Box\Unrenamed Parts\TEST01-FL2.ipt
2026-01-13 21:00:44 |   - C:\Users\Quintin\Documents\Spectiv\3. Working\22. DMS plant\21. SSCR04 - Primary Floats D&R Screen Station\730 CM Head Box\Unrenamed Parts\TEST01-FL3.ipt
2026-01-13 21:00:44 |   - C:\Users\Quintin\Documents\Spectiv\3. Working\22. DMS plant\21. SSCR04 - Primary Floats D&R Screen Station\730 CM Head Box\Unrenamed Parts\TEST01-FL4.ipt
2026-01-13 21:00:44 |   - C:\Users\Quintin\Documents\Spectiv\3. Working\22. DMS plant\21. SSCR04 - Primary Floats D&R Screen Station\730 CM Head Box\Unrenamed Parts\TEST01-FL5.ipt
2026-01-13 21:00:44 |   - C:\Users\Quintin\Documents\Spectiv\3. Working\22. DMS plant\21. SSCR04 - Primary Floats D&R Screen Station\730 CM Head Box\Unrenamed Parts\TEST01-FL6.ipt
2026-01-13 21:00:44 |   - C:\Users\Quintin\Documents\Spectiv\3. Working\22. DMS plant\21. SSCR04 - Primary Floats D&R Screen Station\730 CM Head Box\Unrenamed Parts\TEST01-FL7.ipt
2026-01-13 21:00:44 | DEBUG GROUP: 'OTHER' contains 2 components:
2026-01-13 21:00:44 |   - C:\Users\Quintin\Documents\Spectiv\3. Working\22. DMS plant\21. SSCR04 - Primary Floats D&R Screen Station\730 CM Head Box\Unrenamed Parts\TEST01-PART1.ipt
2026-01-13 21:00:44 |   - C:\Users\Quintin\Documents\Spectiv\3. Working\22. DMS plant\21. SSCR04 - Primary Floats D&R Screen Station\730 CM Head Box\Unrenamed Parts\TEST01-PART2.ipt
2026-01-13 21:00:44 | STEP 3: Getting plant section naming convention
2026-01-13 21:00:44 | PLANT: Getting plant section naming convention from user
2026-01-13 21:00:57 | PLANT: Using custom naming convention: TEST-02-
2026-01-13 21:01:03 | STEP 4: Showing component groups summary
2026-01-13 21:01:03 | SUMMARY: Showing component groups to user
2026-01-13 21:01:08 | SUMMARY: User approved component groups
2026-01-13 21:01:08 | STEP 5: Getting user naming schemes for component groups
2026-01-13 21:01:08 | INPUT: Getting user naming schemes for 6 groups
2026-01-13 21:01:10 | INPUT: Group 'PL' -> Scheme: TEST-02-PL{N}
2026-01-13 21:01:11 | INPUT: Group 'P' -> Scheme: TEST-02-P{N}
2026-01-13 21:01:12 | INPUT: Group 'FLG' -> Scheme: TEST-02-FLG{N}
2026-01-13 21:01:14 | INPUT: Group 'A' -> Scheme: TEST-02-A{N}
2026-01-13 21:01:15 | INPUT: Group 'FL' -> Scheme: TEST-02-FL{N}
2026-01-13 21:01:49 | INPUT: Group 'OTHER' -> Scheme: TEST-02-R{N}
2026-01-13 21:01:49 | STEP 6: Creating heritage-based copies with user naming
2026-01-13 21:01:49 | HERITAGE: Creating dynamic heritage-based copies
2026-01-13 21:01:49 | HERITAGE: Scanning mapping file for existing heritage files to continue numbering
2026-01-13 21:01:49 | SCAN: Scanning Registry for existing counters to continue numbering with prefix: TEST-02-
2026-01-13 21:01:49 | SCAN: No existing counter for: TEST-02-CH (will start from 1)
2026-01-13 21:01:49 | SCAN: No existing counter for: TEST-02-PL (will start from 1)
2026-01-13 21:01:49 | SCAN: No existing counter for: TEST-02-B (will start from 1)
2026-01-13 21:01:49 | SCAN: No existing counter for: TEST-02-A (will start from 1)
2026-01-13 21:01:50 | SCAN: No existing counter for: TEST-02-P (will start from 1)
2026-01-13 21:01:50 | SCAN: No existing counter for: TEST-02-SQ (will start from 1)
2026-01-13 21:01:50 | SCAN: No existing counter for: TEST-02-FL (will start from 1)
2026-01-13 21:01:50 | SCAN: No existing counter for: TEST-02-LPL (will start from 1)
2026-01-13 21:01:50 | SCAN: No existing counter for: TEST-02-IPE (will start from 1)
2026-01-13 21:01:50 | SCAN: No existing counter for: TEST-02-OTHER (will start from 1)
2026-01-13 21:01:50 | SCAN: No existing counters found in Registry - starting fresh
2026-01-13 21:01:50 | EXTRACT: Processing naming scheme: TEST-02-PL{N}
2026-01-13 21:01:50 | EXTRACT: Extracted prefix: 'TEST-02-'
2026-01-13 21:01:50 | HERITAGE: Checking for existing counter with key: 'TEST-02-PL'
2026-01-13 21:01:50 | HERITAGE: Group 'PL' starting from number 1 (new prefix or group - key 'TEST-02-PL' not found)
2026-01-13 21:01:50 | HERITAGE: DEBUG - No existing counters found
2026-01-13 21:01:50 | HERITAGE: Processing group 'PL' with scheme: TEST-02-PL{N}
2026-01-13 21:01:50 | HERITAGE: N1SCR04-730-PL1.ipt -> TEST-02-PL1.ipt
2026-01-13 21:01:50 | MAPPING: C:\Users\Quintin\Documents\Spectiv\3. Working\22. DMS plant\21. SSCR04 - Primary Floats D&R Screen Station\730 CM Head Box\Unrenamed Parts\N1SCR04-730-PL1.ipt -> C:\Users\Quintin\Documents\Spectiv\3. Working\22. DMS plant\21. SSCR04 - Primary Floats D&R Screen Station\730 CM Head Box\Unrenamed Parts\TEST-02-PL1.ipt
2026-01-13 21:01:50 | HERITAGE: Creating new file: TEST-02-PL1.ipt
2026-01-13 21:01:50 | HERITAGE: SUCCESS - Created TEST-02-PL1.ipt
2026-01-13 21:01:50 | HERITAGE: N1SCR04-730-PL2.ipt -> TEST-02-PL2.ipt
2026-01-13 21:01:50 | MAPPING: C:\Users\Quintin\Documents\Spectiv\3. Working\22. DMS plant\21. SSCR04 - Primary Floats D&R Screen Station\730 CM Head Box\Unrenamed Parts\N1SCR04-730-PL2.ipt -> C:\Users\Quintin\Documents\Spectiv\3. Working\22. DMS plant\21. SSCR04 - Primary Floats D&R Screen Station\730 CM Head Box\Unrenamed Parts\TEST-02-PL2.ipt
2026-01-13 21:01:50 | HERITAGE: Creating new file: TEST-02-PL2.ipt
2026-01-13 21:01:50 | HERITAGE: SUCCESS - Created TEST-02-PL2.ipt
2026-01-13 21:01:50 | HERITAGE: N1SCR04-730-PL3.ipt -> TEST-02-PL3.ipt
2026-01-13 21:01:50 | MAPPING: C:\Users\Quintin\Documents\Spectiv\3. Working\22. DMS plant\21. SSCR04 - Primary Floats D&R Screen Station\730 CM Head Box\Unrenamed Parts\N1SCR04-730-PL3.ipt -> C:\Users\Quintin\Documents\Spectiv\3. Working\22. DMS plant\21. SSCR04 - Primary Floats D&R Screen Station\730 CM Head Box\Unrenamed Parts\TEST-02-PL3.ipt
2026-01-13 21:01:50 | HERITAGE: Creating new file: TEST-02-PL3.ipt
2026-01-13 21:01:50 | HERITAGE: SUCCESS - Created TEST-02-PL3.ipt
2026-01-13 21:01:50 | HERITAGE: N1SCR04-730-PL4.ipt -> TEST-02-PL4.ipt
2026-01-13 21:01:50 | MAPPING: C:\Users\Quintin\Documents\Spectiv\3. Working\22. DMS plant\21. SSCR04 - Primary Floats D&R Screen Station\730 CM Head Box\Unrenamed Parts\N1SCR04-730-PL4.ipt -> C:\Users\Quintin\Documents\Spectiv\3. Working\22. DMS plant\21. SSCR04 - Primary Floats D&R Screen Station\730 CM Head Box\Unrenamed Parts\TEST-02-PL4.ipt
2026-01-13 21:01:50 | HERITAGE: Creating new file: TEST-02-PL4.ipt
2026-01-13 21:01:50 | HERITAGE: SUCCESS - Created TEST-02-PL4.ipt
2026-01-13 21:01:50 | HERITAGE: N1SCR04-730-PL5.ipt -> TEST-02-PL5.ipt
2026-01-13 21:01:50 | MAPPING: C:\Users\Quintin\Documents\Spectiv\3. Working\22. DMS plant\21. SSCR04 - Primary Floats D&R Screen Station\730 CM Head Box\Unrenamed Parts\N1SCR04-730-PL5.ipt -> C:\Users\Quintin\Documents\Spectiv\3. Working\22. DMS plant\21. SSCR04 - Primary Floats D&R Screen Station\730 CM Head Box\Unrenamed Parts\TEST-02-PL5.ipt
2026-01-13 21:01:50 | HERITAGE: Creating new file: TEST-02-PL5.ipt
2026-01-13 21:01:51 | HERITAGE: SUCCESS - Created TEST-02-PL5.ipt
2026-01-13 21:01:51 | HERITAGE: N1SCR04-730-PL6.ipt -> TEST-02-PL6.ipt
2026-01-13 21:01:51 | MAPPING: C:\Users\Quintin\Documents\Spectiv\3. Working\22. DMS plant\21. SSCR04 - Primary Floats D&R Screen Station\730 CM Head Box\Unrenamed Parts\N1SCR04-730-PL6.ipt -> C:\Users\Quintin\Documents\Spectiv\3. Working\22. DMS plant\21. SSCR04 - Primary Floats D&R Screen Station\730 CM Head Box\Unrenamed Parts\TEST-02-PL6.ipt
2026-01-13 21:01:51 | HERITAGE: Creating new file: TEST-02-PL6.ipt
2026-01-13 21:01:51 | HERITAGE: SUCCESS - Created TEST-02-PL6.ipt
2026-01-13 21:01:51 | HERITAGE: N1SCR04-730-PL7.ipt -> TEST-02-PL7.ipt
2026-01-13 21:01:51 | MAPPING: C:\Users\Quintin\Documents\Spectiv\3. Working\22. DMS plant\21. SSCR04 - Primary Floats D&R Screen Station\730 CM Head Box\Unrenamed Parts\N1SCR04-730-PL7.ipt -> C:\Users\Quintin\Documents\Spectiv\3. Working\22. DMS plant\21. SSCR04 - Primary Floats D&R Screen Station\730 CM Head Box\Unrenamed Parts\TEST-02-PL7.ipt
2026-01-13 21:01:51 | HERITAGE: Creating new file: TEST-02-PL7.ipt
2026-01-13 21:01:51 | HERITAGE: SUCCESS - Created TEST-02-PL7.ipt
2026-01-13 21:01:51 | HERITAGE: N1SCR04-730-PL8.ipt -> TEST-02-PL8.ipt
2026-01-13 21:01:51 | MAPPING: C:\Users\Quintin\Documents\Spectiv\3. Working\22. DMS plant\21. SSCR04 - Primary Floats D&R Screen Station\730 CM Head Box\Unrenamed Parts\N1SCR04-730-PL8.ipt -> C:\Users\Quintin\Documents\Spectiv\3. Working\22. DMS plant\21. SSCR04 - Primary Floats D&R Screen Station\730 CM Head Box\Unrenamed Parts\TEST-02-PL8.ipt
2026-01-13 21:01:51 | HERITAGE: Creating new file: TEST-02-PL8.ipt
2026-01-13 21:01:51 | HERITAGE: SUCCESS - Created TEST-02-PL8.ipt
2026-01-13 21:01:51 | HERITAGE: N1SCR04-730-PL9.ipt -> TEST-02-PL9.ipt
2026-01-13 21:01:51 | MAPPING: C:\Users\Quintin\Documents\Spectiv\3. Working\22. DMS plant\21. SSCR04 - Primary Floats D&R Screen Station\730 CM Head Box\Unrenamed Parts\N1SCR04-730-PL9.ipt -> C:\Users\Quintin\Documents\Spectiv\3. Working\22. DMS plant\21. SSCR04 - Primary Floats D&R Screen Station\730 CM Head Box\Unrenamed Parts\TEST-02-PL9.ipt
2026-01-13 21:01:51 | HERITAGE: Creating new file: TEST-02-PL9.ipt
2026-01-13 21:01:51 | HERITAGE: SUCCESS - Created TEST-02-PL9.ipt
2026-01-13 21:01:51 | HERITAGE: N1SCR04-730-PL10.ipt -> TEST-02-PL10.ipt
2026-01-13 21:01:51 | MAPPING: C:\Users\Quintin\Documents\Spectiv\3. Working\22. DMS plant\21. SSCR04 - Primary Floats D&R Screen Station\730 CM Head Box\Unrenamed Parts\N1SCR04-730-PL10.ipt -> C:\Users\Quintin\Documents\Spectiv\3. Working\22. DMS plant\21. SSCR04 - Primary Floats D&R Screen Station\730 CM Head Box\Unrenamed Parts\TEST-02-PL10.ipt
2026-01-13 21:01:51 | HERITAGE: Creating new file: TEST-02-PL10.ipt
2026-01-13 21:01:52 | HERITAGE: SUCCESS - Created TEST-02-PL10.ipt
2026-01-13 21:01:52 | HERITAGE: N1SCR04-730-PL11.ipt -> TEST-02-PL11.ipt
2026-01-13 21:01:52 | MAPPING: C:\Users\Quintin\Documents\Spectiv\3. Working\22. DMS plant\21. SSCR04 - Primary Floats D&R Screen Station\730 CM Head Box\Unrenamed Parts\N1SCR04-730-PL11.ipt -> C:\Users\Quintin\Documents\Spectiv\3. Working\22. DMS plant\21. SSCR04 - Primary Floats D&R Screen Station\730 CM Head Box\Unrenamed Parts\TEST-02-PL11.ipt
2026-01-13 21:01:52 | HERITAGE: Creating new file: TEST-02-PL11.ipt
2026-01-13 21:01:52 | HERITAGE: SUCCESS - Created TEST-02-PL11.ipt
2026-01-13 21:01:52 | HERITAGE: N1SCR04-730-PL12.ipt -> TEST-02-PL12.ipt
2026-01-13 21:01:52 | MAPPING: C:\Users\Quintin\Documents\Spectiv\3. Working\22. DMS plant\21. SSCR04 - Primary Floats D&R Screen Station\730 CM Head Box\Unrenamed Parts\N1SCR04-730-PL12.ipt -> C:\Users\Quintin\Documents\Spectiv\3. Working\22. DMS plant\21. SSCR04 - Primary Floats D&R Screen Station\730 CM Head Box\Unrenamed Parts\TEST-02-PL12.ipt
2026-01-13 21:01:52 | HERITAGE: Creating new file: TEST-02-PL12.ipt
2026-01-13 21:01:52 | HERITAGE: SUCCESS - Created TEST-02-PL12.ipt
2026-01-13 21:01:52 | HERITAGE: N1SCR04-730-PL13.ipt -> TEST-02-PL13.ipt
2026-01-13 21:01:52 | MAPPING: C:\Users\Quintin\Documents\Spectiv\3. Working\22. DMS plant\21. SSCR04 - Primary Floats D&R Screen Station\730 CM Head Box\Unrenamed Parts\N1SCR04-730-PL13.ipt -> C:\Users\Quintin\Documents\Spectiv\3. Working\22. DMS plant\21. SSCR04 - Primary Floats D&R Screen Station\730 CM Head Box\Unrenamed Parts\TEST-02-PL13.ipt
2026-01-13 21:01:52 | HERITAGE: Creating new file: TEST-02-PL13.ipt
2026-01-13 21:01:52 | HERITAGE: SUCCESS - Created TEST-02-PL13.ipt
2026-01-13 21:01:52 | HERITAGE: N1SCR04-730-PL14.ipt -> TEST-02-PL14.ipt
2026-01-13 21:01:52 | MAPPING: C:\Users\Quintin\Documents\Spectiv\3. Working\22. DMS plant\21. SSCR04 - Primary Floats D&R Screen Station\730 CM Head Box\Unrenamed Parts\N1SCR04-730-PL14.ipt -> C:\Users\Quintin\Documents\Spectiv\3. Working\22. DMS plant\21. SSCR04 - Primary Floats D&R Screen Station\730 CM Head Box\Unrenamed Parts\TEST-02-PL14.ipt
2026-01-13 21:01:52 | HERITAGE: Creating new file: TEST-02-PL14.ipt
2026-01-13 21:01:52 | HERITAGE: SUCCESS - Created TEST-02-PL14.ipt
2026-01-13 21:01:52 | HERITAGE: N1SCR04-730-PL15.ipt -> TEST-02-PL15.ipt
2026-01-13 21:01:52 | MAPPING: C:\Users\Quintin\Documents\Spectiv\3. Working\22. DMS plant\21. SSCR04 - Primary Floats D&R Screen Station\730 CM Head Box\Unrenamed Parts\N1SCR04-730-PL15.ipt -> C:\Users\Quintin\Documents\Spectiv\3. Working\22. DMS plant\21. SSCR04 - Primary Floats D&R Screen Station\730 CM Head Box\Unrenamed Parts\TEST-02-PL15.ipt
2026-01-13 21:01:52 | HERITAGE: Creating new file: TEST-02-PL15.ipt
2026-01-13 21:01:52 | HERITAGE: SUCCESS - Created TEST-02-PL15.ipt
2026-01-13 21:01:52 | HERITAGE: N1SCR04-730-PL16.ipt -> TEST-02-PL16.ipt
2026-01-13 21:01:52 | MAPPING: C:\Users\Quintin\Documents\Spectiv\3. Working\22. DMS plant\21. SSCR04 - Primary Floats D&R Screen Station\730 CM Head Box\Unrenamed Parts\N1SCR04-730-PL16.ipt -> C:\Users\Quintin\Documents\Spectiv\3. Working\22. DMS plant\21. SSCR04 - Primary Floats D&R Screen Station\730 CM Head Box\Unrenamed Parts\TEST-02-PL16.ipt
2026-01-13 21:01:52 | HERITAGE: Creating new file: TEST-02-PL16.ipt
2026-01-13 21:01:53 | HERITAGE: SUCCESS - Created TEST-02-PL16.ipt
2026-01-13 21:01:53 | HERITAGE: TEST01-PL17.ipt -> TEST-02-PL17.ipt
2026-01-13 21:01:53 | MAPPING: C:\Users\Quintin\Documents\Spectiv\3. Working\22. DMS plant\21. SSCR04 - Primary Floats D&R Screen Station\730 CM Head Box\Unrenamed Parts\TEST01-PL17.ipt -> C:\Users\Quintin\Documents\Spectiv\3. Working\22. DMS plant\21. SSCR04 - Primary Floats D&R Screen Station\730 CM Head Box\Unrenamed Parts\TEST-02-PL17.ipt
2026-01-13 21:01:53 | HERITAGE: Creating new file: TEST-02-PL17.ipt
2026-01-13 21:01:53 | HERITAGE: SUCCESS - Created TEST-02-PL17.ipt
2026-01-13 21:01:53 | HERITAGE: TEST01-PL18.ipt -> TEST-02-PL18.ipt
2026-01-13 21:01:53 | MAPPING: C:\Users\Quintin\Documents\Spectiv\3. Working\22. DMS plant\21. SSCR04 - Primary Floats D&R Screen Station\730 CM Head Box\Unrenamed Parts\TEST01-PL18.ipt -> C:\Users\Quintin\Documents\Spectiv\3. Working\22. DMS plant\21. SSCR04 - Primary Floats D&R Screen Station\730 CM Head Box\Unrenamed Parts\TEST-02-PL18.ipt
2026-01-13 21:01:53 | HERITAGE: Creating new file: TEST-02-PL18.ipt
2026-01-13 21:01:53 | HERITAGE: SUCCESS - Created TEST-02-PL18.ipt
2026-01-13 21:01:53 | HERITAGE: N1SCR04-730-PL19.ipt -> TEST-02-PL19.ipt
2026-01-13 21:01:53 | MAPPING: C:\Users\Quintin\Documents\Spectiv\3. Working\22. DMS plant\21. SSCR04 - Primary Floats D&R Screen Station\730 CM Head Box\Unrenamed Parts\N1SCR04-730-PL19.ipt -> C:\Users\Quintin\Documents\Spectiv\3. Working\22. DMS plant\21. SSCR04 - Primary Floats D&R Screen Station\730 CM Head Box\Unrenamed Parts\TEST-02-PL19.ipt
2026-01-13 21:01:53 | HERITAGE: Creating new file: TEST-02-PL19.ipt
2026-01-13 21:01:53 | HERITAGE: SUCCESS - Created TEST-02-PL19.ipt
2026-01-13 21:01:53 | REGISTRY: Saved TEST-02-PL = 19
2026-01-13 21:01:53 | EXTRACT: Processing naming scheme: TEST-02-P{N}
2026-01-13 21:01:53 | EXTRACT: Extracted prefix: 'TEST-02-'
2026-01-13 21:01:53 | HERITAGE: Checking for existing counter with key: 'TEST-02-P'
2026-01-13 21:01:53 | HERITAGE: Group 'P' starting from number 1 (new prefix or group - key 'TEST-02-P' not found)
2026-01-13 21:01:53 | HERITAGE: DEBUG - No existing counters found
2026-01-13 21:01:53 | HERITAGE: Processing group 'P' with scheme: TEST-02-P{N}
2026-01-13 21:01:53 | HERITAGE: N1SCR04-730-FLG1.ipt -> TEST-02-P1.ipt
2026-01-13 21:01:53 | MAPPING: C:\Users\Quintin\Documents\Spectiv\3. Working\22. DMS plant\21. SSCR04 - Primary Floats D&R Screen Station\730 CM Head Box\Unrenamed Parts\N1SCR04-730-FLG1.ipt -> C:\Users\Quintin\Documents\Spectiv\3. Working\22. DMS plant\21. SSCR04 - Primary Floats D&R Screen Station\730 CM Head Box\Unrenamed Parts\TEST-02-P1.ipt
2026-01-13 21:01:53 | HERITAGE: Creating new file: TEST-02-P1.ipt
2026-01-13 21:01:53 | HERITAGE: SUCCESS - Created TEST-02-P1.ipt
2026-01-13 21:01:53 | HERITAGE: N1SCR04-730-FLG3.ipt -> TEST-02-P2.ipt
2026-01-13 21:01:53 | MAPPING: C:\Users\Quintin\Documents\Spectiv\3. Working\22. DMS plant\21. SSCR04 - Primary Floats D&R Screen Station\730 CM Head Box\Unrenamed Parts\N1SCR04-730-FLG3.ipt -> C:\Users\Quintin\Documents\Spectiv\3. Working\22. DMS plant\21. SSCR04 - Primary Floats D&R Screen Station\730 CM Head Box\Unrenamed Parts\TEST-02-P2.ipt
2026-01-13 21:01:53 | HERITAGE: Creating new file: TEST-02-P2.ipt
2026-01-13 21:01:53 | HERITAGE: SUCCESS - Created TEST-02-P2.ipt
2026-01-13 21:01:54 | HERITAGE: N1SCR04-730-FLG5.ipt -> TEST-02-P3.ipt
2026-01-13 21:01:54 | MAPPING: C:\Users\Quintin\Documents\Spectiv\3. Working\22. DMS plant\21. SSCR04 - Primary Floats D&R Screen Station\730 CM Head Box\Unrenamed Parts\N1SCR04-730-FLG5.ipt -> C:\Users\Quintin\Documents\Spectiv\3. Working\22. DMS plant\21. SSCR04 - Primary Floats D&R Screen Station\730 CM Head Box\Unrenamed Parts\TEST-02-P3.ipt
2026-01-13 21:01:54 | HERITAGE: Creating new file: TEST-02-P3.ipt
2026-01-13 21:01:54 | HERITAGE: SUCCESS - Created TEST-02-P3.ipt
2026-01-13 21:01:54 | REGISTRY: Saved TEST-02-P = 3
2026-01-13 21:01:54 | EXTRACT: Processing naming scheme: TEST-02-FLG{N}
2026-01-13 21:01:54 | EXTRACT: Extracted prefix: 'TEST-02-'
2026-01-13 21:01:54 | HERITAGE: Checking for existing counter with key: 'TEST-02-FLG'
2026-01-13 21:01:54 | HERITAGE: Group 'FLG' starting from number 1 (new prefix or group - key 'TEST-02-FLG' not found)
2026-01-13 21:01:54 | HERITAGE: DEBUG - No existing counters found
2026-01-13 21:01:54 | HERITAGE: Processing group 'FLG' with scheme: TEST-02-FLG{N}
2026-01-13 21:01:54 | HERITAGE: N1SCR04-730-FLG2.ipt -> TEST-02-FLG1.ipt
2026-01-13 21:01:54 | MAPPING: C:\Users\Quintin\Documents\Spectiv\3. Working\22. DMS plant\21. SSCR04 - Primary Floats D&R Screen Station\730 CM Head Box\Unrenamed Parts\N1SCR04-730-FLG2.ipt -> C:\Users\Quintin\Documents\Spectiv\3. Working\22. DMS plant\21. SSCR04 - Primary Floats D&R Screen Station\730 CM Head Box\Unrenamed Parts\TEST-02-FLG1.ipt
2026-01-13 21:01:54 | HERITAGE: Creating new file: TEST-02-FLG1.ipt
2026-01-13 21:01:54 | HERITAGE: SUCCESS - Created TEST-02-FLG1.ipt
2026-01-13 21:01:54 | HERITAGE: N1SCR04-730-FLG4.ipt -> TEST-02-FLG2.ipt
2026-01-13 21:01:54 | MAPPING: C:\Users\Quintin\Documents\Spectiv\3. Working\22. DMS plant\21. SSCR04 - Primary Floats D&R Screen Station\730 CM Head Box\Unrenamed Parts\N1SCR04-730-FLG4.ipt -> C:\Users\Quintin\Documents\Spectiv\3. Working\22. DMS plant\21. SSCR04 - Primary Floats D&R Screen Station\730 CM Head Box\Unrenamed Parts\TEST-02-FLG2.ipt
2026-01-13 21:01:54 | HERITAGE: Creating new file: TEST-02-FLG2.ipt
2026-01-13 21:01:54 | HERITAGE: SUCCESS - Created TEST-02-FLG2.ipt
2026-01-13 21:01:54 | HERITAGE: N1SCR04-730-FLG6.ipt -> TEST-02-FLG3.ipt
2026-01-13 21:01:54 | MAPPING: C:\Users\Quintin\Documents\Spectiv\3. Working\22. DMS plant\21. SSCR04 - Primary Floats D&R Screen Station\730 CM Head Box\Unrenamed Parts\N1SCR04-730-FLG6.ipt -> C:\Users\Quintin\Documents\Spectiv\3. Working\22. DMS plant\21. SSCR04 - Primary Floats D&R Screen Station\730 CM Head Box\Unrenamed Parts\TEST-02-FLG3.ipt
2026-01-13 21:01:54 | HERITAGE: Creating new file: TEST-02-FLG3.ipt
2026-01-13 21:01:54 | HERITAGE: SUCCESS - Created TEST-02-FLG3.ipt
2026-01-13 21:01:54 | REGISTRY: Saved TEST-02-FLG = 3
2026-01-13 21:01:54 | EXTRACT: Processing naming scheme: TEST-02-A{N}
2026-01-13 21:01:54 | EXTRACT: Extracted prefix: 'TEST-02-'
2026-01-13 21:01:54 | HERITAGE: Checking for existing counter with key: 'TEST-02-A'
2026-01-13 21:01:54 | HERITAGE: Group 'A' starting from number 1 (new prefix or group - key 'TEST-02-A' not found)
2026-01-13 21:01:54 | HERITAGE: DEBUG - No existing counters found
2026-01-13 21:01:54 | HERITAGE: Processing group 'A' with scheme: TEST-02-A{N}
2026-01-13 21:01:54 | HERITAGE: N1SCR04-730-A1.ipt -> TEST-02-A1.ipt
2026-01-13 21:01:54 | MAPPING: C:\Users\Quintin\Documents\Spectiv\3. Working\22. DMS plant\21. SSCR04 - Primary Floats D&R Screen Station\730 CM Head Box\Unrenamed Parts\N1SCR04-730-A1.ipt -> C:\Users\Quintin\Documents\Spectiv\3. Working\22. DMS plant\21. SSCR04 - Primary Floats D&R Screen Station\730 CM Head Box\Unrenamed Parts\TEST-02-A1.ipt
2026-01-13 21:01:54 | HERITAGE: Creating new file: TEST-02-A1.ipt
2026-01-13 21:01:54 | HERITAGE: SUCCESS - Created TEST-02-A1.ipt
2026-01-13 21:01:54 | HERITAGE: N1SCR04-730-A2.ipt -> TEST-02-A2.ipt
2026-01-13 21:01:54 | MAPPING: C:\Users\Quintin\Documents\Spectiv\3. Working\22. DMS plant\21. SSCR04 - Primary Floats D&R Screen Station\730 CM Head Box\Unrenamed Parts\N1SCR04-730-A2.ipt -> C:\Users\Quintin\Documents\Spectiv\3. Working\22. DMS plant\21. SSCR04 - Primary Floats D&R Screen Station\730 CM Head Box\Unrenamed Parts\TEST-02-A2.ipt
2026-01-13 21:01:54 | HERITAGE: Creating new file: TEST-02-A2.ipt
2026-01-13 21:01:55 | HERITAGE: SUCCESS - Created TEST-02-A2.ipt
2026-01-13 21:01:55 | HERITAGE: N1SCR04-730-A3.ipt -> TEST-02-A3.ipt
2026-01-13 21:01:55 | MAPPING: C:\Users\Quintin\Documents\Spectiv\3. Working\22. DMS plant\21. SSCR04 - Primary Floats D&R Screen Station\730 CM Head Box\Unrenamed Parts\N1SCR04-730-A3.ipt -> C:\Users\Quintin\Documents\Spectiv\3. Working\22. DMS plant\21. SSCR04 - Primary Floats D&R Screen Station\730 CM Head Box\Unrenamed Parts\TEST-02-A3.ipt
2026-01-13 21:01:55 | HERITAGE: Creating new file: TEST-02-A3.ipt
2026-01-13 21:01:55 | HERITAGE: SUCCESS - Created TEST-02-A3.ipt
2026-01-13 21:01:55 | HERITAGE: N1SCR04-730-A4.ipt -> TEST-02-A4.ipt
2026-01-13 21:01:55 | MAPPING: C:\Users\Quintin\Documents\Spectiv\3. Working\22. DMS plant\21. SSCR04 - Primary Floats D&R Screen Station\730 CM Head Box\Unrenamed Parts\N1SCR04-730-A4.ipt -> C:\Users\Quintin\Documents\Spectiv\3. Working\22. DMS plant\21. SSCR04 - Primary Floats D&R Screen Station\730 CM Head Box\Unrenamed Parts\TEST-02-A4.ipt
2026-01-13 21:01:55 | HERITAGE: Creating new file: TEST-02-A4.ipt
2026-01-13 21:01:55 | HERITAGE: SUCCESS - Created TEST-02-A4.ipt
2026-01-13 21:01:55 | HERITAGE: N1SCR04-730-A5.ipt -> TEST-02-A5.ipt
2026-01-13 21:01:55 | MAPPING: C:\Users\Quintin\Documents\Spectiv\3. Working\22. DMS plant\21. SSCR04 - Primary Floats D&R Screen Station\730 CM Head Box\Unrenamed Parts\N1SCR04-730-A5.ipt -> C:\Users\Quintin\Documents\Spectiv\3. Working\22. DMS plant\21. SSCR04 - Primary Floats D&R Screen Station\730 CM Head Box\Unrenamed Parts\TEST-02-A5.ipt
2026-01-13 21:01:55 | HERITAGE: Creating new file: TEST-02-A5.ipt
2026-01-13 21:01:55 | HERITAGE: SUCCESS - Created TEST-02-A5.ipt
2026-01-13 21:01:55 | HERITAGE: N1SCR04-730-A6.ipt -> TEST-02-A6.ipt
2026-01-13 21:01:55 | MAPPING: C:\Users\Quintin\Documents\Spectiv\3. Working\22. DMS plant\21. SSCR04 - Primary Floats D&R Screen Station\730 CM Head Box\Unrenamed Parts\N1SCR04-730-A6.ipt -> C:\Users\Quintin\Documents\Spectiv\3. Working\22. DMS plant\21. SSCR04 - Primary Floats D&R Screen Station\730 CM Head Box\Unrenamed Parts\TEST-02-A6.ipt
2026-01-13 21:01:55 | HERITAGE: Creating new file: TEST-02-A6.ipt
2026-01-13 21:01:55 | HERITAGE: SUCCESS - Created TEST-02-A6.ipt
2026-01-13 21:01:56 | HERITAGE: N1SCR04-730-A7.ipt -> TEST-02-A7.ipt
2026-01-13 21:01:56 | MAPPING: C:\Users\Quintin\Documents\Spectiv\3. Working\22. DMS plant\21. SSCR04 - Primary Floats D&R Screen Station\730 CM Head Box\Unrenamed Parts\N1SCR04-730-A7.ipt -> C:\Users\Quintin\Documents\Spectiv\3. Working\22. DMS plant\21. SSCR04 - Primary Floats D&R Screen Station\730 CM Head Box\Unrenamed Parts\TEST-02-A7.ipt
2026-01-13 21:01:56 | HERITAGE: Creating new file: TEST-02-A7.ipt
2026-01-13 21:01:56 | HERITAGE: SUCCESS - Created TEST-02-A7.ipt
2026-01-13 21:01:56 | HERITAGE: N1SCR04-730-A8.ipt -> TEST-02-A8.ipt
2026-01-13 21:01:56 | MAPPING: C:\Users\Quintin\Documents\Spectiv\3. Working\22. DMS plant\21. SSCR04 - Primary Floats D&R Screen Station\730 CM Head Box\Unrenamed Parts\N1SCR04-730-A8.ipt -> C:\Users\Quintin\Documents\Spectiv\3. Working\22. DMS plant\21. SSCR04 - Primary Floats D&R Screen Station\730 CM Head Box\Unrenamed Parts\TEST-02-A8.ipt
2026-01-13 21:01:56 | HERITAGE: Creating new file: TEST-02-A8.ipt
2026-01-13 21:01:56 | HERITAGE: SUCCESS - Created TEST-02-A8.ipt
2026-01-13 21:01:56 | HERITAGE: TEST01-A9.ipt -> TEST-02-A9.ipt
2026-01-13 21:01:56 | MAPPING: C:\Users\Quintin\Documents\Spectiv\3. Working\22. DMS plant\21. SSCR04 - Primary Floats D&R Screen Station\730 CM Head Box\Unrenamed Parts\TEST01-A9.ipt -> C:\Users\Quintin\Documents\Spectiv\3. Working\22. DMS plant\21. SSCR04 - Primary Floats D&R Screen Station\730 CM Head Box\Unrenamed Parts\TEST-02-A9.ipt
2026-01-13 21:01:56 | HERITAGE: Creating new file: TEST-02-A9.ipt
2026-01-13 21:01:56 | HERITAGE: SUCCESS - Created TEST-02-A9.ipt
2026-01-13 21:01:56 | HERITAGE: TEST01-A10.ipt -> TEST-02-A10.ipt
2026-01-13 21:01:56 | MAPPING: C:\Users\Quintin\Documents\Spectiv\3. Working\22. DMS plant\21. SSCR04 - Primary Floats D&R Screen Station\730 CM Head Box\Unrenamed Parts\TEST01-A10.ipt -> C:\Users\Quintin\Documents\Spectiv\3. Working\22. DMS plant\21. SSCR04 - Primary Floats D&R Screen Station\730 CM Head Box\Unrenamed Parts\TEST-02-A10.ipt
2026-01-13 21:01:56 | HERITAGE: Creating new file: TEST-02-A10.ipt
2026-01-13 21:01:56 | HERITAGE: SUCCESS - Created TEST-02-A10.ipt
2026-01-13 21:01:56 | REGISTRY: Saved TEST-02-A = 10
2026-01-13 21:01:56 | EXTRACT: Processing naming scheme: TEST-02-FL{N}
2026-01-13 21:01:56 | EXTRACT: Extracted prefix: 'TEST-02-'
2026-01-13 21:01:56 | HERITAGE: Checking for existing counter with key: 'TEST-02-FL'
2026-01-13 21:01:56 | HERITAGE: Group 'FL' starting from number 1 (new prefix or group - key 'TEST-02-FL' not found)
2026-01-13 21:01:56 | HERITAGE: DEBUG - No existing counters found
2026-01-13 21:01:56 | HERITAGE: Processing group 'FL' with scheme: TEST-02-FL{N}
2026-01-13 21:01:56 | HERITAGE: N1SCR04-730-FL1.ipt -> TEST-02-FL1.ipt
2026-01-13 21:01:56 | MAPPING: C:\Users\Quintin\Documents\Spectiv\3. Working\22. DMS plant\21. SSCR04 - Primary Floats D&R Screen Station\730 CM Head Box\Unrenamed Parts\N1SCR04-730-FL1.ipt -> C:\Users\Quintin\Documents\Spectiv\3. Working\22. DMS plant\21. SSCR04 - Primary Floats D&R Screen Station\730 CM Head Box\Unrenamed Parts\TEST-02-FL1.ipt
2026-01-13 21:01:56 | HERITAGE: Creating new file: TEST-02-FL1.ipt
2026-01-13 21:01:56 | HERITAGE: SUCCESS - Created TEST-02-FL1.ipt
2026-01-13 21:01:57 | HERITAGE: TEST01-FL2.ipt -> TEST-02-FL2.ipt
2026-01-13 21:01:57 | MAPPING: C:\Users\Quintin\Documents\Spectiv\3. Working\22. DMS plant\21. SSCR04 - Primary Floats D&R Screen Station\730 CM Head Box\Unrenamed Parts\TEST01-FL2.ipt -> C:\Users\Quintin\Documents\Spectiv\3. Working\22. DMS plant\21. SSCR04 - Primary Floats D&R Screen Station\730 CM Head Box\Unrenamed Parts\TEST-02-FL2.ipt
2026-01-13 21:01:57 | HERITAGE: Creating new file: TEST-02-FL2.ipt
2026-01-13 21:01:57 | HERITAGE: SUCCESS - Created TEST-02-FL2.ipt
2026-01-13 21:01:57 | HERITAGE: TEST01-FL3.ipt -> TEST-02-FL3.ipt
2026-01-13 21:01:57 | MAPPING: C:\Users\Quintin\Documents\Spectiv\3. Working\22. DMS plant\21. SSCR04 - Primary Floats D&R Screen Station\730 CM Head Box\Unrenamed Parts\TEST01-FL3.ipt -> C:\Users\Quintin\Documents\Spectiv\3. Working\22. DMS plant\21. SSCR04 - Primary Floats D&R Screen Station\730 CM Head Box\Unrenamed Parts\TEST-02-FL3.ipt
2026-01-13 21:01:57 | HERITAGE: Creating new file: TEST-02-FL3.ipt
2026-01-13 21:01:57 | HERITAGE: SUCCESS - Created TEST-02-FL3.ipt
2026-01-13 21:01:57 | HERITAGE: TEST01-FL4.ipt -> TEST-02-FL4.ipt
2026-01-13 21:01:57 | MAPPING: C:\Users\Quintin\Documents\Spectiv\3. Working\22. DMS plant\21. SSCR04 - Primary Floats D&R Screen Station\730 CM Head Box\Unrenamed Parts\TEST01-FL4.ipt -> C:\Users\Quintin\Documents\Spectiv\3. Working\22. DMS plant\21. SSCR04 - Primary Floats D&R Screen Station\730 CM Head Box\Unrenamed Parts\TEST-02-FL4.ipt
2026-01-13 21:01:57 | HERITAGE: Creating new file: TEST-02-FL4.ipt
2026-01-13 21:01:57 | HERITAGE: SUCCESS - Created TEST-02-FL4.ipt
2026-01-13 21:01:57 | HERITAGE: TEST01-FL5.ipt -> TEST-02-FL5.ipt
2026-01-13 21:01:57 | MAPPING: C:\Users\Quintin\Documents\Spectiv\3. Working\22. DMS plant\21. SSCR04 - Primary Floats D&R Screen Station\730 CM Head Box\Unrenamed Parts\TEST01-FL5.ipt -> C:\Users\Quintin\Documents\Spectiv\3. Working\22. DMS plant\21. SSCR04 - Primary Floats D&R Screen Station\730 CM Head Box\Unrenamed Parts\TEST-02-FL5.ipt
2026-01-13 21:01:57 | HERITAGE: Creating new file: TEST-02-FL5.ipt
2026-01-13 21:01:57 | HERITAGE: SUCCESS - Created TEST-02-FL5.ipt
2026-01-13 21:01:57 | HERITAGE: TEST01-FL6.ipt -> TEST-02-FL6.ipt
2026-01-13 21:01:57 | MAPPING: C:\Users\Quintin\Documents\Spectiv\3. Working\22. DMS plant\21. SSCR04 - Primary Floats D&R Screen Station\730 CM Head Box\Unrenamed Parts\TEST01-FL6.ipt -> C:\Users\Quintin\Documents\Spectiv\3. Working\22. DMS plant\21. SSCR04 - Primary Floats D&R Screen Station\730 CM Head Box\Unrenamed Parts\TEST-02-FL6.ipt
2026-01-13 21:01:57 | HERITAGE: Creating new file: TEST-02-FL6.ipt
2026-01-13 21:01:57 | HERITAGE: SUCCESS - Created TEST-02-FL6.ipt
2026-01-13 21:01:57 | HERITAGE: TEST01-FL7.ipt -> TEST-02-FL7.ipt
2026-01-13 21:01:57 | MAPPING: C:\Users\Quintin\Documents\Spectiv\3. Working\22. DMS plant\21. SSCR04 - Primary Floats D&R Screen Station\730 CM Head Box\Unrenamed Parts\TEST01-FL7.ipt -> C:\Users\Quintin\Documents\Spectiv\3. Working\22. DMS plant\21. SSCR04 - Primary Floats D&R Screen Station\730 CM Head Box\Unrenamed Parts\TEST-02-FL7.ipt
2026-01-13 21:01:57 | HERITAGE: Creating new file: TEST-02-FL7.ipt
2026-01-13 21:01:57 | HERITAGE: SUCCESS - Created TEST-02-FL7.ipt
2026-01-13 21:01:58 | REGISTRY: Saved TEST-02-FL = 7
2026-01-13 21:01:58 | EXTRACT: Processing naming scheme: TEST-02-R{N}
2026-01-13 21:01:58 | EXTRACT: Extracted prefix: 'TEST-02-'
2026-01-13 21:01:58 | HERITAGE: Checking for existing counter with key: 'TEST-02-OTHER'
2026-01-13 21:01:58 | HERITAGE: Group 'OTHER' starting from number 1 (new prefix or group - key 'TEST-02-OTHER' not found)
2026-01-13 21:01:58 | HERITAGE: DEBUG - No existing counters found
2026-01-13 21:01:58 | HERITAGE: Processing group 'OTHER' with scheme: TEST-02-R{N}
2026-01-13 21:01:58 | HERITAGE: TEST01-PART1.ipt -> TEST-02-R1.ipt
2026-01-13 21:01:58 | MAPPING: C:\Users\Quintin\Documents\Spectiv\3. Working\22. DMS plant\21. SSCR04 - Primary Floats D&R Screen Station\730 CM Head Box\Unrenamed Parts\TEST01-PART1.ipt -> C:\Users\Quintin\Documents\Spectiv\3. Working\22. DMS plant\21. SSCR04 - Primary Floats D&R Screen Station\730 CM Head Box\Unrenamed Parts\TEST-02-R1.ipt
2026-01-13 21:01:58 | HERITAGE: Creating new file: TEST-02-R1.ipt
2026-01-13 21:01:58 | HERITAGE: SUCCESS - Created TEST-02-R1.ipt
2026-01-13 21:01:58 | HERITAGE: TEST01-PART2.ipt -> TEST-02-R2.ipt
2026-01-13 21:01:58 | MAPPING: C:\Users\Quintin\Documents\Spectiv\3. Working\22. DMS plant\21. SSCR04 - Primary Floats D&R Screen Station\730 CM Head Box\Unrenamed Parts\TEST01-PART2.ipt -> C:\Users\Quintin\Documents\Spectiv\3. Working\22. DMS plant\21. SSCR04 - Primary Floats D&R Screen Station\730 CM Head Box\Unrenamed Parts\TEST-02-R2.ipt
2026-01-13 21:01:58 | HERITAGE: Creating new file: TEST-02-R2.ipt
2026-01-13 21:01:58 | HERITAGE: SUCCESS - Created TEST-02-R2.ipt
2026-01-13 21:01:58 | REGISTRY: Saved TEST-02-OTHER = 2
2026-01-13 21:01:58 | STEP 7: Updating assembly references
2026-01-13 21:01:58 | ASSEMBLY: Recursively updating assembly references across entire model hierarchy
2026-01-13 21:01:58 | ASSEMBLY: Updating references in - N1SCR04-730.iam (Level: ROOT)
2026-01-13 21:01:58 | ASSEMBLY: RECURSING into sub-assembly - Head Box.iam
2026-01-13 21:01:58 | ASSEMBLY: Updating references in - Head Box.iam (Level: ROOT>Head Box.iam)
2026-01-13 21:01:58 | ASSEMBLY: Replacing N1SCR04-730-PL1.ipt -> TEST-02-PL1.ipt [PL] (in Head Box.iam)
2026-01-13 21:01:58 | ASSEMBLY: SUCCESS - Updated to TEST-02-PL1.ipt
2026-01-13 21:01:58 | ASSEMBLY: Replacing N1SCR04-730-PL2.ipt -> TEST-02-PL2.ipt [PL] (in Head Box.iam)
2026-01-13 21:01:59 | ASSEMBLY: SUCCESS - Updated to TEST-02-PL2.ipt
2026-01-13 21:01:59 | ASSEMBLY: Replacing N1SCR04-730-PL3.ipt -> TEST-02-PL3.ipt [PL] (in Head Box.iam)
2026-01-13 21:01:59 | ASSEMBLY: SUCCESS - Updated to TEST-02-PL3.ipt
2026-01-13 21:01:59 | ASSEMBLY: Replacing N1SCR04-730-PL4.ipt -> TEST-02-PL4.ipt [PL] (in Head Box.iam)
2026-01-13 21:01:59 | ASSEMBLY: SUCCESS - Updated to TEST-02-PL4.ipt
2026-01-13 21:01:59 | ASSEMBLY: Replacing N1SCR04-730-PL5.ipt -> TEST-02-PL5.ipt [PL] (in Head Box.iam)
2026-01-13 21:01:59 | ASSEMBLY: SUCCESS - Updated to TEST-02-PL5.ipt
2026-01-13 21:01:59 | ASSEMBLY: Replacing N1SCR04-730-PL6.ipt -> TEST-02-PL6.ipt [PL] (in Head Box.iam)
2026-01-13 21:01:59 | ASSEMBLY: SUCCESS - Updated to TEST-02-PL6.ipt
2026-01-13 21:01:59 | ASSEMBLY: Replacing N1SCR04-730-PL7.ipt -> TEST-02-PL7.ipt [PL] (in Head Box.iam)
2026-01-13 21:01:59 | ASSEMBLY: SUCCESS - Updated to TEST-02-PL7.ipt
2026-01-13 21:02:00 | ASSEMBLY: Replacing N1SCR04-730-PL8.ipt -> TEST-02-PL8.ipt [PL] (in Head Box.iam)
2026-01-13 21:02:00 | ASSEMBLY: SUCCESS - Updated to TEST-02-PL8.ipt
2026-01-13 21:02:00 | ASSEMBLY: INFO - No mapping found for TEST-02-PL8.ipt (not renamed)
2026-01-13 21:02:00 | ASSEMBLY: INFO - No mapping found for TEST-02-PL8.ipt (not renamed)
2026-01-13 21:02:00 | ASSEMBLY: Replacing N1SCR04-730-PL9.ipt -> TEST-02-PL9.ipt [PL] (in Head Box.iam)
2026-01-13 21:02:00 | ASSEMBLY: SUCCESS - Updated to TEST-02-PL9.ipt
2026-01-13 21:02:00 | ASSEMBLY: Replacing N1SCR04-730-PL10.ipt -> TEST-02-PL10.ipt [PL] (in Head Box.iam)
2026-01-13 21:02:00 | ASSEMBLY: SUCCESS - Updated to TEST-02-PL10.ipt
2026-01-13 21:02:00 | ASSEMBLY: INFO - No mapping found for TEST-02-PL10.ipt (not renamed)
2026-01-13 21:02:00 | ASSEMBLY: Replacing N1SCR04-730-FLG1.ipt -> TEST-02-P1.ipt [P] (in Head Box.iam)
2026-01-13 21:02:00 | ASSEMBLY: SUCCESS - Updated to TEST-02-P1.ipt
2026-01-13 21:02:00 | ASSEMBLY: Replacing N1SCR04-730-FLG2.ipt -> TEST-02-FLG1.ipt [FLG] (in Head Box.iam)
2026-01-13 21:02:00 | ASSEMBLY: SUCCESS - Updated to TEST-02-FLG1.ipt
2026-01-13 21:02:01 | ASSEMBLY: Replacing N1SCR04-730-FLG3.ipt -> TEST-02-P2.ipt [P] (in Head Box.iam)
2026-01-13 21:02:01 | ASSEMBLY: SUCCESS - Updated to TEST-02-P2.ipt
2026-01-13 21:02:01 | ASSEMBLY: Replacing N1SCR04-730-FLG4.ipt -> TEST-02-FLG2.ipt [FLG] (in Head Box.iam)
2026-01-13 21:02:01 | ASSEMBLY: SUCCESS - Updated to TEST-02-FLG2.ipt
2026-01-13 21:02:01 | ASSEMBLY: INFO - No mapping found for TEST-02-P2.ipt (not renamed)
2026-01-13 21:02:01 | ASSEMBLY: INFO - No mapping found for TEST-02-FLG2.ipt (not renamed)
2026-01-13 21:02:01 | ASSEMBLY: Replacing N1SCR04-730-FLG5.ipt -> TEST-02-P3.ipt [P] (in Head Box.iam)
2026-01-13 21:02:01 | ASSEMBLY: SUCCESS - Updated to TEST-02-P3.ipt
2026-01-13 21:02:01 | ASSEMBLY: Replacing N1SCR04-730-FLG6.ipt -> TEST-02-FLG3.ipt [FLG] (in Head Box.iam)
2026-01-13 21:02:01 | ASSEMBLY: SUCCESS - Updated to TEST-02-FLG3.ipt
2026-01-13 21:02:01 | ASSEMBLY: Replacing N1SCR04-730-A1.ipt -> TEST-02-A1.ipt [A] (in Head Box.iam)
2026-01-13 21:02:01 | ASSEMBLY: SUCCESS - Updated to TEST-02-A1.ipt
2026-01-13 21:02:01 | ASSEMBLY: Replacing N1SCR04-730-A2.ipt -> TEST-02-A2.ipt [A] (in Head Box.iam)
2026-01-13 21:02:01 | ASSEMBLY: SUCCESS - Updated to TEST-02-A2.ipt
2026-01-13 21:02:01 | ASSEMBLY: Replacing N1SCR04-730-A3.ipt -> TEST-02-A3.ipt [A] (in Head Box.iam)
2026-01-13 21:02:02 | ASSEMBLY: SUCCESS - Updated to TEST-02-A3.ipt
2026-01-13 21:02:02 | ASSEMBLY: Replacing N1SCR04-730-A4.ipt -> TEST-02-A4.ipt [A] (in Head Box.iam)
2026-01-13 21:02:02 | ASSEMBLY: SUCCESS - Updated to TEST-02-A4.ipt
2026-01-13 21:02:02 | ASSEMBLY: Replacing N1SCR04-730-A5.ipt -> TEST-02-A5.ipt [A] (in Head Box.iam)
2026-01-13 21:02:02 | ASSEMBLY: SUCCESS - Updated to TEST-02-A5.ipt
2026-01-13 21:02:02 | ASSEMBLY: Replacing N1SCR04-730-A6.ipt -> TEST-02-A6.ipt [A] (in Head Box.iam)
2026-01-13 21:02:02 | ASSEMBLY: SUCCESS - Updated to TEST-02-A6.ipt
2026-01-13 21:02:02 | ASSEMBLY: Replacing N1SCR04-730-A7.ipt -> TEST-02-A7.ipt [A] (in Head Box.iam)
2026-01-13 21:02:02 | ASSEMBLY: SUCCESS - Updated to TEST-02-A7.ipt
2026-01-13 21:02:02 | ASSEMBLY: INFO - No mapping found for TEST-02-A7.ipt (not renamed)
2026-01-13 21:02:02 | ASSEMBLY: Replacing N1SCR04-730-A8.ipt -> TEST-02-A8.ipt [A] (in Head Box.iam)
2026-01-13 21:02:02 | ASSEMBLY: SUCCESS - Updated to TEST-02-A8.ipt
2026-01-13 21:02:02 | ASSEMBLY: INFO - No mapping found for TEST-02-A8.ipt (not renamed)
2026-01-13 21:02:02 | ASSEMBLY: INFO - No mapping found for TEST-02-A7.ipt (not renamed)
2026-01-13 21:02:02 | ASSEMBLY: INFO - No mapping found for TEST-02-A7.ipt (not renamed)
2026-01-13 21:02:02 | ASSEMBLY: INFO - No mapping found for TEST-02-A8.ipt (not renamed)
2026-01-13 21:02:02 | ASSEMBLY: INFO - No mapping found for TEST-02-A8.ipt (not renamed)
2026-01-13 21:02:02 | ASSEMBLY: INFO - No mapping found for TEST-02-A7.ipt (not renamed)
2026-01-13 21:02:02 | ASSEMBLY: INFO - No mapping found for TEST-02-A7.ipt (not renamed)
2026-01-13 21:02:02 | ASSEMBLY: INFO - No mapping found for TEST-02-A8.ipt (not renamed)
2026-01-13 21:02:02 | ASSEMBLY: INFO - No mapping found for TEST-02-A8.ipt (not renamed)
2026-01-13 21:02:03 | ASSEMBLY: Replacing N1SCR04-730-PL11.ipt -> TEST-02-PL11.ipt [PL] (in Head Box.iam)
2026-01-13 21:02:03 | ASSEMBLY: SUCCESS - Updated to TEST-02-PL11.ipt
2026-01-13 21:02:03 | ASSEMBLY: Replacing N1SCR04-730-PL12.ipt -> TEST-02-PL12.ipt [PL] (in Head Box.iam)
2026-01-13 21:02:03 | ASSEMBLY: SUCCESS - Updated to TEST-02-PL12.ipt
2026-01-13 21:02:03 | ASSEMBLY: Replacing N1SCR04-730-PL13.ipt -> TEST-02-PL13.ipt [PL] (in Head Box.iam)
2026-01-13 21:02:03 | ASSEMBLY: SUCCESS - Updated to TEST-02-PL13.ipt
2026-01-13 21:02:03 | ASSEMBLY: INFO - No mapping found for TEST-02-PL13.ipt (not renamed)
2026-01-13 21:02:03 | ASSEMBLY: Replacing N1SCR04-730-FL1.ipt -> TEST-02-FL1.ipt [FL] (in Head Box.iam)
2026-01-13 21:02:03 | ASSEMBLY: SUCCESS - Updated to TEST-02-FL1.ipt
2026-01-13 21:02:03 | ASSEMBLY: INFO - No mapping found for TEST-02-FL1.ipt (not renamed)
2026-01-13 21:02:03 | ASSEMBLY: INFO - No mapping found for TEST-02-PL12.ipt (not renamed)
2026-01-13 21:02:03 | ASSEMBLY: INFO - No mapping found for TEST-02-PL13.ipt (not renamed)
2026-01-13 21:02:03 | ASSEMBLY: INFO - No mapping found for TEST-02-PL13.ipt (not renamed)
2026-01-13 21:02:03 | ASSEMBLY: INFO - No mapping found for TEST-02-FL1.ipt (not renamed)
2026-01-13 21:02:03 | ASSEMBLY: INFO - No mapping found for TEST-02-FL1.ipt (not renamed)
2026-01-13 21:02:03 | ASSEMBLY: INFO - No mapping found for TEST-02-PL12.ipt (not renamed)
2026-01-13 21:02:03 | ASSEMBLY: INFO - No mapping found for TEST-02-PL13.ipt (not renamed)
2026-01-13 21:02:03 | ASSEMBLY: INFO - No mapping found for TEST-02-PL13.ipt (not renamed)
2026-01-13 21:02:03 | ASSEMBLY: INFO - No mapping found for TEST-02-FL1.ipt (not renamed)
2026-01-13 21:02:03 | ASSEMBLY: INFO - No mapping found for TEST-02-FL1.ipt (not renamed)
2026-01-13 21:02:03 | ASSEMBLY: INFO - No mapping found for TEST-02-PL12.ipt (not renamed)
2026-01-13 21:02:03 | ASSEMBLY: INFO - No mapping found for TEST-02-PL13.ipt (not renamed)
2026-01-13 21:02:03 | ASSEMBLY: INFO - No mapping found for TEST-02-PL13.ipt (not renamed)
2026-01-13 21:02:04 | ASSEMBLY: INFO - No mapping found for TEST-02-FL1.ipt (not renamed)
2026-01-13 21:02:04 | ASSEMBLY: INFO - No mapping found for TEST-02-FL1.ipt (not renamed)
2026-01-13 21:02:04 | ASSEMBLY: INFO - No mapping found for TEST-02-PL12.ipt (not renamed)
2026-01-13 21:02:04 | ASSEMBLY: INFO - No mapping found for TEST-02-PL13.ipt (not renamed)
2026-01-13 21:02:04 | ASSEMBLY: INFO - No mapping found for TEST-02-PL13.ipt (not renamed)
2026-01-13 21:02:04 | ASSEMBLY: INFO - No mapping found for TEST-02-FL1.ipt (not renamed)
2026-01-13 21:02:04 | ASSEMBLY: INFO - No mapping found for TEST-02-FL1.ipt (not renamed)
2026-01-13 21:02:04 | ASSEMBLY: INFO - No mapping found for TEST-02-PL12.ipt (not renamed)
2026-01-13 21:02:04 | ASSEMBLY: INFO - No mapping found for TEST-02-PL13.ipt (not renamed)
2026-01-13 21:02:04 | ASSEMBLY: INFO - No mapping found for TEST-02-PL13.ipt (not renamed)
2026-01-13 21:02:04 | ASSEMBLY: INFO - No mapping found for TEST-02-FL1.ipt (not renamed)
2026-01-13 21:02:04 | ASSEMBLY: INFO - No mapping found for TEST-02-FL1.ipt (not renamed)
2026-01-13 21:02:04 | ASSEMBLY: Replacing N1SCR04-730-PL14.ipt -> TEST-02-PL14.ipt [PL] (in Head Box.iam)
2026-01-13 21:02:04 | ASSEMBLY: SUCCESS - Updated to TEST-02-PL14.ipt
2026-01-13 21:02:04 | ASSEMBLY: Replacing N1SCR04-730-PL15.ipt -> TEST-02-PL15.ipt [PL] (in Head Box.iam)
2026-01-13 21:02:04 | ASSEMBLY: SUCCESS - Updated to TEST-02-PL15.ipt
2026-01-13 21:02:04 | ASSEMBLY: INFO - No mapping found for TEST-02-PL14.ipt (not renamed)
2026-01-13 21:02:04 | ASSEMBLY: INFO - No mapping found for TEST-02-PL15.ipt (not renamed)
2026-01-13 21:02:04 | ASSEMBLY: INFO - No mapping found for TEST-02-PL14.ipt (not renamed)
2026-01-13 21:02:04 | ASSEMBLY: INFO - No mapping found for TEST-02-PL15.ipt (not renamed)
2026-01-13 21:02:04 | ASSEMBLY: INFO - No mapping found for TEST-02-PL14.ipt (not renamed)
2026-01-13 21:02:04 | ASSEMBLY: INFO - No mapping found for TEST-02-PL15.ipt (not renamed)
2026-01-13 21:02:04 | ASSEMBLY: INFO - No mapping found for TEST-02-PL14.ipt (not renamed)
2026-01-13 21:02:04 | ASSEMBLY: INFO - No mapping found for TEST-02-PL15.ipt (not renamed)
2026-01-13 21:02:04 | ASSEMBLY: INFO - No mapping found for TEST-02-PL14.ipt (not renamed)
2026-01-13 21:02:04 | ASSEMBLY: INFO - No mapping found for TEST-02-PL15.ipt (not renamed)
2026-01-13 21:02:04 | ASSEMBLY: Replacing N1SCR04-730-PL16.ipt -> TEST-02-PL16.ipt [PL] (in Head Box.iam)
2026-01-13 21:02:04 | ASSEMBLY: SUCCESS - Updated to TEST-02-PL16.ipt
2026-01-13 21:02:04 | ASSEMBLY: INFO - No mapping found for TEST-02-PL16.ipt (not renamed)
2026-01-13 21:02:05 | ASSEMBLY: INFO - No mapping found for TEST-02-PL16.ipt (not renamed)
2026-01-13 21:02:05 | ASSEMBLY: INFO - No mapping found for TEST-02-PL16.ipt (not renamed)
2026-01-13 21:02:06 | ASSEMBLY: Saved sub-assembly - Head Box.iam
2026-01-13 21:02:06 | ASSEMBLY: RECURSING into sub-assembly - Lid-1.iam
2026-01-13 21:02:06 | ASSEMBLY: Updating references in - Lid-1.iam (Level: ROOT>Lid-1.iam)
2026-01-13 21:02:06 | ASSEMBLY: Replacing TEST01-PL17.ipt -> TEST-02-PL17.ipt [PL] (in Lid-1.iam)
2026-01-13 21:02:06 | ASSEMBLY: SUCCESS - Updated to TEST-02-PL17.ipt
2026-01-13 21:02:06 | ASSEMBLY: Replacing TEST01-A9.ipt -> TEST-02-A9.ipt [A] (in Lid-1.iam)
2026-01-13 21:02:06 | ASSEMBLY: SUCCESS - Updated to TEST-02-A9.ipt
2026-01-13 21:02:07 | ASSEMBLY: Replacing TEST01-FL2.ipt -> TEST-02-FL2.ipt [FL] (in Lid-1.iam)
2026-01-13 21:02:07 | ASSEMBLY: SUCCESS - Updated to TEST-02-FL2.ipt
2026-01-13 21:02:07 | ASSEMBLY: INFO - No mapping found for TEST-02-FL2.ipt (not renamed)
2026-01-13 21:02:07 | ASSEMBLY: INFO - No mapping found for TEST-02-FL2.ipt (not renamed)
2026-01-13 21:02:07 | ASSEMBLY: Replacing TEST01-FL3.ipt -> TEST-02-FL3.ipt [FL] (in Lid-1.iam)
2026-01-13 21:02:07 | ASSEMBLY: SUCCESS - Updated to TEST-02-FL3.ipt
2026-01-13 21:02:07 | ASSEMBLY: INFO - No mapping found for TEST-02-FL3.ipt (not renamed)
2026-01-13 21:02:07 | ASSEMBLY: Replacing TEST01-FL4.ipt -> TEST-02-FL4.ipt [FL] (in Lid-1.iam)
2026-01-13 21:02:07 | ASSEMBLY: SUCCESS - Updated to TEST-02-FL4.ipt
2026-01-13 21:02:07 | ASSEMBLY: INFO - No mapping found for TEST-02-FL4.ipt (not renamed)
2026-01-13 21:02:07 | ASSEMBLY: INFO - No mapping found for TEST-02-FL3.ipt (not renamed)
2026-01-13 21:02:07 | ASSEMBLY: INFO - No mapping found for TEST-02-FL3.ipt (not renamed)
2026-01-13 21:02:07 | ASSEMBLY: INFO - No mapping found for TEST-02-FL4.ipt (not renamed)
2026-01-13 21:02:07 | ASSEMBLY: INFO - No mapping found for TEST-02-FL4.ipt (not renamed)
2026-01-13 21:02:07 | ASSEMBLY: Replacing TEST01-PART1.ipt -> TEST-02-R1.ipt [OTHER] (in Lid-1.iam)
2026-01-13 21:02:07 | ASSEMBLY: SUCCESS - Updated to TEST-02-R1.ipt
2026-01-13 21:02:07 | ASSEMBLY: INFO - No mapping found for TEST-02-R1.ipt (not renamed)
2026-01-13 21:02:07 | ASSEMBLY: INFO - No mapping found for TEST-02-R1.ipt (not renamed)
2026-01-13 21:02:07 | ASSEMBLY: INFO - No mapping found for TEST-02-R1.ipt (not renamed)
2026-01-13 21:02:07 | ASSEMBLY: Saved sub-assembly - Lid-1.iam
2026-01-13 21:02:07 | ASSEMBLY: RECURSING into sub-assembly - Lid-1.iam
2026-01-13 21:02:07 | ASSEMBLY: Updating references in - Lid-1.iam (Level: ROOT>Lid-1.iam)
2026-01-13 21:02:07 | ASSEMBLY: INFO - No mapping found for TEST-02-PL17.ipt (not renamed)
2026-01-13 21:02:07 | ASSEMBLY: INFO - No mapping found for TEST-02-A9.ipt (not renamed)
2026-01-13 21:02:07 | ASSEMBLY: INFO - No mapping found for TEST-02-FL2.ipt (not renamed)
2026-01-13 21:02:07 | ASSEMBLY: INFO - No mapping found for TEST-02-FL2.ipt (not renamed)
2026-01-13 21:02:07 | ASSEMBLY: INFO - No mapping found for TEST-02-FL2.ipt (not renamed)
2026-01-13 21:02:07 | ASSEMBLY: INFO - No mapping found for TEST-02-FL3.ipt (not renamed)
2026-01-13 21:02:07 | ASSEMBLY: INFO - No mapping found for TEST-02-FL3.ipt (not renamed)
2026-01-13 21:02:07 | ASSEMBLY: INFO - No mapping found for TEST-02-FL4.ipt (not renamed)
2026-01-13 21:02:08 | ASSEMBLY: INFO - No mapping found for TEST-02-FL4.ipt (not renamed)
2026-01-13 21:02:08 | ASSEMBLY: INFO - No mapping found for TEST-02-FL3.ipt (not renamed)
2026-01-13 21:02:08 | ASSEMBLY: INFO - No mapping found for TEST-02-FL3.ipt (not renamed)
2026-01-13 21:02:08 | ASSEMBLY: INFO - No mapping found for TEST-02-FL4.ipt (not renamed)
2026-01-13 21:02:08 | ASSEMBLY: INFO - No mapping found for TEST-02-FL4.ipt (not renamed)
2026-01-13 21:02:08 | ASSEMBLY: INFO - No mapping found for TEST-02-R1.ipt (not renamed)
2026-01-13 21:02:08 | ASSEMBLY: INFO - No mapping found for TEST-02-R1.ipt (not renamed)
2026-01-13 21:02:08 | ASSEMBLY: INFO - No mapping found for TEST-02-R1.ipt (not renamed)
2026-01-13 21:02:08 | ASSEMBLY: INFO - No mapping found for TEST-02-R1.ipt (not renamed)
2026-01-13 21:02:08 | ASSEMBLY: Saved sub-assembly - Lid-1.iam
2026-01-13 21:02:08 | ASSEMBLY: RECURSING into sub-assembly - Lid-2.iam
2026-01-13 21:02:08 | ASSEMBLY: Updating references in - Lid-2.iam (Level: ROOT>Lid-2.iam)
2026-01-13 21:02:08 | ASSEMBLY: Replacing TEST01-PL18.ipt -> TEST-02-PL18.ipt [PL] (in Lid-2.iam)
2026-01-13 21:02:08 | ASSEMBLY: SUCCESS - Updated to TEST-02-PL18.ipt
2026-01-13 21:02:08 | ASSEMBLY: Replacing TEST01-A10.ipt -> TEST-02-A10.ipt [A] (in Lid-2.iam)
2026-01-13 21:02:08 | ASSEMBLY: SUCCESS - Updated to TEST-02-A10.ipt
2026-01-13 21:02:08 | ASSEMBLY: Replacing TEST01-FL5.ipt -> TEST-02-FL5.ipt [FL] (in Lid-2.iam)
2026-01-13 21:02:08 | ASSEMBLY: SUCCESS - Updated to TEST-02-FL5.ipt
2026-01-13 21:02:08 | ASSEMBLY: INFO - No mapping found for TEST-02-FL5.ipt (not renamed)
2026-01-13 21:02:08 | ASSEMBLY: INFO - No mapping found for TEST-02-FL5.ipt (not renamed)
2026-01-13 21:02:08 | ASSEMBLY: INFO - No mapping found for TEST-02-A10.ipt (not renamed)
2026-01-13 21:02:08 | ASSEMBLY: Replacing TEST01-FL6.ipt -> TEST-02-FL6.ipt [FL] (in Lid-2.iam)
2026-01-13 21:02:08 | ASSEMBLY: SUCCESS - Updated to TEST-02-FL6.ipt
2026-01-13 21:02:08 | ASSEMBLY: INFO - No mapping found for TEST-02-FL6.ipt (not renamed)
2026-01-13 21:02:08 | ASSEMBLY: Replacing TEST01-FL7.ipt -> TEST-02-FL7.ipt [FL] (in Lid-2.iam)
2026-01-13 21:02:08 | ASSEMBLY: SUCCESS - Updated to TEST-02-FL7.ipt
2026-01-13 21:02:08 | ASSEMBLY: INFO - No mapping found for TEST-02-FL7.ipt (not renamed)
2026-01-13 21:02:08 | ASSEMBLY: INFO - No mapping found for TEST-02-FL6.ipt (not renamed)
2026-01-13 21:02:08 | ASSEMBLY: INFO - No mapping found for TEST-02-FL6.ipt (not renamed)
2026-01-13 21:02:08 | ASSEMBLY: INFO - No mapping found for TEST-02-FL7.ipt (not renamed)
2026-01-13 21:02:08 | ASSEMBLY: INFO - No mapping found for TEST-02-FL7.ipt (not renamed)
2026-01-13 21:02:08 | ASSEMBLY: Replacing TEST01-PART2.ipt -> TEST-02-R2.ipt [OTHER] (in Lid-2.iam)
2026-01-13 21:02:08 | ASSEMBLY: SUCCESS - Updated to TEST-02-R2.ipt
2026-01-13 21:02:08 | ASSEMBLY: INFO - No mapping found for TEST-02-R2.ipt (not renamed)
2026-01-13 21:02:08 | ASSEMBLY: INFO - No mapping found for TEST-02-R2.ipt (not renamed)
2026-01-13 21:02:08 | ASSEMBLY: INFO - No mapping found for TEST-02-R2.ipt (not renamed)
2026-01-13 21:02:09 | ASSEMBLY: Saved sub-assembly - Lid-2.iam
2026-01-13 21:02:09 | ASSEMBLY: SKIPPING Bolted Connection1.iam (bolted connection assembly)
2026-01-13 21:02:09 | ASSEMBLY: SKIPPING Bolted Connection2.iam (bolted connection assembly)
2026-01-13 21:02:09 | ASSEMBLY: Replacing N1SCR04-730-PL19.ipt -> TEST-02-PL19.ipt [PL] (in N1SCR04-730.iam)
2026-01-13 21:02:09 | ASSEMBLY: SUCCESS - Updated to TEST-02-PL19.ipt
2026-01-13 21:02:09 | ASSEMBLY: INFO - No mapping found for TEST-02-PL19.ipt (not renamed)
2026-01-13 21:02:09 | ASSEMBLY: INFO - No mapping found for TEST-02-PL19.ipt (not renamed)
2026-01-13 21:02:09 | ASSEMBLY: INFO - No mapping found for TEST-02-PL19.ipt (not renamed)
2026-01-13 21:02:09 | ASSEMBLY: INFO - No mapping found for TEST-02-PL19.ipt (not renamed)
2026-01-13 21:02:09 | ASSEMBLY: INFO - No mapping found for TEST-02-PL19.ipt (not renamed)
2026-01-13 21:02:09 | ASSEMBLY: INFO - No mapping found for TEST-02-PL19.ipt (not renamed)
2026-01-13 21:02:09 | ASSEMBLY: INFO - No mapping found for TEST-02-PL19.ipt (not renamed)
2026-01-13 21:02:09 | ASSEMBLY: INFO - No mapping found for TEST-02-PL19.ipt (not renamed)
2026-01-13 21:02:09 | ASSEMBLY: INFO - No mapping found for TEST-02-PL19.ipt (not renamed)
2026-01-13 21:02:09 | ASSEMBLY: INFO - No mapping found for TEST-02-PL19.ipt (not renamed)
2026-01-13 21:02:09 | ASSEMBLY: INFO - No mapping found for TEST-02-PL19.ipt (not renamed)
2026-01-13 21:02:09 | ASSEMBLY: INFO - No mapping found for TEST-02-PL19.ipt (not renamed)
2026-01-13 21:02:09 | ASSEMBLY: INFO - No mapping found for TEST-02-PL19.ipt (not renamed)
2026-01-13 21:02:09 | ASSEMBLY: INFO - No mapping found for TEST-02-PL19.ipt (not renamed)
2026-01-13 21:02:09 | ASSEMBLY: INFO - No mapping found for TEST-02-PL19.ipt (not renamed)
2026-01-13 21:02:09 | ASSEMBLY: INFO - No mapping found for TEST-02-PL19.ipt (not renamed)
2026-01-13 21:02:09 | ASSEMBLY: INFO - No mapping found for TEST-02-PL19.ipt (not renamed)
2026-01-13 21:02:09 | ASSEMBLY: INFO - No mapping found for TEST-02-PL19.ipt (not renamed)
2026-01-13 21:02:09 | ASSEMBLY: INFO - No mapping found for TEST-02-PL19.ipt (not renamed)
2026-01-13 21:02:09 | ASSEMBLY: INFO - No mapping found for TEST-02-PL19.ipt (not renamed)
2026-01-13 21:02:09 | ASSEMBLY: INFO - No mapping found for TEST-02-PL19.ipt (not renamed)
2026-01-13 21:02:09 | ASSEMBLY: INFO - No mapping found for TEST-02-PL19.ipt (not renamed)
2026-01-13 21:02:09 | ASSEMBLY: INFO - No mapping found for TEST-02-PL19.ipt (not renamed)
2026-01-13 21:02:09 | ASSEMBLY: INFO - No mapping found for TEST-02-PL19.ipt (not renamed)
2026-01-13 21:02:09 | ASSEMBLY: INFO - No mapping found for TEST-02-PL19.ipt (not renamed)
2026-01-13 21:02:09 | ASSEMBLY: INFO - No mapping found for TEST-02-PL19.ipt (not renamed)
2026-01-13 21:02:09 | ASSEMBLY: INFO - No mapping found for TEST-02-PL19.ipt (not renamed)
2026-01-13 21:02:09 | ASSEMBLY: INFO - No mapping found for TEST-02-PL19.ipt (not renamed)
2026-01-13 21:02:09 | ASSEMBLY: INFO - No mapping found for TEST-02-PL19.ipt (not renamed)
2026-01-13 21:02:09 | ASSEMBLY: INFO - No mapping found for TEST-02-PL19.ipt (not renamed)
2026-01-13 21:02:09 | ASSEMBLY: INFO - No mapping found for TEST-02-PL19.ipt (not renamed)
2026-01-13 21:02:09 | ASSEMBLY: INFO - No mapping found for TEST-02-PL19.ipt (not renamed)
2026-01-13 21:02:09 | ASSEMBLY: INFO - No mapping found for TEST-02-PL19.ipt (not renamed)
2026-01-13 21:02:09 | ASSEMBLY: INFO - No mapping found for TEST-02-PL19.ipt (not renamed)
2026-01-13 21:02:09 | ASSEMBLY: INFO - No mapping found for TEST-02-PL19.ipt (not renamed)
2026-01-13 21:02:09 | ASSEMBLY: Saving assembly with updated references...
2026-01-13 21:02:11 | ASSEMBLY: Successfully saved assembly
2026-01-13 21:02:11 | STEP 8: Auto-detecting and updating IDW files
2026-01-13 21:02:11 | IDW: Auto-detecting IDW files in assembly directory
2026-01-13 21:02:11 | IDW: Found drawing file - KNL-N1200-SCR04-0730-PA.idw
2026-01-13 21:02:11 | IDW: Found drawing file - KNL-N1200-SCR04-0730-PD-PLA1.idw
2026-01-13 21:02:11 | IDW: Found drawing file - KNL-N1200-SCR04-0730-PD-PLA2.idw
2026-01-13 21:02:11 | IDW: Found drawing file - KNL-N1200-SCR04-0730-PD-PLA3.idw
2026-01-13 21:02:11 | IDW: Processing KNL-N1200-SCR04-0730-PA.idw
2026-01-13 21:02:12 | IDW: Opening KNL-N1200-SCR04-0730-PA.idw
2026-01-13 21:02:17 | IDW: Found 5 referenced files
2026-01-13 21:02:17 | IDW: INFO - No mapping found for Head Box.iam
2026-01-13 21:02:17 | IDW: INFO - No mapping found for Lid-1.iam
2026-01-13 21:02:17 | IDW: INFO - No mapping found for Lid-2.iam
2026-01-13 21:02:17 | IDW: INFO - No mapping found for N1SCR04-730.iam
2026-01-13 21:02:17 | IDW: INFO - No mapping found for N1SCR04-730-EXPLODED.ipn
2026-01-13 21:02:21 | IDW: Saved KNL-N1200-SCR04-0730-PA.idw
2026-01-13 21:02:21 | IDW: Processing KNL-N1200-SCR04-0730-PD-PLA1.idw
2026-01-13 21:02:22 | IDW: Opening KNL-N1200-SCR04-0730-PD-PLA1.idw
2026-01-13 21:04:03 | IDW: Found 44 referenced files
2026-01-13 21:04:03 | IDW: INFO - No mapping found for Head Box.iam
2026-01-13 21:04:03 | IDW: INFO - No mapping found for Lid-1.iam
2026-01-13 21:04:03 | IDW: INFO - No mapping found for Lid-2.iam
2026-01-13 21:04:04 | IDW: Updating reference N1SCR04-730-A1.ipt -> TEST-02-A1.ipt
2026-01-13 21:04:04 | IDW: SUCCESS - Reference updated
2026-01-13 21:04:04 | IDW: Updating reference N1SCR04-730-A2.ipt -> TEST-02-A2.ipt
2026-01-13 21:04:04 | IDW: SUCCESS - Reference updated
2026-01-13 21:04:04 | IDW: Updating reference N1SCR04-730-A3.ipt -> TEST-02-A3.ipt
2026-01-13 21:04:04 | IDW: SUCCESS - Reference updated
2026-01-13 21:04:04 | IDW: Updating reference N1SCR04-730-A4.ipt -> TEST-02-A4.ipt
2026-01-13 21:04:04 | IDW: SUCCESS - Reference updated
2026-01-13 21:04:04 | IDW: Updating reference N1SCR04-730-A5.ipt -> TEST-02-A5.ipt
2026-01-13 21:04:04 | IDW: SUCCESS - Reference updated
2026-01-13 21:04:04 | IDW: Updating reference N1SCR04-730-A6.ipt -> TEST-02-A6.ipt
2026-01-13 21:04:04 | IDW: SUCCESS - Reference updated
2026-01-13 21:04:04 | IDW: Updating reference N1SCR04-730-A7.ipt -> TEST-02-A7.ipt
2026-01-13 21:04:04 | IDW: SUCCESS - Reference updated
2026-01-13 21:04:04 | IDW: Updating reference N1SCR04-730-A8.ipt -> TEST-02-A8.ipt
2026-01-13 21:04:04 | IDW: SUCCESS - Reference updated
2026-01-13 21:04:04 | IDW: Updating reference N1SCR04-730-FL1.ipt -> TEST-02-FL1.ipt
2026-01-13 21:04:04 | IDW: SUCCESS - Reference updated
2026-01-13 21:04:04 | IDW: Updating reference N1SCR04-730-FLG2.ipt -> TEST-02-FLG1.ipt
2026-01-13 21:04:04 | IDW: SUCCESS - Reference updated
2026-01-13 21:04:04 | IDW: Updating reference N1SCR04-730-PL1.ipt -> TEST-02-PL1.ipt
2026-01-13 21:04:04 | IDW: SUCCESS - Reference updated
2026-01-13 21:04:04 | IDW: Updating reference N1SCR04-730-PL10.ipt -> TEST-02-PL10.ipt
2026-01-13 21:04:04 | IDW: SUCCESS - Reference updated
2026-01-13 21:04:04 | IDW: Updating reference N1SCR04-730-PL11.ipt -> TEST-02-PL11.ipt
2026-01-13 21:04:04 | IDW: SUCCESS - Reference updated
2026-01-13 21:04:04 | IDW: Updating reference N1SCR04-730-PL12.ipt -> TEST-02-PL12.ipt
2026-01-13 21:04:04 | IDW: SUCCESS - Reference updated
2026-01-13 21:04:04 | IDW: Updating reference N1SCR04-730-PL13.ipt -> TEST-02-PL13.ipt
2026-01-13 21:04:04 | IDW: SUCCESS - Reference updated
2026-01-13 21:04:04 | IDW: Updating reference N1SCR04-730-PL14.ipt -> TEST-02-PL14.ipt
2026-01-13 21:04:04 | IDW: SUCCESS - Reference updated
2026-01-13 21:04:04 | IDW: Updating reference N1SCR04-730-PL15.ipt -> TEST-02-PL15.ipt
2026-01-13 21:04:04 | IDW: SUCCESS - Reference updated
2026-01-13 21:04:04 | IDW: Updating reference N1SCR04-730-PL16.ipt -> TEST-02-PL16.ipt
2026-01-13 21:04:04 | IDW: SUCCESS - Reference updated
2026-01-13 21:04:04 | IDW: Updating reference N1SCR04-730-PL19.ipt -> TEST-02-PL19.ipt
2026-01-13 21:04:04 | IDW: SUCCESS - Reference updated
2026-01-13 21:04:04 | IDW: Updating reference N1SCR04-730-PL2.ipt -> TEST-02-PL2.ipt
2026-01-13 21:04:04 | IDW: SUCCESS - Reference updated
2026-01-13 21:04:04 | IDW: Updating reference N1SCR04-730-PL3.ipt -> TEST-02-PL3.ipt
2026-01-13 21:04:04 | IDW: SUCCESS - Reference updated
2026-01-13 21:04:04 | IDW: Updating reference N1SCR04-730-PL4.ipt -> TEST-02-PL4.ipt
2026-01-13 21:04:04 | IDW: SUCCESS - Reference updated
2026-01-13 21:04:04 | IDW: Updating reference N1SCR04-730-PL5.ipt -> TEST-02-PL5.ipt
2026-01-13 21:04:04 | IDW: SUCCESS - Reference updated
2026-01-13 21:04:04 | IDW: Updating reference N1SCR04-730-PL6.ipt -> TEST-02-PL6.ipt
2026-01-13 21:04:04 | IDW: SUCCESS - Reference updated
2026-01-13 21:04:04 | IDW: Updating reference N1SCR04-730-PL7.ipt -> TEST-02-PL7.ipt
2026-01-13 21:04:04 | IDW: SUCCESS - Reference updated
2026-01-13 21:04:04 | IDW: Updating reference N1SCR04-730-PL8.ipt -> TEST-02-PL8.ipt
2026-01-13 21:04:04 | IDW: SUCCESS - Reference updated
2026-01-13 21:04:04 | IDW: Updating reference N1SCR04-730-PL9.ipt -> TEST-02-PL9.ipt
2026-01-13 21:04:04 | IDW: SUCCESS - Reference updated
2026-01-13 21:04:04 | IDW: INFO - No mapping found for TEST-02-P1.ipt
2026-01-13 21:04:04 | IDW: INFO - No mapping found for N1SCR04-730-A10.ipt
2026-01-13 21:04:04 | IDW: INFO - No mapping found for N1SCR04-730-A9.ipt
2026-01-13 21:04:04 | IDW: INFO - No mapping found for N1SCR04-730-FL3.ipt
2026-01-13 21:04:04 | IDW: INFO - No mapping found for N1SCR04-730-FL4.ipt
2026-01-13 21:04:04 | IDW: INFO - No mapping found for N1SCR04-730-FL5.ipt
2026-01-13 21:04:04 | IDW: INFO - No mapping found for N1SCR04-730-FL6.ipt
2026-01-13 21:04:04 | IDW: INFO - No mapping found for N1SCR04-730-FL7.ipt
2026-01-13 21:04:04 | IDW: INFO - No mapping found for N1SCR04-730-P4.ipt
2026-01-13 21:04:04 | IDW: INFO - No mapping found for N1SCR04-730-P5.ipt
2026-01-13 21:04:04 | IDW: INFO - No mapping found for N1SCR04-730-PART1.ipt
2026-01-13 21:04:04 | IDW: INFO - No mapping found for N1SCR04-730-PART2.ipt
2026-01-13 21:04:04 | IDW: INFO - No mapping found for N1SCR04-730-PL17.ipt
2026-01-13 21:04:04 | IDW: INFO - No mapping found for N1SCR04-730-PL18.ipt
2026-01-13 21:04:06 | IDW: Saved KNL-N1200-SCR04-0730-PD-PLA1.idw
2026-01-13 21:04:06 | IDW: Processing KNL-N1200-SCR04-0730-PD-PLA2.idw
2026-01-13 21:04:06 | IDW: Opening KNL-N1200-SCR04-0730-PD-PLA2.idw
2026-01-13 21:04:10 | IDW: Found 6 referenced files
2026-01-13 21:04:10 | IDW: INFO - No mapping found for Lid-1.iam
2026-01-13 21:04:10 | IDW: INFO - No mapping found for N1SCR04-730-A9.ipt
2026-01-13 21:04:10 | IDW: INFO - No mapping found for N1SCR04-730-FL3.ipt
2026-01-13 21:04:10 | IDW: INFO - No mapping found for N1SCR04-730-FL4.ipt
2026-01-13 21:04:10 | IDW: INFO - No mapping found for N1SCR04-730-PART1.ipt
2026-01-13 21:04:10 | IDW: INFO - No mapping found for N1SCR04-730-PL17.ipt
2026-01-13 21:04:11 | IDW: Saved KNL-N1200-SCR04-0730-PD-PLA2.idw
2026-01-13 21:04:11 | IDW: Processing KNL-N1200-SCR04-0730-PD-PLA3.idw
2026-01-13 21:04:11 | IDW: Opening KNL-N1200-SCR04-0730-PD-PLA3.idw
2026-01-13 21:04:15 | IDW: Found 8 referenced files
2026-01-13 21:04:15 | IDW: INFO - No mapping found for Lid-2.iam
2026-01-13 21:04:15 | IDW: Updating reference N1SCR04-730-PL19.ipt -> TEST-02-PL19.ipt
2026-01-13 21:04:15 | IDW: SUCCESS - Reference updated
2026-01-13 21:04:15 | IDW: INFO - No mapping found for N1SCR04-730-A10.ipt
2026-01-13 21:04:15 | IDW: INFO - No mapping found for N1SCR04-730-FL5.ipt
2026-01-13 21:04:15 | IDW: INFO - No mapping found for N1SCR04-730-FL6.ipt
2026-01-13 21:04:15 | IDW: INFO - No mapping found for N1SCR04-730-FL7.ipt
2026-01-13 21:04:15 | IDW: INFO - No mapping found for N1SCR04-730-PART2.ipt
2026-01-13 21:04:15 | IDW: INFO - No mapping found for N1SCR04-730-PL18.ipt
2026-01-13 21:04:16 | IDW: Saved KNL-N1200-SCR04-0730-PD-PLA3.idw
2026-01-13 21:04:16 | STEP 8.5: Saving mapping file for external IDW updater
2026-01-13 21:04:16 | MAPPING: Saving comprehensive mapping file for STEP 2
2026-01-13 21:04:16 | STEP 9: Keeping original files for safety (skipping cleanup)
2026-01-13 21:04:16 | === DYNAMIC HERITAGE-BASED SOLUTION COMPLETED ===
