2026-01-13 21:49:14 | === DYNAMIC HERITAGE-BASED SOLUTION ===
2026-01-13 21:49:14 | Auto-detecting open model and creating dynamic renaming workflow
2026-01-13 21:49:15 | SUCCESS: Connected to existing Inventor instance
2026-01-13 21:49:15 | STEP 1: Detecting open assembly and analyzing components
2026-01-13 21:49:16 | DETECTED: Document type: 12291
2026-01-13 21:49:16 | DETECTED: Assembly by .iam extension - proceeding
2026-01-13 21:49:16 | DETECTED: Active assembly - N1SCR04-730.iam
2026-01-13 21:49:16 | DETECTED: Full path - C:\Users\Quintin\Documents\Spectiv\3. Working\22. DMS plant\21. SSCR04 - Primary Floats D&R Screen Station\730 CM Head Box\N1SCR04-730.iam
2026-01-13 21:49:17 | USER CONFIRMED: Proceeding with assembly processing
2026-01-13 21:49:17 | CONFIRMED: 42 occurrences to process
2026-01-13 21:49:17 | STEP 2: Flattening hierarchy and grouping components
2026-01-13 21:49:17 | ANALYZE: Recursively flattening ENTIRE model hierarchy and reading iProperty descriptions
2026-01-13 21:49:17 | ANALYZE: Processing assembly - N1SCR04-730.iam (Level: ROOT)
2026-01-13 21:49:17 | ANALYZE: Found 42 occurrences in N1SCR04-730.iam
2026-01-13 21:49:17 | ANALYZE: RECURSING into sub-assembly - Head Box.iam
2026-01-13 21:49:17 | ANALYZE: Processing assembly - Head Box.iam (Level: ROOT>Head Box.iam)
2026-01-13 21:49:17 | ANALYZE: Found 86 occurrences in Head Box.iam
2026-01-13 21:49:17 | ANALYZE: PART - C-PL1.ipt -> Description: PL 6mm S355JR -> Group: PL (from Head Box.iam)
2026-01-13 21:49:17 | ANALYZE: Created new group - PL
2026-01-13 21:49:17 | ANALYZE: PART - C-PL2.ipt -> Description: PL 6mm S355JR -> Group: PL (from Head Box.iam)
2026-01-13 21:49:17 | ANALYZE: PART - C-PL3.ipt -> Description: PL 6mm S355JR -> Group: PL (from Head Box.iam)
2026-01-13 21:49:17 | ANALYZE: PART - C-PL4.ipt -> Description: PL 6mm S355JR -> Group: PL (from Head Box.iam)
2026-01-13 21:49:17 | ANALYZE: PART - C-PL5.ipt -> Description: PL 6mm S355JR -> Group: PL (from Head Box.iam)
2026-01-13 21:49:17 | ANALYZE: PART - C-PL6.ipt -> Description: PL 6mm S355JR -> Group: PL (from Head Box.iam)
2026-01-13 21:49:17 | ANALYZE: PART - C-PL7.ipt -> Description: PL 6mm S355JR -> Group: PL (from Head Box.iam)
2026-01-13 21:49:17 | ANALYZE: PART - C-PL8.ipt -> Description: PL 6mm S355JR -> Group: PL (from Head Box.iam)
2026-01-13 21:49:17 | ANALYZE: DUPLICATE PART SKIPPED - C-PL8.ipt (already processed)
2026-01-13 21:49:17 | ANALYZE: DUPLICATE PART SKIPPED - C-PL8.ipt (already processed)
2026-01-13 21:49:17 | ANALYZE: PART - C-PL9.ipt -> Description: PL 6mm S355JR -> Group: PL (from Head Box.iam)
2026-01-13 21:49:17 | ANALYZE: PART - C-PL10.ipt -> Description: PL 6mm S355JR -> Group: PL (from Head Box.iam)
2026-01-13 21:49:17 | ANALYZE: DUPLICATE PART SKIPPED - C-PL10.ipt (already processed)
2026-01-13 21:49:17 | ANALYZE: PART - C-P1.ipt -> Description: PIPE - 800NB S.A.B.S.719 - 6 W.T. -> Group: P (from Head Box.iam)
2026-01-13 21:49:17 | ANALYZE: Created new group - P
2026-01-13 21:49:17 | ANALYZE: PART - C-FLG1.ipt -> Description: FLANGE - 600NB S.A.B.S.1123 1000/3 25 TH'K -> Group: FLG (from Head Box.iam)
2026-01-13 21:49:17 | ANALYZE: Created new group - FLG
2026-01-13 21:49:17 | ANALYZE: PART - C-P2.ipt -> Description: PIPE - 500NB S.A.B.S.719 - 6 W.T. -> Group: P (from Head Box.iam)
2026-01-13 21:49:17 | ANALYZE: PART - C-FLG2.ipt -> Description: FLANGE - 500NB S.A.B.S.1123 1000/3 25 TH'K -> Group: FLG (from Head Box.iam)
2026-01-13 21:49:17 | ANALYZE: DUPLICATE PART SKIPPED - C-P2.ipt (already processed)
2026-01-13 21:49:17 | ANALYZE: DUPLICATE PART SKIPPED - C-FLG2.ipt (already processed)
2026-01-13 21:49:17 | ANALYZE: PART - C-P3.ipt -> Description: PIPE - 200NB S.A.B.S.719 - 6 W.T. -> Group: P (from Head Box.iam)
2026-01-13 21:49:17 | ANALYZE: PART - C-FLG3.ipt -> Description: FLANGE - 200NB S.A.B.S.1123 1000/3 18 TH'K -> Group: FLG (from Head Box.iam)
2026-01-13 21:49:17 | ANALYZE: PART - C-A1.ipt -> Description: L60x60x6 -> Group: A (from Head Box.iam)
2026-01-13 21:49:17 | ANALYZE: Created new group - A
2026-01-13 21:49:17 | ANALYZE: PART - C-A2.ipt -> Description: L60x60x6 -> Group: A (from Head Box.iam)
2026-01-13 21:49:17 | ANALYZE: PART - C-A3.ipt -> Description: L60x60x6 -> Group: A (from Head Box.iam)
2026-01-13 21:49:17 | ANALYZE: PART - C-A4.ipt -> Description: L60x60x6 -> Group: A (from Head Box.iam)
2026-01-13 21:49:17 | ANALYZE: PART - C-A5.ipt -> Description: L60x60x6 -> Group: A (from Head Box.iam)
2026-01-13 21:49:17 | ANALYZE: PART - C-A6.ipt -> Description: L60x60x6 -> Group: A (from Head Box.iam)
2026-01-13 21:49:17 | ANALYZE: PART - C-A7.ipt -> Description: L50x50x6 -> Group: A (from Head Box.iam)
2026-01-13 21:49:17 | ANALYZE: DUPLICATE PART SKIPPED - C-A7.ipt (already processed)
2026-01-13 21:49:17 | ANALYZE: PART - C-A8.ipt -> Description: L50x50x6 -> Group: A (from Head Box.iam)
2026-01-13 21:49:17 | ANALYZE: DUPLICATE PART SKIPPED - C-A8.ipt (already processed)
2026-01-13 21:49:17 | ANALYZE: DUPLICATE PART SKIPPED - C-A7.ipt (already processed)
2026-01-13 21:49:17 | ANALYZE: DUPLICATE PART SKIPPED - C-A7.ipt (already processed)
2026-01-13 21:49:17 | ANALYZE: DUPLICATE PART SKIPPED - C-A8.ipt (already processed)
2026-01-13 21:49:17 | ANALYZE: DUPLICATE PART SKIPPED - C-A8.ipt (already processed)
2026-01-13 21:49:17 | ANALYZE: DUPLICATE PART SKIPPED - C-A7.ipt (already processed)
2026-01-13 21:49:17 | ANALYZE: DUPLICATE PART SKIPPED - C-A7.ipt (already processed)
2026-01-13 21:49:17 | ANALYZE: DUPLICATE PART SKIPPED - C-A8.ipt (already processed)
2026-01-13 21:49:17 | ANALYZE: DUPLICATE PART SKIPPED - C-A8.ipt (already processed)
2026-01-13 21:49:18 | ANALYZE: PART - C-PL11.ipt -> Description: PL 10mm S355JR -> Group: PL (from Head Box.iam)
2026-01-13 21:49:18 | ANALYZE: PART - C-PL12.ipt -> Description: PL 10mm S355JR -> Group: PL (from Head Box.iam)
2026-01-13 21:49:18 | ANALYZE: PART - C-PL13.ipt -> Description: PL 10mm S355JR -> Group: PL (from Head Box.iam)
2026-01-13 21:49:18 | ANALYZE: DUPLICATE PART SKIPPED - C-PL13.ipt (already processed)
2026-01-13 21:49:18 | ANALYZE: PART - C-FL1.ipt -> Description: FL50x8 -> Group: FL (from Head Box.iam)
2026-01-13 21:49:18 | ANALYZE: Created new group - FL
2026-01-13 21:49:18 | ANALYZE: DUPLICATE PART SKIPPED - C-FL1.ipt (already processed)
2026-01-13 21:49:18 | ANALYZE: DUPLICATE PART SKIPPED - C-PL12.ipt (already processed)
2026-01-13 21:49:18 | ANALYZE: DUPLICATE PART SKIPPED - C-PL13.ipt (already processed)
2026-01-13 21:49:18 | ANALYZE: DUPLICATE PART SKIPPED - C-PL13.ipt (already processed)
2026-01-13 21:49:18 | ANALYZE: DUPLICATE PART SKIPPED - C-FL1.ipt (already processed)
2026-01-13 21:49:18 | ANALYZE: DUPLICATE PART SKIPPED - C-FL1.ipt (already processed)
2026-01-13 21:49:18 | ANALYZE: DUPLICATE PART SKIPPED - C-PL12.ipt (already processed)
2026-01-13 21:49:18 | ANALYZE: DUPLICATE PART SKIPPED - C-PL13.ipt (already processed)
2026-01-13 21:49:18 | ANALYZE: DUPLICATE PART SKIPPED - C-PL13.ipt (already processed)
2026-01-13 21:49:18 | ANALYZE: DUPLICATE PART SKIPPED - C-FL1.ipt (already processed)
2026-01-13 21:49:18 | ANALYZE: DUPLICATE PART SKIPPED - C-FL1.ipt (already processed)
2026-01-13 21:49:18 | ANALYZE: DUPLICATE PART SKIPPED - C-PL12.ipt (already processed)
2026-01-13 21:49:18 | ANALYZE: DUPLICATE PART SKIPPED - C-PL13.ipt (already processed)
2026-01-13 21:49:18 | ANALYZE: DUPLICATE PART SKIPPED - C-PL13.ipt (already processed)
2026-01-13 21:49:18 | ANALYZE: DUPLICATE PART SKIPPED - C-FL1.ipt (already processed)
2026-01-13 21:49:18 | ANALYZE: DUPLICATE PART SKIPPED - C-FL1.ipt (already processed)
2026-01-13 21:49:18 | ANALYZE: DUPLICATE PART SKIPPED - C-PL12.ipt (already processed)
2026-01-13 21:49:18 | ANALYZE: DUPLICATE PART SKIPPED - C-PL13.ipt (already processed)
2026-01-13 21:49:18 | ANALYZE: DUPLICATE PART SKIPPED - C-PL13.ipt (already processed)
2026-01-13 21:49:18 | ANALYZE: DUPLICATE PART SKIPPED - C-FL1.ipt (already processed)
2026-01-13 21:49:18 | ANALYZE: DUPLICATE PART SKIPPED - C-FL1.ipt (already processed)
2026-01-13 21:49:18 | ANALYZE: DUPLICATE PART SKIPPED - C-PL12.ipt (already processed)
2026-01-13 21:49:18 | ANALYZE: DUPLICATE PART SKIPPED - C-PL13.ipt (already processed)
2026-01-13 21:49:18 | ANALYZE: DUPLICATE PART SKIPPED - C-PL13.ipt (already processed)
2026-01-13 21:49:18 | ANALYZE: DUPLICATE PART SKIPPED - C-FL1.ipt (already processed)
2026-01-13 21:49:18 | ANALYZE: DUPLICATE PART SKIPPED - C-FL1.ipt (already processed)
2026-01-13 21:49:18 | ANALYZE: PART - C-PL14.ipt -> Description: PL 25mm S355JR -> Group: PL (from Head Box.iam)
2026-01-13 21:49:18 | ANALYZE: PART - C-PL15.ipt -> Description: PL 20mm S355JR -> Group: PL (from Head Box.iam)
2026-01-13 21:49:18 | ANALYZE: DUPLICATE PART SKIPPED - C-PL14.ipt (already processed)
2026-01-13 21:49:18 | ANALYZE: DUPLICATE PART SKIPPED - C-PL15.ipt (already processed)
2026-01-13 21:49:18 | ANALYZE: DUPLICATE PART SKIPPED - C-PL14.ipt (already processed)
2026-01-13 21:49:18 | ANALYZE: DUPLICATE PART SKIPPED - C-PL15.ipt (already processed)
2026-01-13 21:49:18 | ANALYZE: DUPLICATE PART SKIPPED - C-PL14.ipt (already processed)
2026-01-13 21:49:18 | ANALYZE: DUPLICATE PART SKIPPED - C-PL15.ipt (already processed)
2026-01-13 21:49:18 | ANALYZE: DUPLICATE PART SKIPPED - C-PL14.ipt (already processed)
2026-01-13 21:49:18 | ANALYZE: DUPLICATE PART SKIPPED - C-PL15.ipt (already processed)
2026-01-13 21:49:18 | ANALYZE: DUPLICATE PART SKIPPED - C-PL14.ipt (already processed)
2026-01-13 21:49:18 | ANALYZE: DUPLICATE PART SKIPPED - C-PL15.ipt (already processed)
2026-01-13 21:49:18 | ANALYZE: PART - C-PL16.ipt -> Description: PL 8mm S355JR -> Group: PL (from Head Box.iam)
2026-01-13 21:49:18 | ANALYZE: DUPLICATE PART SKIPPED - C-PL16.ipt (already processed)
2026-01-13 21:49:18 | ANALYZE: DUPLICATE PART SKIPPED - C-PL16.ipt (already processed)
2026-01-13 21:49:18 | ANALYZE: DUPLICATE PART SKIPPED - C-PL16.ipt (already processed)
2026-01-13 21:49:18 | ANALYZE: RECURSING into sub-assembly - Lid-1.iam
2026-01-13 21:49:18 | ANALYZE: Processing assembly - Lid-1.iam (Level: ROOT>Lid-1.iam)
2026-01-13 21:49:18 | ANALYZE: Found 17 occurrences in Lid-1.iam
2026-01-13 21:49:18 | ANALYZE: PART - C-PL17.ipt -> Description: PL 6mm S355JR -> Group: PL (from Lid-1.iam)
2026-01-13 21:49:18 | ANALYZE: PART - C-A9.ipt -> Description: L60x60x6 -> Group: A (from Lid-1.iam)
2026-01-13 21:49:18 | ANALYZE: PART - C-FL2.ipt -> Description: FL50x8 -> Group: FL (from Lid-1.iam)
2026-01-13 21:49:18 | ANALYZE: DUPLICATE PART SKIPPED - C-FL2.ipt (already processed)
2026-01-13 21:49:18 | ANALYZE: DUPLICATE PART SKIPPED - C-FL2.ipt (already processed)
2026-01-13 21:49:18 | ANALYZE: PART - C-FL3.ipt -> Description: FL50x8 -> Group: FL (from Lid-1.iam)
2026-01-13 21:49:18 | ANALYZE: DUPLICATE PART SKIPPED - C-FL3.ipt (already processed)
2026-01-13 21:49:18 | ANALYZE: PART - C-FL4.ipt -> Description: FL50x8 -> Group: FL (from Lid-1.iam)
2026-01-13 21:49:18 | ANALYZE: DUPLICATE PART SKIPPED - C-FL4.ipt (already processed)
2026-01-13 21:49:18 | ANALYZE: DUPLICATE PART SKIPPED - C-FL3.ipt (already processed)
2026-01-13 21:49:18 | ANALYZE: DUPLICATE PART SKIPPED - C-FL3.ipt (already processed)
2026-01-13 21:49:18 | ANALYZE: DUPLICATE PART SKIPPED - C-FL4.ipt (already processed)
2026-01-13 21:49:18 | ANALYZE: DUPLICATE PART SKIPPED - C-FL4.ipt (already processed)
2026-01-13 21:49:18 | ANALYZE: PART - C-R1.ipt -> Description: HANDLE - Ř16 ROUND BAR -> Group: OTHER (from Lid-1.iam)
2026-01-13 21:49:18 | ANALYZE: Created new group - OTHER
2026-01-13 21:49:18 | ANALYZE: DUPLICATE PART SKIPPED - C-R1.ipt (already processed)
2026-01-13 21:49:18 | ANALYZE: DUPLICATE PART SKIPPED - C-R1.ipt (already processed)
2026-01-13 21:49:18 | ANALYZE: DUPLICATE PART SKIPPED - C-R1.ipt (already processed)
2026-01-13 21:49:18 | ANALYZE: RECURSING into sub-assembly - Lid-1.iam
2026-01-13 21:49:18 | ANALYZE: Processing assembly - Lid-1.iam (Level: ROOT>Lid-1.iam)
2026-01-13 21:49:18 | ANALYZE: Found 17 occurrences in Lid-1.iam
2026-01-13 21:49:18 | ANALYZE: DUPLICATE PART SKIPPED - C-PL17.ipt (already processed)
2026-01-13 21:49:18 | ANALYZE: DUPLICATE PART SKIPPED - C-A9.ipt (already processed)
2026-01-13 21:49:18 | ANALYZE: DUPLICATE PART SKIPPED - C-FL2.ipt (already processed)
2026-01-13 21:49:18 | ANALYZE: DUPLICATE PART SKIPPED - C-FL2.ipt (already processed)
2026-01-13 21:49:18 | ANALYZE: DUPLICATE PART SKIPPED - C-FL2.ipt (already processed)
2026-01-13 21:49:18 | ANALYZE: DUPLICATE PART SKIPPED - C-FL3.ipt (already processed)
2026-01-13 21:49:18 | ANALYZE: DUPLICATE PART SKIPPED - C-FL3.ipt (already processed)
2026-01-13 21:49:18 | ANALYZE: DUPLICATE PART SKIPPED - C-FL4.ipt (already processed)
2026-01-13 21:49:18 | ANALYZE: DUPLICATE PART SKIPPED - C-FL4.ipt (already processed)
2026-01-13 21:49:18 | ANALYZE: DUPLICATE PART SKIPPED - C-FL3.ipt (already processed)
2026-01-13 21:49:18 | ANALYZE: DUPLICATE PART SKIPPED - C-FL3.ipt (already processed)
2026-01-13 21:49:18 | ANALYZE: DUPLICATE PART SKIPPED - C-FL4.ipt (already processed)
2026-01-13 21:49:18 | ANALYZE: DUPLICATE PART SKIPPED - C-FL4.ipt (already processed)
2026-01-13 21:49:18 | ANALYZE: DUPLICATE PART SKIPPED - C-R1.ipt (already processed)
2026-01-13 21:49:18 | ANALYZE: DUPLICATE PART SKIPPED - C-R1.ipt (already processed)
2026-01-13 21:49:18 | ANALYZE: DUPLICATE PART SKIPPED - C-R1.ipt (already processed)
2026-01-13 21:49:18 | ANALYZE: DUPLICATE PART SKIPPED - C-R1.ipt (already processed)
2026-01-13 21:49:18 | ANALYZE: RECURSING into sub-assembly - Lid-2.iam
2026-01-13 21:49:18 | ANALYZE: Processing assembly - Lid-2.iam (Level: ROOT>Lid-2.iam)
2026-01-13 21:49:18 | ANALYZE: Found 18 occurrences in Lid-2.iam
2026-01-13 21:49:19 | ANALYZE: PART - C-PL18.ipt -> Description: PL 6mm S355JR -> Group: PL (from Lid-2.iam)
2026-01-13 21:49:19 | ANALYZE: PART - C-A10.ipt -> Description: L60x60x6 -> Group: A (from Lid-2.iam)
2026-01-13 21:49:19 | ANALYZE: PART - C-FL5.ipt -> Description: FL50x8 -> Group: FL (from Lid-2.iam)
2026-01-13 21:49:19 | ANALYZE: DUPLICATE PART SKIPPED - C-FL5.ipt (already processed)
2026-01-13 21:49:19 | ANALYZE: DUPLICATE PART SKIPPED - C-FL5.ipt (already processed)
2026-01-13 21:49:19 | ANALYZE: DUPLICATE PART SKIPPED - C-A10.ipt (already processed)
2026-01-13 21:49:19 | ANALYZE: PART - C-FL6.ipt -> Description: FL50x8 -> Group: FL (from Lid-2.iam)
2026-01-13 21:49:19 | ANALYZE: DUPLICATE PART SKIPPED - C-FL6.ipt (already processed)
2026-01-13 21:49:19 | ANALYZE: PART - C-FL7.ipt -> Description: FL50x8 -> Group: FL (from Lid-2.iam)
2026-01-13 21:49:19 | ANALYZE: DUPLICATE PART SKIPPED - C-FL7.ipt (already processed)
2026-01-13 21:49:19 | ANALYZE: DUPLICATE PART SKIPPED - C-FL6.ipt (already processed)
2026-01-13 21:49:19 | ANALYZE: DUPLICATE PART SKIPPED - C-FL6.ipt (already processed)
2026-01-13 21:49:19 | ANALYZE: DUPLICATE PART SKIPPED - C-FL7.ipt (already processed)
2026-01-13 21:49:19 | ANALYZE: DUPLICATE PART SKIPPED - C-FL7.ipt (already processed)
2026-01-13 21:49:19 | ANALYZE: PART - C-R2.ipt -> Description: HANDLE - Ř16 ROUND BAR -> Group: OTHER (from Lid-2.iam)
2026-01-13 21:49:19 | ANALYZE: DUPLICATE PART SKIPPED - C-R2.ipt (already processed)
2026-01-13 21:49:19 | ANALYZE: DUPLICATE PART SKIPPED - C-R2.ipt (already processed)
2026-01-13 21:49:19 | ANALYZE: DUPLICATE PART SKIPPED - C-R2.ipt (already processed)
2026-01-13 21:49:19 | ANALYZE: SKIPPING Bolted Connection1.iam (bolted connection assembly)
2026-01-13 21:49:19 | ANALYZE: SKIPPING Bolted Connection2.iam (bolted connection assembly)
2026-01-13 21:49:19 | ANALYZE: PART - C-PL19.ipt -> Description: PL 6mm S355JR -> Group: PL (from N1SCR04-730.iam)
2026-01-13 21:49:19 | ANALYZE: DUPLICATE PART SKIPPED - C-PL19.ipt (already processed)
2026-01-13 21:49:19 | ANALYZE: DUPLICATE PART SKIPPED - C-PL19.ipt (already processed)
2026-01-13 21:49:19 | ANALYZE: DUPLICATE PART SKIPPED - C-PL19.ipt (already processed)
2026-01-13 21:49:19 | ANALYZE: DUPLICATE PART SKIPPED - C-PL19.ipt (already processed)
2026-01-13 21:49:19 | ANALYZE: DUPLICATE PART SKIPPED - C-PL19.ipt (already processed)
2026-01-13 21:49:19 | ANALYZE: DUPLICATE PART SKIPPED - C-PL19.ipt (already processed)
2026-01-13 21:49:19 | ANALYZE: DUPLICATE PART SKIPPED - C-PL19.ipt (already processed)
2026-01-13 21:49:19 | ANALYZE: DUPLICATE PART SKIPPED - C-PL19.ipt (already processed)
2026-01-13 21:49:19 | ANALYZE: DUPLICATE PART SKIPPED - C-PL19.ipt (already processed)
2026-01-13 21:49:19 | ANALYZE: DUPLICATE PART SKIPPED - C-PL19.ipt (already processed)
2026-01-13 21:49:19 | ANALYZE: DUPLICATE PART SKIPPED - C-PL19.ipt (already processed)
2026-01-13 21:49:19 | ANALYZE: DUPLICATE PART SKIPPED - C-PL19.ipt (already processed)
2026-01-13 21:49:19 | ANALYZE: DUPLICATE PART SKIPPED - C-PL19.ipt (already processed)
2026-01-13 21:49:19 | ANALYZE: DUPLICATE PART SKIPPED - C-PL19.ipt (already processed)
2026-01-13 21:49:19 | ANALYZE: DUPLICATE PART SKIPPED - C-PL19.ipt (already processed)
2026-01-13 21:49:19 | ANALYZE: DUPLICATE PART SKIPPED - C-PL19.ipt (already processed)
2026-01-13 21:49:19 | ANALYZE: DUPLICATE PART SKIPPED - C-PL19.ipt (already processed)
2026-01-13 21:49:19 | ANALYZE: DUPLICATE PART SKIPPED - C-PL19.ipt (already processed)
2026-01-13 21:49:19 | ANALYZE: DUPLICATE PART SKIPPED - C-PL19.ipt (already processed)
2026-01-13 21:49:19 | ANALYZE: DUPLICATE PART SKIPPED - C-PL19.ipt (already processed)
2026-01-13 21:49:19 | ANALYZE: DUPLICATE PART SKIPPED - C-PL19.ipt (already processed)
2026-01-13 21:49:19 | ANALYZE: DUPLICATE PART SKIPPED - C-PL19.ipt (already processed)
2026-01-13 21:49:19 | ANALYZE: DUPLICATE PART SKIPPED - C-PL19.ipt (already processed)
2026-01-13 21:49:19 | ANALYZE: DUPLICATE PART SKIPPED - C-PL19.ipt (already processed)
2026-01-13 21:49:19 | ANALYZE: DUPLICATE PART SKIPPED - C-PL19.ipt (already processed)
2026-01-13 21:49:19 | ANALYZE: DUPLICATE PART SKIPPED - C-PL19.ipt (already processed)
2026-01-13 21:49:19 | ANALYZE: DUPLICATE PART SKIPPED - C-PL19.ipt (already processed)
2026-01-13 21:49:19 | ANALYZE: DUPLICATE PART SKIPPED - C-PL19.ipt (already processed)
2026-01-13 21:49:19 | ANALYZE: DUPLICATE PART SKIPPED - C-PL19.ipt (already processed)
2026-01-13 21:49:19 | ANALYZE: DUPLICATE PART SKIPPED - C-PL19.ipt (already processed)
2026-01-13 21:49:19 | ANALYZE: DUPLICATE PART SKIPPED - C-PL19.ipt (already processed)
2026-01-13 21:49:19 | ANALYZE: DUPLICATE PART SKIPPED - C-PL19.ipt (already processed)
2026-01-13 21:49:19 | ANALYZE: DUPLICATE PART SKIPPED - C-PL19.ipt (already processed)
2026-01-13 21:49:19 | ANALYZE: DUPLICATE PART SKIPPED - C-PL19.ipt (already processed)
2026-01-13 21:49:19 | ANALYZE: DUPLICATE PART SKIPPED - C-PL19.ipt (already processed)
2026-01-13 21:49:19 | ANALYZE: Recursive processing completed - Total unique parts processed: 44
2026-01-13 21:49:19 | ANALYZE: Created 6 component groups
2026-01-13 21:49:19 | DEBUG GROUP: 'PL' contains 19 components:
2026-01-13 21:49:19 |   - C:\Users\Quintin\Documents\Spectiv\3. Working\22. DMS plant\21. SSCR04 - Primary Floats D&R Screen Station\730 CM Head Box\Head box\C-PL1.ipt
2026-01-13 21:49:19 |   - C:\Users\Quintin\Documents\Spectiv\3. Working\22. DMS plant\21. SSCR04 - Primary Floats D&R Screen Station\730 CM Head Box\Head box\C-PL2.ipt
2026-01-13 21:49:19 |   - C:\Users\Quintin\Documents\Spectiv\3. Working\22. DMS plant\21. SSCR04 - Primary Floats D&R Screen Station\730 CM Head Box\Head box\C-PL3.ipt
2026-01-13 21:49:19 |   - C:\Users\Quintin\Documents\Spectiv\3. Working\22. DMS plant\21. SSCR04 - Primary Floats D&R Screen Station\730 CM Head Box\Head box\C-PL4.ipt
2026-01-13 21:49:19 |   - C:\Users\Quintin\Documents\Spectiv\3. Working\22. DMS plant\21. SSCR04 - Primary Floats D&R Screen Station\730 CM Head Box\Head box\C-PL5.ipt
2026-01-13 21:49:19 |   - C:\Users\Quintin\Documents\Spectiv\3. Working\22. DMS plant\21. SSCR04 - Primary Floats D&R Screen Station\730 CM Head Box\Head box\C-PL6.ipt
2026-01-13 21:49:19 |   - C:\Users\Quintin\Documents\Spectiv\3. Working\22. DMS plant\21. SSCR04 - Primary Floats D&R Screen Station\730 CM Head Box\Head box\C-PL7.ipt
2026-01-13 21:49:19 |   - C:\Users\Quintin\Documents\Spectiv\3. Working\22. DMS plant\21. SSCR04 - Primary Floats D&R Screen Station\730 CM Head Box\Head box\C-PL8.ipt
2026-01-13 21:49:19 |   - C:\Users\Quintin\Documents\Spectiv\3. Working\22. DMS plant\21. SSCR04 - Primary Floats D&R Screen Station\730 CM Head Box\Head box\C-PL9.ipt
2026-01-13 21:49:19 |   - C:\Users\Quintin\Documents\Spectiv\3. Working\22. DMS plant\21. SSCR04 - Primary Floats D&R Screen Station\730 CM Head Box\Head box\C-PL10.ipt
2026-01-13 21:49:19 |   - C:\Users\Quintin\Documents\Spectiv\3. Working\22. DMS plant\21. SSCR04 - Primary Floats D&R Screen Station\730 CM Head Box\Head box\C-PL11.ipt
2026-01-13 21:49:19 |   - C:\Users\Quintin\Documents\Spectiv\3. Working\22. DMS plant\21. SSCR04 - Primary Floats D&R Screen Station\730 CM Head Box\Head box\C-PL12.ipt
2026-01-13 21:49:19 |   - C:\Users\Quintin\Documents\Spectiv\3. Working\22. DMS plant\21. SSCR04 - Primary Floats D&R Screen Station\730 CM Head Box\Head box\C-PL13.ipt
2026-01-13 21:49:19 |   - C:\Users\Quintin\Documents\Spectiv\3. Working\22. DMS plant\21. SSCR04 - Primary Floats D&R Screen Station\730 CM Head Box\Head box\C-PL14.ipt
2026-01-13 21:49:19 |   - C:\Users\Quintin\Documents\Spectiv\3. Working\22. DMS plant\21. SSCR04 - Primary Floats D&R Screen Station\730 CM Head Box\Head box\C-PL15.ipt
2026-01-13 21:49:19 |   - C:\Users\Quintin\Documents\Spectiv\3. Working\22. DMS plant\21. SSCR04 - Primary Floats D&R Screen Station\730 CM Head Box\Head box\C-PL16.ipt
2026-01-13 21:49:19 |   - C:\Users\Quintin\Documents\Spectiv\3. Working\22. DMS plant\21. SSCR04 - Primary Floats D&R Screen Station\730 CM Head Box\Head box\C-PL17.ipt
2026-01-13 21:49:19 |   - C:\Users\Quintin\Documents\Spectiv\3. Working\22. DMS plant\21. SSCR04 - Primary Floats D&R Screen Station\730 CM Head Box\Unrenamed Parts\C-PL18.ipt
2026-01-13 21:49:19 |   - C:\Users\Quintin\Documents\Spectiv\3. Working\22. DMS plant\21. SSCR04 - Primary Floats D&R Screen Station\730 CM Head Box\Head box\C-PL19.ipt
2026-01-13 21:49:19 | DEBUG GROUP: 'P' contains 3 components:
2026-01-13 21:49:19 |   - C:\Users\Quintin\Documents\Spectiv\3. Working\22. DMS plant\21. SSCR04 - Primary Floats D&R Screen Station\730 CM Head Box\Head box\C-P1.ipt
2026-01-13 21:49:19 |   - C:\Users\Quintin\Documents\Spectiv\3. Working\22. DMS plant\21. SSCR04 - Primary Floats D&R Screen Station\730 CM Head Box\Head box\C-P2.ipt
2026-01-13 21:49:19 |   - C:\Users\Quintin\Documents\Spectiv\3. Working\22. DMS plant\21. SSCR04 - Primary Floats D&R Screen Station\730 CM Head Box\Head box\C-P3.ipt
2026-01-13 21:49:19 | DEBUG GROUP: 'FLG' contains 3 components:
2026-01-13 21:49:19 |   - C:\Users\Quintin\Documents\Spectiv\3. Working\22. DMS plant\21. SSCR04 - Primary Floats D&R Screen Station\730 CM Head Box\Head box\C-FLG1.ipt
2026-01-13 21:49:19 |   - C:\Users\Quintin\Documents\Spectiv\3. Working\22. DMS plant\21. SSCR04 - Primary Floats D&R Screen Station\730 CM Head Box\Head box\C-FLG2.ipt
2026-01-13 21:49:19 |   - C:\Users\Quintin\Documents\Spectiv\3. Working\22. DMS plant\21. SSCR04 - Primary Floats D&R Screen Station\730 CM Head Box\Head box\C-FLG3.ipt
2026-01-13 21:49:19 | DEBUG GROUP: 'A' contains 10 components:
2026-01-13 21:49:19 |   - C:\Users\Quintin\Documents\Spectiv\3. Working\22. DMS plant\21. SSCR04 - Primary Floats D&R Screen Station\730 CM Head Box\Head box\C-A1.ipt
2026-01-13 21:49:19 |   - C:\Users\Quintin\Documents\Spectiv\3. Working\22. DMS plant\21. SSCR04 - Primary Floats D&R Screen Station\730 CM Head Box\Head box\C-A2.ipt
2026-01-13 21:49:19 |   - C:\Users\Quintin\Documents\Spectiv\3. Working\22. DMS plant\21. SSCR04 - Primary Floats D&R Screen Station\730 CM Head Box\Head box\C-A3.ipt
2026-01-13 21:49:19 |   - C:\Users\Quintin\Documents\Spectiv\3. Working\22. DMS plant\21. SSCR04 - Primary Floats D&R Screen Station\730 CM Head Box\Head box\C-A4.ipt
2026-01-13 21:49:19 |   - C:\Users\Quintin\Documents\Spectiv\3. Working\22. DMS plant\21. SSCR04 - Primary Floats D&R Screen Station\730 CM Head Box\Head box\C-A5.ipt
2026-01-13 21:49:19 |   - C:\Users\Quintin\Documents\Spectiv\3. Working\22. DMS plant\21. SSCR04 - Primary Floats D&R Screen Station\730 CM Head Box\Head box\C-A6.ipt
2026-01-13 21:49:19 |   - C:\Users\Quintin\Documents\Spectiv\3. Working\22. DMS plant\21. SSCR04 - Primary Floats D&R Screen Station\730 CM Head Box\Head box\C-A7.ipt
2026-01-13 21:49:19 |   - C:\Users\Quintin\Documents\Spectiv\3. Working\22. DMS plant\21. SSCR04 - Primary Floats D&R Screen Station\730 CM Head Box\Head box\C-A8.ipt
2026-01-13 21:49:19 |   - C:\Users\Quintin\Documents\Spectiv\3. Working\22. DMS plant\21. SSCR04 - Primary Floats D&R Screen Station\730 CM Head Box\Head box\C-A9.ipt
2026-01-13 21:49:19 |   - C:\Users\Quintin\Documents\Spectiv\3. Working\22. DMS plant\21. SSCR04 - Primary Floats D&R Screen Station\730 CM Head Box\Head box\C-A10.ipt
2026-01-13 21:49:19 | DEBUG GROUP: 'FL' contains 7 components:
2026-01-13 21:49:19 |   - C:\Users\Quintin\Documents\Spectiv\3. Working\22. DMS plant\21. SSCR04 - Primary Floats D&R Screen Station\730 CM Head Box\Head box\C-FL1.ipt
2026-01-13 21:49:19 |   - C:\Users\Quintin\Documents\Spectiv\3. Working\22. DMS plant\21. SSCR04 - Primary Floats D&R Screen Station\730 CM Head Box\Head box\C-FL2.ipt
2026-01-13 21:49:19 |   - C:\Users\Quintin\Documents\Spectiv\3. Working\22. DMS plant\21. SSCR04 - Primary Floats D&R Screen Station\730 CM Head Box\Head box\C-FL3.ipt
2026-01-13 21:49:19 |   - C:\Users\Quintin\Documents\Spectiv\3. Working\22. DMS plant\21. SSCR04 - Primary Floats D&R Screen Station\730 CM Head Box\Head box\C-FL4.ipt
2026-01-13 21:49:19 |   - C:\Users\Quintin\Documents\Spectiv\3. Working\22. DMS plant\21. SSCR04 - Primary Floats D&R Screen Station\730 CM Head Box\Head box\C-FL5.ipt
2026-01-13 21:49:19 |   - C:\Users\Quintin\Documents\Spectiv\3. Working\22. DMS plant\21. SSCR04 - Primary Floats D&R Screen Station\730 CM Head Box\Head box\C-FL6.ipt
2026-01-13 21:49:19 |   - C:\Users\Quintin\Documents\Spectiv\3. Working\22. DMS plant\21. SSCR04 - Primary Floats D&R Screen Station\730 CM Head Box\Head box\C-FL7.ipt
2026-01-13 21:49:19 | DEBUG GROUP: 'OTHER' contains 2 components:
2026-01-13 21:49:19 |   - C:\Users\Quintin\Documents\Spectiv\3. Working\22. DMS plant\21. SSCR04 - Primary Floats D&R Screen Station\730 CM Head Box\Head box\C-R1.ipt
2026-01-13 21:49:19 |   - C:\Users\Quintin\Documents\Spectiv\3. Working\22. DMS plant\21. SSCR04 - Primary Floats D&R Screen Station\730 CM Head Box\Head box\C-R2.ipt
2026-01-13 21:49:19 | STEP 3: Getting plant section naming convention
2026-01-13 21:49:19 | PLANT: Getting plant section naming convention from user
2026-01-13 21:49:22 | PLANT: Using custom naming convention: N1SCR04-730-
2026-01-13 21:49:23 | STEP 4: Showing component groups summary
2026-01-13 21:49:23 | SUMMARY: Showing component groups to user
2026-01-13 21:49:24 | SUMMARY: User approved component groups
2026-01-13 21:49:24 | STEP 5: Getting user naming schemes for component groups
2026-01-13 21:49:24 | INPUT: Getting user naming schemes for 6 groups
2026-01-13 21:49:25 | INPUT: Group 'PL' -> Scheme: N1SCR04-730-PL{N}
2026-01-13 21:49:26 | INPUT: Group 'P' -> Scheme: N1SCR04-730-P{N}
2026-01-13 21:49:27 | INPUT: Group 'FLG' -> Scheme: N1SCR04-730-FLG{N}
2026-01-13 21:49:28 | INPUT: Group 'A' -> Scheme: N1SCR04-730-A{N}
2026-01-13 21:49:29 | INPUT: Group 'FL' -> Scheme: N1SCR04-730-FL{N}
2026-01-13 21:49:33 | INPUT: Group 'OTHER' -> Scheme: N1SCR04-730-R{N}
2026-01-13 21:49:33 | STEP 6: Creating heritage-based copies with user naming
2026-01-13 21:49:33 | HERITAGE: Creating dynamic heritage-based copies
2026-01-13 21:49:33 | HERITAGE: Scanning mapping file for existing heritage files to continue numbering
2026-01-13 21:49:33 | SCAN: Scanning Registry for existing counters to continue numbering with prefix: N1SCR04-730-
2026-01-13 21:49:33 | SCAN: No existing counter for: N1SCR04-730-CH (will start from 1)
2026-01-13 21:49:33 | SCAN: No existing counter for: N1SCR04-730-PL (will start from 1)
2026-01-13 21:49:33 | SCAN: No existing counter for: N1SCR04-730-B (will start from 1)
2026-01-13 21:49:33 | SCAN: No existing counter for: N1SCR04-730-A (will start from 1)
2026-01-13 21:49:33 | SCAN: No existing counter for: N1SCR04-730-P (will start from 1)
2026-01-13 21:49:33 | SCAN: No existing counter for: N1SCR04-730-SQ (will start from 1)
2026-01-13 21:49:33 | SCAN: No existing counter for: N1SCR04-730-FL (will start from 1)
2026-01-13 21:49:33 | SCAN: No existing counter for: N1SCR04-730-LPL (will start from 1)
2026-01-13 21:49:33 | SCAN: No existing counter for: N1SCR04-730-IPE (will start from 1)
2026-01-13 21:49:33 | SCAN: No existing counter for: N1SCR04-730-OTHER (will start from 1)
2026-01-13 21:49:33 | SCAN: No existing counters found in Registry - starting fresh
2026-01-13 21:49:33 | EXTRACT: Processing naming scheme: N1SCR04-730-PL{N}
2026-01-13 21:49:33 | EXTRACT: Extracted prefix: 'N1SCR04-730-'
2026-01-13 21:49:33 | HERITAGE: Checking for existing counter with key: 'N1SCR04-730-PL'
2026-01-13 21:49:33 | HERITAGE: Group 'PL' starting from number 1 (new prefix or group - key 'N1SCR04-730-PL' not found)
2026-01-13 21:49:33 | HERITAGE: DEBUG - No existing counters found
2026-01-13 21:49:33 | HERITAGE: Processing group 'PL' with scheme: N1SCR04-730-PL{N}
2026-01-13 21:49:33 | HERITAGE: C-PL1.ipt -> N1SCR04-730-PL1.ipt
2026-01-13 21:49:33 | MAPPING: C:\Users\Quintin\Documents\Spectiv\3. Working\22. DMS plant\21. SSCR04 - Primary Floats D&R Screen Station\730 CM Head Box\Head box\C-PL1.ipt -> C:\Users\Quintin\Documents\Spectiv\3. Working\22. DMS plant\21. SSCR04 - Primary Floats D&R Screen Station\730 CM Head Box\Head box\N1SCR04-730-PL1.ipt
2026-01-13 21:49:33 | HERITAGE: File already exists: N1SCR04-730-PL1.ipt (mapping still recorded)
2026-01-13 21:49:33 | HERITAGE: C-PL2.ipt -> N1SCR04-730-PL2.ipt
2026-01-13 21:49:33 | MAPPING: C:\Users\Quintin\Documents\Spectiv\3. Working\22. DMS plant\21. SSCR04 - Primary Floats D&R Screen Station\730 CM Head Box\Head box\C-PL2.ipt -> C:\Users\Quintin\Documents\Spectiv\3. Working\22. DMS plant\21. SSCR04 - Primary Floats D&R Screen Station\730 CM Head Box\Head box\N1SCR04-730-PL2.ipt
2026-01-13 21:49:33 | HERITAGE: File already exists: N1SCR04-730-PL2.ipt (mapping still recorded)
2026-01-13 21:49:33 | HERITAGE: C-PL3.ipt -> N1SCR04-730-PL3.ipt
2026-01-13 21:49:33 | MAPPING: C:\Users\Quintin\Documents\Spectiv\3. Working\22. DMS plant\21. SSCR04 - Primary Floats D&R Screen Station\730 CM Head Box\Head box\C-PL3.ipt -> C:\Users\Quintin\Documents\Spectiv\3. Working\22. DMS plant\21. SSCR04 - Primary Floats D&R Screen Station\730 CM Head Box\Head box\N1SCR04-730-PL3.ipt
2026-01-13 21:49:33 | HERITAGE: File already exists: N1SCR04-730-PL3.ipt (mapping still recorded)
2026-01-13 21:49:33 | HERITAGE: C-PL4.ipt -> N1SCR04-730-PL4.ipt
2026-01-13 21:49:33 | MAPPING: C:\Users\Quintin\Documents\Spectiv\3. Working\22. DMS plant\21. SSCR04 - Primary Floats D&R Screen Station\730 CM Head Box\Head box\C-PL4.ipt -> C:\Users\Quintin\Documents\Spectiv\3. Working\22. DMS plant\21. SSCR04 - Primary Floats D&R Screen Station\730 CM Head Box\Head box\N1SCR04-730-PL4.ipt
2026-01-13 21:49:33 | HERITAGE: File already exists: N1SCR04-730-PL4.ipt (mapping still recorded)
2026-01-13 21:49:33 | HERITAGE: C-PL5.ipt -> N1SCR04-730-PL5.ipt
2026-01-13 21:49:33 | MAPPING: C:\Users\Quintin\Documents\Spectiv\3. Working\22. DMS plant\21. SSCR04 - Primary Floats D&R Screen Station\730 CM Head Box\Head box\C-PL5.ipt -> C:\Users\Quintin\Documents\Spectiv\3. Working\22. DMS plant\21. SSCR04 - Primary Floats D&R Screen Station\730 CM Head Box\Head box\N1SCR04-730-PL5.ipt
2026-01-13 21:49:33 | HERITAGE: File already exists: N1SCR04-730-PL5.ipt (mapping still recorded)
2026-01-13 21:49:33 | HERITAGE: C-PL6.ipt -> N1SCR04-730-PL6.ipt
2026-01-13 21:49:33 | MAPPING: C:\Users\Quintin\Documents\Spectiv\3. Working\22. DMS plant\21. SSCR04 - Primary Floats D&R Screen Station\730 CM Head Box\Head box\C-PL6.ipt -> C:\Users\Quintin\Documents\Spectiv\3. Working\22. DMS plant\21. SSCR04 - Primary Floats D&R Screen Station\730 CM Head Box\Head box\N1SCR04-730-PL6.ipt
2026-01-13 21:49:33 | HERITAGE: File already exists: N1SCR04-730-PL6.ipt (mapping still recorded)
2026-01-13 21:49:33 | HERITAGE: C-PL7.ipt -> N1SCR04-730-PL7.ipt
2026-01-13 21:49:33 | MAPPING: C:\Users\Quintin\Documents\Spectiv\3. Working\22. DMS plant\21. SSCR04 - Primary Floats D&R Screen Station\730 CM Head Box\Head box\C-PL7.ipt -> C:\Users\Quintin\Documents\Spectiv\3. Working\22. DMS plant\21. SSCR04 - Primary Floats D&R Screen Station\730 CM Head Box\Head box\N1SCR04-730-PL7.ipt
2026-01-13 21:49:33 | HERITAGE: File already exists: N1SCR04-730-PL7.ipt (mapping still recorded)
2026-01-13 21:49:33 | HERITAGE: C-PL8.ipt -> N1SCR04-730-PL8.ipt
2026-01-13 21:49:33 | MAPPING: C:\Users\Quintin\Documents\Spectiv\3. Working\22. DMS plant\21. SSCR04 - Primary Floats D&R Screen Station\730 CM Head Box\Head box\C-PL8.ipt -> C:\Users\Quintin\Documents\Spectiv\3. Working\22. DMS plant\21. SSCR04 - Primary Floats D&R Screen Station\730 CM Head Box\Head box\N1SCR04-730-PL8.ipt
2026-01-13 21:49:33 | HERITAGE: File already exists: N1SCR04-730-PL8.ipt (mapping still recorded)
2026-01-13 21:49:33 | HERITAGE: C-PL9.ipt -> N1SCR04-730-PL9.ipt
2026-01-13 21:49:33 | MAPPING: C:\Users\Quintin\Documents\Spectiv\3. Working\22. DMS plant\21. SSCR04 - Primary Floats D&R Screen Station\730 CM Head Box\Head box\C-PL9.ipt -> C:\Users\Quintin\Documents\Spectiv\3. Working\22. DMS plant\21. SSCR04 - Primary Floats D&R Screen Station\730 CM Head Box\Head box\N1SCR04-730-PL9.ipt
2026-01-13 21:49:33 | HERITAGE: File already exists: N1SCR04-730-PL9.ipt (mapping still recorded)
2026-01-13 21:49:33 | HERITAGE: C-PL10.ipt -> N1SCR04-730-PL10.ipt
2026-01-13 21:49:33 | MAPPING: C:\Users\Quintin\Documents\Spectiv\3. Working\22. DMS plant\21. SSCR04 - Primary Floats D&R Screen Station\730 CM Head Box\Head box\C-PL10.ipt -> C:\Users\Quintin\Documents\Spectiv\3. Working\22. DMS plant\21. SSCR04 - Primary Floats D&R Screen Station\730 CM Head Box\Head box\N1SCR04-730-PL10.ipt
2026-01-13 21:49:33 | HERITAGE: File already exists: N1SCR04-730-PL10.ipt (mapping still recorded)
2026-01-13 21:49:33 | HERITAGE: C-PL11.ipt -> N1SCR04-730-PL11.ipt
2026-01-13 21:49:33 | MAPPING: C:\Users\Quintin\Documents\Spectiv\3. Working\22. DMS plant\21. SSCR04 - Primary Floats D&R Screen Station\730 CM Head Box\Head box\C-PL11.ipt -> C:\Users\Quintin\Documents\Spectiv\3. Working\22. DMS plant\21. SSCR04 - Primary Floats D&R Screen Station\730 CM Head Box\Head box\N1SCR04-730-PL11.ipt
2026-01-13 21:49:33 | HERITAGE: File already exists: N1SCR04-730-PL11.ipt (mapping still recorded)
2026-01-13 21:49:33 | HERITAGE: C-PL12.ipt -> N1SCR04-730-PL12.ipt
2026-01-13 21:49:33 | MAPPING: C:\Users\Quintin\Documents\Spectiv\3. Working\22. DMS plant\21. SSCR04 - Primary Floats D&R Screen Station\730 CM Head Box\Head box\C-PL12.ipt -> C:\Users\Quintin\Documents\Spectiv\3. Working\22. DMS plant\21. SSCR04 - Primary Floats D&R Screen Station\730 CM Head Box\Head box\N1SCR04-730-PL12.ipt
2026-01-13 21:49:33 | HERITAGE: File already exists: N1SCR04-730-PL12.ipt (mapping still recorded)
2026-01-13 21:49:33 | HERITAGE: C-PL13.ipt -> N1SCR04-730-PL13.ipt
2026-01-13 21:49:33 | MAPPING: C:\Users\Quintin\Documents\Spectiv\3. Working\22. DMS plant\21. SSCR04 - Primary Floats D&R Screen Station\730 CM Head Box\Head box\C-PL13.ipt -> C:\Users\Quintin\Documents\Spectiv\3. Working\22. DMS plant\21. SSCR04 - Primary Floats D&R Screen Station\730 CM Head Box\Head box\N1SCR04-730-PL13.ipt
2026-01-13 21:49:33 | HERITAGE: File already exists: N1SCR04-730-PL13.ipt (mapping still recorded)
2026-01-13 21:49:33 | HERITAGE: C-PL14.ipt -> N1SCR04-730-PL14.ipt
2026-01-13 21:49:33 | MAPPING: C:\Users\Quintin\Documents\Spectiv\3. Working\22. DMS plant\21. SSCR04 - Primary Floats D&R Screen Station\730 CM Head Box\Head box\C-PL14.ipt -> C:\Users\Quintin\Documents\Spectiv\3. Working\22. DMS plant\21. SSCR04 - Primary Floats D&R Screen Station\730 CM Head Box\Head box\N1SCR04-730-PL14.ipt
2026-01-13 21:49:33 | HERITAGE: File already exists: N1SCR04-730-PL14.ipt (mapping still recorded)
2026-01-13 21:49:33 | HERITAGE: C-PL15.ipt -> N1SCR04-730-PL15.ipt
2026-01-13 21:49:33 | MAPPING: C:\Users\Quintin\Documents\Spectiv\3. Working\22. DMS plant\21. SSCR04 - Primary Floats D&R Screen Station\730 CM Head Box\Head box\C-PL15.ipt -> C:\Users\Quintin\Documents\Spectiv\3. Working\22. DMS plant\21. SSCR04 - Primary Floats D&R Screen Station\730 CM Head Box\Head box\N1SCR04-730-PL15.ipt
2026-01-13 21:49:33 | HERITAGE: File already exists: N1SCR04-730-PL15.ipt (mapping still recorded)
2026-01-13 21:49:33 | HERITAGE: C-PL16.ipt -> N1SCR04-730-PL16.ipt
2026-01-13 21:49:33 | MAPPING: C:\Users\Quintin\Documents\Spectiv\3. Working\22. DMS plant\21. SSCR04 - Primary Floats D&R Screen Station\730 CM Head Box\Head box\C-PL16.ipt -> C:\Users\Quintin\Documents\Spectiv\3. Working\22. DMS plant\21. SSCR04 - Primary Floats D&R Screen Station\730 CM Head Box\Head box\N1SCR04-730-PL16.ipt
2026-01-13 21:49:33 | HERITAGE: File already exists: N1SCR04-730-PL16.ipt (mapping still recorded)
2026-01-13 21:49:33 | HERITAGE: C-PL17.ipt -> N1SCR04-730-PL17.ipt
2026-01-13 21:49:33 | MAPPING: C:\Users\Quintin\Documents\Spectiv\3. Working\22. DMS plant\21. SSCR04 - Primary Floats D&R Screen Station\730 CM Head Box\Head box\C-PL17.ipt -> C:\Users\Quintin\Documents\Spectiv\3. Working\22. DMS plant\21. SSCR04 - Primary Floats D&R Screen Station\730 CM Head Box\Head box\N1SCR04-730-PL17.ipt
2026-01-13 21:49:33 | HERITAGE: Creating new file: N1SCR04-730-PL17.ipt
2026-01-13 21:49:33 | HERITAGE: SUCCESS - Created N1SCR04-730-PL17.ipt
2026-01-13 21:49:33 | HERITAGE: C-PL18.ipt -> N1SCR04-730-PL18.ipt
2026-01-13 21:49:33 | MAPPING: C:\Users\Quintin\Documents\Spectiv\3. Working\22. DMS plant\21. SSCR04 - Primary Floats D&R Screen Station\730 CM Head Box\Unrenamed Parts\C-PL18.ipt -> C:\Users\Quintin\Documents\Spectiv\3. Working\22. DMS plant\21. SSCR04 - Primary Floats D&R Screen Station\730 CM Head Box\Unrenamed Parts\N1SCR04-730-PL18.ipt
2026-01-13 21:49:33 | HERITAGE: Creating new file: N1SCR04-730-PL18.ipt
2026-01-13 21:49:33 | HERITAGE: SUCCESS - Created N1SCR04-730-PL18.ipt
2026-01-13 21:49:33 | HERITAGE: C-PL19.ipt -> N1SCR04-730-PL19.ipt
2026-01-13 21:49:33 | MAPPING: C:\Users\Quintin\Documents\Spectiv\3. Working\22. DMS plant\21. SSCR04 - Primary Floats D&R Screen Station\730 CM Head Box\Head box\C-PL19.ipt -> C:\Users\Quintin\Documents\Spectiv\3. Working\22. DMS plant\21. SSCR04 - Primary Floats D&R Screen Station\730 CM Head Box\Head box\N1SCR04-730-PL19.ipt
2026-01-13 21:49:33 | HERITAGE: File already exists: N1SCR04-730-PL19.ipt (mapping still recorded)
2026-01-13 21:49:33 | REGISTRY: Saved N1SCR04-730-PL = 19
2026-01-13 21:49:33 | EXTRACT: Processing naming scheme: N1SCR04-730-P{N}
2026-01-13 21:49:33 | EXTRACT: Extracted prefix: 'N1SCR04-730-'
2026-01-13 21:49:33 | HERITAGE: Checking for existing counter with key: 'N1SCR04-730-P'
2026-01-13 21:49:33 | HERITAGE: Group 'P' starting from number 1 (new prefix or group - key 'N1SCR04-730-P' not found)
2026-01-13 21:49:33 | HERITAGE: DEBUG - No existing counters found
2026-01-13 21:49:33 | HERITAGE: Processing group 'P' with scheme: N1SCR04-730-P{N}
2026-01-13 21:49:33 | HERITAGE: C-P1.ipt -> N1SCR04-730-P1.ipt
2026-01-13 21:49:33 | MAPPING: C:\Users\Quintin\Documents\Spectiv\3. Working\22. DMS plant\21. SSCR04 - Primary Floats D&R Screen Station\730 CM Head Box\Head box\C-P1.ipt -> C:\Users\Quintin\Documents\Spectiv\3. Working\22. DMS plant\21. SSCR04 - Primary Floats D&R Screen Station\730 CM Head Box\Head box\N1SCR04-730-P1.ipt
2026-01-13 21:49:33 | HERITAGE: Creating new file: N1SCR04-730-P1.ipt
2026-01-13 21:49:33 | HERITAGE: SUCCESS - Created N1SCR04-730-P1.ipt
2026-01-13 21:49:33 | HERITAGE: C-P2.ipt -> N1SCR04-730-P2.ipt
2026-01-13 21:49:33 | MAPPING: C:\Users\Quintin\Documents\Spectiv\3. Working\22. DMS plant\21. SSCR04 - Primary Floats D&R Screen Station\730 CM Head Box\Head box\C-P2.ipt -> C:\Users\Quintin\Documents\Spectiv\3. Working\22. DMS plant\21. SSCR04 - Primary Floats D&R Screen Station\730 CM Head Box\Head box\N1SCR04-730-P2.ipt
2026-01-13 21:49:33 | HERITAGE: Creating new file: N1SCR04-730-P2.ipt
2026-01-13 21:49:33 | HERITAGE: SUCCESS - Created N1SCR04-730-P2.ipt
2026-01-13 21:49:34 | HERITAGE: C-P3.ipt -> N1SCR04-730-P3.ipt
2026-01-13 21:49:34 | MAPPING: C:\Users\Quintin\Documents\Spectiv\3. Working\22. DMS plant\21. SSCR04 - Primary Floats D&R Screen Station\730 CM Head Box\Head box\C-P3.ipt -> C:\Users\Quintin\Documents\Spectiv\3. Working\22. DMS plant\21. SSCR04 - Primary Floats D&R Screen Station\730 CM Head Box\Head box\N1SCR04-730-P3.ipt
2026-01-13 21:49:34 | HERITAGE: Creating new file: N1SCR04-730-P3.ipt
2026-01-13 21:49:34 | HERITAGE: SUCCESS - Created N1SCR04-730-P3.ipt
2026-01-13 21:49:34 | REGISTRY: Saved N1SCR04-730-P = 3
2026-01-13 21:49:34 | EXTRACT: Processing naming scheme: N1SCR04-730-FLG{N}
2026-01-13 21:49:34 | EXTRACT: Extracted prefix: 'N1SCR04-730-'
2026-01-13 21:49:34 | HERITAGE: Checking for existing counter with key: 'N1SCR04-730-FLG'
2026-01-13 21:49:34 | HERITAGE: Group 'FLG' starting from number 1 (new prefix or group - key 'N1SCR04-730-FLG' not found)
2026-01-13 21:49:34 | HERITAGE: DEBUG - No existing counters found
2026-01-13 21:49:34 | HERITAGE: Processing group 'FLG' with scheme: N1SCR04-730-FLG{N}
2026-01-13 21:49:34 | HERITAGE: C-FLG1.ipt -> N1SCR04-730-FLG1.ipt
2026-01-13 21:49:34 | MAPPING: C:\Users\Quintin\Documents\Spectiv\3. Working\22. DMS plant\21. SSCR04 - Primary Floats D&R Screen Station\730 CM Head Box\Head box\C-FLG1.ipt -> C:\Users\Quintin\Documents\Spectiv\3. Working\22. DMS plant\21. SSCR04 - Primary Floats D&R Screen Station\730 CM Head Box\Head box\N1SCR04-730-FLG1.ipt
2026-01-13 21:49:34 | HERITAGE: File already exists: N1SCR04-730-FLG1.ipt (mapping still recorded)
2026-01-13 21:49:34 | HERITAGE: C-FLG2.ipt -> N1SCR04-730-FLG2.ipt
2026-01-13 21:49:34 | MAPPING: C:\Users\Quintin\Documents\Spectiv\3. Working\22. DMS plant\21. SSCR04 - Primary Floats D&R Screen Station\730 CM Head Box\Head box\C-FLG2.ipt -> C:\Users\Quintin\Documents\Spectiv\3. Working\22. DMS plant\21. SSCR04 - Primary Floats D&R Screen Station\730 CM Head Box\Head box\N1SCR04-730-FLG2.ipt
2026-01-13 21:49:34 | HERITAGE: File already exists: N1SCR04-730-FLG2.ipt (mapping still recorded)
2026-01-13 21:49:34 | HERITAGE: C-FLG3.ipt -> N1SCR04-730-FLG3.ipt
2026-01-13 21:49:34 | MAPPING: C:\Users\Quintin\Documents\Spectiv\3. Working\22. DMS plant\21. SSCR04 - Primary Floats D&R Screen Station\730 CM Head Box\Head box\C-FLG3.ipt -> C:\Users\Quintin\Documents\Spectiv\3. Working\22. DMS plant\21. SSCR04 - Primary Floats D&R Screen Station\730 CM Head Box\Head box\N1SCR04-730-FLG3.ipt
2026-01-13 21:49:34 | HERITAGE: File already exists: N1SCR04-730-FLG3.ipt (mapping still recorded)
2026-01-13 21:49:34 | REGISTRY: Saved N1SCR04-730-FLG = 3
2026-01-13 21:49:34 | EXTRACT: Processing naming scheme: N1SCR04-730-A{N}
2026-01-13 21:49:34 | EXTRACT: Extracted prefix: 'N1SCR04-730-'
2026-01-13 21:49:34 | HERITAGE: Checking for existing counter with key: 'N1SCR04-730-A'
2026-01-13 21:49:34 | HERITAGE: Group 'A' starting from number 1 (new prefix or group - key 'N1SCR04-730-A' not found)
2026-01-13 21:49:34 | HERITAGE: DEBUG - No existing counters found
2026-01-13 21:49:34 | HERITAGE: Processing group 'A' with scheme: N1SCR04-730-A{N}
2026-01-13 21:49:34 | HERITAGE: C-A1.ipt -> N1SCR04-730-A1.ipt
2026-01-13 21:49:34 | MAPPING: C:\Users\Quintin\Documents\Spectiv\3. Working\22. DMS plant\21. SSCR04 - Primary Floats D&R Screen Station\730 CM Head Box\Head box\C-A1.ipt -> C:\Users\Quintin\Documents\Spectiv\3. Working\22. DMS plant\21. SSCR04 - Primary Floats D&R Screen Station\730 CM Head Box\Head box\N1SCR04-730-A1.ipt
2026-01-13 21:49:34 | HERITAGE: File already exists: N1SCR04-730-A1.ipt (mapping still recorded)
2026-01-13 21:49:34 | HERITAGE: C-A2.ipt -> N1SCR04-730-A2.ipt
2026-01-13 21:49:34 | MAPPING: C:\Users\Quintin\Documents\Spectiv\3. Working\22. DMS plant\21. SSCR04 - Primary Floats D&R Screen Station\730 CM Head Box\Head box\C-A2.ipt -> C:\Users\Quintin\Documents\Spectiv\3. Working\22. DMS plant\21. SSCR04 - Primary Floats D&R Screen Station\730 CM Head Box\Head box\N1SCR04-730-A2.ipt
2026-01-13 21:49:34 | HERITAGE: File already exists: N1SCR04-730-A2.ipt (mapping still recorded)
2026-01-13 21:49:34 | HERITAGE: C-A3.ipt -> N1SCR04-730-A3.ipt
2026-01-13 21:49:34 | MAPPING: C:\Users\Quintin\Documents\Spectiv\3. Working\22. DMS plant\21. SSCR04 - Primary Floats D&R Screen Station\730 CM Head Box\Head box\C-A3.ipt -> C:\Users\Quintin\Documents\Spectiv\3. Working\22. DMS plant\21. SSCR04 - Primary Floats D&R Screen Station\730 CM Head Box\Head box\N1SCR04-730-A3.ipt
2026-01-13 21:49:34 | HERITAGE: File already exists: N1SCR04-730-A3.ipt (mapping still recorded)
2026-01-13 21:49:34 | HERITAGE: C-A4.ipt -> N1SCR04-730-A4.ipt
2026-01-13 21:49:34 | MAPPING: C:\Users\Quintin\Documents\Spectiv\3. Working\22. DMS plant\21. SSCR04 - Primary Floats D&R Screen Station\730 CM Head Box\Head box\C-A4.ipt -> C:\Users\Quintin\Documents\Spectiv\3. Working\22. DMS plant\21. SSCR04 - Primary Floats D&R Screen Station\730 CM Head Box\Head box\N1SCR04-730-A4.ipt
2026-01-13 21:49:34 | HERITAGE: File already exists: N1SCR04-730-A4.ipt (mapping still recorded)
2026-01-13 21:49:34 | HERITAGE: C-A5.ipt -> N1SCR04-730-A5.ipt
2026-01-13 21:49:34 | MAPPING: C:\Users\Quintin\Documents\Spectiv\3. Working\22. DMS plant\21. SSCR04 - Primary Floats D&R Screen Station\730 CM Head Box\Head box\C-A5.ipt -> C:\Users\Quintin\Documents\Spectiv\3. Working\22. DMS plant\21. SSCR04 - Primary Floats D&R Screen Station\730 CM Head Box\Head box\N1SCR04-730-A5.ipt
2026-01-13 21:49:34 | HERITAGE: File already exists: N1SCR04-730-A5.ipt (mapping still recorded)
2026-01-13 21:49:34 | HERITAGE: C-A6.ipt -> N1SCR04-730-A6.ipt
2026-01-13 21:49:34 | MAPPING: C:\Users\Quintin\Documents\Spectiv\3. Working\22. DMS plant\21. SSCR04 - Primary Floats D&R Screen Station\730 CM Head Box\Head box\C-A6.ipt -> C:\Users\Quintin\Documents\Spectiv\3. Working\22. DMS plant\21. SSCR04 - Primary Floats D&R Screen Station\730 CM Head Box\Head box\N1SCR04-730-A6.ipt
2026-01-13 21:49:34 | HERITAGE: File already exists: N1SCR04-730-A6.ipt (mapping still recorded)
2026-01-13 21:49:34 | HERITAGE: C-A7.ipt -> N1SCR04-730-A7.ipt
2026-01-13 21:49:34 | MAPPING: C:\Users\Quintin\Documents\Spectiv\3. Working\22. DMS plant\21. SSCR04 - Primary Floats D&R Screen Station\730 CM Head Box\Head box\C-A7.ipt -> C:\Users\Quintin\Documents\Spectiv\3. Working\22. DMS plant\21. SSCR04 - Primary Floats D&R Screen Station\730 CM Head Box\Head box\N1SCR04-730-A7.ipt
2026-01-13 21:49:34 | HERITAGE: File already exists: N1SCR04-730-A7.ipt (mapping still recorded)
2026-01-13 21:49:34 | HERITAGE: C-A8.ipt -> N1SCR04-730-A8.ipt
2026-01-13 21:49:34 | MAPPING: C:\Users\Quintin\Documents\Spectiv\3. Working\22. DMS plant\21. SSCR04 - Primary Floats D&R Screen Station\730 CM Head Box\Head box\C-A8.ipt -> C:\Users\Quintin\Documents\Spectiv\3. Working\22. DMS plant\21. SSCR04 - Primary Floats D&R Screen Station\730 CM Head Box\Head box\N1SCR04-730-A8.ipt
2026-01-13 21:49:34 | HERITAGE: File already exists: N1SCR04-730-A8.ipt (mapping still recorded)
2026-01-13 21:49:34 | HERITAGE: C-A9.ipt -> N1SCR04-730-A9.ipt
2026-01-13 21:49:34 | MAPPING: C:\Users\Quintin\Documents\Spectiv\3. Working\22. DMS plant\21. SSCR04 - Primary Floats D&R Screen Station\730 CM Head Box\Head box\C-A9.ipt -> C:\Users\Quintin\Documents\Spectiv\3. Working\22. DMS plant\21. SSCR04 - Primary Floats D&R Screen Station\730 CM Head Box\Head box\N1SCR04-730-A9.ipt
2026-01-13 21:49:34 | HERITAGE: Creating new file: N1SCR04-730-A9.ipt
2026-01-13 21:49:34 | HERITAGE: SUCCESS - Created N1SCR04-730-A9.ipt
2026-01-13 21:49:34 | HERITAGE: C-A10.ipt -> N1SCR04-730-A10.ipt
2026-01-13 21:49:34 | MAPPING: C:\Users\Quintin\Documents\Spectiv\3. Working\22. DMS plant\21. SSCR04 - Primary Floats D&R Screen Station\730 CM Head Box\Head box\C-A10.ipt -> C:\Users\Quintin\Documents\Spectiv\3. Working\22. DMS plant\21. SSCR04 - Primary Floats D&R Screen Station\730 CM Head Box\Head box\N1SCR04-730-A10.ipt
2026-01-13 21:49:34 | HERITAGE: Creating new file: N1SCR04-730-A10.ipt
2026-01-13 21:49:34 | HERITAGE: SUCCESS - Created N1SCR04-730-A10.ipt
2026-01-13 21:49:34 | REGISTRY: Saved N1SCR04-730-A = 10
2026-01-13 21:49:34 | EXTRACT: Processing naming scheme: N1SCR04-730-FL{N}
2026-01-13 21:49:34 | EXTRACT: Extracted prefix: 'N1SCR04-730-'
2026-01-13 21:49:34 | HERITAGE: Checking for existing counter with key: 'N1SCR04-730-FL'
2026-01-13 21:49:34 | HERITAGE: Group 'FL' starting from number 1 (new prefix or group - key 'N1SCR04-730-FL' not found)
2026-01-13 21:49:34 | HERITAGE: DEBUG - No existing counters found
2026-01-13 21:49:34 | HERITAGE: Processing group 'FL' with scheme: N1SCR04-730-FL{N}
2026-01-13 21:49:34 | HERITAGE: C-FL1.ipt -> N1SCR04-730-FL1.ipt
2026-01-13 21:49:34 | MAPPING: C:\Users\Quintin\Documents\Spectiv\3. Working\22. DMS plant\21. SSCR04 - Primary Floats D&R Screen Station\730 CM Head Box\Head box\C-FL1.ipt -> C:\Users\Quintin\Documents\Spectiv\3. Working\22. DMS plant\21. SSCR04 - Primary Floats D&R Screen Station\730 CM Head Box\Head box\N1SCR04-730-FL1.ipt
2026-01-13 21:49:34 | HERITAGE: File already exists: N1SCR04-730-FL1.ipt (mapping still recorded)
2026-01-13 21:49:34 | HERITAGE: C-FL2.ipt -> N1SCR04-730-FL2.ipt
2026-01-13 21:49:34 | MAPPING: C:\Users\Quintin\Documents\Spectiv\3. Working\22. DMS plant\21. SSCR04 - Primary Floats D&R Screen Station\730 CM Head Box\Head box\C-FL2.ipt -> C:\Users\Quintin\Documents\Spectiv\3. Working\22. DMS plant\21. SSCR04 - Primary Floats D&R Screen Station\730 CM Head Box\Head box\N1SCR04-730-FL2.ipt
2026-01-13 21:49:34 | HERITAGE: Creating new file: N1SCR04-730-FL2.ipt
2026-01-13 21:49:34 | HERITAGE: SUCCESS - Created N1SCR04-730-FL2.ipt
2026-01-13 21:49:34 | HERITAGE: C-FL3.ipt -> N1SCR04-730-FL3.ipt
2026-01-13 21:49:34 | MAPPING: C:\Users\Quintin\Documents\Spectiv\3. Working\22. DMS plant\21. SSCR04 - Primary Floats D&R Screen Station\730 CM Head Box\Head box\C-FL3.ipt -> C:\Users\Quintin\Documents\Spectiv\3. Working\22. DMS plant\21. SSCR04 - Primary Floats D&R Screen Station\730 CM Head Box\Head box\N1SCR04-730-FL3.ipt
2026-01-13 21:49:34 | HERITAGE: Creating new file: N1SCR04-730-FL3.ipt
2026-01-13 21:49:34 | HERITAGE: SUCCESS - Created N1SCR04-730-FL3.ipt
2026-01-13 21:49:34 | HERITAGE: C-FL4.ipt -> N1SCR04-730-FL4.ipt
2026-01-13 21:49:34 | MAPPING: C:\Users\Quintin\Documents\Spectiv\3. Working\22. DMS plant\21. SSCR04 - Primary Floats D&R Screen Station\730 CM Head Box\Head box\C-FL4.ipt -> C:\Users\Quintin\Documents\Spectiv\3. Working\22. DMS plant\21. SSCR04 - Primary Floats D&R Screen Station\730 CM Head Box\Head box\N1SCR04-730-FL4.ipt
2026-01-13 21:49:34 | HERITAGE: Creating new file: N1SCR04-730-FL4.ipt
2026-01-13 21:49:34 | HERITAGE: SUCCESS - Created N1SCR04-730-FL4.ipt
2026-01-13 21:49:35 | HERITAGE: C-FL5.ipt -> N1SCR04-730-FL5.ipt
2026-01-13 21:49:35 | MAPPING: C:\Users\Quintin\Documents\Spectiv\3. Working\22. DMS plant\21. SSCR04 - Primary Floats D&R Screen Station\730 CM Head Box\Head box\C-FL5.ipt -> C:\Users\Quintin\Documents\Spectiv\3. Working\22. DMS plant\21. SSCR04 - Primary Floats D&R Screen Station\730 CM Head Box\Head box\N1SCR04-730-FL5.ipt
2026-01-13 21:49:35 | HERITAGE: Creating new file: N1SCR04-730-FL5.ipt
2026-01-13 21:49:35 | HERITAGE: SUCCESS - Created N1SCR04-730-FL5.ipt
2026-01-13 21:49:35 | HERITAGE: C-FL6.ipt -> N1SCR04-730-FL6.ipt
2026-01-13 21:49:35 | MAPPING: C:\Users\Quintin\Documents\Spectiv\3. Working\22. DMS plant\21. SSCR04 - Primary Floats D&R Screen Station\730 CM Head Box\Head box\C-FL6.ipt -> C:\Users\Quintin\Documents\Spectiv\3. Working\22. DMS plant\21. SSCR04 - Primary Floats D&R Screen Station\730 CM Head Box\Head box\N1SCR04-730-FL6.ipt
2026-01-13 21:49:35 | HERITAGE: Creating new file: N1SCR04-730-FL6.ipt
2026-01-13 21:49:35 | HERITAGE: SUCCESS - Created N1SCR04-730-FL6.ipt
2026-01-13 21:49:35 | HERITAGE: C-FL7.ipt -> N1SCR04-730-FL7.ipt
2026-01-13 21:49:35 | MAPPING: C:\Users\Quintin\Documents\Spectiv\3. Working\22. DMS plant\21. SSCR04 - Primary Floats D&R Screen Station\730 CM Head Box\Head box\C-FL7.ipt -> C:\Users\Quintin\Documents\Spectiv\3. Working\22. DMS plant\21. SSCR04 - Primary Floats D&R Screen Station\730 CM Head Box\Head box\N1SCR04-730-FL7.ipt
2026-01-13 21:49:35 | HERITAGE: Creating new file: N1SCR04-730-FL7.ipt
2026-01-13 21:49:35 | HERITAGE: SUCCESS - Created N1SCR04-730-FL7.ipt
2026-01-13 21:49:35 | REGISTRY: Saved N1SCR04-730-FL = 7
2026-01-13 21:49:35 | EXTRACT: Processing naming scheme: N1SCR04-730-R{N}
2026-01-13 21:49:35 | EXTRACT: Extracted prefix: 'N1SCR04-730-'
2026-01-13 21:49:35 | HERITAGE: Checking for existing counter with key: 'N1SCR04-730-OTHER'
2026-01-13 21:49:35 | HERITAGE: Group 'OTHER' starting from number 1 (new prefix or group - key 'N1SCR04-730-OTHER' not found)
2026-01-13 21:49:35 | HERITAGE: DEBUG - No existing counters found
2026-01-13 21:49:35 | HERITAGE: Processing group 'OTHER' with scheme: N1SCR04-730-R{N}
2026-01-13 21:49:35 | HERITAGE: C-R1.ipt -> N1SCR04-730-R1.ipt
2026-01-13 21:49:35 | MAPPING: C:\Users\Quintin\Documents\Spectiv\3. Working\22. DMS plant\21. SSCR04 - Primary Floats D&R Screen Station\730 CM Head Box\Head box\C-R1.ipt -> C:\Users\Quintin\Documents\Spectiv\3. Working\22. DMS plant\21. SSCR04 - Primary Floats D&R Screen Station\730 CM Head Box\Head box\N1SCR04-730-R1.ipt
2026-01-13 21:49:35 | HERITAGE: Creating new file: N1SCR04-730-R1.ipt
2026-01-13 21:49:35 | HERITAGE: SUCCESS - Created N1SCR04-730-R1.ipt
2026-01-13 21:49:35 | HERITAGE: C-R2.ipt -> N1SCR04-730-R2.ipt
2026-01-13 21:49:35 | MAPPING: C:\Users\Quintin\Documents\Spectiv\3. Working\22. DMS plant\21. SSCR04 - Primary Floats D&R Screen Station\730 CM Head Box\Head box\C-R2.ipt -> C:\Users\Quintin\Documents\Spectiv\3. Working\22. DMS plant\21. SSCR04 - Primary Floats D&R Screen Station\730 CM Head Box\Head box\N1SCR04-730-R2.ipt
2026-01-13 21:49:35 | HERITAGE: Creating new file: N1SCR04-730-R2.ipt
2026-01-13 21:49:35 | HERITAGE: SUCCESS - Created N1SCR04-730-R2.ipt
2026-01-13 21:49:35 | REGISTRY: Saved N1SCR04-730-OTHER = 2
2026-01-13 21:49:35 | STEP 7: Updating assembly references
2026-01-13 21:49:35 | ASSEMBLY: Recursively updating assembly references across entire model hierarchy
2026-01-13 21:49:35 | ASSEMBLY: Updating references in - N1SCR04-730.iam (Level: ROOT)
2026-01-13 21:49:35 | ASSEMBLY: RECURSING into sub-assembly - Head Box.iam
2026-01-13 21:49:35 | ASSEMBLY: Updating references in - Head Box.iam (Level: ROOT>Head Box.iam)
2026-01-13 21:49:35 | ASSEMBLY: Replacing C-PL1.ipt -> N1SCR04-730-PL1.ipt [PL] (in Head Box.iam)
2026-01-13 21:49:35 | ASSEMBLY: SUCCESS - Updated to N1SCR04-730-PL1.ipt
2026-01-13 21:49:35 | ASSEMBLY: Replacing C-PL2.ipt -> N1SCR04-730-PL2.ipt [PL] (in Head Box.iam)
2026-01-13 21:49:36 | ASSEMBLY: SUCCESS - Updated to N1SCR04-730-PL2.ipt
2026-01-13 21:49:36 | ASSEMBLY: Replacing C-PL3.ipt -> N1SCR04-730-PL3.ipt [PL] (in Head Box.iam)
2026-01-13 21:49:36 | ASSEMBLY: SUCCESS - Updated to N1SCR04-730-PL3.ipt
2026-01-13 21:49:36 | ASSEMBLY: Replacing C-PL4.ipt -> N1SCR04-730-PL4.ipt [PL] (in Head Box.iam)
2026-01-13 21:49:36 | ASSEMBLY: SUCCESS - Updated to N1SCR04-730-PL4.ipt
2026-01-13 21:49:36 | ASSEMBLY: Replacing C-PL5.ipt -> N1SCR04-730-PL5.ipt [PL] (in Head Box.iam)
2026-01-13 21:49:36 | ASSEMBLY: SUCCESS - Updated to N1SCR04-730-PL5.ipt
2026-01-13 21:49:36 | ASSEMBLY: Replacing C-PL6.ipt -> N1SCR04-730-PL6.ipt [PL] (in Head Box.iam)
2026-01-13 21:49:36 | ASSEMBLY: SUCCESS - Updated to N1SCR04-730-PL6.ipt
2026-01-13 21:49:36 | ASSEMBLY: Replacing C-PL7.ipt -> N1SCR04-730-PL7.ipt [PL] (in Head Box.iam)
2026-01-13 21:49:36 | ASSEMBLY: SUCCESS - Updated to N1SCR04-730-PL7.ipt
2026-01-13 21:49:36 | ASSEMBLY: Replacing C-PL8.ipt -> N1SCR04-730-PL8.ipt [PL] (in Head Box.iam)
2026-01-13 21:49:36 | ASSEMBLY: SUCCESS - Updated to N1SCR04-730-PL8.ipt
2026-01-13 21:49:37 | ASSEMBLY: INFO - No mapping found for N1SCR04-730-PL8.ipt (not renamed)
2026-01-13 21:49:37 | ASSEMBLY: INFO - No mapping found for N1SCR04-730-PL8.ipt (not renamed)
2026-01-13 21:49:37 | ASSEMBLY: Replacing C-PL9.ipt -> N1SCR04-730-PL9.ipt [PL] (in Head Box.iam)
2026-01-13 21:49:37 | ASSEMBLY: SUCCESS - Updated to N1SCR04-730-PL9.ipt
2026-01-13 21:49:37 | ASSEMBLY: Replacing C-PL10.ipt -> N1SCR04-730-PL10.ipt [PL] (in Head Box.iam)
2026-01-13 21:49:37 | ASSEMBLY: SUCCESS - Updated to N1SCR04-730-PL10.ipt
2026-01-13 21:49:37 | ASSEMBLY: INFO - No mapping found for N1SCR04-730-PL10.ipt (not renamed)
2026-01-13 21:49:37 | ASSEMBLY: Replacing C-P1.ipt -> N1SCR04-730-P1.ipt [P] (in Head Box.iam)
2026-01-13 21:49:37 | ASSEMBLY: SUCCESS - Updated to N1SCR04-730-P1.ipt
2026-01-13 21:49:37 | ASSEMBLY: Replacing C-FLG1.ipt -> N1SCR04-730-FLG1.ipt [FLG] (in Head Box.iam)
2026-01-13 21:49:37 | ASSEMBLY: SUCCESS - Updated to N1SCR04-730-FLG1.ipt
2026-01-13 21:49:37 | ASSEMBLY: Replacing C-P2.ipt -> N1SCR04-730-P2.ipt [P] (in Head Box.iam)
2026-01-13 21:49:37 | ASSEMBLY: SUCCESS - Updated to N1SCR04-730-P2.ipt
2026-01-13 21:49:37 | ASSEMBLY: Replacing C-FLG2.ipt -> N1SCR04-730-FLG2.ipt [FLG] (in Head Box.iam)
2026-01-13 21:49:37 | ASSEMBLY: SUCCESS - Updated to N1SCR04-730-FLG2.ipt
2026-01-13 21:49:37 | ASSEMBLY: INFO - No mapping found for N1SCR04-730-P2.ipt (not renamed)
2026-01-13 21:49:37 | ASSEMBLY: INFO - No mapping found for N1SCR04-730-FLG2.ipt (not renamed)
2026-01-13 21:49:37 | ASSEMBLY: Replacing C-P3.ipt -> N1SCR04-730-P3.ipt [P] (in Head Box.iam)
2026-01-13 21:49:37 | ASSEMBLY: SUCCESS - Updated to N1SCR04-730-P3.ipt
2026-01-13 21:49:37 | ASSEMBLY: Replacing C-FLG3.ipt -> N1SCR04-730-FLG3.ipt [FLG] (in Head Box.iam)
2026-01-13 21:49:38 | ASSEMBLY: SUCCESS - Updated to N1SCR04-730-FLG3.ipt
2026-01-13 21:49:38 | ASSEMBLY: Replacing C-A1.ipt -> N1SCR04-730-A1.ipt [A] (in Head Box.iam)
2026-01-13 21:49:38 | ASSEMBLY: SUCCESS - Updated to N1SCR04-730-A1.ipt
2026-01-13 21:49:38 | ASSEMBLY: Replacing C-A2.ipt -> N1SCR04-730-A2.ipt [A] (in Head Box.iam)
2026-01-13 21:49:38 | ASSEMBLY: SUCCESS - Updated to N1SCR04-730-A2.ipt
2026-01-13 21:49:38 | ASSEMBLY: Replacing C-A3.ipt -> N1SCR04-730-A3.ipt [A] (in Head Box.iam)
2026-01-13 21:49:38 | ASSEMBLY: SUCCESS - Updated to N1SCR04-730-A3.ipt
2026-01-13 21:49:38 | ASSEMBLY: Replacing C-A4.ipt -> N1SCR04-730-A4.ipt [A] (in Head Box.iam)
2026-01-13 21:49:38 | ASSEMBLY: SUCCESS - Updated to N1SCR04-730-A4.ipt
2026-01-13 21:49:38 | ASSEMBLY: Replacing C-A5.ipt -> N1SCR04-730-A5.ipt [A] (in Head Box.iam)
2026-01-13 21:49:38 | ASSEMBLY: SUCCESS - Updated to N1SCR04-730-A5.ipt
2026-01-13 21:49:38 | ASSEMBLY: Replacing C-A6.ipt -> N1SCR04-730-A6.ipt [A] (in Head Box.iam)
2026-01-13 21:49:38 | ASSEMBLY: SUCCESS - Updated to N1SCR04-730-A6.ipt
2026-01-13 21:49:38 | ASSEMBLY: Replacing C-A7.ipt -> N1SCR04-730-A7.ipt [A] (in Head Box.iam)
2026-01-13 21:49:39 | ASSEMBLY: SUCCESS - Updated to N1SCR04-730-A7.ipt
2026-01-13 21:49:39 | ASSEMBLY: INFO - No mapping found for N1SCR04-730-A7.ipt (not renamed)
2026-01-13 21:49:39 | ASSEMBLY: Replacing C-A8.ipt -> N1SCR04-730-A8.ipt [A] (in Head Box.iam)
2026-01-13 21:49:39 | ASSEMBLY: SUCCESS - Updated to N1SCR04-730-A8.ipt
2026-01-13 21:49:39 | ASSEMBLY: INFO - No mapping found for N1SCR04-730-A8.ipt (not renamed)
2026-01-13 21:49:39 | ASSEMBLY: INFO - No mapping found for N1SCR04-730-A7.ipt (not renamed)
2026-01-13 21:49:39 | ASSEMBLY: INFO - No mapping found for N1SCR04-730-A7.ipt (not renamed)
2026-01-13 21:49:39 | ASSEMBLY: INFO - No mapping found for N1SCR04-730-A8.ipt (not renamed)
2026-01-13 21:49:39 | ASSEMBLY: INFO - No mapping found for N1SCR04-730-A8.ipt (not renamed)
2026-01-13 21:49:39 | ASSEMBLY: INFO - No mapping found for N1SCR04-730-A7.ipt (not renamed)
2026-01-13 21:49:39 | ASSEMBLY: INFO - No mapping found for N1SCR04-730-A7.ipt (not renamed)
2026-01-13 21:49:39 | ASSEMBLY: INFO - No mapping found for N1SCR04-730-A8.ipt (not renamed)
2026-01-13 21:49:39 | ASSEMBLY: INFO - No mapping found for N1SCR04-730-A8.ipt (not renamed)
2026-01-13 21:49:39 | ASSEMBLY: Replacing C-PL11.ipt -> N1SCR04-730-PL11.ipt [PL] (in Head Box.iam)
2026-01-13 21:49:39 | ASSEMBLY: SUCCESS - Updated to N1SCR04-730-PL11.ipt
2026-01-13 21:49:39 | ASSEMBLY: Replacing C-PL12.ipt -> N1SCR04-730-PL12.ipt [PL] (in Head Box.iam)
2026-01-13 21:49:39 | ASSEMBLY: SUCCESS - Updated to N1SCR04-730-PL12.ipt
2026-01-13 21:49:39 | ASSEMBLY: Replacing C-PL13.ipt -> N1SCR04-730-PL13.ipt [PL] (in Head Box.iam)
2026-01-13 21:49:39 | ASSEMBLY: SUCCESS - Updated to N1SCR04-730-PL13.ipt
2026-01-13 21:49:39 | ASSEMBLY: INFO - No mapping found for N1SCR04-730-PL13.ipt (not renamed)
2026-01-13 21:49:39 | ASSEMBLY: Replacing C-FL1.ipt -> N1SCR04-730-FL1.ipt [FL] (in Head Box.iam)
2026-01-13 21:49:40 | ASSEMBLY: SUCCESS - Updated to N1SCR04-730-FL1.ipt
2026-01-13 21:49:40 | ASSEMBLY: INFO - No mapping found for N1SCR04-730-FL1.ipt (not renamed)
2026-01-13 21:49:40 | ASSEMBLY: INFO - No mapping found for N1SCR04-730-PL12.ipt (not renamed)
2026-01-13 21:49:40 | ASSEMBLY: INFO - No mapping found for N1SCR04-730-PL13.ipt (not renamed)
2026-01-13 21:49:40 | ASSEMBLY: INFO - No mapping found for N1SCR04-730-PL13.ipt (not renamed)
2026-01-13 21:49:40 | ASSEMBLY: INFO - No mapping found for N1SCR04-730-FL1.ipt (not renamed)
2026-01-13 21:49:40 | ASSEMBLY: INFO - No mapping found for N1SCR04-730-FL1.ipt (not renamed)
2026-01-13 21:49:40 | ASSEMBLY: INFO - No mapping found for N1SCR04-730-PL12.ipt (not renamed)
2026-01-13 21:49:40 | ASSEMBLY: INFO - No mapping found for N1SCR04-730-PL13.ipt (not renamed)
2026-01-13 21:49:40 | ASSEMBLY: INFO - No mapping found for N1SCR04-730-PL13.ipt (not renamed)
2026-01-13 21:49:40 | ASSEMBLY: INFO - No mapping found for N1SCR04-730-FL1.ipt (not renamed)
2026-01-13 21:49:40 | ASSEMBLY: INFO - No mapping found for N1SCR04-730-FL1.ipt (not renamed)
2026-01-13 21:49:40 | ASSEMBLY: INFO - No mapping found for N1SCR04-730-PL12.ipt (not renamed)
2026-01-13 21:49:40 | ASSEMBLY: INFO - No mapping found for N1SCR04-730-PL13.ipt (not renamed)
2026-01-13 21:49:40 | ASSEMBLY: INFO - No mapping found for N1SCR04-730-PL13.ipt (not renamed)
2026-01-13 21:49:40 | ASSEMBLY: INFO - No mapping found for N1SCR04-730-FL1.ipt (not renamed)
2026-01-13 21:49:40 | ASSEMBLY: INFO - No mapping found for N1SCR04-730-FL1.ipt (not renamed)
2026-01-13 21:49:40 | ASSEMBLY: INFO - No mapping found for N1SCR04-730-PL12.ipt (not renamed)
2026-01-13 21:49:40 | ASSEMBLY: INFO - No mapping found for N1SCR04-730-PL13.ipt (not renamed)
2026-01-13 21:49:40 | ASSEMBLY: INFO - No mapping found for N1SCR04-730-PL13.ipt (not renamed)
2026-01-13 21:49:40 | ASSEMBLY: INFO - No mapping found for N1SCR04-730-FL1.ipt (not renamed)
2026-01-13 21:49:40 | ASSEMBLY: INFO - No mapping found for N1SCR04-730-FL1.ipt (not renamed)
2026-01-13 21:49:40 | ASSEMBLY: INFO - No mapping found for N1SCR04-730-PL12.ipt (not renamed)
2026-01-13 21:49:40 | ASSEMBLY: INFO - No mapping found for N1SCR04-730-PL13.ipt (not renamed)
2026-01-13 21:49:40 | ASSEMBLY: INFO - No mapping found for N1SCR04-730-PL13.ipt (not renamed)
2026-01-13 21:49:40 | ASSEMBLY: INFO - No mapping found for N1SCR04-730-FL1.ipt (not renamed)
2026-01-13 21:49:40 | ASSEMBLY: INFO - No mapping found for N1SCR04-730-FL1.ipt (not renamed)
2026-01-13 21:49:40 | ASSEMBLY: Replacing C-PL14.ipt -> N1SCR04-730-PL14.ipt [PL] (in Head Box.iam)
2026-01-13 21:49:40 | ASSEMBLY: SUCCESS - Updated to N1SCR04-730-PL14.ipt
2026-01-13 21:49:40 | ASSEMBLY: Replacing C-PL15.ipt -> N1SCR04-730-PL15.ipt [PL] (in Head Box.iam)
2026-01-13 21:49:40 | ASSEMBLY: SUCCESS - Updated to N1SCR04-730-PL15.ipt
2026-01-13 21:49:40 | ASSEMBLY: INFO - No mapping found for N1SCR04-730-PL14.ipt (not renamed)
2026-01-13 21:49:40 | ASSEMBLY: INFO - No mapping found for N1SCR04-730-PL15.ipt (not renamed)
2026-01-13 21:49:40 | ASSEMBLY: INFO - No mapping found for N1SCR04-730-PL14.ipt (not renamed)
2026-01-13 21:49:40 | ASSEMBLY: INFO - No mapping found for N1SCR04-730-PL15.ipt (not renamed)
2026-01-13 21:49:40 | ASSEMBLY: INFO - No mapping found for N1SCR04-730-PL14.ipt (not renamed)
2026-01-13 21:49:40 | ASSEMBLY: INFO - No mapping found for N1SCR04-730-PL15.ipt (not renamed)
2026-01-13 21:49:40 | ASSEMBLY: INFO - No mapping found for N1SCR04-730-PL14.ipt (not renamed)
2026-01-13 21:49:40 | ASSEMBLY: INFO - No mapping found for N1SCR04-730-PL15.ipt (not renamed)
2026-01-13 21:49:40 | ASSEMBLY: INFO - No mapping found for N1SCR04-730-PL14.ipt (not renamed)
2026-01-13 21:49:40 | ASSEMBLY: INFO - No mapping found for N1SCR04-730-PL15.ipt (not renamed)
2026-01-13 21:49:40 | ASSEMBLY: Replacing C-PL16.ipt -> N1SCR04-730-PL16.ipt [PL] (in Head Box.iam)
2026-01-13 21:49:40 | ASSEMBLY: SUCCESS - Updated to N1SCR04-730-PL16.ipt
2026-01-13 21:49:40 | ASSEMBLY: INFO - No mapping found for N1SCR04-730-PL16.ipt (not renamed)
2026-01-13 21:49:41 | ASSEMBLY: INFO - No mapping found for N1SCR04-730-PL16.ipt (not renamed)
2026-01-13 21:49:41 | ASSEMBLY: INFO - No mapping found for N1SCR04-730-PL16.ipt (not renamed)
2026-01-13 21:49:43 | ASSEMBLY: Saved sub-assembly - Head Box.iam
2026-01-13 21:49:43 | ASSEMBLY: RECURSING into sub-assembly - Lid-1.iam
2026-01-13 21:49:43 | ASSEMBLY: Updating references in - Lid-1.iam (Level: ROOT>Lid-1.iam)
2026-01-13 21:49:43 | ASSEMBLY: Replacing C-PL17.ipt -> N1SCR04-730-PL17.ipt [PL] (in Lid-1.iam)
2026-01-13 21:49:43 | ASSEMBLY: SUCCESS - Updated to N1SCR04-730-PL17.ipt
2026-01-13 21:49:43 | ASSEMBLY: Replacing C-A9.ipt -> N1SCR04-730-A9.ipt [A] (in Lid-1.iam)
2026-01-13 21:49:43 | ASSEMBLY: SUCCESS - Updated to N1SCR04-730-A9.ipt
2026-01-13 21:49:43 | ASSEMBLY: Replacing C-FL2.ipt -> N1SCR04-730-FL2.ipt [FL] (in Lid-1.iam)
2026-01-13 21:49:43 | ASSEMBLY: SUCCESS - Updated to N1SCR04-730-FL2.ipt
2026-01-13 21:49:43 | ASSEMBLY: INFO - No mapping found for N1SCR04-730-FL2.ipt (not renamed)
2026-01-13 21:49:43 | ASSEMBLY: INFO - No mapping found for N1SCR04-730-FL2.ipt (not renamed)
2026-01-13 21:49:43 | ASSEMBLY: Replacing C-FL3.ipt -> N1SCR04-730-FL3.ipt [FL] (in Lid-1.iam)
2026-01-13 21:49:43 | ASSEMBLY: SUCCESS - Updated to N1SCR04-730-FL3.ipt
2026-01-13 21:49:43 | ASSEMBLY: INFO - No mapping found for N1SCR04-730-FL3.ipt (not renamed)
2026-01-13 21:49:43 | ASSEMBLY: Replacing C-FL4.ipt -> N1SCR04-730-FL4.ipt [FL] (in Lid-1.iam)
2026-01-13 21:49:44 | ASSEMBLY: SUCCESS - Updated to N1SCR04-730-FL4.ipt
2026-01-13 21:49:44 | ASSEMBLY: INFO - No mapping found for N1SCR04-730-FL4.ipt (not renamed)
2026-01-13 21:49:44 | ASSEMBLY: INFO - No mapping found for N1SCR04-730-FL3.ipt (not renamed)
2026-01-13 21:49:44 | ASSEMBLY: INFO - No mapping found for N1SCR04-730-FL3.ipt (not renamed)
2026-01-13 21:49:44 | ASSEMBLY: INFO - No mapping found for N1SCR04-730-FL4.ipt (not renamed)
2026-01-13 21:49:44 | ASSEMBLY: INFO - No mapping found for N1SCR04-730-FL4.ipt (not renamed)
2026-01-13 21:49:44 | ASSEMBLY: Replacing C-R1.ipt -> N1SCR04-730-R1.ipt [OTHER] (in Lid-1.iam)
2026-01-13 21:49:44 | ASSEMBLY: SUCCESS - Updated to N1SCR04-730-R1.ipt
2026-01-13 21:49:44 | ASSEMBLY: INFO - No mapping found for N1SCR04-730-R1.ipt (not renamed)
2026-01-13 21:49:44 | ASSEMBLY: INFO - No mapping found for N1SCR04-730-R1.ipt (not renamed)
2026-01-13 21:49:44 | ASSEMBLY: INFO - No mapping found for N1SCR04-730-R1.ipt (not renamed)
2026-01-13 21:49:44 | ASSEMBLY: Saved sub-assembly - Lid-1.iam
2026-01-13 21:49:44 | ASSEMBLY: RECURSING into sub-assembly - Lid-1.iam
2026-01-13 21:49:44 | ASSEMBLY: Updating references in - Lid-1.iam (Level: ROOT>Lid-1.iam)
2026-01-13 21:49:44 | ASSEMBLY: INFO - No mapping found for N1SCR04-730-PL17.ipt (not renamed)
2026-01-13 21:49:44 | ASSEMBLY: INFO - No mapping found for N1SCR04-730-A9.ipt (not renamed)
2026-01-13 21:49:44 | ASSEMBLY: INFO - No mapping found for N1SCR04-730-FL2.ipt (not renamed)
2026-01-13 21:49:44 | ASSEMBLY: INFO - No mapping found for N1SCR04-730-FL2.ipt (not renamed)
2026-01-13 21:49:44 | ASSEMBLY: INFO - No mapping found for N1SCR04-730-FL2.ipt (not renamed)
2026-01-13 21:49:44 | ASSEMBLY: INFO - No mapping found for N1SCR04-730-FL3.ipt (not renamed)
2026-01-13 21:49:44 | ASSEMBLY: INFO - No mapping found for N1SCR04-730-FL3.ipt (not renamed)
2026-01-13 21:49:44 | ASSEMBLY: INFO - No mapping found for N1SCR04-730-FL4.ipt (not renamed)
2026-01-13 21:49:44 | ASSEMBLY: INFO - No mapping found for N1SCR04-730-FL4.ipt (not renamed)
2026-01-13 21:49:44 | ASSEMBLY: INFO - No mapping found for N1SCR04-730-FL3.ipt (not renamed)
2026-01-13 21:49:44 | ASSEMBLY: INFO - No mapping found for N1SCR04-730-FL3.ipt (not renamed)
2026-01-13 21:49:44 | ASSEMBLY: INFO - No mapping found for N1SCR04-730-FL4.ipt (not renamed)
2026-01-13 21:49:44 | ASSEMBLY: INFO - No mapping found for N1SCR04-730-FL4.ipt (not renamed)
2026-01-13 21:49:44 | ASSEMBLY: INFO - No mapping found for N1SCR04-730-R1.ipt (not renamed)
2026-01-13 21:49:44 | ASSEMBLY: INFO - No mapping found for N1SCR04-730-R1.ipt (not renamed)
2026-01-13 21:49:44 | ASSEMBLY: INFO - No mapping found for N1SCR04-730-R1.ipt (not renamed)
2026-01-13 21:49:44 | ASSEMBLY: INFO - No mapping found for N1SCR04-730-R1.ipt (not renamed)
2026-01-13 21:49:44 | ASSEMBLY: Saved sub-assembly - Lid-1.iam
2026-01-13 21:49:44 | ASSEMBLY: RECURSING into sub-assembly - Lid-2.iam
2026-01-13 21:49:44 | ASSEMBLY: Updating references in - Lid-2.iam (Level: ROOT>Lid-2.iam)
2026-01-13 21:49:44 | ASSEMBLY: Replacing C-PL18.ipt -> N1SCR04-730-PL18.ipt [PL] (in Lid-2.iam)
2026-01-13 21:49:45 | ASSEMBLY: SUCCESS - Updated to N1SCR04-730-PL18.ipt
2026-01-13 21:49:45 | ASSEMBLY: Replacing C-A10.ipt -> N1SCR04-730-A10.ipt [A] (in Lid-2.iam)
2026-01-13 21:49:45 | ASSEMBLY: SUCCESS - Updated to N1SCR04-730-A10.ipt
2026-01-13 21:49:45 | ASSEMBLY: Replacing C-FL5.ipt -> N1SCR04-730-FL5.ipt [FL] (in Lid-2.iam)
2026-01-13 21:49:45 | ASSEMBLY: SUCCESS - Updated to N1SCR04-730-FL5.ipt
2026-01-13 21:49:45 | ASSEMBLY: INFO - No mapping found for N1SCR04-730-FL5.ipt (not renamed)
2026-01-13 21:49:45 | ASSEMBLY: INFO - No mapping found for N1SCR04-730-FL5.ipt (not renamed)
2026-01-13 21:49:45 | ASSEMBLY: INFO - No mapping found for N1SCR04-730-A10.ipt (not renamed)
2026-01-13 21:49:45 | ASSEMBLY: Replacing C-FL6.ipt -> N1SCR04-730-FL6.ipt [FL] (in Lid-2.iam)
2026-01-13 21:49:45 | ASSEMBLY: SUCCESS - Updated to N1SCR04-730-FL6.ipt
2026-01-13 21:49:45 | ASSEMBLY: INFO - No mapping found for N1SCR04-730-FL6.ipt (not renamed)
2026-01-13 21:49:45 | ASSEMBLY: Replacing C-FL7.ipt -> N1SCR04-730-FL7.ipt [FL] (in Lid-2.iam)
2026-01-13 21:49:45 | ASSEMBLY: SUCCESS - Updated to N1SCR04-730-FL7.ipt
2026-01-13 21:49:45 | ASSEMBLY: INFO - No mapping found for N1SCR04-730-FL7.ipt (not renamed)
2026-01-13 21:49:45 | ASSEMBLY: INFO - No mapping found for N1SCR04-730-FL6.ipt (not renamed)
2026-01-13 21:49:45 | ASSEMBLY: INFO - No mapping found for N1SCR04-730-FL6.ipt (not renamed)
2026-01-13 21:49:45 | ASSEMBLY: INFO - No mapping found for N1SCR04-730-FL7.ipt (not renamed)
2026-01-13 21:49:45 | ASSEMBLY: INFO - No mapping found for N1SCR04-730-FL7.ipt (not renamed)
2026-01-13 21:49:45 | ASSEMBLY: Replacing C-R2.ipt -> N1SCR04-730-R2.ipt [OTHER] (in Lid-2.iam)
2026-01-13 21:49:45 | ASSEMBLY: SUCCESS - Updated to N1SCR04-730-R2.ipt
2026-01-13 21:49:45 | ASSEMBLY: INFO - No mapping found for N1SCR04-730-R2.ipt (not renamed)
2026-01-13 21:49:45 | ASSEMBLY: INFO - No mapping found for N1SCR04-730-R2.ipt (not renamed)
2026-01-13 21:49:45 | ASSEMBLY: INFO - No mapping found for N1SCR04-730-R2.ipt (not renamed)
2026-01-13 21:49:45 | ASSEMBLY: Saved sub-assembly - Lid-2.iam
2026-01-13 21:49:45 | ASSEMBLY: SKIPPING Bolted Connection1.iam (bolted connection assembly)
2026-01-13 21:49:45 | ASSEMBLY: SKIPPING Bolted Connection2.iam (bolted connection assembly)
2026-01-13 21:49:45 | ASSEMBLY: Replacing C-PL19.ipt -> N1SCR04-730-PL19.ipt [PL] (in N1SCR04-730.iam)
2026-01-13 21:49:46 | ASSEMBLY: SUCCESS - Updated to N1SCR04-730-PL19.ipt
2026-01-13 21:49:46 | ASSEMBLY: INFO - No mapping found for N1SCR04-730-PL19.ipt (not renamed)
2026-01-13 21:49:46 | ASSEMBLY: INFO - No mapping found for N1SCR04-730-PL19.ipt (not renamed)
2026-01-13 21:49:46 | ASSEMBLY: INFO - No mapping found for N1SCR04-730-PL19.ipt (not renamed)
2026-01-13 21:49:46 | ASSEMBLY: INFO - No mapping found for N1SCR04-730-PL19.ipt (not renamed)
2026-01-13 21:49:46 | ASSEMBLY: INFO - No mapping found for N1SCR04-730-PL19.ipt (not renamed)
2026-01-13 21:49:46 | ASSEMBLY: INFO - No mapping found for N1SCR04-730-PL19.ipt (not renamed)
2026-01-13 21:49:46 | ASSEMBLY: INFO - No mapping found for N1SCR04-730-PL19.ipt (not renamed)
2026-01-13 21:49:46 | ASSEMBLY: INFO - No mapping found for N1SCR04-730-PL19.ipt (not renamed)
2026-01-13 21:49:46 | ASSEMBLY: INFO - No mapping found for N1SCR04-730-PL19.ipt (not renamed)
2026-01-13 21:49:46 | ASSEMBLY: INFO - No mapping found for N1SCR04-730-PL19.ipt (not renamed)
2026-01-13 21:49:46 | ASSEMBLY: INFO - No mapping found for N1SCR04-730-PL19.ipt (not renamed)
2026-01-13 21:49:46 | ASSEMBLY: INFO - No mapping found for N1SCR04-730-PL19.ipt (not renamed)
2026-01-13 21:49:46 | ASSEMBLY: INFO - No mapping found for N1SCR04-730-PL19.ipt (not renamed)
2026-01-13 21:49:46 | ASSEMBLY: INFO - No mapping found for N1SCR04-730-PL19.ipt (not renamed)
2026-01-13 21:49:46 | ASSEMBLY: INFO - No mapping found for N1SCR04-730-PL19.ipt (not renamed)
2026-01-13 21:49:46 | ASSEMBLY: INFO - No mapping found for N1SCR04-730-PL19.ipt (not renamed)
2026-01-13 21:49:46 | ASSEMBLY: INFO - No mapping found for N1SCR04-730-PL19.ipt (not renamed)
2026-01-13 21:49:46 | ASSEMBLY: INFO - No mapping found for N1SCR04-730-PL19.ipt (not renamed)
2026-01-13 21:49:46 | ASSEMBLY: INFO - No mapping found for N1SCR04-730-PL19.ipt (not renamed)
2026-01-13 21:49:46 | ASSEMBLY: INFO - No mapping found for N1SCR04-730-PL19.ipt (not renamed)
2026-01-13 21:49:46 | ASSEMBLY: INFO - No mapping found for N1SCR04-730-PL19.ipt (not renamed)
2026-01-13 21:49:46 | ASSEMBLY: INFO - No mapping found for N1SCR04-730-PL19.ipt (not renamed)
2026-01-13 21:49:46 | ASSEMBLY: INFO - No mapping found for N1SCR04-730-PL19.ipt (not renamed)
2026-01-13 21:49:46 | ASSEMBLY: INFO - No mapping found for N1SCR04-730-PL19.ipt (not renamed)
2026-01-13 21:49:46 | ASSEMBLY: INFO - No mapping found for N1SCR04-730-PL19.ipt (not renamed)
2026-01-13 21:49:46 | ASSEMBLY: INFO - No mapping found for N1SCR04-730-PL19.ipt (not renamed)
2026-01-13 21:49:46 | ASSEMBLY: INFO - No mapping found for N1SCR04-730-PL19.ipt (not renamed)
2026-01-13 21:49:46 | ASSEMBLY: INFO - No mapping found for N1SCR04-730-PL19.ipt (not renamed)
2026-01-13 21:49:46 | ASSEMBLY: INFO - No mapping found for N1SCR04-730-PL19.ipt (not renamed)
2026-01-13 21:49:46 | ASSEMBLY: INFO - No mapping found for N1SCR04-730-PL19.ipt (not renamed)
2026-01-13 21:49:46 | ASSEMBLY: INFO - No mapping found for N1SCR04-730-PL19.ipt (not renamed)
2026-01-13 21:49:46 | ASSEMBLY: INFO - No mapping found for N1SCR04-730-PL19.ipt (not renamed)
2026-01-13 21:49:46 | ASSEMBLY: INFO - No mapping found for N1SCR04-730-PL19.ipt (not renamed)
2026-01-13 21:49:46 | ASSEMBLY: INFO - No mapping found for N1SCR04-730-PL19.ipt (not renamed)
2026-01-13 21:49:46 | ASSEMBLY: INFO - No mapping found for N1SCR04-730-PL19.ipt (not renamed)
2026-01-13 21:49:46 | ASSEMBLY: Saving assembly with updated references...
2026-01-13 21:49:48 | ASSEMBLY: Successfully saved assembly
2026-01-13 21:49:48 | STEP 8: Auto-detecting and updating IDW files
2026-01-13 21:49:48 | IDW: Auto-detecting IDW files in assembly directory
2026-01-13 21:49:48 | IDW: Found drawing file - KNL-N1200-SCR04-0730-PA.idw
2026-01-13 21:49:48 | IDW: Processing KNL-N1200-SCR04-0730-PA.idw
2026-01-13 21:49:48 | IDW: Opening KNL-N1200-SCR04-0730-PA.idw
2026-01-13 21:49:51 | IDW: Found 48 referenced files
2026-01-13 21:49:51 | IDW: Updating reference C-A1.ipt -> N1SCR04-730-A1.ipt
2026-01-13 21:49:51 | IDW: SUCCESS - Reference updated
2026-01-13 21:49:51 | IDW: Updating reference C-A10.ipt -> N1SCR04-730-A10.ipt
2026-01-13 21:49:51 | IDW: SUCCESS - Reference updated
2026-01-13 21:49:51 | IDW: Updating reference C-A2.ipt -> N1SCR04-730-A2.ipt
2026-01-13 21:49:51 | IDW: SUCCESS - Reference updated
2026-01-13 21:49:51 | IDW: Updating reference C-A3.ipt -> N1SCR04-730-A3.ipt
2026-01-13 21:49:51 | IDW: SUCCESS - Reference updated
2026-01-13 21:49:51 | IDW: Updating reference C-A4.ipt -> N1SCR04-730-A4.ipt
2026-01-13 21:49:51 | IDW: SUCCESS - Reference updated
2026-01-13 21:49:51 | IDW: Updating reference C-A5.ipt -> N1SCR04-730-A5.ipt
2026-01-13 21:49:51 | IDW: SUCCESS - Reference updated
2026-01-13 21:49:51 | IDW: Updating reference C-A6.ipt -> N1SCR04-730-A6.ipt
2026-01-13 21:49:51 | IDW: SUCCESS - Reference updated
2026-01-13 21:49:51 | IDW: Updating reference C-A7.ipt -> N1SCR04-730-A7.ipt
2026-01-13 21:49:51 | IDW: SUCCESS - Reference updated
2026-01-13 21:49:51 | IDW: Updating reference C-A8.ipt -> N1SCR04-730-A8.ipt
2026-01-13 21:49:51 | IDW: SUCCESS - Reference updated
2026-01-13 21:49:51 | IDW: Updating reference C-A9.ipt -> N1SCR04-730-A9.ipt
2026-01-13 21:49:51 | IDW: SUCCESS - Reference updated
2026-01-13 21:49:51 | IDW: Updating reference C-FL1.ipt -> N1SCR04-730-FL1.ipt
2026-01-13 21:49:51 | IDW: SUCCESS - Reference updated
2026-01-13 21:49:51 | IDW: Updating reference C-FL3.ipt -> N1SCR04-730-FL3.ipt
2026-01-13 21:49:51 | IDW: SUCCESS - Reference updated
2026-01-13 21:49:51 | IDW: Updating reference C-FL4.ipt -> N1SCR04-730-FL4.ipt
2026-01-13 21:49:51 | IDW: SUCCESS - Reference updated
2026-01-13 21:49:51 | IDW: Updating reference C-FL5.ipt -> N1SCR04-730-FL5.ipt
2026-01-13 21:49:51 | IDW: SUCCESS - Reference updated
2026-01-13 21:49:51 | IDW: Updating reference C-FL6.ipt -> N1SCR04-730-FL6.ipt
2026-01-13 21:49:51 | IDW: SUCCESS - Reference updated
2026-01-13 21:49:51 | IDW: Updating reference C-FL7.ipt -> N1SCR04-730-FL7.ipt
2026-01-13 21:49:51 | IDW: SUCCESS - Reference updated
2026-01-13 21:49:51 | IDW: Updating reference C-FLG1.ipt -> N1SCR04-730-FLG1.ipt
2026-01-13 21:49:51 | IDW: SUCCESS - Reference updated
2026-01-13 21:49:51 | IDW: Updating reference C-FLG2.ipt -> N1SCR04-730-FLG2.ipt
2026-01-13 21:49:51 | IDW: SUCCESS - Reference updated
2026-01-13 21:49:51 | IDW: Updating reference C-FLG3.ipt -> N1SCR04-730-FLG3.ipt
2026-01-13 21:49:51 | IDW: SUCCESS - Reference updated
2026-01-13 21:49:51 | IDW: Updating reference C-P1.ipt -> N1SCR04-730-P1.ipt
2026-01-13 21:49:51 | IDW: SUCCESS - Reference updated
2026-01-13 21:49:51 | IDW: Updating reference C-P2.ipt -> N1SCR04-730-P2.ipt
2026-01-13 21:49:51 | IDW: SUCCESS - Reference updated
2026-01-13 21:49:51 | IDW: Updating reference C-P3.ipt -> N1SCR04-730-P3.ipt
2026-01-13 21:49:51 | IDW: SUCCESS - Reference updated
2026-01-13 21:49:51 | IDW: Updating reference C-PL1.ipt -> N1SCR04-730-PL1.ipt
2026-01-13 21:49:51 | IDW: SUCCESS - Reference updated
2026-01-13 21:49:51 | IDW: Updating reference C-PL10.ipt -> N1SCR04-730-PL10.ipt
2026-01-13 21:49:51 | IDW: SUCCESS - Reference updated
2026-01-13 21:49:51 | IDW: Updating reference C-PL11.ipt -> N1SCR04-730-PL11.ipt
2026-01-13 21:49:51 | IDW: SUCCESS - Reference updated
2026-01-13 21:49:51 | IDW: Updating reference C-PL12.ipt -> N1SCR04-730-PL12.ipt
2026-01-13 21:49:51 | IDW: SUCCESS - Reference updated
2026-01-13 21:49:51 | IDW: Updating reference C-PL13.ipt -> N1SCR04-730-PL13.ipt
2026-01-13 21:49:51 | IDW: SUCCESS - Reference updated
2026-01-13 21:49:51 | IDW: Updating reference C-PL14.ipt -> N1SCR04-730-PL14.ipt
2026-01-13 21:49:51 | IDW: SUCCESS - Reference updated
2026-01-13 21:49:51 | IDW: Updating reference C-PL15.ipt -> N1SCR04-730-PL15.ipt
2026-01-13 21:49:51 | IDW: SUCCESS - Reference updated
2026-01-13 21:49:51 | IDW: Updating reference C-PL16.ipt -> N1SCR04-730-PL16.ipt
2026-01-13 21:49:51 | IDW: SUCCESS - Reference updated
2026-01-13 21:49:51 | IDW: Updating reference C-PL17.ipt -> N1SCR04-730-PL17.ipt
2026-01-13 21:49:51 | IDW: SUCCESS - Reference updated
2026-01-13 21:49:51 | IDW: Updating reference C-PL19.ipt -> N1SCR04-730-PL19.ipt
2026-01-13 21:49:51 | IDW: SUCCESS - Reference updated
2026-01-13 21:49:51 | IDW: Updating reference C-PL2.ipt -> N1SCR04-730-PL2.ipt
2026-01-13 21:49:51 | IDW: SUCCESS - Reference updated
2026-01-13 21:49:51 | IDW: Updating reference C-PL3.ipt -> N1SCR04-730-PL3.ipt
2026-01-13 21:49:51 | IDW: SUCCESS - Reference updated
2026-01-13 21:49:51 | IDW: Updating reference C-PL4.ipt -> N1SCR04-730-PL4.ipt
2026-01-13 21:49:51 | IDW: SUCCESS - Reference updated
2026-01-13 21:49:51 | IDW: Updating reference C-PL5.ipt -> N1SCR04-730-PL5.ipt
2026-01-13 21:49:51 | IDW: SUCCESS - Reference updated
2026-01-13 21:49:51 | IDW: Updating reference C-PL6.ipt -> N1SCR04-730-PL6.ipt
2026-01-13 21:49:51 | IDW: SUCCESS - Reference updated
2026-01-13 21:49:51 | IDW: Updating reference C-PL7.ipt -> N1SCR04-730-PL7.ipt
2026-01-13 21:49:51 | IDW: SUCCESS - Reference updated
2026-01-13 21:49:51 | IDW: Updating reference C-PL8.ipt -> N1SCR04-730-PL8.ipt
2026-01-13 21:49:51 | IDW: SUCCESS - Reference updated
2026-01-13 21:49:51 | IDW: Updating reference C-PL9.ipt -> N1SCR04-730-PL9.ipt
2026-01-13 21:49:51 | IDW: SUCCESS - Reference updated
2026-01-13 21:49:51 | IDW: Updating reference C-R1.ipt -> N1SCR04-730-R1.ipt
2026-01-13 21:49:51 | IDW: SUCCESS - Reference updated
2026-01-13 21:49:51 | IDW: Updating reference C-R2.ipt -> N1SCR04-730-R2.ipt
2026-01-13 21:49:51 | IDW: SUCCESS - Reference updated
2026-01-13 21:49:51 | IDW: INFO - No mapping found for Head Box.iam
2026-01-13 21:49:51 | IDW: INFO - No mapping found for Lid-1.iam
2026-01-13 21:49:51 | IDW: INFO - No mapping found for Lid-2.iam
2026-01-13 21:49:51 | IDW: INFO - No mapping found for N1SCR04-730.iam
2026-01-13 21:49:51 | IDW: INFO - No mapping found for N1SCR04-730-EXPLODED.ipn
2026-01-13 21:49:51 | IDW: Updating reference C-PL18.ipt -> N1SCR04-730-PL18.ipt
2026-01-13 21:49:51 | IDW: SUCCESS - Reference updated
2026-01-13 21:49:53 | IDW: Saved KNL-N1200-SCR04-0730-PA.idw
2026-01-13 21:49:53 | STEP 8.5: Saving mapping file for external IDW updater
2026-01-13 21:49:53 | MAPPING: Saving comprehensive mapping file for STEP 2
2026-01-13 21:49:53 | STEP 9: Keeping original files for safety (skipping cleanup)
2026-01-13 21:49:53 | === DYNAMIC HERITAGE-BASED SOLUTION COMPLETED ===
