2026-01-13 21:38:23 | === DYNAMIC HERITAGE-BASED SOLUTION ===
2026-01-13 21:38:23 | Auto-detecting open model and creating dynamic renaming workflow
2026-01-13 21:38:23 | SUCCESS: Connected to existing Inventor instance
2026-01-13 21:38:23 | STEP 1: Detecting open assembly and analyzing components
2026-01-13 21:38:23 | DETECTED: Document type: 12291
2026-01-13 21:38:24 | DETECTED: Assembly by .iam extension - proceeding
2026-01-13 21:38:24 | DETECTED: Active assembly - N1SCR04-730.iam
2026-01-13 21:38:24 | DETECTED: Full path - C:\Users\Quintin\Documents\Spectiv\3. Working\22. DMS plant\21. SSCR04 - Primary Floats D&R Screen Station\730 CM Head Box\N1SCR04-730.iam
2026-01-13 21:38:25 | USER CONFIRMED: Proceeding with assembly processing
2026-01-13 21:38:25 | CONFIRMED: 42 occurrences to process
2026-01-13 21:38:25 | STEP 2: Flattening hierarchy and grouping components
2026-01-13 21:38:25 | ANALYZE: Recursively flattening ENTIRE model hierarchy and reading iProperty descriptions
2026-01-13 21:38:25 | ANALYZE: Processing assembly - N1SCR04-730.iam (Level: ROOT)
2026-01-13 21:38:25 | ANALYZE: Found 42 occurrences in N1SCR04-730.iam
2026-01-13 21:38:25 | ANALYZE: RECURSING into sub-assembly - Head Box.iam
2026-01-13 21:38:25 | ANALYZE: Processing assembly - Head Box.iam (Level: ROOT>Head Box.iam)
2026-01-13 21:38:25 | ANALYZE: Found 86 occurrences in Head Box.iam
2026-01-13 21:38:25 | ANALYZE: PART - N1SCR04-730-PL1.ipt -> Description: PL 6mm S355JR -> Group: PL (from Head Box.iam)
2026-01-13 21:38:25 | ANALYZE: Created new group - PL
2026-01-13 21:38:25 | ANALYZE: PART - N1SCR04-730-PL2.ipt -> Description: PL 6mm S355JR -> Group: PL (from Head Box.iam)
2026-01-13 21:38:25 | ANALYZE: PART - N1SCR04-730-PL3.ipt -> Description: PL 6mm S355JR -> Group: PL (from Head Box.iam)
2026-01-13 21:38:25 | ANALYZE: PART - N1SCR04-730-PL4.ipt -> Description: PL 6mm S355JR -> Group: PL (from Head Box.iam)
2026-01-13 21:38:25 | ANALYZE: PART - N1SCR04-730-PL5.ipt -> Description: PL 6mm S355JR -> Group: PL (from Head Box.iam)
2026-01-13 21:38:25 | ANALYZE: PART - N1SCR04-730-PL6.ipt -> Description: PL 6mm S355JR -> Group: PL (from Head Box.iam)
2026-01-13 21:38:25 | ANALYZE: PART - N1SCR04-730-PL7.ipt -> Description: PL 6mm S355JR -> Group: PL (from Head Box.iam)
2026-01-13 21:38:25 | ANALYZE: PART - N1SCR04-730-PL8.ipt -> Description: PL 6mm S355JR -> Group: PL (from Head Box.iam)
2026-01-13 21:38:25 | ANALYZE: DUPLICATE PART SKIPPED - N1SCR04-730-PL8.ipt (already processed)
2026-01-13 21:38:25 | ANALYZE: DUPLICATE PART SKIPPED - N1SCR04-730-PL8.ipt (already processed)
2026-01-13 21:38:25 | ANALYZE: PART - N1SCR04-730-PL9.ipt -> Description: PL 6mm S355JR -> Group: PL (from Head Box.iam)
2026-01-13 21:38:25 | ANALYZE: PART - N1SCR04-730-PL10.ipt -> Description: PL 6mm S355JR -> Group: PL (from Head Box.iam)
2026-01-13 21:38:25 | ANALYZE: DUPLICATE PART SKIPPED - N1SCR04-730-PL10.ipt (already processed)
2026-01-13 21:38:25 | ANALYZE: PART - N1SCR04-730-FLG1.ipt -> Description: PIPE - 800NB S.A.B.S.719 - 6 W.T. -> Group: P (from Head Box.iam)
2026-01-13 21:38:25 | ANALYZE: Created new group - P
2026-01-13 21:38:25 | ANALYZE: PART - N1SCR04-730-FLG2.ipt -> Description: FLANGE - 600NB S.A.B.S.1123 1000/3 25 TH'K -> Group: FLG (from Head Box.iam)
2026-01-13 21:38:25 | ANALYZE: Created new group - FLG
2026-01-13 21:38:25 | ANALYZE: PART - N1SCR04-730-FLG3.ipt -> Description: PIPE - 500NB S.A.B.S.719 - 6 W.T. -> Group: P (from Head Box.iam)
2026-01-13 21:38:25 | ANALYZE: PART - N1SCR04-730-FLG4.ipt -> Description: FLANGE - 500NB S.A.B.S.1123 1000/3 25 TH'K -> Group: FLG (from Head Box.iam)
2026-01-13 21:38:25 | ANALYZE: DUPLICATE PART SKIPPED - N1SCR04-730-FLG3.ipt (already processed)
2026-01-13 21:38:25 | ANALYZE: DUPLICATE PART SKIPPED - N1SCR04-730-FLG4.ipt (already processed)
2026-01-13 21:38:25 | ANALYZE: PART - N1SCR04-730-FLG5.ipt -> Description: PIPE - 200NB S.A.B.S.719 - 6 W.T. -> Group: P (from Head Box.iam)
2026-01-13 21:38:25 | ANALYZE: PART - N1SCR04-730-FLG6.ipt -> Description: FLANGE - 200NB S.A.B.S.1123 1000/3 18 TH'K -> Group: FLG (from Head Box.iam)
2026-01-13 21:38:25 | ANALYZE: PART - N1SCR04-730-A1.ipt -> Description: L60x60x6 -> Group: A (from Head Box.iam)
2026-01-13 21:38:25 | ANALYZE: Created new group - A
2026-01-13 21:38:25 | ANALYZE: PART - N1SCR04-730-A2.ipt -> Description: L60x60x6 -> Group: A (from Head Box.iam)
2026-01-13 21:38:25 | ANALYZE: PART - N1SCR04-730-A3.ipt -> Description: L60x60x6 -> Group: A (from Head Box.iam)
2026-01-13 21:38:25 | ANALYZE: PART - N1SCR04-730-A4.ipt -> Description: L60x60x6 -> Group: A (from Head Box.iam)
2026-01-13 21:38:25 | ANALYZE: PART - N1SCR04-730-A5.ipt -> Description: L60x60x6 -> Group: A (from Head Box.iam)
2026-01-13 21:38:25 | ANALYZE: PART - N1SCR04-730-A6.ipt -> Description: L60x60x6 -> Group: A (from Head Box.iam)
2026-01-13 21:38:25 | ANALYZE: PART - N1SCR04-730-A7.ipt -> Description: L50x50x6 -> Group: A (from Head Box.iam)
2026-01-13 21:38:25 | ANALYZE: DUPLICATE PART SKIPPED - N1SCR04-730-A7.ipt (already processed)
2026-01-13 21:38:25 | ANALYZE: PART - N1SCR04-730-A8.ipt -> Description: L50x50x6 -> Group: A (from Head Box.iam)
2026-01-13 21:38:25 | ANALYZE: DUPLICATE PART SKIPPED - N1SCR04-730-A8.ipt (already processed)
2026-01-13 21:38:25 | ANALYZE: DUPLICATE PART SKIPPED - N1SCR04-730-A7.ipt (already processed)
2026-01-13 21:38:25 | ANALYZE: DUPLICATE PART SKIPPED - N1SCR04-730-A7.ipt (already processed)
2026-01-13 21:38:25 | ANALYZE: DUPLICATE PART SKIPPED - N1SCR04-730-A8.ipt (already processed)
2026-01-13 21:38:25 | ANALYZE: DUPLICATE PART SKIPPED - N1SCR04-730-A8.ipt (already processed)
2026-01-13 21:38:25 | ANALYZE: DUPLICATE PART SKIPPED - N1SCR04-730-A7.ipt (already processed)
2026-01-13 21:38:25 | ANALYZE: DUPLICATE PART SKIPPED - N1SCR04-730-A7.ipt (already processed)
2026-01-13 21:38:25 | ANALYZE: DUPLICATE PART SKIPPED - N1SCR04-730-A8.ipt (already processed)
2026-01-13 21:38:25 | ANALYZE: DUPLICATE PART SKIPPED - N1SCR04-730-A8.ipt (already processed)
2026-01-13 21:38:25 | ANALYZE: PART - N1SCR04-730-PL11.ipt -> Description: PL 10mm S355JR -> Group: PL (from Head Box.iam)
2026-01-13 21:38:25 | ANALYZE: PART - N1SCR04-730-PL12.ipt -> Description: PL 10mm S355JR -> Group: PL (from Head Box.iam)
2026-01-13 21:38:26 | ANALYZE: PART - N1SCR04-730-PL13.ipt -> Description: PL 10mm S355JR -> Group: PL (from Head Box.iam)
2026-01-13 21:38:26 | ANALYZE: DUPLICATE PART SKIPPED - N1SCR04-730-PL13.ipt (already processed)
2026-01-13 21:38:26 | ANALYZE: PART - N1SCR04-730-FL1.ipt -> Description: FL50x8 -> Group: FL (from Head Box.iam)
2026-01-13 21:38:26 | ANALYZE: Created new group - FL
2026-01-13 21:38:26 | ANALYZE: DUPLICATE PART SKIPPED - N1SCR04-730-FL1.ipt (already processed)
2026-01-13 21:38:26 | ANALYZE: DUPLICATE PART SKIPPED - N1SCR04-730-PL12.ipt (already processed)
2026-01-13 21:38:26 | ANALYZE: DUPLICATE PART SKIPPED - N1SCR04-730-PL13.ipt (already processed)
2026-01-13 21:38:26 | ANALYZE: DUPLICATE PART SKIPPED - N1SCR04-730-PL13.ipt (already processed)
2026-01-13 21:38:26 | ANALYZE: DUPLICATE PART SKIPPED - N1SCR04-730-FL1.ipt (already processed)
2026-01-13 21:38:26 | ANALYZE: DUPLICATE PART SKIPPED - N1SCR04-730-FL1.ipt (already processed)
2026-01-13 21:38:26 | ANALYZE: DUPLICATE PART SKIPPED - N1SCR04-730-PL12.ipt (already processed)
2026-01-13 21:38:26 | ANALYZE: DUPLICATE PART SKIPPED - N1SCR04-730-PL13.ipt (already processed)
2026-01-13 21:38:26 | ANALYZE: DUPLICATE PART SKIPPED - N1SCR04-730-PL13.ipt (already processed)
2026-01-13 21:38:26 | ANALYZE: DUPLICATE PART SKIPPED - N1SCR04-730-FL1.ipt (already processed)
2026-01-13 21:38:26 | ANALYZE: DUPLICATE PART SKIPPED - N1SCR04-730-FL1.ipt (already processed)
2026-01-13 21:38:26 | ANALYZE: DUPLICATE PART SKIPPED - N1SCR04-730-PL12.ipt (already processed)
2026-01-13 21:38:26 | ANALYZE: DUPLICATE PART SKIPPED - N1SCR04-730-PL13.ipt (already processed)
2026-01-13 21:38:26 | ANALYZE: DUPLICATE PART SKIPPED - N1SCR04-730-PL13.ipt (already processed)
2026-01-13 21:38:26 | ANALYZE: DUPLICATE PART SKIPPED - N1SCR04-730-FL1.ipt (already processed)
2026-01-13 21:38:26 | ANALYZE: DUPLICATE PART SKIPPED - N1SCR04-730-FL1.ipt (already processed)
2026-01-13 21:38:26 | ANALYZE: DUPLICATE PART SKIPPED - N1SCR04-730-PL12.ipt (already processed)
2026-01-13 21:38:26 | ANALYZE: DUPLICATE PART SKIPPED - N1SCR04-730-PL13.ipt (already processed)
2026-01-13 21:38:26 | ANALYZE: DUPLICATE PART SKIPPED - N1SCR04-730-PL13.ipt (already processed)
2026-01-13 21:38:26 | ANALYZE: DUPLICATE PART SKIPPED - N1SCR04-730-FL1.ipt (already processed)
2026-01-13 21:38:26 | ANALYZE: DUPLICATE PART SKIPPED - N1SCR04-730-FL1.ipt (already processed)
2026-01-13 21:38:26 | ANALYZE: DUPLICATE PART SKIPPED - N1SCR04-730-PL12.ipt (already processed)
2026-01-13 21:38:26 | ANALYZE: DUPLICATE PART SKIPPED - N1SCR04-730-PL13.ipt (already processed)
2026-01-13 21:38:26 | ANALYZE: DUPLICATE PART SKIPPED - N1SCR04-730-PL13.ipt (already processed)
2026-01-13 21:38:26 | ANALYZE: DUPLICATE PART SKIPPED - N1SCR04-730-FL1.ipt (already processed)
2026-01-13 21:38:26 | ANALYZE: DUPLICATE PART SKIPPED - N1SCR04-730-FL1.ipt (already processed)
2026-01-13 21:38:26 | ANALYZE: PART - N1SCR04-730-PL14.ipt -> Description: PL 25mm S355JR -> Group: PL (from Head Box.iam)
2026-01-13 21:38:26 | ANALYZE: PART - N1SCR04-730-PL15.ipt -> Description: PL 20mm S355JR -> Group: PL (from Head Box.iam)
2026-01-13 21:38:26 | ANALYZE: DUPLICATE PART SKIPPED - N1SCR04-730-PL14.ipt (already processed)
2026-01-13 21:38:26 | ANALYZE: DUPLICATE PART SKIPPED - N1SCR04-730-PL15.ipt (already processed)
2026-01-13 21:38:26 | ANALYZE: DUPLICATE PART SKIPPED - N1SCR04-730-PL14.ipt (already processed)
2026-01-13 21:38:26 | ANALYZE: DUPLICATE PART SKIPPED - N1SCR04-730-PL15.ipt (already processed)
2026-01-13 21:38:26 | ANALYZE: DUPLICATE PART SKIPPED - N1SCR04-730-PL14.ipt (already processed)
2026-01-13 21:38:26 | ANALYZE: DUPLICATE PART SKIPPED - N1SCR04-730-PL15.ipt (already processed)
2026-01-13 21:38:26 | ANALYZE: DUPLICATE PART SKIPPED - N1SCR04-730-PL14.ipt (already processed)
2026-01-13 21:38:26 | ANALYZE: DUPLICATE PART SKIPPED - N1SCR04-730-PL15.ipt (already processed)
2026-01-13 21:38:26 | ANALYZE: DUPLICATE PART SKIPPED - N1SCR04-730-PL14.ipt (already processed)
2026-01-13 21:38:26 | ANALYZE: DUPLICATE PART SKIPPED - N1SCR04-730-PL15.ipt (already processed)
2026-01-13 21:38:26 | ANALYZE: PART - N1SCR04-730-PL16.ipt -> Description: PL 8mm S355JR -> Group: PL (from Head Box.iam)
2026-01-13 21:38:26 | ANALYZE: DUPLICATE PART SKIPPED - N1SCR04-730-PL16.ipt (already processed)
2026-01-13 21:38:26 | ANALYZE: DUPLICATE PART SKIPPED - N1SCR04-730-PL16.ipt (already processed)
2026-01-13 21:38:26 | ANALYZE: DUPLICATE PART SKIPPED - N1SCR04-730-PL16.ipt (already processed)
2026-01-13 21:38:26 | ANALYZE: RECURSING into sub-assembly - Lid-1.iam
2026-01-13 21:38:26 | ANALYZE: Processing assembly - Lid-1.iam (Level: ROOT>Lid-1.iam)
2026-01-13 21:38:26 | ANALYZE: Found 17 occurrences in Lid-1.iam
2026-01-13 21:38:26 | ANALYZE: PART - Part1.ipt -> Description: PL 6mm S355jR -> Group: PL (from Lid-1.iam)
2026-01-13 21:38:26 | ANALYZE: PART - TEST01-A9.ipt -> Description: L60x60x6 -> Group: A (from Lid-1.iam)
2026-01-13 21:38:26 | ANALYZE: PART - TEST01-FL2.ipt -> Description: FL50x8 -> Group: FL (from Lid-1.iam)
2026-01-13 21:38:26 | ANALYZE: DUPLICATE PART SKIPPED - TEST01-FL2.ipt (already processed)
2026-01-13 21:38:26 | ANALYZE: DUPLICATE PART SKIPPED - TEST01-FL2.ipt (already processed)
2026-01-13 21:38:26 | ANALYZE: PART - TEST01-FL3.ipt -> Description: FL50x8 -> Group: FL (from Lid-1.iam)
2026-01-13 21:38:26 | ANALYZE: DUPLICATE PART SKIPPED - TEST01-FL3.ipt (already processed)
2026-01-13 21:38:26 | ANALYZE: PART - TEST01-FL4.ipt -> Description: FL50x8 -> Group: FL (from Lid-1.iam)
2026-01-13 21:38:26 | ANALYZE: DUPLICATE PART SKIPPED - TEST01-FL4.ipt (already processed)
2026-01-13 21:38:26 | ANALYZE: DUPLICATE PART SKIPPED - TEST01-FL3.ipt (already processed)
2026-01-13 21:38:26 | ANALYZE: DUPLICATE PART SKIPPED - TEST01-FL3.ipt (already processed)
2026-01-13 21:38:26 | ANALYZE: DUPLICATE PART SKIPPED - TEST01-FL4.ipt (already processed)
2026-01-13 21:38:26 | ANALYZE: DUPLICATE PART SKIPPED - TEST01-FL4.ipt (already processed)
2026-01-13 21:38:26 | ANALYZE: PART - TEST01-PART1.ipt -> Description: R16 -> Group: R (from Lid-1.iam)
2026-01-13 21:38:26 | ANALYZE: Created new group - R
2026-01-13 21:38:26 | ANALYZE: DUPLICATE PART SKIPPED - TEST01-PART1.ipt (already processed)
2026-01-13 21:38:26 | ANALYZE: DUPLICATE PART SKIPPED - TEST01-PART1.ipt (already processed)
2026-01-13 21:38:26 | ANALYZE: DUPLICATE PART SKIPPED - TEST01-PART1.ipt (already processed)
2026-01-13 21:38:26 | ANALYZE: RECURSING into sub-assembly - Lid-1.iam
2026-01-13 21:38:26 | ANALYZE: Processing assembly - Lid-1.iam (Level: ROOT>Lid-1.iam)
2026-01-13 21:38:26 | ANALYZE: Found 17 occurrences in Lid-1.iam
2026-01-13 21:38:26 | ANALYZE: DUPLICATE PART SKIPPED - Part1.ipt (already processed)
2026-01-13 21:38:26 | ANALYZE: DUPLICATE PART SKIPPED - TEST01-A9.ipt (already processed)
2026-01-13 21:38:26 | ANALYZE: DUPLICATE PART SKIPPED - TEST01-FL2.ipt (already processed)
2026-01-13 21:38:26 | ANALYZE: DUPLICATE PART SKIPPED - TEST01-FL2.ipt (already processed)
2026-01-13 21:38:26 | ANALYZE: DUPLICATE PART SKIPPED - TEST01-FL2.ipt (already processed)
2026-01-13 21:38:26 | ANALYZE: DUPLICATE PART SKIPPED - TEST01-FL3.ipt (already processed)
2026-01-13 21:38:26 | ANALYZE: DUPLICATE PART SKIPPED - TEST01-FL3.ipt (already processed)
2026-01-13 21:38:26 | ANALYZE: DUPLICATE PART SKIPPED - TEST01-FL4.ipt (already processed)
2026-01-13 21:38:26 | ANALYZE: DUPLICATE PART SKIPPED - TEST01-FL4.ipt (already processed)
2026-01-13 21:38:26 | ANALYZE: DUPLICATE PART SKIPPED - TEST01-FL3.ipt (already processed)
2026-01-13 21:38:26 | ANALYZE: DUPLICATE PART SKIPPED - TEST01-FL3.ipt (already processed)
2026-01-13 21:38:26 | ANALYZE: DUPLICATE PART SKIPPED - TEST01-FL4.ipt (already processed)
2026-01-13 21:38:26 | ANALYZE: DUPLICATE PART SKIPPED - TEST01-FL4.ipt (already processed)
2026-01-13 21:38:26 | ANALYZE: DUPLICATE PART SKIPPED - TEST01-PART1.ipt (already processed)
2026-01-13 21:38:26 | ANALYZE: DUPLICATE PART SKIPPED - TEST01-PART1.ipt (already processed)
2026-01-13 21:38:26 | ANALYZE: DUPLICATE PART SKIPPED - TEST01-PART1.ipt (already processed)
2026-01-13 21:38:26 | ANALYZE: DUPLICATE PART SKIPPED - TEST01-PART1.ipt (already processed)
2026-01-13 21:38:26 | ANALYZE: RECURSING into sub-assembly - Lid-2.iam
2026-01-13 21:38:26 | ANALYZE: Processing assembly - Lid-2.iam (Level: ROOT>Lid-2.iam)
2026-01-13 21:38:26 | ANALYZE: Found 18 occurrences in Lid-2.iam
2026-01-13 21:38:27 | ANALYZE: PART - TEST01-PL18.ipt -> Description: PL 6mm S355JR -> Group: PL (from Lid-2.iam)
2026-01-13 21:38:27 | ANALYZE: PART - TEST01-A10.ipt -> Description: L60x60x6 -> Group: A (from Lid-2.iam)
2026-01-13 21:38:27 | ANALYZE: PART - TEST01-FL5.ipt -> Description: FL50x8 -> Group: FL (from Lid-2.iam)
2026-01-13 21:38:27 | ANALYZE: DUPLICATE PART SKIPPED - TEST01-FL5.ipt (already processed)
2026-01-13 21:38:27 | ANALYZE: DUPLICATE PART SKIPPED - TEST01-FL5.ipt (already processed)
2026-01-13 21:38:27 | ANALYZE: DUPLICATE PART SKIPPED - TEST01-A10.ipt (already processed)
2026-01-13 21:38:27 | ANALYZE: PART - TEST01-FL6.ipt -> Description: FL50x8 -> Group: FL (from Lid-2.iam)
2026-01-13 21:38:27 | ANALYZE: DUPLICATE PART SKIPPED - TEST01-FL6.ipt (already processed)
2026-01-13 21:38:27 | ANALYZE: PART - TEST01-FL7.ipt -> Description: FL50x8 -> Group: FL (from Lid-2.iam)
2026-01-13 21:38:27 | ANALYZE: DUPLICATE PART SKIPPED - TEST01-FL7.ipt (already processed)
2026-01-13 21:38:27 | ANALYZE: DUPLICATE PART SKIPPED - TEST01-FL6.ipt (already processed)
2026-01-13 21:38:27 | ANALYZE: DUPLICATE PART SKIPPED - TEST01-FL6.ipt (already processed)
2026-01-13 21:38:27 | ANALYZE: DUPLICATE PART SKIPPED - TEST01-FL7.ipt (already processed)
2026-01-13 21:38:27 | ANALYZE: DUPLICATE PART SKIPPED - TEST01-FL7.ipt (already processed)
2026-01-13 21:38:27 | ANALYZE: PART - TEST01-PART2.ipt -> Description: R16 -> Group: R (from Lid-2.iam)
2026-01-13 21:38:27 | ANALYZE: DUPLICATE PART SKIPPED - TEST01-PART2.ipt (already processed)
2026-01-13 21:38:27 | ANALYZE: DUPLICATE PART SKIPPED - TEST01-PART2.ipt (already processed)
2026-01-13 21:38:27 | ANALYZE: DUPLICATE PART SKIPPED - TEST01-PART2.ipt (already processed)
2026-01-13 21:38:27 | ANALYZE: SKIPPING Bolted Connection1.iam (bolted connection assembly)
2026-01-13 21:38:27 | ANALYZE: SKIPPING Bolted Connection2.iam (bolted connection assembly)
2026-01-13 21:38:27 | ANALYZE: PART - N1SCR04-730-PL19.ipt -> Description: PL 6mm S355JR -> Group: PL (from N1SCR04-730.iam)
2026-01-13 21:38:27 | ANALYZE: DUPLICATE PART SKIPPED - N1SCR04-730-PL19.ipt (already processed)
2026-01-13 21:38:27 | ANALYZE: DUPLICATE PART SKIPPED - N1SCR04-730-PL19.ipt (already processed)
2026-01-13 21:38:27 | ANALYZE: DUPLICATE PART SKIPPED - N1SCR04-730-PL19.ipt (already processed)
2026-01-13 21:38:27 | ANALYZE: DUPLICATE PART SKIPPED - N1SCR04-730-PL19.ipt (already processed)
2026-01-13 21:38:27 | ANALYZE: DUPLICATE PART SKIPPED - N1SCR04-730-PL19.ipt (already processed)
2026-01-13 21:38:27 | ANALYZE: DUPLICATE PART SKIPPED - N1SCR04-730-PL19.ipt (already processed)
2026-01-13 21:38:27 | ANALYZE: DUPLICATE PART SKIPPED - N1SCR04-730-PL19.ipt (already processed)
2026-01-13 21:38:27 | ANALYZE: DUPLICATE PART SKIPPED - N1SCR04-730-PL19.ipt (already processed)
2026-01-13 21:38:27 | ANALYZE: DUPLICATE PART SKIPPED - N1SCR04-730-PL19.ipt (already processed)
2026-01-13 21:38:27 | ANALYZE: DUPLICATE PART SKIPPED - N1SCR04-730-PL19.ipt (already processed)
2026-01-13 21:38:27 | ANALYZE: DUPLICATE PART SKIPPED - N1SCR04-730-PL19.ipt (already processed)
2026-01-13 21:38:27 | ANALYZE: DUPLICATE PART SKIPPED - N1SCR04-730-PL19.ipt (already processed)
2026-01-13 21:38:27 | ANALYZE: DUPLICATE PART SKIPPED - N1SCR04-730-PL19.ipt (already processed)
2026-01-13 21:38:27 | ANALYZE: DUPLICATE PART SKIPPED - N1SCR04-730-PL19.ipt (already processed)
2026-01-13 21:38:27 | ANALYZE: DUPLICATE PART SKIPPED - N1SCR04-730-PL19.ipt (already processed)
2026-01-13 21:38:27 | ANALYZE: DUPLICATE PART SKIPPED - N1SCR04-730-PL19.ipt (already processed)
2026-01-13 21:38:27 | ANALYZE: DUPLICATE PART SKIPPED - N1SCR04-730-PL19.ipt (already processed)
2026-01-13 21:38:27 | ANALYZE: DUPLICATE PART SKIPPED - N1SCR04-730-PL19.ipt (already processed)
2026-01-13 21:38:27 | ANALYZE: DUPLICATE PART SKIPPED - N1SCR04-730-PL19.ipt (already processed)
2026-01-13 21:38:27 | ANALYZE: DUPLICATE PART SKIPPED - N1SCR04-730-PL19.ipt (already processed)
2026-01-13 21:38:27 | ANALYZE: DUPLICATE PART SKIPPED - N1SCR04-730-PL19.ipt (already processed)
2026-01-13 21:38:27 | ANALYZE: DUPLICATE PART SKIPPED - N1SCR04-730-PL19.ipt (already processed)
2026-01-13 21:38:27 | ANALYZE: DUPLICATE PART SKIPPED - N1SCR04-730-PL19.ipt (already processed)
2026-01-13 21:38:27 | ANALYZE: DUPLICATE PART SKIPPED - N1SCR04-730-PL19.ipt (already processed)
2026-01-13 21:38:27 | ANALYZE: DUPLICATE PART SKIPPED - N1SCR04-730-PL19.ipt (already processed)
2026-01-13 21:38:27 | ANALYZE: DUPLICATE PART SKIPPED - N1SCR04-730-PL19.ipt (already processed)
2026-01-13 21:38:27 | ANALYZE: DUPLICATE PART SKIPPED - N1SCR04-730-PL19.ipt (already processed)
2026-01-13 21:38:27 | ANALYZE: DUPLICATE PART SKIPPED - N1SCR04-730-PL19.ipt (already processed)
2026-01-13 21:38:27 | ANALYZE: DUPLICATE PART SKIPPED - N1SCR04-730-PL19.ipt (already processed)
2026-01-13 21:38:27 | ANALYZE: DUPLICATE PART SKIPPED - N1SCR04-730-PL19.ipt (already processed)
2026-01-13 21:38:27 | ANALYZE: DUPLICATE PART SKIPPED - N1SCR04-730-PL19.ipt (already processed)
2026-01-13 21:38:27 | ANALYZE: DUPLICATE PART SKIPPED - N1SCR04-730-PL19.ipt (already processed)
2026-01-13 21:38:27 | ANALYZE: DUPLICATE PART SKIPPED - N1SCR04-730-PL19.ipt (already processed)
2026-01-13 21:38:27 | ANALYZE: DUPLICATE PART SKIPPED - N1SCR04-730-PL19.ipt (already processed)
2026-01-13 21:38:27 | ANALYZE: DUPLICATE PART SKIPPED - N1SCR04-730-PL19.ipt (already processed)
2026-01-13 21:38:27 | ANALYZE: Recursive processing completed - Total unique parts processed: 44
2026-01-13 21:38:27 | ANALYZE: Created 6 component groups
2026-01-13 21:38:27 | DEBUG GROUP: 'PL' contains 19 components:
2026-01-13 21:38:27 |   - C:\Users\Quintin\Documents\Spectiv\3. Working\22. DMS plant\21. SSCR04 - Primary Floats D&R Screen Station\730 CM Head Box\Head box\N1SCR04-730-PL1.ipt
2026-01-13 21:38:27 |   - C:\Users\Quintin\Documents\Spectiv\3. Working\22. DMS plant\21. SSCR04 - Primary Floats D&R Screen Station\730 CM Head Box\Head box\N1SCR04-730-PL2.ipt
2026-01-13 21:38:27 |   - C:\Users\Quintin\Documents\Spectiv\3. Working\22. DMS plant\21. SSCR04 - Primary Floats D&R Screen Station\730 CM Head Box\Head box\N1SCR04-730-PL3.ipt
2026-01-13 21:38:27 |   - C:\Users\Quintin\Documents\Spectiv\3. Working\22. DMS plant\21. SSCR04 - Primary Floats D&R Screen Station\730 CM Head Box\Head box\N1SCR04-730-PL4.ipt
2026-01-13 21:38:27 |   - C:\Users\Quintin\Documents\Spectiv\3. Working\22. DMS plant\21. SSCR04 - Primary Floats D&R Screen Station\730 CM Head Box\Head box\N1SCR04-730-PL5.ipt
2026-01-13 21:38:27 |   - C:\Users\Quintin\Documents\Spectiv\3. Working\22. DMS plant\21. SSCR04 - Primary Floats D&R Screen Station\730 CM Head Box\Head box\N1SCR04-730-PL6.ipt
2026-01-13 21:38:27 |   - C:\Users\Quintin\Documents\Spectiv\3. Working\22. DMS plant\21. SSCR04 - Primary Floats D&R Screen Station\730 CM Head Box\Head box\N1SCR04-730-PL7.ipt
2026-01-13 21:38:27 |   - C:\Users\Quintin\Documents\Spectiv\3. Working\22. DMS plant\21. SSCR04 - Primary Floats D&R Screen Station\730 CM Head Box\Head box\N1SCR04-730-PL8.ipt
2026-01-13 21:38:27 |   - C:\Users\Quintin\Documents\Spectiv\3. Working\22. DMS plant\21. SSCR04 - Primary Floats D&R Screen Station\730 CM Head Box\Head box\N1SCR04-730-PL9.ipt
2026-01-13 21:38:27 |   - C:\Users\Quintin\Documents\Spectiv\3. Working\22. DMS plant\21. SSCR04 - Primary Floats D&R Screen Station\730 CM Head Box\Head box\N1SCR04-730-PL10.ipt
2026-01-13 21:38:27 |   - C:\Users\Quintin\Documents\Spectiv\3. Working\22. DMS plant\21. SSCR04 - Primary Floats D&R Screen Station\730 CM Head Box\Head box\N1SCR04-730-PL11.ipt
2026-01-13 21:38:27 |   - C:\Users\Quintin\Documents\Spectiv\3. Working\22. DMS plant\21. SSCR04 - Primary Floats D&R Screen Station\730 CM Head Box\Head box\N1SCR04-730-PL12.ipt
2026-01-13 21:38:27 |   - C:\Users\Quintin\Documents\Spectiv\3. Working\22. DMS plant\21. SSCR04 - Primary Floats D&R Screen Station\730 CM Head Box\Head box\N1SCR04-730-PL13.ipt
2026-01-13 21:38:27 |   - C:\Users\Quintin\Documents\Spectiv\3. Working\22. DMS plant\21. SSCR04 - Primary Floats D&R Screen Station\730 CM Head Box\Head box\N1SCR04-730-PL14.ipt
2026-01-13 21:38:27 |   - C:\Users\Quintin\Documents\Spectiv\3. Working\22. DMS plant\21. SSCR04 - Primary Floats D&R Screen Station\730 CM Head Box\Head box\N1SCR04-730-PL15.ipt
2026-01-13 21:38:27 |   - C:\Users\Quintin\Documents\Spectiv\3. Working\22. DMS plant\21. SSCR04 - Primary Floats D&R Screen Station\730 CM Head Box\Head box\N1SCR04-730-PL16.ipt
2026-01-13 21:38:27 |   - C:\Users\Quintin\Documents\Spectiv\3. Working\22. DMS plant\21. SSCR04 - Primary Floats D&R Screen Station\730 CM Head Box\Lid-1\Part1.ipt
2026-01-13 21:38:27 |   - C:\Users\Quintin\Documents\Spectiv\3. Working\22. DMS plant\21. SSCR04 - Primary Floats D&R Screen Station\730 CM Head Box\Unrenamed Parts\TEST01-PL18.ipt
2026-01-13 21:38:27 |   - C:\Users\Quintin\Documents\Spectiv\3. Working\22. DMS plant\21. SSCR04 - Primary Floats D&R Screen Station\730 CM Head Box\Head box\N1SCR04-730-PL19.ipt
2026-01-13 21:38:27 | DEBUG GROUP: 'P' contains 3 components:
2026-01-13 21:38:27 |   - C:\Users\Quintin\Documents\Spectiv\3. Working\22. DMS plant\21. SSCR04 - Primary Floats D&R Screen Station\730 CM Head Box\Head box\N1SCR04-730-FLG1.ipt
2026-01-13 21:38:27 |   - C:\Users\Quintin\Documents\Spectiv\3. Working\22. DMS plant\21. SSCR04 - Primary Floats D&R Screen Station\730 CM Head Box\Head box\N1SCR04-730-FLG3.ipt
2026-01-13 21:38:27 |   - C:\Users\Quintin\Documents\Spectiv\3. Working\22. DMS plant\21. SSCR04 - Primary Floats D&R Screen Station\730 CM Head Box\Head box\N1SCR04-730-FLG5.ipt
2026-01-13 21:38:27 | DEBUG GROUP: 'FLG' contains 3 components:
2026-01-13 21:38:27 |   - C:\Users\Quintin\Documents\Spectiv\3. Working\22. DMS plant\21. SSCR04 - Primary Floats D&R Screen Station\730 CM Head Box\Head box\N1SCR04-730-FLG2.ipt
2026-01-13 21:38:27 |   - C:\Users\Quintin\Documents\Spectiv\3. Working\22. DMS plant\21. SSCR04 - Primary Floats D&R Screen Station\730 CM Head Box\Head box\N1SCR04-730-FLG4.ipt
2026-01-13 21:38:27 |   - C:\Users\Quintin\Documents\Spectiv\3. Working\22. DMS plant\21. SSCR04 - Primary Floats D&R Screen Station\730 CM Head Box\Head box\N1SCR04-730-FLG6.ipt
2026-01-13 21:38:27 | DEBUG GROUP: 'A' contains 10 components:
2026-01-13 21:38:27 |   - C:\Users\Quintin\Documents\Spectiv\3. Working\22. DMS plant\21. SSCR04 - Primary Floats D&R Screen Station\730 CM Head Box\Head box\N1SCR04-730-A1.ipt
2026-01-13 21:38:27 |   - C:\Users\Quintin\Documents\Spectiv\3. Working\22. DMS plant\21. SSCR04 - Primary Floats D&R Screen Station\730 CM Head Box\Head box\N1SCR04-730-A2.ipt
2026-01-13 21:38:27 |   - C:\Users\Quintin\Documents\Spectiv\3. Working\22. DMS plant\21. SSCR04 - Primary Floats D&R Screen Station\730 CM Head Box\Head box\N1SCR04-730-A3.ipt
2026-01-13 21:38:27 |   - C:\Users\Quintin\Documents\Spectiv\3. Working\22. DMS plant\21. SSCR04 - Primary Floats D&R Screen Station\730 CM Head Box\Head box\N1SCR04-730-A4.ipt
2026-01-13 21:38:27 |   - C:\Users\Quintin\Documents\Spectiv\3. Working\22. DMS plant\21. SSCR04 - Primary Floats D&R Screen Station\730 CM Head Box\Head box\N1SCR04-730-A5.ipt
2026-01-13 21:38:27 |   - C:\Users\Quintin\Documents\Spectiv\3. Working\22. DMS plant\21. SSCR04 - Primary Floats D&R Screen Station\730 CM Head Box\Head box\N1SCR04-730-A6.ipt
2026-01-13 21:38:27 |   - C:\Users\Quintin\Documents\Spectiv\3. Working\22. DMS plant\21. SSCR04 - Primary Floats D&R Screen Station\730 CM Head Box\Head box\N1SCR04-730-A7.ipt
2026-01-13 21:38:27 |   - C:\Users\Quintin\Documents\Spectiv\3. Working\22. DMS plant\21. SSCR04 - Primary Floats D&R Screen Station\730 CM Head Box\Head box\N1SCR04-730-A8.ipt
2026-01-13 21:38:27 |   - C:\Users\Quintin\Documents\Spectiv\3. Working\22. DMS plant\21. SSCR04 - Primary Floats D&R Screen Station\730 CM Head Box\Head box\TEST01-A9.ipt
2026-01-13 21:38:27 |   - C:\Users\Quintin\Documents\Spectiv\3. Working\22. DMS plant\21. SSCR04 - Primary Floats D&R Screen Station\730 CM Head Box\Head box\TEST01-A10.ipt
2026-01-13 21:38:27 | DEBUG GROUP: 'FL' contains 7 components:
2026-01-13 21:38:27 |   - C:\Users\Quintin\Documents\Spectiv\3. Working\22. DMS plant\21. SSCR04 - Primary Floats D&R Screen Station\730 CM Head Box\Head box\N1SCR04-730-FL1.ipt
2026-01-13 21:38:27 |   - C:\Users\Quintin\Documents\Spectiv\3. Working\22. DMS plant\21. SSCR04 - Primary Floats D&R Screen Station\730 CM Head Box\Head box\TEST01-FL2.ipt
2026-01-13 21:38:27 |   - C:\Users\Quintin\Documents\Spectiv\3. Working\22. DMS plant\21. SSCR04 - Primary Floats D&R Screen Station\730 CM Head Box\Head box\TEST01-FL3.ipt
2026-01-13 21:38:27 |   - C:\Users\Quintin\Documents\Spectiv\3. Working\22. DMS plant\21. SSCR04 - Primary Floats D&R Screen Station\730 CM Head Box\Head box\TEST01-FL4.ipt
2026-01-13 21:38:27 |   - C:\Users\Quintin\Documents\Spectiv\3. Working\22. DMS plant\21. SSCR04 - Primary Floats D&R Screen Station\730 CM Head Box\Head box\TEST01-FL5.ipt
2026-01-13 21:38:27 |   - C:\Users\Quintin\Documents\Spectiv\3. Working\22. DMS plant\21. SSCR04 - Primary Floats D&R Screen Station\730 CM Head Box\Head box\TEST01-FL6.ipt
2026-01-13 21:38:27 |   - C:\Users\Quintin\Documents\Spectiv\3. Working\22. DMS plant\21. SSCR04 - Primary Floats D&R Screen Station\730 CM Head Box\Head box\TEST01-FL7.ipt
2026-01-13 21:38:27 | DEBUG GROUP: 'R' contains 2 components:
2026-01-13 21:38:27 |   - C:\Users\Quintin\Documents\Spectiv\3. Working\22. DMS plant\21. SSCR04 - Primary Floats D&R Screen Station\730 CM Head Box\Head box\TEST01-PART1.ipt
2026-01-13 21:38:27 |   - C:\Users\Quintin\Documents\Spectiv\3. Working\22. DMS plant\21. SSCR04 - Primary Floats D&R Screen Station\730 CM Head Box\Head box\TEST01-PART2.ipt
2026-01-13 21:38:27 | STEP 3: Getting plant section naming convention
2026-01-13 21:38:27 | PLANT: Getting plant section naming convention from user
2026-01-13 21:38:30 | PLANT: Using custom naming convention: AB-
2026-01-13 21:38:31 | STEP 4: Showing component groups summary
2026-01-13 21:38:31 | SUMMARY: Showing component groups to user
2026-01-13 21:38:32 | SUMMARY: User approved component groups
2026-01-13 21:38:32 | STEP 5: Getting user naming schemes for component groups
2026-01-13 21:38:32 | INPUT: Getting user naming schemes for 6 groups
2026-01-13 21:38:34 | INPUT: Group 'PL' -> Scheme: AB-PL{N}
2026-01-13 21:38:35 | INPUT: Group 'P' -> Scheme: AB-P{N}
2026-01-13 21:38:36 | INPUT: Group 'FLG' -> Scheme: AB-FLG{N}
2026-01-13 21:38:37 | INPUT: Group 'A' -> Scheme: AB-A{N}
2026-01-13 21:38:38 | INPUT: Group 'FL' -> Scheme: AB-FL{N}
2026-01-13 21:38:39 | INPUT: Group 'R' -> Scheme: AB-R{N}
2026-01-13 21:38:39 | STEP 6: Creating heritage-based copies with user naming
2026-01-13 21:38:39 | HERITAGE: Creating dynamic heritage-based copies
2026-01-13 21:38:39 | HERITAGE: Scanning mapping file for existing heritage files to continue numbering
2026-01-13 21:38:39 | SCAN: Scanning Registry for existing counters to continue numbering with prefix: AB-
2026-01-13 21:38:39 | SCAN: No existing counter for: AB-CH (will start from 1)
2026-01-13 21:38:39 | SCAN: No existing counter for: AB-PL (will start from 1)
2026-01-13 21:38:39 | SCAN: No existing counter for: AB-B (will start from 1)
2026-01-13 21:38:39 | SCAN: No existing counter for: AB-A (will start from 1)
2026-01-13 21:38:39 | SCAN: No existing counter for: AB-P (will start from 1)
2026-01-13 21:38:39 | SCAN: No existing counter for: AB-SQ (will start from 1)
2026-01-13 21:38:39 | SCAN: No existing counter for: AB-FL (will start from 1)
2026-01-13 21:38:39 | SCAN: No existing counter for: AB-LPL (will start from 1)
2026-01-13 21:38:39 | SCAN: No existing counter for: AB-IPE (will start from 1)
2026-01-13 21:38:39 | SCAN: No existing counter for: AB-OTHER (will start from 1)
2026-01-13 21:38:39 | SCAN: No existing counters found in Registry - starting fresh
2026-01-13 21:38:39 | EXTRACT: Processing naming scheme: AB-PL{N}
2026-01-13 21:38:39 | EXTRACT: Extracted prefix: 'AB-'
2026-01-13 21:38:39 | HERITAGE: Checking for existing counter with key: 'AB-PL'
2026-01-13 21:38:39 | HERITAGE: Group 'PL' starting from number 1 (new prefix or group - key 'AB-PL' not found)
2026-01-13 21:38:39 | HERITAGE: DEBUG - No existing counters found
2026-01-13 21:38:39 | HERITAGE: Processing group 'PL' with scheme: AB-PL{N}
2026-01-13 21:38:39 | HERITAGE: N1SCR04-730-PL1.ipt -> AB-PL1.ipt
2026-01-13 21:38:39 | MAPPING: C:\Users\Quintin\Documents\Spectiv\3. Working\22. DMS plant\21. SSCR04 - Primary Floats D&R Screen Station\730 CM Head Box\Head box\N1SCR04-730-PL1.ipt -> C:\Users\Quintin\Documents\Spectiv\3. Working\22. DMS plant\21. SSCR04 - Primary Floats D&R Screen Station\730 CM Head Box\Head box\AB-PL1.ipt
2026-01-13 21:38:39 | HERITAGE: Creating new file: AB-PL1.ipt
2026-01-13 21:38:39 | HERITAGE: ERROR - Could not open C:\Users\Quintin\Documents\Spectiv\3. Working\22. DMS plant\21. SSCR04 - Primary Floats D&R Screen Station\730 CM Head Box\Head box\N1SCR04-730-PL1.ipt: Invalid procedure call or argument
2026-01-13 21:38:39 | HERITAGE: N1SCR04-730-PL2.ipt -> AB-PL2.ipt
2026-01-13 21:38:39 | MAPPING: C:\Users\Quintin\Documents\Spectiv\3. Working\22. DMS plant\21. SSCR04 - Primary Floats D&R Screen Station\730 CM Head Box\Head box\N1SCR04-730-PL2.ipt -> C:\Users\Quintin\Documents\Spectiv\3. Working\22. DMS plant\21. SSCR04 - Primary Floats D&R Screen Station\730 CM Head Box\Head box\AB-PL2.ipt
2026-01-13 21:38:39 | HERITAGE: Creating new file: AB-PL2.ipt
2026-01-13 21:38:39 | HERITAGE: ERROR - Could not open C:\Users\Quintin\Documents\Spectiv\3. Working\22. DMS plant\21. SSCR04 - Primary Floats D&R Screen Station\730 CM Head Box\Head box\N1SCR04-730-PL2.ipt: Invalid procedure call or argument
2026-01-13 21:38:39 | HERITAGE: N1SCR04-730-PL3.ipt -> AB-PL3.ipt
2026-01-13 21:38:39 | MAPPING: C:\Users\Quintin\Documents\Spectiv\3. Working\22. DMS plant\21. SSCR04 - Primary Floats D&R Screen Station\730 CM Head Box\Head box\N1SCR04-730-PL3.ipt -> C:\Users\Quintin\Documents\Spectiv\3. Working\22. DMS plant\21. SSCR04 - Primary Floats D&R Screen Station\730 CM Head Box\Head box\AB-PL3.ipt
2026-01-13 21:38:39 | HERITAGE: Creating new file: AB-PL3.ipt
2026-01-13 21:38:39 | HERITAGE: ERROR - Could not open C:\Users\Quintin\Documents\Spectiv\3. Working\22. DMS plant\21. SSCR04 - Primary Floats D&R Screen Station\730 CM Head Box\Head box\N1SCR04-730-PL3.ipt: Invalid procedure call or argument
2026-01-13 21:38:39 | HERITAGE: N1SCR04-730-PL4.ipt -> AB-PL4.ipt
2026-01-13 21:38:39 | MAPPING: C:\Users\Quintin\Documents\Spectiv\3. Working\22. DMS plant\21. SSCR04 - Primary Floats D&R Screen Station\730 CM Head Box\Head box\N1SCR04-730-PL4.ipt -> C:\Users\Quintin\Documents\Spectiv\3. Working\22. DMS plant\21. SSCR04 - Primary Floats D&R Screen Station\730 CM Head Box\Head box\AB-PL4.ipt
2026-01-13 21:38:39 | HERITAGE: Creating new file: AB-PL4.ipt
2026-01-13 21:38:39 | HERITAGE: ERROR - Could not open C:\Users\Quintin\Documents\Spectiv\3. Working\22. DMS plant\21. SSCR04 - Primary Floats D&R Screen Station\730 CM Head Box\Head box\N1SCR04-730-PL4.ipt: Invalid procedure call or argument
2026-01-13 21:38:39 | HERITAGE: N1SCR04-730-PL5.ipt -> AB-PL5.ipt
2026-01-13 21:38:39 | MAPPING: C:\Users\Quintin\Documents\Spectiv\3. Working\22. DMS plant\21. SSCR04 - Primary Floats D&R Screen Station\730 CM Head Box\Head box\N1SCR04-730-PL5.ipt -> C:\Users\Quintin\Documents\Spectiv\3. Working\22. DMS plant\21. SSCR04 - Primary Floats D&R Screen Station\730 CM Head Box\Head box\AB-PL5.ipt
2026-01-13 21:38:39 | HERITAGE: Creating new file: AB-PL5.ipt
2026-01-13 21:38:39 | HERITAGE: ERROR - Could not open C:\Users\Quintin\Documents\Spectiv\3. Working\22. DMS plant\21. SSCR04 - Primary Floats D&R Screen Station\730 CM Head Box\Head box\N1SCR04-730-PL5.ipt: Invalid procedure call or argument
2026-01-13 21:38:39 | HERITAGE: N1SCR04-730-PL6.ipt -> AB-PL6.ipt
2026-01-13 21:38:39 | MAPPING: C:\Users\Quintin\Documents\Spectiv\3. Working\22. DMS plant\21. SSCR04 - Primary Floats D&R Screen Station\730 CM Head Box\Head box\N1SCR04-730-PL6.ipt -> C:\Users\Quintin\Documents\Spectiv\3. Working\22. DMS plant\21. SSCR04 - Primary Floats D&R Screen Station\730 CM Head Box\Head box\AB-PL6.ipt
2026-01-13 21:38:39 | HERITAGE: Creating new file: AB-PL6.ipt
2026-01-13 21:38:39 | HERITAGE: ERROR - Could not open C:\Users\Quintin\Documents\Spectiv\3. Working\22. DMS plant\21. SSCR04 - Primary Floats D&R Screen Station\730 CM Head Box\Head box\N1SCR04-730-PL6.ipt: Invalid procedure call or argument
2026-01-13 21:38:39 | HERITAGE: N1SCR04-730-PL7.ipt -> AB-PL7.ipt
2026-01-13 21:38:39 | MAPPING: C:\Users\Quintin\Documents\Spectiv\3. Working\22. DMS plant\21. SSCR04 - Primary Floats D&R Screen Station\730 CM Head Box\Head box\N1SCR04-730-PL7.ipt -> C:\Users\Quintin\Documents\Spectiv\3. Working\22. DMS plant\21. SSCR04 - Primary Floats D&R Screen Station\730 CM Head Box\Head box\AB-PL7.ipt
2026-01-13 21:38:39 | HERITAGE: Creating new file: AB-PL7.ipt
2026-01-13 21:38:39 | HERITAGE: ERROR - Could not open C:\Users\Quintin\Documents\Spectiv\3. Working\22. DMS plant\21. SSCR04 - Primary Floats D&R Screen Station\730 CM Head Box\Head box\N1SCR04-730-PL7.ipt: Invalid procedure call or argument
2026-01-13 21:38:39 | HERITAGE: N1SCR04-730-PL8.ipt -> AB-PL8.ipt
2026-01-13 21:38:39 | MAPPING: C:\Users\Quintin\Documents\Spectiv\3. Working\22. DMS plant\21. SSCR04 - Primary Floats D&R Screen Station\730 CM Head Box\Head box\N1SCR04-730-PL8.ipt -> C:\Users\Quintin\Documents\Spectiv\3. Working\22. DMS plant\21. SSCR04 - Primary Floats D&R Screen Station\730 CM Head Box\Head box\AB-PL8.ipt
2026-01-13 21:38:39 | HERITAGE: Creating new file: AB-PL8.ipt
2026-01-13 21:38:39 | HERITAGE: ERROR - Could not open C:\Users\Quintin\Documents\Spectiv\3. Working\22. DMS plant\21. SSCR04 - Primary Floats D&R Screen Station\730 CM Head Box\Head box\N1SCR04-730-PL8.ipt: Invalid procedure call or argument
2026-01-13 21:38:39 | HERITAGE: N1SCR04-730-PL9.ipt -> AB-PL9.ipt
2026-01-13 21:38:39 | MAPPING: C:\Users\Quintin\Documents\Spectiv\3. Working\22. DMS plant\21. SSCR04 - Primary Floats D&R Screen Station\730 CM Head Box\Head box\N1SCR04-730-PL9.ipt -> C:\Users\Quintin\Documents\Spectiv\3. Working\22. DMS plant\21. SSCR04 - Primary Floats D&R Screen Station\730 CM Head Box\Head box\AB-PL9.ipt
2026-01-13 21:38:39 | HERITAGE: Creating new file: AB-PL9.ipt
2026-01-13 21:38:39 | HERITAGE: ERROR - Could not open C:\Users\Quintin\Documents\Spectiv\3. Working\22. DMS plant\21. SSCR04 - Primary Floats D&R Screen Station\730 CM Head Box\Head box\N1SCR04-730-PL9.ipt: Invalid procedure call or argument
2026-01-13 21:38:39 | HERITAGE: N1SCR04-730-PL10.ipt -> AB-PL10.ipt
2026-01-13 21:38:39 | MAPPING: C:\Users\Quintin\Documents\Spectiv\3. Working\22. DMS plant\21. SSCR04 - Primary Floats D&R Screen Station\730 CM Head Box\Head box\N1SCR04-730-PL10.ipt -> C:\Users\Quintin\Documents\Spectiv\3. Working\22. DMS plant\21. SSCR04 - Primary Floats D&R Screen Station\730 CM Head Box\Head box\AB-PL10.ipt
2026-01-13 21:38:39 | HERITAGE: Creating new file: AB-PL10.ipt
2026-01-13 21:38:39 | HERITAGE: ERROR - Could not open C:\Users\Quintin\Documents\Spectiv\3. Working\22. DMS plant\21. SSCR04 - Primary Floats D&R Screen Station\730 CM Head Box\Head box\N1SCR04-730-PL10.ipt: Invalid procedure call or argument
2026-01-13 21:38:39 | HERITAGE: N1SCR04-730-PL11.ipt -> AB-PL11.ipt
2026-01-13 21:38:39 | MAPPING: C:\Users\Quintin\Documents\Spectiv\3. Working\22. DMS plant\21. SSCR04 - Primary Floats D&R Screen Station\730 CM Head Box\Head box\N1SCR04-730-PL11.ipt -> C:\Users\Quintin\Documents\Spectiv\3. Working\22. DMS plant\21. SSCR04 - Primary Floats D&R Screen Station\730 CM Head Box\Head box\AB-PL11.ipt
2026-01-13 21:38:39 | HERITAGE: Creating new file: AB-PL11.ipt
2026-01-13 21:38:39 | HERITAGE: ERROR - Could not open C:\Users\Quintin\Documents\Spectiv\3. Working\22. DMS plant\21. SSCR04 - Primary Floats D&R Screen Station\730 CM Head Box\Head box\N1SCR04-730-PL11.ipt: Invalid procedure call or argument
2026-01-13 21:38:39 | HERITAGE: N1SCR04-730-PL12.ipt -> AB-PL12.ipt
2026-01-13 21:38:39 | MAPPING: C:\Users\Quintin\Documents\Spectiv\3. Working\22. DMS plant\21. SSCR04 - Primary Floats D&R Screen Station\730 CM Head Box\Head box\N1SCR04-730-PL12.ipt -> C:\Users\Quintin\Documents\Spectiv\3. Working\22. DMS plant\21. SSCR04 - Primary Floats D&R Screen Station\730 CM Head Box\Head box\AB-PL12.ipt
2026-01-13 21:38:39 | HERITAGE: Creating new file: AB-PL12.ipt
2026-01-13 21:38:39 | HERITAGE: ERROR - Could not open C:\Users\Quintin\Documents\Spectiv\3. Working\22. DMS plant\21. SSCR04 - Primary Floats D&R Screen Station\730 CM Head Box\Head box\N1SCR04-730-PL12.ipt: Invalid procedure call or argument
2026-01-13 21:38:39 | HERITAGE: N1SCR04-730-PL13.ipt -> AB-PL13.ipt
2026-01-13 21:38:39 | MAPPING: C:\Users\Quintin\Documents\Spectiv\3. Working\22. DMS plant\21. SSCR04 - Primary Floats D&R Screen Station\730 CM Head Box\Head box\N1SCR04-730-PL13.ipt -> C:\Users\Quintin\Documents\Spectiv\3. Working\22. DMS plant\21. SSCR04 - Primary Floats D&R Screen Station\730 CM Head Box\Head box\AB-PL13.ipt
2026-01-13 21:38:39 | HERITAGE: Creating new file: AB-PL13.ipt
2026-01-13 21:38:39 | HERITAGE: ERROR - Could not open C:\Users\Quintin\Documents\Spectiv\3. Working\22. DMS plant\21. SSCR04 - Primary Floats D&R Screen Station\730 CM Head Box\Head box\N1SCR04-730-PL13.ipt: Invalid procedure call or argument
2026-01-13 21:38:39 | HERITAGE: N1SCR04-730-PL14.ipt -> AB-PL14.ipt
2026-01-13 21:38:39 | MAPPING: C:\Users\Quintin\Documents\Spectiv\3. Working\22. DMS plant\21. SSCR04 - Primary Floats D&R Screen Station\730 CM Head Box\Head box\N1SCR04-730-PL14.ipt -> C:\Users\Quintin\Documents\Spectiv\3. Working\22. DMS plant\21. SSCR04 - Primary Floats D&R Screen Station\730 CM Head Box\Head box\AB-PL14.ipt
2026-01-13 21:38:39 | HERITAGE: Creating new file: AB-PL14.ipt
2026-01-13 21:38:39 | HERITAGE: ERROR - Could not open C:\Users\Quintin\Documents\Spectiv\3. Working\22. DMS plant\21. SSCR04 - Primary Floats D&R Screen Station\730 CM Head Box\Head box\N1SCR04-730-PL14.ipt: Invalid procedure call or argument
2026-01-13 21:38:39 | HERITAGE: N1SCR04-730-PL15.ipt -> AB-PL15.ipt
2026-01-13 21:38:39 | MAPPING: C:\Users\Quintin\Documents\Spectiv\3. Working\22. DMS plant\21. SSCR04 - Primary Floats D&R Screen Station\730 CM Head Box\Head box\N1SCR04-730-PL15.ipt -> C:\Users\Quintin\Documents\Spectiv\3. Working\22. DMS plant\21. SSCR04 - Primary Floats D&R Screen Station\730 CM Head Box\Head box\AB-PL15.ipt
2026-01-13 21:38:39 | HERITAGE: Creating new file: AB-PL15.ipt
2026-01-13 21:38:39 | HERITAGE: ERROR - Could not open C:\Users\Quintin\Documents\Spectiv\3. Working\22. DMS plant\21. SSCR04 - Primary Floats D&R Screen Station\730 CM Head Box\Head box\N1SCR04-730-PL15.ipt: Invalid procedure call or argument
2026-01-13 21:38:39 | HERITAGE: N1SCR04-730-PL16.ipt -> AB-PL16.ipt
2026-01-13 21:38:39 | MAPPING: C:\Users\Quintin\Documents\Spectiv\3. Working\22. DMS plant\21. SSCR04 - Primary Floats D&R Screen Station\730 CM Head Box\Head box\N1SCR04-730-PL16.ipt -> C:\Users\Quintin\Documents\Spectiv\3. Working\22. DMS plant\21. SSCR04 - Primary Floats D&R Screen Station\730 CM Head Box\Head box\AB-PL16.ipt
2026-01-13 21:38:39 | HERITAGE: Creating new file: AB-PL16.ipt
2026-01-13 21:38:39 | HERITAGE: ERROR - Could not open C:\Users\Quintin\Documents\Spectiv\3. Working\22. DMS plant\21. SSCR04 - Primary Floats D&R Screen Station\730 CM Head Box\Head box\N1SCR04-730-PL16.ipt: Invalid procedure call or argument
2026-01-13 21:38:39 | HERITAGE: Part1.ipt -> AB-PL17.ipt
2026-01-13 21:38:39 | MAPPING: C:\Users\Quintin\Documents\Spectiv\3. Working\22. DMS plant\21. SSCR04 - Primary Floats D&R Screen Station\730 CM Head Box\Lid-1\Part1.ipt -> C:\Users\Quintin\Documents\Spectiv\3. Working\22. DMS plant\21. SSCR04 - Primary Floats D&R Screen Station\730 CM Head Box\Lid-1\AB-PL17.ipt
2026-01-13 21:38:39 | HERITAGE: Creating new file: AB-PL17.ipt
2026-01-13 21:38:40 | HERITAGE: SUCCESS - Created AB-PL17.ipt
2026-01-13 21:38:40 | HERITAGE: TEST01-PL18.ipt -> AB-PL18.ipt
2026-01-13 21:38:40 | MAPPING: C:\Users\Quintin\Documents\Spectiv\3. Working\22. DMS plant\21. SSCR04 - Primary Floats D&R Screen Station\730 CM Head Box\Unrenamed Parts\TEST01-PL18.ipt -> C:\Users\Quintin\Documents\Spectiv\3. Working\22. DMS plant\21. SSCR04 - Primary Floats D&R Screen Station\730 CM Head Box\Unrenamed Parts\AB-PL18.ipt
2026-01-13 21:38:40 | HERITAGE: Creating new file: AB-PL18.ipt
2026-01-13 21:38:40 | HERITAGE: ERROR - Could not open C:\Users\Quintin\Documents\Spectiv\3. Working\22. DMS plant\21. SSCR04 - Primary Floats D&R Screen Station\730 CM Head Box\Unrenamed Parts\TEST01-PL18.ipt: Invalid procedure call or argument
2026-01-13 21:38:40 | HERITAGE: N1SCR04-730-PL19.ipt -> AB-PL19.ipt
2026-01-13 21:38:40 | MAPPING: C:\Users\Quintin\Documents\Spectiv\3. Working\22. DMS plant\21. SSCR04 - Primary Floats D&R Screen Station\730 CM Head Box\Head box\N1SCR04-730-PL19.ipt -> C:\Users\Quintin\Documents\Spectiv\3. Working\22. DMS plant\21. SSCR04 - Primary Floats D&R Screen Station\730 CM Head Box\Head box\AB-PL19.ipt
2026-01-13 21:38:40 | HERITAGE: Creating new file: AB-PL19.ipt
2026-01-13 21:38:40 | HERITAGE: ERROR - Could not open C:\Users\Quintin\Documents\Spectiv\3. Working\22. DMS plant\21. SSCR04 - Primary Floats D&R Screen Station\730 CM Head Box\Head box\N1SCR04-730-PL19.ipt: Invalid procedure call or argument
2026-01-13 21:38:40 | REGISTRY: Saved AB-PL = 19
2026-01-13 21:38:40 | EXTRACT: Processing naming scheme: AB-P{N}
2026-01-13 21:38:40 | EXTRACT: Extracted prefix: 'AB-'
2026-01-13 21:38:40 | HERITAGE: Checking for existing counter with key: 'AB-P'
2026-01-13 21:38:40 | HERITAGE: Group 'P' starting from number 1 (new prefix or group - key 'AB-P' not found)
2026-01-13 21:38:40 | HERITAGE: DEBUG - No existing counters found
2026-01-13 21:38:40 | HERITAGE: Processing group 'P' with scheme: AB-P{N}
2026-01-13 21:38:40 | HERITAGE: N1SCR04-730-FLG1.ipt -> AB-P1.ipt
2026-01-13 21:38:40 | MAPPING: C:\Users\Quintin\Documents\Spectiv\3. Working\22. DMS plant\21. SSCR04 - Primary Floats D&R Screen Station\730 CM Head Box\Head box\N1SCR04-730-FLG1.ipt -> C:\Users\Quintin\Documents\Spectiv\3. Working\22. DMS plant\21. SSCR04 - Primary Floats D&R Screen Station\730 CM Head Box\Head box\AB-P1.ipt
2026-01-13 21:38:40 | HERITAGE: Creating new file: AB-P1.ipt
2026-01-13 21:38:40 | HERITAGE: ERROR - Could not open C:\Users\Quintin\Documents\Spectiv\3. Working\22. DMS plant\21. SSCR04 - Primary Floats D&R Screen Station\730 CM Head Box\Head box\N1SCR04-730-FLG1.ipt: Invalid procedure call or argument
2026-01-13 21:38:40 | HERITAGE: N1SCR04-730-FLG3.ipt -> AB-P2.ipt
2026-01-13 21:38:40 | MAPPING: C:\Users\Quintin\Documents\Spectiv\3. Working\22. DMS plant\21. SSCR04 - Primary Floats D&R Screen Station\730 CM Head Box\Head box\N1SCR04-730-FLG3.ipt -> C:\Users\Quintin\Documents\Spectiv\3. Working\22. DMS plant\21. SSCR04 - Primary Floats D&R Screen Station\730 CM Head Box\Head box\AB-P2.ipt
2026-01-13 21:38:40 | HERITAGE: Creating new file: AB-P2.ipt
2026-01-13 21:38:40 | HERITAGE: ERROR - Could not open C:\Users\Quintin\Documents\Spectiv\3. Working\22. DMS plant\21. SSCR04 - Primary Floats D&R Screen Station\730 CM Head Box\Head box\N1SCR04-730-FLG3.ipt: Invalid procedure call or argument
2026-01-13 21:38:40 | HERITAGE: N1SCR04-730-FLG5.ipt -> AB-P3.ipt
2026-01-13 21:38:40 | MAPPING: C:\Users\Quintin\Documents\Spectiv\3. Working\22. DMS plant\21. SSCR04 - Primary Floats D&R Screen Station\730 CM Head Box\Head box\N1SCR04-730-FLG5.ipt -> C:\Users\Quintin\Documents\Spectiv\3. Working\22. DMS plant\21. SSCR04 - Primary Floats D&R Screen Station\730 CM Head Box\Head box\AB-P3.ipt
2026-01-13 21:38:40 | HERITAGE: Creating new file: AB-P3.ipt
2026-01-13 21:38:40 | HERITAGE: ERROR - Could not open C:\Users\Quintin\Documents\Spectiv\3. Working\22. DMS plant\21. SSCR04 - Primary Floats D&R Screen Station\730 CM Head Box\Head box\N1SCR04-730-FLG5.ipt: Invalid procedure call or argument
2026-01-13 21:38:40 | REGISTRY: Saved AB-P = 3
2026-01-13 21:38:40 | EXTRACT: Processing naming scheme: AB-FLG{N}
2026-01-13 21:38:40 | EXTRACT: Extracted prefix: 'AB-'
2026-01-13 21:38:40 | HERITAGE: Checking for existing counter with key: 'AB-FLG'
2026-01-13 21:38:40 | HERITAGE: Group 'FLG' starting from number 1 (new prefix or group - key 'AB-FLG' not found)
2026-01-13 21:38:40 | HERITAGE: DEBUG - No existing counters found
2026-01-13 21:38:40 | HERITAGE: Processing group 'FLG' with scheme: AB-FLG{N}
2026-01-13 21:38:40 | HERITAGE: N1SCR04-730-FLG2.ipt -> AB-FLG1.ipt
2026-01-13 21:38:40 | MAPPING: C:\Users\Quintin\Documents\Spectiv\3. Working\22. DMS plant\21. SSCR04 - Primary Floats D&R Screen Station\730 CM Head Box\Head box\N1SCR04-730-FLG2.ipt -> C:\Users\Quintin\Documents\Spectiv\3. Working\22. DMS plant\21. SSCR04 - Primary Floats D&R Screen Station\730 CM Head Box\Head box\AB-FLG1.ipt
2026-01-13 21:38:40 | HERITAGE: Creating new file: AB-FLG1.ipt
2026-01-13 21:38:40 | HERITAGE: ERROR - Could not open C:\Users\Quintin\Documents\Spectiv\3. Working\22. DMS plant\21. SSCR04 - Primary Floats D&R Screen Station\730 CM Head Box\Head box\N1SCR04-730-FLG2.ipt: Invalid procedure call or argument
2026-01-13 21:38:40 | HERITAGE: N1SCR04-730-FLG4.ipt -> AB-FLG2.ipt
2026-01-13 21:38:40 | MAPPING: C:\Users\Quintin\Documents\Spectiv\3. Working\22. DMS plant\21. SSCR04 - Primary Floats D&R Screen Station\730 CM Head Box\Head box\N1SCR04-730-FLG4.ipt -> C:\Users\Quintin\Documents\Spectiv\3. Working\22. DMS plant\21. SSCR04 - Primary Floats D&R Screen Station\730 CM Head Box\Head box\AB-FLG2.ipt
2026-01-13 21:38:40 | HERITAGE: Creating new file: AB-FLG2.ipt
2026-01-13 21:38:40 | HERITAGE: ERROR - Could not open C:\Users\Quintin\Documents\Spectiv\3. Working\22. DMS plant\21. SSCR04 - Primary Floats D&R Screen Station\730 CM Head Box\Head box\N1SCR04-730-FLG4.ipt: Invalid procedure call or argument
2026-01-13 21:38:40 | HERITAGE: N1SCR04-730-FLG6.ipt -> AB-FLG3.ipt
2026-01-13 21:38:40 | MAPPING: C:\Users\Quintin\Documents\Spectiv\3. Working\22. DMS plant\21. SSCR04 - Primary Floats D&R Screen Station\730 CM Head Box\Head box\N1SCR04-730-FLG6.ipt -> C:\Users\Quintin\Documents\Spectiv\3. Working\22. DMS plant\21. SSCR04 - Primary Floats D&R Screen Station\730 CM Head Box\Head box\AB-FLG3.ipt
2026-01-13 21:38:40 | HERITAGE: Creating new file: AB-FLG3.ipt
2026-01-13 21:38:40 | HERITAGE: ERROR - Could not open C:\Users\Quintin\Documents\Spectiv\3. Working\22. DMS plant\21. SSCR04 - Primary Floats D&R Screen Station\730 CM Head Box\Head box\N1SCR04-730-FLG6.ipt: Invalid procedure call or argument
2026-01-13 21:38:40 | REGISTRY: Saved AB-FLG = 3
2026-01-13 21:38:40 | EXTRACT: Processing naming scheme: AB-A{N}
2026-01-13 21:38:40 | EXTRACT: Extracted prefix: 'AB-'
2026-01-13 21:38:40 | HERITAGE: Checking for existing counter with key: 'AB-A'
2026-01-13 21:38:40 | HERITAGE: Group 'A' starting from number 1 (new prefix or group - key 'AB-A' not found)
2026-01-13 21:38:40 | HERITAGE: DEBUG - No existing counters found
2026-01-13 21:38:40 | HERITAGE: Processing group 'A' with scheme: AB-A{N}
2026-01-13 21:38:40 | HERITAGE: N1SCR04-730-A1.ipt -> AB-A1.ipt
2026-01-13 21:38:40 | MAPPING: C:\Users\Quintin\Documents\Spectiv\3. Working\22. DMS plant\21. SSCR04 - Primary Floats D&R Screen Station\730 CM Head Box\Head box\N1SCR04-730-A1.ipt -> C:\Users\Quintin\Documents\Spectiv\3. Working\22. DMS plant\21. SSCR04 - Primary Floats D&R Screen Station\730 CM Head Box\Head box\AB-A1.ipt
2026-01-13 21:38:40 | HERITAGE: Creating new file: AB-A1.ipt
2026-01-13 21:38:40 | HERITAGE: ERROR - Could not open C:\Users\Quintin\Documents\Spectiv\3. Working\22. DMS plant\21. SSCR04 - Primary Floats D&R Screen Station\730 CM Head Box\Head box\N1SCR04-730-A1.ipt: Invalid procedure call or argument
2026-01-13 21:38:40 | HERITAGE: N1SCR04-730-A2.ipt -> AB-A2.ipt
2026-01-13 21:38:40 | MAPPING: C:\Users\Quintin\Documents\Spectiv\3. Working\22. DMS plant\21. SSCR04 - Primary Floats D&R Screen Station\730 CM Head Box\Head box\N1SCR04-730-A2.ipt -> C:\Users\Quintin\Documents\Spectiv\3. Working\22. DMS plant\21. SSCR04 - Primary Floats D&R Screen Station\730 CM Head Box\Head box\AB-A2.ipt
2026-01-13 21:38:40 | HERITAGE: Creating new file: AB-A2.ipt
2026-01-13 21:38:40 | HERITAGE: ERROR - Could not open C:\Users\Quintin\Documents\Spectiv\3. Working\22. DMS plant\21. SSCR04 - Primary Floats D&R Screen Station\730 CM Head Box\Head box\N1SCR04-730-A2.ipt: Invalid procedure call or argument
2026-01-13 21:38:40 | HERITAGE: N1SCR04-730-A3.ipt -> AB-A3.ipt
2026-01-13 21:38:40 | MAPPING: C:\Users\Quintin\Documents\Spectiv\3. Working\22. DMS plant\21. SSCR04 - Primary Floats D&R Screen Station\730 CM Head Box\Head box\N1SCR04-730-A3.ipt -> C:\Users\Quintin\Documents\Spectiv\3. Working\22. DMS plant\21. SSCR04 - Primary Floats D&R Screen Station\730 CM Head Box\Head box\AB-A3.ipt
2026-01-13 21:38:40 | HERITAGE: Creating new file: AB-A3.ipt
2026-01-13 21:38:40 | HERITAGE: ERROR - Could not open C:\Users\Quintin\Documents\Spectiv\3. Working\22. DMS plant\21. SSCR04 - Primary Floats D&R Screen Station\730 CM Head Box\Head box\N1SCR04-730-A3.ipt: Invalid procedure call or argument
2026-01-13 21:38:40 | HERITAGE: N1SCR04-730-A4.ipt -> AB-A4.ipt
2026-01-13 21:38:40 | MAPPING: C:\Users\Quintin\Documents\Spectiv\3. Working\22. DMS plant\21. SSCR04 - Primary Floats D&R Screen Station\730 CM Head Box\Head box\N1SCR04-730-A4.ipt -> C:\Users\Quintin\Documents\Spectiv\3. Working\22. DMS plant\21. SSCR04 - Primary Floats D&R Screen Station\730 CM Head Box\Head box\AB-A4.ipt
2026-01-13 21:38:40 | HERITAGE: Creating new file: AB-A4.ipt
2026-01-13 21:38:40 | HERITAGE: ERROR - Could not open C:\Users\Quintin\Documents\Spectiv\3. Working\22. DMS plant\21. SSCR04 - Primary Floats D&R Screen Station\730 CM Head Box\Head box\N1SCR04-730-A4.ipt: Invalid procedure call or argument
2026-01-13 21:38:40 | HERITAGE: N1SCR04-730-A5.ipt -> AB-A5.ipt
2026-01-13 21:38:40 | MAPPING: C:\Users\Quintin\Documents\Spectiv\3. Working\22. DMS plant\21. SSCR04 - Primary Floats D&R Screen Station\730 CM Head Box\Head box\N1SCR04-730-A5.ipt -> C:\Users\Quintin\Documents\Spectiv\3. Working\22. DMS plant\21. SSCR04 - Primary Floats D&R Screen Station\730 CM Head Box\Head box\AB-A5.ipt
2026-01-13 21:38:40 | HERITAGE: Creating new file: AB-A5.ipt
2026-01-13 21:38:40 | HERITAGE: ERROR - Could not open C:\Users\Quintin\Documents\Spectiv\3. Working\22. DMS plant\21. SSCR04 - Primary Floats D&R Screen Station\730 CM Head Box\Head box\N1SCR04-730-A5.ipt: Invalid procedure call or argument
2026-01-13 21:38:40 | HERITAGE: N1SCR04-730-A6.ipt -> AB-A6.ipt
2026-01-13 21:38:40 | MAPPING: C:\Users\Quintin\Documents\Spectiv\3. Working\22. DMS plant\21. SSCR04 - Primary Floats D&R Screen Station\730 CM Head Box\Head box\N1SCR04-730-A6.ipt -> C:\Users\Quintin\Documents\Spectiv\3. Working\22. DMS plant\21. SSCR04 - Primary Floats D&R Screen Station\730 CM Head Box\Head box\AB-A6.ipt
2026-01-13 21:38:40 | HERITAGE: Creating new file: AB-A6.ipt
2026-01-13 21:38:40 | HERITAGE: ERROR - Could not open C:\Users\Quintin\Documents\Spectiv\3. Working\22. DMS plant\21. SSCR04 - Primary Floats D&R Screen Station\730 CM Head Box\Head box\N1SCR04-730-A6.ipt: Invalid procedure call or argument
2026-01-13 21:38:40 | HERITAGE: N1SCR04-730-A7.ipt -> AB-A7.ipt
2026-01-13 21:38:40 | MAPPING: C:\Users\Quintin\Documents\Spectiv\3. Working\22. DMS plant\21. SSCR04 - Primary Floats D&R Screen Station\730 CM Head Box\Head box\N1SCR04-730-A7.ipt -> C:\Users\Quintin\Documents\Spectiv\3. Working\22. DMS plant\21. SSCR04 - Primary Floats D&R Screen Station\730 CM Head Box\Head box\AB-A7.ipt
2026-01-13 21:38:40 | HERITAGE: Creating new file: AB-A7.ipt
2026-01-13 21:38:40 | HERITAGE: ERROR - Could not open C:\Users\Quintin\Documents\Spectiv\3. Working\22. DMS plant\21. SSCR04 - Primary Floats D&R Screen Station\730 CM Head Box\Head box\N1SCR04-730-A7.ipt: Invalid procedure call or argument
2026-01-13 21:38:40 | HERITAGE: N1SCR04-730-A8.ipt -> AB-A8.ipt
2026-01-13 21:38:40 | MAPPING: C:\Users\Quintin\Documents\Spectiv\3. Working\22. DMS plant\21. SSCR04 - Primary Floats D&R Screen Station\730 CM Head Box\Head box\N1SCR04-730-A8.ipt -> C:\Users\Quintin\Documents\Spectiv\3. Working\22. DMS plant\21. SSCR04 - Primary Floats D&R Screen Station\730 CM Head Box\Head box\AB-A8.ipt
2026-01-13 21:38:40 | HERITAGE: Creating new file: AB-A8.ipt
2026-01-13 21:38:40 | HERITAGE: ERROR - Could not open C:\Users\Quintin\Documents\Spectiv\3. Working\22. DMS plant\21. SSCR04 - Primary Floats D&R Screen Station\730 CM Head Box\Head box\N1SCR04-730-A8.ipt: Invalid procedure call or argument
2026-01-13 21:38:40 | HERITAGE: TEST01-A9.ipt -> AB-A9.ipt
2026-01-13 21:38:40 | MAPPING: C:\Users\Quintin\Documents\Spectiv\3. Working\22. DMS plant\21. SSCR04 - Primary Floats D&R Screen Station\730 CM Head Box\Head box\TEST01-A9.ipt -> C:\Users\Quintin\Documents\Spectiv\3. Working\22. DMS plant\21. SSCR04 - Primary Floats D&R Screen Station\730 CM Head Box\Head box\AB-A9.ipt
2026-01-13 21:38:40 | HERITAGE: Creating new file: AB-A9.ipt
2026-01-13 21:38:40 | HERITAGE: ERROR - Could not open C:\Users\Quintin\Documents\Spectiv\3. Working\22. DMS plant\21. SSCR04 - Primary Floats D&R Screen Station\730 CM Head Box\Head box\TEST01-A9.ipt: Invalid procedure call or argument
2026-01-13 21:38:40 | HERITAGE: TEST01-A10.ipt -> AB-A10.ipt
2026-01-13 21:38:40 | MAPPING: C:\Users\Quintin\Documents\Spectiv\3. Working\22. DMS plant\21. SSCR04 - Primary Floats D&R Screen Station\730 CM Head Box\Head box\TEST01-A10.ipt -> C:\Users\Quintin\Documents\Spectiv\3. Working\22. DMS plant\21. SSCR04 - Primary Floats D&R Screen Station\730 CM Head Box\Head box\AB-A10.ipt
2026-01-13 21:38:40 | HERITAGE: Creating new file: AB-A10.ipt
2026-01-13 21:38:40 | HERITAGE: ERROR - Could not open C:\Users\Quintin\Documents\Spectiv\3. Working\22. DMS plant\21. SSCR04 - Primary Floats D&R Screen Station\730 CM Head Box\Head box\TEST01-A10.ipt: Invalid procedure call or argument
2026-01-13 21:38:40 | REGISTRY: Saved AB-A = 10
2026-01-13 21:38:40 | EXTRACT: Processing naming scheme: AB-FL{N}
2026-01-13 21:38:40 | EXTRACT: Extracted prefix: 'AB-'
2026-01-13 21:38:40 | HERITAGE: Checking for existing counter with key: 'AB-FL'
2026-01-13 21:38:40 | HERITAGE: Group 'FL' starting from number 1 (new prefix or group - key 'AB-FL' not found)
2026-01-13 21:38:40 | HERITAGE: DEBUG - No existing counters found
2026-01-13 21:38:40 | HERITAGE: Processing group 'FL' with scheme: AB-FL{N}
2026-01-13 21:38:40 | HERITAGE: N1SCR04-730-FL1.ipt -> AB-FL1.ipt
2026-01-13 21:38:40 | MAPPING: C:\Users\Quintin\Documents\Spectiv\3. Working\22. DMS plant\21. SSCR04 - Primary Floats D&R Screen Station\730 CM Head Box\Head box\N1SCR04-730-FL1.ipt -> C:\Users\Quintin\Documents\Spectiv\3. Working\22. DMS plant\21. SSCR04 - Primary Floats D&R Screen Station\730 CM Head Box\Head box\AB-FL1.ipt
2026-01-13 21:38:40 | HERITAGE: Creating new file: AB-FL1.ipt
2026-01-13 21:38:40 | HERITAGE: ERROR - Could not open C:\Users\Quintin\Documents\Spectiv\3. Working\22. DMS plant\21. SSCR04 - Primary Floats D&R Screen Station\730 CM Head Box\Head box\N1SCR04-730-FL1.ipt: Invalid procedure call or argument
2026-01-13 21:38:40 | HERITAGE: TEST01-FL2.ipt -> AB-FL2.ipt
2026-01-13 21:38:40 | MAPPING: C:\Users\Quintin\Documents\Spectiv\3. Working\22. DMS plant\21. SSCR04 - Primary Floats D&R Screen Station\730 CM Head Box\Head box\TEST01-FL2.ipt -> C:\Users\Quintin\Documents\Spectiv\3. Working\22. DMS plant\21. SSCR04 - Primary Floats D&R Screen Station\730 CM Head Box\Head box\AB-FL2.ipt
2026-01-13 21:38:40 | HERITAGE: Creating new file: AB-FL2.ipt
2026-01-13 21:38:40 | HERITAGE: ERROR - Could not open C:\Users\Quintin\Documents\Spectiv\3. Working\22. DMS plant\21. SSCR04 - Primary Floats D&R Screen Station\730 CM Head Box\Head box\TEST01-FL2.ipt: Invalid procedure call or argument
2026-01-13 21:38:40 | HERITAGE: TEST01-FL3.ipt -> AB-FL3.ipt
2026-01-13 21:38:40 | MAPPING: C:\Users\Quintin\Documents\Spectiv\3. Working\22. DMS plant\21. SSCR04 - Primary Floats D&R Screen Station\730 CM Head Box\Head box\TEST01-FL3.ipt -> C:\Users\Quintin\Documents\Spectiv\3. Working\22. DMS plant\21. SSCR04 - Primary Floats D&R Screen Station\730 CM Head Box\Head box\AB-FL3.ipt
2026-01-13 21:38:40 | HERITAGE: Creating new file: AB-FL3.ipt
2026-01-13 21:38:40 | HERITAGE: ERROR - Could not open C:\Users\Quintin\Documents\Spectiv\3. Working\22. DMS plant\21. SSCR04 - Primary Floats D&R Screen Station\730 CM Head Box\Head box\TEST01-FL3.ipt: Invalid procedure call or argument
2026-01-13 21:38:40 | HERITAGE: TEST01-FL4.ipt -> AB-FL4.ipt
2026-01-13 21:38:40 | MAPPING: C:\Users\Quintin\Documents\Spectiv\3. Working\22. DMS plant\21. SSCR04 - Primary Floats D&R Screen Station\730 CM Head Box\Head box\TEST01-FL4.ipt -> C:\Users\Quintin\Documents\Spectiv\3. Working\22. DMS plant\21. SSCR04 - Primary Floats D&R Screen Station\730 CM Head Box\Head box\AB-FL4.ipt
2026-01-13 21:38:40 | HERITAGE: Creating new file: AB-FL4.ipt
2026-01-13 21:38:40 | HERITAGE: ERROR - Could not open C:\Users\Quintin\Documents\Spectiv\3. Working\22. DMS plant\21. SSCR04 - Primary Floats D&R Screen Station\730 CM Head Box\Head box\TEST01-FL4.ipt: Invalid procedure call or argument
2026-01-13 21:38:40 | HERITAGE: TEST01-FL5.ipt -> AB-FL5.ipt
2026-01-13 21:38:40 | MAPPING: C:\Users\Quintin\Documents\Spectiv\3. Working\22. DMS plant\21. SSCR04 - Primary Floats D&R Screen Station\730 CM Head Box\Head box\TEST01-FL5.ipt -> C:\Users\Quintin\Documents\Spectiv\3. Working\22. DMS plant\21. SSCR04 - Primary Floats D&R Screen Station\730 CM Head Box\Head box\AB-FL5.ipt
2026-01-13 21:38:40 | HERITAGE: Creating new file: AB-FL5.ipt
2026-01-13 21:38:40 | HERITAGE: ERROR - Could not open C:\Users\Quintin\Documents\Spectiv\3. Working\22. DMS plant\21. SSCR04 - Primary Floats D&R Screen Station\730 CM Head Box\Head box\TEST01-FL5.ipt: Invalid procedure call or argument
2026-01-13 21:38:40 | HERITAGE: TEST01-FL6.ipt -> AB-FL6.ipt
2026-01-13 21:38:40 | MAPPING: C:\Users\Quintin\Documents\Spectiv\3. Working\22. DMS plant\21. SSCR04 - Primary Floats D&R Screen Station\730 CM Head Box\Head box\TEST01-FL6.ipt -> C:\Users\Quintin\Documents\Spectiv\3. Working\22. DMS plant\21. SSCR04 - Primary Floats D&R Screen Station\730 CM Head Box\Head box\AB-FL6.ipt
2026-01-13 21:38:40 | HERITAGE: Creating new file: AB-FL6.ipt
2026-01-13 21:38:40 | HERITAGE: ERROR - Could not open C:\Users\Quintin\Documents\Spectiv\3. Working\22. DMS plant\21. SSCR04 - Primary Floats D&R Screen Station\730 CM Head Box\Head box\TEST01-FL6.ipt: Invalid procedure call or argument
2026-01-13 21:38:40 | HERITAGE: TEST01-FL7.ipt -> AB-FL7.ipt
2026-01-13 21:38:40 | MAPPING: C:\Users\Quintin\Documents\Spectiv\3. Working\22. DMS plant\21. SSCR04 - Primary Floats D&R Screen Station\730 CM Head Box\Head box\TEST01-FL7.ipt -> C:\Users\Quintin\Documents\Spectiv\3. Working\22. DMS plant\21. SSCR04 - Primary Floats D&R Screen Station\730 CM Head Box\Head box\AB-FL7.ipt
2026-01-13 21:38:40 | HERITAGE: Creating new file: AB-FL7.ipt
2026-01-13 21:38:40 | HERITAGE: ERROR - Could not open C:\Users\Quintin\Documents\Spectiv\3. Working\22. DMS plant\21. SSCR04 - Primary Floats D&R Screen Station\730 CM Head Box\Head box\TEST01-FL7.ipt: Invalid procedure call or argument
2026-01-13 21:38:40 | REGISTRY: Saved AB-FL = 7
2026-01-13 21:38:40 | EXTRACT: Processing naming scheme: AB-R{N}
2026-01-13 21:38:40 | EXTRACT: Extracted prefix: 'AB-'
2026-01-13 21:38:40 | HERITAGE: Checking for existing counter with key: 'AB-R'
2026-01-13 21:38:40 | HERITAGE: Group 'R' starting from number 1 (new prefix or group - key 'AB-R' not found)
2026-01-13 21:38:40 | HERITAGE: DEBUG - No existing counters found
2026-01-13 21:38:40 | HERITAGE: Processing group 'R' with scheme: AB-R{N}
2026-01-13 21:38:40 | HERITAGE: TEST01-PART1.ipt -> AB-R1.ipt
2026-01-13 21:38:40 | MAPPING: C:\Users\Quintin\Documents\Spectiv\3. Working\22. DMS plant\21. SSCR04 - Primary Floats D&R Screen Station\730 CM Head Box\Head box\TEST01-PART1.ipt -> C:\Users\Quintin\Documents\Spectiv\3. Working\22. DMS plant\21. SSCR04 - Primary Floats D&R Screen Station\730 CM Head Box\Head box\AB-R1.ipt
2026-01-13 21:38:40 | HERITAGE: Creating new file: AB-R1.ipt
2026-01-13 21:38:40 | HERITAGE: ERROR - Could not open C:\Users\Quintin\Documents\Spectiv\3. Working\22. DMS plant\21. SSCR04 - Primary Floats D&R Screen Station\730 CM Head Box\Head box\TEST01-PART1.ipt: Invalid procedure call or argument
2026-01-13 21:38:40 | HERITAGE: TEST01-PART2.ipt -> AB-R2.ipt
2026-01-13 21:38:40 | MAPPING: C:\Users\Quintin\Documents\Spectiv\3. Working\22. DMS plant\21. SSCR04 - Primary Floats D&R Screen Station\730 CM Head Box\Head box\TEST01-PART2.ipt -> C:\Users\Quintin\Documents\Spectiv\3. Working\22. DMS plant\21. SSCR04 - Primary Floats D&R Screen Station\730 CM Head Box\Head box\AB-R2.ipt
2026-01-13 21:38:40 | HERITAGE: Creating new file: AB-R2.ipt
2026-01-13 21:38:40 | HERITAGE: ERROR - Could not open C:\Users\Quintin\Documents\Spectiv\3. Working\22. DMS plant\21. SSCR04 - Primary Floats D&R Screen Station\730 CM Head Box\Head box\TEST01-PART2.ipt: Invalid procedure call or argument
2026-01-13 21:38:40 | REGISTRY: Saved AB-R = 2
2026-01-13 21:38:40 | STEP 7: Updating assembly references
2026-01-13 21:38:40 | ASSEMBLY: Recursively updating assembly references across entire model hierarchy
2026-01-13 21:38:40 | ASSEMBLY: Updating references in - N1SCR04-730.iam (Level: ROOT)
2026-01-13 21:38:40 | ASSEMBLY: RECURSING into sub-assembly - Head Box.iam
2026-01-13 21:38:40 | ASSEMBLY: Updating references in - Head Box.iam (Level: ROOT>Head Box.iam)
2026-01-13 21:38:40 | ASSEMBLY: Replacing N1SCR04-730-PL1.ipt -> AB-PL1.ipt [PL] (in Head Box.iam)
2026-01-13 21:38:40 | ASSEMBLY: ERROR - Replace failed: Invalid procedure call or argument
2026-01-13 21:38:40 | ASSEMBLY: Replacing N1SCR04-730-PL2.ipt -> AB-PL2.ipt [PL] (in Head Box.iam)
2026-01-13 21:38:40 | ASSEMBLY: ERROR - Replace failed: Invalid procedure call or argument
2026-01-13 21:38:40 | ASSEMBLY: Replacing N1SCR04-730-PL3.ipt -> AB-PL3.ipt [PL] (in Head Box.iam)
2026-01-13 21:38:40 | ASSEMBLY: ERROR - Replace failed: Invalid procedure call or argument
2026-01-13 21:38:40 | ASSEMBLY: Replacing N1SCR04-730-PL4.ipt -> AB-PL4.ipt [PL] (in Head Box.iam)
2026-01-13 21:38:40 | ASSEMBLY: ERROR - Replace failed: Invalid procedure call or argument
2026-01-13 21:38:40 | ASSEMBLY: Replacing N1SCR04-730-PL5.ipt -> AB-PL5.ipt [PL] (in Head Box.iam)
2026-01-13 21:38:40 | ASSEMBLY: ERROR - Replace failed: Invalid procedure call or argument
2026-01-13 21:38:40 | ASSEMBLY: Replacing N1SCR04-730-PL6.ipt -> AB-PL6.ipt [PL] (in Head Box.iam)
2026-01-13 21:38:40 | ASSEMBLY: ERROR - Replace failed: Invalid procedure call or argument
2026-01-13 21:38:40 | ASSEMBLY: Replacing N1SCR04-730-PL7.ipt -> AB-PL7.ipt [PL] (in Head Box.iam)
2026-01-13 21:38:40 | ASSEMBLY: ERROR - Replace failed: Invalid procedure call or argument
2026-01-13 21:38:40 | ASSEMBLY: Replacing N1SCR04-730-PL8.ipt -> AB-PL8.ipt [PL] (in Head Box.iam)
2026-01-13 21:38:40 | ASSEMBLY: ERROR - Replace failed: Invalid procedure call or argument
2026-01-13 21:38:40 | ASSEMBLY: Replacing N1SCR04-730-PL8.ipt -> AB-PL8.ipt [PL] (in Head Box.iam)
2026-01-13 21:38:40 | ASSEMBLY: ERROR - Replace failed: Invalid procedure call or argument
2026-01-13 21:38:40 | ASSEMBLY: Replacing N1SCR04-730-PL8.ipt -> AB-PL8.ipt [PL] (in Head Box.iam)
2026-01-13 21:38:40 | ASSEMBLY: ERROR - Replace failed: Invalid procedure call or argument
2026-01-13 21:38:40 | ASSEMBLY: Replacing N1SCR04-730-PL9.ipt -> AB-PL9.ipt [PL] (in Head Box.iam)
2026-01-13 21:38:40 | ASSEMBLY: ERROR - Replace failed: Invalid procedure call or argument
2026-01-13 21:38:40 | ASSEMBLY: Replacing N1SCR04-730-PL10.ipt -> AB-PL10.ipt [PL] (in Head Box.iam)
2026-01-13 21:38:40 | ASSEMBLY: ERROR - Replace failed: Invalid procedure call or argument
2026-01-13 21:38:40 | ASSEMBLY: Replacing N1SCR04-730-PL10.ipt -> AB-PL10.ipt [PL] (in Head Box.iam)
2026-01-13 21:38:40 | ASSEMBLY: ERROR - Replace failed: Invalid procedure call or argument
2026-01-13 21:38:40 | ASSEMBLY: Replacing N1SCR04-730-FLG1.ipt -> AB-P1.ipt [P] (in Head Box.iam)
2026-01-13 21:38:40 | ASSEMBLY: ERROR - Replace failed: Invalid procedure call or argument
2026-01-13 21:38:40 | ASSEMBLY: Replacing N1SCR04-730-FLG2.ipt -> AB-FLG1.ipt [FLG] (in Head Box.iam)
2026-01-13 21:38:40 | ASSEMBLY: ERROR - Replace failed: Invalid procedure call or argument
2026-01-13 21:38:40 | ASSEMBLY: Replacing N1SCR04-730-FLG3.ipt -> AB-P2.ipt [P] (in Head Box.iam)
2026-01-13 21:38:40 | ASSEMBLY: ERROR - Replace failed: Invalid procedure call or argument
2026-01-13 21:38:40 | ASSEMBLY: Replacing N1SCR04-730-FLG4.ipt -> AB-FLG2.ipt [FLG] (in Head Box.iam)
2026-01-13 21:38:40 | ASSEMBLY: ERROR - Replace failed: Invalid procedure call or argument
2026-01-13 21:38:40 | ASSEMBLY: Replacing N1SCR04-730-FLG3.ipt -> AB-P2.ipt [P] (in Head Box.iam)
2026-01-13 21:38:40 | ASSEMBLY: ERROR - Replace failed: Invalid procedure call or argument
2026-01-13 21:38:40 | ASSEMBLY: Replacing N1SCR04-730-FLG4.ipt -> AB-FLG2.ipt [FLG] (in Head Box.iam)
2026-01-13 21:38:40 | ASSEMBLY: ERROR - Replace failed: Invalid procedure call or argument
2026-01-13 21:38:40 | ASSEMBLY: Replacing N1SCR04-730-FLG5.ipt -> AB-P3.ipt [P] (in Head Box.iam)
2026-01-13 21:38:40 | ASSEMBLY: ERROR - Replace failed: Invalid procedure call or argument
2026-01-13 21:38:40 | ASSEMBLY: Replacing N1SCR04-730-FLG6.ipt -> AB-FLG3.ipt [FLG] (in Head Box.iam)
2026-01-13 21:38:40 | ASSEMBLY: ERROR - Replace failed: Invalid procedure call or argument
2026-01-13 21:38:40 | ASSEMBLY: Replacing N1SCR04-730-A1.ipt -> AB-A1.ipt [A] (in Head Box.iam)
2026-01-13 21:38:40 | ASSEMBLY: ERROR - Replace failed: Invalid procedure call or argument
2026-01-13 21:38:40 | ASSEMBLY: Replacing N1SCR04-730-A2.ipt -> AB-A2.ipt [A] (in Head Box.iam)
2026-01-13 21:38:40 | ASSEMBLY: ERROR - Replace failed: Invalid procedure call or argument
2026-01-13 21:38:40 | ASSEMBLY: Replacing N1SCR04-730-A3.ipt -> AB-A3.ipt [A] (in Head Box.iam)
2026-01-13 21:38:40 | ASSEMBLY: ERROR - Replace failed: Invalid procedure call or argument
2026-01-13 21:38:40 | ASSEMBLY: Replacing N1SCR04-730-A4.ipt -> AB-A4.ipt [A] (in Head Box.iam)
2026-01-13 21:38:40 | ASSEMBLY: ERROR - Replace failed: Invalid procedure call or argument
2026-01-13 21:38:40 | ASSEMBLY: Replacing N1SCR04-730-A5.ipt -> AB-A5.ipt [A] (in Head Box.iam)
2026-01-13 21:38:40 | ASSEMBLY: ERROR - Replace failed: Invalid procedure call or argument
2026-01-13 21:38:40 | ASSEMBLY: Replacing N1SCR04-730-A6.ipt -> AB-A6.ipt [A] (in Head Box.iam)
2026-01-13 21:38:40 | ASSEMBLY: ERROR - Replace failed: Invalid procedure call or argument
2026-01-13 21:38:40 | ASSEMBLY: Replacing N1SCR04-730-A7.ipt -> AB-A7.ipt [A] (in Head Box.iam)
2026-01-13 21:38:40 | ASSEMBLY: ERROR - Replace failed: Invalid procedure call or argument
2026-01-13 21:38:40 | ASSEMBLY: Replacing N1SCR04-730-A7.ipt -> AB-A7.ipt [A] (in Head Box.iam)
2026-01-13 21:38:40 | ASSEMBLY: ERROR - Replace failed: Invalid procedure call or argument
2026-01-13 21:38:40 | ASSEMBLY: Replacing N1SCR04-730-A8.ipt -> AB-A8.ipt [A] (in Head Box.iam)
2026-01-13 21:38:40 | ASSEMBLY: ERROR - Replace failed: Invalid procedure call or argument
2026-01-13 21:38:40 | ASSEMBLY: Replacing N1SCR04-730-A8.ipt -> AB-A8.ipt [A] (in Head Box.iam)
2026-01-13 21:38:40 | ASSEMBLY: ERROR - Replace failed: Invalid procedure call or argument
2026-01-13 21:38:40 | ASSEMBLY: Replacing N1SCR04-730-A7.ipt -> AB-A7.ipt [A] (in Head Box.iam)
2026-01-13 21:38:40 | ASSEMBLY: ERROR - Replace failed: Invalid procedure call or argument
2026-01-13 21:38:40 | ASSEMBLY: Replacing N1SCR04-730-A7.ipt -> AB-A7.ipt [A] (in Head Box.iam)
2026-01-13 21:38:40 | ASSEMBLY: ERROR - Replace failed: Invalid procedure call or argument
2026-01-13 21:38:40 | ASSEMBLY: Replacing N1SCR04-730-A8.ipt -> AB-A8.ipt [A] (in Head Box.iam)
2026-01-13 21:38:40 | ASSEMBLY: ERROR - Replace failed: Invalid procedure call or argument
2026-01-13 21:38:40 | ASSEMBLY: Replacing N1SCR04-730-A8.ipt -> AB-A8.ipt [A] (in Head Box.iam)
2026-01-13 21:38:40 | ASSEMBLY: ERROR - Replace failed: Invalid procedure call or argument
2026-01-13 21:38:40 | ASSEMBLY: Replacing N1SCR04-730-A7.ipt -> AB-A7.ipt [A] (in Head Box.iam)
2026-01-13 21:38:40 | ASSEMBLY: ERROR - Replace failed: Invalid procedure call or argument
2026-01-13 21:38:40 | ASSEMBLY: Replacing N1SCR04-730-A7.ipt -> AB-A7.ipt [A] (in Head Box.iam)
2026-01-13 21:38:40 | ASSEMBLY: ERROR - Replace failed: Invalid procedure call or argument
2026-01-13 21:38:41 | ASSEMBLY: Replacing N1SCR04-730-A8.ipt -> AB-A8.ipt [A] (in Head Box.iam)
2026-01-13 21:38:41 | ASSEMBLY: ERROR - Replace failed: Invalid procedure call or argument
2026-01-13 21:38:41 | ASSEMBLY: Replacing N1SCR04-730-A8.ipt -> AB-A8.ipt [A] (in Head Box.iam)
2026-01-13 21:38:41 | ASSEMBLY: ERROR - Replace failed: Invalid procedure call or argument
2026-01-13 21:38:41 | ASSEMBLY: Replacing N1SCR04-730-PL11.ipt -> AB-PL11.ipt [PL] (in Head Box.iam)
2026-01-13 21:38:41 | ASSEMBLY: ERROR - Replace failed: Invalid procedure call or argument
2026-01-13 21:38:41 | ASSEMBLY: Replacing N1SCR04-730-PL12.ipt -> AB-PL12.ipt [PL] (in Head Box.iam)
2026-01-13 21:38:41 | ASSEMBLY: ERROR - Replace failed: Invalid procedure call or argument
2026-01-13 21:38:41 | ASSEMBLY: Replacing N1SCR04-730-PL13.ipt -> AB-PL13.ipt [PL] (in Head Box.iam)
2026-01-13 21:38:41 | ASSEMBLY: ERROR - Replace failed: Invalid procedure call or argument
2026-01-13 21:38:41 | ASSEMBLY: Replacing N1SCR04-730-PL13.ipt -> AB-PL13.ipt [PL] (in Head Box.iam)
2026-01-13 21:38:41 | ASSEMBLY: ERROR - Replace failed: Invalid procedure call or argument
2026-01-13 21:38:41 | ASSEMBLY: Replacing N1SCR04-730-FL1.ipt -> AB-FL1.ipt [FL] (in Head Box.iam)
2026-01-13 21:38:41 | ASSEMBLY: ERROR - Replace failed: Invalid procedure call or argument
2026-01-13 21:38:41 | ASSEMBLY: Replacing N1SCR04-730-FL1.ipt -> AB-FL1.ipt [FL] (in Head Box.iam)
2026-01-13 21:38:41 | ASSEMBLY: ERROR - Replace failed: Invalid procedure call or argument
2026-01-13 21:38:41 | ASSEMBLY: Replacing N1SCR04-730-PL12.ipt -> AB-PL12.ipt [PL] (in Head Box.iam)
2026-01-13 21:38:41 | ASSEMBLY: ERROR - Replace failed: Invalid procedure call or argument
2026-01-13 21:38:41 | ASSEMBLY: Replacing N1SCR04-730-PL13.ipt -> AB-PL13.ipt [PL] (in Head Box.iam)
2026-01-13 21:38:41 | ASSEMBLY: ERROR - Replace failed: Invalid procedure call or argument
2026-01-13 21:38:41 | ASSEMBLY: Replacing N1SCR04-730-PL13.ipt -> AB-PL13.ipt [PL] (in Head Box.iam)
2026-01-13 21:38:41 | ASSEMBLY: ERROR - Replace failed: Invalid procedure call or argument
2026-01-13 21:38:41 | ASSEMBLY: Replacing N1SCR04-730-FL1.ipt -> AB-FL1.ipt [FL] (in Head Box.iam)
2026-01-13 21:38:41 | ASSEMBLY: ERROR - Replace failed: Invalid procedure call or argument
2026-01-13 21:38:41 | ASSEMBLY: Replacing N1SCR04-730-FL1.ipt -> AB-FL1.ipt [FL] (in Head Box.iam)
2026-01-13 21:38:41 | ASSEMBLY: ERROR - Replace failed: Invalid procedure call or argument
2026-01-13 21:38:41 | ASSEMBLY: Replacing N1SCR04-730-PL12.ipt -> AB-PL12.ipt [PL] (in Head Box.iam)
2026-01-13 21:38:41 | ASSEMBLY: ERROR - Replace failed: Invalid procedure call or argument
2026-01-13 21:38:41 | ASSEMBLY: Replacing N1SCR04-730-PL13.ipt -> AB-PL13.ipt [PL] (in Head Box.iam)
2026-01-13 21:38:41 | ASSEMBLY: ERROR - Replace failed: Invalid procedure call or argument
2026-01-13 21:38:41 | ASSEMBLY: Replacing N1SCR04-730-PL13.ipt -> AB-PL13.ipt [PL] (in Head Box.iam)
2026-01-13 21:38:41 | ASSEMBLY: ERROR - Replace failed: Invalid procedure call or argument
2026-01-13 21:38:41 | ASSEMBLY: Replacing N1SCR04-730-FL1.ipt -> AB-FL1.ipt [FL] (in Head Box.iam)
2026-01-13 21:38:41 | ASSEMBLY: ERROR - Replace failed: Invalid procedure call or argument
2026-01-13 21:38:41 | ASSEMBLY: Replacing N1SCR04-730-FL1.ipt -> AB-FL1.ipt [FL] (in Head Box.iam)
2026-01-13 21:38:41 | ASSEMBLY: ERROR - Replace failed: Invalid procedure call or argument
2026-01-13 21:38:41 | ASSEMBLY: Replacing N1SCR04-730-PL12.ipt -> AB-PL12.ipt [PL] (in Head Box.iam)
2026-01-13 21:38:41 | ASSEMBLY: ERROR - Replace failed: Invalid procedure call or argument
2026-01-13 21:38:41 | ASSEMBLY: Replacing N1SCR04-730-PL13.ipt -> AB-PL13.ipt [PL] (in Head Box.iam)
2026-01-13 21:38:41 | ASSEMBLY: ERROR - Replace failed: Invalid procedure call or argument
2026-01-13 21:38:41 | ASSEMBLY: Replacing N1SCR04-730-PL13.ipt -> AB-PL13.ipt [PL] (in Head Box.iam)
2026-01-13 21:38:41 | ASSEMBLY: ERROR - Replace failed: Invalid procedure call or argument
2026-01-13 21:38:41 | ASSEMBLY: Replacing N1SCR04-730-FL1.ipt -> AB-FL1.ipt [FL] (in Head Box.iam)
2026-01-13 21:38:41 | ASSEMBLY: ERROR - Replace failed: Invalid procedure call or argument
2026-01-13 21:38:41 | ASSEMBLY: Replacing N1SCR04-730-FL1.ipt -> AB-FL1.ipt [FL] (in Head Box.iam)
2026-01-13 21:38:41 | ASSEMBLY: ERROR - Replace failed: Invalid procedure call or argument
2026-01-13 21:38:41 | ASSEMBLY: Replacing N1SCR04-730-PL12.ipt -> AB-PL12.ipt [PL] (in Head Box.iam)
2026-01-13 21:38:41 | ASSEMBLY: ERROR - Replace failed: Invalid procedure call or argument
2026-01-13 21:38:41 | ASSEMBLY: Replacing N1SCR04-730-PL13.ipt -> AB-PL13.ipt [PL] (in Head Box.iam)
2026-01-13 21:38:41 | ASSEMBLY: ERROR - Replace failed: Invalid procedure call or argument
2026-01-13 21:38:41 | ASSEMBLY: Replacing N1SCR04-730-PL13.ipt -> AB-PL13.ipt [PL] (in Head Box.iam)
2026-01-13 21:38:41 | ASSEMBLY: ERROR - Replace failed: Invalid procedure call or argument
2026-01-13 21:38:41 | ASSEMBLY: Replacing N1SCR04-730-FL1.ipt -> AB-FL1.ipt [FL] (in Head Box.iam)
2026-01-13 21:38:41 | ASSEMBLY: ERROR - Replace failed: Invalid procedure call or argument
2026-01-13 21:38:41 | ASSEMBLY: Replacing N1SCR04-730-FL1.ipt -> AB-FL1.ipt [FL] (in Head Box.iam)
2026-01-13 21:38:41 | ASSEMBLY: ERROR - Replace failed: Invalid procedure call or argument
2026-01-13 21:38:41 | ASSEMBLY: Replacing N1SCR04-730-PL12.ipt -> AB-PL12.ipt [PL] (in Head Box.iam)
2026-01-13 21:38:41 | ASSEMBLY: ERROR - Replace failed: Invalid procedure call or argument
2026-01-13 21:38:41 | ASSEMBLY: Replacing N1SCR04-730-PL13.ipt -> AB-PL13.ipt [PL] (in Head Box.iam)
2026-01-13 21:38:41 | ASSEMBLY: ERROR - Replace failed: Invalid procedure call or argument
2026-01-13 21:38:41 | ASSEMBLY: Replacing N1SCR04-730-PL13.ipt -> AB-PL13.ipt [PL] (in Head Box.iam)
2026-01-13 21:38:41 | ASSEMBLY: ERROR - Replace failed: Invalid procedure call or argument
2026-01-13 21:38:41 | ASSEMBLY: Replacing N1SCR04-730-FL1.ipt -> AB-FL1.ipt [FL] (in Head Box.iam)
2026-01-13 21:38:41 | ASSEMBLY: ERROR - Replace failed: Invalid procedure call or argument
2026-01-13 21:38:41 | ASSEMBLY: Replacing N1SCR04-730-FL1.ipt -> AB-FL1.ipt [FL] (in Head Box.iam)
2026-01-13 21:38:41 | ASSEMBLY: ERROR - Replace failed: Invalid procedure call or argument
2026-01-13 21:38:41 | ASSEMBLY: Replacing N1SCR04-730-PL14.ipt -> AB-PL14.ipt [PL] (in Head Box.iam)
2026-01-13 21:38:41 | ASSEMBLY: ERROR - Replace failed: Invalid procedure call or argument
2026-01-13 21:38:41 | ASSEMBLY: Replacing N1SCR04-730-PL15.ipt -> AB-PL15.ipt [PL] (in Head Box.iam)
2026-01-13 21:38:41 | ASSEMBLY: ERROR - Replace failed: Invalid procedure call or argument
2026-01-13 21:38:41 | ASSEMBLY: Replacing N1SCR04-730-PL14.ipt -> AB-PL14.ipt [PL] (in Head Box.iam)
2026-01-13 21:38:41 | ASSEMBLY: ERROR - Replace failed: Invalid procedure call or argument
2026-01-13 21:38:41 | ASSEMBLY: Replacing N1SCR04-730-PL15.ipt -> AB-PL15.ipt [PL] (in Head Box.iam)
2026-01-13 21:38:41 | ASSEMBLY: ERROR - Replace failed: Invalid procedure call or argument
2026-01-13 21:38:41 | ASSEMBLY: Replacing N1SCR04-730-PL14.ipt -> AB-PL14.ipt [PL] (in Head Box.iam)
2026-01-13 21:38:41 | ASSEMBLY: ERROR - Replace failed: Invalid procedure call or argument
2026-01-13 21:38:41 | ASSEMBLY: Replacing N1SCR04-730-PL15.ipt -> AB-PL15.ipt [PL] (in Head Box.iam)
2026-01-13 21:38:41 | ASSEMBLY: ERROR - Replace failed: Invalid procedure call or argument
2026-01-13 21:38:41 | ASSEMBLY: Replacing N1SCR04-730-PL14.ipt -> AB-PL14.ipt [PL] (in Head Box.iam)
2026-01-13 21:38:41 | ASSEMBLY: ERROR - Replace failed: Invalid procedure call or argument
2026-01-13 21:38:41 | ASSEMBLY: Replacing N1SCR04-730-PL15.ipt -> AB-PL15.ipt [PL] (in Head Box.iam)
2026-01-13 21:38:41 | ASSEMBLY: ERROR - Replace failed: Invalid procedure call or argument
2026-01-13 21:38:41 | ASSEMBLY: Replacing N1SCR04-730-PL14.ipt -> AB-PL14.ipt [PL] (in Head Box.iam)
2026-01-13 21:38:41 | ASSEMBLY: ERROR - Replace failed: Invalid procedure call or argument
2026-01-13 21:38:41 | ASSEMBLY: Replacing N1SCR04-730-PL15.ipt -> AB-PL15.ipt [PL] (in Head Box.iam)
2026-01-13 21:38:41 | ASSEMBLY: ERROR - Replace failed: Invalid procedure call or argument
2026-01-13 21:38:41 | ASSEMBLY: Replacing N1SCR04-730-PL14.ipt -> AB-PL14.ipt [PL] (in Head Box.iam)
2026-01-13 21:38:41 | ASSEMBLY: ERROR - Replace failed: Invalid procedure call or argument
2026-01-13 21:38:41 | ASSEMBLY: Replacing N1SCR04-730-PL15.ipt -> AB-PL15.ipt [PL] (in Head Box.iam)
2026-01-13 21:38:41 | ASSEMBLY: ERROR - Replace failed: Invalid procedure call or argument
2026-01-13 21:38:41 | ASSEMBLY: Replacing N1SCR04-730-PL16.ipt -> AB-PL16.ipt [PL] (in Head Box.iam)
2026-01-13 21:38:41 | ASSEMBLY: ERROR - Replace failed: Invalid procedure call or argument
2026-01-13 21:38:41 | ASSEMBLY: Replacing N1SCR04-730-PL16.ipt -> AB-PL16.ipt [PL] (in Head Box.iam)
2026-01-13 21:38:41 | ASSEMBLY: ERROR - Replace failed: Invalid procedure call or argument
2026-01-13 21:38:41 | ASSEMBLY: Replacing N1SCR04-730-PL16.ipt -> AB-PL16.ipt [PL] (in Head Box.iam)
2026-01-13 21:38:41 | ASSEMBLY: ERROR - Replace failed: Invalid procedure call or argument
2026-01-13 21:38:41 | ASSEMBLY: Replacing N1SCR04-730-PL16.ipt -> AB-PL16.ipt [PL] (in Head Box.iam)
2026-01-13 21:38:41 | ASSEMBLY: ERROR - Replace failed: Invalid procedure call or argument
2026-01-13 21:38:42 | ASSEMBLY: Saved sub-assembly - Head Box.iam
2026-01-13 21:38:42 | ASSEMBLY: RECURSING into sub-assembly - Lid-1.iam
2026-01-13 21:38:42 | ASSEMBLY: Updating references in - Lid-1.iam (Level: ROOT>Lid-1.iam)
2026-01-13 21:38:42 | ASSEMBLY: Replacing Part1.ipt -> AB-PL17.ipt [PL] (in Lid-1.iam)
2026-01-13 21:38:42 | ASSEMBLY: SUCCESS - Updated to AB-PL17.ipt
2026-01-13 21:38:42 | ASSEMBLY: Replacing TEST01-A9.ipt -> AB-A9.ipt [A] (in Lid-1.iam)
2026-01-13 21:38:42 | ASSEMBLY: ERROR - Replace failed: Invalid procedure call or argument
2026-01-13 21:38:42 | ASSEMBLY: Replacing TEST01-FL2.ipt -> AB-FL2.ipt [FL] (in Lid-1.iam)
2026-01-13 21:38:42 | ASSEMBLY: ERROR - Replace failed: Invalid procedure call or argument
2026-01-13 21:38:42 | ASSEMBLY: Replacing TEST01-FL2.ipt -> AB-FL2.ipt [FL] (in Lid-1.iam)
2026-01-13 21:38:42 | ASSEMBLY: ERROR - Replace failed: Invalid procedure call or argument
2026-01-13 21:38:42 | ASSEMBLY: Replacing TEST01-FL2.ipt -> AB-FL2.ipt [FL] (in Lid-1.iam)
2026-01-13 21:38:42 | ASSEMBLY: ERROR - Replace failed: Invalid procedure call or argument
2026-01-13 21:38:42 | ASSEMBLY: Replacing TEST01-FL3.ipt -> AB-FL3.ipt [FL] (in Lid-1.iam)
2026-01-13 21:38:42 | ASSEMBLY: ERROR - Replace failed: Invalid procedure call or argument
2026-01-13 21:38:42 | ASSEMBLY: Replacing TEST01-FL3.ipt -> AB-FL3.ipt [FL] (in Lid-1.iam)
2026-01-13 21:38:42 | ASSEMBLY: ERROR - Replace failed: Invalid procedure call or argument
2026-01-13 21:38:42 | ASSEMBLY: Replacing TEST01-FL4.ipt -> AB-FL4.ipt [FL] (in Lid-1.iam)
2026-01-13 21:38:42 | ASSEMBLY: ERROR - Replace failed: Invalid procedure call or argument
2026-01-13 21:38:42 | ASSEMBLY: Replacing TEST01-FL4.ipt -> AB-FL4.ipt [FL] (in Lid-1.iam)
2026-01-13 21:38:42 | ASSEMBLY: ERROR - Replace failed: Invalid procedure call or argument
2026-01-13 21:38:42 | ASSEMBLY: Replacing TEST01-FL3.ipt -> AB-FL3.ipt [FL] (in Lid-1.iam)
2026-01-13 21:38:42 | ASSEMBLY: ERROR - Replace failed: Invalid procedure call or argument
2026-01-13 21:38:42 | ASSEMBLY: Replacing TEST01-FL3.ipt -> AB-FL3.ipt [FL] (in Lid-1.iam)
2026-01-13 21:38:42 | ASSEMBLY: ERROR - Replace failed: Invalid procedure call or argument
2026-01-13 21:38:42 | ASSEMBLY: Replacing TEST01-FL4.ipt -> AB-FL4.ipt [FL] (in Lid-1.iam)
2026-01-13 21:38:42 | ASSEMBLY: ERROR - Replace failed: Invalid procedure call or argument
2026-01-13 21:38:42 | ASSEMBLY: Replacing TEST01-FL4.ipt -> AB-FL4.ipt [FL] (in Lid-1.iam)
2026-01-13 21:38:42 | ASSEMBLY: ERROR - Replace failed: Invalid procedure call or argument
2026-01-13 21:38:42 | ASSEMBLY: Replacing TEST01-PART1.ipt -> AB-R1.ipt [R] (in Lid-1.iam)
2026-01-13 21:38:42 | ASSEMBLY: ERROR - Replace failed: Invalid procedure call or argument
2026-01-13 21:38:42 | ASSEMBLY: Replacing TEST01-PART1.ipt -> AB-R1.ipt [R] (in Lid-1.iam)
2026-01-13 21:38:42 | ASSEMBLY: ERROR - Replace failed: Invalid procedure call or argument
2026-01-13 21:38:42 | ASSEMBLY: Replacing TEST01-PART1.ipt -> AB-R1.ipt [R] (in Lid-1.iam)
2026-01-13 21:38:42 | ASSEMBLY: ERROR - Replace failed: Invalid procedure call or argument
2026-01-13 21:38:42 | ASSEMBLY: Replacing TEST01-PART1.ipt -> AB-R1.ipt [R] (in Lid-1.iam)
2026-01-13 21:38:42 | ASSEMBLY: ERROR - Replace failed: Invalid procedure call or argument
2026-01-13 21:38:42 | ASSEMBLY: Saved sub-assembly - Lid-1.iam
2026-01-13 21:38:43 | ASSEMBLY: RECURSING into sub-assembly - Lid-1.iam
2026-01-13 21:38:43 | ASSEMBLY: Updating references in - Lid-1.iam (Level: ROOT>Lid-1.iam)
2026-01-13 21:38:43 | ASSEMBLY: INFO - No mapping found for AB-PL17.ipt (not renamed)
2026-01-13 21:38:43 | ASSEMBLY: Replacing TEST01-A9.ipt -> AB-A9.ipt [A] (in Lid-1.iam)
2026-01-13 21:38:43 | ASSEMBLY: ERROR - Replace failed: Invalid procedure call or argument
2026-01-13 21:38:43 | ASSEMBLY: Replacing TEST01-FL2.ipt -> AB-FL2.ipt [FL] (in Lid-1.iam)
2026-01-13 21:38:43 | ASSEMBLY: ERROR - Replace failed: Invalid procedure call or argument
2026-01-13 21:38:43 | ASSEMBLY: Replacing TEST01-FL2.ipt -> AB-FL2.ipt [FL] (in Lid-1.iam)
2026-01-13 21:38:43 | ASSEMBLY: ERROR - Replace failed: Invalid procedure call or argument
2026-01-13 21:38:43 | ASSEMBLY: Replacing TEST01-FL2.ipt -> AB-FL2.ipt [FL] (in Lid-1.iam)
2026-01-13 21:38:43 | ASSEMBLY: ERROR - Replace failed: Invalid procedure call or argument
2026-01-13 21:38:43 | ASSEMBLY: Replacing TEST01-FL3.ipt -> AB-FL3.ipt [FL] (in Lid-1.iam)
2026-01-13 21:38:43 | ASSEMBLY: ERROR - Replace failed: Invalid procedure call or argument
2026-01-13 21:38:43 | ASSEMBLY: Replacing TEST01-FL3.ipt -> AB-FL3.ipt [FL] (in Lid-1.iam)
2026-01-13 21:38:43 | ASSEMBLY: ERROR - Replace failed: Invalid procedure call or argument
2026-01-13 21:38:43 | ASSEMBLY: Replacing TEST01-FL4.ipt -> AB-FL4.ipt [FL] (in Lid-1.iam)
2026-01-13 21:38:43 | ASSEMBLY: ERROR - Replace failed: Invalid procedure call or argument
2026-01-13 21:38:43 | ASSEMBLY: Replacing TEST01-FL4.ipt -> AB-FL4.ipt [FL] (in Lid-1.iam)
2026-01-13 21:38:43 | ASSEMBLY: ERROR - Replace failed: Invalid procedure call or argument
2026-01-13 21:38:43 | ASSEMBLY: Replacing TEST01-FL3.ipt -> AB-FL3.ipt [FL] (in Lid-1.iam)
2026-01-13 21:38:43 | ASSEMBLY: ERROR - Replace failed: Invalid procedure call or argument
2026-01-13 21:38:43 | ASSEMBLY: Replacing TEST01-FL3.ipt -> AB-FL3.ipt [FL] (in Lid-1.iam)
2026-01-13 21:38:43 | ASSEMBLY: ERROR - Replace failed: Invalid procedure call or argument
2026-01-13 21:38:43 | ASSEMBLY: Replacing TEST01-FL4.ipt -> AB-FL4.ipt [FL] (in Lid-1.iam)
2026-01-13 21:38:43 | ASSEMBLY: ERROR - Replace failed: Invalid procedure call or argument
2026-01-13 21:38:43 | ASSEMBLY: Replacing TEST01-FL4.ipt -> AB-FL4.ipt [FL] (in Lid-1.iam)
2026-01-13 21:38:43 | ASSEMBLY: ERROR - Replace failed: Invalid procedure call or argument
2026-01-13 21:38:43 | ASSEMBLY: Replacing TEST01-PART1.ipt -> AB-R1.ipt [R] (in Lid-1.iam)
2026-01-13 21:38:43 | ASSEMBLY: ERROR - Replace failed: Invalid procedure call or argument
2026-01-13 21:38:43 | ASSEMBLY: Replacing TEST01-PART1.ipt -> AB-R1.ipt [R] (in Lid-1.iam)
2026-01-13 21:38:43 | ASSEMBLY: ERROR - Replace failed: Invalid procedure call or argument
2026-01-13 21:38:43 | ASSEMBLY: Replacing TEST01-PART1.ipt -> AB-R1.ipt [R] (in Lid-1.iam)
2026-01-13 21:38:43 | ASSEMBLY: ERROR - Replace failed: Invalid procedure call or argument
2026-01-13 21:38:43 | ASSEMBLY: Replacing TEST01-PART1.ipt -> AB-R1.ipt [R] (in Lid-1.iam)
2026-01-13 21:38:43 | ASSEMBLY: ERROR - Replace failed: Invalid procedure call or argument
2026-01-13 21:38:43 | ASSEMBLY: Saved sub-assembly - Lid-1.iam
2026-01-13 21:38:43 | ASSEMBLY: RECURSING into sub-assembly - Lid-2.iam
2026-01-13 21:38:43 | ASSEMBLY: Updating references in - Lid-2.iam (Level: ROOT>Lid-2.iam)
2026-01-13 21:38:43 | ASSEMBLY: Replacing TEST01-PL18.ipt -> AB-PL18.ipt [PL] (in Lid-2.iam)
2026-01-13 21:38:43 | ASSEMBLY: ERROR - Replace failed: Invalid procedure call or argument
2026-01-13 21:38:43 | ASSEMBLY: Replacing TEST01-A10.ipt -> AB-A10.ipt [A] (in Lid-2.iam)
2026-01-13 21:38:43 | ASSEMBLY: ERROR - Replace failed: Invalid procedure call or argument
2026-01-13 21:38:43 | ASSEMBLY: Replacing TEST01-FL5.ipt -> AB-FL5.ipt [FL] (in Lid-2.iam)
2026-01-13 21:38:43 | ASSEMBLY: ERROR - Replace failed: Invalid procedure call or argument
2026-01-13 21:38:43 | ASSEMBLY: Replacing TEST01-FL5.ipt -> AB-FL5.ipt [FL] (in Lid-2.iam)
2026-01-13 21:38:43 | ASSEMBLY: ERROR - Replace failed: Invalid procedure call or argument
2026-01-13 21:38:43 | ASSEMBLY: Replacing TEST01-FL5.ipt -> AB-FL5.ipt [FL] (in Lid-2.iam)
2026-01-13 21:38:43 | ASSEMBLY: ERROR - Replace failed: Invalid procedure call or argument
2026-01-13 21:38:43 | ASSEMBLY: Replacing TEST01-A10.ipt -> AB-A10.ipt [A] (in Lid-2.iam)
2026-01-13 21:38:43 | ASSEMBLY: ERROR - Replace failed: Invalid procedure call or argument
2026-01-13 21:38:43 | ASSEMBLY: Replacing TEST01-FL6.ipt -> AB-FL6.ipt [FL] (in Lid-2.iam)
2026-01-13 21:38:43 | ASSEMBLY: ERROR - Replace failed: Invalid procedure call or argument
2026-01-13 21:38:43 | ASSEMBLY: Replacing TEST01-FL6.ipt -> AB-FL6.ipt [FL] (in Lid-2.iam)
2026-01-13 21:38:43 | ASSEMBLY: ERROR - Replace failed: Invalid procedure call or argument
2026-01-13 21:38:43 | ASSEMBLY: Replacing TEST01-FL7.ipt -> AB-FL7.ipt [FL] (in Lid-2.iam)
2026-01-13 21:38:43 | ASSEMBLY: ERROR - Replace failed: Invalid procedure call or argument
2026-01-13 21:38:43 | ASSEMBLY: Replacing TEST01-FL7.ipt -> AB-FL7.ipt [FL] (in Lid-2.iam)
2026-01-13 21:38:43 | ASSEMBLY: ERROR - Replace failed: Invalid procedure call or argument
2026-01-13 21:38:43 | ASSEMBLY: Replacing TEST01-FL6.ipt -> AB-FL6.ipt [FL] (in Lid-2.iam)
2026-01-13 21:38:43 | ASSEMBLY: ERROR - Replace failed: Invalid procedure call or argument
2026-01-13 21:38:43 | ASSEMBLY: Replacing TEST01-FL6.ipt -> AB-FL6.ipt [FL] (in Lid-2.iam)
2026-01-13 21:38:43 | ASSEMBLY: ERROR - Replace failed: Invalid procedure call or argument
2026-01-13 21:38:43 | ASSEMBLY: Replacing TEST01-FL7.ipt -> AB-FL7.ipt [FL] (in Lid-2.iam)
2026-01-13 21:38:43 | ASSEMBLY: ERROR - Replace failed: Invalid procedure call or argument
2026-01-13 21:38:43 | ASSEMBLY: Replacing TEST01-FL7.ipt -> AB-FL7.ipt [FL] (in Lid-2.iam)
2026-01-13 21:38:43 | ASSEMBLY: ERROR - Replace failed: Invalid procedure call or argument
2026-01-13 21:38:43 | ASSEMBLY: Replacing TEST01-PART2.ipt -> AB-R2.ipt [R] (in Lid-2.iam)
2026-01-13 21:38:43 | ASSEMBLY: ERROR - Replace failed: Invalid procedure call or argument
2026-01-13 21:38:43 | ASSEMBLY: Replacing TEST01-PART2.ipt -> AB-R2.ipt [R] (in Lid-2.iam)
2026-01-13 21:38:43 | ASSEMBLY: ERROR - Replace failed: Invalid procedure call or argument
2026-01-13 21:38:43 | ASSEMBLY: Replacing TEST01-PART2.ipt -> AB-R2.ipt [R] (in Lid-2.iam)
2026-01-13 21:38:43 | ASSEMBLY: ERROR - Replace failed: Invalid procedure call or argument
2026-01-13 21:38:43 | ASSEMBLY: Replacing TEST01-PART2.ipt -> AB-R2.ipt [R] (in Lid-2.iam)
2026-01-13 21:38:43 | ASSEMBLY: ERROR - Replace failed: Invalid procedure call or argument
2026-01-13 21:38:43 | ASSEMBLY: Saved sub-assembly - Lid-2.iam
2026-01-13 21:38:43 | ASSEMBLY: SKIPPING Bolted Connection1.iam (bolted connection assembly)
2026-01-13 21:38:44 | ASSEMBLY: SKIPPING Bolted Connection2.iam (bolted connection assembly)
2026-01-13 21:38:44 | ASSEMBLY: Replacing N1SCR04-730-PL19.ipt -> AB-PL19.ipt [PL] (in N1SCR04-730.iam)
2026-01-13 21:38:44 | ASSEMBLY: ERROR - Replace failed: Invalid procedure call or argument
2026-01-13 21:38:44 | ASSEMBLY: Replacing N1SCR04-730-PL19.ipt -> AB-PL19.ipt [PL] (in N1SCR04-730.iam)
2026-01-13 21:38:44 | ASSEMBLY: ERROR - Replace failed: Invalid procedure call or argument
2026-01-13 21:38:44 | ASSEMBLY: Replacing N1SCR04-730-PL19.ipt -> AB-PL19.ipt [PL] (in N1SCR04-730.iam)
2026-01-13 21:38:44 | ASSEMBLY: ERROR - Replace failed: Invalid procedure call or argument
2026-01-13 21:38:44 | ASSEMBLY: Replacing N1SCR04-730-PL19.ipt -> AB-PL19.ipt [PL] (in N1SCR04-730.iam)
2026-01-13 21:38:44 | ASSEMBLY: ERROR - Replace failed: Invalid procedure call or argument
2026-01-13 21:38:44 | ASSEMBLY: Replacing N1SCR04-730-PL19.ipt -> AB-PL19.ipt [PL] (in N1SCR04-730.iam)
2026-01-13 21:38:44 | ASSEMBLY: ERROR - Replace failed: Invalid procedure call or argument
2026-01-13 21:38:44 | ASSEMBLY: Replacing N1SCR04-730-PL19.ipt -> AB-PL19.ipt [PL] (in N1SCR04-730.iam)
2026-01-13 21:38:44 | ASSEMBLY: ERROR - Replace failed: Invalid procedure call or argument
2026-01-13 21:38:44 | ASSEMBLY: Replacing N1SCR04-730-PL19.ipt -> AB-PL19.ipt [PL] (in N1SCR04-730.iam)
2026-01-13 21:38:44 | ASSEMBLY: ERROR - Replace failed: Invalid procedure call or argument
2026-01-13 21:38:44 | ASSEMBLY: Replacing N1SCR04-730-PL19.ipt -> AB-PL19.ipt [PL] (in N1SCR04-730.iam)
2026-01-13 21:38:44 | ASSEMBLY: ERROR - Replace failed: Invalid procedure call or argument
2026-01-13 21:38:44 | ASSEMBLY: Replacing N1SCR04-730-PL19.ipt -> AB-PL19.ipt [PL] (in N1SCR04-730.iam)
2026-01-13 21:38:44 | ASSEMBLY: ERROR - Replace failed: Invalid procedure call or argument
2026-01-13 21:38:44 | ASSEMBLY: Replacing N1SCR04-730-PL19.ipt -> AB-PL19.ipt [PL] (in N1SCR04-730.iam)
2026-01-13 21:38:44 | ASSEMBLY: ERROR - Replace failed: Invalid procedure call or argument
2026-01-13 21:38:44 | ASSEMBLY: Replacing N1SCR04-730-PL19.ipt -> AB-PL19.ipt [PL] (in N1SCR04-730.iam)
2026-01-13 21:38:44 | ASSEMBLY: ERROR - Replace failed: Invalid procedure call or argument
2026-01-13 21:38:44 | ASSEMBLY: Replacing N1SCR04-730-PL19.ipt -> AB-PL19.ipt [PL] (in N1SCR04-730.iam)
2026-01-13 21:38:44 | ASSEMBLY: ERROR - Replace failed: Invalid procedure call or argument
2026-01-13 21:38:44 | ASSEMBLY: Replacing N1SCR04-730-PL19.ipt -> AB-PL19.ipt [PL] (in N1SCR04-730.iam)
2026-01-13 21:38:44 | ASSEMBLY: ERROR - Replace failed: Invalid procedure call or argument
2026-01-13 21:38:44 | ASSEMBLY: Replacing N1SCR04-730-PL19.ipt -> AB-PL19.ipt [PL] (in N1SCR04-730.iam)
2026-01-13 21:38:44 | ASSEMBLY: ERROR - Replace failed: Invalid procedure call or argument
2026-01-13 21:38:44 | ASSEMBLY: Replacing N1SCR04-730-PL19.ipt -> AB-PL19.ipt [PL] (in N1SCR04-730.iam)
2026-01-13 21:38:44 | ASSEMBLY: ERROR - Replace failed: Invalid procedure call or argument
2026-01-13 21:38:44 | ASSEMBLY: Replacing N1SCR04-730-PL19.ipt -> AB-PL19.ipt [PL] (in N1SCR04-730.iam)
2026-01-13 21:38:44 | ASSEMBLY: ERROR - Replace failed: Invalid procedure call or argument
2026-01-13 21:38:44 | ASSEMBLY: Replacing N1SCR04-730-PL19.ipt -> AB-PL19.ipt [PL] (in N1SCR04-730.iam)
2026-01-13 21:38:44 | ASSEMBLY: ERROR - Replace failed: Invalid procedure call or argument
2026-01-13 21:38:44 | ASSEMBLY: Replacing N1SCR04-730-PL19.ipt -> AB-PL19.ipt [PL] (in N1SCR04-730.iam)
2026-01-13 21:38:44 | ASSEMBLY: ERROR - Replace failed: Invalid procedure call or argument
2026-01-13 21:38:44 | ASSEMBLY: Replacing N1SCR04-730-PL19.ipt -> AB-PL19.ipt [PL] (in N1SCR04-730.iam)
2026-01-13 21:38:44 | ASSEMBLY: ERROR - Replace failed: Invalid procedure call or argument
2026-01-13 21:38:44 | ASSEMBLY: Replacing N1SCR04-730-PL19.ipt -> AB-PL19.ipt [PL] (in N1SCR04-730.iam)
2026-01-13 21:38:44 | ASSEMBLY: ERROR - Replace failed: Invalid procedure call or argument
2026-01-13 21:38:44 | ASSEMBLY: Replacing N1SCR04-730-PL19.ipt -> AB-PL19.ipt [PL] (in N1SCR04-730.iam)
2026-01-13 21:38:44 | ASSEMBLY: ERROR - Replace failed: Invalid procedure call or argument
2026-01-13 21:38:44 | ASSEMBLY: Replacing N1SCR04-730-PL19.ipt -> AB-PL19.ipt [PL] (in N1SCR04-730.iam)
2026-01-13 21:38:44 | ASSEMBLY: ERROR - Replace failed: Invalid procedure call or argument
2026-01-13 21:38:44 | ASSEMBLY: Replacing N1SCR04-730-PL19.ipt -> AB-PL19.ipt [PL] (in N1SCR04-730.iam)
2026-01-13 21:38:44 | ASSEMBLY: ERROR - Replace failed: Invalid procedure call or argument
2026-01-13 21:38:44 | ASSEMBLY: Replacing N1SCR04-730-PL19.ipt -> AB-PL19.ipt [PL] (in N1SCR04-730.iam)
2026-01-13 21:38:44 | ASSEMBLY: ERROR - Replace failed: Invalid procedure call or argument
2026-01-13 21:38:44 | ASSEMBLY: Replacing N1SCR04-730-PL19.ipt -> AB-PL19.ipt [PL] (in N1SCR04-730.iam)
2026-01-13 21:38:44 | ASSEMBLY: ERROR - Replace failed: Invalid procedure call or argument
2026-01-13 21:38:44 | ASSEMBLY: Replacing N1SCR04-730-PL19.ipt -> AB-PL19.ipt [PL] (in N1SCR04-730.iam)
2026-01-13 21:38:44 | ASSEMBLY: ERROR - Replace failed: Invalid procedure call or argument
2026-01-13 21:38:44 | ASSEMBLY: Replacing N1SCR04-730-PL19.ipt -> AB-PL19.ipt [PL] (in N1SCR04-730.iam)
2026-01-13 21:38:44 | ASSEMBLY: ERROR - Replace failed: Invalid procedure call or argument
2026-01-13 21:38:44 | ASSEMBLY: Replacing N1SCR04-730-PL19.ipt -> AB-PL19.ipt [PL] (in N1SCR04-730.iam)
2026-01-13 21:38:44 | ASSEMBLY: ERROR - Replace failed: Invalid procedure call or argument
2026-01-13 21:38:44 | ASSEMBLY: Replacing N1SCR04-730-PL19.ipt -> AB-PL19.ipt [PL] (in N1SCR04-730.iam)
2026-01-13 21:38:44 | ASSEMBLY: ERROR - Replace failed: Invalid procedure call or argument
2026-01-13 21:38:44 | ASSEMBLY: Replacing N1SCR04-730-PL19.ipt -> AB-PL19.ipt [PL] (in N1SCR04-730.iam)
2026-01-13 21:38:44 | ASSEMBLY: ERROR - Replace failed: Invalid procedure call or argument
2026-01-13 21:38:44 | ASSEMBLY: Replacing N1SCR04-730-PL19.ipt -> AB-PL19.ipt [PL] (in N1SCR04-730.iam)
2026-01-13 21:38:44 | ASSEMBLY: ERROR - Replace failed: Invalid procedure call or argument
2026-01-13 21:38:44 | ASSEMBLY: Replacing N1SCR04-730-PL19.ipt -> AB-PL19.ipt [PL] (in N1SCR04-730.iam)
2026-01-13 21:38:44 | ASSEMBLY: ERROR - Replace failed: Invalid procedure call or argument
2026-01-13 21:38:44 | ASSEMBLY: Replacing N1SCR04-730-PL19.ipt -> AB-PL19.ipt [PL] (in N1SCR04-730.iam)
2026-01-13 21:38:44 | ASSEMBLY: ERROR - Replace failed: Invalid procedure call or argument
2026-01-13 21:38:44 | ASSEMBLY: Replacing N1SCR04-730-PL19.ipt -> AB-PL19.ipt [PL] (in N1SCR04-730.iam)
2026-01-13 21:38:44 | ASSEMBLY: ERROR - Replace failed: Invalid procedure call or argument
2026-01-13 21:38:44 | ASSEMBLY: Replacing N1SCR04-730-PL19.ipt -> AB-PL19.ipt [PL] (in N1SCR04-730.iam)
2026-01-13 21:38:44 | ASSEMBLY: ERROR - Replace failed: Invalid procedure call or argument
2026-01-13 21:38:44 | ASSEMBLY: Replacing N1SCR04-730-PL19.ipt -> AB-PL19.ipt [PL] (in N1SCR04-730.iam)
2026-01-13 21:38:44 | ASSEMBLY: ERROR - Replace failed: Invalid procedure call or argument
2026-01-13 21:38:44 | ASSEMBLY: Saving assembly with updated references...
2026-01-13 21:38:44 | ASSEMBLY: Successfully saved assembly
2026-01-13 21:38:44 | STEP 8: Auto-detecting and updating IDW files
2026-01-13 21:38:44 | IDW: Auto-detecting IDW files in assembly directory
2026-01-13 21:38:44 | IDW: Found drawing file - KNL-N1200-SCR04-0730-PA.idw
2026-01-13 21:38:44 | IDW: Processing KNL-N1200-SCR04-0730-PA.idw
2026-01-13 21:38:45 | IDW: Opening KNL-N1200-SCR04-0730-PA.idw
2026-01-13 21:38:55 | IDW: ERROR - Could not open: 
2026-01-13 21:38:55 | STEP 8.5: Saving mapping file for external IDW updater
2026-01-13 21:38:55 | MAPPING: Saving comprehensive mapping file for STEP 2
2026-01-13 21:38:55 | STEP 9: Keeping original files for safety (skipping cleanup)
2026-01-13 21:38:55 | === DYNAMIC HERITAGE-BASED SOLUTION COMPLETED ===
