2026-02-22 12:15:03 | === DYNAMIC HERITAGE-BASED SOLUTION ===
2026-02-22 12:15:03 | Auto-detecting open model and creating dynamic renaming workflow
2026-02-22 12:15:04 | SUCCESS: Connected to existing Inventor instance
2026-02-22 12:15:04 | STEP 1: Detecting open assembly and analyzing components
2026-02-22 12:15:04 | DETECTED: Document type: 12291
2026-02-22 12:15:04 | DETECTED: Assembly by .iam extension - proceeding
2026-02-22 12:15:04 | DETECTED: Active assembly - N1SCR03-768.iam
2026-02-22 12:15:04 | DETECTED: Full path - C:\Users\Quintin\Documents\Spectiv\3. Working\24. Primary - DMS\20. N1SCR03 - Deslime Screen Station\768 Flood Box\N1SCR03-768.iam
2026-02-22 12:15:06 | USER CONFIRMED: Proceeding with assembly processing
2026-02-22 12:15:06 | CONFIRMED: 3 occurrences to process
2026-02-22 12:15:06 | ASSEMBLY: Captured directory path: C:\Users\Quintin\Documents\Spectiv\3. Working\24. Primary - DMS\20. N1SCR03 - Deslime Screen Station\768 Flood Box
2026-02-22 12:15:06 | STEP 0: Selecting mapping file location FIRST
2026-02-22 12:15:06 | MAPPING_SELECT: Prompting user for mapping file location
2026-02-22 12:15:21 | MAPPING_SELECT: Path set to: C:\Users\Quintin\Documents\Spectiv\3. Working\24. Primary - DMS\20. N1SCR03 - Deslime Screen Station\768 Flood Box\STEP_1_MAPPING.txt
2026-02-22 12:15:21 | MAPPING_SELECT: SUCCESS - Placeholder file created and verified
2026-02-22 12:15:22 | STEP 0: Mapping file location confirmed: C:\Users\Quintin\Documents\Spectiv\3. Working\24. Primary - DMS\20. N1SCR03 - Deslime Screen Station\768 Flood Box\STEP_1_MAPPING.txt
2026-02-22 12:15:22 | STEP 1.5: Creating audit log - capturing current state BEFORE renaming
2026-02-22 12:15:22 | AUDIT: === START AUDIT LOG CREATION ===
2026-02-22 12:15:22 | AUDIT: Capturing assembly state BEFORE any renaming
2026-02-22 12:15:22 | AUDIT: Assembly directory: C:\Users\Quintin\Documents\Spectiv\3. Working\24. Primary - DMS\20. N1SCR03 - Deslime Screen Station\768 Flood Box
2026-02-22 12:15:22 | AUDIT: Audit file path: C:\Users\Quintin\Documents\Spectiv\3. Working\24. Primary - DMS\20. N1SCR03 - Deslime Screen Station\768 Flood Box\STEP_0_AUDIT.txt
2026-02-22 12:15:23 | AUDIT: Scanning for iLogic rules using AttributeSet method
2026-02-22 12:15:23 | AUDIT: Audit log created successfully: C:\Users\Quintin\Documents\Spectiv\3. Working\24. Primary - DMS\20. N1SCR03 - Deslime Screen Station\768 Flood Box\STEP_0_AUDIT.txt
2026-02-22 12:15:23 | AUDIT: === END AUDIT LOG CREATION ===
2026-02-22 12:15:23 | STEP 2: Flattening hierarchy and grouping components
2026-02-22 12:15:23 | ANALYZE: Recursively flattening ENTIRE model hierarchy and reading iProperty descriptions
2026-02-22 12:15:23 | ANALYZE: Processing assembly - N1SCR03-768.iam (Level: ROOT)
2026-02-22 12:15:23 | ANALYZE: Found 3 occurrences in N1SCR03-768.iam
2026-02-22 12:15:23 | ANALYZE: RECURSING into sub-assembly - Support Frame.iam
2026-02-22 12:15:23 | ANALYZE: Processing assembly - Support Frame.iam (Level: ROOT>Support Frame.iam)
2026-02-22 12:15:23 | ANALYZE: Found 5 occurrences in Support Frame.iam
2026-02-22 12:15:23 | ANALYZE: RECURSING into sub-assembly - Support Beam-1.iam
2026-02-22 12:15:23 | ANALYZE: Processing assembly - Support Beam-1.iam (Level: ROOT>Support Frame.iam>Support Beam-1.iam)
2026-02-22 12:15:23 | ANALYZE: Found 3 occurrences in Support Beam-1.iam
2026-02-22 12:15:23 | ANALYZE: PART - Part1 FB-B1.ipt -> Description: PL 10mm S355JR -> Group: PL (from Support Beam-1.iam)
2026-02-22 12:15:23 | ANALYZE: Created new group - PL
2026-02-22 12:15:23 | ANALYZE: PART - Part2 203x133x25 FB-B1.ipt -> Description: UB203x133x25 -> Group: B (from Support Beam-1.iam)
2026-02-22 12:15:23 | ANALYZE: Created new group - B
2026-02-22 12:15:23 | ANALYZE: DUPLICATE PART SKIPPED - Part1 FB-B1.ipt (already processed)
2026-02-22 12:15:23 | ANALYZE: RECURSING into sub-assembly - Support Beam-1.iam
2026-02-22 12:15:23 | ANALYZE: Processing assembly - Support Beam-1.iam (Level: ROOT>Support Frame.iam>Support Beam-1.iam)
2026-02-22 12:15:23 | ANALYZE: Found 3 occurrences in Support Beam-1.iam
2026-02-22 12:15:23 | ANALYZE: DUPLICATE PART SKIPPED - Part1 FB-B1.ipt (already processed)
2026-02-22 12:15:23 | ANALYZE: DUPLICATE PART SKIPPED - Part2 203x133x25 FB-B1.ipt (already processed)
2026-02-22 12:15:23 | ANALYZE: DUPLICATE PART SKIPPED - Part1 FB-B1.ipt (already processed)
2026-02-22 12:15:23 | ANALYZE: RECURSING into sub-assembly - Support Beam-2.iam
2026-02-22 12:15:23 | ANALYZE: Processing assembly - Support Beam-2.iam (Level: ROOT>Support Frame.iam>Support Beam-2.iam)
2026-02-22 12:15:23 | ANALYZE: Found 3 occurrences in Support Beam-2.iam
2026-02-22 12:15:23 | ANALYZE: PART - Part1 FB-B2.ipt -> Description: PL 10mm S355JR -> Group: PL (from Support Beam-2.iam)
2026-02-22 12:15:23 | ANALYZE: PART - Part2 203x133x25 FB-B2.ipt -> Description: UB203x133x25 -> Group: B (from Support Beam-2.iam)
2026-02-22 12:15:23 | ANALYZE: DUPLICATE PART SKIPPED - Part1 FB-B2.ipt (already processed)
2026-02-22 12:15:23 | ANALYZE: RECURSING into sub-assembly - Support Beam-2.iam
2026-02-22 12:15:23 | ANALYZE: Processing assembly - Support Beam-2.iam (Level: ROOT>Support Frame.iam>Support Beam-2.iam)
2026-02-22 12:15:23 | ANALYZE: Found 3 occurrences in Support Beam-2.iam
2026-02-22 12:15:24 | ANALYZE: DUPLICATE PART SKIPPED - Part1 FB-B2.ipt (already processed)
2026-02-22 12:15:24 | ANALYZE: DUPLICATE PART SKIPPED - Part2 203x133x25 FB-B2.ipt (already processed)
2026-02-22 12:15:24 | ANALYZE: DUPLICATE PART SKIPPED - Part1 FB-B2.ipt (already processed)
2026-02-22 12:15:24 | ANALYZE: SKIPPING Bolted Connection2.iam (bolted connection assembly)
2026-02-22 12:15:24 | ANALYZE: RECURSING into sub-assembly - Deslime Flood Chute.iam
2026-02-22 12:15:24 | ANALYZE: Processing assembly - Deslime Flood Chute.iam (Level: ROOT>Deslime Flood Chute.iam)
2026-02-22 12:15:24 | ANALYZE: Found 29 occurrences in Deslime Flood Chute.iam
2026-02-22 12:15:24 | ANALYZE: PART - Part3 FB-C.ipt -> Description: PL 6mm S355JR -> Group: PL (from Deslime Flood Chute.iam)
2026-02-22 12:15:24 | ANALYZE: PART - Part5 FB-C.ipt -> Description: PL 6mm S355JR -> Group: PL (from Deslime Flood Chute.iam)
2026-02-22 12:15:24 | ANALYZE: DUPLICATE PART SKIPPED - Part5 FB-C.ipt (already processed)
2026-02-22 12:15:24 | ANALYZE: PART - Part6 Angle FB-C.ipt -> Description: L60x60x6 -> Group: A (from Deslime Flood Chute.iam)
2026-02-22 12:15:24 | ANALYZE: Created new group - A
2026-02-22 12:15:24 | ANALYZE: DUPLICATE PART SKIPPED - Part6 Angle FB-C.ipt (already processed)
2026-02-22 12:15:24 | ANALYZE: PART - Part7 Angle FB-C.ipt -> Description: L60x60x6 -> Group: A (from Deslime Flood Chute.iam)
2026-02-22 12:15:24 | ANALYZE: PART - Part8 (Part7 Angle MIR) FB-C.ipt -> Description: L60x60x6 -> Group: A (from Deslime Flood Chute.iam)
2026-02-22 12:15:24 | ANALYZE: PART - Part9 Angle FB-C.ipt -> Description: L60x60x6 -> Group: A (from Deslime Flood Chute.iam)
2026-02-22 12:15:24 | ANALYZE: DUPLICATE PART SKIPPED - Part9 Angle FB-C.ipt (already processed)
2026-02-22 12:15:24 | ANALYZE: DUPLICATE PART SKIPPED - Part9 Angle FB-C.ipt (already processed)
2026-02-22 12:15:24 | ANALYZE: DUPLICATE PART SKIPPED - Part9 Angle FB-C.ipt (already processed)
2026-02-22 12:15:24 | ANALYZE: PART - Part10 FB-C.ipt -> Description: PL 10mm S355JR -> Group: PL (from Deslime Flood Chute.iam)
2026-02-22 12:15:24 | ANALYZE: PART - Part11 Corner Gusset FB-C.ipt -> Description: PL 10mm S355JR -> Group: PL (from Deslime Flood Chute.iam)
2026-02-22 12:15:24 | ANALYZE: DUPLICATE PART SKIPPED - Part10 FB-C.ipt (already processed)
2026-02-22 12:15:24 | ANALYZE: DUPLICATE PART SKIPPED - Part11 Corner Gusset FB-C.ipt (already processed)
2026-02-22 12:15:24 | ANALYZE: DUPLICATE PART SKIPPED - Part10 FB-C.ipt (already processed)
2026-02-22 12:15:24 | ANALYZE: DUPLICATE PART SKIPPED - Part11 Corner Gusset FB-C.ipt (already processed)
2026-02-22 12:15:24 | ANALYZE: DUPLICATE PART SKIPPED - Part10 FB-C.ipt (already processed)
2026-02-22 12:15:24 | ANALYZE: DUPLICATE PART SKIPPED - Part11 Corner Gusset FB-C.ipt (already processed)
2026-02-22 12:15:24 | ANALYZE: PART - Lug FB-C.ipt -> Description: PL 20mm S355JR -> Group: PL (from Deslime Flood Chute.iam)
2026-02-22 12:15:24 | ANALYZE: DUPLICATE PART SKIPPED - Lug FB-C.ipt (already processed)
2026-02-22 12:15:24 | ANALYZE: DUPLICATE PART SKIPPED - Lug FB-C.ipt (already processed)
2026-02-22 12:15:24 | ANALYZE: DUPLICATE PART SKIPPED - Lug FB-C.ipt (already processed)
2026-02-22 12:15:24 | ANALYZE: PART - Part12 FB-C.ipt -> Description: PL 6mm S535JR -> Group: LPL (from Deslime Flood Chute.iam)
2026-02-22 12:15:24 | ANALYZE: Created new group - LPL
2026-02-22 12:15:24 | ANALYZE: PART - Part13 FB-C.ipt -> Description: PL 6mm S535JR -> Group: LPL (from Deslime Flood Chute.iam)
2026-02-22 12:15:24 | ANALYZE: PART - Part14 FB-C.ipt -> Description: PL 6mm S535JR -> Group: LPL (from Deslime Flood Chute.iam)
2026-02-22 12:15:25 | ANALYZE: PART - Part15.ipt -> Description: PL 6mm S535JR -> Group: LPL (from Deslime Flood Chute.iam)
2026-02-22 12:15:25 | ANALYZE: PART - Part2 Pipe L1.ipt -> Description: PIPE - 200NB S.A.B.S.719 - 6 W.T. -> Group: P (from Deslime Flood Chute.iam)
2026-02-22 12:15:25 | ANALYZE: Created new group - P
2026-02-22 12:15:25 | ANALYZE: PART - Part3 Flange L1.ipt -> Description: FLANGE - 200NB S.A.B.S.1123 1000/3 12 TH'K -> Group: FLG (from Deslime Flood Chute.iam)
2026-02-22 12:15:25 | ANALYZE: Created new group - FLG
2026-02-22 12:15:25 | ANALYZE: SKIPPING Bolted Connection1.iam (bolted connection assembly)
2026-02-22 12:15:25 | ANALYZE: Recursive processing completed - Total unique parts processed: 19
2026-02-22 12:15:25 | ANALYZE: Created 6 component groups
2026-02-22 12:15:25 | DEBUG GROUP: 'PL' contains 7 components:
2026-02-22 12:15:25 |   - C:\Users\Quintin\Documents\Spectiv\3. Working\24. Primary - DMS\20. N1SCR03 - Deslime Screen Station\768 Flood Box\Support\Support Beam-1\Part1 FB-B1.ipt
2026-02-22 12:15:25 |   - C:\Users\Quintin\Documents\Spectiv\3. Working\24. Primary - DMS\20. N1SCR03 - Deslime Screen Station\768 Flood Box\Support\Support Beam-2\Part1 FB-B2.ipt
2026-02-22 12:15:25 |   - C:\Users\Quintin\Documents\Spectiv\3. Working\24. Primary - DMS\20. N1SCR03 - Deslime Screen Station\768 Flood Box\Chute\Part3 FB-C.ipt
2026-02-22 12:15:25 |   - C:\Users\Quintin\Documents\Spectiv\3. Working\24. Primary - DMS\20. N1SCR03 - Deslime Screen Station\768 Flood Box\Chute\Part5 FB-C.ipt
2026-02-22 12:15:25 |   - C:\Users\Quintin\Documents\Spectiv\3. Working\24. Primary - DMS\20. N1SCR03 - Deslime Screen Station\768 Flood Box\Chute\Part10 FB-C.ipt
2026-02-22 12:15:25 |   - C:\Users\Quintin\Documents\Spectiv\3. Working\24. Primary - DMS\20. N1SCR03 - Deslime Screen Station\768 Flood Box\Chute\Part11 Corner Gusset FB-C.ipt
2026-02-22 12:15:25 |   - C:\Users\Quintin\Documents\Spectiv\3. Working\24. Primary - DMS\20. N1SCR03 - Deslime Screen Station\768 Flood Box\Chute\Lug FB-C.ipt
2026-02-22 12:15:25 | DEBUG GROUP: 'B' contains 2 components:
2026-02-22 12:15:25 |   - C:\Users\Quintin\Documents\Spectiv\3. Working\24. Primary - DMS\20. N1SCR03 - Deslime Screen Station\768 Flood Box\Support\Support Beam-1\Part2 203x133x25 FB-B1.ipt
2026-02-22 12:15:25 |   - C:\Users\Quintin\Documents\Spectiv\3. Working\24. Primary - DMS\20. N1SCR03 - Deslime Screen Station\768 Flood Box\Support\Support Beam-2\Part2 203x133x25 FB-B2.ipt
2026-02-22 12:15:25 | DEBUG GROUP: 'A' contains 4 components:
2026-02-22 12:15:25 |   - C:\Users\Quintin\Documents\Spectiv\3. Working\24. Primary - DMS\20. N1SCR03 - Deslime Screen Station\768 Flood Box\Chute\Part6 Angle FB-C.ipt
2026-02-22 12:15:25 |   - C:\Users\Quintin\Documents\Spectiv\3. Working\24. Primary - DMS\20. N1SCR03 - Deslime Screen Station\768 Flood Box\Chute\Part7 Angle FB-C.ipt
2026-02-22 12:15:25 |   - C:\Users\Quintin\Documents\Spectiv\3. Working\24. Primary - DMS\20. N1SCR03 - Deslime Screen Station\768 Flood Box\Chute\Part8 (Part7 Angle MIR) FB-C.ipt
2026-02-22 12:15:25 |   - C:\Users\Quintin\Documents\Spectiv\3. Working\24. Primary - DMS\20. N1SCR03 - Deslime Screen Station\768 Flood Box\Chute\Part9 Angle FB-C.ipt
2026-02-22 12:15:25 | DEBUG GROUP: 'LPL' contains 4 components:
2026-02-22 12:15:25 |   - C:\Users\Quintin\Documents\Spectiv\3. Working\24. Primary - DMS\20. N1SCR03 - Deslime Screen Station\768 Flood Box\Chute\Part12 FB-C.ipt
2026-02-22 12:15:25 |   - C:\Users\Quintin\Documents\Spectiv\3. Working\24. Primary - DMS\20. N1SCR03 - Deslime Screen Station\768 Flood Box\Chute\Part13 FB-C.ipt
2026-02-22 12:15:25 |   - C:\Users\Quintin\Documents\Spectiv\3. Working\24. Primary - DMS\20. N1SCR03 - Deslime Screen Station\768 Flood Box\Chute\Part14 FB-C.ipt
2026-02-22 12:15:25 |   - C:\Users\Quintin\Documents\Spectiv\3. Working\24. Primary - DMS\20. N1SCR03 - Deslime Screen Station\768 Flood Box\Chute\Part15.ipt
2026-02-22 12:15:25 | DEBUG GROUP: 'P' contains 1 components:
2026-02-22 12:15:25 |   - C:\Users\Quintin\Documents\Spectiv\3. Working\24. Primary - DMS\20. N1SCR03 - Deslime Screen Station\768 Flood Box\Chute\Part2 Pipe L1.ipt
2026-02-22 12:15:25 | DEBUG GROUP: 'FLG' contains 1 components:
2026-02-22 12:15:25 |   - C:\Users\Quintin\Documents\Spectiv\3. Working\24. Primary - DMS\20. N1SCR03 - Deslime Screen Station\768 Flood Box\Chute\Part3 Flange L1.ipt
2026-02-22 12:15:25 | STEP 3: Getting plant section naming convention
2026-02-22 12:15:25 | PLANT: Getting plant section naming convention from user
2026-02-22 12:15:28 | PLANT: Using custom naming convention: N1SCR03-768-
2026-02-22 12:15:28 | REGISTRY: Prefix does not exist, starting fresh
2026-02-22 12:15:29 | STEP 4: Showing component groups summary
2026-02-22 12:15:29 | SUMMARY: Showing component groups to user
2026-02-22 12:15:30 | SUMMARY: User approved component groups
2026-02-22 12:15:30 | STEP 5: Getting user naming schemes for component groups
2026-02-22 12:15:30 | INPUT: Getting user naming schemes for 6 groups
2026-02-22 12:15:32 | INPUT: Group 'PL' -> Scheme: N1SCR03-768-PL{N}
2026-02-22 12:15:33 | INPUT: Group 'B' -> Scheme: N1SCR03-768-B{N}
2026-02-22 12:15:33 | INPUT: Group 'A' -> Scheme: N1SCR03-768-A{N}
2026-02-22 12:15:34 | INPUT: Group 'LPL' -> Scheme: N1SCR03-768-LPL{N}
2026-02-22 12:15:35 | INPUT: Group 'P' -> Scheme: N1SCR03-768-P{N}
2026-02-22 12:15:35 | INPUT: Group 'FLG' -> Scheme: N1SCR03-768-FLG{N}
2026-02-22 12:15:35 | STEP 6: Creating heritage-based copies with user naming
2026-02-22 12:15:35 | HERITAGE: Creating dynamic heritage-based copies
2026-02-22 12:15:35 | HERITAGE: Scanning mapping file for existing heritage files to continue numbering
2026-02-22 12:15:35 | HERITAGE: Starting fresh - not loading existing counters
2026-02-22 12:15:35 | EXTRACT: Processing naming scheme: N1SCR03-768-PL{N}
2026-02-22 12:15:35 | EXTRACT: Extracted prefix: 'N1SCR03-768-'
2026-02-22 12:15:35 | HERITAGE: Checking for existing counter with key: 'N1SCR03-768-PL'
2026-02-22 12:15:35 | HERITAGE: Group 'PL' starting from number 1 (new prefix or group - key 'N1SCR03-768-PL' not found)
2026-02-22 12:15:35 | HERITAGE: DEBUG - No existing counters found
2026-02-22 12:15:36 | HERITAGE: Processing group 'PL' with scheme: N1SCR03-768-PL{N}
2026-02-22 12:15:36 | HERITAGE: Part1 FB-B1.ipt -> N1SCR03-768-PL1.ipt
2026-02-22 12:15:36 | MAPPING: C:\Users\Quintin\Documents\Spectiv\3. Working\24. Primary - DMS\20. N1SCR03 - Deslime Screen Station\768 Flood Box\Support\Support Beam-1\Part1 FB-B1.ipt -> C:\Users\Quintin\Documents\Spectiv\3. Working\24. Primary - DMS\20. N1SCR03 - Deslime Screen Station\768 Flood Box\Support\Support Beam-1\N1SCR03-768-PL1.ipt
2026-02-22 12:15:36 | HERITAGE: Creating new file: N1SCR03-768-PL1.ipt
2026-02-22 12:15:36 | HERITAGE: SUCCESS - Created N1SCR03-768-PL1.ipt
2026-02-22 12:15:36 | HERITAGE: Part1 FB-B2.ipt -> N1SCR03-768-PL2.ipt
2026-02-22 12:15:36 | MAPPING: C:\Users\Quintin\Documents\Spectiv\3. Working\24. Primary - DMS\20. N1SCR03 - Deslime Screen Station\768 Flood Box\Support\Support Beam-2\Part1 FB-B2.ipt -> C:\Users\Quintin\Documents\Spectiv\3. Working\24. Primary - DMS\20. N1SCR03 - Deslime Screen Station\768 Flood Box\Support\Support Beam-2\N1SCR03-768-PL2.ipt
2026-02-22 12:15:36 | HERITAGE: Creating new file: N1SCR03-768-PL2.ipt
2026-02-22 12:15:36 | HERITAGE: SUCCESS - Created N1SCR03-768-PL2.ipt
2026-02-22 12:15:36 | HERITAGE: Part3 FB-C.ipt -> N1SCR03-768-PL3.ipt
2026-02-22 12:15:36 | MAPPING: C:\Users\Quintin\Documents\Spectiv\3. Working\24. Primary - DMS\20. N1SCR03 - Deslime Screen Station\768 Flood Box\Chute\Part3 FB-C.ipt -> C:\Users\Quintin\Documents\Spectiv\3. Working\24. Primary - DMS\20. N1SCR03 - Deslime Screen Station\768 Flood Box\Chute\N1SCR03-768-PL3.ipt
2026-02-22 12:15:36 | HERITAGE: Creating new file: N1SCR03-768-PL3.ipt
2026-02-22 12:15:36 | HERITAGE: SUCCESS - Created N1SCR03-768-PL3.ipt
2026-02-22 12:15:36 | HERITAGE: Part5 FB-C.ipt -> N1SCR03-768-PL4.ipt
2026-02-22 12:15:36 | MAPPING: C:\Users\Quintin\Documents\Spectiv\3. Working\24. Primary - DMS\20. N1SCR03 - Deslime Screen Station\768 Flood Box\Chute\Part5 FB-C.ipt -> C:\Users\Quintin\Documents\Spectiv\3. Working\24. Primary - DMS\20. N1SCR03 - Deslime Screen Station\768 Flood Box\Chute\N1SCR03-768-PL4.ipt
2026-02-22 12:15:36 | HERITAGE: Creating new file: N1SCR03-768-PL4.ipt
2026-02-22 12:15:36 | HERITAGE: SUCCESS - Created N1SCR03-768-PL4.ipt
2026-02-22 12:15:36 | HERITAGE: Part10 FB-C.ipt -> N1SCR03-768-PL5.ipt
2026-02-22 12:15:36 | MAPPING: C:\Users\Quintin\Documents\Spectiv\3. Working\24. Primary - DMS\20. N1SCR03 - Deslime Screen Station\768 Flood Box\Chute\Part10 FB-C.ipt -> C:\Users\Quintin\Documents\Spectiv\3. Working\24. Primary - DMS\20. N1SCR03 - Deslime Screen Station\768 Flood Box\Chute\N1SCR03-768-PL5.ipt
2026-02-22 12:15:36 | HERITAGE: Creating new file: N1SCR03-768-PL5.ipt
2026-02-22 12:15:36 | HERITAGE: SUCCESS - Created N1SCR03-768-PL5.ipt
2026-02-22 12:15:37 | HERITAGE: Part11 Corner Gusset FB-C.ipt -> N1SCR03-768-PL6.ipt
2026-02-22 12:15:37 | MAPPING: C:\Users\Quintin\Documents\Spectiv\3. Working\24. Primary - DMS\20. N1SCR03 - Deslime Screen Station\768 Flood Box\Chute\Part11 Corner Gusset FB-C.ipt -> C:\Users\Quintin\Documents\Spectiv\3. Working\24. Primary - DMS\20. N1SCR03 - Deslime Screen Station\768 Flood Box\Chute\N1SCR03-768-PL6.ipt
2026-02-22 12:15:37 | HERITAGE: Creating new file: N1SCR03-768-PL6.ipt
2026-02-22 12:15:37 | HERITAGE: SUCCESS - Created N1SCR03-768-PL6.ipt
2026-02-22 12:15:37 | HERITAGE: Lug FB-C.ipt -> N1SCR03-768-PL7.ipt
2026-02-22 12:15:37 | MAPPING: C:\Users\Quintin\Documents\Spectiv\3. Working\24. Primary - DMS\20. N1SCR03 - Deslime Screen Station\768 Flood Box\Chute\Lug FB-C.ipt -> C:\Users\Quintin\Documents\Spectiv\3. Working\24. Primary - DMS\20. N1SCR03 - Deslime Screen Station\768 Flood Box\Chute\N1SCR03-768-PL7.ipt
2026-02-22 12:15:37 | HERITAGE: Creating new file: N1SCR03-768-PL7.ipt
2026-02-22 12:15:37 | HERITAGE: SUCCESS - Created N1SCR03-768-PL7.ipt
2026-02-22 12:15:37 | REGISTRY: Saved N1SCR03-768-PL = 7
2026-02-22 12:15:37 | EXTRACT: Processing naming scheme: N1SCR03-768-B{N}
2026-02-22 12:15:37 | EXTRACT: Extracted prefix: 'N1SCR03-768-'
2026-02-22 12:15:37 | HERITAGE: Checking for existing counter with key: 'N1SCR03-768-B'
2026-02-22 12:15:37 | HERITAGE: Group 'B' starting from number 1 (new prefix or group - key 'N1SCR03-768-B' not found)
2026-02-22 12:15:37 | HERITAGE: DEBUG - No existing counters found
2026-02-22 12:15:37 | HERITAGE: Processing group 'B' with scheme: N1SCR03-768-B{N}
2026-02-22 12:15:37 | HERITAGE: Part2 203x133x25 FB-B1.ipt -> N1SCR03-768-B1.ipt
2026-02-22 12:15:37 | MAPPING: C:\Users\Quintin\Documents\Spectiv\3. Working\24. Primary - DMS\20. N1SCR03 - Deslime Screen Station\768 Flood Box\Support\Support Beam-1\Part2 203x133x25 FB-B1.ipt -> C:\Users\Quintin\Documents\Spectiv\3. Working\24. Primary - DMS\20. N1SCR03 - Deslime Screen Station\768 Flood Box\Support\Support Beam-1\N1SCR03-768-B1.ipt
2026-02-22 12:15:37 | HERITAGE: Creating new file: N1SCR03-768-B1.ipt
2026-02-22 12:15:37 | HERITAGE: SUCCESS - Created N1SCR03-768-B1.ipt
2026-02-22 12:15:37 | HERITAGE: Part2 203x133x25 FB-B2.ipt -> N1SCR03-768-B2.ipt
2026-02-22 12:15:37 | MAPPING: C:\Users\Quintin\Documents\Spectiv\3. Working\24. Primary - DMS\20. N1SCR03 - Deslime Screen Station\768 Flood Box\Support\Support Beam-2\Part2 203x133x25 FB-B2.ipt -> C:\Users\Quintin\Documents\Spectiv\3. Working\24. Primary - DMS\20. N1SCR03 - Deslime Screen Station\768 Flood Box\Support\Support Beam-2\N1SCR03-768-B2.ipt
2026-02-22 12:15:37 | HERITAGE: Creating new file: N1SCR03-768-B2.ipt
2026-02-22 12:15:37 | HERITAGE: SUCCESS - Created N1SCR03-768-B2.ipt
2026-02-22 12:15:37 | REGISTRY: Saved N1SCR03-768-B = 2
2026-02-22 12:15:37 | EXTRACT: Processing naming scheme: N1SCR03-768-A{N}
2026-02-22 12:15:37 | EXTRACT: Extracted prefix: 'N1SCR03-768-'
2026-02-22 12:15:37 | HERITAGE: Checking for existing counter with key: 'N1SCR03-768-A'
2026-02-22 12:15:37 | HERITAGE: Group 'A' starting from number 1 (new prefix or group - key 'N1SCR03-768-A' not found)
2026-02-22 12:15:37 | HERITAGE: DEBUG - No existing counters found
2026-02-22 12:15:37 | HERITAGE: Processing group 'A' with scheme: N1SCR03-768-A{N}
2026-02-22 12:15:37 | HERITAGE: Part6 Angle FB-C.ipt -> N1SCR03-768-A1.ipt
2026-02-22 12:15:37 | MAPPING: C:\Users\Quintin\Documents\Spectiv\3. Working\24. Primary - DMS\20. N1SCR03 - Deslime Screen Station\768 Flood Box\Chute\Part6 Angle FB-C.ipt -> C:\Users\Quintin\Documents\Spectiv\3. Working\24. Primary - DMS\20. N1SCR03 - Deslime Screen Station\768 Flood Box\Chute\N1SCR03-768-A1.ipt
2026-02-22 12:15:37 | HERITAGE: Creating new file: N1SCR03-768-A1.ipt
2026-02-22 12:15:37 | HERITAGE: SUCCESS - Created N1SCR03-768-A1.ipt
2026-02-22 12:15:37 | HERITAGE: Part7 Angle FB-C.ipt -> N1SCR03-768-A2.ipt
2026-02-22 12:15:37 | MAPPING: C:\Users\Quintin\Documents\Spectiv\3. Working\24. Primary - DMS\20. N1SCR03 - Deslime Screen Station\768 Flood Box\Chute\Part7 Angle FB-C.ipt -> C:\Users\Quintin\Documents\Spectiv\3. Working\24. Primary - DMS\20. N1SCR03 - Deslime Screen Station\768 Flood Box\Chute\N1SCR03-768-A2.ipt
2026-02-22 12:15:37 | HERITAGE: Creating new file: N1SCR03-768-A2.ipt
2026-02-22 12:15:38 | HERITAGE: SUCCESS - Created N1SCR03-768-A2.ipt
2026-02-22 12:15:38 | HERITAGE: Part8 (Part7 Angle MIR) FB-C.ipt -> N1SCR03-768-A3.ipt
2026-02-22 12:15:38 | MAPPING: C:\Users\Quintin\Documents\Spectiv\3. Working\24. Primary - DMS\20. N1SCR03 - Deslime Screen Station\768 Flood Box\Chute\Part8 (Part7 Angle MIR) FB-C.ipt -> C:\Users\Quintin\Documents\Spectiv\3. Working\24. Primary - DMS\20. N1SCR03 - Deslime Screen Station\768 Flood Box\Chute\N1SCR03-768-A3.ipt
2026-02-22 12:15:38 | HERITAGE: Creating new file: N1SCR03-768-A3.ipt
2026-02-22 12:15:38 | HERITAGE: SUCCESS - Created N1SCR03-768-A3.ipt
2026-02-22 12:15:38 | HERITAGE: Part9 Angle FB-C.ipt -> N1SCR03-768-A4.ipt
2026-02-22 12:15:38 | MAPPING: C:\Users\Quintin\Documents\Spectiv\3. Working\24. Primary - DMS\20. N1SCR03 - Deslime Screen Station\768 Flood Box\Chute\Part9 Angle FB-C.ipt -> C:\Users\Quintin\Documents\Spectiv\3. Working\24. Primary - DMS\20. N1SCR03 - Deslime Screen Station\768 Flood Box\Chute\N1SCR03-768-A4.ipt
2026-02-22 12:15:38 | HERITAGE: Creating new file: N1SCR03-768-A4.ipt
2026-02-22 12:15:38 | HERITAGE: SUCCESS - Created N1SCR03-768-A4.ipt
2026-02-22 12:15:38 | REGISTRY: Saved N1SCR03-768-A = 4
2026-02-22 12:15:38 | EXTRACT: Processing naming scheme: N1SCR03-768-LPL{N}
2026-02-22 12:15:38 | EXTRACT: Extracted prefix: 'N1SCR03-768-'
2026-02-22 12:15:38 | HERITAGE: Checking for existing counter with key: 'N1SCR03-768-LPL'
2026-02-22 12:15:38 | HERITAGE: Group 'LPL' starting from number 1 (new prefix or group - key 'N1SCR03-768-LPL' not found)
2026-02-22 12:15:38 | HERITAGE: DEBUG - No existing counters found
2026-02-22 12:15:38 | HERITAGE: Processing group 'LPL' with scheme: N1SCR03-768-LPL{N}
2026-02-22 12:15:38 | HERITAGE: Part12 FB-C.ipt -> N1SCR03-768-LPL1.ipt
2026-02-22 12:15:38 | MAPPING: C:\Users\Quintin\Documents\Spectiv\3. Working\24. Primary - DMS\20. N1SCR03 - Deslime Screen Station\768 Flood Box\Chute\Part12 FB-C.ipt -> C:\Users\Quintin\Documents\Spectiv\3. Working\24. Primary - DMS\20. N1SCR03 - Deslime Screen Station\768 Flood Box\Chute\N1SCR03-768-LPL1.ipt
2026-02-22 12:15:38 | HERITAGE: Creating new file: N1SCR03-768-LPL1.ipt
2026-02-22 12:15:38 | HERITAGE: SUCCESS - Created N1SCR03-768-LPL1.ipt
2026-02-22 12:15:38 | HERITAGE: Part13 FB-C.ipt -> N1SCR03-768-LPL2.ipt
2026-02-22 12:15:38 | MAPPING: C:\Users\Quintin\Documents\Spectiv\3. Working\24. Primary - DMS\20. N1SCR03 - Deslime Screen Station\768 Flood Box\Chute\Part13 FB-C.ipt -> C:\Users\Quintin\Documents\Spectiv\3. Working\24. Primary - DMS\20. N1SCR03 - Deslime Screen Station\768 Flood Box\Chute\N1SCR03-768-LPL2.ipt
2026-02-22 12:15:38 | HERITAGE: Creating new file: N1SCR03-768-LPL2.ipt
2026-02-22 12:15:38 | HERITAGE: SUCCESS - Created N1SCR03-768-LPL2.ipt
2026-02-22 12:15:38 | HERITAGE: Part14 FB-C.ipt -> N1SCR03-768-LPL3.ipt
2026-02-22 12:15:38 | MAPPING: C:\Users\Quintin\Documents\Spectiv\3. Working\24. Primary - DMS\20. N1SCR03 - Deslime Screen Station\768 Flood Box\Chute\Part14 FB-C.ipt -> C:\Users\Quintin\Documents\Spectiv\3. Working\24. Primary - DMS\20. N1SCR03 - Deslime Screen Station\768 Flood Box\Chute\N1SCR03-768-LPL3.ipt
2026-02-22 12:15:38 | HERITAGE: Creating new file: N1SCR03-768-LPL3.ipt
2026-02-22 12:15:39 | HERITAGE: SUCCESS - Created N1SCR03-768-LPL3.ipt
2026-02-22 12:15:39 | HERITAGE: Part15.ipt -> N1SCR03-768-LPL4.ipt
2026-02-22 12:15:39 | MAPPING: C:\Users\Quintin\Documents\Spectiv\3. Working\24. Primary - DMS\20. N1SCR03 - Deslime Screen Station\768 Flood Box\Chute\Part15.ipt -> C:\Users\Quintin\Documents\Spectiv\3. Working\24. Primary - DMS\20. N1SCR03 - Deslime Screen Station\768 Flood Box\Chute\N1SCR03-768-LPL4.ipt
2026-02-22 12:15:39 | HERITAGE: Creating new file: N1SCR03-768-LPL4.ipt
2026-02-22 12:15:39 | HERITAGE: SUCCESS - Created N1SCR03-768-LPL4.ipt
2026-02-22 12:15:39 | REGISTRY: Saved N1SCR03-768-LPL = 4
2026-02-22 12:15:39 | EXTRACT: Processing naming scheme: N1SCR03-768-P{N}
2026-02-22 12:15:39 | EXTRACT: Extracted prefix: 'N1SCR03-768-'
2026-02-22 12:15:39 | HERITAGE: Checking for existing counter with key: 'N1SCR03-768-P'
2026-02-22 12:15:39 | HERITAGE: Group 'P' starting from number 1 (new prefix or group - key 'N1SCR03-768-P' not found)
2026-02-22 12:15:39 | HERITAGE: DEBUG - No existing counters found
2026-02-22 12:15:39 | HERITAGE: Processing group 'P' with scheme: N1SCR03-768-P{N}
2026-02-22 12:15:39 | HERITAGE: Part2 Pipe L1.ipt -> N1SCR03-768-P1.ipt
2026-02-22 12:15:39 | MAPPING: C:\Users\Quintin\Documents\Spectiv\3. Working\24. Primary - DMS\20. N1SCR03 - Deslime Screen Station\768 Flood Box\Chute\Part2 Pipe L1.ipt -> C:\Users\Quintin\Documents\Spectiv\3. Working\24. Primary - DMS\20. N1SCR03 - Deslime Screen Station\768 Flood Box\Chute\N1SCR03-768-P1.ipt
2026-02-22 12:15:39 | HERITAGE: Creating new file: N1SCR03-768-P1.ipt
2026-02-22 12:15:39 | HERITAGE: SUCCESS - Created N1SCR03-768-P1.ipt
2026-02-22 12:15:39 | REGISTRY: Saved N1SCR03-768-P = 1
2026-02-22 12:15:39 | EXTRACT: Processing naming scheme: N1SCR03-768-FLG{N}
2026-02-22 12:15:39 | EXTRACT: Extracted prefix: 'N1SCR03-768-'
2026-02-22 12:15:39 | HERITAGE: Checking for existing counter with key: 'N1SCR03-768-FLG'
2026-02-22 12:15:39 | HERITAGE: Group 'FLG' starting from number 1 (new prefix or group - key 'N1SCR03-768-FLG' not found)
2026-02-22 12:15:39 | HERITAGE: DEBUG - No existing counters found
2026-02-22 12:15:39 | HERITAGE: Processing group 'FLG' with scheme: N1SCR03-768-FLG{N}
2026-02-22 12:15:39 | HERITAGE: Part3 Flange L1.ipt -> N1SCR03-768-FLG1.ipt
2026-02-22 12:15:39 | MAPPING: C:\Users\Quintin\Documents\Spectiv\3. Working\24. Primary - DMS\20. N1SCR03 - Deslime Screen Station\768 Flood Box\Chute\Part3 Flange L1.ipt -> C:\Users\Quintin\Documents\Spectiv\3. Working\24. Primary - DMS\20. N1SCR03 - Deslime Screen Station\768 Flood Box\Chute\N1SCR03-768-FLG1.ipt
2026-02-22 12:15:39 | HERITAGE: Creating new file: N1SCR03-768-FLG1.ipt
2026-02-22 12:15:39 | HERITAGE: SUCCESS - Created N1SCR03-768-FLG1.ipt
2026-02-22 12:15:39 | REGISTRY: Saved N1SCR03-768-FLG = 1
2026-02-22 12:15:39 | STEP 7: Updating assembly references
2026-02-22 12:15:39 | ASSEMBLY: Recursively updating assembly references across entire model hierarchy
2026-02-22 12:15:39 | ASSEMBLY: Updating references in - N1SCR03-768.iam (Level: ROOT)
2026-02-22 12:15:39 | ASSEMBLY: RECURSING into sub-assembly - Support Frame.iam
2026-02-22 12:15:39 | ASSEMBLY: Updating references in - Support Frame.iam (Level: ROOT>Support Frame.iam)
2026-02-22 12:15:39 | ASSEMBLY: RECURSING into sub-assembly - Support Beam-1.iam
2026-02-22 12:15:39 | ASSEMBLY: Updating references in - Support Beam-1.iam (Level: ROOT>Support Frame.iam>Support Beam-1.iam)
2026-02-22 12:15:40 | ASSEMBLY: Replacing Part1 FB-B1.ipt -> N1SCR03-768-PL1.ipt [PL] (in Support Beam-1.iam)
2026-02-22 12:15:40 | ASSEMBLY: SUCCESS - Updated to N1SCR03-768-PL1.ipt
2026-02-22 12:15:40 | ASSEMBLY: Replacing Part2 203x133x25 FB-B1.ipt -> N1SCR03-768-B1.ipt [B] (in Support Beam-1.iam)
2026-02-22 12:15:40 | ASSEMBLY: SUCCESS - Updated to N1SCR03-768-B1.ipt
2026-02-22 12:15:40 | ASSEMBLY: INFO - No mapping found for N1SCR03-768-PL1.ipt (not renamed)
2026-02-22 12:15:40 | ASSEMBLY: Saved sub-assembly - Support Beam-1.iam
2026-02-22 12:15:41 | ASSEMBLY: RECURSING into sub-assembly - Support Beam-1.iam
2026-02-22 12:15:41 | ASSEMBLY: Updating references in - Support Beam-1.iam (Level: ROOT>Support Frame.iam>Support Beam-1.iam)
2026-02-22 12:15:41 | ASSEMBLY: INFO - No mapping found for N1SCR03-768-PL1.ipt (not renamed)
2026-02-22 12:15:41 | ASSEMBLY: INFO - No mapping found for N1SCR03-768-B1.ipt (not renamed)
2026-02-22 12:15:41 | ASSEMBLY: INFO - No mapping found for N1SCR03-768-PL1.ipt (not renamed)
2026-02-22 12:15:41 | ASSEMBLY: Saved sub-assembly - Support Beam-1.iam
2026-02-22 12:15:41 | ASSEMBLY: RECURSING into sub-assembly - Support Beam-2.iam
2026-02-22 12:15:41 | ASSEMBLY: Updating references in - Support Beam-2.iam (Level: ROOT>Support Frame.iam>Support Beam-2.iam)
2026-02-22 12:15:41 | ASSEMBLY: Replacing Part1 FB-B2.ipt -> N1SCR03-768-PL2.ipt [PL] (in Support Beam-2.iam)
2026-02-22 12:15:41 | ASSEMBLY: SUCCESS - Updated to N1SCR03-768-PL2.ipt
2026-02-22 12:15:41 | ASSEMBLY: Replacing Part2 203x133x25 FB-B2.ipt -> N1SCR03-768-B2.ipt [B] (in Support Beam-2.iam)
2026-02-22 12:15:41 | ASSEMBLY: SUCCESS - Updated to N1SCR03-768-B2.ipt
2026-02-22 12:15:41 | ASSEMBLY: INFO - No mapping found for N1SCR03-768-PL2.ipt (not renamed)
2026-02-22 12:15:41 | ASSEMBLY: Saved sub-assembly - Support Beam-2.iam
2026-02-22 12:15:41 | ASSEMBLY: RECURSING into sub-assembly - Support Beam-2.iam
2026-02-22 12:15:41 | ASSEMBLY: Updating references in - Support Beam-2.iam (Level: ROOT>Support Frame.iam>Support Beam-2.iam)
2026-02-22 12:15:41 | ASSEMBLY: INFO - No mapping found for N1SCR03-768-PL2.ipt (not renamed)
2026-02-22 12:15:41 | ASSEMBLY: INFO - No mapping found for N1SCR03-768-B2.ipt (not renamed)
2026-02-22 12:15:41 | ASSEMBLY: INFO - No mapping found for N1SCR03-768-PL2.ipt (not renamed)
2026-02-22 12:15:41 | ASSEMBLY: Saved sub-assembly - Support Beam-2.iam
2026-02-22 12:15:41 | ASSEMBLY: SKIPPING Bolted Connection2.iam (bolted connection assembly)
2026-02-22 12:15:42 | ASSEMBLY: Saved sub-assembly - Support Frame.iam
2026-02-22 12:15:42 | ASSEMBLY: RECURSING into sub-assembly - Deslime Flood Chute.iam
2026-02-22 12:15:42 | ASSEMBLY: Updating references in - Deslime Flood Chute.iam (Level: ROOT>Deslime Flood Chute.iam)
2026-02-22 12:15:42 | ASSEMBLY: Replacing Part3 FB-C.ipt -> N1SCR03-768-PL3.ipt [PL] (in Deslime Flood Chute.iam)
2026-02-22 12:15:42 | ASSEMBLY: SUCCESS - Updated to N1SCR03-768-PL3.ipt
2026-02-22 12:15:42 | ASSEMBLY: Replacing Part5 FB-C.ipt -> N1SCR03-768-PL4.ipt [PL] (in Deslime Flood Chute.iam)
2026-02-22 12:15:42 | ASSEMBLY: SUCCESS - Updated to N1SCR03-768-PL4.ipt
2026-02-22 12:15:42 | ASSEMBLY: INFO - No mapping found for N1SCR03-768-PL4.ipt (not renamed)
2026-02-22 12:15:42 | ASSEMBLY: Replacing Part6 Angle FB-C.ipt -> N1SCR03-768-A1.ipt [A] (in Deslime Flood Chute.iam)
2026-02-22 12:15:42 | ASSEMBLY: SUCCESS - Updated to N1SCR03-768-A1.ipt
2026-02-22 12:15:42 | ASSEMBLY: INFO - No mapping found for N1SCR03-768-A1.ipt (not renamed)
2026-02-22 12:15:42 | ASSEMBLY: Replacing Part7 Angle FB-C.ipt -> N1SCR03-768-A2.ipt [A] (in Deslime Flood Chute.iam)
2026-02-22 12:15:42 | ASSEMBLY: SUCCESS - Updated to N1SCR03-768-A2.ipt
2026-02-22 12:15:42 | ASSEMBLY: Replacing Part8 (Part7 Angle MIR) FB-C.ipt -> N1SCR03-768-A3.ipt [A] (in Deslime Flood Chute.iam)
2026-02-22 12:15:42 | ASSEMBLY: SUCCESS - Updated to N1SCR03-768-A3.ipt
2026-02-22 12:15:42 | ASSEMBLY: Replacing Part9 Angle FB-C.ipt -> N1SCR03-768-A4.ipt [A] (in Deslime Flood Chute.iam)
2026-02-22 12:15:42 | ASSEMBLY: SUCCESS - Updated to N1SCR03-768-A4.ipt
2026-02-22 12:15:43 | ASSEMBLY: INFO - No mapping found for N1SCR03-768-A4.ipt (not renamed)
2026-02-22 12:15:43 | ASSEMBLY: INFO - No mapping found for N1SCR03-768-A4.ipt (not renamed)
2026-02-22 12:15:43 | ASSEMBLY: INFO - No mapping found for N1SCR03-768-A4.ipt (not renamed)
2026-02-22 12:15:43 | ASSEMBLY: Replacing Part10 FB-C.ipt -> N1SCR03-768-PL5.ipt [PL] (in Deslime Flood Chute.iam)
2026-02-22 12:15:43 | ASSEMBLY: SUCCESS - Updated to N1SCR03-768-PL5.ipt
2026-02-22 12:15:43 | ASSEMBLY: Replacing Part11 Corner Gusset FB-C.ipt -> N1SCR03-768-PL6.ipt [PL] (in Deslime Flood Chute.iam)
2026-02-22 12:15:43 | ASSEMBLY: SUCCESS - Updated to N1SCR03-768-PL6.ipt
2026-02-22 12:15:43 | ASSEMBLY: INFO - No mapping found for N1SCR03-768-PL5.ipt (not renamed)
2026-02-22 12:15:43 | ASSEMBLY: INFO - No mapping found for N1SCR03-768-PL6.ipt (not renamed)
2026-02-22 12:15:43 | ASSEMBLY: INFO - No mapping found for N1SCR03-768-PL5.ipt (not renamed)
2026-02-22 12:15:43 | ASSEMBLY: INFO - No mapping found for N1SCR03-768-PL6.ipt (not renamed)
2026-02-22 12:15:43 | ASSEMBLY: INFO - No mapping found for N1SCR03-768-PL5.ipt (not renamed)
2026-02-22 12:15:43 | ASSEMBLY: INFO - No mapping found for N1SCR03-768-PL6.ipt (not renamed)
2026-02-22 12:15:43 | ASSEMBLY: Replacing Lug FB-C.ipt -> N1SCR03-768-PL7.ipt [PL] (in Deslime Flood Chute.iam)
2026-02-22 12:15:43 | ASSEMBLY: SUCCESS - Updated to N1SCR03-768-PL7.ipt
2026-02-22 12:15:43 | ASSEMBLY: INFO - No mapping found for N1SCR03-768-PL7.ipt (not renamed)
2026-02-22 12:15:43 | ASSEMBLY: INFO - No mapping found for N1SCR03-768-PL7.ipt (not renamed)
2026-02-22 12:15:43 | ASSEMBLY: INFO - No mapping found for N1SCR03-768-PL7.ipt (not renamed)
2026-02-22 12:15:43 | ASSEMBLY: Replacing Part12 FB-C.ipt -> N1SCR03-768-LPL1.ipt [LPL] (in Deslime Flood Chute.iam)
2026-02-22 12:15:43 | ASSEMBLY: SUCCESS - Updated to N1SCR03-768-LPL1.ipt
2026-02-22 12:15:43 | ASSEMBLY: Replacing Part13 FB-C.ipt -> N1SCR03-768-LPL2.ipt [LPL] (in Deslime Flood Chute.iam)
2026-02-22 12:15:43 | ASSEMBLY: SUCCESS - Updated to N1SCR03-768-LPL2.ipt
2026-02-22 12:15:43 | ASSEMBLY: Replacing Part14 FB-C.ipt -> N1SCR03-768-LPL3.ipt [LPL] (in Deslime Flood Chute.iam)
2026-02-22 12:15:43 | ASSEMBLY: SUCCESS - Updated to N1SCR03-768-LPL3.ipt
2026-02-22 12:15:43 | ASSEMBLY: Replacing Part15.ipt -> N1SCR03-768-LPL4.ipt [LPL] (in Deslime Flood Chute.iam)
2026-02-22 12:15:43 | ASSEMBLY: SUCCESS - Updated to N1SCR03-768-LPL4.ipt
2026-02-22 12:15:43 | ASSEMBLY: Replacing Part2 Pipe L1.ipt -> N1SCR03-768-P1.ipt [P] (in Deslime Flood Chute.iam)
2026-02-22 12:15:44 | ASSEMBLY: SUCCESS - Updated to N1SCR03-768-P1.ipt
2026-02-22 12:15:44 | ASSEMBLY: Replacing Part3 Flange L1.ipt -> N1SCR03-768-FLG1.ipt [FLG] (in Deslime Flood Chute.iam)
2026-02-22 12:15:44 | ASSEMBLY: SUCCESS - Updated to N1SCR03-768-FLG1.ipt
2026-02-22 12:15:47 | ASSEMBLY: Saved sub-assembly - Deslime Flood Chute.iam
2026-02-22 12:15:47 | ASSEMBLY: SKIPPING Bolted Connection1.iam (bolted connection assembly)
2026-02-22 12:15:47 | ASSEMBLY: Saving assembly with updated references...
2026-02-22 12:15:47 | ASSEMBLY: Successfully saved assembly
2026-02-22 12:15:47 | STEP 8: Auto-detecting and updating IDW files
2026-02-22 12:15:47 | IDW: Auto-detecting IDW files in assembly directory
2026-02-22 12:15:47 | IDW: Found drawing file - MGY-200-DSL-06-00.idw
2026-02-22 12:15:47 | IDW: Processing MGY-200-DSL-06-00.idw
2026-02-22 12:15:48 | IDW: Opening MGY-200-DSL-06-00.idw
2026-02-22 12:15:59 | IDW: Found 1 referenced files
2026-02-22 12:15:59 | IDW: INFO - No mapping found for N1SCR03-768.iam
2026-02-22 12:16:02 | IDW: Saved MGY-200-DSL-06-00.idw
2026-02-22 12:16:02 | STEP 8.5: Saving mapping file for external IDW updater
2026-02-22 12:16:02 | MAPPING: === START SAVE MAPPING FILE ===
2026-02-22 12:16:02 | MAPPING: Using pre-selected path: C:\Users\Quintin\Documents\Spectiv\3. Working\24. Primary - DMS\20. N1SCR03 - Deslime Screen Station\768 Flood Box\STEP_1_MAPPING.txt
2026-02-22 12:16:02 | MAPPING: Comprehensive mapping count = 19
2026-02-22 12:16:02 | MAPPING: Prepared: Part1 FB-B1.ipt -> N1SCR03-768-PL1.ipt
2026-02-22 12:16:02 | MAPPING: Prepared: Part1 FB-B2.ipt -> N1SCR03-768-PL2.ipt
2026-02-22 12:16:02 | MAPPING: Prepared: Part3 FB-C.ipt -> N1SCR03-768-PL3.ipt
2026-02-22 12:16:02 | MAPPING: Prepared: Part5 FB-C.ipt -> N1SCR03-768-PL4.ipt
2026-02-22 12:16:02 | MAPPING: Prepared: Part10 FB-C.ipt -> N1SCR03-768-PL5.ipt
2026-02-22 12:16:02 | MAPPING: Prepared: Part11 Corner Gusset FB-C.ipt -> N1SCR03-768-PL6.ipt
2026-02-22 12:16:02 | MAPPING: Prepared: Lug FB-C.ipt -> N1SCR03-768-PL7.ipt
2026-02-22 12:16:02 | MAPPING: Prepared: Part2 203x133x25 FB-B1.ipt -> N1SCR03-768-B1.ipt
2026-02-22 12:16:02 | MAPPING: Prepared: Part2 203x133x25 FB-B2.ipt -> N1SCR03-768-B2.ipt
2026-02-22 12:16:02 | MAPPING: Prepared: Part6 Angle FB-C.ipt -> N1SCR03-768-A1.ipt
2026-02-22 12:16:02 | MAPPING: Prepared: Part7 Angle FB-C.ipt -> N1SCR03-768-A2.ipt
2026-02-22 12:16:02 | MAPPING: Prepared: Part8 (Part7 Angle MIR) FB-C.ipt -> N1SCR03-768-A3.ipt
2026-02-22 12:16:02 | MAPPING: Prepared: Part9 Angle FB-C.ipt -> N1SCR03-768-A4.ipt
2026-02-22 12:16:02 | MAPPING: Prepared: Part12 FB-C.ipt -> N1SCR03-768-LPL1.ipt
2026-02-22 12:16:02 | MAPPING: Prepared: Part13 FB-C.ipt -> N1SCR03-768-LPL2.ipt
2026-02-22 12:16:02 | MAPPING: Prepared: Part14 FB-C.ipt -> N1SCR03-768-LPL3.ipt
2026-02-22 12:16:02 | MAPPING: Prepared: Part15.ipt -> N1SCR03-768-LPL4.ipt
2026-02-22 12:16:02 | MAPPING: Prepared: Part2 Pipe L1.ipt -> N1SCR03-768-P1.ipt
2026-02-22 12:16:02 | MAPPING: Prepared: Part3 Flange L1.ipt -> N1SCR03-768-FLG1.ipt
2026-02-22 12:16:02 | MAPPING: Write attempt 1 of 3
2026-02-22 12:16:02 | MAPPING: Write attempt 1 SUCCEEDED
2026-02-22 12:16:02 | MAPPING: VERIFICATION - File exists! Size: 6798 bytes
2026-02-22 12:16:02 | MAPPING: SUCCESS - Mapping file saved with 19 mappings
2026-02-22 12:16:03 | MAPPING: === END SAVE MAPPING FILE ===
2026-02-22 12:16:03 | STEP 9: Keeping original files for safety (skipping cleanup)
2026-02-22 12:16:03 | === DYNAMIC HERITAGE-BASED SOLUTION COMPLETED ===
