2026-01-26 16:59:16 | === PREFIX CLONER ===
2026-01-26 16:59:16 | Clone assembly with prefix replacement only (keep part suffixes intact)
2026-01-26 16:59:18 | SUCCESS: Connected to existing Inventor instance
2026-01-26 16:59:18 | STEP 1: Detecting open assembly
2026-01-26 16:59:18 | DETECTED: Static Screen Wider.iam
2026-01-26 16:59:18 | DETECTED: Full path - C:\Users\Quintin\Documents\Spectiv\3. Working\22. DMS plant\21. SSCR04 - Primary Floats D&R Screen Station\726 Static Screen\Static Screen Wider.iam
2026-01-26 16:59:21 | STEP 2: Analyzing assembly structure
2026-01-26 16:59:21 | COLLECT: Scanning assembly for all referenced parts and sub-assemblies...
2026-01-26 16:59:21 | COLLECT: SUB-ASSEMBLY Static Screen Top Wider.iam at ROOT
2026-01-26 16:59:21 | COLLECT: PART N1SCR04-726-PL1.ipt at ROOT>Static Screen Top Wider.iam
2026-01-26 16:59:21 | COLLECT: PART N1SCR04-726-PL2.ipt at ROOT>Static Screen Top Wider.iam
2026-01-26 16:59:21 | COLLECT: PART N1SCR04-726-PL3.ipt at ROOT>Static Screen Top Wider.iam
2026-01-26 16:59:21 | COLLECT: PART N1SCR04-726-PL4.ipt at ROOT>Static Screen Top Wider.iam
2026-01-26 16:59:22 | COLLECT: PART N1SCR04-726-PL5.ipt at ROOT>Static Screen Top Wider.iam
2026-01-26 16:59:22 | COLLECT: PART N1SCR04-726-PL6.ipt at ROOT>Static Screen Top Wider.iam
2026-01-26 16:59:22 | COLLECT: PART N1SCR04-726-PL7.ipt at ROOT>Static Screen Top Wider.iam
2026-01-26 16:59:22 | COLLECT: PART N1SCR04-726-PL8.ipt at ROOT>Static Screen Top Wider.iam
2026-01-26 16:59:22 | COLLECT: PART N1SCR04-726-PL9.ipt at ROOT>Static Screen Top Wider.iam
2026-01-26 16:59:22 | COLLECT: PART N1SCR04-726-PL10.ipt at ROOT>Static Screen Top Wider.iam
2026-01-26 16:59:22 | COLLECT: PART N1SCR04-726-A1.ipt at ROOT>Static Screen Top Wider.iam
2026-01-26 16:59:22 | COLLECT: PART N1SCR04-726-A2.ipt at ROOT>Static Screen Top Wider.iam
2026-01-26 16:59:22 | COLLECT: PART N1SCR04-726-A3.ipt at ROOT>Static Screen Top Wider.iam
2026-01-26 16:59:22 | COLLECT: PART N1SCR04-726-A4.ipt at ROOT>Static Screen Top Wider.iam
2026-01-26 16:59:22 | COLLECT: PART N1SCR04-726-PL11.ipt at ROOT>Static Screen Top Wider.iam
2026-01-26 16:59:22 | COLLECT: PART N1SCR04-726-FL1.ipt at ROOT>Static Screen Top Wider.iam
2026-01-26 16:59:22 | COLLECT: PART N1SCR04-726-FL2.ipt at ROOT>Static Screen Top Wider.iam
2026-01-26 16:59:22 | COLLECT: PART N1SCR04-726-FL3.ipt at ROOT>Static Screen Top Wider.iam
2026-01-26 16:59:23 | COLLECT: PART N1SCR04-726-FL4.ipt at ROOT>Static Screen Top Wider.iam
2026-01-26 16:59:23 | COLLECT: PART N1SCR04-726-FL5.ipt at ROOT>Static Screen Top Wider.iam
2026-01-26 16:59:23 | COLLECT: PART N1SCR04-726-FL6.ipt at ROOT>Static Screen Top Wider.iam
2026-01-26 16:59:23 | COLLECT: PART N1SCR04-726-FL7.ipt at ROOT>Static Screen Top Wider.iam
2026-01-26 16:59:23 | COLLECT: PART N1SCR04-726-PL12.ipt at ROOT>Static Screen Top Wider.iam
2026-01-26 16:59:23 | COLLECT: PART N1SCR04-726-FL8.ipt at ROOT>Static Screen Top Wider.iam
2026-01-26 16:59:24 | COLLECT: PART N1SCR04-726-FL9.ipt at ROOT>Static Screen Top Wider.iam
2026-01-26 16:59:24 | COLLECT: PART N1SCR04-726-PL13.ipt at ROOT>Static Screen Top Wider.iam
2026-01-26 16:59:24 | COLLECT: PART N1SCR04-726-PL14.ipt at ROOT>Static Screen Top Wider.iam
2026-01-26 16:59:24 | COLLECT: PART N1SCR04-726-FL10.ipt at ROOT>Static Screen Top Wider.iam
2026-01-26 16:59:24 | COLLECT: PART N1SCR04-726-FL11.ipt at ROOT>Static Screen Top Wider.iam
2026-01-26 16:59:24 | COLLECT: SUB-ASSEMBLY Static Screen Middle Wider.iam at ROOT
2026-01-26 16:59:24 | COLLECT: PART N1SCR04-726-PL15.ipt at ROOT>Static Screen Middle Wider.iam
2026-01-26 16:59:24 | COLLECT: PART N1SCR04-726-PL16.ipt at ROOT>Static Screen Middle Wider.iam
2026-01-26 16:59:24 | COLLECT: PART N1SCR04-726-PL17.ipt at ROOT>Static Screen Middle Wider.iam
2026-01-26 16:59:24 | COLLECT: PART N1SCR04-726-PL18.ipt at ROOT>Static Screen Middle Wider.iam
2026-01-26 16:59:24 | COLLECT: PART N1SCR04-726-PL19.ipt at ROOT>Static Screen Middle Wider.iam
2026-01-26 16:59:25 | COLLECT: PART N1SCR04-726-PL20.ipt at ROOT>Static Screen Middle Wider.iam
2026-01-26 16:59:25 | COLLECT: PART N1SCR04-726-A5.ipt at ROOT>Static Screen Middle Wider.iam
2026-01-26 16:59:25 | COLLECT: PART N1SCR04-726-A6.ipt at ROOT>Static Screen Middle Wider.iam
2026-01-26 16:59:25 | COLLECT: PART N1SCR04-726-A7.ipt at ROOT>Static Screen Middle Wider.iam
2026-01-26 16:59:25 | COLLECT: PART N1SCR04-726-PL21.ipt at ROOT>Static Screen Middle Wider.iam
2026-01-26 16:59:25 | COLLECT: PART N1SCR04-726-PL22.ipt at ROOT>Static Screen Middle Wider.iam
2026-01-26 16:59:25 | COLLECT: PART N1SCR04-726-PL23.ipt at ROOT>Static Screen Middle Wider.iam
2026-01-26 16:59:25 | COLLECT: PART N1SCR04-726-A8.ipt at ROOT>Static Screen Middle Wider.iam
2026-01-26 16:59:25 | COLLECT: PART N1SCR04-726-A9.ipt at ROOT>Static Screen Middle Wider.iam
2026-01-26 16:59:25 | COLLECT: PART N1SCR04-726-A10.ipt at ROOT>Static Screen Middle Wider.iam
2026-01-26 16:59:25 | COLLECT: PART N1SCR04-726-A11.ipt at ROOT>Static Screen Middle Wider.iam
2026-01-26 16:59:26 | COLLECT: PART Part23 SS-MID W.ipt at ROOT>Static Screen Middle Wider.iam
2026-01-26 16:59:26 | COLLECT: PART N1SCR04-726-PL24.ipt at ROOT>Static Screen Middle Wider.iam
2026-01-26 16:59:26 | COLLECT: PART N1SCR04-726-PART1.ipt at ROOT>Static Screen Middle Wider.iam
2026-01-26 16:59:26 | COLLECT: SUB-ASSEMBLY Bolted Connection1.iam at ROOT>Static Screen Middle Wider.iam
2026-01-26 16:59:26 | COLLECT: PART N1SCR04-726-PL25.ipt at ROOT>Static Screen Middle Wider.iam
2026-01-26 16:59:26 | COLLECT: PART N1SCR04-726-PL26.ipt at ROOT>Static Screen Middle Wider.iam
2026-01-26 16:59:26 | COLLECT: PART N1SCR04-726-PL27.ipt at ROOT>Static Screen Middle Wider.iam
2026-01-26 16:59:26 | COLLECT: PART N1SCR04-726-PL28.ipt at ROOT>Static Screen Middle Wider.iam
2026-01-26 16:59:26 | COLLECT: PART N1SCR04-726-PL29.ipt at ROOT>Static Screen Middle Wider.iam
2026-01-26 16:59:26 | COLLECT: PART N1SCR04-726-P1.ipt at ROOT>Static Screen Middle Wider.iam
2026-01-26 16:59:26 | COLLECT: PART N1SCR04-726-FLG1.ipt at ROOT>Static Screen Middle Wider.iam
2026-01-26 16:59:26 | COLLECT: PART N1SCR04-726-FL12.ipt at ROOT>Static Screen Middle Wider.iam
2026-01-26 16:59:27 | COLLECT: PART N1SCR04-726-FL13.ipt at ROOT>Static Screen Middle Wider.iam
2026-01-26 16:59:27 | COLLECT: PART N1SCR04-726-FL14.ipt at ROOT>Static Screen Middle Wider.iam
2026-01-26 16:59:27 | COLLECT: PART N1SCR04-726-FL15.ipt at ROOT>Static Screen Middle Wider.iam
2026-01-26 16:59:27 | COLLECT: PART N1SCR04-726-FL16.ipt at ROOT>Static Screen Middle Wider.iam
2026-01-26 16:59:27 | COLLECT: PART N1SCR04-726-FL17.ipt at ROOT>Static Screen Middle Wider.iam
2026-01-26 16:59:28 | COLLECT: PART N1SCR04-726-PL30.ipt at ROOT>Static Screen Middle Wider.iam
2026-01-26 16:59:28 | COLLECT: PART N1SCR04-726-PL31.ipt at ROOT>Static Screen Middle Wider.iam
2026-01-26 16:59:28 | COLLECT: PART N1SCR04-726-FL18.ipt at ROOT>Static Screen Middle Wider.iam
2026-01-26 16:59:28 | COLLECT: PART N1SCR04-726-FL19.ipt at ROOT>Static Screen Middle Wider.iam
2026-01-26 16:59:29 | COLLECT: PART N1SCR04-726-PL32.ipt at ROOT>Static Screen Middle Wider.iam
2026-01-26 16:59:29 | COLLECT: SUB-ASSEMBLY Static Screen Bottom Wider.iam at ROOT
2026-01-26 16:59:29 | COLLECT: PART N1SCR04-726-PL33.ipt at ROOT>Static Screen Bottom Wider.iam
2026-01-26 16:59:29 | COLLECT: PART N1SCR04-726-PL34.ipt at ROOT>Static Screen Bottom Wider.iam
2026-01-26 16:59:29 | COLLECT: PART N1SCR04-726-PL35.ipt at ROOT>Static Screen Bottom Wider.iam
2026-01-26 16:59:29 | COLLECT: PART N1SCR04-726-PL36.ipt at ROOT>Static Screen Bottom Wider.iam
2026-01-26 16:59:29 | COLLECT: PART N1SCR04-726-PL37.ipt at ROOT>Static Screen Bottom Wider.iam
2026-01-26 16:59:29 | COLLECT: PART N1SCR04-726-PL38.ipt at ROOT>Static Screen Bottom Wider.iam
2026-01-26 16:59:29 | COLLECT: PART N1SCR04-726-A12.ipt at ROOT>Static Screen Bottom Wider.iam
2026-01-26 16:59:29 | COLLECT: PART N1SCR04-726-A13.ipt at ROOT>Static Screen Bottom Wider.iam
2026-01-26 16:59:29 | COLLECT: PART N1SCR04-726-FL20.ipt at ROOT>Static Screen Bottom Wider.iam
2026-01-26 16:59:30 | COLLECT: PART N1SCR04-726-FL21.ipt at ROOT>Static Screen Bottom Wider.iam
2026-01-26 16:59:30 | COLLECT: PART N1SCR04-726-FL22.ipt at ROOT>Static Screen Bottom Wider.iam
2026-01-26 16:59:30 | COLLECT: PART N1SCR04-726-FL23.ipt at ROOT>Static Screen Bottom Wider.iam
2026-01-26 16:59:30 | COLLECT: PART N1SCR04-726-FL24.ipt at ROOT>Static Screen Bottom Wider.iam
2026-01-26 16:59:30 | COLLECT: PART N1SCR04-726-PL39.ipt at ROOT>Static Screen Bottom Wider.iam
2026-01-26 16:59:30 | COLLECT: SUB-ASSEMBLY Screen Deck Frame Wider.iam at ROOT
2026-01-26 16:59:30 | COLLECT: PART N1SCR04-726-A14.ipt at ROOT>Screen Deck Frame Wider.iam
2026-01-26 16:59:31 | COLLECT: PART N1SCR04-726-A15.ipt at ROOT>Screen Deck Frame Wider.iam
2026-01-26 16:59:31 | COLLECT: PART N1SCR04-726-A16.ipt at ROOT>Screen Deck Frame Wider.iam
2026-01-26 16:59:31 | COLLECT: PART N1SCR04-726-PL40.ipt at ROOT>Screen Deck Frame Wider.iam
2026-01-26 16:59:31 | COLLECT: PART N1SCR04-726-PL41.ipt at ROOT>Screen Deck Frame Wider.iam
2026-01-26 16:59:31 | COLLECT: PART N1SCR04-726-PART2.ipt at ROOT>Screen Deck Frame Wider.iam
2026-01-26 16:59:34 | COLLECT: PART N1SCR04-726-PL42.ipt at ROOT>Screen Deck Frame Wider.iam
2026-01-26 16:59:34 | COLLECT: PART N1SCR04-726-A17.ipt at ROOT>Screen Deck Frame Wider.iam
2026-01-26 16:59:34 | COLLECT: SUB-ASSEMBLY Static Screen Launder.iam at ROOT
2026-01-26 16:59:34 | COLLECT: PART N1SCR04-726-PL43.ipt at ROOT>Static Screen Launder.iam
2026-01-26 16:59:35 | COLLECT: PART N1SCR04-726-A18.ipt at ROOT>Static Screen Launder.iam
2026-01-26 16:59:35 | COLLECT: Found 96 unique files
2026-01-26 16:59:35 | COLLECT: Scanning for IDW drawing files...
2026-01-26 16:59:35 | COLLECT: DRAWING MGY-200-DRP-06-00.idw
2026-01-26 16:59:35 | COLLECT: DRAWING N1SCR04-726-PA.idw
2026-01-26 16:59:35 | COLLECT: DRAWING N1SCR04-726-PD.idw
2026-01-26 16:59:35 | COLLECT: DRAWING MGY-200-DRP-06-03.idw
2026-01-26 16:59:35 | COLLECT: Skipping OldVersions folder: C:\Users\Quintin\Documents\Spectiv\3. Working\22. DMS plant\21. SSCR04 - Primary Floats D&R Screen Station\726 Static Screen\Bottom\OldVersions
2026-01-26 16:59:35 | COLLECT: DRAWING MGY-200-DRP-06-05.idw
2026-01-26 16:59:35 | COLLECT: Skipping OldVersions folder: C:\Users\Quintin\Documents\Spectiv\3. Working\22. DMS plant\21. SSCR04 - Primary Floats D&R Screen Station\726 Static Screen\Launder\OldVersions
2026-01-26 16:59:35 | COLLECT: DRAWING IKW-DRP-10-02.idw
2026-01-26 16:59:35 | COLLECT: Skipping OldVersions folder: C:\Users\Quintin\Documents\Spectiv\3. Working\22. DMS plant\21. SSCR04 - Primary Floats D&R Screen Station\726 Static Screen\Middle Wihtout Bleed\OldVersions
2026-01-26 16:59:35 | COLLECT: DRAWING MGY-200-DRP-06-02.idw
2026-01-26 16:59:35 | COLLECT: Skipping OldVersions folder: C:\Users\Quintin\Documents\Spectiv\3. Working\22. DMS plant\21. SSCR04 - Primary Floats D&R Screen Station\726 Static Screen\Middle With Bleed\OldVersions
2026-01-26 16:59:35 | COLLECT: Skipping OldVersions folder: C:\Users\Quintin\Documents\Spectiv\3. Working\22. DMS plant\21. SSCR04 - Primary Floats D&R Screen Station\726 Static Screen\OldVersions
2026-01-26 16:59:35 | COLLECT: DRAWING MGY-200-DRP-06-04.idw
2026-01-26 16:59:35 | COLLECT: Skipping OldVersions folder: C:\Users\Quintin\Documents\Spectiv\3. Working\22. DMS plant\21. SSCR04 - Primary Floats D&R Screen Station\726 Static Screen\Screen Deck Frame\OldVersions
2026-01-26 16:59:35 | COLLECT: DRAWING MGY-200-DRP-06-06.idw
2026-01-26 16:59:35 | COLLECT: Skipping OldVersions folder: C:\Users\Quintin\Documents\Spectiv\3. Working\22. DMS plant\21. SSCR04 - Primary Floats D&R Screen Station\726 Static Screen\Support Beam-1\OldVersions
2026-01-26 16:59:35 | COLLECT: DRAWING MGY-200-DRP-06-01.idw
2026-01-26 16:59:35 | COLLECT: Skipping OldVersions folder: C:\Users\Quintin\Documents\Spectiv\3. Working\22. DMS plant\21. SSCR04 - Primary Floats D&R Screen Station\726 Static Screen\Top\OldVersions
2026-01-26 16:59:35 | ANALYZE: Found 106 unique files to process
2026-01-26 16:59:35 | STEP 3: Detecting common prefix from filenames
2026-01-26 16:59:35 | PREFIX DETECT: Analyzing 106 files for common prefix...
2026-01-26 16:59:35 | PREFIX DETECT: Collected 107 unique filenames
2026-01-26 16:59:35 | STEP 4: Getting prefix information from user
2026-01-26 16:59:58 | PREFIX: Old prefix confirmed: N1SCR04-726-
2026-01-26 17:00:03 | PREFIX: New prefix: N2SCR05-726-
2026-01-26 17:00:06 | STEP 5: Getting destination folder from user
2026-01-26 17:00:32 | DESTINATION: C:\Users\Quintin\Documents\Spectiv\3. Working\22. DMS plant\21. SSCR04 - Primary Floats D&R Screen Station\N1SCR05-726 Static Screen
2026-01-26 17:00:32 | DEST LOG: Writing destination log to C:\Users\Quintin\Documents\Spectiv\3. Working\22. DMS plant\21. SSCR04 - Primary Floats D&R Screen Station\N1SCR05-726 Static Screen\PrefixCloner_20260126_170032.log
2026-01-26 17:00:32 | New assembly name will be: Static Screen Wider.iam
2026-01-26 17:00:32 | STEP 6: Copying assembly to destination
2026-01-26 17:00:32 | Closing source assembly for safe copy...
2026-01-26 17:00:33 | COPIED: Assembly Static Screen Wider.iam -> Static Screen Wider.iam
2026-01-26 17:00:33 | STEP 7: Copying parts and sub-assemblies with prefix replacement
2026-01-26 17:00:33 | FOLDER: Created Top
2026-01-26 17:00:33 | COPIED: Static Screen Top Wider.iam (no prefix match, kept original name)
2026-01-26 17:00:33 | COPIED: N1SCR04-726-PL1.ipt -> N2SCR05-726-PL1.ipt
2026-01-26 17:00:33 | COPIED: N1SCR04-726-PL2.ipt -> N2SCR05-726-PL2.ipt
2026-01-26 17:00:33 | COPIED: N1SCR04-726-PL3.ipt -> N2SCR05-726-PL3.ipt
2026-01-26 17:00:33 | COPIED: N1SCR04-726-PL4.ipt -> N2SCR05-726-PL4.ipt
2026-01-26 17:00:33 | COPIED: N1SCR04-726-PL5.ipt -> N2SCR05-726-PL5.ipt
2026-01-26 17:00:33 | COPIED: N1SCR04-726-PL6.ipt -> N2SCR05-726-PL6.ipt
2026-01-26 17:00:33 | COPIED: N1SCR04-726-PL7.ipt -> N2SCR05-726-PL7.ipt
2026-01-26 17:00:33 | COPIED: N1SCR04-726-PL8.ipt -> N2SCR05-726-PL8.ipt
2026-01-26 17:00:33 | COPIED: N1SCR04-726-PL9.ipt -> N2SCR05-726-PL9.ipt
2026-01-26 17:00:33 | COPIED: N1SCR04-726-PL10.ipt -> N2SCR05-726-PL10.ipt
2026-01-26 17:00:33 | COPIED: N1SCR04-726-A1.ipt -> N2SCR05-726-A1.ipt
2026-01-26 17:00:33 | COPIED: N1SCR04-726-A2.ipt -> N2SCR05-726-A2.ipt
2026-01-26 17:00:33 | COPIED: N1SCR04-726-A3.ipt -> N2SCR05-726-A3.ipt
2026-01-26 17:00:33 | COPIED: N1SCR04-726-A4.ipt -> N2SCR05-726-A4.ipt
2026-01-26 17:00:33 | COPIED: N1SCR04-726-PL11.ipt -> N2SCR05-726-PL11.ipt
2026-01-26 17:00:33 | COPIED: N1SCR04-726-FL1.ipt -> N2SCR05-726-FL1.ipt
2026-01-26 17:00:33 | COPIED: N1SCR04-726-FL2.ipt -> N2SCR05-726-FL2.ipt
2026-01-26 17:00:33 | COPIED: N1SCR04-726-FL3.ipt -> N2SCR05-726-FL3.ipt
2026-01-26 17:00:33 | COPIED: N1SCR04-726-FL4.ipt -> N2SCR05-726-FL4.ipt
2026-01-26 17:00:33 | COPIED: N1SCR04-726-FL5.ipt -> N2SCR05-726-FL5.ipt
2026-01-26 17:00:33 | COPIED: N1SCR04-726-FL6.ipt -> N2SCR05-726-FL6.ipt
2026-01-26 17:00:33 | COPIED: N1SCR04-726-FL7.ipt -> N2SCR05-726-FL7.ipt
2026-01-26 17:00:33 | COPIED: N1SCR04-726-PL12.ipt -> N2SCR05-726-PL12.ipt
2026-01-26 17:00:33 | COPIED: N1SCR04-726-FL8.ipt -> N2SCR05-726-FL8.ipt
2026-01-26 17:00:33 | COPIED: N1SCR04-726-FL9.ipt -> N2SCR05-726-FL9.ipt
2026-01-26 17:00:33 | FOLDER: Created Middle With Bleed
2026-01-26 17:00:33 | COPIED: N1SCR04-726-PL13.ipt -> N2SCR05-726-PL13.ipt
2026-01-26 17:00:33 | COPIED: N1SCR04-726-PL14.ipt -> N2SCR05-726-PL14.ipt
2026-01-26 17:00:33 | COPIED: N1SCR04-726-FL10.ipt -> N2SCR05-726-FL10.ipt
2026-01-26 17:00:33 | COPIED: N1SCR04-726-FL11.ipt -> N2SCR05-726-FL11.ipt
2026-01-26 17:00:33 | COPIED: Static Screen Middle Wider.iam (no prefix match, kept original name)
2026-01-26 17:00:33 | COPIED: N1SCR04-726-PL15.ipt -> N2SCR05-726-PL15.ipt
2026-01-26 17:00:33 | COPIED: N1SCR04-726-PL16.ipt -> N2SCR05-726-PL16.ipt
2026-01-26 17:00:33 | FOLDER: Created Middle Wihtout Bleed
2026-01-26 17:00:33 | COPIED: N1SCR04-726-PL17.ipt -> N2SCR05-726-PL17.ipt
2026-01-26 17:00:33 | COPIED: N1SCR04-726-PL18.ipt -> N2SCR05-726-PL18.ipt
2026-01-26 17:00:33 | COPIED: N1SCR04-726-PL19.ipt -> N2SCR05-726-PL19.ipt
2026-01-26 17:00:33 | COPIED: N1SCR04-726-PL20.ipt -> N2SCR05-726-PL20.ipt
2026-01-26 17:00:33 | COPIED: N1SCR04-726-A5.ipt -> N2SCR05-726-A5.ipt
2026-01-26 17:00:33 | COPIED: N1SCR04-726-A6.ipt -> N2SCR05-726-A6.ipt
2026-01-26 17:00:33 | COPIED: N1SCR04-726-A7.ipt -> N2SCR05-726-A7.ipt
2026-01-26 17:00:33 | COPIED: N1SCR04-726-PL21.ipt -> N2SCR05-726-PL21.ipt
2026-01-26 17:00:33 | COPIED: N1SCR04-726-PL22.ipt -> N2SCR05-726-PL22.ipt
2026-01-26 17:00:33 | COPIED: N1SCR04-726-PL23.ipt -> N2SCR05-726-PL23.ipt
2026-01-26 17:00:33 | COPIED: N1SCR04-726-A8.ipt -> N2SCR05-726-A8.ipt
2026-01-26 17:00:33 | COPIED: N1SCR04-726-A9.ipt -> N2SCR05-726-A9.ipt
2026-01-26 17:00:33 | COPIED: N1SCR04-726-A10.ipt -> N2SCR05-726-A10.ipt
2026-01-26 17:00:33 | COPIED: N1SCR04-726-A11.ipt -> N2SCR05-726-A11.ipt
2026-01-26 17:00:33 | COPIED: Part23 SS-MID W.ipt (no prefix match, kept original name)
2026-01-26 17:00:33 | COPIED: N1SCR04-726-PL24.ipt -> N2SCR05-726-PL24.ipt
2026-01-26 17:00:33 | COPIED: N1SCR04-726-PART1.ipt -> N2SCR05-726-PART1.ipt
2026-01-26 17:00:33 | FOLDER: Created Middle With Bleed\Middle\Design Accelerator
2026-01-26 17:00:33 | COPIED: Bolted Connection1.iam (no prefix match, kept original name)
2026-01-26 17:00:33 | COPIED: N1SCR04-726-PL25.ipt -> N2SCR05-726-PL25.ipt
2026-01-26 17:00:33 | COPIED: N1SCR04-726-PL26.ipt -> N2SCR05-726-PL26.ipt
2026-01-26 17:00:33 | COPIED: N1SCR04-726-PL27.ipt -> N2SCR05-726-PL27.ipt
2026-01-26 17:00:33 | COPIED: N1SCR04-726-PL28.ipt -> N2SCR05-726-PL28.ipt
2026-01-26 17:00:33 | COPIED: N1SCR04-726-PL29.ipt -> N2SCR05-726-PL29.ipt
2026-01-26 17:00:33 | COPIED: N1SCR04-726-P1.ipt -> N2SCR05-726-P1.ipt
2026-01-26 17:00:33 | COPIED: N1SCR04-726-FLG1.ipt -> N2SCR05-726-FLG1.ipt
2026-01-26 17:00:33 | COPIED: N1SCR04-726-FL12.ipt -> N2SCR05-726-FL12.ipt
2026-01-26 17:00:33 | COPIED: N1SCR04-726-FL13.ipt -> N2SCR05-726-FL13.ipt
2026-01-26 17:00:33 | COPIED: N1SCR04-726-FL14.ipt -> N2SCR05-726-FL14.ipt
2026-01-26 17:00:33 | COPIED: N1SCR04-726-FL15.ipt -> N2SCR05-726-FL15.ipt
2026-01-26 17:00:33 | COPIED: N1SCR04-726-FL16.ipt -> N2SCR05-726-FL16.ipt
2026-01-26 17:00:33 | COPIED: N1SCR04-726-FL17.ipt -> N2SCR05-726-FL17.ipt
2026-01-26 17:00:33 | COPIED: N1SCR04-726-PL30.ipt -> N2SCR05-726-PL30.ipt
2026-01-26 17:00:33 | COPIED: N1SCR04-726-PL31.ipt -> N2SCR05-726-PL31.ipt
2026-01-26 17:00:33 | COPIED: N1SCR04-726-FL18.ipt -> N2SCR05-726-FL18.ipt
2026-01-26 17:00:33 | COPIED: N1SCR04-726-FL19.ipt -> N2SCR05-726-FL19.ipt
2026-01-26 17:00:33 | COPIED: N1SCR04-726-PL32.ipt -> N2SCR05-726-PL32.ipt
2026-01-26 17:00:33 | FOLDER: Created Bottom
2026-01-26 17:00:33 | COPIED: Static Screen Bottom Wider.iam (no prefix match, kept original name)
2026-01-26 17:00:33 | COPIED: N1SCR04-726-PL33.ipt -> N2SCR05-726-PL33.ipt
2026-01-26 17:00:33 | COPIED: N1SCR04-726-PL34.ipt -> N2SCR05-726-PL34.ipt
2026-01-26 17:00:33 | COPIED: N1SCR04-726-PL35.ipt -> N2SCR05-726-PL35.ipt
2026-01-26 17:00:33 | COPIED: N1SCR04-726-PL36.ipt -> N2SCR05-726-PL36.ipt
2026-01-26 17:00:33 | COPIED: N1SCR04-726-PL37.ipt -> N2SCR05-726-PL37.ipt
2026-01-26 17:00:33 | COPIED: N1SCR04-726-PL38.ipt -> N2SCR05-726-PL38.ipt
2026-01-26 17:00:33 | COPIED: N1SCR04-726-A12.ipt -> N2SCR05-726-A12.ipt
2026-01-26 17:00:33 | COPIED: N1SCR04-726-A13.ipt -> N2SCR05-726-A13.ipt
2026-01-26 17:00:33 | COPIED: N1SCR04-726-FL20.ipt -> N2SCR05-726-FL20.ipt
2026-01-26 17:00:33 | COPIED: N1SCR04-726-FL21.ipt -> N2SCR05-726-FL21.ipt
2026-01-26 17:00:33 | COPIED: N1SCR04-726-FL22.ipt -> N2SCR05-726-FL22.ipt
2026-01-26 17:00:33 | COPIED: N1SCR04-726-FL23.ipt -> N2SCR05-726-FL23.ipt
2026-01-26 17:00:33 | COPIED: N1SCR04-726-FL24.ipt -> N2SCR05-726-FL24.ipt
2026-01-26 17:00:33 | COPIED: N1SCR04-726-PL39.ipt -> N2SCR05-726-PL39.ipt
2026-01-26 17:00:33 | FOLDER: Created Screen Deck Frame
2026-01-26 17:00:33 | COPIED: Screen Deck Frame Wider.iam (no prefix match, kept original name)
2026-01-26 17:00:33 | COPIED: N1SCR04-726-A14.ipt -> N2SCR05-726-A14.ipt
2026-01-26 17:00:33 | COPIED: N1SCR04-726-A15.ipt -> N2SCR05-726-A15.ipt
2026-01-26 17:00:33 | COPIED: N1SCR04-726-A16.ipt -> N2SCR05-726-A16.ipt
2026-01-26 17:00:33 | COPIED: N1SCR04-726-PL40.ipt -> N2SCR05-726-PL40.ipt
2026-01-26 17:00:33 | COPIED: N1SCR04-726-PL41.ipt -> N2SCR05-726-PL41.ipt
2026-01-26 17:00:33 | COPIED: N1SCR04-726-PART2.ipt -> N2SCR05-726-PART2.ipt
2026-01-26 17:00:33 | COPIED: N1SCR04-726-PL42.ipt -> N2SCR05-726-PL42.ipt
2026-01-26 17:00:33 | COPIED: N1SCR04-726-A17.ipt -> N2SCR05-726-A17.ipt
2026-01-26 17:00:33 | FOLDER: Created Launder
2026-01-26 17:00:33 | COPIED: Static Screen Launder.iam (no prefix match, kept original name)
2026-01-26 17:00:33 | COPIED: N1SCR04-726-PL43.ipt -> N2SCR05-726-PL43.ipt
2026-01-26 17:00:33 | COPIED: N1SCR04-726-A18.ipt -> N2SCR05-726-A18.ipt
2026-01-26 17:00:33 | COPIED: MGY-200-DRP-06-00.idw (no prefix match, kept original name)
2026-01-26 17:00:33 | COPIED: N1SCR04-726-PA.idw -> N2SCR05-726-PA.idw
2026-01-26 17:00:33 | COPIED: N1SCR04-726-PD.idw -> N2SCR05-726-PD.idw
2026-01-26 17:00:33 | COPIED: MGY-200-DRP-06-03.idw (no prefix match, kept original name)
2026-01-26 17:00:33 | COPIED: MGY-200-DRP-06-05.idw (no prefix match, kept original name)
2026-01-26 17:00:33 | COPIED: IKW-DRP-10-02.idw (no prefix match, kept original name)
2026-01-26 17:00:33 | COPIED: MGY-200-DRP-06-02.idw (no prefix match, kept original name)
2026-01-26 17:00:33 | COPIED: MGY-200-DRP-06-04.idw (no prefix match, kept original name)
2026-01-26 17:00:33 | FOLDER: Created Support Beam-1
2026-01-26 17:00:33 | COPIED: MGY-200-DRP-06-06.idw (no prefix match, kept original name)
2026-01-26 17:00:33 | COPIED: MGY-200-DRP-06-01.idw (no prefix match, kept original name)
2026-01-26 17:00:33 | STEP 8: Updating references in ALL copied assemblies
2026-01-26 17:00:33 | STEP 8a: Pre-loading all copied PARTS into memory...
2026-01-26 17:00:33 | PRELOAD: N2SCR05-726-PL1.ipt
2026-01-26 17:00:33 | PRELOAD: N2SCR05-726-PL2.ipt
2026-01-26 17:00:33 | PRELOAD: N2SCR05-726-PL3.ipt
2026-01-26 17:00:33 | PRELOAD: N2SCR05-726-PL4.ipt
2026-01-26 17:00:33 | PRELOAD: N2SCR05-726-PL5.ipt
2026-01-26 17:00:34 | PRELOAD: N2SCR05-726-PL6.ipt
2026-01-26 17:00:34 | PRELOAD: N2SCR05-726-PL7.ipt
2026-01-26 17:00:34 | PRELOAD: N2SCR05-726-PL8.ipt
2026-01-26 17:00:34 | PRELOAD: N2SCR05-726-PL9.ipt
2026-01-26 17:00:34 | PRELOAD: N2SCR05-726-PL10.ipt
2026-01-26 17:00:34 | PRELOAD: N2SCR05-726-A1.ipt
2026-01-26 17:00:34 | PRELOAD: N2SCR05-726-A2.ipt
2026-01-26 17:00:34 | PRELOAD: N2SCR05-726-A3.ipt
2026-01-26 17:00:34 | PRELOAD: N2SCR05-726-A4.ipt
2026-01-26 17:00:34 | PRELOAD: N2SCR05-726-PL11.ipt
2026-01-26 17:00:34 | PRELOAD: N2SCR05-726-FL1.ipt
2026-01-26 17:00:34 | PRELOAD: N2SCR05-726-FL2.ipt
2026-01-26 17:00:34 | PRELOAD: N2SCR05-726-FL3.ipt
2026-01-26 17:00:34 | PRELOAD: N2SCR05-726-FL4.ipt
2026-01-26 17:00:34 | PRELOAD: N2SCR05-726-FL5.ipt
2026-01-26 17:00:34 | PRELOAD: N2SCR05-726-FL6.ipt
2026-01-26 17:00:34 | PRELOAD: N2SCR05-726-FL7.ipt
2026-01-26 17:00:34 | PRELOAD: N2SCR05-726-PL12.ipt
2026-01-26 17:00:34 | PRELOAD: N2SCR05-726-FL8.ipt
2026-01-26 17:00:34 | PRELOAD: N2SCR05-726-FL9.ipt
2026-01-26 17:00:34 | PRELOAD: N2SCR05-726-PL13.ipt
2026-01-26 17:00:34 | PRELOAD: N2SCR05-726-PL14.ipt
2026-01-26 17:00:34 | PRELOAD: N2SCR05-726-FL10.ipt
2026-01-26 17:00:34 | PRELOAD: N2SCR05-726-FL11.ipt
2026-01-26 17:00:34 | PRELOAD: N2SCR05-726-PL15.ipt
2026-01-26 17:00:34 | PRELOAD: N2SCR05-726-PL16.ipt
2026-01-26 17:00:34 | PRELOAD: N2SCR05-726-PL17.ipt
2026-01-26 17:00:34 | PRELOAD: N2SCR05-726-PL18.ipt
2026-01-26 17:00:35 | PRELOAD: N2SCR05-726-PL19.ipt
2026-01-26 17:00:35 | PRELOAD: N2SCR05-726-PL20.ipt
2026-01-26 17:00:35 | PRELOAD: N2SCR05-726-A5.ipt
2026-01-26 17:00:35 | PRELOAD: N2SCR05-726-A6.ipt
2026-01-26 17:00:35 | PRELOAD: N2SCR05-726-A7.ipt
2026-01-26 17:00:35 | PRELOAD: N2SCR05-726-PL21.ipt
2026-01-26 17:00:35 | PRELOAD: N2SCR05-726-PL22.ipt
2026-01-26 17:00:35 | PRELOAD: N2SCR05-726-PL23.ipt
2026-01-26 17:00:35 | PRELOAD: N2SCR05-726-A8.ipt
2026-01-26 17:00:35 | PRELOAD: N2SCR05-726-A9.ipt
2026-01-26 17:00:35 | PRELOAD: N2SCR05-726-A10.ipt
2026-01-26 17:00:35 | PRELOAD: N2SCR05-726-A11.ipt
2026-01-26 17:00:35 | PRELOAD: Part23 SS-MID W.ipt
2026-01-26 17:00:35 | PRELOAD: N2SCR05-726-PL24.ipt
2026-01-26 17:00:35 | PRELOAD: N2SCR05-726-PART1.ipt
2026-01-26 17:00:35 | PRELOAD: N2SCR05-726-PL25.ipt
2026-01-26 17:00:35 | PRELOAD: N2SCR05-726-PL26.ipt
2026-01-26 17:00:35 | PRELOAD: N2SCR05-726-PL27.ipt
2026-01-26 17:00:35 | PRELOAD: N2SCR05-726-PL28.ipt
2026-01-26 17:00:35 | PRELOAD: N2SCR05-726-PL29.ipt
2026-01-26 17:00:35 | PRELOAD: N2SCR05-726-P1.ipt
2026-01-26 17:00:35 | PRELOAD: N2SCR05-726-FLG1.ipt
2026-01-26 17:00:35 | PRELOAD: N2SCR05-726-FL12.ipt
2026-01-26 17:00:36 | PRELOAD: N2SCR05-726-FL13.ipt
2026-01-26 17:00:36 | PRELOAD: N2SCR05-726-FL14.ipt
2026-01-26 17:00:36 | PRELOAD: N2SCR05-726-FL15.ipt
2026-01-26 17:00:36 | PRELOAD: N2SCR05-726-FL16.ipt
2026-01-26 17:00:36 | PRELOAD: N2SCR05-726-FL17.ipt
2026-01-26 17:00:36 | PRELOAD: N2SCR05-726-PL30.ipt
2026-01-26 17:00:36 | PRELOAD: N2SCR05-726-PL31.ipt
2026-01-26 17:00:36 | PRELOAD: N2SCR05-726-FL18.ipt
2026-01-26 17:00:36 | PRELOAD: N2SCR05-726-FL19.ipt
2026-01-26 17:00:36 | PRELOAD: N2SCR05-726-PL32.ipt
2026-01-26 17:00:36 | PRELOAD: N2SCR05-726-PL33.ipt
2026-01-26 17:00:36 | PRELOAD: N2SCR05-726-PL34.ipt
2026-01-26 17:00:36 | PRELOAD: N2SCR05-726-PL35.ipt
2026-01-26 17:00:36 | PRELOAD: N2SCR05-726-PL36.ipt
2026-01-26 17:00:36 | PRELOAD: N2SCR05-726-PL37.ipt
2026-01-26 17:00:36 | PRELOAD: N2SCR05-726-PL38.ipt
2026-01-26 17:00:36 | PRELOAD: N2SCR05-726-A12.ipt
2026-01-26 17:00:36 | PRELOAD: N2SCR05-726-A13.ipt
2026-01-26 17:00:36 | PRELOAD: N2SCR05-726-FL20.ipt
2026-01-26 17:00:36 | PRELOAD: N2SCR05-726-FL21.ipt
2026-01-26 17:00:36 | PRELOAD: N2SCR05-726-FL22.ipt
2026-01-26 17:00:36 | PRELOAD: N2SCR05-726-FL23.ipt
2026-01-26 17:00:36 | PRELOAD: N2SCR05-726-FL24.ipt
2026-01-26 17:00:36 | PRELOAD: N2SCR05-726-PL39.ipt
2026-01-26 17:00:36 | PRELOAD: N2SCR05-726-A14.ipt
2026-01-26 17:00:36 | PRELOAD: N2SCR05-726-A15.ipt
2026-01-26 17:00:36 | PRELOAD: N2SCR05-726-A16.ipt
2026-01-26 17:00:36 | PRELOAD: N2SCR05-726-PL40.ipt
2026-01-26 17:00:37 | PRELOAD: N2SCR05-726-PL41.ipt
2026-01-26 17:00:37 | PRELOAD: N2SCR05-726-PART2.ipt
2026-01-26 17:00:37 | PRELOAD: N2SCR05-726-PL42.ipt
2026-01-26 17:00:37 | PRELOAD: N2SCR05-726-A17.ipt
2026-01-26 17:00:37 | PRELOAD: N2SCR05-726-PL43.ipt
2026-01-26 17:00:37 | PRELOAD: N2SCR05-726-A18.ipt
2026-01-26 17:00:37 | STEP 8b: Pre-loading all copied SUB-ASSEMBLIES...
2026-01-26 17:00:37 | PRELOAD: Static Screen Top Wider.iam
2026-01-26 17:00:37 | PRELOAD: Static Screen Middle Wider.iam
2026-01-26 17:00:37 | PRELOAD: Bolted Connection1.iam
2026-01-26 17:00:37 | PRELOAD: Static Screen Bottom Wider.iam
2026-01-26 17:00:37 | PRELOAD: Screen Deck Frame Wider.iam
2026-01-26 17:00:37 | PRELOAD: Static Screen Launder.iam
2026-01-26 17:00:37 | STEP 8c: Opening main assembly with all components in memory...
2026-01-26 17:00:37 | STEP 8c: Main assembly opened successfully
2026-01-26 17:00:37 | STEP 8d: Updating file references in all assemblies...
2026-01-26 17:00:37 | STEP 8d: Found 7 assemblies to update
2026-01-26 17:00:37 | STEP 8d: [1/7] Updating references in Static Screen Wider.iam
2026-01-26 17:00:39 | IN-MEMORY UPDATE: Found Static Screen Wider.iam in memory
2026-01-26 17:00:39 | IN-MEMORY UPDATE: Built lookup with 107 filenames
2026-01-26 17:00:39 | IN-MEMORY UPDATE: Found 5 references
2026-01-26 17:00:39 | IN-MEMORY UPDATE: REPLACING static screen bottom wider.iam -> Static Screen Bottom Wider.iam
2026-01-26 17:00:39 | IN-MEMORY UPDATE: REPLACING static screen launder.iam -> Static Screen Launder.iam
2026-01-26 17:00:39 | IN-MEMORY UPDATE: REPLACING static screen middle wider.iam -> Static Screen Middle Wider.iam
2026-01-26 17:00:39 | IN-MEMORY UPDATE: REPLACING screen deck frame wider.iam -> Screen Deck Frame Wider.iam
2026-01-26 17:00:39 | IN-MEMORY UPDATE: REPLACING static screen top wider.iam -> Static Screen Top Wider.iam
2026-01-26 17:00:39 | IN-MEMORY UPDATE: Updated 5 references in Static Screen Wider.iam
2026-01-26 17:00:39 | STEP 8d: [2/7] Updating references in Static Screen Top Wider.iam
2026-01-26 17:00:41 | IN-MEMORY UPDATE: Found Static Screen Top Wider.iam in memory
2026-01-26 17:00:41 | IN-MEMORY UPDATE: Built lookup with 107 filenames
2026-01-26 17:00:41 | IN-MEMORY UPDATE: Found 29 references
2026-01-26 17:00:41 | IN-MEMORY UPDATE: REPLACING n1scr04-726-pl13.ipt -> N2SCR05-726-PL13.ipt
2026-01-26 17:00:41 | IN-MEMORY UPDATE: REPLACING n1scr04-726-a1.ipt -> N2SCR05-726-A1.ipt
2026-01-26 17:00:41 | IN-MEMORY UPDATE: REPLACING n1scr04-726-a2.ipt -> N2SCR05-726-A2.ipt
2026-01-26 17:00:41 | IN-MEMORY UPDATE: REPLACING n1scr04-726-a3.ipt -> N2SCR05-726-A3.ipt
2026-01-26 17:00:41 | IN-MEMORY UPDATE: REPLACING n1scr04-726-a4.ipt -> N2SCR05-726-A4.ipt
2026-01-26 17:00:41 | IN-MEMORY UPDATE: REPLACING n1scr04-726-fl1.ipt -> N2SCR05-726-FL1.ipt
2026-01-26 17:00:41 | IN-MEMORY UPDATE: REPLACING n1scr04-726-fl10.ipt -> N2SCR05-726-FL10.ipt
2026-01-26 17:00:41 | IN-MEMORY UPDATE: REPLACING n1scr04-726-fl11.ipt -> N2SCR05-726-FL11.ipt
2026-01-26 17:00:41 | IN-MEMORY UPDATE: REPLACING n1scr04-726-fl2.ipt -> N2SCR05-726-FL2.ipt
2026-01-26 17:00:41 | IN-MEMORY UPDATE: REPLACING n1scr04-726-fl3.ipt -> N2SCR05-726-FL3.ipt
2026-01-26 17:00:41 | IN-MEMORY UPDATE: REPLACING n1scr04-726-fl4.ipt -> N2SCR05-726-FL4.ipt
2026-01-26 17:00:41 | IN-MEMORY UPDATE: REPLACING n1scr04-726-fl5.ipt -> N2SCR05-726-FL5.ipt
2026-01-26 17:00:41 | IN-MEMORY UPDATE: REPLACING n1scr04-726-fl6.ipt -> N2SCR05-726-FL6.ipt
2026-01-26 17:00:41 | IN-MEMORY UPDATE: REPLACING n1scr04-726-fl7.ipt -> N2SCR05-726-FL7.ipt
2026-01-26 17:00:41 | IN-MEMORY UPDATE: REPLACING n1scr04-726-fl8.ipt -> N2SCR05-726-FL8.ipt
2026-01-26 17:00:41 | IN-MEMORY UPDATE: REPLACING n1scr04-726-fl9.ipt -> N2SCR05-726-FL9.ipt
2026-01-26 17:00:41 | IN-MEMORY UPDATE: REPLACING n1scr04-726-pl1.ipt -> N2SCR05-726-PL1.ipt
2026-01-26 17:00:41 | IN-MEMORY UPDATE: REPLACING n1scr04-726-pl10.ipt -> N2SCR05-726-PL10.ipt
2026-01-26 17:00:41 | IN-MEMORY UPDATE: REPLACING n1scr04-726-pl11.ipt -> N2SCR05-726-PL11.ipt
2026-01-26 17:00:41 | IN-MEMORY UPDATE: REPLACING n1scr04-726-pl12.ipt -> N2SCR05-726-PL12.ipt
2026-01-26 17:00:41 | IN-MEMORY UPDATE: REPLACING n1scr04-726-pl14.ipt -> N2SCR05-726-PL14.ipt
2026-01-26 17:00:41 | IN-MEMORY UPDATE: REPLACING n1scr04-726-pl2.ipt -> N2SCR05-726-PL2.ipt
2026-01-26 17:00:41 | IN-MEMORY UPDATE: REPLACING n1scr04-726-pl3.ipt -> N2SCR05-726-PL3.ipt
2026-01-26 17:00:41 | IN-MEMORY UPDATE: REPLACING n1scr04-726-pl4.ipt -> N2SCR05-726-PL4.ipt
2026-01-26 17:00:41 | IN-MEMORY UPDATE: REPLACING n1scr04-726-pl5.ipt -> N2SCR05-726-PL5.ipt
2026-01-26 17:00:41 | IN-MEMORY UPDATE: REPLACING n1scr04-726-pl6.ipt -> N2SCR05-726-PL6.ipt
2026-01-26 17:00:41 | IN-MEMORY UPDATE: REPLACING n1scr04-726-pl7.ipt -> N2SCR05-726-PL7.ipt
2026-01-26 17:00:41 | IN-MEMORY UPDATE: REPLACING n1scr04-726-pl8.ipt -> N2SCR05-726-PL8.ipt
2026-01-26 17:00:41 | IN-MEMORY UPDATE: REPLACING n1scr04-726-pl9.ipt -> N2SCR05-726-PL9.ipt
2026-01-26 17:00:41 | IN-MEMORY UPDATE: Updated 29 references in Static Screen Top Wider.iam
2026-01-26 17:00:41 | STEP 8d: [3/7] Updating references in Static Screen Middle Wider.iam
2026-01-26 17:00:43 | IN-MEMORY UPDATE: Found Static Screen Middle Wider.iam in memory
2026-01-26 17:00:43 | IN-MEMORY UPDATE: Built lookup with 107 filenames
2026-01-26 17:00:43 | IN-MEMORY UPDATE: Found 39 references
2026-01-26 17:00:43 | IN-MEMORY UPDATE: REPLACING n1scr04-726-a6.ipt -> N2SCR05-726-A6.ipt
2026-01-26 17:00:43 | IN-MEMORY UPDATE: REPLACING n1scr04-726-pl17.ipt -> N2SCR05-726-PL17.ipt
2026-01-26 17:00:43 | IN-MEMORY UPDATE: REPLACING n1scr04-726-pl18.ipt -> N2SCR05-726-PL18.ipt
2026-01-26 17:00:43 | IN-MEMORY UPDATE: REPLACING n1scr04-726-pl19.ipt -> N2SCR05-726-PL19.ipt
2026-01-26 17:00:43 | IN-MEMORY UPDATE: REPLACING n1scr04-726-pl24.ipt -> N2SCR05-726-PL24.ipt
2026-01-26 17:00:43 | IN-MEMORY UPDATE: REPLACING bolted connection1.iam -> Bolted Connection1.iam
2026-01-26 17:00:43 | IN-MEMORY UPDATE: REPLACING n1scr04-726-a10.ipt -> N2SCR05-726-A10.ipt
2026-01-26 17:00:43 | IN-MEMORY UPDATE: REPLACING n1scr04-726-a11.ipt -> N2SCR05-726-A11.ipt
2026-01-26 17:00:43 | IN-MEMORY UPDATE: REPLACING n1scr04-726-a5.ipt -> N2SCR05-726-A5.ipt
2026-01-26 17:00:43 | IN-MEMORY UPDATE: REPLACING n1scr04-726-a7.ipt -> N2SCR05-726-A7.ipt
2026-01-26 17:00:43 | IN-MEMORY UPDATE: REPLACING n1scr04-726-a8.ipt -> N2SCR05-726-A8.ipt
2026-01-26 17:00:43 | IN-MEMORY UPDATE: REPLACING n1scr04-726-a9.ipt -> N2SCR05-726-A9.ipt
2026-01-26 17:00:43 | IN-MEMORY UPDATE: REPLACING n1scr04-726-fl12.ipt -> N2SCR05-726-FL12.ipt
2026-01-26 17:00:43 | IN-MEMORY UPDATE: REPLACING n1scr04-726-fl13.ipt -> N2SCR05-726-FL13.ipt
2026-01-26 17:00:43 | IN-MEMORY UPDATE: REPLACING n1scr04-726-fl14.ipt -> N2SCR05-726-FL14.ipt
2026-01-26 17:00:43 | IN-MEMORY UPDATE: REPLACING n1scr04-726-fl17.ipt -> N2SCR05-726-FL17.ipt
2026-01-26 17:00:43 | IN-MEMORY UPDATE: REPLACING n1scr04-726-fl18.ipt -> N2SCR05-726-FL18.ipt
2026-01-26 17:00:43 | IN-MEMORY UPDATE: REPLACING n1scr04-726-fl19.ipt -> N2SCR05-726-FL19.ipt
2026-01-26 17:00:43 | IN-MEMORY UPDATE: REPLACING n1scr04-726-flg1.ipt -> N2SCR05-726-FLG1.ipt
2026-01-26 17:00:43 | IN-MEMORY UPDATE: REPLACING n1scr04-726-p1.ipt -> N2SCR05-726-P1.ipt
2026-01-26 17:00:43 | IN-MEMORY UPDATE: REPLACING n1scr04-726-part1.ipt -> N2SCR05-726-PART1.ipt
2026-01-26 17:00:43 | IN-MEMORY UPDATE: REPLACING n1scr04-726-pl13.ipt -> N2SCR05-726-PL13.ipt
2026-01-26 17:00:43 | IN-MEMORY UPDATE: REPLACING n1scr04-726-pl15.ipt -> N2SCR05-726-PL15.ipt
2026-01-26 17:00:43 | IN-MEMORY UPDATE: REPLACING n1scr04-726-pl16.ipt -> N2SCR05-726-PL16.ipt
2026-01-26 17:00:43 | IN-MEMORY UPDATE: REPLACING n1scr04-726-pl20.ipt -> N2SCR05-726-PL20.ipt
2026-01-26 17:00:43 | IN-MEMORY UPDATE: REPLACING n1scr04-726-pl21.ipt -> N2SCR05-726-PL21.ipt
2026-01-26 17:00:43 | IN-MEMORY UPDATE: REPLACING n1scr04-726-pl22.ipt -> N2SCR05-726-PL22.ipt
2026-01-26 17:00:43 | IN-MEMORY UPDATE: REPLACING n1scr04-726-pl25.ipt -> N2SCR05-726-PL25.ipt
2026-01-26 17:00:43 | IN-MEMORY UPDATE: REPLACING n1scr04-726-pl26.ipt -> N2SCR05-726-PL26.ipt
2026-01-26 17:00:43 | IN-MEMORY UPDATE: REPLACING n1scr04-726-pl27.ipt -> N2SCR05-726-PL27.ipt
2026-01-26 17:00:43 | IN-MEMORY UPDATE: REPLACING n1scr04-726-pl28.ipt -> N2SCR05-726-PL28.ipt
2026-01-26 17:00:43 | IN-MEMORY UPDATE: REPLACING n1scr04-726-pl29.ipt -> N2SCR05-726-PL29.ipt
2026-01-26 17:00:43 | IN-MEMORY UPDATE: REPLACING n1scr04-726-pl30.ipt -> N2SCR05-726-PL30.ipt
2026-01-26 17:00:43 | IN-MEMORY UPDATE: REPLACING n1scr04-726-pl31.ipt -> N2SCR05-726-PL31.ipt
2026-01-26 17:00:43 | IN-MEMORY UPDATE: REPLACING n1scr04-726-pl32.ipt -> N2SCR05-726-PL32.ipt
2026-01-26 17:00:43 | IN-MEMORY UPDATE: REPLACING part23 ss-mid w.ipt -> Part23 SS-MID W.ipt
2026-01-26 17:00:43 | IN-MEMORY UPDATE: REPLACING n1scr04-726-fl15.ipt -> N2SCR05-726-FL15.ipt
2026-01-26 17:00:43 | IN-MEMORY UPDATE: REPLACING n1scr04-726-fl16.ipt -> N2SCR05-726-FL16.ipt
2026-01-26 17:00:43 | IN-MEMORY UPDATE: REPLACING n1scr04-726-pl23.ipt -> N2SCR05-726-PL23.ipt
2026-01-26 17:00:43 | IN-MEMORY UPDATE: Updated 39 references in Static Screen Middle Wider.iam
2026-01-26 17:00:43 | STEP 8d: [4/7] Updating references in Bolted Connection1.iam
2026-01-26 17:00:45 | IN-MEMORY UPDATE: Found Bolted Connection1.iam in memory
2026-01-26 17:00:45 | IN-MEMORY UPDATE: Built lookup with 107 filenames
2026-01-26 17:00:45 | IN-MEMORY UPDATE: Found 0 references
2026-01-26 17:00:45 | IN-MEMORY UPDATE: Updated 0 references in Bolted Connection1.iam
2026-01-26 17:00:45 | STEP 8d: [5/7] Updating references in Static Screen Bottom Wider.iam
2026-01-26 17:00:47 | IN-MEMORY UPDATE: Found Static Screen Bottom Wider.iam in memory
2026-01-26 17:00:47 | IN-MEMORY UPDATE: Built lookup with 107 filenames
2026-01-26 17:00:47 | IN-MEMORY UPDATE: Found 14 references
2026-01-26 17:00:47 | IN-MEMORY UPDATE: REPLACING n1scr04-726-a12.ipt -> N2SCR05-726-A12.ipt
2026-01-26 17:00:47 | IN-MEMORY UPDATE: REPLACING n1scr04-726-a13.ipt -> N2SCR05-726-A13.ipt
2026-01-26 17:00:47 | IN-MEMORY UPDATE: REPLACING n1scr04-726-fl20.ipt -> N2SCR05-726-FL20.ipt
2026-01-26 17:00:47 | IN-MEMORY UPDATE: REPLACING n1scr04-726-fl21.ipt -> N2SCR05-726-FL21.ipt
2026-01-26 17:00:47 | IN-MEMORY UPDATE: REPLACING n1scr04-726-fl22.ipt -> N2SCR05-726-FL22.ipt
2026-01-26 17:00:47 | IN-MEMORY UPDATE: REPLACING n1scr04-726-fl23.ipt -> N2SCR05-726-FL23.ipt
2026-01-26 17:00:47 | IN-MEMORY UPDATE: REPLACING n1scr04-726-fl24.ipt -> N2SCR05-726-FL24.ipt
2026-01-26 17:00:47 | IN-MEMORY UPDATE: REPLACING n1scr04-726-pl33.ipt -> N2SCR05-726-PL33.ipt
2026-01-26 17:00:47 | IN-MEMORY UPDATE: REPLACING n1scr04-726-pl34.ipt -> N2SCR05-726-PL34.ipt
2026-01-26 17:00:47 | IN-MEMORY UPDATE: REPLACING n1scr04-726-pl35.ipt -> N2SCR05-726-PL35.ipt
2026-01-26 17:00:47 | IN-MEMORY UPDATE: REPLACING n1scr04-726-pl36.ipt -> N2SCR05-726-PL36.ipt
2026-01-26 17:00:47 | IN-MEMORY UPDATE: REPLACING n1scr04-726-pl37.ipt -> N2SCR05-726-PL37.ipt
2026-01-26 17:00:47 | IN-MEMORY UPDATE: REPLACING n1scr04-726-pl38.ipt -> N2SCR05-726-PL38.ipt
2026-01-26 17:00:47 | IN-MEMORY UPDATE: REPLACING n1scr04-726-pl39.ipt -> N2SCR05-726-PL39.ipt
2026-01-26 17:00:47 | IN-MEMORY UPDATE: Updated 14 references in Static Screen Bottom Wider.iam
2026-01-26 17:00:47 | STEP 8d: [6/7] Updating references in Screen Deck Frame Wider.iam
2026-01-26 17:00:48 | IN-MEMORY UPDATE: Found Screen Deck Frame Wider.iam in memory
2026-01-26 17:00:48 | IN-MEMORY UPDATE: Built lookup with 107 filenames
2026-01-26 17:00:48 | IN-MEMORY UPDATE: Found 8 references
2026-01-26 17:00:49 | IN-MEMORY UPDATE: REPLACING n1scr04-726-a14.ipt -> N2SCR05-726-A14.ipt
2026-01-26 17:00:49 | IN-MEMORY UPDATE: REPLACING n1scr04-726-a15.ipt -> N2SCR05-726-A15.ipt
2026-01-26 17:00:49 | IN-MEMORY UPDATE: REPLACING n1scr04-726-a16.ipt -> N2SCR05-726-A16.ipt
2026-01-26 17:00:49 | IN-MEMORY UPDATE: REPLACING n1scr04-726-a17.ipt -> N2SCR05-726-A17.ipt
2026-01-26 17:00:49 | IN-MEMORY UPDATE: REPLACING n1scr04-726-part2.ipt -> N2SCR05-726-PART2.ipt
2026-01-26 17:00:49 | IN-MEMORY UPDATE: REPLACING n1scr04-726-pl40.ipt -> N2SCR05-726-PL40.ipt
2026-01-26 17:00:49 | IN-MEMORY UPDATE: REPLACING n1scr04-726-pl41.ipt -> N2SCR05-726-PL41.ipt
2026-01-26 17:00:49 | IN-MEMORY UPDATE: REPLACING n1scr04-726-pl42.ipt -> N2SCR05-726-PL42.ipt
2026-01-26 17:00:49 | IN-MEMORY UPDATE: Updated 8 references in Screen Deck Frame Wider.iam
2026-01-26 17:00:49 | STEP 8d: [7/7] Updating references in Static Screen Launder.iam
2026-01-26 17:00:50 | IN-MEMORY UPDATE: Found Static Screen Launder.iam in memory
2026-01-26 17:00:50 | IN-MEMORY UPDATE: Built lookup with 107 filenames
2026-01-26 17:00:50 | IN-MEMORY UPDATE: Found 2 references
2026-01-26 17:00:50 | IN-MEMORY UPDATE: REPLACING n1scr04-726-a18.ipt -> N2SCR05-726-A18.ipt
2026-01-26 17:00:51 | IN-MEMORY UPDATE: REPLACING n1scr04-726-pl43.ipt -> N2SCR05-726-PL43.ipt
2026-01-26 17:00:51 | IN-MEMORY UPDATE: Updated 2 references in Static Screen Launder.iam
2026-01-26 17:00:51 | STEP 8d: Explicitly updating MAIN assembly: Static Screen Wider.iam
2026-01-26 17:00:52 | IN-MEMORY UPDATE: Found Static Screen Wider.iam in memory
2026-01-26 17:00:52 | IN-MEMORY UPDATE: Built lookup with 107 filenames
2026-01-26 17:00:52 | IN-MEMORY UPDATE: Found 5 references
2026-01-26 17:00:52 | IN-MEMORY UPDATE: Updated 0 references in Static Screen Wider.iam
2026-01-26 17:00:52 | STEP 8e: Saving all documents...
2026-01-26 17:00:55 | SAVED: Static Screen Top Wider.iam
2026-01-26 17:00:56 | SAVED: Static Screen Middle Wider.iam
2026-01-26 17:00:56 | SAVED: Static Screen Bottom Wider.iam
2026-01-26 17:00:57 | SAVED: Screen Deck Frame Wider.iam
2026-01-26 17:00:57 | SAVED: Static Screen Launder.iam
2026-01-26 17:00:58 | SAVED: Static Screen Wider.iam
2026-01-26 17:00:58 | STEP 8: Complete
2026-01-26 17:00:58 | STEP 9: Updating IDW drawing references
2026-01-26 17:00:58 | IDW UPDATE: Could not create ApprenticeServer, falling back to Inventor
2026-01-26 17:00:58 | IDW UPDATE (Inventor): Starting IDW update for destFolder: C:\Users\Quintin\Documents\Spectiv\3. Working\22. DMS plant\21. SSCR04 - Primary Floats D&R Screen Station\N1SCR05-726 Static Screen
2026-01-26 17:01:00 | IDW UPDATE: Opened main assembly to load all parts
2026-01-26 17:01:00 | IDW UPDATE (Inventor): Processing MGY-200-DRP-06-00.idw
2026-01-26 17:01:10 | IDW UPDATE: Saved MGY-200-DRP-06-00.idw (0 updated)
2026-01-26 17:01:10 | IDW UPDATE (Inventor): Processing N2SCR05-726-PA.idw
2026-01-26 17:01:14 | IDW UPDATE: Saved N2SCR05-726-PA.idw (6 updated)
2026-01-26 17:01:14 | IDW UPDATE (Inventor): Processing N2SCR05-726-PD.idw
2026-01-26 17:01:19 | IDW UPDATE: Saved N2SCR05-726-PD.idw (95 updated)
2026-01-26 17:01:19 | STEP 10: Updating iProperties for copied documents
2026-01-26 17:01:19 | IPROP: Starting iProperties update for 107 copied files
2026-01-26 17:01:19 | IPROP: Part Number updated: Static Screen Wider -> Static Screen Wider
2026-01-26 17:01:20 | IPROP: Updated iProperties for Static Screen Wider.iam
2026-01-26 17:06:55 | IPROP: ERROR saving Static Screen Wider.iam: Object required
2026-01-26 17:06:55 | IPROP: Part Number updated: Static Screen Top Wider -> Static Screen Top Wider
2026-01-26 17:06:56 | IPROP: Updated iProperties for Static Screen Top Wider.iam
2026-01-26 17:06:57 | IPROP: ERROR saving Static Screen Top Wider.iam: Object required
2026-01-26 17:06:57 | IPROP: Part Number updated: N1SCR04-726-PL1 -> N2SCR05-726-PL1
2026-01-26 17:06:58 | IPROP: Updated iProperties for N2SCR05-726-PL1.ipt
2026-01-26 17:06:58 | IPROP: ERROR saving N2SCR05-726-PL1.ipt: Object required
2026-01-26 17:06:58 | IPROP: Part Number updated: N1SCR04-726-PL2 -> N2SCR05-726-PL2
2026-01-26 17:06:59 | IPROP: Updated iProperties for N2SCR05-726-PL2.ipt
2026-01-26 17:06:59 | IPROP: ERROR saving N2SCR05-726-PL2.ipt: Object required
2026-01-26 17:06:59 | IPROP: Part Number updated: N1SCR04-726-PL3 -> N2SCR05-726-PL3
2026-01-26 17:07:00 | IPROP: Updated iProperties for N2SCR05-726-PL3.ipt
2026-01-26 17:07:00 | IPROP: ERROR saving N2SCR05-726-PL3.ipt: Object required
2026-01-26 17:07:00 | IPROP: Part Number updated: N1SCR04-726-PL4 -> N2SCR05-726-PL4
2026-01-26 17:07:01 | IPROP: Updated iProperties for N2SCR05-726-PL4.ipt
2026-01-26 17:07:01 | IPROP: ERROR saving N2SCR05-726-PL4.ipt: Object required
2026-01-26 17:07:01 | IPROP: Part Number updated: N1SCR04-726-PL5 -> N2SCR05-726-PL5
2026-01-26 17:07:02 | IPROP: Updated iProperties for N2SCR05-726-PL5.ipt
2026-01-26 17:07:02 | IPROP: ERROR saving N2SCR05-726-PL5.ipt: Object required
2026-01-26 17:07:02 | IPROP: Part Number updated: N1SCR04-726-PL6 -> N2SCR05-726-PL6
2026-01-26 17:07:03 | IPROP: Updated iProperties for N2SCR05-726-PL6.ipt
2026-01-26 17:07:03 | IPROP: ERROR saving N2SCR05-726-PL6.ipt: Object required
2026-01-26 17:07:03 | IPROP: Part Number updated: N1SCR04-726-PL7 -> N2SCR05-726-PL7
2026-01-26 17:07:05 | IPROP: Updated iProperties for N2SCR05-726-PL7.ipt
2026-01-26 17:07:05 | IPROP: ERROR saving N2SCR05-726-PL7.ipt: Object required
2026-01-26 17:07:05 | IPROP: Part Number updated: N1SCR04-726-PL8 -> N2SCR05-726-PL8
2026-01-26 17:07:06 | IPROP: Updated iProperties for N2SCR05-726-PL8.ipt
2026-01-26 17:07:06 | IPROP: ERROR saving N2SCR05-726-PL8.ipt: Object required
2026-01-26 17:07:07 | IPROP: Part Number updated: N1SCR04-726-PL9 -> N2SCR05-726-PL9
2026-01-26 17:07:07 | IPROP: Updated iProperties for N2SCR05-726-PL9.ipt
2026-01-26 17:07:08 | IPROP: ERROR saving N2SCR05-726-PL9.ipt: Object required
2026-01-26 17:07:08 | IPROP: Part Number updated: N1SCR04-726-PL10 -> N2SCR05-726-PL10
2026-01-26 17:07:08 | IPROP: Updated iProperties for N2SCR05-726-PL10.ipt
2026-01-26 17:07:09 | IPROP: ERROR saving N2SCR05-726-PL10.ipt: Object required
2026-01-26 17:07:09 | IPROP: Part Number updated: N1SCR04-726-A1 -> N2SCR05-726-A1
2026-01-26 17:07:10 | IPROP: Updated iProperties for N2SCR05-726-A1.ipt
2026-01-26 17:07:10 | IPROP: ERROR saving N2SCR05-726-A1.ipt: Object required
2026-01-26 17:07:10 | IPROP: Part Number updated: N1SCR04-726-A2 -> N2SCR05-726-A2
2026-01-26 17:07:11 | IPROP: Updated iProperties for N2SCR05-726-A2.ipt
2026-01-26 17:07:11 | IPROP: ERROR saving N2SCR05-726-A2.ipt: Object required
2026-01-26 17:07:11 | IPROP: Part Number updated: N1SCR04-726-A3 -> N2SCR05-726-A3
2026-01-26 17:07:13 | IPROP: Updated iProperties for N2SCR05-726-A3.ipt
2026-01-26 17:07:13 | IPROP: ERROR saving N2SCR05-726-A3.ipt: Object required
2026-01-26 17:07:13 | IPROP: Part Number updated: N1SCR04-726-A4 -> N2SCR05-726-A4
2026-01-26 17:07:14 | IPROP: Updated iProperties for N2SCR05-726-A4.ipt
2026-01-26 17:07:14 | IPROP: ERROR saving N2SCR05-726-A4.ipt: Object required
2026-01-26 17:07:14 | IPROP: Part Number updated: N1SCR04-726-PL11 -> N2SCR05-726-PL11
2026-01-26 17:07:16 | IPROP: Updated iProperties for N2SCR05-726-PL11.ipt
2026-01-26 17:07:16 | IPROP: ERROR saving N2SCR05-726-PL11.ipt: Object required
2026-01-26 17:07:16 | IPROP: Part Number updated: N1SCR04-726-FL1 -> N2SCR05-726-FL1
2026-01-26 17:07:17 | IPROP: Updated iProperties for N2SCR05-726-FL1.ipt
2026-01-26 17:07:17 | IPROP: ERROR saving N2SCR05-726-FL1.ipt: Object required
2026-01-26 17:07:17 | IPROP: Part Number updated: N1SCR04-726-FL2 -> N2SCR05-726-FL2
2026-01-26 17:07:18 | IPROP: Updated iProperties for N2SCR05-726-FL2.ipt
2026-01-26 17:07:19 | IPROP: ERROR saving N2SCR05-726-FL2.ipt: Object required
2026-01-26 17:07:19 | IPROP: Part Number updated: N1SCR04-726-FL3 -> N2SCR05-726-FL3
2026-01-26 17:07:20 | IPROP: Updated iProperties for N2SCR05-726-FL3.ipt
2026-01-26 17:07:20 | IPROP: ERROR saving N2SCR05-726-FL3.ipt: Object required
2026-01-26 17:07:20 | IPROP: Part Number updated: N1SCR04-726-FL4 -> N2SCR05-726-FL4
2026-01-26 17:07:21 | IPROP: Updated iProperties for N2SCR05-726-FL4.ipt
2026-01-26 17:07:21 | IPROP: ERROR saving N2SCR05-726-FL4.ipt: Object required
2026-01-26 17:07:22 | IPROP: Part Number updated: N1SCR04-726-FL5 -> N2SCR05-726-FL5
2026-01-26 17:07:23 | IPROP: Updated iProperties for N2SCR05-726-FL5.ipt
2026-01-26 17:07:23 | IPROP: ERROR saving N2SCR05-726-FL5.ipt: Object required
2026-01-26 17:07:23 | IPROP: Part Number updated: N1SCR04-726-FL6 -> N2SCR05-726-FL6
2026-01-26 17:07:24 | IPROP: Updated iProperties for N2SCR05-726-FL6.ipt
2026-01-26 17:07:24 | IPROP: ERROR saving N2SCR05-726-FL6.ipt: Object required
2026-01-26 17:07:24 | IPROP: Part Number updated: N1SCR04-726-FL7 -> N2SCR05-726-FL7
2026-01-26 17:07:25 | IPROP: Updated iProperties for N2SCR05-726-FL7.ipt
2026-01-26 17:07:26 | IPROP: ERROR saving N2SCR05-726-FL7.ipt: Object required
2026-01-26 17:07:26 | IPROP: Part Number updated: N1SCR04-726-PL12 -> N2SCR05-726-PL12
2026-01-26 17:07:27 | IPROP: Updated iProperties for N2SCR05-726-PL12.ipt
2026-01-26 17:07:27 | IPROP: ERROR saving N2SCR05-726-PL12.ipt: Object required
2026-01-26 17:07:27 | IPROP: Part Number updated: N1SCR04-726-FL8 -> N2SCR05-726-FL8
2026-01-26 17:07:28 | IPROP: Updated iProperties for N2SCR05-726-FL8.ipt
2026-01-26 17:07:28 | IPROP: ERROR saving N2SCR05-726-FL8.ipt: Object required
2026-01-26 17:07:28 | IPROP: Part Number updated: N1SCR04-726-FL9 -> N2SCR05-726-FL9
2026-01-26 17:07:30 | IPROP: Updated iProperties for N2SCR05-726-FL9.ipt
2026-01-26 17:07:30 | IPROP: ERROR saving N2SCR05-726-FL9.ipt: Object required
2026-01-26 17:07:30 | IPROP: Part Number updated: N1SCR04-726-PL13 -> N2SCR05-726-PL13
2026-01-26 17:07:31 | IPROP: Updated iProperties for N2SCR05-726-PL13.ipt
2026-01-26 17:07:31 | IPROP: ERROR saving N2SCR05-726-PL13.ipt: Object required
2026-01-26 17:07:31 | IPROP: Part Number updated: N1SCR04-726-PL14 -> N2SCR05-726-PL14
2026-01-26 17:07:33 | IPROP: Updated iProperties for N2SCR05-726-PL14.ipt
2026-01-26 17:07:33 | IPROP: ERROR saving N2SCR05-726-PL14.ipt: Object required
2026-01-26 17:07:33 | IPROP: Part Number updated: N1SCR04-726-FL10 -> N2SCR05-726-FL10
2026-01-26 17:07:34 | IPROP: Updated iProperties for N2SCR05-726-FL10.ipt
2026-01-26 17:07:34 | IPROP: ERROR saving N2SCR05-726-FL10.ipt: Object required
2026-01-26 17:07:34 | IPROP: Part Number updated: N1SCR04-726-FL11 -> N2SCR05-726-FL11
2026-01-26 17:07:35 | IPROP: Updated iProperties for N2SCR05-726-FL11.ipt
2026-01-26 17:07:35 | IPROP: ERROR saving N2SCR05-726-FL11.ipt: Object required
2026-01-26 17:07:36 | IPROP: Part Number updated: Static Screen Middle Wider -> Static Screen Middle Wider
2026-01-26 17:07:37 | IPROP: Updated iProperties for Static Screen Middle Wider.iam
2026-01-26 17:07:37 | IPROP: ERROR saving Static Screen Middle Wider.iam: Object required
2026-01-26 17:07:37 | IPROP: Part Number updated: N1SCR04-726-PL15 -> N2SCR05-726-PL15
2026-01-26 17:07:38 | IPROP: Updated iProperties for N2SCR05-726-PL15.ipt
2026-01-26 17:07:39 | IPROP: ERROR saving N2SCR05-726-PL15.ipt: Object required
2026-01-26 17:07:39 | IPROP: Part Number updated: N1SCR04-726-PL16 -> N2SCR05-726-PL16
2026-01-26 17:07:40 | IPROP: Updated iProperties for N2SCR05-726-PL16.ipt
2026-01-26 17:07:40 | IPROP: ERROR saving N2SCR05-726-PL16.ipt: Object required
2026-01-26 17:07:40 | IPROP: Part Number updated: N1SCR04-726-PL17 -> N2SCR05-726-PL17
2026-01-26 17:07:41 | IPROP: Updated iProperties for N2SCR05-726-PL17.ipt
2026-01-26 17:07:42 | IPROP: ERROR saving N2SCR05-726-PL17.ipt: Object required
2026-01-26 17:07:42 | IPROP: Part Number updated: N1SCR04-726-PL18 -> N2SCR05-726-PL18
2026-01-26 17:07:43 | IPROP: Updated iProperties for N2SCR05-726-PL18.ipt
2026-01-26 17:07:43 | IPROP: ERROR saving N2SCR05-726-PL18.ipt: Object required
2026-01-26 17:07:43 | IPROP: Part Number updated: N1SCR04-726-PL19 -> N2SCR05-726-PL19
2026-01-26 17:07:44 | IPROP: Updated iProperties for N2SCR05-726-PL19.ipt
2026-01-26 17:07:45 | IPROP: ERROR saving N2SCR05-726-PL19.ipt: Object required
2026-01-26 17:07:45 | IPROP: Part Number updated: N1SCR04-726-PL20 -> N2SCR05-726-PL20
2026-01-26 17:07:46 | IPROP: Updated iProperties for N2SCR05-726-PL20.ipt
2026-01-26 17:07:46 | IPROP: ERROR saving N2SCR05-726-PL20.ipt: Object required
2026-01-26 17:07:46 | IPROP: Part Number updated: N1SCR04-726-A5 -> N2SCR05-726-A5
2026-01-26 17:07:47 | IPROP: Updated iProperties for N2SCR05-726-A5.ipt
2026-01-26 17:07:47 | IPROP: ERROR saving N2SCR05-726-A5.ipt: Object required
2026-01-26 17:07:48 | IPROP: Part Number updated: N1SCR04-726-A6 -> N2SCR05-726-A6
2026-01-26 17:07:49 | IPROP: Updated iProperties for N2SCR05-726-A6.ipt
2026-01-26 17:07:49 | IPROP: ERROR saving N2SCR05-726-A6.ipt: Object required
2026-01-26 17:07:49 | IPROP: Part Number updated: N1SCR04-726-A7 -> N2SCR05-726-A7
2026-01-26 17:07:50 | IPROP: Updated iProperties for N2SCR05-726-A7.ipt
2026-01-26 17:07:50 | IPROP: ERROR saving N2SCR05-726-A7.ipt: Object required
2026-01-26 17:07:50 | IPROP: Part Number updated: N1SCR04-726-PL21 -> N2SCR05-726-PL21
2026-01-26 17:07:52 | IPROP: Updated iProperties for N2SCR05-726-PL21.ipt
2026-01-26 17:07:52 | IPROP: ERROR saving N2SCR05-726-PL21.ipt: Object required
2026-01-26 17:07:52 | IPROP: Part Number updated: N1SCR04-726-PL22 -> N2SCR05-726-PL22
2026-01-26 17:07:54 | IPROP: Updated iProperties for N2SCR05-726-PL22.ipt
2026-01-26 17:07:54 | IPROP: ERROR saving N2SCR05-726-PL22.ipt: Object required
2026-01-26 17:07:54 | IPROP: Part Number updated: N1SCR04-726-PL23 -> N2SCR05-726-PL23
2026-01-26 17:07:55 | IPROP: Updated iProperties for N2SCR05-726-PL23.ipt
2026-01-26 17:07:55 | IPROP: ERROR saving N2SCR05-726-PL23.ipt: Object required
2026-01-26 17:07:55 | IPROP: Part Number updated: N1SCR04-726-A8 -> N2SCR05-726-A8
2026-01-26 17:07:56 | IPROP: Updated iProperties for N2SCR05-726-A8.ipt
2026-01-26 17:07:56 | IPROP: ERROR saving N2SCR05-726-A8.ipt: Object required
2026-01-26 17:07:56 | IPROP: Part Number updated: N1SCR04-726-A9 -> N2SCR05-726-A9
2026-01-26 17:07:57 | IPROP: Updated iProperties for N2SCR05-726-A9.ipt
2026-01-26 17:07:58 | IPROP: ERROR saving N2SCR05-726-A9.ipt: Object required
2026-01-26 17:07:58 | IPROP: Part Number updated: N1SCR04-726-A10 -> N2SCR05-726-A10
2026-01-26 17:07:59 | IPROP: Updated iProperties for N2SCR05-726-A10.ipt
2026-01-26 17:07:59 | IPROP: ERROR saving N2SCR05-726-A10.ipt: Object required
2026-01-26 17:07:59 | IPROP: Part Number updated: N1SCR04-726-A11 -> N2SCR05-726-A11
2026-01-26 17:08:00 | IPROP: Updated iProperties for N2SCR05-726-A11.ipt
2026-01-26 17:08:00 | IPROP: ERROR saving N2SCR05-726-A11.ipt: Object required
2026-01-26 17:08:00 | IPROP: Part Number updated: N1SCR04-726-PLX -> Part23 SS-MID W
2026-01-26 17:08:01 | IPROP: Updated iProperties for Part23 SS-MID W.ipt
2026-01-26 17:08:01 | IPROP: ERROR saving Part23 SS-MID W.ipt: Object required
2026-01-26 17:08:01 | IPROP: Part Number updated: N1SCR04-726-PL24 -> N2SCR05-726-PL24
2026-01-26 17:08:02 | IPROP: Updated iProperties for N2SCR05-726-PL24.ipt
2026-01-26 17:08:02 | IPROP: ERROR saving N2SCR05-726-PL24.ipt: Object required
2026-01-26 17:08:02 | IPROP: Part Number updated: N1SCR04-726-PART1 -> N2SCR05-726-PART1
2026-01-26 17:08:03 | IPROP: Updated iProperties for N2SCR05-726-PART1.ipt
2026-01-26 17:08:03 | IPROP: ERROR saving N2SCR05-726-PART1.ipt: Object required
2026-01-26 17:08:03 | IPROP: Part Number updated: BOLTED CONNECTION1 -> Bolted Connection1
2026-01-26 17:08:04 | IPROP: Updated iProperties for Bolted Connection1.iam
2026-01-26 17:08:04 | IPROP: ERROR saving Bolted Connection1.iam: Object required
2026-01-26 17:08:04 | IPROP: Part Number updated: N1SCR04-726-PL25 -> N2SCR05-726-PL25
2026-01-26 17:08:05 | IPROP: Updated iProperties for N2SCR05-726-PL25.ipt
2026-01-26 17:08:06 | IPROP: ERROR saving N2SCR05-726-PL25.ipt: Object required
2026-01-26 17:08:06 | IPROP: Part Number updated: N1SCR04-726-PL26 -> N2SCR05-726-PL26
2026-01-26 17:08:06 | IPROP: Updated iProperties for N2SCR05-726-PL26.ipt
2026-01-26 17:08:07 | IPROP: ERROR saving N2SCR05-726-PL26.ipt: Object required
2026-01-26 17:08:07 | IPROP: Part Number updated: N1SCR04-726-PL27 -> N2SCR05-726-PL27
2026-01-26 17:08:08 | IPROP: Updated iProperties for N2SCR05-726-PL27.ipt
2026-01-26 17:08:08 | IPROP: ERROR saving N2SCR05-726-PL27.ipt: Object required
2026-01-26 17:08:08 | IPROP: Part Number updated: N1SCR04-726-PL28 -> N2SCR05-726-PL28
2026-01-26 17:08:09 | IPROP: Updated iProperties for N2SCR05-726-PL28.ipt
2026-01-26 17:08:09 | IPROP: ERROR saving N2SCR05-726-PL28.ipt: Object required
2026-01-26 17:08:09 | IPROP: Part Number updated: N1SCR04-726-PL29 -> N2SCR05-726-PL29
2026-01-26 17:08:10 | IPROP: Updated iProperties for N2SCR05-726-PL29.ipt
2026-01-26 17:08:10 | IPROP: ERROR saving N2SCR05-726-PL29.ipt: Object required
2026-01-26 17:08:10 | IPROP: Part Number updated: N1SCR04-726-P1 -> N2SCR05-726-P1
2026-01-26 17:08:11 | IPROP: Updated iProperties for N2SCR05-726-P1.ipt
2026-01-26 17:08:11 | IPROP: ERROR saving N2SCR05-726-P1.ipt: Object required
2026-01-26 17:08:11 | IPROP: Part Number updated: N1SCR04-726-FLG1 -> N2SCR05-726-FLG1
2026-01-26 17:08:12 | IPROP: Updated iProperties for N2SCR05-726-FLG1.ipt
2026-01-26 17:08:12 | IPROP: ERROR saving N2SCR05-726-FLG1.ipt: Object required
2026-01-26 17:08:12 | IPROP: Part Number updated: N1SCR04-726-FL12 -> N2SCR05-726-FL12
2026-01-26 17:08:13 | IPROP: Updated iProperties for N2SCR05-726-FL12.ipt
2026-01-26 17:08:13 | IPROP: ERROR saving N2SCR05-726-FL12.ipt: Object required
2026-01-26 17:08:13 | IPROP: Part Number updated: N1SCR04-726-FL13 -> N2SCR05-726-FL13
2026-01-26 17:08:14 | IPROP: Updated iProperties for N2SCR05-726-FL13.ipt
2026-01-26 17:08:14 | IPROP: ERROR saving N2SCR05-726-FL13.ipt: Object required
2026-01-26 17:08:14 | IPROP: Part Number updated: N1SCR04-726-FL14 -> N2SCR05-726-FL14
2026-01-26 17:08:15 | IPROP: Updated iProperties for N2SCR05-726-FL14.ipt
2026-01-26 17:08:16 | IPROP: ERROR saving N2SCR05-726-FL14.ipt: Object required
2026-01-26 17:08:16 | IPROP: Part Number updated: N1SCR04-726-FL15 -> N2SCR05-726-FL15
2026-01-26 17:08:17 | IPROP: Updated iProperties for N2SCR05-726-FL15.ipt
2026-01-26 17:08:17 | IPROP: ERROR saving N2SCR05-726-FL15.ipt: Object required
2026-01-26 17:08:18 | IPROP: Part Number updated: N1SCR04-726-FL16 -> N2SCR05-726-FL16
2026-01-26 17:08:19 | IPROP: Updated iProperties for N2SCR05-726-FL16.ipt
2026-01-26 17:08:19 | IPROP: ERROR saving N2SCR05-726-FL16.ipt: Object required
2026-01-26 17:08:19 | IPROP: Part Number updated: N1SCR04-726-FL17 -> N2SCR05-726-FL17
2026-01-26 17:08:21 | IPROP: Updated iProperties for N2SCR05-726-FL17.ipt
2026-01-26 17:08:21 | IPROP: ERROR saving N2SCR05-726-FL17.ipt: Object required
2026-01-26 17:08:21 | IPROP: Part Number updated: N1SCR04-726-PL30 -> N2SCR05-726-PL30
2026-01-26 17:08:23 | IPROP: Updated iProperties for N2SCR05-726-PL30.ipt
2026-01-26 17:08:23 | IPROP: ERROR saving N2SCR05-726-PL30.ipt: Object required
2026-01-26 17:08:23 | IPROP: Part Number updated: N1SCR04-726-PL31 -> N2SCR05-726-PL31
2026-01-26 17:08:24 | IPROP: Updated iProperties for N2SCR05-726-PL31.ipt
2026-01-26 17:08:24 | IPROP: ERROR saving N2SCR05-726-PL31.ipt: Object required
2026-01-26 17:08:24 | IPROP: Part Number updated: N1SCR04-726-FL18 -> N2SCR05-726-FL18
2026-01-26 17:08:26 | IPROP: Updated iProperties for N2SCR05-726-FL18.ipt
2026-01-26 17:08:26 | IPROP: ERROR saving N2SCR05-726-FL18.ipt: Object required
2026-01-26 17:08:26 | IPROP: Part Number updated: N1SCR04-726-FL19 -> N2SCR05-726-FL19
2026-01-26 17:08:28 | IPROP: Updated iProperties for N2SCR05-726-FL19.ipt
2026-01-26 17:08:28 | IPROP: ERROR saving N2SCR05-726-FL19.ipt: Object required
2026-01-26 17:08:28 | IPROP: Part Number updated: N1SCR04-726-PL32 -> N2SCR05-726-PL32
2026-01-26 17:08:30 | IPROP: Updated iProperties for N2SCR05-726-PL32.ipt
2026-01-26 17:08:31 | IPROP: ERROR saving N2SCR05-726-PL32.ipt: Object required
2026-01-26 17:08:31 | IPROP: Part Number updated: Static Screen Bottom Wider -> Static Screen Bottom Wider
2026-01-26 17:08:33 | IPROP: Updated iProperties for Static Screen Bottom Wider.iam
2026-01-26 17:08:33 | IPROP: ERROR saving Static Screen Bottom Wider.iam: Object required
2026-01-26 17:08:33 | IPROP: Part Number updated: N1SCR04-726-PL33 -> N2SCR05-726-PL33
2026-01-26 17:08:35 | IPROP: Updated iProperties for N2SCR05-726-PL33.ipt
2026-01-26 17:08:35 | IPROP: ERROR saving N2SCR05-726-PL33.ipt: Object required
2026-01-26 17:08:35 | IPROP: Part Number updated: N1SCR04-726-PL34 -> N2SCR05-726-PL34
2026-01-26 17:08:37 | IPROP: Updated iProperties for N2SCR05-726-PL34.ipt
2026-01-26 17:08:37 | IPROP: ERROR saving N2SCR05-726-PL34.ipt: Object required
2026-01-26 17:08:37 | IPROP: Part Number updated: N1SCR04-726-PL35 -> N2SCR05-726-PL35
2026-01-26 17:08:39 | IPROP: Updated iProperties for N2SCR05-726-PL35.ipt
2026-01-26 17:08:39 | IPROP: ERROR saving N2SCR05-726-PL35.ipt: Object required
2026-01-26 17:08:39 | IPROP: Part Number updated: N1SCR04-726-PL36 -> N2SCR05-726-PL36
2026-01-26 17:08:41 | IPROP: Updated iProperties for N2SCR05-726-PL36.ipt
2026-01-26 17:08:41 | IPROP: ERROR saving N2SCR05-726-PL36.ipt: Object required
2026-01-26 17:08:41 | IPROP: Part Number updated: N1SCR04-726-PL37 -> N2SCR05-726-PL37
2026-01-26 17:08:43 | IPROP: Updated iProperties for N2SCR05-726-PL37.ipt
2026-01-26 17:08:43 | IPROP: ERROR saving N2SCR05-726-PL37.ipt: Object required
2026-01-26 17:08:43 | IPROP: Part Number updated: N1SCR04-726-PL38 -> N2SCR05-726-PL38
2026-01-26 17:08:45 | IPROP: Updated iProperties for N2SCR05-726-PL38.ipt
2026-01-26 17:08:45 | IPROP: ERROR saving N2SCR05-726-PL38.ipt: Object required
2026-01-26 17:08:45 | IPROP: Part Number updated: N1SCR04-726-A12 -> N2SCR05-726-A12
2026-01-26 17:08:46 | IPROP: Updated iProperties for N2SCR05-726-A12.ipt
2026-01-26 17:08:46 | IPROP: ERROR saving N2SCR05-726-A12.ipt: Object required
2026-01-26 17:08:47 | IPROP: Part Number updated: N1SCR04-726-A13 -> N2SCR05-726-A13
2026-01-26 17:08:48 | IPROP: Updated iProperties for N2SCR05-726-A13.ipt
2026-01-26 17:08:48 | IPROP: ERROR saving N2SCR05-726-A13.ipt: Object required
2026-01-26 17:08:48 | IPROP: Part Number updated: N1SCR04-726-FL20 -> N2SCR05-726-FL20
2026-01-26 17:08:49 | IPROP: Updated iProperties for N2SCR05-726-FL20.ipt
2026-01-26 17:08:49 | IPROP: ERROR saving N2SCR05-726-FL20.ipt: Object required
2026-01-26 17:08:49 | IPROP: Part Number updated: N1SCR04-726-FL21 -> N2SCR05-726-FL21
2026-01-26 17:08:51 | IPROP: Updated iProperties for N2SCR05-726-FL21.ipt
2026-01-26 17:08:51 | IPROP: ERROR saving N2SCR05-726-FL21.ipt: Object required
2026-01-26 17:08:51 | IPROP: Part Number updated: N1SCR04-726-FL22 -> N2SCR05-726-FL22
2026-01-26 17:08:52 | IPROP: Updated iProperties for N2SCR05-726-FL22.ipt
2026-01-26 17:08:52 | IPROP: ERROR saving N2SCR05-726-FL22.ipt: Object required
2026-01-26 17:08:52 | IPROP: Part Number updated: N1SCR04-726-FL23 -> N2SCR05-726-FL23
2026-01-26 17:08:54 | IPROP: Updated iProperties for N2SCR05-726-FL23.ipt
2026-01-26 17:08:54 | IPROP: ERROR saving N2SCR05-726-FL23.ipt: Object required
2026-01-26 17:08:54 | IPROP: Part Number updated: N1SCR04-726-FL24 -> N2SCR05-726-FL24
2026-01-26 17:08:55 | IPROP: Updated iProperties for N2SCR05-726-FL24.ipt
2026-01-26 17:08:55 | IPROP: ERROR saving N2SCR05-726-FL24.ipt: Object required
2026-01-26 17:08:55 | IPROP: Part Number updated: N1SCR04-726-PL39 -> N2SCR05-726-PL39
2026-01-26 17:08:57 | IPROP: Updated iProperties for N2SCR05-726-PL39.ipt
2026-01-26 17:08:57 | IPROP: ERROR saving N2SCR05-726-PL39.ipt: Object required
2026-01-26 17:08:57 | IPROP: Part Number updated: Screen Deck Frame Wider -> Screen Deck Frame Wider
2026-01-26 17:08:58 | IPROP: Updated iProperties for Screen Deck Frame Wider.iam
2026-01-26 17:08:59 | IPROP: ERROR saving Screen Deck Frame Wider.iam: Object required
2026-01-26 17:08:59 | IPROP: Part Number updated: N1SCR04-726-A14 -> N2SCR05-726-A14
2026-01-26 17:09:01 | IPROP: Updated iProperties for N2SCR05-726-A14.ipt
2026-01-26 17:09:01 | IPROP: ERROR saving N2SCR05-726-A14.ipt: Object required
2026-01-26 17:09:01 | IPROP: Part Number updated: N1SCR04-726-A15 -> N2SCR05-726-A15
2026-01-26 17:09:03 | IPROP: Updated iProperties for N2SCR05-726-A15.ipt
2026-01-26 17:09:03 | IPROP: ERROR saving N2SCR05-726-A15.ipt: Object required
2026-01-26 17:09:03 | IPROP: Part Number updated: N1SCR04-726-A16 -> N2SCR05-726-A16
2026-01-26 17:09:05 | IPROP: Updated iProperties for N2SCR05-726-A16.ipt
2026-01-26 17:09:05 | IPROP: ERROR saving N2SCR05-726-A16.ipt: Object required
2026-01-26 17:09:05 | IPROP: Part Number updated: N1SCR04-726-PL40 -> N2SCR05-726-PL40
2026-01-26 17:09:06 | IPROP: Updated iProperties for N2SCR05-726-PL40.ipt
2026-01-26 17:09:06 | IPROP: ERROR saving N2SCR05-726-PL40.ipt: Object required
2026-01-26 17:09:06 | IPROP: Part Number updated: N1SCR04-726-PL41 -> N2SCR05-726-PL41
2026-01-26 17:09:08 | IPROP: Updated iProperties for N2SCR05-726-PL41.ipt
2026-01-26 17:09:08 | IPROP: ERROR saving N2SCR05-726-PL41.ipt: Object required
2026-01-26 17:09:08 | IPROP: Part Number updated: N1SCR04-726-PART2 -> N2SCR05-726-PART2
2026-01-26 17:09:10 | IPROP: Updated iProperties for N2SCR05-726-PART2.ipt
2026-01-26 17:09:10 | IPROP: ERROR saving N2SCR05-726-PART2.ipt: Object required
2026-01-26 17:09:10 | IPROP: Part Number updated: N1SCR04-726-PL42 -> N2SCR05-726-PL42
2026-01-26 17:09:12 | IPROP: Updated iProperties for N2SCR05-726-PL42.ipt
2026-01-26 17:09:12 | IPROP: ERROR saving N2SCR05-726-PL42.ipt: Object required
2026-01-26 17:09:12 | IPROP: Part Number updated: N1SCR04-726-A17 -> N2SCR05-726-A17
2026-01-26 17:09:14 | IPROP: Updated iProperties for N2SCR05-726-A17.ipt
2026-01-26 17:09:14 | IPROP: ERROR saving N2SCR05-726-A17.ipt: Object required
2026-01-26 17:09:14 | IPROP: Part Number updated: STATIC SCREEN LAUNDER -> Static Screen Launder
2026-01-26 17:09:16 | IPROP: Updated iProperties for Static Screen Launder.iam
2026-01-26 17:09:33 | IPROP: ERROR saving Static Screen Launder.iam: Object required
2026-01-26 17:09:33 | IPROP: Part Number updated: N1SCR04-726-PL43 -> N2SCR05-726-PL43
2026-01-26 17:09:34 | IPROP: Updated iProperties for N2SCR05-726-PL43.ipt
2026-01-26 17:09:36 | IPROP: ERROR saving N2SCR05-726-PL43.ipt: Object required
2026-01-26 17:09:36 | IPROP: Part Number updated: N1SCR04-726-A18 -> N2SCR05-726-A18
2026-01-26 17:09:37 | IPROP: Updated iProperties for N2SCR05-726-A18.ipt
2026-01-26 17:09:37 | IPROP: ERROR saving N2SCR05-726-A18.ipt: Object required
2026-01-26 17:09:37 | IPROP: Completed - updated 97 documents
2026-01-26 17:09:37 | STEP 11: Writing STEP_1_MAPPING.txt
2026-01-26 17:09:37 | MAPPING: Written 107 mappings to C:\Users\Quintin\Documents\Spectiv\3. Working\22. DMS plant\21. SSCR04 - Primary Floats D&R Screen Station\N1SCR05-726 Static Screen\STEP_1_MAPPING.txt
2026-01-26 17:09:37 | STEP 12: Validation scan and destination logging
2026-01-26 17:09:37 | VALIDATE: Writing source and destination inventories...
2026-01-26 17:09:38 | VALIDATE: Source file count = 549
2026-01-26 17:09:38 | VALIDATE: Destination file count = 209
2026-01-26 17:09:38 | VALIDATE: Checking copied mappings...
2026-01-26 17:09:38 | MAP OK: Static Screen Wider.iam -> Static Screen Wider.iam
2026-01-26 17:09:38 | MAP OK: Static Screen Top Wider.iam -> Static Screen Top Wider.iam
2026-01-26 17:09:38 | MAP OK: N1SCR04-726-PL1.ipt -> N2SCR05-726-PL1.ipt
2026-01-26 17:09:38 | MAP OK: N1SCR04-726-PL2.ipt -> N2SCR05-726-PL2.ipt
2026-01-26 17:09:38 | MAP OK: N1SCR04-726-PL3.ipt -> N2SCR05-726-PL3.ipt
2026-01-26 17:09:38 | MAP OK: N1SCR04-726-PL4.ipt -> N2SCR05-726-PL4.ipt
2026-01-26 17:09:38 | MAP OK: N1SCR04-726-PL5.ipt -> N2SCR05-726-PL5.ipt
2026-01-26 17:09:38 | MAP OK: N1SCR04-726-PL6.ipt -> N2SCR05-726-PL6.ipt
2026-01-26 17:09:38 | MAP OK: N1SCR04-726-PL7.ipt -> N2SCR05-726-PL7.ipt
2026-01-26 17:09:38 | MAP OK: N1SCR04-726-PL8.ipt -> N2SCR05-726-PL8.ipt
2026-01-26 17:09:38 | MAP OK: N1SCR04-726-PL9.ipt -> N2SCR05-726-PL9.ipt
2026-01-26 17:09:38 | MAP OK: N1SCR04-726-PL10.ipt -> N2SCR05-726-PL10.ipt
2026-01-26 17:09:38 | MAP OK: N1SCR04-726-A1.ipt -> N2SCR05-726-A1.ipt
2026-01-26 17:09:38 | MAP OK: N1SCR04-726-A2.ipt -> N2SCR05-726-A2.ipt
2026-01-26 17:09:38 | MAP OK: N1SCR04-726-A3.ipt -> N2SCR05-726-A3.ipt
2026-01-26 17:09:38 | MAP OK: N1SCR04-726-A4.ipt -> N2SCR05-726-A4.ipt
2026-01-26 17:09:38 | MAP OK: N1SCR04-726-PL11.ipt -> N2SCR05-726-PL11.ipt
2026-01-26 17:09:38 | MAP OK: N1SCR04-726-FL1.ipt -> N2SCR05-726-FL1.ipt
2026-01-26 17:09:38 | MAP OK: N1SCR04-726-FL2.ipt -> N2SCR05-726-FL2.ipt
2026-01-26 17:09:38 | MAP OK: N1SCR04-726-FL3.ipt -> N2SCR05-726-FL3.ipt
2026-01-26 17:09:38 | MAP OK: N1SCR04-726-FL4.ipt -> N2SCR05-726-FL4.ipt
2026-01-26 17:09:38 | MAP OK: N1SCR04-726-FL5.ipt -> N2SCR05-726-FL5.ipt
2026-01-26 17:09:38 | MAP OK: N1SCR04-726-FL6.ipt -> N2SCR05-726-FL6.ipt
2026-01-26 17:09:38 | MAP OK: N1SCR04-726-FL7.ipt -> N2SCR05-726-FL7.ipt
2026-01-26 17:09:38 | MAP OK: N1SCR04-726-PL12.ipt -> N2SCR05-726-PL12.ipt
2026-01-26 17:09:38 | MAP OK: N1SCR04-726-FL8.ipt -> N2SCR05-726-FL8.ipt
2026-01-26 17:09:38 | MAP OK: N1SCR04-726-FL9.ipt -> N2SCR05-726-FL9.ipt
2026-01-26 17:09:38 | MAP OK: N1SCR04-726-PL13.ipt -> N2SCR05-726-PL13.ipt
2026-01-26 17:09:38 | MAP OK: N1SCR04-726-PL14.ipt -> N2SCR05-726-PL14.ipt
2026-01-26 17:09:38 | MAP OK: N1SCR04-726-FL10.ipt -> N2SCR05-726-FL10.ipt
2026-01-26 17:09:38 | MAP OK: N1SCR04-726-FL11.ipt -> N2SCR05-726-FL11.ipt
2026-01-26 17:09:38 | MAP OK: Static Screen Middle Wider.iam -> Static Screen Middle Wider.iam
2026-01-26 17:09:38 | MAP OK: N1SCR04-726-PL15.ipt -> N2SCR05-726-PL15.ipt
2026-01-26 17:09:38 | MAP OK: N1SCR04-726-PL16.ipt -> N2SCR05-726-PL16.ipt
2026-01-26 17:09:38 | MAP OK: N1SCR04-726-PL17.ipt -> N2SCR05-726-PL17.ipt
2026-01-26 17:09:38 | MAP OK: N1SCR04-726-PL18.ipt -> N2SCR05-726-PL18.ipt
2026-01-26 17:09:38 | MAP OK: N1SCR04-726-PL19.ipt -> N2SCR05-726-PL19.ipt
2026-01-26 17:09:38 | MAP OK: N1SCR04-726-PL20.ipt -> N2SCR05-726-PL20.ipt
2026-01-26 17:09:38 | MAP OK: N1SCR04-726-A5.ipt -> N2SCR05-726-A5.ipt
2026-01-26 17:09:38 | MAP OK: N1SCR04-726-A6.ipt -> N2SCR05-726-A6.ipt
2026-01-26 17:09:38 | MAP OK: N1SCR04-726-A7.ipt -> N2SCR05-726-A7.ipt
2026-01-26 17:09:38 | MAP OK: N1SCR04-726-PL21.ipt -> N2SCR05-726-PL21.ipt
2026-01-26 17:09:38 | MAP OK: N1SCR04-726-PL22.ipt -> N2SCR05-726-PL22.ipt
2026-01-26 17:09:38 | MAP OK: N1SCR04-726-PL23.ipt -> N2SCR05-726-PL23.ipt
2026-01-26 17:09:38 | MAP OK: N1SCR04-726-A8.ipt -> N2SCR05-726-A8.ipt
2026-01-26 17:09:38 | MAP OK: N1SCR04-726-A9.ipt -> N2SCR05-726-A9.ipt
2026-01-26 17:09:38 | MAP OK: N1SCR04-726-A10.ipt -> N2SCR05-726-A10.ipt
2026-01-26 17:09:38 | MAP OK: N1SCR04-726-A11.ipt -> N2SCR05-726-A11.ipt
2026-01-26 17:09:38 | MAP OK: Part23 SS-MID W.ipt -> Part23 SS-MID W.ipt
2026-01-26 17:09:38 | MAP OK: N1SCR04-726-PL24.ipt -> N2SCR05-726-PL24.ipt
2026-01-26 17:09:38 | MAP OK: N1SCR04-726-PART1.ipt -> N2SCR05-726-PART1.ipt
2026-01-26 17:09:38 | MAP OK: Bolted Connection1.iam -> Bolted Connection1.iam
2026-01-26 17:09:38 | MAP OK: N1SCR04-726-PL25.ipt -> N2SCR05-726-PL25.ipt
2026-01-26 17:09:38 | MAP OK: N1SCR04-726-PL26.ipt -> N2SCR05-726-PL26.ipt
2026-01-26 17:09:38 | MAP OK: N1SCR04-726-PL27.ipt -> N2SCR05-726-PL27.ipt
2026-01-26 17:09:38 | MAP OK: N1SCR04-726-PL28.ipt -> N2SCR05-726-PL28.ipt
2026-01-26 17:09:38 | MAP OK: N1SCR04-726-PL29.ipt -> N2SCR05-726-PL29.ipt
2026-01-26 17:09:38 | MAP OK: N1SCR04-726-P1.ipt -> N2SCR05-726-P1.ipt
2026-01-26 17:09:38 | MAP OK: N1SCR04-726-FLG1.ipt -> N2SCR05-726-FLG1.ipt
2026-01-26 17:09:38 | MAP OK: N1SCR04-726-FL12.ipt -> N2SCR05-726-FL12.ipt
2026-01-26 17:09:38 | MAP OK: N1SCR04-726-FL13.ipt -> N2SCR05-726-FL13.ipt
2026-01-26 17:09:38 | MAP OK: N1SCR04-726-FL14.ipt -> N2SCR05-726-FL14.ipt
2026-01-26 17:09:38 | MAP OK: N1SCR04-726-FL15.ipt -> N2SCR05-726-FL15.ipt
2026-01-26 17:09:38 | MAP OK: N1SCR04-726-FL16.ipt -> N2SCR05-726-FL16.ipt
2026-01-26 17:09:38 | MAP OK: N1SCR04-726-FL17.ipt -> N2SCR05-726-FL17.ipt
2026-01-26 17:09:38 | MAP OK: N1SCR04-726-PL30.ipt -> N2SCR05-726-PL30.ipt
2026-01-26 17:09:38 | MAP OK: N1SCR04-726-PL31.ipt -> N2SCR05-726-PL31.ipt
2026-01-26 17:09:38 | MAP OK: N1SCR04-726-FL18.ipt -> N2SCR05-726-FL18.ipt
2026-01-26 17:09:38 | MAP OK: N1SCR04-726-FL19.ipt -> N2SCR05-726-FL19.ipt
2026-01-26 17:09:38 | MAP OK: N1SCR04-726-PL32.ipt -> N2SCR05-726-PL32.ipt
2026-01-26 17:09:38 | MAP OK: Static Screen Bottom Wider.iam -> Static Screen Bottom Wider.iam
2026-01-26 17:09:38 | MAP OK: N1SCR04-726-PL33.ipt -> N2SCR05-726-PL33.ipt
2026-01-26 17:09:38 | MAP OK: N1SCR04-726-PL34.ipt -> N2SCR05-726-PL34.ipt
2026-01-26 17:09:38 | MAP OK: N1SCR04-726-PL35.ipt -> N2SCR05-726-PL35.ipt
2026-01-26 17:09:38 | MAP OK: N1SCR04-726-PL36.ipt -> N2SCR05-726-PL36.ipt
2026-01-26 17:09:38 | MAP OK: N1SCR04-726-PL37.ipt -> N2SCR05-726-PL37.ipt
2026-01-26 17:09:38 | MAP OK: N1SCR04-726-PL38.ipt -> N2SCR05-726-PL38.ipt
2026-01-26 17:09:38 | MAP OK: N1SCR04-726-A12.ipt -> N2SCR05-726-A12.ipt
2026-01-26 17:09:38 | MAP OK: N1SCR04-726-A13.ipt -> N2SCR05-726-A13.ipt
2026-01-26 17:09:38 | MAP OK: N1SCR04-726-FL20.ipt -> N2SCR05-726-FL20.ipt
2026-01-26 17:09:38 | MAP OK: N1SCR04-726-FL21.ipt -> N2SCR05-726-FL21.ipt
2026-01-26 17:09:38 | MAP OK: N1SCR04-726-FL22.ipt -> N2SCR05-726-FL22.ipt
2026-01-26 17:09:38 | MAP OK: N1SCR04-726-FL23.ipt -> N2SCR05-726-FL23.ipt
2026-01-26 17:09:38 | MAP OK: N1SCR04-726-FL24.ipt -> N2SCR05-726-FL24.ipt
2026-01-26 17:09:38 | MAP OK: N1SCR04-726-PL39.ipt -> N2SCR05-726-PL39.ipt
2026-01-26 17:09:38 | MAP OK: Screen Deck Frame Wider.iam -> Screen Deck Frame Wider.iam
2026-01-26 17:09:38 | MAP OK: N1SCR04-726-A14.ipt -> N2SCR05-726-A14.ipt
2026-01-26 17:09:38 | MAP OK: N1SCR04-726-A15.ipt -> N2SCR05-726-A15.ipt
2026-01-26 17:09:38 | MAP OK: N1SCR04-726-A16.ipt -> N2SCR05-726-A16.ipt
2026-01-26 17:09:38 | MAP OK: N1SCR04-726-PL40.ipt -> N2SCR05-726-PL40.ipt
2026-01-26 17:09:38 | MAP OK: N1SCR04-726-PL41.ipt -> N2SCR05-726-PL41.ipt
2026-01-26 17:09:38 | MAP OK: N1SCR04-726-PART2.ipt -> N2SCR05-726-PART2.ipt
2026-01-26 17:09:38 | MAP OK: N1SCR04-726-PL42.ipt -> N2SCR05-726-PL42.ipt
2026-01-26 17:09:38 | MAP OK: N1SCR04-726-A17.ipt -> N2SCR05-726-A17.ipt
2026-01-26 17:09:38 | MAP OK: Static Screen Launder.iam -> Static Screen Launder.iam
2026-01-26 17:09:38 | MAP OK: N1SCR04-726-PL43.ipt -> N2SCR05-726-PL43.ipt
2026-01-26 17:09:38 | MAP OK: N1SCR04-726-A18.ipt -> N2SCR05-726-A18.ipt
2026-01-26 17:09:38 | MAP OK: MGY-200-DRP-06-00.idw -> MGY-200-DRP-06-00.idw
2026-01-26 17:09:38 | MAP OK: N1SCR04-726-PA.idw -> N2SCR05-726-PA.idw
2026-01-26 17:09:38 | MAP OK: N1SCR04-726-PD.idw -> N2SCR05-726-PD.idw
2026-01-26 17:09:38 | MAP OK: MGY-200-DRP-06-03.idw -> MGY-200-DRP-06-03.idw
2026-01-26 17:09:38 | MAP OK: MGY-200-DRP-06-05.idw -> MGY-200-DRP-06-05.idw
2026-01-26 17:09:38 | MAP OK: IKW-DRP-10-02.idw -> IKW-DRP-10-02.idw
2026-01-26 17:09:38 | MAP OK: MGY-200-DRP-06-02.idw -> MGY-200-DRP-06-02.idw
2026-01-26 17:09:38 | MAP OK: MGY-200-DRP-06-04.idw -> MGY-200-DRP-06-04.idw
2026-01-26 17:09:38 | MAP OK: MGY-200-DRP-06-06.idw -> MGY-200-DRP-06-06.idw
2026-01-26 17:09:38 | MAP OK: MGY-200-DRP-06-01.idw -> MGY-200-DRP-06-01.idw
2026-01-26 17:09:38 | VALIDATE: Missing mapped files = 0
2026-01-26 17:09:38 | === PREFIX CLONER COMPLETED ===
