2026-01-26 17:20:18 | === PREFIX CLONER ===
2026-01-26 17:20:18 | Clone assembly with prefix replacement only (keep part suffixes intact)
2026-01-26 17:20:19 | SUCCESS: Connected to existing Inventor instance
2026-01-26 17:20:19 | STEP 1: Detecting open assembly
2026-01-26 17:20:20 | DETECTED: N1SCR04-726.iam
2026-01-26 17:20:20 | DETECTED: Full path - C:\Users\Quintin\Documents\Spectiv\3. Working\22. DMS plant\21. SSCR04 - Primary Floats D&R Screen Station\726 Static Screen\N1SCR04-726.iam
2026-01-26 17:20:25 | STEP 2: Analyzing assembly structure
2026-01-26 17:20:25 | COLLECT: Scanning assembly for all referenced parts and sub-assemblies...
2026-01-26 17:20:25 | COLLECT: SUB-ASSEMBLY Static Screen Top Wider.iam at ROOT
2026-01-26 17:20:26 | COLLECT: PART N1SCR04-726-PL1.ipt at ROOT>Static Screen Top Wider.iam
2026-01-26 17:20:26 | COLLECT: PART N1SCR04-726-PL2.ipt at ROOT>Static Screen Top Wider.iam
2026-01-26 17:20:26 | COLLECT: PART N1SCR04-726-PL3.ipt at ROOT>Static Screen Top Wider.iam
2026-01-26 17:20:26 | COLLECT: PART N1SCR04-726-PL4.ipt at ROOT>Static Screen Top Wider.iam
2026-01-26 17:20:26 | COLLECT: PART N1SCR04-726-PL5.ipt at ROOT>Static Screen Top Wider.iam
2026-01-26 17:20:26 | COLLECT: PART N1SCR04-726-PL6.ipt at ROOT>Static Screen Top Wider.iam
2026-01-26 17:20:26 | COLLECT: PART N1SCR04-726-PL7.ipt at ROOT>Static Screen Top Wider.iam
2026-01-26 17:20:26 | COLLECT: PART N1SCR04-726-PL8.ipt at ROOT>Static Screen Top Wider.iam
2026-01-26 17:20:26 | COLLECT: PART N1SCR04-726-PL9.ipt at ROOT>Static Screen Top Wider.iam
2026-01-26 17:20:26 | COLLECT: PART N1SCR04-726-PL10.ipt at ROOT>Static Screen Top Wider.iam
2026-01-26 17:20:26 | COLLECT: PART N1SCR04-726-A1.ipt at ROOT>Static Screen Top Wider.iam
2026-01-26 17:20:26 | COLLECT: PART N1SCR04-726-A2.ipt at ROOT>Static Screen Top Wider.iam
2026-01-26 17:20:26 | COLLECT: PART N1SCR04-726-A3.ipt at ROOT>Static Screen Top Wider.iam
2026-01-26 17:20:26 | COLLECT: PART N1SCR04-726-A4.ipt at ROOT>Static Screen Top Wider.iam
2026-01-26 17:20:26 | COLLECT: PART N1SCR04-726-PL11.ipt at ROOT>Static Screen Top Wider.iam
2026-01-26 17:20:26 | COLLECT: PART N1SCR04-726-FL1.ipt at ROOT>Static Screen Top Wider.iam
2026-01-26 17:20:26 | COLLECT: PART N1SCR04-726-FL2.ipt at ROOT>Static Screen Top Wider.iam
2026-01-26 17:20:26 | COLLECT: PART N1SCR04-726-FL3.ipt at ROOT>Static Screen Top Wider.iam
2026-01-26 17:20:27 | COLLECT: PART N1SCR04-726-FL4.ipt at ROOT>Static Screen Top Wider.iam
2026-01-26 17:20:27 | COLLECT: PART N1SCR04-726-FL5.ipt at ROOT>Static Screen Top Wider.iam
2026-01-26 17:20:27 | COLLECT: PART N1SCR04-726-FL6.ipt at ROOT>Static Screen Top Wider.iam
2026-01-26 17:20:27 | COLLECT: PART N1SCR04-726-FL7.ipt at ROOT>Static Screen Top Wider.iam
2026-01-26 17:20:27 | COLLECT: PART N1SCR04-726-PL12.ipt at ROOT>Static Screen Top Wider.iam
2026-01-26 17:20:27 | COLLECT: PART N1SCR04-726-FL8.ipt at ROOT>Static Screen Top Wider.iam
2026-01-26 17:20:27 | COLLECT: PART N1SCR04-726-FL9.ipt at ROOT>Static Screen Top Wider.iam
2026-01-26 17:20:27 | COLLECT: PART N1SCR04-726-PL13.ipt at ROOT>Static Screen Top Wider.iam
2026-01-26 17:20:27 | COLLECT: PART N1SCR04-726-PL14.ipt at ROOT>Static Screen Top Wider.iam
2026-01-26 17:20:28 | COLLECT: PART N1SCR04-726-FL10.ipt at ROOT>Static Screen Top Wider.iam
2026-01-26 17:20:28 | COLLECT: PART N1SCR04-726-FL11.ipt at ROOT>Static Screen Top Wider.iam
2026-01-26 17:20:28 | COLLECT: SUB-ASSEMBLY Static Screen Middle Wider.iam at ROOT
2026-01-26 17:20:28 | COLLECT: PART N1SCR04-726-PL15.ipt at ROOT>Static Screen Middle Wider.iam
2026-01-26 17:20:28 | COLLECT: PART N1SCR04-726-PL16.ipt at ROOT>Static Screen Middle Wider.iam
2026-01-26 17:20:28 | COLLECT: PART N1SCR04-726-PL17.ipt at ROOT>Static Screen Middle Wider.iam
2026-01-26 17:20:28 | COLLECT: PART N1SCR04-726-PL18.ipt at ROOT>Static Screen Middle Wider.iam
2026-01-26 17:20:28 | COLLECT: PART N1SCR04-726-PL19.ipt at ROOT>Static Screen Middle Wider.iam
2026-01-26 17:20:28 | COLLECT: PART N1SCR04-726-PL20.ipt at ROOT>Static Screen Middle Wider.iam
2026-01-26 17:20:28 | COLLECT: PART N1SCR04-726-A5.ipt at ROOT>Static Screen Middle Wider.iam
2026-01-26 17:20:28 | COLLECT: PART N1SCR04-726-A6.ipt at ROOT>Static Screen Middle Wider.iam
2026-01-26 17:20:28 | COLLECT: PART N1SCR04-726-A7.ipt at ROOT>Static Screen Middle Wider.iam
2026-01-26 17:20:28 | COLLECT: PART N1SCR04-726-PL21.ipt at ROOT>Static Screen Middle Wider.iam
2026-01-26 17:20:28 | COLLECT: PART N1SCR04-726-PL22.ipt at ROOT>Static Screen Middle Wider.iam
2026-01-26 17:20:28 | COLLECT: PART N1SCR04-726-PL23.ipt at ROOT>Static Screen Middle Wider.iam
2026-01-26 17:20:28 | COLLECT: PART N1SCR04-726-A8.ipt at ROOT>Static Screen Middle Wider.iam
2026-01-26 17:20:28 | COLLECT: PART N1SCR04-726-A9.ipt at ROOT>Static Screen Middle Wider.iam
2026-01-26 17:20:28 | COLLECT: PART N1SCR04-726-A10.ipt at ROOT>Static Screen Middle Wider.iam
2026-01-26 17:20:28 | COLLECT: PART N1SCR04-726-A11.ipt at ROOT>Static Screen Middle Wider.iam
2026-01-26 17:20:29 | COLLECT: PART Part23 SS-MID W.ipt at ROOT>Static Screen Middle Wider.iam
2026-01-26 17:20:29 | COLLECT: PART N1SCR04-726-PL24.ipt at ROOT>Static Screen Middle Wider.iam
2026-01-26 17:20:29 | COLLECT: PART N1SCR04-726-PART1.ipt at ROOT>Static Screen Middle Wider.iam
2026-01-26 17:20:29 | COLLECT: SUB-ASSEMBLY Bolted Connection1.iam at ROOT>Static Screen Middle Wider.iam
2026-01-26 17:20:29 | COLLECT: PART N1SCR04-726-PL25.ipt at ROOT>Static Screen Middle Wider.iam
2026-01-26 17:20:29 | COLLECT: PART N1SCR04-726-PL26.ipt at ROOT>Static Screen Middle Wider.iam
2026-01-26 17:20:29 | COLLECT: PART N1SCR04-726-PL27.ipt at ROOT>Static Screen Middle Wider.iam
2026-01-26 17:20:29 | COLLECT: PART N1SCR04-726-PL28.ipt at ROOT>Static Screen Middle Wider.iam
2026-01-26 17:20:29 | COLLECT: PART N1SCR04-726-PL29.ipt at ROOT>Static Screen Middle Wider.iam
2026-01-26 17:20:29 | COLLECT: PART N1SCR04-726-P1.ipt at ROOT>Static Screen Middle Wider.iam
2026-01-26 17:20:29 | COLLECT: PART N1SCR04-726-FLG1.ipt at ROOT>Static Screen Middle Wider.iam
2026-01-26 17:20:29 | COLLECT: PART N1SCR04-726-FL12.ipt at ROOT>Static Screen Middle Wider.iam
2026-01-26 17:20:29 | COLLECT: PART N1SCR04-726-FL13.ipt at ROOT>Static Screen Middle Wider.iam
2026-01-26 17:20:29 | COLLECT: PART N1SCR04-726-FL14.ipt at ROOT>Static Screen Middle Wider.iam
2026-01-26 17:20:29 | COLLECT: PART N1SCR04-726-FL15.ipt at ROOT>Static Screen Middle Wider.iam
2026-01-26 17:20:29 | COLLECT: PART N1SCR04-726-FL16.ipt at ROOT>Static Screen Middle Wider.iam
2026-01-26 17:20:30 | COLLECT: PART N1SCR04-726-FL17.ipt at ROOT>Static Screen Middle Wider.iam
2026-01-26 17:20:30 | COLLECT: PART N1SCR04-726-PL30.ipt at ROOT>Static Screen Middle Wider.iam
2026-01-26 17:20:30 | COLLECT: PART N1SCR04-726-PL31.ipt at ROOT>Static Screen Middle Wider.iam
2026-01-26 17:20:30 | COLLECT: PART N1SCR04-726-FL18.ipt at ROOT>Static Screen Middle Wider.iam
2026-01-26 17:20:30 | COLLECT: PART N1SCR04-726-FL19.ipt at ROOT>Static Screen Middle Wider.iam
2026-01-26 17:20:30 | COLLECT: PART N1SCR04-726-PL32.ipt at ROOT>Static Screen Middle Wider.iam
2026-01-26 17:20:30 | COLLECT: SUB-ASSEMBLY Static Screen Bottom Wider.iam at ROOT
2026-01-26 17:20:30 | COLLECT: PART N1SCR04-726-PL33.ipt at ROOT>Static Screen Bottom Wider.iam
2026-01-26 17:20:30 | COLLECT: PART N1SCR04-726-PL34.ipt at ROOT>Static Screen Bottom Wider.iam
2026-01-26 17:20:30 | COLLECT: PART N1SCR04-726-PL35.ipt at ROOT>Static Screen Bottom Wider.iam
2026-01-26 17:20:30 | COLLECT: PART N1SCR04-726-PL36.ipt at ROOT>Static Screen Bottom Wider.iam
2026-01-26 17:20:31 | COLLECT: PART N1SCR04-726-PL37.ipt at ROOT>Static Screen Bottom Wider.iam
2026-01-26 17:20:31 | COLLECT: PART N1SCR04-726-PL38.ipt at ROOT>Static Screen Bottom Wider.iam
2026-01-26 17:20:31 | COLLECT: PART N1SCR04-726-A12.ipt at ROOT>Static Screen Bottom Wider.iam
2026-01-26 17:20:31 | COLLECT: PART N1SCR04-726-A13.ipt at ROOT>Static Screen Bottom Wider.iam
2026-01-26 17:20:31 | COLLECT: PART N1SCR04-726-FL20.ipt at ROOT>Static Screen Bottom Wider.iam
2026-01-26 17:20:31 | COLLECT: PART N1SCR04-726-FL21.ipt at ROOT>Static Screen Bottom Wider.iam
2026-01-26 17:20:31 | COLLECT: PART N1SCR04-726-FL22.ipt at ROOT>Static Screen Bottom Wider.iam
2026-01-26 17:20:31 | COLLECT: PART N1SCR04-726-FL23.ipt at ROOT>Static Screen Bottom Wider.iam
2026-01-26 17:20:31 | COLLECT: PART N1SCR04-726-FL24.ipt at ROOT>Static Screen Bottom Wider.iam
2026-01-26 17:20:31 | COLLECT: PART N1SCR04-726-PL39.ipt at ROOT>Static Screen Bottom Wider.iam
2026-01-26 17:20:31 | COLLECT: SUB-ASSEMBLY Screen Deck Frame Wider.iam at ROOT
2026-01-26 17:20:31 | COLLECT: PART N1SCR04-726-A14.ipt at ROOT>Screen Deck Frame Wider.iam
2026-01-26 17:20:31 | COLLECT: PART N1SCR04-726-A15.ipt at ROOT>Screen Deck Frame Wider.iam
2026-01-26 17:20:31 | COLLECT: PART N1SCR04-726-A16.ipt at ROOT>Screen Deck Frame Wider.iam
2026-01-26 17:20:32 | COLLECT: PART N1SCR04-726-PL40.ipt at ROOT>Screen Deck Frame Wider.iam
2026-01-26 17:20:32 | COLLECT: PART N1SCR04-726-PL41.ipt at ROOT>Screen Deck Frame Wider.iam
2026-01-26 17:20:32 | COLLECT: PART N1SCR04-726-PART2.ipt at ROOT>Screen Deck Frame Wider.iam
2026-01-26 17:20:34 | COLLECT: PART N1SCR04-726-PL42.ipt at ROOT>Screen Deck Frame Wider.iam
2026-01-26 17:20:34 | COLLECT: PART N1SCR04-726-A17.ipt at ROOT>Screen Deck Frame Wider.iam
2026-01-26 17:20:34 | COLLECT: SUB-ASSEMBLY Static Screen Launder.iam at ROOT
2026-01-26 17:20:34 | COLLECT: PART N1SCR04-726-PL43.ipt at ROOT>Static Screen Launder.iam
2026-01-26 17:20:35 | COLLECT: PART N1SCR04-726-A18.ipt at ROOT>Static Screen Launder.iam
2026-01-26 17:20:35 | COLLECT: Found 96 unique files
2026-01-26 17:20:35 | COLLECT: Scanning for IDW drawing files...
2026-01-26 17:20:35 | COLLECT: DRAWING MGY-200-DRP-06-00.idw
2026-01-26 17:20:35 | COLLECT: DRAWING N1SCR04-726-PA.idw
2026-01-26 17:20:35 | COLLECT: DRAWING N1SCR04-726-PD.idw
2026-01-26 17:20:35 | COLLECT: DRAWING MGY-200-DRP-06-03.idw
2026-01-26 17:20:35 | COLLECT: Skipping OldVersions folder: C:\Users\Quintin\Documents\Spectiv\3. Working\22. DMS plant\21. SSCR04 - Primary Floats D&R Screen Station\726 Static Screen\Bottom\OldVersions
2026-01-26 17:20:35 | COLLECT: DRAWING MGY-200-DRP-06-05.idw
2026-01-26 17:20:35 | COLLECT: Skipping OldVersions folder: C:\Users\Quintin\Documents\Spectiv\3. Working\22. DMS plant\21. SSCR04 - Primary Floats D&R Screen Station\726 Static Screen\Launder\OldVersions
2026-01-26 17:20:35 | COLLECT: DRAWING IKW-DRP-10-02.idw
2026-01-26 17:20:35 | COLLECT: Skipping OldVersions folder: C:\Users\Quintin\Documents\Spectiv\3. Working\22. DMS plant\21. SSCR04 - Primary Floats D&R Screen Station\726 Static Screen\Middle Wihtout Bleed\OldVersions
2026-01-26 17:20:35 | COLLECT: DRAWING MGY-200-DRP-06-02.idw
2026-01-26 17:20:35 | COLLECT: Skipping OldVersions folder: C:\Users\Quintin\Documents\Spectiv\3. Working\22. DMS plant\21. SSCR04 - Primary Floats D&R Screen Station\726 Static Screen\Middle With Bleed\OldVersions
2026-01-26 17:20:35 | COLLECT: Skipping OldVersions folder: C:\Users\Quintin\Documents\Spectiv\3. Working\22. DMS plant\21. SSCR04 - Primary Floats D&R Screen Station\726 Static Screen\OldVersions
2026-01-26 17:20:35 | COLLECT: DRAWING MGY-200-DRP-06-04.idw
2026-01-26 17:20:35 | COLLECT: Skipping OldVersions folder: C:\Users\Quintin\Documents\Spectiv\3. Working\22. DMS plant\21. SSCR04 - Primary Floats D&R Screen Station\726 Static Screen\Screen Deck Frame\OldVersions
2026-01-26 17:20:35 | COLLECT: DRAWING MGY-200-DRP-06-06.idw
2026-01-26 17:20:35 | COLLECT: Skipping OldVersions folder: C:\Users\Quintin\Documents\Spectiv\3. Working\22. DMS plant\21. SSCR04 - Primary Floats D&R Screen Station\726 Static Screen\Support Beam-1\OldVersions
2026-01-26 17:20:35 | COLLECT: DRAWING MGY-200-DRP-06-01.idw
2026-01-26 17:20:35 | COLLECT: Skipping OldVersions folder: C:\Users\Quintin\Documents\Spectiv\3. Working\22. DMS plant\21. SSCR04 - Primary Floats D&R Screen Station\726 Static Screen\Top\OldVersions
2026-01-26 17:20:35 | ANALYZE: Found 106 unique files to process
2026-01-26 17:20:35 | STEP 3: Detecting common prefix from filenames
2026-01-26 17:20:35 | PREFIX DETECT: Analyzing 106 files for common prefix...
2026-01-26 17:20:35 | PREFIX DETECT: Collected 107 unique filenames
2026-01-26 17:20:35 | PREFIX DETECT: Prefix 'N1SCR04-' matches 92 of 107 files
2026-01-26 17:20:35 | STEP 4: Getting prefix information from user
2026-01-26 17:20:51 | PREFIX: Old prefix confirmed: N1SCR04-726-
2026-01-26 17:21:12 | PREFIX: New prefix: N1SCR05-726-
2026-01-26 17:21:18 | STEP 5: Getting destination folder from user
2026-01-26 17:21:21 | DESTINATION: C:\Users\Quintin\Documents\Spectiv\3. Working\22. DMS plant\21. SSCR04 - Primary Floats D&R Screen Station\N1SCR05-726 Static Screen
2026-01-26 17:21:21 | DEST LOG: Writing destination log to C:\Users\Quintin\Documents\Spectiv\3. Working\22. DMS plant\21. SSCR04 - Primary Floats D&R Screen Station\N1SCR05-726 Static Screen\PrefixCloner_20260126_172121.log
2026-01-26 17:21:21 | New assembly name will be: N1SCR04-726.iam
2026-01-26 17:21:21 | STEP 6: Copying assembly to destination
2026-01-26 17:21:21 | Closing source assembly for safe copy...
2026-01-26 17:21:22 | COPIED: Assembly N1SCR04-726.iam -> N1SCR04-726.iam
2026-01-26 17:21:22 | STEP 7: Copying parts and sub-assemblies with prefix replacement
2026-01-26 17:21:22 | FOLDER: Created Top
2026-01-26 17:21:22 | COPIED: Static Screen Top Wider.iam (no prefix match, kept original name)
2026-01-26 17:21:22 | COPIED: N1SCR04-726-PL1.ipt -> N1SCR05-726-PL1.ipt
2026-01-26 17:21:22 | COPIED: N1SCR04-726-PL2.ipt -> N1SCR05-726-PL2.ipt
2026-01-26 17:21:22 | COPIED: N1SCR04-726-PL3.ipt -> N1SCR05-726-PL3.ipt
2026-01-26 17:21:22 | COPIED: N1SCR04-726-PL4.ipt -> N1SCR05-726-PL4.ipt
2026-01-26 17:21:22 | COPIED: N1SCR04-726-PL5.ipt -> N1SCR05-726-PL5.ipt
2026-01-26 17:21:22 | COPIED: N1SCR04-726-PL6.ipt -> N1SCR05-726-PL6.ipt
2026-01-26 17:21:22 | COPIED: N1SCR04-726-PL7.ipt -> N1SCR05-726-PL7.ipt
2026-01-26 17:21:22 | COPIED: N1SCR04-726-PL8.ipt -> N1SCR05-726-PL8.ipt
2026-01-26 17:21:22 | COPIED: N1SCR04-726-PL9.ipt -> N1SCR05-726-PL9.ipt
2026-01-26 17:21:22 | COPIED: N1SCR04-726-PL10.ipt -> N1SCR05-726-PL10.ipt
2026-01-26 17:21:22 | COPIED: N1SCR04-726-A1.ipt -> N1SCR05-726-A1.ipt
2026-01-26 17:21:22 | COPIED: N1SCR04-726-A2.ipt -> N1SCR05-726-A2.ipt
2026-01-26 17:21:22 | COPIED: N1SCR04-726-A3.ipt -> N1SCR05-726-A3.ipt
2026-01-26 17:21:22 | COPIED: N1SCR04-726-A4.ipt -> N1SCR05-726-A4.ipt
2026-01-26 17:21:22 | COPIED: N1SCR04-726-PL11.ipt -> N1SCR05-726-PL11.ipt
2026-01-26 17:21:22 | COPIED: N1SCR04-726-FL1.ipt -> N1SCR05-726-FL1.ipt
2026-01-26 17:21:22 | COPIED: N1SCR04-726-FL2.ipt -> N1SCR05-726-FL2.ipt
2026-01-26 17:21:22 | COPIED: N1SCR04-726-FL3.ipt -> N1SCR05-726-FL3.ipt
2026-01-26 17:21:22 | COPIED: N1SCR04-726-FL4.ipt -> N1SCR05-726-FL4.ipt
2026-01-26 17:21:22 | COPIED: N1SCR04-726-FL5.ipt -> N1SCR05-726-FL5.ipt
2026-01-26 17:21:22 | COPIED: N1SCR04-726-FL6.ipt -> N1SCR05-726-FL6.ipt
2026-01-26 17:21:22 | COPIED: N1SCR04-726-FL7.ipt -> N1SCR05-726-FL7.ipt
2026-01-26 17:21:22 | COPIED: N1SCR04-726-PL12.ipt -> N1SCR05-726-PL12.ipt
2026-01-26 17:21:22 | COPIED: N1SCR04-726-FL8.ipt -> N1SCR05-726-FL8.ipt
2026-01-26 17:21:22 | COPIED: N1SCR04-726-FL9.ipt -> N1SCR05-726-FL9.ipt
2026-01-26 17:21:22 | FOLDER: Created Middle With Bleed
2026-01-26 17:21:22 | COPIED: N1SCR04-726-PL13.ipt -> N1SCR05-726-PL13.ipt
2026-01-26 17:21:22 | COPIED: N1SCR04-726-PL14.ipt -> N1SCR05-726-PL14.ipt
2026-01-26 17:21:22 | COPIED: N1SCR04-726-FL10.ipt -> N1SCR05-726-FL10.ipt
2026-01-26 17:21:22 | COPIED: N1SCR04-726-FL11.ipt -> N1SCR05-726-FL11.ipt
2026-01-26 17:21:22 | COPIED: Static Screen Middle Wider.iam (no prefix match, kept original name)
2026-01-26 17:21:22 | COPIED: N1SCR04-726-PL15.ipt -> N1SCR05-726-PL15.ipt
2026-01-26 17:21:22 | COPIED: N1SCR04-726-PL16.ipt -> N1SCR05-726-PL16.ipt
2026-01-26 17:21:22 | FOLDER: Created Middle Wihtout Bleed
2026-01-26 17:21:22 | COPIED: N1SCR04-726-PL17.ipt -> N1SCR05-726-PL17.ipt
2026-01-26 17:21:22 | COPIED: N1SCR04-726-PL18.ipt -> N1SCR05-726-PL18.ipt
2026-01-26 17:21:22 | COPIED: N1SCR04-726-PL19.ipt -> N1SCR05-726-PL19.ipt
2026-01-26 17:21:22 | COPIED: N1SCR04-726-PL20.ipt -> N1SCR05-726-PL20.ipt
2026-01-26 17:21:22 | COPIED: N1SCR04-726-A5.ipt -> N1SCR05-726-A5.ipt
2026-01-26 17:21:22 | COPIED: N1SCR04-726-A6.ipt -> N1SCR05-726-A6.ipt
2026-01-26 17:21:22 | COPIED: N1SCR04-726-A7.ipt -> N1SCR05-726-A7.ipt
2026-01-26 17:21:22 | COPIED: N1SCR04-726-PL21.ipt -> N1SCR05-726-PL21.ipt
2026-01-26 17:21:22 | COPIED: N1SCR04-726-PL22.ipt -> N1SCR05-726-PL22.ipt
2026-01-26 17:21:22 | COPIED: N1SCR04-726-PL23.ipt -> N1SCR05-726-PL23.ipt
2026-01-26 17:21:22 | COPIED: N1SCR04-726-A8.ipt -> N1SCR05-726-A8.ipt
2026-01-26 17:21:22 | COPIED: N1SCR04-726-A9.ipt -> N1SCR05-726-A9.ipt
2026-01-26 17:21:22 | COPIED: N1SCR04-726-A10.ipt -> N1SCR05-726-A10.ipt
2026-01-26 17:21:22 | COPIED: N1SCR04-726-A11.ipt -> N1SCR05-726-A11.ipt
2026-01-26 17:21:22 | COPIED: Part23 SS-MID W.ipt (no prefix match, kept original name)
2026-01-26 17:21:22 | COPIED: N1SCR04-726-PL24.ipt -> N1SCR05-726-PL24.ipt
2026-01-26 17:21:22 | COPIED: N1SCR04-726-PART1.ipt -> N1SCR05-726-PART1.ipt
2026-01-26 17:21:22 | FOLDER: Created Middle With Bleed\Middle\Design Accelerator
2026-01-26 17:21:22 | COPIED: Bolted Connection1.iam (no prefix match, kept original name)
2026-01-26 17:21:22 | COPIED: N1SCR04-726-PL25.ipt -> N1SCR05-726-PL25.ipt
2026-01-26 17:21:22 | COPIED: N1SCR04-726-PL26.ipt -> N1SCR05-726-PL26.ipt
2026-01-26 17:21:22 | COPIED: N1SCR04-726-PL27.ipt -> N1SCR05-726-PL27.ipt
2026-01-26 17:21:22 | COPIED: N1SCR04-726-PL28.ipt -> N1SCR05-726-PL28.ipt
2026-01-26 17:21:22 | COPIED: N1SCR04-726-PL29.ipt -> N1SCR05-726-PL29.ipt
2026-01-26 17:21:22 | COPIED: N1SCR04-726-P1.ipt -> N1SCR05-726-P1.ipt
2026-01-26 17:21:22 | COPIED: N1SCR04-726-FLG1.ipt -> N1SCR05-726-FLG1.ipt
2026-01-26 17:21:22 | COPIED: N1SCR04-726-FL12.ipt -> N1SCR05-726-FL12.ipt
2026-01-26 17:21:22 | COPIED: N1SCR04-726-FL13.ipt -> N1SCR05-726-FL13.ipt
2026-01-26 17:21:22 | COPIED: N1SCR04-726-FL14.ipt -> N1SCR05-726-FL14.ipt
2026-01-26 17:21:22 | COPIED: N1SCR04-726-FL15.ipt -> N1SCR05-726-FL15.ipt
2026-01-26 17:21:22 | COPIED: N1SCR04-726-FL16.ipt -> N1SCR05-726-FL16.ipt
2026-01-26 17:21:22 | COPIED: N1SCR04-726-FL17.ipt -> N1SCR05-726-FL17.ipt
2026-01-26 17:21:22 | COPIED: N1SCR04-726-PL30.ipt -> N1SCR05-726-PL30.ipt
2026-01-26 17:21:22 | COPIED: N1SCR04-726-PL31.ipt -> N1SCR05-726-PL31.ipt
2026-01-26 17:21:22 | COPIED: N1SCR04-726-FL18.ipt -> N1SCR05-726-FL18.ipt
2026-01-26 17:21:22 | COPIED: N1SCR04-726-FL19.ipt -> N1SCR05-726-FL19.ipt
2026-01-26 17:21:22 | COPIED: N1SCR04-726-PL32.ipt -> N1SCR05-726-PL32.ipt
2026-01-26 17:21:22 | FOLDER: Created Bottom
2026-01-26 17:21:22 | COPIED: Static Screen Bottom Wider.iam (no prefix match, kept original name)
2026-01-26 17:21:22 | COPIED: N1SCR04-726-PL33.ipt -> N1SCR05-726-PL33.ipt
2026-01-26 17:21:22 | COPIED: N1SCR04-726-PL34.ipt -> N1SCR05-726-PL34.ipt
2026-01-26 17:21:22 | COPIED: N1SCR04-726-PL35.ipt -> N1SCR05-726-PL35.ipt
2026-01-26 17:21:22 | COPIED: N1SCR04-726-PL36.ipt -> N1SCR05-726-PL36.ipt
2026-01-26 17:21:22 | COPIED: N1SCR04-726-PL37.ipt -> N1SCR05-726-PL37.ipt
2026-01-26 17:21:22 | COPIED: N1SCR04-726-PL38.ipt -> N1SCR05-726-PL38.ipt
2026-01-26 17:21:22 | COPIED: N1SCR04-726-A12.ipt -> N1SCR05-726-A12.ipt
2026-01-26 17:21:22 | COPIED: N1SCR04-726-A13.ipt -> N1SCR05-726-A13.ipt
2026-01-26 17:21:22 | COPIED: N1SCR04-726-FL20.ipt -> N1SCR05-726-FL20.ipt
2026-01-26 17:21:22 | COPIED: N1SCR04-726-FL21.ipt -> N1SCR05-726-FL21.ipt
2026-01-26 17:21:22 | COPIED: N1SCR04-726-FL22.ipt -> N1SCR05-726-FL22.ipt
2026-01-26 17:21:22 | COPIED: N1SCR04-726-FL23.ipt -> N1SCR05-726-FL23.ipt
2026-01-26 17:21:22 | COPIED: N1SCR04-726-FL24.ipt -> N1SCR05-726-FL24.ipt
2026-01-26 17:21:22 | COPIED: N1SCR04-726-PL39.ipt -> N1SCR05-726-PL39.ipt
2026-01-26 17:21:22 | FOLDER: Created Screen Deck Frame
2026-01-26 17:21:22 | COPIED: Screen Deck Frame Wider.iam (no prefix match, kept original name)
2026-01-26 17:21:22 | COPIED: N1SCR04-726-A14.ipt -> N1SCR05-726-A14.ipt
2026-01-26 17:21:22 | COPIED: N1SCR04-726-A15.ipt -> N1SCR05-726-A15.ipt
2026-01-26 17:21:22 | COPIED: N1SCR04-726-A16.ipt -> N1SCR05-726-A16.ipt
2026-01-26 17:21:22 | COPIED: N1SCR04-726-PL40.ipt -> N1SCR05-726-PL40.ipt
2026-01-26 17:21:22 | COPIED: N1SCR04-726-PL41.ipt -> N1SCR05-726-PL41.ipt
2026-01-26 17:21:22 | COPIED: N1SCR04-726-PART2.ipt -> N1SCR05-726-PART2.ipt
2026-01-26 17:21:22 | COPIED: N1SCR04-726-PL42.ipt -> N1SCR05-726-PL42.ipt
2026-01-26 17:21:22 | COPIED: N1SCR04-726-A17.ipt -> N1SCR05-726-A17.ipt
2026-01-26 17:21:22 | FOLDER: Created Launder
2026-01-26 17:21:22 | COPIED: Static Screen Launder.iam (no prefix match, kept original name)
2026-01-26 17:21:22 | COPIED: N1SCR04-726-PL43.ipt -> N1SCR05-726-PL43.ipt
2026-01-26 17:21:22 | COPIED: N1SCR04-726-A18.ipt -> N1SCR05-726-A18.ipt
2026-01-26 17:21:22 | COPIED: MGY-200-DRP-06-00.idw (no prefix match, kept original name)
2026-01-26 17:21:22 | COPIED: N1SCR04-726-PA.idw -> N1SCR05-726-PA.idw
2026-01-26 17:21:22 | COPIED: N1SCR04-726-PD.idw -> N1SCR05-726-PD.idw
2026-01-26 17:21:22 | COPIED: MGY-200-DRP-06-03.idw (no prefix match, kept original name)
2026-01-26 17:21:22 | COPIED: MGY-200-DRP-06-05.idw (no prefix match, kept original name)
2026-01-26 17:21:22 | COPIED: IKW-DRP-10-02.idw (no prefix match, kept original name)
2026-01-26 17:21:22 | COPIED: MGY-200-DRP-06-02.idw (no prefix match, kept original name)
2026-01-26 17:21:22 | COPIED: MGY-200-DRP-06-04.idw (no prefix match, kept original name)
2026-01-26 17:21:22 | FOLDER: Created Support Beam-1
2026-01-26 17:21:22 | COPIED: MGY-200-DRP-06-06.idw (no prefix match, kept original name)
2026-01-26 17:21:22 | COPIED: MGY-200-DRP-06-01.idw (no prefix match, kept original name)
2026-01-26 17:21:22 | STEP 8: Updating references in ALL copied assemblies
2026-01-26 17:21:22 | STEP 8a: Pre-loading all copied PARTS into memory...
2026-01-26 17:21:22 | PRELOAD: N1SCR05-726-PL1.ipt
2026-01-26 17:21:22 | PRELOAD: N1SCR05-726-PL2.ipt
2026-01-26 17:21:22 | PRELOAD: N1SCR05-726-PL3.ipt
2026-01-26 17:21:22 | PRELOAD: N1SCR05-726-PL4.ipt
2026-01-26 17:21:22 | PRELOAD: N1SCR05-726-PL5.ipt
2026-01-26 17:21:22 | PRELOAD: N1SCR05-726-PL6.ipt
2026-01-26 17:21:22 | PRELOAD: N1SCR05-726-PL7.ipt
2026-01-26 17:21:22 | PRELOAD: N1SCR05-726-PL8.ipt
2026-01-26 17:21:22 | PRELOAD: N1SCR05-726-PL9.ipt
2026-01-26 17:21:22 | PRELOAD: N1SCR05-726-PL10.ipt
2026-01-26 17:21:22 | PRELOAD: N1SCR05-726-A1.ipt
2026-01-26 17:21:22 | PRELOAD: N1SCR05-726-A2.ipt
2026-01-26 17:21:22 | PRELOAD: N1SCR05-726-A3.ipt
2026-01-26 17:21:22 | PRELOAD: N1SCR05-726-A4.ipt
2026-01-26 17:21:22 | PRELOAD: N1SCR05-726-PL11.ipt
2026-01-26 17:21:23 | PRELOAD: N1SCR05-726-FL1.ipt
2026-01-26 17:21:23 | PRELOAD: N1SCR05-726-FL2.ipt
2026-01-26 17:21:23 | PRELOAD: N1SCR05-726-FL3.ipt
2026-01-26 17:21:23 | PRELOAD: N1SCR05-726-FL4.ipt
2026-01-26 17:21:23 | PRELOAD: N1SCR05-726-FL5.ipt
2026-01-26 17:21:23 | PRELOAD: N1SCR05-726-FL6.ipt
2026-01-26 17:21:23 | PRELOAD: N1SCR05-726-FL7.ipt
2026-01-26 17:21:23 | PRELOAD: N1SCR05-726-PL12.ipt
2026-01-26 17:21:23 | PRELOAD: N1SCR05-726-FL8.ipt
2026-01-26 17:21:23 | PRELOAD: N1SCR05-726-FL9.ipt
2026-01-26 17:21:23 | PRELOAD: N1SCR05-726-PL13.ipt
2026-01-26 17:21:23 | PRELOAD: N1SCR05-726-PL14.ipt
2026-01-26 17:21:23 | PRELOAD: N1SCR05-726-FL10.ipt
2026-01-26 17:21:23 | PRELOAD: N1SCR05-726-FL11.ipt
2026-01-26 17:21:23 | PRELOAD: N1SCR05-726-PL15.ipt
2026-01-26 17:21:23 | PRELOAD: N1SCR05-726-PL16.ipt
2026-01-26 17:21:23 | PRELOAD: N1SCR05-726-PL17.ipt
2026-01-26 17:21:23 | PRELOAD: N1SCR05-726-PL18.ipt
2026-01-26 17:21:23 | PRELOAD: N1SCR05-726-PL19.ipt
2026-01-26 17:21:23 | PRELOAD: N1SCR05-726-PL20.ipt
2026-01-26 17:21:23 | PRELOAD: N1SCR05-726-A5.ipt
2026-01-26 17:21:23 | PRELOAD: N1SCR05-726-A6.ipt
2026-01-26 17:21:23 | PRELOAD: N1SCR05-726-A7.ipt
2026-01-26 17:21:23 | PRELOAD: N1SCR05-726-PL21.ipt
2026-01-26 17:21:23 | PRELOAD: N1SCR05-726-PL22.ipt
2026-01-26 17:21:23 | PRELOAD: N1SCR05-726-PL23.ipt
2026-01-26 17:21:23 | PRELOAD: N1SCR05-726-A8.ipt
2026-01-26 17:21:23 | PRELOAD: N1SCR05-726-A9.ipt
2026-01-26 17:21:24 | PRELOAD: N1SCR05-726-A10.ipt
2026-01-26 17:21:24 | PRELOAD: N1SCR05-726-A11.ipt
2026-01-26 17:21:24 | PRELOAD: Part23 SS-MID W.ipt
2026-01-26 17:21:24 | PRELOAD: N1SCR05-726-PL24.ipt
2026-01-26 17:21:24 | PRELOAD: N1SCR05-726-PART1.ipt
2026-01-26 17:21:24 | PRELOAD: N1SCR05-726-PL25.ipt
2026-01-26 17:21:24 | PRELOAD: N1SCR05-726-PL26.ipt
2026-01-26 17:21:24 | PRELOAD: N1SCR05-726-PL27.ipt
2026-01-26 17:21:24 | PRELOAD: N1SCR05-726-PL28.ipt
2026-01-26 17:21:24 | PRELOAD: N1SCR05-726-PL29.ipt
2026-01-26 17:21:24 | PRELOAD: N1SCR05-726-P1.ipt
2026-01-26 17:21:24 | PRELOAD: N1SCR05-726-FLG1.ipt
2026-01-26 17:21:24 | PRELOAD: N1SCR05-726-FL12.ipt
2026-01-26 17:21:24 | PRELOAD: N1SCR05-726-FL13.ipt
2026-01-26 17:21:24 | PRELOAD: N1SCR05-726-FL14.ipt
2026-01-26 17:21:24 | PRELOAD: N1SCR05-726-FL15.ipt
2026-01-26 17:21:24 | PRELOAD: N1SCR05-726-FL16.ipt
2026-01-26 17:21:24 | PRELOAD: N1SCR05-726-FL17.ipt
2026-01-26 17:21:24 | PRELOAD: N1SCR05-726-PL30.ipt
2026-01-26 17:21:24 | PRELOAD: N1SCR05-726-PL31.ipt
2026-01-26 17:21:24 | PRELOAD: N1SCR05-726-FL18.ipt
2026-01-26 17:21:24 | PRELOAD: N1SCR05-726-FL19.ipt
2026-01-26 17:21:24 | PRELOAD: N1SCR05-726-PL32.ipt
2026-01-26 17:21:24 | PRELOAD: N1SCR05-726-PL33.ipt
2026-01-26 17:21:24 | PRELOAD: N1SCR05-726-PL34.ipt
2026-01-26 17:21:24 | PRELOAD: N1SCR05-726-PL35.ipt
2026-01-26 17:21:24 | PRELOAD: N1SCR05-726-PL36.ipt
2026-01-26 17:21:24 | PRELOAD: N1SCR05-726-PL37.ipt
2026-01-26 17:21:24 | PRELOAD: N1SCR05-726-PL38.ipt
2026-01-26 17:21:24 | PRELOAD: N1SCR05-726-A12.ipt
2026-01-26 17:21:24 | PRELOAD: N1SCR05-726-A13.ipt
2026-01-26 17:21:24 | PRELOAD: N1SCR05-726-FL20.ipt
2026-01-26 17:21:24 | PRELOAD: N1SCR05-726-FL21.ipt
2026-01-26 17:21:25 | PRELOAD: N1SCR05-726-FL22.ipt
2026-01-26 17:21:25 | PRELOAD: N1SCR05-726-FL23.ipt
2026-01-26 17:21:25 | PRELOAD: N1SCR05-726-FL24.ipt
2026-01-26 17:21:25 | PRELOAD: N1SCR05-726-PL39.ipt
2026-01-26 17:21:25 | PRELOAD: N1SCR05-726-A14.ipt
2026-01-26 17:21:25 | PRELOAD: N1SCR05-726-A15.ipt
2026-01-26 17:21:25 | PRELOAD: N1SCR05-726-A16.ipt
2026-01-26 17:21:25 | PRELOAD: N1SCR05-726-PL40.ipt
2026-01-26 17:21:25 | PRELOAD: N1SCR05-726-PL41.ipt
2026-01-26 17:21:25 | PRELOAD: N1SCR05-726-PART2.ipt
2026-01-26 17:21:25 | PRELOAD: N1SCR05-726-PL42.ipt
2026-01-26 17:21:25 | PRELOAD: N1SCR05-726-A17.ipt
2026-01-26 17:21:25 | PRELOAD: N1SCR05-726-PL43.ipt
2026-01-26 17:21:25 | PRELOAD: N1SCR05-726-A18.ipt
2026-01-26 17:21:25 | STEP 8b: Pre-loading all copied SUB-ASSEMBLIES...
2026-01-26 17:21:25 | PRELOAD: Static Screen Top Wider.iam
2026-01-26 17:21:25 | PRELOAD: Static Screen Middle Wider.iam
2026-01-26 17:21:25 | PRELOAD: Bolted Connection1.iam
2026-01-26 17:21:25 | PRELOAD: Static Screen Bottom Wider.iam
2026-01-26 17:21:25 | PRELOAD: Screen Deck Frame Wider.iam
2026-01-26 17:21:25 | PRELOAD: Static Screen Launder.iam
2026-01-26 17:21:25 | STEP 8c: Opening main assembly with all components in memory...
2026-01-26 17:21:25 | STEP 8c: Main assembly opened successfully
2026-01-26 17:21:25 | STEP 8d: Updating file references in all assemblies...
2026-01-26 17:21:25 | STEP 8d: Found 7 assemblies to update
2026-01-26 17:21:25 | STEP 8d: [1/7] Updating references in N1SCR04-726.iam
2026-01-26 17:21:27 | IN-MEMORY UPDATE: Found N1SCR04-726.iam in memory
2026-01-26 17:21:27 | IN-MEMORY UPDATE: Built lookup with 107 filenames
2026-01-26 17:21:27 | IN-MEMORY UPDATE: Found 5 references
2026-01-26 17:21:27 | IN-MEMORY UPDATE: REPLACING static screen bottom wider.iam -> Static Screen Bottom Wider.iam
2026-01-26 17:21:27 | IN-MEMORY UPDATE: REPLACING static screen launder.iam -> Static Screen Launder.iam
2026-01-26 17:21:27 | IN-MEMORY UPDATE: REPLACING static screen middle wider.iam -> Static Screen Middle Wider.iam
2026-01-26 17:21:27 | IN-MEMORY UPDATE: REPLACING screen deck frame wider.iam -> Screen Deck Frame Wider.iam
2026-01-26 17:21:27 | IN-MEMORY UPDATE: REPLACING static screen top wider.iam -> Static Screen Top Wider.iam
2026-01-26 17:21:27 | IN-MEMORY UPDATE: Updated 5 references in N1SCR04-726.iam
2026-01-26 17:21:27 | STEP 8d: [2/7] Updating references in Static Screen Top Wider.iam
2026-01-26 17:21:27 | IN-MEMORY UPDATE: Found Static Screen Top Wider.iam in memory
2026-01-26 17:21:27 | IN-MEMORY UPDATE: Built lookup with 107 filenames
2026-01-26 17:21:27 | IN-MEMORY UPDATE: Found 29 references
2026-01-26 17:21:27 | IN-MEMORY UPDATE: Updated 0 references in Static Screen Top Wider.iam
2026-01-26 17:21:27 | STEP 8d: [3/7] Updating references in Static Screen Middle Wider.iam
2026-01-26 17:21:28 | IN-MEMORY UPDATE: Found Static Screen Middle Wider.iam in memory
2026-01-26 17:21:28 | IN-MEMORY UPDATE: Built lookup with 107 filenames
2026-01-26 17:21:28 | IN-MEMORY UPDATE: Found 39 references
2026-01-26 17:21:28 | IN-MEMORY UPDATE: Updated 0 references in Static Screen Middle Wider.iam
2026-01-26 17:21:28 | STEP 8d: [4/7] Updating references in Bolted Connection1.iam
2026-01-26 17:21:29 | IN-MEMORY UPDATE: Found Bolted Connection1.iam in memory
2026-01-26 17:21:29 | IN-MEMORY UPDATE: Built lookup with 107 filenames
2026-01-26 17:21:29 | IN-MEMORY UPDATE: Found 0 references
2026-01-26 17:21:29 | IN-MEMORY UPDATE: Updated 0 references in Bolted Connection1.iam
2026-01-26 17:21:29 | STEP 8d: [5/7] Updating references in Static Screen Bottom Wider.iam
2026-01-26 17:21:29 | IN-MEMORY UPDATE: Found Static Screen Bottom Wider.iam in memory
2026-01-26 17:21:29 | IN-MEMORY UPDATE: Built lookup with 107 filenames
2026-01-26 17:21:29 | IN-MEMORY UPDATE: Found 14 references
2026-01-26 17:21:29 | IN-MEMORY UPDATE: Updated 0 references in Static Screen Bottom Wider.iam
2026-01-26 17:21:29 | STEP 8d: [6/7] Updating references in Screen Deck Frame Wider.iam
2026-01-26 17:21:30 | IN-MEMORY UPDATE: Found Screen Deck Frame Wider.iam in memory
2026-01-26 17:21:30 | IN-MEMORY UPDATE: Built lookup with 107 filenames
2026-01-26 17:21:30 | IN-MEMORY UPDATE: Found 8 references
2026-01-26 17:21:30 | IN-MEMORY UPDATE: Updated 0 references in Screen Deck Frame Wider.iam
2026-01-26 17:21:30 | STEP 8d: [7/7] Updating references in Static Screen Launder.iam
2026-01-26 17:21:31 | IN-MEMORY UPDATE: Found Static Screen Launder.iam in memory
2026-01-26 17:21:31 | IN-MEMORY UPDATE: Built lookup with 107 filenames
2026-01-26 17:21:31 | IN-MEMORY UPDATE: Found 2 references
2026-01-26 17:21:31 | IN-MEMORY UPDATE: Updated 0 references in Static Screen Launder.iam
2026-01-26 17:21:31 | STEP 8d: Explicitly updating MAIN assembly: N1SCR04-726.iam
2026-01-26 17:21:32 | IN-MEMORY UPDATE: Found N1SCR04-726.iam in memory
2026-01-26 17:21:32 | IN-MEMORY UPDATE: Built lookup with 107 filenames
2026-01-26 17:21:32 | IN-MEMORY UPDATE: Found 5 references
2026-01-26 17:21:32 | IN-MEMORY UPDATE: Updated 0 references in N1SCR04-726.iam
2026-01-26 17:21:32 | STEP 8e: Saving all documents...
2026-01-26 17:21:32 | SAVED: Static Screen Wider.iam
2026-01-26 17:21:35 | SAVED: N1SCR04-726.iam
2026-01-26 17:21:36 | STEP 8: Complete
2026-01-26 17:21:36 | STEP 9: Updating IDW drawing references
2026-01-26 17:21:36 | IDW UPDATE: Could not create ApprenticeServer, falling back to Inventor
2026-01-26 17:21:36 | IDW UPDATE (Inventor): Starting IDW update for destFolder: C:\Users\Quintin\Documents\Spectiv\3. Working\22. DMS plant\21. SSCR04 - Primary Floats D&R Screen Station\N1SCR05-726 Static Screen
2026-01-26 17:21:37 | IDW UPDATE: Opened main assembly to load all parts
2026-01-26 17:21:37 | IDW UPDATE (Inventor): Processing MGY-200-DRP-06-00.idw
2026-01-26 17:21:42 | IDW UPDATE: Saved MGY-200-DRP-06-00.idw (0 updated)
2026-01-26 17:21:42 | IDW UPDATE (Inventor): Processing N1SCR05-726-PA.idw
2026-01-26 17:21:44 | IDW UPDATE: Saved N1SCR05-726-PA.idw (6 updated)
2026-01-26 17:21:44 | IDW UPDATE (Inventor): Processing N1SCR05-726-PD.idw
2026-01-26 17:21:48 | IDW UPDATE: Saved N1SCR05-726-PD.idw (95 updated)
2026-01-26 17:21:48 | STEP 10: Updating iProperties for copied documents
2026-01-26 17:21:48 | IPROP: Starting iProperties update for 107 copied files
2026-01-26 17:21:48 | IPROP: Part Number updated: Static Screen Wider -> N1SCR04-726
2026-01-26 17:21:49 | IPROP: Updated iProperties for N1SCR04-726.iam
2026-01-26 17:27:13 | IPROP: ERROR saving N1SCR04-726.iam: Object required
2026-01-26 17:27:13 | IPROP: Part Number updated: Static Screen Top Wider -> Static Screen Top Wider
2026-01-26 17:27:14 | IPROP: Updated iProperties for Static Screen Top Wider.iam
2026-01-26 17:27:14 | IPROP: ERROR saving Static Screen Top Wider.iam: Object required
2026-01-26 17:27:15 | IPROP: Part Number updated: N1SCR04-726-PL1 -> N1SCR05-726-PL1
2026-01-26 17:27:15 | IPROP: Updated iProperties for N1SCR05-726-PL1.ipt
2026-01-26 17:27:16 | IPROP: ERROR saving N1SCR05-726-PL1.ipt: Object required
2026-01-26 17:27:16 | IPROP: Part Number updated: N1SCR04-726-PL2 -> N1SCR05-726-PL2
2026-01-26 17:27:17 | IPROP: Updated iProperties for N1SCR05-726-PL2.ipt
2026-01-26 17:27:17 | IPROP: ERROR saving N1SCR05-726-PL2.ipt: Object required
2026-01-26 17:27:17 | IPROP: Part Number updated: N1SCR04-726-PL3 -> N1SCR05-726-PL3
2026-01-26 17:27:18 | IPROP: Updated iProperties for N1SCR05-726-PL3.ipt
2026-01-26 17:27:18 | IPROP: ERROR saving N1SCR05-726-PL3.ipt: Object required
2026-01-26 17:27:18 | IPROP: Part Number updated: N1SCR04-726-PL4 -> N1SCR05-726-PL4
2026-01-26 17:27:19 | IPROP: Updated iProperties for N1SCR05-726-PL4.ipt
2026-01-26 17:27:19 | IPROP: ERROR saving N1SCR05-726-PL4.ipt: Object required
2026-01-26 17:27:19 | IPROP: Part Number updated: N1SCR04-726-PL5 -> N1SCR05-726-PL5
2026-01-26 17:27:20 | IPROP: Updated iProperties for N1SCR05-726-PL5.ipt
2026-01-26 17:27:20 | IPROP: ERROR saving N1SCR05-726-PL5.ipt: Object required
2026-01-26 17:27:20 | IPROP: Part Number updated: N1SCR04-726-PL6 -> N1SCR05-726-PL6
2026-01-26 17:27:21 | IPROP: Updated iProperties for N1SCR05-726-PL6.ipt
2026-01-26 17:27:21 | IPROP: ERROR saving N1SCR05-726-PL6.ipt: Object required
2026-01-26 17:27:21 | IPROP: Part Number updated: N1SCR04-726-PL7 -> N1SCR05-726-PL7
2026-01-26 17:27:22 | IPROP: Updated iProperties for N1SCR05-726-PL7.ipt
2026-01-26 17:27:22 | IPROP: ERROR saving N1SCR05-726-PL7.ipt: Object required
2026-01-26 17:27:22 | IPROP: Part Number updated: N1SCR04-726-PL8 -> N1SCR05-726-PL8
2026-01-26 17:27:23 | IPROP: Updated iProperties for N1SCR05-726-PL8.ipt
2026-01-26 17:27:23 | IPROP: ERROR saving N1SCR05-726-PL8.ipt: Object required
2026-01-26 17:27:23 | IPROP: Part Number updated: N1SCR04-726-PL9 -> N1SCR05-726-PL9
2026-01-26 17:27:24 | IPROP: Updated iProperties for N1SCR05-726-PL9.ipt
2026-01-26 17:27:24 | IPROP: ERROR saving N1SCR05-726-PL9.ipt: Object required
2026-01-26 17:27:24 | IPROP: Part Number updated: N1SCR04-726-PL10 -> N1SCR05-726-PL10
2026-01-26 17:27:25 | IPROP: Updated iProperties for N1SCR05-726-PL10.ipt
2026-01-26 17:27:25 | IPROP: ERROR saving N1SCR05-726-PL10.ipt: Object required
2026-01-26 17:27:25 | IPROP: Part Number updated: N1SCR04-726-A1 -> N1SCR05-726-A1
2026-01-26 17:27:26 | IPROP: Updated iProperties for N1SCR05-726-A1.ipt
2026-01-26 17:27:26 | IPROP: ERROR saving N1SCR05-726-A1.ipt: Object required
2026-01-26 17:27:26 | IPROP: Part Number updated: N1SCR04-726-A2 -> N1SCR05-726-A2
2026-01-26 17:27:27 | IPROP: Updated iProperties for N1SCR05-726-A2.ipt
2026-01-26 17:27:27 | IPROP: ERROR saving N1SCR05-726-A2.ipt: Object required
2026-01-26 17:27:27 | IPROP: Part Number updated: N1SCR04-726-A3 -> N1SCR05-726-A3
2026-01-26 17:27:28 | IPROP: Updated iProperties for N1SCR05-726-A3.ipt
2026-01-26 17:27:28 | IPROP: ERROR saving N1SCR05-726-A3.ipt: Object required
2026-01-26 17:27:28 | IPROP: Part Number updated: N1SCR04-726-A4 -> N1SCR05-726-A4
2026-01-26 17:27:29 | IPROP: Updated iProperties for N1SCR05-726-A4.ipt
2026-01-26 17:27:29 | IPROP: ERROR saving N1SCR05-726-A4.ipt: Object required
2026-01-26 17:27:29 | IPROP: Part Number updated: N1SCR04-726-PL11 -> N1SCR05-726-PL11
2026-01-26 17:27:30 | IPROP: Updated iProperties for N1SCR05-726-PL11.ipt
2026-01-26 17:27:30 | IPROP: ERROR saving N1SCR05-726-PL11.ipt: Object required
2026-01-26 17:27:30 | IPROP: Part Number updated: N1SCR04-726-FL1 -> N1SCR05-726-FL1
2026-01-26 17:27:31 | IPROP: Updated iProperties for N1SCR05-726-FL1.ipt
2026-01-26 17:27:31 | IPROP: ERROR saving N1SCR05-726-FL1.ipt: Object required
2026-01-26 17:27:31 | IPROP: Part Number updated: N1SCR04-726-FL2 -> N1SCR05-726-FL2
2026-01-26 17:27:32 | IPROP: Updated iProperties for N1SCR05-726-FL2.ipt
2026-01-26 17:27:32 | IPROP: ERROR saving N1SCR05-726-FL2.ipt: Object required
2026-01-26 17:27:32 | IPROP: Part Number updated: N1SCR04-726-FL3 -> N1SCR05-726-FL3
2026-01-26 17:27:33 | IPROP: Updated iProperties for N1SCR05-726-FL3.ipt
2026-01-26 17:27:33 | IPROP: ERROR saving N1SCR05-726-FL3.ipt: Object required
2026-01-26 17:27:33 | IPROP: Part Number updated: N1SCR04-726-FL4 -> N1SCR05-726-FL4
2026-01-26 17:27:34 | IPROP: Updated iProperties for N1SCR05-726-FL4.ipt
2026-01-26 17:27:34 | IPROP: ERROR saving N1SCR05-726-FL4.ipt: Object required
2026-01-26 17:27:34 | IPROP: Part Number updated: N1SCR04-726-FL5 -> N1SCR05-726-FL5
2026-01-26 17:27:35 | IPROP: Updated iProperties for N1SCR05-726-FL5.ipt
2026-01-26 17:27:35 | IPROP: ERROR saving N1SCR05-726-FL5.ipt: Object required
2026-01-26 17:27:35 | IPROP: Part Number updated: N1SCR04-726-FL6 -> N1SCR05-726-FL6
2026-01-26 17:27:36 | IPROP: Updated iProperties for N1SCR05-726-FL6.ipt
2026-01-26 17:27:36 | IPROP: ERROR saving N1SCR05-726-FL6.ipt: Object required
2026-01-26 17:27:36 | IPROP: Part Number updated: N1SCR04-726-FL7 -> N1SCR05-726-FL7
2026-01-26 17:27:37 | IPROP: Updated iProperties for N1SCR05-726-FL7.ipt
2026-01-26 17:27:37 | IPROP: ERROR saving N1SCR05-726-FL7.ipt: Object required
2026-01-26 17:27:37 | IPROP: Part Number updated: N1SCR04-726-PL12 -> N1SCR05-726-PL12
2026-01-26 17:27:38 | IPROP: Updated iProperties for N1SCR05-726-PL12.ipt
2026-01-26 17:27:38 | IPROP: ERROR saving N1SCR05-726-PL12.ipt: Object required
2026-01-26 17:27:38 | IPROP: Part Number updated: N1SCR04-726-FL8 -> N1SCR05-726-FL8
2026-01-26 17:27:39 | IPROP: Updated iProperties for N1SCR05-726-FL8.ipt
2026-01-26 17:27:39 | IPROP: ERROR saving N1SCR05-726-FL8.ipt: Object required
2026-01-26 17:27:39 | IPROP: Part Number updated: N1SCR04-726-FL9 -> N1SCR05-726-FL9
2026-01-26 17:27:40 | IPROP: Updated iProperties for N1SCR05-726-FL9.ipt
2026-01-26 17:27:40 | IPROP: ERROR saving N1SCR05-726-FL9.ipt: Object required
2026-01-26 17:27:40 | IPROP: Part Number updated: N1SCR04-726-PL13 -> N1SCR05-726-PL13
2026-01-26 17:27:41 | IPROP: Updated iProperties for N1SCR05-726-PL13.ipt
2026-01-26 17:27:42 | IPROP: ERROR saving N1SCR05-726-PL13.ipt: Object required
2026-01-26 17:27:42 | IPROP: Part Number updated: N1SCR04-726-PL14 -> N1SCR05-726-PL14
2026-01-26 17:27:43 | IPROP: Updated iProperties for N1SCR05-726-PL14.ipt
2026-01-26 17:27:43 | IPROP: ERROR saving N1SCR05-726-PL14.ipt: Object required
2026-01-26 17:27:43 | IPROP: Part Number updated: N1SCR04-726-FL10 -> N1SCR05-726-FL10
2026-01-26 17:27:44 | IPROP: Updated iProperties for N1SCR05-726-FL10.ipt
2026-01-26 17:27:44 | IPROP: ERROR saving N1SCR05-726-FL10.ipt: Object required
2026-01-26 17:27:44 | IPROP: Part Number updated: N1SCR04-726-FL11 -> N1SCR05-726-FL11
2026-01-26 17:27:45 | IPROP: Updated iProperties for N1SCR05-726-FL11.ipt
2026-01-26 17:27:45 | IPROP: ERROR saving N1SCR05-726-FL11.ipt: Object required
2026-01-26 17:27:45 | IPROP: Part Number updated: Static Screen Middle Wider -> Static Screen Middle Wider
2026-01-26 17:27:46 | IPROP: Updated iProperties for Static Screen Middle Wider.iam
2026-01-26 17:27:46 | IPROP: ERROR saving Static Screen Middle Wider.iam: Object required
2026-01-26 17:27:47 | IPROP: Part Number updated: N1SCR04-726-PL15 -> N1SCR05-726-PL15
2026-01-26 17:27:47 | IPROP: Updated iProperties for N1SCR05-726-PL15.ipt
2026-01-26 17:27:48 | IPROP: ERROR saving N1SCR05-726-PL15.ipt: Object required
2026-01-26 17:27:48 | IPROP: Part Number updated: N1SCR04-726-PL16 -> N1SCR05-726-PL16
2026-01-26 17:27:49 | IPROP: Updated iProperties for N1SCR05-726-PL16.ipt
2026-01-26 17:27:49 | IPROP: ERROR saving N1SCR05-726-PL16.ipt: Object required
2026-01-26 17:27:49 | IPROP: Part Number updated: N1SCR04-726-PL17 -> N1SCR05-726-PL17
2026-01-26 17:27:50 | IPROP: Updated iProperties for N1SCR05-726-PL17.ipt
2026-01-26 17:27:50 | IPROP: ERROR saving N1SCR05-726-PL17.ipt: Object required
2026-01-26 17:27:50 | IPROP: Part Number updated: N1SCR04-726-PL18 -> N1SCR05-726-PL18
2026-01-26 17:27:51 | IPROP: Updated iProperties for N1SCR05-726-PL18.ipt
2026-01-26 17:27:51 | IPROP: ERROR saving N1SCR05-726-PL18.ipt: Object required
2026-01-26 17:27:51 | IPROP: Part Number updated: N1SCR04-726-PL19 -> N1SCR05-726-PL19
2026-01-26 17:27:52 | IPROP: Updated iProperties for N1SCR05-726-PL19.ipt
2026-01-26 17:27:52 | IPROP: ERROR saving N1SCR05-726-PL19.ipt: Object required
2026-01-26 17:27:52 | IPROP: Part Number updated: N1SCR04-726-PL20 -> N1SCR05-726-PL20
2026-01-26 17:27:53 | IPROP: Updated iProperties for N1SCR05-726-PL20.ipt
2026-01-26 17:27:53 | IPROP: ERROR saving N1SCR05-726-PL20.ipt: Object required
2026-01-26 17:27:54 | IPROP: Part Number updated: N1SCR04-726-A5 -> N1SCR05-726-A5
2026-01-26 17:27:55 | IPROP: Updated iProperties for N1SCR05-726-A5.ipt
2026-01-26 17:27:55 | IPROP: ERROR saving N1SCR05-726-A5.ipt: Object required
2026-01-26 17:27:55 | IPROP: Part Number updated: N1SCR04-726-A6 -> N1SCR05-726-A6
2026-01-26 17:27:56 | IPROP: Updated iProperties for N1SCR05-726-A6.ipt
2026-01-26 17:27:56 | IPROP: ERROR saving N1SCR05-726-A6.ipt: Object required
2026-01-26 17:27:56 | IPROP: Part Number updated: N1SCR04-726-A7 -> N1SCR05-726-A7
2026-01-26 17:27:57 | IPROP: Updated iProperties for N1SCR05-726-A7.ipt
2026-01-26 17:27:57 | IPROP: ERROR saving N1SCR05-726-A7.ipt: Object required
2026-01-26 17:27:57 | IPROP: Part Number updated: N1SCR04-726-PL21 -> N1SCR05-726-PL21
2026-01-26 17:27:58 | IPROP: Updated iProperties for N1SCR05-726-PL21.ipt
2026-01-26 17:27:58 | IPROP: ERROR saving N1SCR05-726-PL21.ipt: Object required
2026-01-26 17:27:58 | IPROP: Part Number updated: N1SCR04-726-PL22 -> N1SCR05-726-PL22
2026-01-26 17:27:59 | IPROP: Updated iProperties for N1SCR05-726-PL22.ipt
2026-01-26 17:27:59 | IPROP: ERROR saving N1SCR05-726-PL22.ipt: Object required
2026-01-26 17:28:00 | IPROP: Part Number updated: N1SCR04-726-PL23 -> N1SCR05-726-PL23
2026-01-26 17:28:00 | IPROP: Updated iProperties for N1SCR05-726-PL23.ipt
2026-01-26 17:28:01 | IPROP: ERROR saving N1SCR05-726-PL23.ipt: Object required
2026-01-26 17:28:01 | IPROP: Part Number updated: N1SCR04-726-A8 -> N1SCR05-726-A8
2026-01-26 17:28:02 | IPROP: Updated iProperties for N1SCR05-726-A8.ipt
2026-01-26 17:28:02 | IPROP: ERROR saving N1SCR05-726-A8.ipt: Object required
2026-01-26 17:28:02 | IPROP: Part Number updated: N1SCR04-726-A9 -> N1SCR05-726-A9
2026-01-26 17:28:03 | IPROP: Updated iProperties for N1SCR05-726-A9.ipt
2026-01-26 17:28:03 | IPROP: ERROR saving N1SCR05-726-A9.ipt: Object required
2026-01-26 17:28:03 | IPROP: Part Number updated: N1SCR04-726-A10 -> N1SCR05-726-A10
2026-01-26 17:28:04 | IPROP: Updated iProperties for N1SCR05-726-A10.ipt
2026-01-26 17:28:04 | IPROP: ERROR saving N1SCR05-726-A10.ipt: Object required
2026-01-26 17:28:04 | IPROP: Part Number updated: N1SCR04-726-A11 -> N1SCR05-726-A11
2026-01-26 17:28:05 | IPROP: Updated iProperties for N1SCR05-726-A11.ipt
2026-01-26 17:28:05 | IPROP: ERROR saving N1SCR05-726-A11.ipt: Object required
2026-01-26 17:28:05 | IPROP: Part Number updated: N1SCR04-726-PLX -> Part23 SS-MID W
2026-01-26 17:28:06 | IPROP: Updated iProperties for Part23 SS-MID W.ipt
2026-01-26 17:28:06 | IPROP: ERROR saving Part23 SS-MID W.ipt: Object required
2026-01-26 17:28:07 | IPROP: Part Number updated: N1SCR04-726-PL24 -> N1SCR05-726-PL24
2026-01-26 17:28:07 | IPROP: Updated iProperties for N1SCR05-726-PL24.ipt
2026-01-26 17:28:08 | IPROP: ERROR saving N1SCR05-726-PL24.ipt: Object required
2026-01-26 17:28:08 | IPROP: Part Number updated: N1SCR04-726-PART1 -> N1SCR05-726-PART1
2026-01-26 17:28:09 | IPROP: Updated iProperties for N1SCR05-726-PART1.ipt
2026-01-26 17:28:09 | IPROP: ERROR saving N1SCR05-726-PART1.ipt: Object required
2026-01-26 17:28:09 | IPROP: Part Number updated: BOLTED CONNECTION1 -> Bolted Connection1
2026-01-26 17:28:10 | IPROP: Updated iProperties for Bolted Connection1.iam
2026-01-26 17:28:10 | IPROP: ERROR saving Bolted Connection1.iam: Object required
2026-01-26 17:28:10 | IPROP: Part Number updated: N1SCR04-726-PL25 -> N1SCR05-726-PL25
2026-01-26 17:28:11 | IPROP: Updated iProperties for N1SCR05-726-PL25.ipt
2026-01-26 17:28:11 | IPROP: ERROR saving N1SCR05-726-PL25.ipt: Object required
2026-01-26 17:28:11 | IPROP: Part Number updated: N1SCR04-726-PL26 -> N1SCR05-726-PL26
2026-01-26 17:28:12 | IPROP: Updated iProperties for N1SCR05-726-PL26.ipt
2026-01-26 17:28:12 | IPROP: ERROR saving N1SCR05-726-PL26.ipt: Object required
2026-01-26 17:28:13 | IPROP: Part Number updated: N1SCR04-726-PL27 -> N1SCR05-726-PL27
2026-01-26 17:28:14 | IPROP: Updated iProperties for N1SCR05-726-PL27.ipt
2026-01-26 17:28:14 | IPROP: ERROR saving N1SCR05-726-PL27.ipt: Object required
2026-01-26 17:28:14 | IPROP: Part Number updated: N1SCR04-726-PL28 -> N1SCR05-726-PL28
2026-01-26 17:28:16 | IPROP: Updated iProperties for N1SCR05-726-PL28.ipt
2026-01-26 17:28:16 | IPROP: ERROR saving N1SCR05-726-PL28.ipt: Object required
2026-01-26 17:28:16 | IPROP: Part Number updated: N1SCR04-726-PL29 -> N1SCR05-726-PL29
2026-01-26 17:28:18 | IPROP: Updated iProperties for N1SCR05-726-PL29.ipt
2026-01-26 17:28:18 | IPROP: ERROR saving N1SCR05-726-PL29.ipt: Object required
2026-01-26 17:28:18 | IPROP: Part Number updated: N1SCR04-726-P1 -> N1SCR05-726-P1
2026-01-26 17:28:20 | IPROP: Updated iProperties for N1SCR05-726-P1.ipt
2026-01-26 17:28:20 | IPROP: ERROR saving N1SCR05-726-P1.ipt: Object required
2026-01-26 17:28:20 | IPROP: Part Number updated: N1SCR04-726-FLG1 -> N1SCR05-726-FLG1
2026-01-26 17:28:22 | IPROP: Updated iProperties for N1SCR05-726-FLG1.ipt
2026-01-26 17:28:22 | IPROP: ERROR saving N1SCR05-726-FLG1.ipt: Object required
2026-01-26 17:28:22 | IPROP: Part Number updated: N1SCR04-726-FL12 -> N1SCR05-726-FL12
2026-01-26 17:28:24 | IPROP: Updated iProperties for N1SCR05-726-FL12.ipt
2026-01-26 17:28:24 | IPROP: ERROR saving N1SCR05-726-FL12.ipt: Object required
2026-01-26 17:28:24 | IPROP: Part Number updated: N1SCR04-726-FL13 -> N1SCR05-726-FL13
2026-01-26 17:28:26 | IPROP: Updated iProperties for N1SCR05-726-FL13.ipt
2026-01-26 17:28:26 | IPROP: ERROR saving N1SCR05-726-FL13.ipt: Object required
2026-01-26 17:28:26 | IPROP: Part Number updated: N1SCR04-726-FL14 -> N1SCR05-726-FL14
2026-01-26 17:28:27 | IPROP: Updated iProperties for N1SCR05-726-FL14.ipt
2026-01-26 17:28:27 | IPROP: ERROR saving N1SCR05-726-FL14.ipt: Object required
2026-01-26 17:28:28 | IPROP: Part Number updated: N1SCR04-726-FL15 -> N1SCR05-726-FL15
2026-01-26 17:28:29 | IPROP: Updated iProperties for N1SCR05-726-FL15.ipt
2026-01-26 17:28:29 | IPROP: ERROR saving N1SCR05-726-FL15.ipt: Object required
2026-01-26 17:28:30 | IPROP: Part Number updated: N1SCR04-726-FL16 -> N1SCR05-726-FL16
2026-01-26 17:28:31 | IPROP: Updated iProperties for N1SCR05-726-FL16.ipt
2026-01-26 17:28:31 | IPROP: ERROR saving N1SCR05-726-FL16.ipt: Object required
2026-01-26 17:28:31 | IPROP: Part Number updated: N1SCR04-726-FL17 -> N1SCR05-726-FL17
2026-01-26 17:28:33 | IPROP: Updated iProperties for N1SCR05-726-FL17.ipt
2026-01-26 17:28:33 | IPROP: ERROR saving N1SCR05-726-FL17.ipt: Object required
2026-01-26 17:28:33 | IPROP: Part Number updated: N1SCR04-726-PL30 -> N1SCR05-726-PL30
2026-01-26 17:28:35 | IPROP: Updated iProperties for N1SCR05-726-PL30.ipt
2026-01-26 17:28:35 | IPROP: ERROR saving N1SCR05-726-PL30.ipt: Object required
2026-01-26 17:28:35 | IPROP: Part Number updated: N1SCR04-726-PL31 -> N1SCR05-726-PL31
2026-01-26 17:28:36 | IPROP: Updated iProperties for N1SCR05-726-PL31.ipt
2026-01-26 17:28:36 | IPROP: ERROR saving N1SCR05-726-PL31.ipt: Object required
2026-01-26 17:28:37 | IPROP: Part Number updated: N1SCR04-726-FL18 -> N1SCR05-726-FL18
2026-01-26 17:28:38 | IPROP: Updated iProperties for N1SCR05-726-FL18.ipt
2026-01-26 17:28:38 | IPROP: ERROR saving N1SCR05-726-FL18.ipt: Object required
2026-01-26 17:28:38 | IPROP: Part Number updated: N1SCR04-726-FL19 -> N1SCR05-726-FL19
2026-01-26 17:28:39 | IPROP: Updated iProperties for N1SCR05-726-FL19.ipt
2026-01-26 17:28:39 | IPROP: ERROR saving N1SCR05-726-FL19.ipt: Object required
2026-01-26 17:28:39 | IPROP: Part Number updated: N1SCR04-726-PL32 -> N1SCR05-726-PL32
2026-01-26 17:28:41 | IPROP: Updated iProperties for N1SCR05-726-PL32.ipt
2026-01-26 17:28:41 | IPROP: ERROR saving N1SCR05-726-PL32.ipt: Object required
2026-01-26 17:28:41 | IPROP: Part Number updated: Static Screen Bottom Wider -> Static Screen Bottom Wider
2026-01-26 17:28:42 | IPROP: Updated iProperties for Static Screen Bottom Wider.iam
2026-01-26 17:28:43 | IPROP: ERROR saving Static Screen Bottom Wider.iam: Object required
2026-01-26 17:28:43 | IPROP: Part Number updated: N1SCR04-726-PL33 -> N1SCR05-726-PL33
2026-01-26 17:28:44 | IPROP: Updated iProperties for N1SCR05-726-PL33.ipt
2026-01-26 17:28:44 | IPROP: ERROR saving N1SCR05-726-PL33.ipt: Object required
2026-01-26 17:28:44 | IPROP: Part Number updated: N1SCR04-726-PL34 -> N1SCR05-726-PL34
2026-01-26 17:28:46 | IPROP: Updated iProperties for N1SCR05-726-PL34.ipt
2026-01-26 17:28:46 | IPROP: ERROR saving N1SCR05-726-PL34.ipt: Object required
2026-01-26 17:28:46 | IPROP: Part Number updated: N1SCR04-726-PL35 -> N1SCR05-726-PL35
2026-01-26 17:28:48 | IPROP: Updated iProperties for N1SCR05-726-PL35.ipt
2026-01-26 17:28:48 | IPROP: ERROR saving N1SCR05-726-PL35.ipt: Object required
2026-01-26 17:28:48 | IPROP: Part Number updated: N1SCR04-726-PL36 -> N1SCR05-726-PL36
2026-01-26 17:28:49 | IPROP: Updated iProperties for N1SCR05-726-PL36.ipt
2026-01-26 17:28:50 | IPROP: ERROR saving N1SCR05-726-PL36.ipt: Object required
2026-01-26 17:28:50 | IPROP: Part Number updated: N1SCR04-726-PL37 -> N1SCR05-726-PL37
2026-01-26 17:28:51 | IPROP: Updated iProperties for N1SCR05-726-PL37.ipt
2026-01-26 17:28:51 | IPROP: ERROR saving N1SCR05-726-PL37.ipt: Object required
2026-01-26 17:28:51 | IPROP: Part Number updated: N1SCR04-726-PL38 -> N1SCR05-726-PL38
2026-01-26 17:28:53 | IPROP: Updated iProperties for N1SCR05-726-PL38.ipt
2026-01-26 17:28:53 | IPROP: ERROR saving N1SCR05-726-PL38.ipt: Object required
2026-01-26 17:28:53 | IPROP: Part Number updated: N1SCR04-726-A12 -> N1SCR05-726-A12
2026-01-26 17:28:54 | IPROP: Updated iProperties for N1SCR05-726-A12.ipt
2026-01-26 17:28:55 | IPROP: ERROR saving N1SCR05-726-A12.ipt: Object required
2026-01-26 17:28:55 | IPROP: Part Number updated: N1SCR04-726-A13 -> N1SCR05-726-A13
2026-01-26 17:28:56 | IPROP: Updated iProperties for N1SCR05-726-A13.ipt
2026-01-26 17:28:56 | IPROP: ERROR saving N1SCR05-726-A13.ipt: Object required
2026-01-26 17:28:56 | IPROP: Part Number updated: N1SCR04-726-FL20 -> N1SCR05-726-FL20
2026-01-26 17:28:57 | IPROP: Updated iProperties for N1SCR05-726-FL20.ipt
2026-01-26 17:28:57 | IPROP: ERROR saving N1SCR05-726-FL20.ipt: Object required
2026-01-26 17:28:58 | IPROP: Part Number updated: N1SCR04-726-FL21 -> N1SCR05-726-FL21
2026-01-26 17:28:59 | IPROP: Updated iProperties for N1SCR05-726-FL21.ipt
2026-01-26 17:28:59 | IPROP: ERROR saving N1SCR05-726-FL21.ipt: Object required
2026-01-26 17:28:59 | IPROP: Part Number updated: N1SCR04-726-FL22 -> N1SCR05-726-FL22
2026-01-26 17:29:01 | IPROP: Updated iProperties for N1SCR05-726-FL22.ipt
2026-01-26 17:29:01 | IPROP: ERROR saving N1SCR05-726-FL22.ipt: Object required
2026-01-26 17:29:01 | IPROP: Part Number updated: N1SCR04-726-FL23 -> N1SCR05-726-FL23
2026-01-26 17:29:02 | IPROP: Updated iProperties for N1SCR05-726-FL23.ipt
2026-01-26 17:29:02 | IPROP: ERROR saving N1SCR05-726-FL23.ipt: Object required
2026-01-26 17:29:03 | IPROP: Part Number updated: N1SCR04-726-FL24 -> N1SCR05-726-FL24
2026-01-26 17:29:04 | IPROP: Updated iProperties for N1SCR05-726-FL24.ipt
2026-01-26 17:29:04 | IPROP: ERROR saving N1SCR05-726-FL24.ipt: Object required
2026-01-26 17:29:04 | IPROP: Part Number updated: N1SCR04-726-PL39 -> N1SCR05-726-PL39
2026-01-26 17:29:06 | IPROP: Updated iProperties for N1SCR05-726-PL39.ipt
2026-01-26 17:29:06 | IPROP: ERROR saving N1SCR05-726-PL39.ipt: Object required
2026-01-26 17:29:06 | IPROP: Part Number updated: Screen Deck Frame Wider -> Screen Deck Frame Wider
2026-01-26 17:29:07 | IPROP: Updated iProperties for Screen Deck Frame Wider.iam
2026-01-26 17:29:08 | IPROP: ERROR saving Screen Deck Frame Wider.iam: Object required
2026-01-26 17:29:08 | IPROP: Part Number updated: N1SCR04-726-A14 -> N1SCR05-726-A14
2026-01-26 17:29:09 | IPROP: Updated iProperties for N1SCR05-726-A14.ipt
2026-01-26 17:29:09 | IPROP: ERROR saving N1SCR05-726-A14.ipt: Object required
2026-01-26 17:29:09 | IPROP: Part Number updated: N1SCR04-726-A15 -> N1SCR05-726-A15
2026-01-26 17:29:11 | IPROP: Updated iProperties for N1SCR05-726-A15.ipt
2026-01-26 17:29:11 | IPROP: ERROR saving N1SCR05-726-A15.ipt: Object required
2026-01-26 17:29:11 | IPROP: Part Number updated: N1SCR04-726-A16 -> N1SCR05-726-A16
2026-01-26 17:29:12 | IPROP: Updated iProperties for N1SCR05-726-A16.ipt
2026-01-26 17:29:13 | IPROP: ERROR saving N1SCR05-726-A16.ipt: Object required
2026-01-26 17:29:13 | IPROP: Part Number updated: N1SCR04-726-PL40 -> N1SCR05-726-PL40
2026-01-26 17:29:14 | IPROP: Updated iProperties for N1SCR05-726-PL40.ipt
2026-01-26 17:29:14 | IPROP: ERROR saving N1SCR05-726-PL40.ipt: Object required
2026-01-26 17:29:14 | IPROP: Part Number updated: N1SCR04-726-PL41 -> N1SCR05-726-PL41
2026-01-26 17:29:15 | IPROP: Updated iProperties for N1SCR05-726-PL41.ipt
2026-01-26 17:29:15 | IPROP: ERROR saving N1SCR05-726-PL41.ipt: Object required
2026-01-26 17:29:15 | IPROP: Part Number updated: N1SCR04-726-PART2 -> N1SCR05-726-PART2
2026-01-26 17:29:16 | IPROP: Updated iProperties for N1SCR05-726-PART2.ipt
2026-01-26 17:29:16 | IPROP: ERROR saving N1SCR05-726-PART2.ipt: Object required
2026-01-26 17:29:17 | IPROP: Part Number updated: N1SCR04-726-PL42 -> N1SCR05-726-PL42
2026-01-26 17:29:18 | IPROP: Updated iProperties for N1SCR05-726-PL42.ipt
2026-01-26 17:29:18 | IPROP: ERROR saving N1SCR05-726-PL42.ipt: Object required
2026-01-26 17:29:18 | IPROP: Part Number updated: N1SCR04-726-A17 -> N1SCR05-726-A17
2026-01-26 17:29:19 | IPROP: Updated iProperties for N1SCR05-726-A17.ipt
2026-01-26 17:29:19 | IPROP: ERROR saving N1SCR05-726-A17.ipt: Object required
2026-01-26 17:29:19 | IPROP: Part Number updated: STATIC SCREEN LAUNDER -> Static Screen Launder
2026-01-26 17:29:20 | IPROP: Updated iProperties for Static Screen Launder.iam
2026-01-26 17:29:23 | IPROP: ERROR saving Static Screen Launder.iam: Object required
2026-01-26 17:29:23 | IPROP: Part Number updated: N1SCR04-726-PL43 -> N1SCR05-726-PL43
2026-01-26 17:29:24 | IPROP: Updated iProperties for N1SCR05-726-PL43.ipt
2026-01-26 17:29:26 | IPROP: ERROR saving N1SCR05-726-PL43.ipt: Object required
2026-01-26 17:29:26 | IPROP: Part Number updated: N1SCR04-726-A18 -> N1SCR05-726-A18
2026-01-26 17:29:27 | IPROP: Updated iProperties for N1SCR05-726-A18.ipt
2026-01-26 17:29:27 | IPROP: ERROR saving N1SCR05-726-A18.ipt: Object required
2026-01-26 17:29:27 | IPROP: Completed - updated 97 documents
2026-01-26 17:29:27 | STEP 11: Writing STEP_1_MAPPING.txt
2026-01-26 17:29:27 | MAPPING: Written 107 mappings to C:\Users\Quintin\Documents\Spectiv\3. Working\22. DMS plant\21. SSCR04 - Primary Floats D&R Screen Station\N1SCR05-726 Static Screen\STEP_1_MAPPING.txt
2026-01-26 17:29:27 | STEP 12: Validation scan and destination logging
2026-01-26 17:29:27 | VALIDATE: Writing source and destination inventories...
2026-01-26 17:29:28 | VALIDATE: Source file count = 550
2026-01-26 17:29:28 | VALIDATE: Destination file count = 209
2026-01-26 17:29:28 | VALIDATE: Checking copied mappings...
2026-01-26 17:29:28 | MAP OK: N1SCR04-726.iam -> N1SCR04-726.iam
2026-01-26 17:29:28 | MAP OK: Static Screen Top Wider.iam -> Static Screen Top Wider.iam
2026-01-26 17:29:28 | MAP OK: N1SCR04-726-PL1.ipt -> N1SCR05-726-PL1.ipt
2026-01-26 17:29:28 | MAP OK: N1SCR04-726-PL2.ipt -> N1SCR05-726-PL2.ipt
2026-01-26 17:29:28 | MAP OK: N1SCR04-726-PL3.ipt -> N1SCR05-726-PL3.ipt
2026-01-26 17:29:28 | MAP OK: N1SCR04-726-PL4.ipt -> N1SCR05-726-PL4.ipt
2026-01-26 17:29:28 | MAP OK: N1SCR04-726-PL5.ipt -> N1SCR05-726-PL5.ipt
2026-01-26 17:29:28 | MAP OK: N1SCR04-726-PL6.ipt -> N1SCR05-726-PL6.ipt
2026-01-26 17:29:28 | MAP OK: N1SCR04-726-PL7.ipt -> N1SCR05-726-PL7.ipt
2026-01-26 17:29:28 | MAP OK: N1SCR04-726-PL8.ipt -> N1SCR05-726-PL8.ipt
2026-01-26 17:29:28 | MAP OK: N1SCR04-726-PL9.ipt -> N1SCR05-726-PL9.ipt
2026-01-26 17:29:28 | MAP OK: N1SCR04-726-PL10.ipt -> N1SCR05-726-PL10.ipt
2026-01-26 17:29:28 | MAP OK: N1SCR04-726-A1.ipt -> N1SCR05-726-A1.ipt
2026-01-26 17:29:28 | MAP OK: N1SCR04-726-A2.ipt -> N1SCR05-726-A2.ipt
2026-01-26 17:29:28 | MAP OK: N1SCR04-726-A3.ipt -> N1SCR05-726-A3.ipt
2026-01-26 17:29:28 | MAP OK: N1SCR04-726-A4.ipt -> N1SCR05-726-A4.ipt
2026-01-26 17:29:28 | MAP OK: N1SCR04-726-PL11.ipt -> N1SCR05-726-PL11.ipt
2026-01-26 17:29:28 | MAP OK: N1SCR04-726-FL1.ipt -> N1SCR05-726-FL1.ipt
2026-01-26 17:29:28 | MAP OK: N1SCR04-726-FL2.ipt -> N1SCR05-726-FL2.ipt
2026-01-26 17:29:28 | MAP OK: N1SCR04-726-FL3.ipt -> N1SCR05-726-FL3.ipt
2026-01-26 17:29:28 | MAP OK: N1SCR04-726-FL4.ipt -> N1SCR05-726-FL4.ipt
2026-01-26 17:29:28 | MAP OK: N1SCR04-726-FL5.ipt -> N1SCR05-726-FL5.ipt
2026-01-26 17:29:28 | MAP OK: N1SCR04-726-FL6.ipt -> N1SCR05-726-FL6.ipt
2026-01-26 17:29:28 | MAP OK: N1SCR04-726-FL7.ipt -> N1SCR05-726-FL7.ipt
2026-01-26 17:29:28 | MAP OK: N1SCR04-726-PL12.ipt -> N1SCR05-726-PL12.ipt
2026-01-26 17:29:28 | MAP OK: N1SCR04-726-FL8.ipt -> N1SCR05-726-FL8.ipt
2026-01-26 17:29:28 | MAP OK: N1SCR04-726-FL9.ipt -> N1SCR05-726-FL9.ipt
2026-01-26 17:29:28 | MAP OK: N1SCR04-726-PL13.ipt -> N1SCR05-726-PL13.ipt
2026-01-26 17:29:28 | MAP OK: N1SCR04-726-PL14.ipt -> N1SCR05-726-PL14.ipt
2026-01-26 17:29:28 | MAP OK: N1SCR04-726-FL10.ipt -> N1SCR05-726-FL10.ipt
2026-01-26 17:29:28 | MAP OK: N1SCR04-726-FL11.ipt -> N1SCR05-726-FL11.ipt
2026-01-26 17:29:28 | MAP OK: Static Screen Middle Wider.iam -> Static Screen Middle Wider.iam
2026-01-26 17:29:28 | MAP OK: N1SCR04-726-PL15.ipt -> N1SCR05-726-PL15.ipt
2026-01-26 17:29:28 | MAP OK: N1SCR04-726-PL16.ipt -> N1SCR05-726-PL16.ipt
2026-01-26 17:29:28 | MAP OK: N1SCR04-726-PL17.ipt -> N1SCR05-726-PL17.ipt
2026-01-26 17:29:28 | MAP OK: N1SCR04-726-PL18.ipt -> N1SCR05-726-PL18.ipt
2026-01-26 17:29:28 | MAP OK: N1SCR04-726-PL19.ipt -> N1SCR05-726-PL19.ipt
2026-01-26 17:29:28 | MAP OK: N1SCR04-726-PL20.ipt -> N1SCR05-726-PL20.ipt
2026-01-26 17:29:28 | MAP OK: N1SCR04-726-A5.ipt -> N1SCR05-726-A5.ipt
2026-01-26 17:29:28 | MAP OK: N1SCR04-726-A6.ipt -> N1SCR05-726-A6.ipt
2026-01-26 17:29:28 | MAP OK: N1SCR04-726-A7.ipt -> N1SCR05-726-A7.ipt
2026-01-26 17:29:28 | MAP OK: N1SCR04-726-PL21.ipt -> N1SCR05-726-PL21.ipt
2026-01-26 17:29:28 | MAP OK: N1SCR04-726-PL22.ipt -> N1SCR05-726-PL22.ipt
2026-01-26 17:29:28 | MAP OK: N1SCR04-726-PL23.ipt -> N1SCR05-726-PL23.ipt
2026-01-26 17:29:28 | MAP OK: N1SCR04-726-A8.ipt -> N1SCR05-726-A8.ipt
2026-01-26 17:29:28 | MAP OK: N1SCR04-726-A9.ipt -> N1SCR05-726-A9.ipt
2026-01-26 17:29:28 | MAP OK: N1SCR04-726-A10.ipt -> N1SCR05-726-A10.ipt
2026-01-26 17:29:28 | MAP OK: N1SCR04-726-A11.ipt -> N1SCR05-726-A11.ipt
2026-01-26 17:29:28 | MAP OK: Part23 SS-MID W.ipt -> Part23 SS-MID W.ipt
2026-01-26 17:29:28 | MAP OK: N1SCR04-726-PL24.ipt -> N1SCR05-726-PL24.ipt
2026-01-26 17:29:28 | MAP OK: N1SCR04-726-PART1.ipt -> N1SCR05-726-PART1.ipt
2026-01-26 17:29:28 | MAP OK: Bolted Connection1.iam -> Bolted Connection1.iam
2026-01-26 17:29:28 | MAP OK: N1SCR04-726-PL25.ipt -> N1SCR05-726-PL25.ipt
2026-01-26 17:29:28 | MAP OK: N1SCR04-726-PL26.ipt -> N1SCR05-726-PL26.ipt
2026-01-26 17:29:28 | MAP OK: N1SCR04-726-PL27.ipt -> N1SCR05-726-PL27.ipt
2026-01-26 17:29:28 | MAP OK: N1SCR04-726-PL28.ipt -> N1SCR05-726-PL28.ipt
2026-01-26 17:29:28 | MAP OK: N1SCR04-726-PL29.ipt -> N1SCR05-726-PL29.ipt
2026-01-26 17:29:28 | MAP OK: N1SCR04-726-P1.ipt -> N1SCR05-726-P1.ipt
2026-01-26 17:29:28 | MAP OK: N1SCR04-726-FLG1.ipt -> N1SCR05-726-FLG1.ipt
2026-01-26 17:29:28 | MAP OK: N1SCR04-726-FL12.ipt -> N1SCR05-726-FL12.ipt
2026-01-26 17:29:28 | MAP OK: N1SCR04-726-FL13.ipt -> N1SCR05-726-FL13.ipt
2026-01-26 17:29:28 | MAP OK: N1SCR04-726-FL14.ipt -> N1SCR05-726-FL14.ipt
2026-01-26 17:29:28 | MAP OK: N1SCR04-726-FL15.ipt -> N1SCR05-726-FL15.ipt
2026-01-26 17:29:28 | MAP OK: N1SCR04-726-FL16.ipt -> N1SCR05-726-FL16.ipt
2026-01-26 17:29:28 | MAP OK: N1SCR04-726-FL17.ipt -> N1SCR05-726-FL17.ipt
2026-01-26 17:29:28 | MAP OK: N1SCR04-726-PL30.ipt -> N1SCR05-726-PL30.ipt
2026-01-26 17:29:28 | MAP OK: N1SCR04-726-PL31.ipt -> N1SCR05-726-PL31.ipt
2026-01-26 17:29:28 | MAP OK: N1SCR04-726-FL18.ipt -> N1SCR05-726-FL18.ipt
2026-01-26 17:29:28 | MAP OK: N1SCR04-726-FL19.ipt -> N1SCR05-726-FL19.ipt
2026-01-26 17:29:28 | MAP OK: N1SCR04-726-PL32.ipt -> N1SCR05-726-PL32.ipt
2026-01-26 17:29:28 | MAP OK: Static Screen Bottom Wider.iam -> Static Screen Bottom Wider.iam
2026-01-26 17:29:28 | MAP OK: N1SCR04-726-PL33.ipt -> N1SCR05-726-PL33.ipt
2026-01-26 17:29:28 | MAP OK: N1SCR04-726-PL34.ipt -> N1SCR05-726-PL34.ipt
2026-01-26 17:29:28 | MAP OK: N1SCR04-726-PL35.ipt -> N1SCR05-726-PL35.ipt
2026-01-26 17:29:28 | MAP OK: N1SCR04-726-PL36.ipt -> N1SCR05-726-PL36.ipt
2026-01-26 17:29:28 | MAP OK: N1SCR04-726-PL37.ipt -> N1SCR05-726-PL37.ipt
2026-01-26 17:29:28 | MAP OK: N1SCR04-726-PL38.ipt -> N1SCR05-726-PL38.ipt
2026-01-26 17:29:28 | MAP OK: N1SCR04-726-A12.ipt -> N1SCR05-726-A12.ipt
2026-01-26 17:29:28 | MAP OK: N1SCR04-726-A13.ipt -> N1SCR05-726-A13.ipt
2026-01-26 17:29:28 | MAP OK: N1SCR04-726-FL20.ipt -> N1SCR05-726-FL20.ipt
2026-01-26 17:29:28 | MAP OK: N1SCR04-726-FL21.ipt -> N1SCR05-726-FL21.ipt
2026-01-26 17:29:28 | MAP OK: N1SCR04-726-FL22.ipt -> N1SCR05-726-FL22.ipt
2026-01-26 17:29:28 | MAP OK: N1SCR04-726-FL23.ipt -> N1SCR05-726-FL23.ipt
2026-01-26 17:29:28 | MAP OK: N1SCR04-726-FL24.ipt -> N1SCR05-726-FL24.ipt
2026-01-26 17:29:28 | MAP OK: N1SCR04-726-PL39.ipt -> N1SCR05-726-PL39.ipt
2026-01-26 17:29:28 | MAP OK: Screen Deck Frame Wider.iam -> Screen Deck Frame Wider.iam
2026-01-26 17:29:28 | MAP OK: N1SCR04-726-A14.ipt -> N1SCR05-726-A14.ipt
2026-01-26 17:29:28 | MAP OK: N1SCR04-726-A15.ipt -> N1SCR05-726-A15.ipt
2026-01-26 17:29:28 | MAP OK: N1SCR04-726-A16.ipt -> N1SCR05-726-A16.ipt
2026-01-26 17:29:28 | MAP OK: N1SCR04-726-PL40.ipt -> N1SCR05-726-PL40.ipt
2026-01-26 17:29:28 | MAP OK: N1SCR04-726-PL41.ipt -> N1SCR05-726-PL41.ipt
2026-01-26 17:29:28 | MAP OK: N1SCR04-726-PART2.ipt -> N1SCR05-726-PART2.ipt
2026-01-26 17:29:28 | MAP OK: N1SCR04-726-PL42.ipt -> N1SCR05-726-PL42.ipt
2026-01-26 17:29:28 | MAP OK: N1SCR04-726-A17.ipt -> N1SCR05-726-A17.ipt
2026-01-26 17:29:28 | MAP OK: Static Screen Launder.iam -> Static Screen Launder.iam
2026-01-26 17:29:28 | MAP OK: N1SCR04-726-PL43.ipt -> N1SCR05-726-PL43.ipt
2026-01-26 17:29:28 | MAP OK: N1SCR04-726-A18.ipt -> N1SCR05-726-A18.ipt
2026-01-26 17:29:28 | MAP OK: MGY-200-DRP-06-00.idw -> MGY-200-DRP-06-00.idw
2026-01-26 17:29:28 | MAP OK: N1SCR04-726-PA.idw -> N1SCR05-726-PA.idw
2026-01-26 17:29:28 | MAP OK: N1SCR04-726-PD.idw -> N1SCR05-726-PD.idw
2026-01-26 17:29:28 | MAP OK: MGY-200-DRP-06-03.idw -> MGY-200-DRP-06-03.idw
2026-01-26 17:29:28 | MAP OK: MGY-200-DRP-06-05.idw -> MGY-200-DRP-06-05.idw
2026-01-26 17:29:28 | MAP OK: IKW-DRP-10-02.idw -> IKW-DRP-10-02.idw
2026-01-26 17:29:28 | MAP OK: MGY-200-DRP-06-02.idw -> MGY-200-DRP-06-02.idw
2026-01-26 17:29:28 | MAP OK: MGY-200-DRP-06-04.idw -> MGY-200-DRP-06-04.idw
2026-01-26 17:29:28 | MAP OK: MGY-200-DRP-06-06.idw -> MGY-200-DRP-06-06.idw
2026-01-26 17:29:28 | MAP OK: MGY-200-DRP-06-01.idw -> MGY-200-DRP-06-01.idw
2026-01-26 17:29:28 | VALIDATE: Missing mapped files = 0
2026-01-26 17:29:28 | === PREFIX CLONER COMPLETED ===
