2026-02-05 05:35:16 | === STEP 2: IDW REFERENCE UPDATES - DESIGN ASSISTANT METHOD ===
2026-02-05 05:35:16 | NO AUTO-DETECTION - USER MUST SELECT MAPPING FILE
2026-02-05 05:35:16 | STEP 0: ASKING USER FOR MAPPING FILE (MANDATORY)
2026-02-05 05:35:17 | USER PROVIDED PATH: C:\Users\Quintin\Documents\Spectiv\3. Working\24. Primary - DMS\20. N1SCR03 - Deslime Screen Station\722 Underpan\STEP_1_MAPPING.txt
2026-02-05 05:35:17 | VERIFIED: Mapping file exists
2026-02-05 05:35:17 | PROJECT DIRECTORY: C:\Users\Quintin\Documents\Spectiv\3. Working\24. Primary - DMS\20. N1SCR03 - Deslime Screen Station\722 Underpan
2026-02-05 05:35:19 | SUCCESS: Connected to Inventor
2026-02-05 05:35:19 | LOADING MAPPING FILE: C:\Users\Quintin\Documents\Spectiv\3. Working\24. Primary - DMS\20. N1SCR03 - Deslime Screen Station\722 Underpan\STEP_1_MAPPING.txt
2026-02-05 05:35:19 | Loaded 58 mappings from file
2026-02-05 05:35:19 | LOADED: 58 mappings
2026-02-05 05:35:19 | FINDING IDW FILES - ONLY FROM MAPPING DIRECTORIES
2026-02-05 05:35:19 | WILL SEARCH 1 DIRECTORIES FROM MAPPING
2026-02-05 05:35:19 | SEARCHING: C:\Users\Quintin\Documents\Spectiv\3. Working\24. Primary - DMS\20. N1SCR03 - Deslime Screen Station\722 Underpan
2026-02-05 05:35:19 | FOUND IDW: MGY-200-DSL-02.idw
2026-02-05 05:35:19 | FOUND: 1 IDW files
2026-02-05 05:35:19 | UPDATING IDW REFERENCES
2026-02-05 05:35:19 | IDW: Processing 1 IDW files with Design Assistant method
2026-02-05 05:35:19 | IDW: Processing [1/1] MGY-200-DSL-02.idw
2026-02-05 05:35:19 | IDW: Opening MGY-200-DSL-02.idw
2026-02-05 05:35:19 | IDW: Enabled SilentOperation mode
2026-02-05 05:35:19 | IDW: Successfully opened IDW document
2026-02-05 05:35:19 | IDW: Using Design Assistant method - accessing ReferencedFileDescriptors
2026-02-05 05:35:19 | IDW: Found 59 referenced files
2026-02-05 05:35:19 | IDW: Found potential assembly: N1SCR04-722.iam
2026-02-05 05:35:19 | IDW: Successfully opened assembly: N1SCR04-722.iam
2026-02-05 05:35:19 | LIVE-REF: N1SCR04-722-PL1.ipt -> C:\Users\Quintin\Documents\Spectiv\3. Working\24. Primary - DMS\20. N1SCR03 - Deslime Screen Station\722 Underpan\N1SCR04-722-PL1.ipt
2026-02-05 05:35:19 | LIVE-REF: N1SCR04-722-PL1 [from iProperty] -> C:\Users\Quintin\Documents\Spectiv\3. Working\24. Primary - DMS\20. N1SCR03 - Deslime Screen Station\722 Underpan\N1SCR04-722-PL1.ipt
2026-02-05 05:35:19 | LIVE-REF: N1SCR04-722-PL2.ipt -> C:\Users\Quintin\Documents\Spectiv\3. Working\24. Primary - DMS\20. N1SCR03 - Deslime Screen Station\722 Underpan\N1SCR04-722-PL2.ipt
2026-02-05 05:35:19 | LIVE-REF: N1SCR04-722-PL2 [from iProperty] -> C:\Users\Quintin\Documents\Spectiv\3. Working\24. Primary - DMS\20. N1SCR03 - Deslime Screen Station\722 Underpan\N1SCR04-722-PL2.ipt
2026-02-05 05:35:19 | LIVE-REF: N1SCR04-722-PL3.ipt -> C:\Users\Quintin\Documents\Spectiv\3. Working\24. Primary - DMS\20. N1SCR03 - Deslime Screen Station\722 Underpan\N1SCR04-722-PL3.ipt
2026-02-05 05:35:19 | LIVE-REF: N1SCR04-722-PL3 [from iProperty] -> C:\Users\Quintin\Documents\Spectiv\3. Working\24. Primary - DMS\20. N1SCR03 - Deslime Screen Station\722 Underpan\N1SCR04-722-PL3.ipt
2026-02-05 05:35:19 | LIVE-REF: N1SCR04-722-PL4.ipt -> C:\Users\Quintin\Documents\Spectiv\3. Working\24. Primary - DMS\20. N1SCR03 - Deslime Screen Station\722 Underpan\N1SCR04-722-PL4.ipt
2026-02-05 05:35:19 | LIVE-REF: N1SCR04-722-PL4 [from iProperty] -> C:\Users\Quintin\Documents\Spectiv\3. Working\24. Primary - DMS\20. N1SCR03 - Deslime Screen Station\722 Underpan\N1SCR04-722-PL4.ipt
2026-02-05 05:35:19 | LIVE-REF: N1SCR04-722-PL5.ipt -> C:\Users\Quintin\Documents\Spectiv\3. Working\24. Primary - DMS\20. N1SCR03 - Deslime Screen Station\722 Underpan\N1SCR04-722-PL5.ipt
2026-02-05 05:35:19 | LIVE-REF: N1SCR04-722-PL5 [from iProperty] -> C:\Users\Quintin\Documents\Spectiv\3. Working\24. Primary - DMS\20. N1SCR03 - Deslime Screen Station\722 Underpan\N1SCR04-722-PL5.ipt
2026-02-05 05:35:19 | LIVE-REF: N1SCR04-722-PL6.ipt -> C:\Users\Quintin\Documents\Spectiv\3. Working\24. Primary - DMS\20. N1SCR03 - Deslime Screen Station\722 Underpan\N1SCR04-722-PL6.ipt
2026-02-05 05:35:19 | LIVE-REF: N1SCR04-722-PL6 [from iProperty] -> C:\Users\Quintin\Documents\Spectiv\3. Working\24. Primary - DMS\20. N1SCR03 - Deslime Screen Station\722 Underpan\N1SCR04-722-PL6.ipt
2026-02-05 05:35:19 | LIVE-REF: N1SCR04-722-PL7.ipt -> C:\Users\Quintin\Documents\Spectiv\3. Working\24. Primary - DMS\20. N1SCR03 - Deslime Screen Station\722 Underpan\N1SCR04-722-PL7.ipt
2026-02-05 05:35:19 | LIVE-REF: N1SCR04-722-PL7 [from iProperty] -> C:\Users\Quintin\Documents\Spectiv\3. Working\24. Primary - DMS\20. N1SCR03 - Deslime Screen Station\722 Underpan\N1SCR04-722-PL7.ipt
2026-02-05 05:35:19 | LIVE-REF: N1SCR04-722-PL8.ipt -> C:\Users\Quintin\Documents\Spectiv\3. Working\24. Primary - DMS\20. N1SCR03 - Deslime Screen Station\722 Underpan\N1SCR04-722-PL8.ipt
2026-02-05 05:35:19 | LIVE-REF: N1SCR04-722-PL8 [from iProperty] -> C:\Users\Quintin\Documents\Spectiv\3. Working\24. Primary - DMS\20. N1SCR03 - Deslime Screen Station\722 Underpan\N1SCR04-722-PL8.ipt
2026-02-05 05:35:19 | LIVE-REF: N1SCR04-722-PL9.ipt -> C:\Users\Quintin\Documents\Spectiv\3. Working\24. Primary - DMS\20. N1SCR03 - Deslime Screen Station\722 Underpan\N1SCR04-722-PL9.ipt
2026-02-05 05:35:19 | LIVE-REF: N1SCR04-722-PL9 [from iProperty] -> C:\Users\Quintin\Documents\Spectiv\3. Working\24. Primary - DMS\20. N1SCR03 - Deslime Screen Station\722 Underpan\N1SCR04-722-PL9.ipt
2026-02-05 05:35:19 | LIVE-REF: N1SCR04-722-A1.ipt -> C:\Users\Quintin\Documents\Spectiv\3. Working\24. Primary - DMS\20. N1SCR03 - Deslime Screen Station\722 Underpan\N1SCR04-722-A1.ipt
2026-02-05 05:35:19 | LIVE-REF: N1SCR04-722-A1 [from iProperty] -> C:\Users\Quintin\Documents\Spectiv\3. Working\24. Primary - DMS\20. N1SCR03 - Deslime Screen Station\722 Underpan\N1SCR04-722-A1.ipt
2026-02-05 05:35:19 | LIVE-REF: N1SCR04-722-A2.ipt -> C:\Users\Quintin\Documents\Spectiv\3. Working\24. Primary - DMS\20. N1SCR03 - Deslime Screen Station\722 Underpan\N1SCR04-722-A2.ipt
2026-02-05 05:35:19 | LIVE-REF: N1SCR04-722-A2 [from iProperty] -> C:\Users\Quintin\Documents\Spectiv\3. Working\24. Primary - DMS\20. N1SCR03 - Deslime Screen Station\722 Underpan\N1SCR04-722-A2.ipt
2026-02-05 05:35:19 | LIVE-REF: N1SCR04-722-A3.ipt -> C:\Users\Quintin\Documents\Spectiv\3. Working\24. Primary - DMS\20. N1SCR03 - Deslime Screen Station\722 Underpan\N1SCR04-722-A3.ipt
2026-02-05 05:35:19 | LIVE-REF: N1SCR04-722-A3 [from iProperty] -> C:\Users\Quintin\Documents\Spectiv\3. Working\24. Primary - DMS\20. N1SCR03 - Deslime Screen Station\722 Underpan\N1SCR04-722-A3.ipt
2026-02-05 05:35:19 | LIVE-REF: N1SCR04-722-A4.ipt -> C:\Users\Quintin\Documents\Spectiv\3. Working\24. Primary - DMS\20. N1SCR03 - Deslime Screen Station\722 Underpan\N1SCR04-722-A4.ipt
2026-02-05 05:35:19 | LIVE-REF: N1SCR04-722-A4 [from iProperty] -> C:\Users\Quintin\Documents\Spectiv\3. Working\24. Primary - DMS\20. N1SCR03 - Deslime Screen Station\722 Underpan\N1SCR04-722-A4.ipt
2026-02-05 05:35:19 | LIVE-REF: N1SCR04-722-A5.ipt -> C:\Users\Quintin\Documents\Spectiv\3. Working\24. Primary - DMS\20. N1SCR03 - Deslime Screen Station\722 Underpan\N1SCR04-722-A5.ipt
2026-02-05 05:35:19 | LIVE-REF: N1SCR04-722-A5 [from iProperty] -> C:\Users\Quintin\Documents\Spectiv\3. Working\24. Primary - DMS\20. N1SCR03 - Deslime Screen Station\722 Underpan\N1SCR04-722-A5.ipt
2026-02-05 05:35:19 | LIVE-REF: N1SCR04-722-A6.ipt -> C:\Users\Quintin\Documents\Spectiv\3. Working\24. Primary - DMS\20. N1SCR03 - Deslime Screen Station\722 Underpan\N1SCR04-722-A6.ipt
2026-02-05 05:35:19 | LIVE-REF: N1SCR04-722-A6 [from iProperty] -> C:\Users\Quintin\Documents\Spectiv\3. Working\24. Primary - DMS\20. N1SCR03 - Deslime Screen Station\722 Underpan\N1SCR04-722-A6.ipt
2026-02-05 05:35:19 | LIVE-REF: N1SCR04-722-A7.ipt -> C:\Users\Quintin\Documents\Spectiv\3. Working\24. Primary - DMS\20. N1SCR03 - Deslime Screen Station\722 Underpan\N1SCR04-722-A7.ipt
2026-02-05 05:35:19 | LIVE-REF: N1SCR04-722-A7 [from iProperty] -> C:\Users\Quintin\Documents\Spectiv\3. Working\24. Primary - DMS\20. N1SCR03 - Deslime Screen Station\722 Underpan\N1SCR04-722-A7.ipt
2026-02-05 05:35:20 | LIVE-REF: N1SCR04-722-A8.ipt -> C:\Users\Quintin\Documents\Spectiv\3. Working\24. Primary - DMS\20. N1SCR03 - Deslime Screen Station\722 Underpan\N1SCR04-722-A8.ipt
2026-02-05 05:35:20 | LIVE-REF: N1SCR04-722-A8 [from iProperty] -> C:\Users\Quintin\Documents\Spectiv\3. Working\24. Primary - DMS\20. N1SCR03 - Deslime Screen Station\722 Underpan\N1SCR04-722-A8.ipt
2026-02-05 05:35:20 | LIVE-REF: N1SCR04-722-A9.ipt -> C:\Users\Quintin\Documents\Spectiv\3. Working\24. Primary - DMS\20. N1SCR03 - Deslime Screen Station\722 Underpan\N1SCR04-722-A9.ipt
2026-02-05 05:35:20 | LIVE-REF: N1SCR04-722-A9 [from iProperty] -> C:\Users\Quintin\Documents\Spectiv\3. Working\24. Primary - DMS\20. N1SCR03 - Deslime Screen Station\722 Underpan\N1SCR04-722-A9.ipt
2026-02-05 05:35:20 | LIVE-REF: N1SCR04-722-A10.ipt -> C:\Users\Quintin\Documents\Spectiv\3. Working\24. Primary - DMS\20. N1SCR03 - Deslime Screen Station\722 Underpan\N1SCR04-722-A10.ipt
2026-02-05 05:35:20 | LIVE-REF: N1SCR04-722-A10 [from iProperty] -> C:\Users\Quintin\Documents\Spectiv\3. Working\24. Primary - DMS\20. N1SCR03 - Deslime Screen Station\722 Underpan\N1SCR04-722-A10.ipt
2026-02-05 05:35:20 | LIVE-REF: N1SCR04-722-A11.ipt -> C:\Users\Quintin\Documents\Spectiv\3. Working\24. Primary - DMS\20. N1SCR03 - Deslime Screen Station\722 Underpan\N1SCR04-722-A11.ipt
2026-02-05 05:35:20 | LIVE-REF: N1SCR04-722-A11 [from iProperty] -> C:\Users\Quintin\Documents\Spectiv\3. Working\24. Primary - DMS\20. N1SCR03 - Deslime Screen Station\722 Underpan\N1SCR04-722-A11.ipt
2026-02-05 05:35:20 | LIVE-REF: N1SCR04-722-A12.ipt -> C:\Users\Quintin\Documents\Spectiv\3. Working\24. Primary - DMS\20. N1SCR03 - Deslime Screen Station\722 Underpan\N1SCR04-722-A12.ipt
2026-02-05 05:35:20 | LIVE-REF: N1SCR04-722-A12 [from iProperty] -> C:\Users\Quintin\Documents\Spectiv\3. Working\24. Primary - DMS\20. N1SCR03 - Deslime Screen Station\722 Underpan\N1SCR04-722-A12.ipt
2026-02-05 05:35:20 | LIVE-REF: N1SCR04-722-A13.ipt -> C:\Users\Quintin\Documents\Spectiv\3. Working\24. Primary - DMS\20. N1SCR03 - Deslime Screen Station\722 Underpan\N1SCR04-722-A13.ipt
2026-02-05 05:35:20 | LIVE-REF: N1SCR04-722-A13 [from iProperty] -> C:\Users\Quintin\Documents\Spectiv\3. Working\24. Primary - DMS\20. N1SCR03 - Deslime Screen Station\722 Underpan\N1SCR04-722-A13.ipt
2026-02-05 05:35:20 | LIVE-REF: N1SCR04-722-PL10.ipt -> C:\Users\Quintin\Documents\Spectiv\3. Working\24. Primary - DMS\20. N1SCR03 - Deslime Screen Station\722 Underpan\N1SCR04-722-PL10.ipt
2026-02-05 05:35:20 | LIVE-REF: N1SCR04-722-PL10 [from iProperty] -> C:\Users\Quintin\Documents\Spectiv\3. Working\24. Primary - DMS\20. N1SCR03 - Deslime Screen Station\722 Underpan\N1SCR04-722-PL10.ipt
2026-02-05 05:35:20 | LIVE-REF: N1SCR04-722-PL11.ipt -> C:\Users\Quintin\Documents\Spectiv\3. Working\24. Primary - DMS\20. N1SCR03 - Deslime Screen Station\722 Underpan\N1SCR04-722-PL11.ipt
2026-02-05 05:35:20 | LIVE-REF: N1SCR04-722-PL11 [from iProperty] -> C:\Users\Quintin\Documents\Spectiv\3. Working\24. Primary - DMS\20. N1SCR03 - Deslime Screen Station\722 Underpan\N1SCR04-722-PL11.ipt
2026-02-05 05:35:20 | LIVE-REF: N1SCR04-722-PL12.ipt -> C:\Users\Quintin\Documents\Spectiv\3. Working\24. Primary - DMS\20. N1SCR03 - Deslime Screen Station\722 Underpan\N1SCR04-722-PL12.ipt
2026-02-05 05:35:20 | LIVE-REF: N1SCR04-722-PL12 [from iProperty] -> C:\Users\Quintin\Documents\Spectiv\3. Working\24. Primary - DMS\20. N1SCR03 - Deslime Screen Station\722 Underpan\N1SCR04-722-PL12.ipt
2026-02-05 05:35:20 | LIVE-REF: N1SCR04-722-PL13.ipt -> C:\Users\Quintin\Documents\Spectiv\3. Working\24. Primary - DMS\20. N1SCR03 - Deslime Screen Station\722 Underpan\N1SCR04-722-PL13.ipt
2026-02-05 05:35:20 | LIVE-REF: N1SCR04-722-PL13 [from iProperty] -> C:\Users\Quintin\Documents\Spectiv\3. Working\24. Primary - DMS\20. N1SCR03 - Deslime Screen Station\722 Underpan\N1SCR04-722-PL13.ipt
2026-02-05 05:35:20 | LIVE-REF: N1SCR04-722-PL14.ipt -> C:\Users\Quintin\Documents\Spectiv\3. Working\24. Primary - DMS\20. N1SCR03 - Deslime Screen Station\722 Underpan\N1SCR04-722-PL14.ipt
2026-02-05 05:35:20 | LIVE-REF: N1SCR04-722-PL14 [from iProperty] -> C:\Users\Quintin\Documents\Spectiv\3. Working\24. Primary - DMS\20. N1SCR03 - Deslime Screen Station\722 Underpan\N1SCR04-722-PL14.ipt
2026-02-05 05:35:20 | LIVE-REF: N1SCR04-722-PL15.ipt -> C:\Users\Quintin\Documents\Spectiv\3. Working\24. Primary - DMS\20. N1SCR03 - Deslime Screen Station\722 Underpan\N1SCR04-722-PL15.ipt
2026-02-05 05:35:20 | LIVE-REF: N1SCR04-722-PL15 [from iProperty] -> C:\Users\Quintin\Documents\Spectiv\3. Working\24. Primary - DMS\20. N1SCR03 - Deslime Screen Station\722 Underpan\N1SCR04-722-PL15.ipt
2026-02-05 05:35:20 | LIVE-REF: N1SCR04-722-PL16.ipt -> C:\Users\Quintin\Documents\Spectiv\3. Working\24. Primary - DMS\20. N1SCR03 - Deslime Screen Station\722 Underpan\N1SCR04-722-PL16.ipt
2026-02-05 05:35:20 | LIVE-REF: N1SCR04-722-PL16 [from iProperty] -> C:\Users\Quintin\Documents\Spectiv\3. Working\24. Primary - DMS\20. N1SCR03 - Deslime Screen Station\722 Underpan\N1SCR04-722-PL16.ipt
2026-02-05 05:35:20 | LIVE-REF: N1SCR04-722-FL1.ipt -> C:\Users\Quintin\Documents\Spectiv\3. Working\24. Primary - DMS\20. N1SCR03 - Deslime Screen Station\722 Underpan\N1SCR04-722-FL1.ipt
2026-02-05 05:35:20 | LIVE-REF: N1SCR04-722-FL1 [from iProperty] -> C:\Users\Quintin\Documents\Spectiv\3. Working\24. Primary - DMS\20. N1SCR03 - Deslime Screen Station\722 Underpan\N1SCR04-722-FL1.ipt
2026-02-05 05:35:20 | LIVE-REF: N1SCR04-722-FL2.ipt -> C:\Users\Quintin\Documents\Spectiv\3. Working\24. Primary - DMS\20. N1SCR03 - Deslime Screen Station\722 Underpan\N1SCR04-722-FL2.ipt
2026-02-05 05:35:20 | LIVE-REF: N1SCR04-722-FL2 [from iProperty] -> C:\Users\Quintin\Documents\Spectiv\3. Working\24. Primary - DMS\20. N1SCR03 - Deslime Screen Station\722 Underpan\N1SCR04-722-FL2.ipt
2026-02-05 05:35:20 | LIVE-REF: N1SCR04-722-FL3.ipt -> C:\Users\Quintin\Documents\Spectiv\3. Working\24. Primary - DMS\20. N1SCR03 - Deslime Screen Station\722 Underpan\N1SCR04-722-FL3.ipt
2026-02-05 05:35:20 | LIVE-REF: N1SCR04-722-FL3 [from iProperty] -> C:\Users\Quintin\Documents\Spectiv\3. Working\24. Primary - DMS\20. N1SCR03 - Deslime Screen Station\722 Underpan\N1SCR04-722-FL3.ipt
2026-02-05 05:35:20 | LIVE-REF: N1SCR04-722-FL4.ipt -> C:\Users\Quintin\Documents\Spectiv\3. Working\24. Primary - DMS\20. N1SCR03 - Deslime Screen Station\722 Underpan\N1SCR04-722-FL4.ipt
2026-02-05 05:35:20 | LIVE-REF: N1SCR04-722-FL4 [from iProperty] -> C:\Users\Quintin\Documents\Spectiv\3. Working\24. Primary - DMS\20. N1SCR03 - Deslime Screen Station\722 Underpan\N1SCR04-722-FL4.ipt
2026-02-05 05:35:20 | LIVE-REF: N1SCR04-722-FL5.ipt -> C:\Users\Quintin\Documents\Spectiv\3. Working\24. Primary - DMS\20. N1SCR03 - Deslime Screen Station\722 Underpan\N1SCR04-722-FL5.ipt
2026-02-05 05:35:20 | LIVE-REF: N1SCR04-722-FL5 [from iProperty] -> C:\Users\Quintin\Documents\Spectiv\3. Working\24. Primary - DMS\20. N1SCR03 - Deslime Screen Station\722 Underpan\N1SCR04-722-FL5.ipt
2026-02-05 05:35:20 | LIVE-REF: N1SCR04-722-FL6.ipt -> C:\Users\Quintin\Documents\Spectiv\3. Working\24. Primary - DMS\20. N1SCR03 - Deslime Screen Station\722 Underpan\N1SCR04-722-FL6.ipt
2026-02-05 05:35:20 | LIVE-REF: N1SCR04-722-FL6 [from iProperty] -> C:\Users\Quintin\Documents\Spectiv\3. Working\24. Primary - DMS\20. N1SCR03 - Deslime Screen Station\722 Underpan\N1SCR04-722-FL6.ipt
2026-02-05 05:35:20 | LIVE-REF: N1SCR04-722-FL7.ipt -> C:\Users\Quintin\Documents\Spectiv\3. Working\24. Primary - DMS\20. N1SCR03 - Deslime Screen Station\722 Underpan\N1SCR04-722-FL7.ipt
2026-02-05 05:35:20 | LIVE-REF: N1SCR04-722-FL7 [from iProperty] -> C:\Users\Quintin\Documents\Spectiv\3. Working\24. Primary - DMS\20. N1SCR03 - Deslime Screen Station\722 Underpan\N1SCR04-722-FL7.ipt
2026-02-05 05:35:20 | LIVE-REF: N1SCR04-722-FL8.ipt -> C:\Users\Quintin\Documents\Spectiv\3. Working\24. Primary - DMS\20. N1SCR03 - Deslime Screen Station\722 Underpan\N1SCR04-722-FL8.ipt
2026-02-05 05:35:20 | LIVE-REF: N1SCR04-722-FL8 [from iProperty] -> C:\Users\Quintin\Documents\Spectiv\3. Working\24. Primary - DMS\20. N1SCR03 - Deslime Screen Station\722 Underpan\N1SCR04-722-FL8.ipt
2026-02-05 05:35:20 | LIVE-REF: N1SCR04-722-FL9.ipt -> C:\Users\Quintin\Documents\Spectiv\3. Working\24. Primary - DMS\20. N1SCR03 - Deslime Screen Station\722 Underpan\N1SCR04-722-FL9.ipt
2026-02-05 05:35:20 | LIVE-REF: N1SCR04-722-FL9 [from iProperty] -> C:\Users\Quintin\Documents\Spectiv\3. Working\24. Primary - DMS\20. N1SCR03 - Deslime Screen Station\722 Underpan\N1SCR04-722-FL9.ipt
2026-02-05 05:35:20 | LIVE-REF: N1SCR04-722-FL10.ipt -> C:\Users\Quintin\Documents\Spectiv\3. Working\24. Primary - DMS\20. N1SCR03 - Deslime Screen Station\722 Underpan\N1SCR04-722-FL10.ipt
2026-02-05 05:35:20 | LIVE-REF: N1SCR04-722-FL10 [from iProperty] -> C:\Users\Quintin\Documents\Spectiv\3. Working\24. Primary - DMS\20. N1SCR03 - Deslime Screen Station\722 Underpan\N1SCR04-722-FL10.ipt
2026-02-05 05:35:20 | LIVE-REF: N1SCR04-722-FL11.ipt -> C:\Users\Quintin\Documents\Spectiv\3. Working\24. Primary - DMS\20. N1SCR03 - Deslime Screen Station\722 Underpan\N1SCR04-722-FL11.ipt
2026-02-05 05:35:20 | LIVE-REF: N1SCR04-722-FL11 [from iProperty] -> C:\Users\Quintin\Documents\Spectiv\3. Working\24. Primary - DMS\20. N1SCR03 - Deslime Screen Station\722 Underpan\N1SCR04-722-FL11.ipt
2026-02-05 05:35:20 | LIVE-REF: N1SCR04-722-FL12.ipt -> C:\Users\Quintin\Documents\Spectiv\3. Working\24. Primary - DMS\20. N1SCR03 - Deslime Screen Station\722 Underpan\N1SCR04-722-FL12.ipt
2026-02-05 05:35:20 | LIVE-REF: N1SCR04-722-FL12 [from iProperty] -> C:\Users\Quintin\Documents\Spectiv\3. Working\24. Primary - DMS\20. N1SCR03 - Deslime Screen Station\722 Underpan\N1SCR04-722-FL12.ipt
2026-02-05 05:35:20 | LIVE-REF: N1SCR04-722-FL13.ipt -> C:\Users\Quintin\Documents\Spectiv\3. Working\24. Primary - DMS\20. N1SCR03 - Deslime Screen Station\722 Underpan\N1SCR04-722-FL13.ipt
2026-02-05 05:35:20 | LIVE-REF: N1SCR04-722-FL13 [from iProperty] -> C:\Users\Quintin\Documents\Spectiv\3. Working\24. Primary - DMS\20. N1SCR03 - Deslime Screen Station\722 Underpan\N1SCR04-722-FL13.ipt
2026-02-05 05:35:20 | LIVE-REF: N1SCR04-722-FL14.ipt -> C:\Users\Quintin\Documents\Spectiv\3. Working\24. Primary - DMS\20. N1SCR03 - Deslime Screen Station\722 Underpan\N1SCR04-722-FL14.ipt
2026-02-05 05:35:21 | LIVE-REF: N1SCR04-722-FL14 [from iProperty] -> C:\Users\Quintin\Documents\Spectiv\3. Working\24. Primary - DMS\20. N1SCR03 - Deslime Screen Station\722 Underpan\N1SCR04-722-FL14.ipt
2026-02-05 05:35:21 | LIVE-REF: N1SCR04-722-FL15.ipt -> C:\Users\Quintin\Documents\Spectiv\3. Working\24. Primary - DMS\20. N1SCR03 - Deslime Screen Station\722 Underpan\N1SCR04-722-FL15.ipt
2026-02-05 05:35:21 | LIVE-REF: N1SCR04-722-FL15 [from iProperty] -> C:\Users\Quintin\Documents\Spectiv\3. Working\24. Primary - DMS\20. N1SCR03 - Deslime Screen Station\722 Underpan\N1SCR04-722-FL15.ipt
2026-02-05 05:35:21 | LIVE-REF: N1SCR04-722-FL16.ipt -> C:\Users\Quintin\Documents\Spectiv\3. Working\24. Primary - DMS\20. N1SCR03 - Deslime Screen Station\722 Underpan\N1SCR04-722-FL16.ipt
2026-02-05 05:35:21 | LIVE-REF: N1SCR04-722-FL16 [from iProperty] -> C:\Users\Quintin\Documents\Spectiv\3. Working\24. Primary - DMS\20. N1SCR03 - Deslime Screen Station\722 Underpan\N1SCR04-722-FL16.ipt
2026-02-05 05:35:21 | LIVE-REF: N1SCR04-722-FL17.ipt -> C:\Users\Quintin\Documents\Spectiv\3. Working\24. Primary - DMS\20. N1SCR03 - Deslime Screen Station\722 Underpan\N1SCR04-722-FL17.ipt
2026-02-05 05:35:21 | LIVE-REF: N1SCR04-722-FL17 [from iProperty] -> C:\Users\Quintin\Documents\Spectiv\3. Working\24. Primary - DMS\20. N1SCR03 - Deslime Screen Station\722 Underpan\N1SCR04-722-FL17.ipt
2026-02-05 05:35:21 | LIVE-REF: N1SCR04-722-FL18.ipt -> C:\Users\Quintin\Documents\Spectiv\3. Working\24. Primary - DMS\20. N1SCR03 - Deslime Screen Station\722 Underpan\N1SCR04-722-FL18.ipt
2026-02-05 05:35:21 | LIVE-REF: N1SCR04-722-FL18 [from iProperty] -> C:\Users\Quintin\Documents\Spectiv\3. Working\24. Primary - DMS\20. N1SCR03 - Deslime Screen Station\722 Underpan\N1SCR04-722-FL18.ipt
2026-02-05 05:35:21 | LIVE-REF: N1SCR04-722-FL19.ipt -> C:\Users\Quintin\Documents\Spectiv\3. Working\24. Primary - DMS\20. N1SCR03 - Deslime Screen Station\722 Underpan\N1SCR04-722-FL19.ipt
2026-02-05 05:35:21 | LIVE-REF: N1SCR04-722-FL19 [from iProperty] -> C:\Users\Quintin\Documents\Spectiv\3. Working\24. Primary - DMS\20. N1SCR03 - Deslime Screen Station\722 Underpan\N1SCR04-722-FL19.ipt
2026-02-05 05:35:21 | LIVE-REF: N1SCR04-722-FL20.ipt -> C:\Users\Quintin\Documents\Spectiv\3. Working\24. Primary - DMS\20. N1SCR03 - Deslime Screen Station\722 Underpan\N1SCR04-722-FL20.ipt
2026-02-05 05:35:21 | LIVE-REF: N1SCR04-722-FL20 [from iProperty] -> C:\Users\Quintin\Documents\Spectiv\3. Working\24. Primary - DMS\20. N1SCR03 - Deslime Screen Station\722 Underpan\N1SCR04-722-FL20.ipt
2026-02-05 05:35:21 | LIVE-REF: N1SCR04-722-FL21.ipt -> C:\Users\Quintin\Documents\Spectiv\3. Working\24. Primary - DMS\20. N1SCR03 - Deslime Screen Station\722 Underpan\N1SCR04-722-FL21.ipt
2026-02-05 05:35:21 | LIVE-REF: N1SCR04-722-FL21 [from iProperty] -> C:\Users\Quintin\Documents\Spectiv\3. Working\24. Primary - DMS\20. N1SCR03 - Deslime Screen Station\722 Underpan\N1SCR04-722-FL21.ipt
2026-02-05 05:35:22 | LIVE-REF: N1SCR04-722-FL22.ipt -> C:\Users\Quintin\Documents\Spectiv\3. Working\24. Primary - DMS\20. N1SCR03 - Deslime Screen Station\722 Underpan\N1SCR04-722-FL22.ipt
2026-02-05 05:35:22 | LIVE-REF: N1SCR04-722-FL22 [from iProperty] -> C:\Users\Quintin\Documents\Spectiv\3. Working\24. Primary - DMS\20. N1SCR03 - Deslime Screen Station\722 Underpan\N1SCR04-722-FL22.ipt
2026-02-05 05:35:22 | LIVE-REF: N1SCR04-722-FL23.ipt -> C:\Users\Quintin\Documents\Spectiv\3. Working\24. Primary - DMS\20. N1SCR03 - Deslime Screen Station\722 Underpan\N1SCR04-722-FL23.ipt
2026-02-05 05:35:22 | LIVE-REF: N1SCR04-722-FL23 [from iProperty] -> C:\Users\Quintin\Documents\Spectiv\3. Working\24. Primary - DMS\20. N1SCR03 - Deslime Screen Station\722 Underpan\N1SCR04-722-FL23.ipt
2026-02-05 05:35:22 | LIVE-REF: N1SCR04-722-FL24.ipt -> C:\Users\Quintin\Documents\Spectiv\3. Working\24. Primary - DMS\20. N1SCR03 - Deslime Screen Station\722 Underpan\N1SCR04-722-FL24.ipt
2026-02-05 05:35:22 | LIVE-REF: N1SCR04-722-FL24 [from iProperty] -> C:\Users\Quintin\Documents\Spectiv\3. Working\24. Primary - DMS\20. N1SCR03 - Deslime Screen Station\722 Underpan\N1SCR04-722-FL24.ipt
2026-02-05 05:35:22 | LIVE-REF: N1SCR04-722-FL25.ipt -> C:\Users\Quintin\Documents\Spectiv\3. Working\24. Primary - DMS\20. N1SCR03 - Deslime Screen Station\722 Underpan\N1SCR04-722-FL25.ipt
2026-02-05 05:35:22 | LIVE-REF: N1SCR04-722-FL25 [from iProperty] -> C:\Users\Quintin\Documents\Spectiv\3. Working\24. Primary - DMS\20. N1SCR03 - Deslime Screen Station\722 Underpan\N1SCR04-722-FL25.ipt
2026-02-05 05:35:22 | LIVE-REF: N1SCR04-722-FL26.ipt -> C:\Users\Quintin\Documents\Spectiv\3. Working\24. Primary - DMS\20. N1SCR03 - Deslime Screen Station\722 Underpan\N1SCR04-722-FL26.ipt
2026-02-05 05:35:22 | LIVE-REF: N1SCR04-722-FL26 [from iProperty] -> C:\Users\Quintin\Documents\Spectiv\3. Working\24. Primary - DMS\20. N1SCR03 - Deslime Screen Station\722 Underpan\N1SCR04-722-FL26.ipt
2026-02-05 05:35:22 | LIVE-REF: N1SCR04-722-FL27.ipt -> C:\Users\Quintin\Documents\Spectiv\3. Working\24. Primary - DMS\20. N1SCR03 - Deslime Screen Station\722 Underpan\N1SCR04-722-FL27.ipt
2026-02-05 05:35:22 | LIVE-REF: N1SCR04-722-FL27 [from iProperty] -> C:\Users\Quintin\Documents\Spectiv\3. Working\24. Primary - DMS\20. N1SCR03 - Deslime Screen Station\722 Underpan\N1SCR04-722-FL27.ipt
2026-02-05 05:35:22 | LIVE-REF: N1SCR04-722-PL17.ipt -> C:\Users\Quintin\Documents\Spectiv\3. Working\24. Primary - DMS\20. N1SCR03 - Deslime Screen Station\722 Underpan\N1SCR04-722-PL17.ipt
2026-02-05 05:35:22 | LIVE-REF: N1SCR04-722-PL17 [from iProperty] -> C:\Users\Quintin\Documents\Spectiv\3. Working\24. Primary - DMS\20. N1SCR03 - Deslime Screen Station\722 Underpan\N1SCR04-722-PL17.ipt
2026-02-05 05:35:22 | LIVE-REF: N1SCR04-722-PL18.ipt -> C:\Users\Quintin\Documents\Spectiv\3. Working\24. Primary - DMS\20. N1SCR03 - Deslime Screen Station\722 Underpan\N1SCR04-722-PL18.ipt
2026-02-05 05:35:22 | LIVE-REF: N1SCR04-722-PL18 [from iProperty] -> C:\Users\Quintin\Documents\Spectiv\3. Working\24. Primary - DMS\20. N1SCR03 - Deslime Screen Station\722 Underpan\N1SCR04-722-PL18.ipt
2026-02-05 05:35:22 | LIVE-REF: Built reference map with 116 entries
2026-02-05 05:35:22 | IDW: Built live reference map with 116 entries from assembly
2026-02-05 05:35:22 | IDW:   Processing reference: N1SCR04-722.iam
2026-02-05 05:35:22 | IDW:   Full path from IDW: C:\Users\Quintin\Documents\Spectiv\3. Working\24. Primary - DMS\20. N1SCR03 - Deslime Screen Station\722 Underpan\N1SCR04-722.iam
2026-02-05 05:35:22 | IDW:   Method 2: Resolving actual file path
2026-02-05 05:35:22 | IDW:   Method 2: Resolved to: N1SCR04-722.iam
2026-02-05 05:35:22 | IDW:   Method 3: Searching live assembly references
2026-02-05 05:35:22 | IDW:   Method 4: Trying smart path structure matching
2026-02-05 05:35:22 | IDW:   Smart matching for: N1SCR04-722.iam
2026-02-05 05:35:22 | IDW:   IDW relative structure: 24. Primary - DMS\20. N1SCR03 - Deslime Screen Station\722 Underpan\N1SCR04-722.iam
2026-02-05 05:35:22 | IDW:   No smart match found for: N1SCR04-722.iam
2026-02-05 05:35:22 | IDW:     (No mapping found - keeping current reference)
2026-02-05 05:35:22 | IDW:   Processing reference: N1SCR04-722-A1.ipt
2026-02-05 05:35:22 | IDW:   Full path from IDW: C:\Users\Quintin\Documents\Spectiv\3. Working\24. Primary - DMS\20. N1SCR03 - Deslime Screen Station\722 Underpan\N1SCR04-722-A1.ipt
2026-02-05 05:35:22 | IDW:   Method 2: Resolving actual file path
2026-02-05 05:35:22 | IDW:   Method 2: Resolved to: N1SCR04-722-A1.ipt
2026-02-05 05:35:22 | IDW:   Method 3: Searching live assembly references
2026-02-05 05:35:22 | IDW:   Method 3: Found in assembly at: C:\Users\Quintin\Documents\Spectiv\3. Working\24. Primary - DMS\20. N1SCR03 - Deslime Screen Station\722 Underpan\N1SCR04-722-A1.ipt
2026-02-05 05:35:22 | IDW:   Method 4: Trying smart path structure matching
2026-02-05 05:35:22 | IDW:   Smart matching for: N1SCR04-722-A1.ipt
2026-02-05 05:35:22 | IDW:   IDW relative structure: 24. Primary - DMS\20. N1SCR03 - Deslime Screen Station\722 Underpan\N1SCR04-722-A1.ipt
2026-02-05 05:35:22 | IDW:   No smart match found for: N1SCR04-722-A1.ipt
2026-02-05 05:35:22 | IDW:     (No mapping found - keeping current reference)
2026-02-05 05:35:22 | IDW:   Processing reference: N1SCR04-722-A10.ipt
2026-02-05 05:35:22 | IDW:   Full path from IDW: C:\Users\Quintin\Documents\Spectiv\3. Working\24. Primary - DMS\20. N1SCR03 - Deslime Screen Station\722 Underpan\N1SCR04-722-A10.ipt
2026-02-05 05:35:22 | IDW:   Method 2: Resolving actual file path
2026-02-05 05:35:22 | IDW:   Method 2: Resolved to: N1SCR04-722-A10.ipt
2026-02-05 05:35:22 | IDW:   Method 3: Searching live assembly references
2026-02-05 05:35:22 | IDW:   Method 3: Found in assembly at: C:\Users\Quintin\Documents\Spectiv\3. Working\24. Primary - DMS\20. N1SCR03 - Deslime Screen Station\722 Underpan\N1SCR04-722-A10.ipt
2026-02-05 05:35:22 | IDW:   Method 4: Trying smart path structure matching
2026-02-05 05:35:22 | IDW:   Smart matching for: N1SCR04-722-A10.ipt
2026-02-05 05:35:22 | IDW:   IDW relative structure: 24. Primary - DMS\20. N1SCR03 - Deslime Screen Station\722 Underpan\N1SCR04-722-A10.ipt
2026-02-05 05:35:22 | IDW:   No smart match found for: N1SCR04-722-A10.ipt
2026-02-05 05:35:22 | IDW:     (No mapping found - keeping current reference)
2026-02-05 05:35:22 | IDW:   Processing reference: N1SCR04-722-A11.ipt
2026-02-05 05:35:22 | IDW:   Full path from IDW: C:\Users\Quintin\Documents\Spectiv\3. Working\24. Primary - DMS\20. N1SCR03 - Deslime Screen Station\722 Underpan\N1SCR04-722-A11.ipt
2026-02-05 05:35:22 | IDW:   Method 2: Resolving actual file path
2026-02-05 05:35:22 | IDW:   Method 2: Resolved to: N1SCR04-722-A11.ipt
2026-02-05 05:35:22 | IDW:   Method 3: Searching live assembly references
2026-02-05 05:35:22 | IDW:   Method 3: Found in assembly at: C:\Users\Quintin\Documents\Spectiv\3. Working\24. Primary - DMS\20. N1SCR03 - Deslime Screen Station\722 Underpan\N1SCR04-722-A11.ipt
2026-02-05 05:35:22 | IDW:   Method 4: Trying smart path structure matching
2026-02-05 05:35:22 | IDW:   Smart matching for: N1SCR04-722-A11.ipt
2026-02-05 05:35:22 | IDW:   IDW relative structure: 24. Primary - DMS\20. N1SCR03 - Deslime Screen Station\722 Underpan\N1SCR04-722-A11.ipt
2026-02-05 05:35:22 | IDW:   No smart match found for: N1SCR04-722-A11.ipt
2026-02-05 05:35:22 | IDW:     (No mapping found - keeping current reference)
2026-02-05 05:35:22 | IDW:   Processing reference: N1SCR04-722-A12.ipt
2026-02-05 05:35:22 | IDW:   Full path from IDW: C:\Users\Quintin\Documents\Spectiv\3. Working\24. Primary - DMS\20. N1SCR03 - Deslime Screen Station\722 Underpan\N1SCR04-722-A12.ipt
2026-02-05 05:35:22 | IDW:   Method 2: Resolving actual file path
2026-02-05 05:35:22 | IDW:   Method 2: Resolved to: N1SCR04-722-A12.ipt
2026-02-05 05:35:22 | IDW:   Method 3: Searching live assembly references
2026-02-05 05:35:22 | IDW:   Method 3: Found in assembly at: C:\Users\Quintin\Documents\Spectiv\3. Working\24. Primary - DMS\20. N1SCR03 - Deslime Screen Station\722 Underpan\N1SCR04-722-A12.ipt
2026-02-05 05:35:22 | IDW:   Method 4: Trying smart path structure matching
2026-02-05 05:35:22 | IDW:   Smart matching for: N1SCR04-722-A12.ipt
2026-02-05 05:35:22 | IDW:   IDW relative structure: 24. Primary - DMS\20. N1SCR03 - Deslime Screen Station\722 Underpan\N1SCR04-722-A12.ipt
2026-02-05 05:35:22 | IDW:   No smart match found for: N1SCR04-722-A12.ipt
2026-02-05 05:35:22 | IDW:     (No mapping found - keeping current reference)
2026-02-05 05:35:22 | IDW:   Processing reference: N1SCR04-722-A13.ipt
2026-02-05 05:35:22 | IDW:   Full path from IDW: C:\Users\Quintin\Documents\Spectiv\3. Working\24. Primary - DMS\20. N1SCR03 - Deslime Screen Station\722 Underpan\N1SCR04-722-A13.ipt
2026-02-05 05:35:22 | IDW:   Method 2: Resolving actual file path
2026-02-05 05:35:22 | IDW:   Method 2: Resolved to: N1SCR04-722-A13.ipt
2026-02-05 05:35:22 | IDW:   Method 3: Searching live assembly references
2026-02-05 05:35:22 | IDW:   Method 3: Found in assembly at: C:\Users\Quintin\Documents\Spectiv\3. Working\24. Primary - DMS\20. N1SCR03 - Deslime Screen Station\722 Underpan\N1SCR04-722-A13.ipt
2026-02-05 05:35:22 | IDW:   Method 4: Trying smart path structure matching
2026-02-05 05:35:22 | IDW:   Smart matching for: N1SCR04-722-A13.ipt
2026-02-05 05:35:22 | IDW:   IDW relative structure: 24. Primary - DMS\20. N1SCR03 - Deslime Screen Station\722 Underpan\N1SCR04-722-A13.ipt
2026-02-05 05:35:22 | IDW:   No smart match found for: N1SCR04-722-A13.ipt
2026-02-05 05:35:22 | IDW:     (No mapping found - keeping current reference)
2026-02-05 05:35:22 | IDW:   Processing reference: N1SCR04-722-A2.ipt
2026-02-05 05:35:22 | IDW:   Full path from IDW: C:\Users\Quintin\Documents\Spectiv\3. Working\24. Primary - DMS\20. N1SCR03 - Deslime Screen Station\722 Underpan\N1SCR04-722-A2.ipt
2026-02-05 05:35:22 | IDW:   Method 2: Resolving actual file path
2026-02-05 05:35:22 | IDW:   Method 2: Resolved to: N1SCR04-722-A2.ipt
2026-02-05 05:35:22 | IDW:   Method 3: Searching live assembly references
2026-02-05 05:35:22 | IDW:   Method 3: Found in assembly at: C:\Users\Quintin\Documents\Spectiv\3. Working\24. Primary - DMS\20. N1SCR03 - Deslime Screen Station\722 Underpan\N1SCR04-722-A2.ipt
2026-02-05 05:35:22 | IDW:   Method 4: Trying smart path structure matching
2026-02-05 05:35:22 | IDW:   Smart matching for: N1SCR04-722-A2.ipt
2026-02-05 05:35:22 | IDW:   IDW relative structure: 24. Primary - DMS\20. N1SCR03 - Deslime Screen Station\722 Underpan\N1SCR04-722-A2.ipt
2026-02-05 05:35:22 | IDW:   No smart match found for: N1SCR04-722-A2.ipt
2026-02-05 05:35:22 | IDW:     (No mapping found - keeping current reference)
2026-02-05 05:35:22 | IDW:   Processing reference: N1SCR04-722-A3.ipt
2026-02-05 05:35:22 | IDW:   Full path from IDW: C:\Users\Quintin\Documents\Spectiv\3. Working\24. Primary - DMS\20. N1SCR03 - Deslime Screen Station\722 Underpan\N1SCR04-722-A3.ipt
2026-02-05 05:35:22 | IDW:   Method 2: Resolving actual file path
2026-02-05 05:35:22 | IDW:   Method 2: Resolved to: N1SCR04-722-A3.ipt
2026-02-05 05:35:22 | IDW:   Method 3: Searching live assembly references
2026-02-05 05:35:22 | IDW:   Method 3: Found in assembly at: C:\Users\Quintin\Documents\Spectiv\3. Working\24. Primary - DMS\20. N1SCR03 - Deslime Screen Station\722 Underpan\N1SCR04-722-A3.ipt
2026-02-05 05:35:22 | IDW:   Method 4: Trying smart path structure matching
2026-02-05 05:35:22 | IDW:   Smart matching for: N1SCR04-722-A3.ipt
2026-02-05 05:35:22 | IDW:   IDW relative structure: 24. Primary - DMS\20. N1SCR03 - Deslime Screen Station\722 Underpan\N1SCR04-722-A3.ipt
2026-02-05 05:35:22 | IDW:   No smart match found for: N1SCR04-722-A3.ipt
2026-02-05 05:35:22 | IDW:     (No mapping found - keeping current reference)
2026-02-05 05:35:22 | IDW:   Processing reference: N1SCR04-722-A4.ipt
2026-02-05 05:35:22 | IDW:   Full path from IDW: C:\Users\Quintin\Documents\Spectiv\3. Working\24. Primary - DMS\20. N1SCR03 - Deslime Screen Station\722 Underpan\N1SCR04-722-A4.ipt
2026-02-05 05:35:22 | IDW:   Method 2: Resolving actual file path
2026-02-05 05:35:22 | IDW:   Method 2: Resolved to: N1SCR04-722-A4.ipt
2026-02-05 05:35:22 | IDW:   Method 3: Searching live assembly references
2026-02-05 05:35:22 | IDW:   Method 3: Found in assembly at: C:\Users\Quintin\Documents\Spectiv\3. Working\24. Primary - DMS\20. N1SCR03 - Deslime Screen Station\722 Underpan\N1SCR04-722-A4.ipt
2026-02-05 05:35:22 | IDW:   Method 4: Trying smart path structure matching
2026-02-05 05:35:22 | IDW:   Smart matching for: N1SCR04-722-A4.ipt
2026-02-05 05:35:22 | IDW:   IDW relative structure: 24. Primary - DMS\20. N1SCR03 - Deslime Screen Station\722 Underpan\N1SCR04-722-A4.ipt
2026-02-05 05:35:22 | IDW:   No smart match found for: N1SCR04-722-A4.ipt
2026-02-05 05:35:22 | IDW:     (No mapping found - keeping current reference)
2026-02-05 05:35:22 | IDW:   Processing reference: N1SCR04-722-A5.ipt
2026-02-05 05:35:22 | IDW:   Full path from IDW: C:\Users\Quintin\Documents\Spectiv\3. Working\24. Primary - DMS\20. N1SCR03 - Deslime Screen Station\722 Underpan\N1SCR04-722-A5.ipt
2026-02-05 05:35:22 | IDW:   Method 2: Resolving actual file path
2026-02-05 05:35:22 | IDW:   Method 2: Resolved to: N1SCR04-722-A5.ipt
2026-02-05 05:35:22 | IDW:   Method 3: Searching live assembly references
2026-02-05 05:35:22 | IDW:   Method 3: Found in assembly at: C:\Users\Quintin\Documents\Spectiv\3. Working\24. Primary - DMS\20. N1SCR03 - Deslime Screen Station\722 Underpan\N1SCR04-722-A5.ipt
2026-02-05 05:35:22 | IDW:   Method 4: Trying smart path structure matching
2026-02-05 05:35:22 | IDW:   Smart matching for: N1SCR04-722-A5.ipt
2026-02-05 05:35:22 | IDW:   IDW relative structure: 24. Primary - DMS\20. N1SCR03 - Deslime Screen Station\722 Underpan\N1SCR04-722-A5.ipt
2026-02-05 05:35:22 | IDW:   No smart match found for: N1SCR04-722-A5.ipt
2026-02-05 05:35:22 | IDW:     (No mapping found - keeping current reference)
2026-02-05 05:35:22 | IDW:   Processing reference: N1SCR04-722-A6.ipt
2026-02-05 05:35:22 | IDW:   Full path from IDW: C:\Users\Quintin\Documents\Spectiv\3. Working\24. Primary - DMS\20. N1SCR03 - Deslime Screen Station\722 Underpan\N1SCR04-722-A6.ipt
2026-02-05 05:35:22 | IDW:   Method 2: Resolving actual file path
2026-02-05 05:35:22 | IDW:   Method 2: Resolved to: N1SCR04-722-A6.ipt
2026-02-05 05:35:22 | IDW:   Method 3: Searching live assembly references
2026-02-05 05:35:22 | IDW:   Method 3: Found in assembly at: C:\Users\Quintin\Documents\Spectiv\3. Working\24. Primary - DMS\20. N1SCR03 - Deslime Screen Station\722 Underpan\N1SCR04-722-A6.ipt
2026-02-05 05:35:22 | IDW:   Method 4: Trying smart path structure matching
2026-02-05 05:35:22 | IDW:   Smart matching for: N1SCR04-722-A6.ipt
2026-02-05 05:35:22 | IDW:   IDW relative structure: 24. Primary - DMS\20. N1SCR03 - Deslime Screen Station\722 Underpan\N1SCR04-722-A6.ipt
2026-02-05 05:35:22 | IDW:   No smart match found for: N1SCR04-722-A6.ipt
2026-02-05 05:35:22 | IDW:     (No mapping found - keeping current reference)
2026-02-05 05:35:22 | IDW:   Processing reference: N1SCR04-722-A7.ipt
2026-02-05 05:35:22 | IDW:   Full path from IDW: C:\Users\Quintin\Documents\Spectiv\3. Working\24. Primary - DMS\20. N1SCR03 - Deslime Screen Station\722 Underpan\N1SCR04-722-A7.ipt
2026-02-05 05:35:22 | IDW:   Method 2: Resolving actual file path
2026-02-05 05:35:22 | IDW:   Method 2: Resolved to: N1SCR04-722-A7.ipt
2026-02-05 05:35:22 | IDW:   Method 3: Searching live assembly references
2026-02-05 05:35:22 | IDW:   Method 3: Found in assembly at: C:\Users\Quintin\Documents\Spectiv\3. Working\24. Primary - DMS\20. N1SCR03 - Deslime Screen Station\722 Underpan\N1SCR04-722-A7.ipt
2026-02-05 05:35:22 | IDW:   Method 4: Trying smart path structure matching
2026-02-05 05:35:22 | IDW:   Smart matching for: N1SCR04-722-A7.ipt
2026-02-05 05:35:22 | IDW:   IDW relative structure: 24. Primary - DMS\20. N1SCR03 - Deslime Screen Station\722 Underpan\N1SCR04-722-A7.ipt
2026-02-05 05:35:22 | IDW:   No smart match found for: N1SCR04-722-A7.ipt
2026-02-05 05:35:22 | IDW:     (No mapping found - keeping current reference)
2026-02-05 05:35:22 | IDW:   Processing reference: N1SCR04-722-A8.ipt
2026-02-05 05:35:22 | IDW:   Full path from IDW: C:\Users\Quintin\Documents\Spectiv\3. Working\24. Primary - DMS\20. N1SCR03 - Deslime Screen Station\722 Underpan\N1SCR04-722-A8.ipt
2026-02-05 05:35:22 | IDW:   Method 2: Resolving actual file path
2026-02-05 05:35:22 | IDW:   Method 2: Resolved to: N1SCR04-722-A8.ipt
2026-02-05 05:35:22 | IDW:   Method 3: Searching live assembly references
2026-02-05 05:35:22 | IDW:   Method 3: Found in assembly at: C:\Users\Quintin\Documents\Spectiv\3. Working\24. Primary - DMS\20. N1SCR03 - Deslime Screen Station\722 Underpan\N1SCR04-722-A8.ipt
2026-02-05 05:35:22 | IDW:   Method 4: Trying smart path structure matching
2026-02-05 05:35:22 | IDW:   Smart matching for: N1SCR04-722-A8.ipt
2026-02-05 05:35:22 | IDW:   IDW relative structure: 24. Primary - DMS\20. N1SCR03 - Deslime Screen Station\722 Underpan\N1SCR04-722-A8.ipt
2026-02-05 05:35:22 | IDW:   No smart match found for: N1SCR04-722-A8.ipt
2026-02-05 05:35:22 | IDW:     (No mapping found - keeping current reference)
2026-02-05 05:35:22 | IDW:   Processing reference: N1SCR04-722-A9.ipt
2026-02-05 05:35:22 | IDW:   Full path from IDW: C:\Users\Quintin\Documents\Spectiv\3. Working\24. Primary - DMS\20. N1SCR03 - Deslime Screen Station\722 Underpan\N1SCR04-722-A9.ipt
2026-02-05 05:35:22 | IDW:   Method 2: Resolving actual file path
2026-02-05 05:35:22 | IDW:   Method 2: Resolved to: N1SCR04-722-A9.ipt
2026-02-05 05:35:22 | IDW:   Method 3: Searching live assembly references
2026-02-05 05:35:22 | IDW:   Method 3: Found in assembly at: C:\Users\Quintin\Documents\Spectiv\3. Working\24. Primary - DMS\20. N1SCR03 - Deslime Screen Station\722 Underpan\N1SCR04-722-A9.ipt
2026-02-05 05:35:22 | IDW:   Method 4: Trying smart path structure matching
2026-02-05 05:35:22 | IDW:   Smart matching for: N1SCR04-722-A9.ipt
2026-02-05 05:35:22 | IDW:   IDW relative structure: 24. Primary - DMS\20. N1SCR03 - Deslime Screen Station\722 Underpan\N1SCR04-722-A9.ipt
2026-02-05 05:35:22 | IDW:   No smart match found for: N1SCR04-722-A9.ipt
2026-02-05 05:35:22 | IDW:     (No mapping found - keeping current reference)
2026-02-05 05:35:22 | IDW:   Processing reference: N1SCR04-722-FL1.ipt
2026-02-05 05:35:22 | IDW:   Full path from IDW: C:\Users\Quintin\Documents\Spectiv\3. Working\24. Primary - DMS\20. N1SCR03 - Deslime Screen Station\722 Underpan\N1SCR04-722-FL1.ipt
2026-02-05 05:35:22 | IDW:   Method 2: Resolving actual file path
2026-02-05 05:35:22 | IDW:   Method 2: Resolved to: N1SCR04-722-FL1.ipt
2026-02-05 05:35:22 | IDW:   Method 3: Searching live assembly references
2026-02-05 05:35:22 | IDW:   Method 3: Found in assembly at: C:\Users\Quintin\Documents\Spectiv\3. Working\24. Primary - DMS\20. N1SCR03 - Deslime Screen Station\722 Underpan\N1SCR04-722-FL1.ipt
2026-02-05 05:35:22 | IDW:   Method 4: Trying smart path structure matching
2026-02-05 05:35:22 | IDW:   Smart matching for: N1SCR04-722-FL1.ipt
2026-02-05 05:35:22 | IDW:   IDW relative structure: 24. Primary - DMS\20. N1SCR03 - Deslime Screen Station\722 Underpan\N1SCR04-722-FL1.ipt
2026-02-05 05:35:22 | IDW:   No smart match found for: N1SCR04-722-FL1.ipt
2026-02-05 05:35:22 | IDW:     (No mapping found - keeping current reference)
2026-02-05 05:35:22 | IDW:   Processing reference: N1SCR04-722-FL10.ipt
2026-02-05 05:35:22 | IDW:   Full path from IDW: C:\Users\Quintin\Documents\Spectiv\3. Working\24. Primary - DMS\20. N1SCR03 - Deslime Screen Station\722 Underpan\N1SCR04-722-FL10.ipt
2026-02-05 05:35:22 | IDW:   Method 2: Resolving actual file path
2026-02-05 05:35:22 | IDW:   Method 2: Resolved to: N1SCR04-722-FL10.ipt
2026-02-05 05:35:22 | IDW:   Method 3: Searching live assembly references
2026-02-05 05:35:22 | IDW:   Method 3: Found in assembly at: C:\Users\Quintin\Documents\Spectiv\3. Working\24. Primary - DMS\20. N1SCR03 - Deslime Screen Station\722 Underpan\N1SCR04-722-FL10.ipt
2026-02-05 05:35:22 | IDW:   Method 4: Trying smart path structure matching
2026-02-05 05:35:22 | IDW:   Smart matching for: N1SCR04-722-FL10.ipt
2026-02-05 05:35:22 | IDW:   IDW relative structure: 24. Primary - DMS\20. N1SCR03 - Deslime Screen Station\722 Underpan\N1SCR04-722-FL10.ipt
2026-02-05 05:35:22 | IDW:   No smart match found for: N1SCR04-722-FL10.ipt
2026-02-05 05:35:22 | IDW:     (No mapping found - keeping current reference)
2026-02-05 05:35:22 | IDW:   Processing reference: N1SCR04-722-FL11.ipt
2026-02-05 05:35:22 | IDW:   Full path from IDW: C:\Users\Quintin\Documents\Spectiv\3. Working\24. Primary - DMS\20. N1SCR03 - Deslime Screen Station\722 Underpan\N1SCR04-722-FL11.ipt
2026-02-05 05:35:22 | IDW:   Method 2: Resolving actual file path
2026-02-05 05:35:22 | IDW:   Method 2: Resolved to: N1SCR04-722-FL11.ipt
2026-02-05 05:35:22 | IDW:   Method 3: Searching live assembly references
2026-02-05 05:35:22 | IDW:   Method 3: Found in assembly at: C:\Users\Quintin\Documents\Spectiv\3. Working\24. Primary - DMS\20. N1SCR03 - Deslime Screen Station\722 Underpan\N1SCR04-722-FL11.ipt
2026-02-05 05:35:22 | IDW:   Method 4: Trying smart path structure matching
2026-02-05 05:35:22 | IDW:   Smart matching for: N1SCR04-722-FL11.ipt
2026-02-05 05:35:22 | IDW:   IDW relative structure: 24. Primary - DMS\20. N1SCR03 - Deslime Screen Station\722 Underpan\N1SCR04-722-FL11.ipt
2026-02-05 05:35:22 | IDW:   No smart match found for: N1SCR04-722-FL11.ipt
2026-02-05 05:35:22 | IDW:     (No mapping found - keeping current reference)
2026-02-05 05:35:22 | IDW:   Processing reference: N1SCR04-722-FL12.ipt
2026-02-05 05:35:22 | IDW:   Full path from IDW: C:\Users\Quintin\Documents\Spectiv\3. Working\24. Primary - DMS\20. N1SCR03 - Deslime Screen Station\722 Underpan\N1SCR04-722-FL12.ipt
2026-02-05 05:35:22 | IDW:   Method 2: Resolving actual file path
2026-02-05 05:35:22 | IDW:   Method 2: Resolved to: N1SCR04-722-FL12.ipt
2026-02-05 05:35:22 | IDW:   Method 3: Searching live assembly references
2026-02-05 05:35:22 | IDW:   Method 3: Found in assembly at: C:\Users\Quintin\Documents\Spectiv\3. Working\24. Primary - DMS\20. N1SCR03 - Deslime Screen Station\722 Underpan\N1SCR04-722-FL12.ipt
2026-02-05 05:35:22 | IDW:   Method 4: Trying smart path structure matching
2026-02-05 05:35:22 | IDW:   Smart matching for: N1SCR04-722-FL12.ipt
2026-02-05 05:35:22 | IDW:   IDW relative structure: 24. Primary - DMS\20. N1SCR03 - Deslime Screen Station\722 Underpan\N1SCR04-722-FL12.ipt
2026-02-05 05:35:22 | IDW:   No smart match found for: N1SCR04-722-FL12.ipt
2026-02-05 05:35:22 | IDW:     (No mapping found - keeping current reference)
2026-02-05 05:35:22 | IDW:   Processing reference: N1SCR04-722-FL13.ipt
2026-02-05 05:35:22 | IDW:   Full path from IDW: C:\Users\Quintin\Documents\Spectiv\3. Working\24. Primary - DMS\20. N1SCR03 - Deslime Screen Station\722 Underpan\N1SCR04-722-FL13.ipt
2026-02-05 05:35:22 | IDW:   Method 2: Resolving actual file path
2026-02-05 05:35:22 | IDW:   Method 2: Resolved to: N1SCR04-722-FL13.ipt
2026-02-05 05:35:22 | IDW:   Method 3: Searching live assembly references
2026-02-05 05:35:22 | IDW:   Method 3: Found in assembly at: C:\Users\Quintin\Documents\Spectiv\3. Working\24. Primary - DMS\20. N1SCR03 - Deslime Screen Station\722 Underpan\N1SCR04-722-FL13.ipt
2026-02-05 05:35:22 | IDW:   Method 4: Trying smart path structure matching
2026-02-05 05:35:22 | IDW:   Smart matching for: N1SCR04-722-FL13.ipt
2026-02-05 05:35:22 | IDW:   IDW relative structure: 24. Primary - DMS\20. N1SCR03 - Deslime Screen Station\722 Underpan\N1SCR04-722-FL13.ipt
2026-02-05 05:35:22 | IDW:   No smart match found for: N1SCR04-722-FL13.ipt
2026-02-05 05:35:22 | IDW:     (No mapping found - keeping current reference)
2026-02-05 05:35:22 | IDW:   Processing reference: N1SCR04-722-FL14.ipt
2026-02-05 05:35:22 | IDW:   Full path from IDW: C:\Users\Quintin\Documents\Spectiv\3. Working\24. Primary - DMS\20. N1SCR03 - Deslime Screen Station\722 Underpan\N1SCR04-722-FL14.ipt
2026-02-05 05:35:22 | IDW:   Method 2: Resolving actual file path
2026-02-05 05:35:22 | IDW:   Method 2: Resolved to: N1SCR04-722-FL14.ipt
2026-02-05 05:35:22 | IDW:   Method 3: Searching live assembly references
2026-02-05 05:35:22 | IDW:   Method 3: Found in assembly at: C:\Users\Quintin\Documents\Spectiv\3. Working\24. Primary - DMS\20. N1SCR03 - Deslime Screen Station\722 Underpan\N1SCR04-722-FL14.ipt
2026-02-05 05:35:22 | IDW:   Method 4: Trying smart path structure matching
2026-02-05 05:35:22 | IDW:   Smart matching for: N1SCR04-722-FL14.ipt
2026-02-05 05:35:22 | IDW:   IDW relative structure: 24. Primary - DMS\20. N1SCR03 - Deslime Screen Station\722 Underpan\N1SCR04-722-FL14.ipt
2026-02-05 05:35:22 | IDW:   No smart match found for: N1SCR04-722-FL14.ipt
2026-02-05 05:35:22 | IDW:     (No mapping found - keeping current reference)
2026-02-05 05:35:22 | IDW:   Processing reference: N1SCR04-722-FL15.ipt
2026-02-05 05:35:22 | IDW:   Full path from IDW: C:\Users\Quintin\Documents\Spectiv\3. Working\24. Primary - DMS\20. N1SCR03 - Deslime Screen Station\722 Underpan\N1SCR04-722-FL15.ipt
2026-02-05 05:35:22 | IDW:   Method 2: Resolving actual file path
2026-02-05 05:35:22 | IDW:   Method 2: Resolved to: N1SCR04-722-FL15.ipt
2026-02-05 05:35:22 | IDW:   Method 3: Searching live assembly references
2026-02-05 05:35:22 | IDW:   Method 3: Found in assembly at: C:\Users\Quintin\Documents\Spectiv\3. Working\24. Primary - DMS\20. N1SCR03 - Deslime Screen Station\722 Underpan\N1SCR04-722-FL15.ipt
2026-02-05 05:35:22 | IDW:   Method 4: Trying smart path structure matching
2026-02-05 05:35:22 | IDW:   Smart matching for: N1SCR04-722-FL15.ipt
2026-02-05 05:35:22 | IDW:   IDW relative structure: 24. Primary - DMS\20. N1SCR03 - Deslime Screen Station\722 Underpan\N1SCR04-722-FL15.ipt
2026-02-05 05:35:22 | IDW:   No smart match found for: N1SCR04-722-FL15.ipt
2026-02-05 05:35:22 | IDW:     (No mapping found - keeping current reference)
2026-02-05 05:35:22 | IDW:   Processing reference: N1SCR04-722-FL16.ipt
2026-02-05 05:35:22 | IDW:   Full path from IDW: C:\Users\Quintin\Documents\Spectiv\3. Working\24. Primary - DMS\20. N1SCR03 - Deslime Screen Station\722 Underpan\N1SCR04-722-FL16.ipt
2026-02-05 05:35:22 | IDW:   Method 2: Resolving actual file path
2026-02-05 05:35:22 | IDW:   Method 2: Resolved to: N1SCR04-722-FL16.ipt
2026-02-05 05:35:22 | IDW:   Method 3: Searching live assembly references
2026-02-05 05:35:22 | IDW:   Method 3: Found in assembly at: C:\Users\Quintin\Documents\Spectiv\3. Working\24. Primary - DMS\20. N1SCR03 - Deslime Screen Station\722 Underpan\N1SCR04-722-FL16.ipt
2026-02-05 05:35:22 | IDW:   Method 4: Trying smart path structure matching
2026-02-05 05:35:22 | IDW:   Smart matching for: N1SCR04-722-FL16.ipt
2026-02-05 05:35:22 | IDW:   IDW relative structure: 24. Primary - DMS\20. N1SCR03 - Deslime Screen Station\722 Underpan\N1SCR04-722-FL16.ipt
2026-02-05 05:35:22 | IDW:   No smart match found for: N1SCR04-722-FL16.ipt
2026-02-05 05:35:22 | IDW:     (No mapping found - keeping current reference)
2026-02-05 05:35:22 | IDW:   Processing reference: N1SCR04-722-FL17.ipt
2026-02-05 05:35:22 | IDW:   Full path from IDW: C:\Users\Quintin\Documents\Spectiv\3. Working\24. Primary - DMS\20. N1SCR03 - Deslime Screen Station\722 Underpan\N1SCR04-722-FL17.ipt
2026-02-05 05:35:22 | IDW:   Method 2: Resolving actual file path
2026-02-05 05:35:22 | IDW:   Method 2: Resolved to: N1SCR04-722-FL17.ipt
2026-02-05 05:35:22 | IDW:   Method 3: Searching live assembly references
2026-02-05 05:35:22 | IDW:   Method 3: Found in assembly at: C:\Users\Quintin\Documents\Spectiv\3. Working\24. Primary - DMS\20. N1SCR03 - Deslime Screen Station\722 Underpan\N1SCR04-722-FL17.ipt
2026-02-05 05:35:22 | IDW:   Method 4: Trying smart path structure matching
2026-02-05 05:35:22 | IDW:   Smart matching for: N1SCR04-722-FL17.ipt
2026-02-05 05:35:22 | IDW:   IDW relative structure: 24. Primary - DMS\20. N1SCR03 - Deslime Screen Station\722 Underpan\N1SCR04-722-FL17.ipt
2026-02-05 05:35:22 | IDW:   No smart match found for: N1SCR04-722-FL17.ipt
2026-02-05 05:35:22 | IDW:     (No mapping found - keeping current reference)
2026-02-05 05:35:22 | IDW:   Processing reference: N1SCR04-722-FL18.ipt
2026-02-05 05:35:22 | IDW:   Full path from IDW: C:\Users\Quintin\Documents\Spectiv\3. Working\24. Primary - DMS\20. N1SCR03 - Deslime Screen Station\722 Underpan\N1SCR04-722-FL18.ipt
2026-02-05 05:35:22 | IDW:   Method 2: Resolving actual file path
2026-02-05 05:35:22 | IDW:   Method 2: Resolved to: N1SCR04-722-FL18.ipt
2026-02-05 05:35:22 | IDW:   Method 3: Searching live assembly references
2026-02-05 05:35:22 | IDW:   Method 3: Found in assembly at: C:\Users\Quintin\Documents\Spectiv\3. Working\24. Primary - DMS\20. N1SCR03 - Deslime Screen Station\722 Underpan\N1SCR04-722-FL18.ipt
2026-02-05 05:35:22 | IDW:   Method 4: Trying smart path structure matching
2026-02-05 05:35:22 | IDW:   Smart matching for: N1SCR04-722-FL18.ipt
2026-02-05 05:35:22 | IDW:   IDW relative structure: 24. Primary - DMS\20. N1SCR03 - Deslime Screen Station\722 Underpan\N1SCR04-722-FL18.ipt
2026-02-05 05:35:22 | IDW:   No smart match found for: N1SCR04-722-FL18.ipt
2026-02-05 05:35:22 | IDW:     (No mapping found - keeping current reference)
2026-02-05 05:35:23 | IDW:   Processing reference: N1SCR04-722-FL19.ipt
2026-02-05 05:35:23 | IDW:   Full path from IDW: C:\Users\Quintin\Documents\Spectiv\3. Working\24. Primary - DMS\20. N1SCR03 - Deslime Screen Station\722 Underpan\N1SCR04-722-FL19.ipt
2026-02-05 05:35:23 | IDW:   Method 2: Resolving actual file path
2026-02-05 05:35:23 | IDW:   Method 2: Resolved to: N1SCR04-722-FL19.ipt
2026-02-05 05:35:23 | IDW:   Method 3: Searching live assembly references
2026-02-05 05:35:23 | IDW:   Method 3: Found in assembly at: C:\Users\Quintin\Documents\Spectiv\3. Working\24. Primary - DMS\20. N1SCR03 - Deslime Screen Station\722 Underpan\N1SCR04-722-FL19.ipt
2026-02-05 05:35:23 | IDW:   Method 4: Trying smart path structure matching
2026-02-05 05:35:23 | IDW:   Smart matching for: N1SCR04-722-FL19.ipt
2026-02-05 05:35:23 | IDW:   IDW relative structure: 24. Primary - DMS\20. N1SCR03 - Deslime Screen Station\722 Underpan\N1SCR04-722-FL19.ipt
2026-02-05 05:35:23 | IDW:   No smart match found for: N1SCR04-722-FL19.ipt
2026-02-05 05:35:23 | IDW:     (No mapping found - keeping current reference)
2026-02-05 05:35:23 | IDW:   Processing reference: N1SCR04-722-FL2.ipt
2026-02-05 05:35:23 | IDW:   Full path from IDW: C:\Users\Quintin\Documents\Spectiv\3. Working\24. Primary - DMS\20. N1SCR03 - Deslime Screen Station\722 Underpan\N1SCR04-722-FL2.ipt
2026-02-05 05:35:23 | IDW:   Method 2: Resolving actual file path
2026-02-05 05:35:23 | IDW:   Method 2: Resolved to: N1SCR04-722-FL2.ipt
2026-02-05 05:35:23 | IDW:   Method 3: Searching live assembly references
2026-02-05 05:35:23 | IDW:   Method 3: Found in assembly at: C:\Users\Quintin\Documents\Spectiv\3. Working\24. Primary - DMS\20. N1SCR03 - Deslime Screen Station\722 Underpan\N1SCR04-722-FL2.ipt
2026-02-05 05:35:23 | IDW:   Method 4: Trying smart path structure matching
2026-02-05 05:35:23 | IDW:   Smart matching for: N1SCR04-722-FL2.ipt
2026-02-05 05:35:23 | IDW:   IDW relative structure: 24. Primary - DMS\20. N1SCR03 - Deslime Screen Station\722 Underpan\N1SCR04-722-FL2.ipt
2026-02-05 05:35:23 | IDW:   No smart match found for: N1SCR04-722-FL2.ipt
2026-02-05 05:35:23 | IDW:     (No mapping found - keeping current reference)
2026-02-05 05:35:23 | IDW:   Processing reference: N1SCR04-722-FL20.ipt
2026-02-05 05:35:23 | IDW:   Full path from IDW: C:\Users\Quintin\Documents\Spectiv\3. Working\24. Primary - DMS\20. N1SCR03 - Deslime Screen Station\722 Underpan\N1SCR04-722-FL20.ipt
2026-02-05 05:35:23 | IDW:   Method 2: Resolving actual file path
2026-02-05 05:35:23 | IDW:   Method 2: Resolved to: N1SCR04-722-FL20.ipt
2026-02-05 05:35:23 | IDW:   Method 3: Searching live assembly references
2026-02-05 05:35:23 | IDW:   Method 3: Found in assembly at: C:\Users\Quintin\Documents\Spectiv\3. Working\24. Primary - DMS\20. N1SCR03 - Deslime Screen Station\722 Underpan\N1SCR04-722-FL20.ipt
2026-02-05 05:35:23 | IDW:   Method 4: Trying smart path structure matching
2026-02-05 05:35:23 | IDW:   Smart matching for: N1SCR04-722-FL20.ipt
2026-02-05 05:35:23 | IDW:   IDW relative structure: 24. Primary - DMS\20. N1SCR03 - Deslime Screen Station\722 Underpan\N1SCR04-722-FL20.ipt
2026-02-05 05:35:23 | IDW:   No smart match found for: N1SCR04-722-FL20.ipt
2026-02-05 05:35:23 | IDW:     (No mapping found - keeping current reference)
2026-02-05 05:35:23 | IDW:   Processing reference: N1SCR04-722-FL21.ipt
2026-02-05 05:35:23 | IDW:   Full path from IDW: C:\Users\Quintin\Documents\Spectiv\3. Working\24. Primary - DMS\20. N1SCR03 - Deslime Screen Station\722 Underpan\N1SCR04-722-FL21.ipt
2026-02-05 05:35:23 | IDW:   Method 2: Resolving actual file path
2026-02-05 05:35:23 | IDW:   Method 2: Resolved to: N1SCR04-722-FL21.ipt
2026-02-05 05:35:23 | IDW:   Method 3: Searching live assembly references
2026-02-05 05:35:23 | IDW:   Method 3: Found in assembly at: C:\Users\Quintin\Documents\Spectiv\3. Working\24. Primary - DMS\20. N1SCR03 - Deslime Screen Station\722 Underpan\N1SCR04-722-FL21.ipt
2026-02-05 05:35:23 | IDW:   Method 4: Trying smart path structure matching
2026-02-05 05:35:23 | IDW:   Smart matching for: N1SCR04-722-FL21.ipt
2026-02-05 05:35:23 | IDW:   IDW relative structure: 24. Primary - DMS\20. N1SCR03 - Deslime Screen Station\722 Underpan\N1SCR04-722-FL21.ipt
2026-02-05 05:35:23 | IDW:   No smart match found for: N1SCR04-722-FL21.ipt
2026-02-05 05:35:23 | IDW:     (No mapping found - keeping current reference)
2026-02-05 05:35:23 | IDW:   Processing reference: N1SCR04-722-FL22.ipt
2026-02-05 05:35:23 | IDW:   Full path from IDW: C:\Users\Quintin\Documents\Spectiv\3. Working\24. Primary - DMS\20. N1SCR03 - Deslime Screen Station\722 Underpan\N1SCR04-722-FL22.ipt
2026-02-05 05:35:23 | IDW:   Method 2: Resolving actual file path
2026-02-05 05:35:23 | IDW:   Method 2: Resolved to: N1SCR04-722-FL22.ipt
2026-02-05 05:35:23 | IDW:   Method 3: Searching live assembly references
2026-02-05 05:35:23 | IDW:   Method 3: Found in assembly at: C:\Users\Quintin\Documents\Spectiv\3. Working\24. Primary - DMS\20. N1SCR03 - Deslime Screen Station\722 Underpan\N1SCR04-722-FL22.ipt
2026-02-05 05:35:23 | IDW:   Method 4: Trying smart path structure matching
2026-02-05 05:35:23 | IDW:   Smart matching for: N1SCR04-722-FL22.ipt
2026-02-05 05:35:23 | IDW:   IDW relative structure: 24. Primary - DMS\20. N1SCR03 - Deslime Screen Station\722 Underpan\N1SCR04-722-FL22.ipt
2026-02-05 05:35:23 | IDW:   No smart match found for: N1SCR04-722-FL22.ipt
2026-02-05 05:35:23 | IDW:     (No mapping found - keeping current reference)
2026-02-05 05:35:23 | IDW:   Processing reference: N1SCR04-722-FL23.ipt
2026-02-05 05:35:23 | IDW:   Full path from IDW: C:\Users\Quintin\Documents\Spectiv\3. Working\24. Primary - DMS\20. N1SCR03 - Deslime Screen Station\722 Underpan\N1SCR04-722-FL23.ipt
2026-02-05 05:35:23 | IDW:   Method 2: Resolving actual file path
2026-02-05 05:35:23 | IDW:   Method 2: Resolved to: N1SCR04-722-FL23.ipt
2026-02-05 05:35:23 | IDW:   Method 3: Searching live assembly references
2026-02-05 05:35:23 | IDW:   Method 3: Found in assembly at: C:\Users\Quintin\Documents\Spectiv\3. Working\24. Primary - DMS\20. N1SCR03 - Deslime Screen Station\722 Underpan\N1SCR04-722-FL23.ipt
2026-02-05 05:35:23 | IDW:   Method 4: Trying smart path structure matching
2026-02-05 05:35:23 | IDW:   Smart matching for: N1SCR04-722-FL23.ipt
2026-02-05 05:35:23 | IDW:   IDW relative structure: 24. Primary - DMS\20. N1SCR03 - Deslime Screen Station\722 Underpan\N1SCR04-722-FL23.ipt
2026-02-05 05:35:23 | IDW:   No smart match found for: N1SCR04-722-FL23.ipt
2026-02-05 05:35:23 | IDW:     (No mapping found - keeping current reference)
2026-02-05 05:35:23 | IDW:   Processing reference: N1SCR04-722-FL24.ipt
2026-02-05 05:35:23 | IDW:   Full path from IDW: C:\Users\Quintin\Documents\Spectiv\3. Working\24. Primary - DMS\20. N1SCR03 - Deslime Screen Station\722 Underpan\N1SCR04-722-FL24.ipt
2026-02-05 05:35:23 | IDW:   Method 2: Resolving actual file path
2026-02-05 05:35:23 | IDW:   Method 2: Resolved to: N1SCR04-722-FL24.ipt
2026-02-05 05:35:23 | IDW:   Method 3: Searching live assembly references
2026-02-05 05:35:23 | IDW:   Method 3: Found in assembly at: C:\Users\Quintin\Documents\Spectiv\3. Working\24. Primary - DMS\20. N1SCR03 - Deslime Screen Station\722 Underpan\N1SCR04-722-FL24.ipt
2026-02-05 05:35:23 | IDW:   Method 4: Trying smart path structure matching
2026-02-05 05:35:23 | IDW:   Smart matching for: N1SCR04-722-FL24.ipt
2026-02-05 05:35:23 | IDW:   IDW relative structure: 24. Primary - DMS\20. N1SCR03 - Deslime Screen Station\722 Underpan\N1SCR04-722-FL24.ipt
2026-02-05 05:35:23 | IDW:   No smart match found for: N1SCR04-722-FL24.ipt
2026-02-05 05:35:23 | IDW:     (No mapping found - keeping current reference)
2026-02-05 05:35:23 | IDW:   Processing reference: N1SCR04-722-FL25.ipt
2026-02-05 05:35:23 | IDW:   Full path from IDW: C:\Users\Quintin\Documents\Spectiv\3. Working\24. Primary - DMS\20. N1SCR03 - Deslime Screen Station\722 Underpan\N1SCR04-722-FL25.ipt
2026-02-05 05:35:23 | IDW:   Method 2: Resolving actual file path
2026-02-05 05:35:23 | IDW:   Method 2: Resolved to: N1SCR04-722-FL25.ipt
2026-02-05 05:35:23 | IDW:   Method 3: Searching live assembly references
2026-02-05 05:35:23 | IDW:   Method 3: Found in assembly at: C:\Users\Quintin\Documents\Spectiv\3. Working\24. Primary - DMS\20. N1SCR03 - Deslime Screen Station\722 Underpan\N1SCR04-722-FL25.ipt
2026-02-05 05:35:23 | IDW:   Method 4: Trying smart path structure matching
2026-02-05 05:35:23 | IDW:   Smart matching for: N1SCR04-722-FL25.ipt
2026-02-05 05:35:23 | IDW:   IDW relative structure: 24. Primary - DMS\20. N1SCR03 - Deslime Screen Station\722 Underpan\N1SCR04-722-FL25.ipt
2026-02-05 05:35:23 | IDW:   No smart match found for: N1SCR04-722-FL25.ipt
2026-02-05 05:35:23 | IDW:     (No mapping found - keeping current reference)
2026-02-05 05:35:23 | IDW:   Processing reference: N1SCR04-722-FL26.ipt
2026-02-05 05:35:23 | IDW:   Full path from IDW: C:\Users\Quintin\Documents\Spectiv\3. Working\24. Primary - DMS\20. N1SCR03 - Deslime Screen Station\722 Underpan\N1SCR04-722-FL26.ipt
2026-02-05 05:35:23 | IDW:   Method 2: Resolving actual file path
2026-02-05 05:35:23 | IDW:   Method 2: Resolved to: N1SCR04-722-FL26.ipt
2026-02-05 05:35:23 | IDW:   Method 3: Searching live assembly references
2026-02-05 05:35:23 | IDW:   Method 3: Found in assembly at: C:\Users\Quintin\Documents\Spectiv\3. Working\24. Primary - DMS\20. N1SCR03 - Deslime Screen Station\722 Underpan\N1SCR04-722-FL26.ipt
2026-02-05 05:35:23 | IDW:   Method 4: Trying smart path structure matching
2026-02-05 05:35:23 | IDW:   Smart matching for: N1SCR04-722-FL26.ipt
2026-02-05 05:35:23 | IDW:   IDW relative structure: 24. Primary - DMS\20. N1SCR03 - Deslime Screen Station\722 Underpan\N1SCR04-722-FL26.ipt
2026-02-05 05:35:23 | IDW:   No smart match found for: N1SCR04-722-FL26.ipt
2026-02-05 05:35:23 | IDW:     (No mapping found - keeping current reference)
2026-02-05 05:35:23 | IDW:   Processing reference: N1SCR04-722-FL27.ipt
2026-02-05 05:35:23 | IDW:   Full path from IDW: C:\Users\Quintin\Documents\Spectiv\3. Working\24. Primary - DMS\20. N1SCR03 - Deslime Screen Station\722 Underpan\N1SCR04-722-FL27.ipt
2026-02-05 05:35:23 | IDW:   Method 2: Resolving actual file path
2026-02-05 05:35:23 | IDW:   Method 2: Resolved to: N1SCR04-722-FL27.ipt
2026-02-05 05:35:23 | IDW:   Method 3: Searching live assembly references
2026-02-05 05:35:23 | IDW:   Method 3: Found in assembly at: C:\Users\Quintin\Documents\Spectiv\3. Working\24. Primary - DMS\20. N1SCR03 - Deslime Screen Station\722 Underpan\N1SCR04-722-FL27.ipt
2026-02-05 05:35:23 | IDW:   Method 4: Trying smart path structure matching
2026-02-05 05:35:23 | IDW:   Smart matching for: N1SCR04-722-FL27.ipt
2026-02-05 05:35:23 | IDW:   IDW relative structure: 24. Primary - DMS\20. N1SCR03 - Deslime Screen Station\722 Underpan\N1SCR04-722-FL27.ipt
2026-02-05 05:35:23 | IDW:   No smart match found for: N1SCR04-722-FL27.ipt
2026-02-05 05:35:23 | IDW:     (No mapping found - keeping current reference)
2026-02-05 05:35:23 | IDW:   Processing reference: N1SCR04-722-FL3.ipt
2026-02-05 05:35:23 | IDW:   Full path from IDW: C:\Users\Quintin\Documents\Spectiv\3. Working\24. Primary - DMS\20. N1SCR03 - Deslime Screen Station\722 Underpan\N1SCR04-722-FL3.ipt
2026-02-05 05:35:23 | IDW:   Method 2: Resolving actual file path
2026-02-05 05:35:23 | IDW:   Method 2: Resolved to: N1SCR04-722-FL3.ipt
2026-02-05 05:35:23 | IDW:   Method 3: Searching live assembly references
2026-02-05 05:35:23 | IDW:   Method 3: Found in assembly at: C:\Users\Quintin\Documents\Spectiv\3. Working\24. Primary - DMS\20. N1SCR03 - Deslime Screen Station\722 Underpan\N1SCR04-722-FL3.ipt
2026-02-05 05:35:23 | IDW:   Method 4: Trying smart path structure matching
2026-02-05 05:35:23 | IDW:   Smart matching for: N1SCR04-722-FL3.ipt
2026-02-05 05:35:23 | IDW:   IDW relative structure: 24. Primary - DMS\20. N1SCR03 - Deslime Screen Station\722 Underpan\N1SCR04-722-FL3.ipt
2026-02-05 05:35:23 | IDW:   No smart match found for: N1SCR04-722-FL3.ipt
2026-02-05 05:35:23 | IDW:     (No mapping found - keeping current reference)
2026-02-05 05:35:23 | IDW:   Processing reference: N1SCR04-722-FL4.ipt
2026-02-05 05:35:23 | IDW:   Full path from IDW: C:\Users\Quintin\Documents\Spectiv\3. Working\24. Primary - DMS\20. N1SCR03 - Deslime Screen Station\722 Underpan\N1SCR04-722-FL4.ipt
2026-02-05 05:35:23 | IDW:   Method 2: Resolving actual file path
2026-02-05 05:35:23 | IDW:   Method 2: Resolved to: N1SCR04-722-FL4.ipt
2026-02-05 05:35:23 | IDW:   Method 3: Searching live assembly references
2026-02-05 05:35:23 | IDW:   Method 3: Found in assembly at: C:\Users\Quintin\Documents\Spectiv\3. Working\24. Primary - DMS\20. N1SCR03 - Deslime Screen Station\722 Underpan\N1SCR04-722-FL4.ipt
2026-02-05 05:35:23 | IDW:   Method 4: Trying smart path structure matching
2026-02-05 05:35:23 | IDW:   Smart matching for: N1SCR04-722-FL4.ipt
2026-02-05 05:35:23 | IDW:   IDW relative structure: 24. Primary - DMS\20. N1SCR03 - Deslime Screen Station\722 Underpan\N1SCR04-722-FL4.ipt
2026-02-05 05:35:23 | IDW:   No smart match found for: N1SCR04-722-FL4.ipt
2026-02-05 05:35:23 | IDW:     (No mapping found - keeping current reference)
2026-02-05 05:35:23 | IDW:   Processing reference: N1SCR04-722-FL5.ipt
2026-02-05 05:35:23 | IDW:   Full path from IDW: C:\Users\Quintin\Documents\Spectiv\3. Working\24. Primary - DMS\20. N1SCR03 - Deslime Screen Station\722 Underpan\N1SCR04-722-FL5.ipt
2026-02-05 05:35:23 | IDW:   Method 2: Resolving actual file path
2026-02-05 05:35:23 | IDW:   Method 2: Resolved to: N1SCR04-722-FL5.ipt
2026-02-05 05:35:23 | IDW:   Method 3: Searching live assembly references
2026-02-05 05:35:23 | IDW:   Method 3: Found in assembly at: C:\Users\Quintin\Documents\Spectiv\3. Working\24. Primary - DMS\20. N1SCR03 - Deslime Screen Station\722 Underpan\N1SCR04-722-FL5.ipt
2026-02-05 05:35:23 | IDW:   Method 4: Trying smart path structure matching
2026-02-05 05:35:23 | IDW:   Smart matching for: N1SCR04-722-FL5.ipt
2026-02-05 05:35:23 | IDW:   IDW relative structure: 24. Primary - DMS\20. N1SCR03 - Deslime Screen Station\722 Underpan\N1SCR04-722-FL5.ipt
2026-02-05 05:35:23 | IDW:   No smart match found for: N1SCR04-722-FL5.ipt
2026-02-05 05:35:23 | IDW:     (No mapping found - keeping current reference)
2026-02-05 05:35:23 | IDW:   Processing reference: N1SCR04-722-FL6.ipt
2026-02-05 05:35:23 | IDW:   Full path from IDW: C:\Users\Quintin\Documents\Spectiv\3. Working\24. Primary - DMS\20. N1SCR03 - Deslime Screen Station\722 Underpan\N1SCR04-722-FL6.ipt
2026-02-05 05:35:23 | IDW:   Method 2: Resolving actual file path
2026-02-05 05:35:23 | IDW:   Method 2: Resolved to: N1SCR04-722-FL6.ipt
2026-02-05 05:35:23 | IDW:   Method 3: Searching live assembly references
2026-02-05 05:35:23 | IDW:   Method 3: Found in assembly at: C:\Users\Quintin\Documents\Spectiv\3. Working\24. Primary - DMS\20. N1SCR03 - Deslime Screen Station\722 Underpan\N1SCR04-722-FL6.ipt
2026-02-05 05:35:23 | IDW:   Method 4: Trying smart path structure matching
2026-02-05 05:35:23 | IDW:   Smart matching for: N1SCR04-722-FL6.ipt
2026-02-05 05:35:23 | IDW:   IDW relative structure: 24. Primary - DMS\20. N1SCR03 - Deslime Screen Station\722 Underpan\N1SCR04-722-FL6.ipt
2026-02-05 05:35:23 | IDW:   No smart match found for: N1SCR04-722-FL6.ipt
2026-02-05 05:35:23 | IDW:     (No mapping found - keeping current reference)
2026-02-05 05:35:23 | IDW:   Processing reference: N1SCR04-722-FL7.ipt
2026-02-05 05:35:23 | IDW:   Full path from IDW: C:\Users\Quintin\Documents\Spectiv\3. Working\24. Primary - DMS\20. N1SCR03 - Deslime Screen Station\722 Underpan\N1SCR04-722-FL7.ipt
2026-02-05 05:35:23 | IDW:   Method 2: Resolving actual file path
2026-02-05 05:35:23 | IDW:   Method 2: Resolved to: N1SCR04-722-FL7.ipt
2026-02-05 05:35:23 | IDW:   Method 3: Searching live assembly references
2026-02-05 05:35:23 | IDW:   Method 3: Found in assembly at: C:\Users\Quintin\Documents\Spectiv\3. Working\24. Primary - DMS\20. N1SCR03 - Deslime Screen Station\722 Underpan\N1SCR04-722-FL7.ipt
2026-02-05 05:35:23 | IDW:   Method 4: Trying smart path structure matching
2026-02-05 05:35:23 | IDW:   Smart matching for: N1SCR04-722-FL7.ipt
2026-02-05 05:35:23 | IDW:   IDW relative structure: 24. Primary - DMS\20. N1SCR03 - Deslime Screen Station\722 Underpan\N1SCR04-722-FL7.ipt
2026-02-05 05:35:23 | IDW:   No smart match found for: N1SCR04-722-FL7.ipt
2026-02-05 05:35:23 | IDW:     (No mapping found - keeping current reference)
2026-02-05 05:35:23 | IDW:   Processing reference: N1SCR04-722-FL8.ipt
2026-02-05 05:35:23 | IDW:   Full path from IDW: C:\Users\Quintin\Documents\Spectiv\3. Working\24. Primary - DMS\20. N1SCR03 - Deslime Screen Station\722 Underpan\N1SCR04-722-FL8.ipt
2026-02-05 05:35:23 | IDW:   Method 2: Resolving actual file path
2026-02-05 05:35:23 | IDW:   Method 2: Resolved to: N1SCR04-722-FL8.ipt
2026-02-05 05:35:23 | IDW:   Method 3: Searching live assembly references
2026-02-05 05:35:23 | IDW:   Method 3: Found in assembly at: C:\Users\Quintin\Documents\Spectiv\3. Working\24. Primary - DMS\20. N1SCR03 - Deslime Screen Station\722 Underpan\N1SCR04-722-FL8.ipt
2026-02-05 05:35:23 | IDW:   Method 4: Trying smart path structure matching
2026-02-05 05:35:23 | IDW:   Smart matching for: N1SCR04-722-FL8.ipt
2026-02-05 05:35:23 | IDW:   IDW relative structure: 24. Primary - DMS\20. N1SCR03 - Deslime Screen Station\722 Underpan\N1SCR04-722-FL8.ipt
2026-02-05 05:35:23 | IDW:   No smart match found for: N1SCR04-722-FL8.ipt
2026-02-05 05:35:23 | IDW:     (No mapping found - keeping current reference)
2026-02-05 05:35:23 | IDW:   Processing reference: N1SCR04-722-FL9.ipt
2026-02-05 05:35:23 | IDW:   Full path from IDW: C:\Users\Quintin\Documents\Spectiv\3. Working\24. Primary - DMS\20. N1SCR03 - Deslime Screen Station\722 Underpan\N1SCR04-722-FL9.ipt
2026-02-05 05:35:23 | IDW:   Method 2: Resolving actual file path
2026-02-05 05:35:23 | IDW:   Method 2: Resolved to: N1SCR04-722-FL9.ipt
2026-02-05 05:35:23 | IDW:   Method 3: Searching live assembly references
2026-02-05 05:35:23 | IDW:   Method 3: Found in assembly at: C:\Users\Quintin\Documents\Spectiv\3. Working\24. Primary - DMS\20. N1SCR03 - Deslime Screen Station\722 Underpan\N1SCR04-722-FL9.ipt
2026-02-05 05:35:23 | IDW:   Method 4: Trying smart path structure matching
2026-02-05 05:35:23 | IDW:   Smart matching for: N1SCR04-722-FL9.ipt
2026-02-05 05:35:23 | IDW:   IDW relative structure: 24. Primary - DMS\20. N1SCR03 - Deslime Screen Station\722 Underpan\N1SCR04-722-FL9.ipt
2026-02-05 05:35:23 | IDW:   No smart match found for: N1SCR04-722-FL9.ipt
2026-02-05 05:35:23 | IDW:     (No mapping found - keeping current reference)
2026-02-05 05:35:23 | IDW:   Processing reference: N1SCR04-722-PL1.ipt
2026-02-05 05:35:23 | IDW:   Full path from IDW: C:\Users\Quintin\Documents\Spectiv\3. Working\24. Primary - DMS\20. N1SCR03 - Deslime Screen Station\722 Underpan\N1SCR04-722-PL1.ipt
2026-02-05 05:35:23 | IDW:   Method 2: Resolving actual file path
2026-02-05 05:35:23 | IDW:   Method 2: Resolved to: N1SCR04-722-PL1.ipt
2026-02-05 05:35:23 | IDW:   Method 3: Searching live assembly references
2026-02-05 05:35:23 | IDW:   Method 3: Found in assembly at: C:\Users\Quintin\Documents\Spectiv\3. Working\24. Primary - DMS\20. N1SCR03 - Deslime Screen Station\722 Underpan\N1SCR04-722-PL1.ipt
2026-02-05 05:35:23 | IDW:   Method 4: Trying smart path structure matching
2026-02-05 05:35:23 | IDW:   Smart matching for: N1SCR04-722-PL1.ipt
2026-02-05 05:35:23 | IDW:   IDW relative structure: 24. Primary - DMS\20. N1SCR03 - Deslime Screen Station\722 Underpan\N1SCR04-722-PL1.ipt
2026-02-05 05:35:23 | IDW:   No smart match found for: N1SCR04-722-PL1.ipt
2026-02-05 05:35:23 | IDW:     (No mapping found - keeping current reference)
2026-02-05 05:35:23 | IDW:   Processing reference: N1SCR04-722-PL10.ipt
2026-02-05 05:35:23 | IDW:   Full path from IDW: C:\Users\Quintin\Documents\Spectiv\3. Working\24. Primary - DMS\20. N1SCR03 - Deslime Screen Station\722 Underpan\N1SCR04-722-PL10.ipt
2026-02-05 05:35:23 | IDW:   Method 2: Resolving actual file path
2026-02-05 05:35:23 | IDW:   Method 2: Resolved to: N1SCR04-722-PL10.ipt
2026-02-05 05:35:23 | IDW:   Method 3: Searching live assembly references
2026-02-05 05:35:23 | IDW:   Method 3: Found in assembly at: C:\Users\Quintin\Documents\Spectiv\3. Working\24. Primary - DMS\20. N1SCR03 - Deslime Screen Station\722 Underpan\N1SCR04-722-PL10.ipt
2026-02-05 05:35:23 | IDW:   Method 4: Trying smart path structure matching
2026-02-05 05:35:23 | IDW:   Smart matching for: N1SCR04-722-PL10.ipt
2026-02-05 05:35:23 | IDW:   IDW relative structure: 24. Primary - DMS\20. N1SCR03 - Deslime Screen Station\722 Underpan\N1SCR04-722-PL10.ipt
2026-02-05 05:35:23 | IDW:   No smart match found for: N1SCR04-722-PL10.ipt
2026-02-05 05:35:23 | IDW:     (No mapping found - keeping current reference)
2026-02-05 05:35:23 | IDW:   Processing reference: N1SCR04-722-PL11.ipt
2026-02-05 05:35:23 | IDW:   Full path from IDW: C:\Users\Quintin\Documents\Spectiv\3. Working\24. Primary - DMS\20. N1SCR03 - Deslime Screen Station\722 Underpan\N1SCR04-722-PL11.ipt
2026-02-05 05:35:23 | IDW:   Method 2: Resolving actual file path
2026-02-05 05:35:23 | IDW:   Method 2: Resolved to: N1SCR04-722-PL11.ipt
2026-02-05 05:35:23 | IDW:   Method 3: Searching live assembly references
2026-02-05 05:35:23 | IDW:   Method 3: Found in assembly at: C:\Users\Quintin\Documents\Spectiv\3. Working\24. Primary - DMS\20. N1SCR03 - Deslime Screen Station\722 Underpan\N1SCR04-722-PL11.ipt
2026-02-05 05:35:23 | IDW:   Method 4: Trying smart path structure matching
2026-02-05 05:35:23 | IDW:   Smart matching for: N1SCR04-722-PL11.ipt
2026-02-05 05:35:23 | IDW:   IDW relative structure: 24. Primary - DMS\20. N1SCR03 - Deslime Screen Station\722 Underpan\N1SCR04-722-PL11.ipt
2026-02-05 05:35:23 | IDW:   No smart match found for: N1SCR04-722-PL11.ipt
2026-02-05 05:35:23 | IDW:     (No mapping found - keeping current reference)
2026-02-05 05:35:23 | IDW:   Processing reference: N1SCR04-722-PL12.ipt
2026-02-05 05:35:23 | IDW:   Full path from IDW: C:\Users\Quintin\Documents\Spectiv\3. Working\24. Primary - DMS\20. N1SCR03 - Deslime Screen Station\722 Underpan\N1SCR04-722-PL12.ipt
2026-02-05 05:35:23 | IDW:   Method 2: Resolving actual file path
2026-02-05 05:35:23 | IDW:   Method 2: Resolved to: N1SCR04-722-PL12.ipt
2026-02-05 05:35:23 | IDW:   Method 3: Searching live assembly references
2026-02-05 05:35:23 | IDW:   Method 3: Found in assembly at: C:\Users\Quintin\Documents\Spectiv\3. Working\24. Primary - DMS\20. N1SCR03 - Deslime Screen Station\722 Underpan\N1SCR04-722-PL12.ipt
2026-02-05 05:35:23 | IDW:   Method 4: Trying smart path structure matching
2026-02-05 05:35:23 | IDW:   Smart matching for: N1SCR04-722-PL12.ipt
2026-02-05 05:35:23 | IDW:   IDW relative structure: 24. Primary - DMS\20. N1SCR03 - Deslime Screen Station\722 Underpan\N1SCR04-722-PL12.ipt
2026-02-05 05:35:23 | IDW:   No smart match found for: N1SCR04-722-PL12.ipt
2026-02-05 05:35:23 | IDW:     (No mapping found - keeping current reference)
2026-02-05 05:35:23 | IDW:   Processing reference: N1SCR04-722-PL13.ipt
2026-02-05 05:35:23 | IDW:   Full path from IDW: C:\Users\Quintin\Documents\Spectiv\3. Working\24. Primary - DMS\20. N1SCR03 - Deslime Screen Station\722 Underpan\N1SCR04-722-PL13.ipt
2026-02-05 05:35:23 | IDW:   Method 2: Resolving actual file path
2026-02-05 05:35:23 | IDW:   Method 2: Resolved to: N1SCR04-722-PL13.ipt
2026-02-05 05:35:23 | IDW:   Method 3: Searching live assembly references
2026-02-05 05:35:23 | IDW:   Method 3: Found in assembly at: C:\Users\Quintin\Documents\Spectiv\3. Working\24. Primary - DMS\20. N1SCR03 - Deslime Screen Station\722 Underpan\N1SCR04-722-PL13.ipt
2026-02-05 05:35:23 | IDW:   Method 4: Trying smart path structure matching
2026-02-05 05:35:23 | IDW:   Smart matching for: N1SCR04-722-PL13.ipt
2026-02-05 05:35:23 | IDW:   IDW relative structure: 24. Primary - DMS\20. N1SCR03 - Deslime Screen Station\722 Underpan\N1SCR04-722-PL13.ipt
2026-02-05 05:35:23 | IDW:   No smart match found for: N1SCR04-722-PL13.ipt
2026-02-05 05:35:23 | IDW:     (No mapping found - keeping current reference)
2026-02-05 05:35:23 | IDW:   Processing reference: N1SCR04-722-PL14.ipt
2026-02-05 05:35:23 | IDW:   Full path from IDW: C:\Users\Quintin\Documents\Spectiv\3. Working\24. Primary - DMS\20. N1SCR03 - Deslime Screen Station\722 Underpan\N1SCR04-722-PL14.ipt
2026-02-05 05:35:23 | IDW:   Method 2: Resolving actual file path
2026-02-05 05:35:23 | IDW:   Method 2: Resolved to: N1SCR04-722-PL14.ipt
2026-02-05 05:35:23 | IDW:   Method 3: Searching live assembly references
2026-02-05 05:35:23 | IDW:   Method 3: Found in assembly at: C:\Users\Quintin\Documents\Spectiv\3. Working\24. Primary - DMS\20. N1SCR03 - Deslime Screen Station\722 Underpan\N1SCR04-722-PL14.ipt
2026-02-05 05:35:23 | IDW:   Method 4: Trying smart path structure matching
2026-02-05 05:35:23 | IDW:   Smart matching for: N1SCR04-722-PL14.ipt
2026-02-05 05:35:23 | IDW:   IDW relative structure: 24. Primary - DMS\20. N1SCR03 - Deslime Screen Station\722 Underpan\N1SCR04-722-PL14.ipt
2026-02-05 05:35:23 | IDW:   No smart match found for: N1SCR04-722-PL14.ipt
2026-02-05 05:35:23 | IDW:     (No mapping found - keeping current reference)
2026-02-05 05:35:23 | IDW:   Processing reference: N1SCR04-722-PL15.ipt
2026-02-05 05:35:23 | IDW:   Full path from IDW: C:\Users\Quintin\Documents\Spectiv\3. Working\24. Primary - DMS\20. N1SCR03 - Deslime Screen Station\722 Underpan\N1SCR04-722-PL15.ipt
2026-02-05 05:35:23 | IDW:   Method 2: Resolving actual file path
2026-02-05 05:35:23 | IDW:   Method 2: Resolved to: N1SCR04-722-PL15.ipt
2026-02-05 05:35:23 | IDW:   Method 3: Searching live assembly references
2026-02-05 05:35:23 | IDW:   Method 3: Found in assembly at: C:\Users\Quintin\Documents\Spectiv\3. Working\24. Primary - DMS\20. N1SCR03 - Deslime Screen Station\722 Underpan\N1SCR04-722-PL15.ipt
2026-02-05 05:35:23 | IDW:   Method 4: Trying smart path structure matching
2026-02-05 05:35:23 | IDW:   Smart matching for: N1SCR04-722-PL15.ipt
2026-02-05 05:35:23 | IDW:   IDW relative structure: 24. Primary - DMS\20. N1SCR03 - Deslime Screen Station\722 Underpan\N1SCR04-722-PL15.ipt
2026-02-05 05:35:23 | IDW:   No smart match found for: N1SCR04-722-PL15.ipt
2026-02-05 05:35:23 | IDW:     (No mapping found - keeping current reference)
2026-02-05 05:35:23 | IDW:   Processing reference: N1SCR04-722-PL16.ipt
2026-02-05 05:35:23 | IDW:   Full path from IDW: C:\Users\Quintin\Documents\Spectiv\3. Working\24. Primary - DMS\20. N1SCR03 - Deslime Screen Station\722 Underpan\N1SCR04-722-PL16.ipt
2026-02-05 05:35:23 | IDW:   Method 2: Resolving actual file path
2026-02-05 05:35:23 | IDW:   Method 2: Resolved to: N1SCR04-722-PL16.ipt
2026-02-05 05:35:23 | IDW:   Method 3: Searching live assembly references
2026-02-05 05:35:23 | IDW:   Method 3: Found in assembly at: C:\Users\Quintin\Documents\Spectiv\3. Working\24. Primary - DMS\20. N1SCR03 - Deslime Screen Station\722 Underpan\N1SCR04-722-PL16.ipt
2026-02-05 05:35:23 | IDW:   Method 4: Trying smart path structure matching
2026-02-05 05:35:23 | IDW:   Smart matching for: N1SCR04-722-PL16.ipt
2026-02-05 05:35:23 | IDW:   IDW relative structure: 24. Primary - DMS\20. N1SCR03 - Deslime Screen Station\722 Underpan\N1SCR04-722-PL16.ipt
2026-02-05 05:35:23 | IDW:   No smart match found for: N1SCR04-722-PL16.ipt
2026-02-05 05:35:23 | IDW:     (No mapping found - keeping current reference)
2026-02-05 05:35:23 | IDW:   Processing reference: N1SCR04-722-PL17.ipt
2026-02-05 05:35:23 | IDW:   Full path from IDW: C:\Users\Quintin\Documents\Spectiv\3. Working\24. Primary - DMS\20. N1SCR03 - Deslime Screen Station\722 Underpan\N1SCR04-722-PL17.ipt
2026-02-05 05:35:23 | IDW:   Method 2: Resolving actual file path
2026-02-05 05:35:23 | IDW:   Method 2: Resolved to: N1SCR04-722-PL17.ipt
2026-02-05 05:35:23 | IDW:   Method 3: Searching live assembly references
2026-02-05 05:35:23 | IDW:   Method 3: Found in assembly at: C:\Users\Quintin\Documents\Spectiv\3. Working\24. Primary - DMS\20. N1SCR03 - Deslime Screen Station\722 Underpan\N1SCR04-722-PL17.ipt
2026-02-05 05:35:23 | IDW:   Method 4: Trying smart path structure matching
2026-02-05 05:35:23 | IDW:   Smart matching for: N1SCR04-722-PL17.ipt
2026-02-05 05:35:23 | IDW:   IDW relative structure: 24. Primary - DMS\20. N1SCR03 - Deslime Screen Station\722 Underpan\N1SCR04-722-PL17.ipt
2026-02-05 05:35:23 | IDW:   No smart match found for: N1SCR04-722-PL17.ipt
2026-02-05 05:35:23 | IDW:     (No mapping found - keeping current reference)
2026-02-05 05:35:23 | IDW:   Processing reference: N1SCR04-722-PL18.ipt
2026-02-05 05:35:23 | IDW:   Full path from IDW: C:\Users\Quintin\Documents\Spectiv\3. Working\24. Primary - DMS\20. N1SCR03 - Deslime Screen Station\722 Underpan\N1SCR04-722-PL18.ipt
2026-02-05 05:35:23 | IDW:   Method 2: Resolving actual file path
2026-02-05 05:35:23 | IDW:   Method 2: Resolved to: N1SCR04-722-PL18.ipt
2026-02-05 05:35:23 | IDW:   Method 3: Searching live assembly references
2026-02-05 05:35:23 | IDW:   Method 3: Found in assembly at: C:\Users\Quintin\Documents\Spectiv\3. Working\24. Primary - DMS\20. N1SCR03 - Deslime Screen Station\722 Underpan\N1SCR04-722-PL18.ipt
2026-02-05 05:35:23 | IDW:   Method 4: Trying smart path structure matching
2026-02-05 05:35:23 | IDW:   Smart matching for: N1SCR04-722-PL18.ipt
2026-02-05 05:35:23 | IDW:   IDW relative structure: 24. Primary - DMS\20. N1SCR03 - Deslime Screen Station\722 Underpan\N1SCR04-722-PL18.ipt
2026-02-05 05:35:23 | IDW:   No smart match found for: N1SCR04-722-PL18.ipt
2026-02-05 05:35:23 | IDW:     (No mapping found - keeping current reference)
2026-02-05 05:35:23 | IDW:   Processing reference: N1SCR04-722-PL2.ipt
2026-02-05 05:35:23 | IDW:   Full path from IDW: C:\Users\Quintin\Documents\Spectiv\3. Working\24. Primary - DMS\20. N1SCR03 - Deslime Screen Station\722 Underpan\N1SCR04-722-PL2.ipt
2026-02-05 05:35:23 | IDW:   Method 2: Resolving actual file path
2026-02-05 05:35:23 | IDW:   Method 2: Resolved to: N1SCR04-722-PL2.ipt
2026-02-05 05:35:23 | IDW:   Method 3: Searching live assembly references
2026-02-05 05:35:23 | IDW:   Method 3: Found in assembly at: C:\Users\Quintin\Documents\Spectiv\3. Working\24. Primary - DMS\20. N1SCR03 - Deslime Screen Station\722 Underpan\N1SCR04-722-PL2.ipt
2026-02-05 05:35:23 | IDW:   Method 4: Trying smart path structure matching
2026-02-05 05:35:23 | IDW:   Smart matching for: N1SCR04-722-PL2.ipt
2026-02-05 05:35:23 | IDW:   IDW relative structure: 24. Primary - DMS\20. N1SCR03 - Deslime Screen Station\722 Underpan\N1SCR04-722-PL2.ipt
2026-02-05 05:35:23 | IDW:   No smart match found for: N1SCR04-722-PL2.ipt
2026-02-05 05:35:23 | IDW:     (No mapping found - keeping current reference)
2026-02-05 05:35:23 | IDW:   Processing reference: N1SCR04-722-PL3.ipt
2026-02-05 05:35:23 | IDW:   Full path from IDW: C:\Users\Quintin\Documents\Spectiv\3. Working\24. Primary - DMS\20. N1SCR03 - Deslime Screen Station\722 Underpan\N1SCR04-722-PL3.ipt
2026-02-05 05:35:23 | IDW:   Method 2: Resolving actual file path
2026-02-05 05:35:23 | IDW:   Method 2: Resolved to: N1SCR04-722-PL3.ipt
2026-02-05 05:35:23 | IDW:   Method 3: Searching live assembly references
2026-02-05 05:35:23 | IDW:   Method 3: Found in assembly at: C:\Users\Quintin\Documents\Spectiv\3. Working\24. Primary - DMS\20. N1SCR03 - Deslime Screen Station\722 Underpan\N1SCR04-722-PL3.ipt
2026-02-05 05:35:23 | IDW:   Method 4: Trying smart path structure matching
2026-02-05 05:35:23 | IDW:   Smart matching for: N1SCR04-722-PL3.ipt
2026-02-05 05:35:23 | IDW:   IDW relative structure: 24. Primary - DMS\20. N1SCR03 - Deslime Screen Station\722 Underpan\N1SCR04-722-PL3.ipt
2026-02-05 05:35:23 | IDW:   No smart match found for: N1SCR04-722-PL3.ipt
2026-02-05 05:35:23 | IDW:     (No mapping found - keeping current reference)
2026-02-05 05:35:23 | IDW:   Processing reference: N1SCR04-722-PL4.ipt
2026-02-05 05:35:23 | IDW:   Full path from IDW: C:\Users\Quintin\Documents\Spectiv\3. Working\24. Primary - DMS\20. N1SCR03 - Deslime Screen Station\722 Underpan\N1SCR04-722-PL4.ipt
2026-02-05 05:35:23 | IDW:   Method 2: Resolving actual file path
2026-02-05 05:35:23 | IDW:   Method 2: Resolved to: N1SCR04-722-PL4.ipt
2026-02-05 05:35:23 | IDW:   Method 3: Searching live assembly references
2026-02-05 05:35:23 | IDW:   Method 3: Found in assembly at: C:\Users\Quintin\Documents\Spectiv\3. Working\24. Primary - DMS\20. N1SCR03 - Deslime Screen Station\722 Underpan\N1SCR04-722-PL4.ipt
2026-02-05 05:35:23 | IDW:   Method 4: Trying smart path structure matching
2026-02-05 05:35:23 | IDW:   Smart matching for: N1SCR04-722-PL4.ipt
2026-02-05 05:35:23 | IDW:   IDW relative structure: 24. Primary - DMS\20. N1SCR03 - Deslime Screen Station\722 Underpan\N1SCR04-722-PL4.ipt
2026-02-05 05:35:23 | IDW:   No smart match found for: N1SCR04-722-PL4.ipt
2026-02-05 05:35:23 | IDW:     (No mapping found - keeping current reference)
2026-02-05 05:35:23 | IDW:   Processing reference: N1SCR04-722-PL5.ipt
2026-02-05 05:35:23 | IDW:   Full path from IDW: C:\Users\Quintin\Documents\Spectiv\3. Working\24. Primary - DMS\20. N1SCR03 - Deslime Screen Station\722 Underpan\N1SCR04-722-PL5.ipt
2026-02-05 05:35:23 | IDW:   Method 2: Resolving actual file path
2026-02-05 05:35:23 | IDW:   Method 2: Resolved to: N1SCR04-722-PL5.ipt
2026-02-05 05:35:23 | IDW:   Method 3: Searching live assembly references
2026-02-05 05:35:23 | IDW:   Method 3: Found in assembly at: C:\Users\Quintin\Documents\Spectiv\3. Working\24. Primary - DMS\20. N1SCR03 - Deslime Screen Station\722 Underpan\N1SCR04-722-PL5.ipt
2026-02-05 05:35:23 | IDW:   Method 4: Trying smart path structure matching
2026-02-05 05:35:23 | IDW:   Smart matching for: N1SCR04-722-PL5.ipt
2026-02-05 05:35:23 | IDW:   IDW relative structure: 24. Primary - DMS\20. N1SCR03 - Deslime Screen Station\722 Underpan\N1SCR04-722-PL5.ipt
2026-02-05 05:35:23 | IDW:   No smart match found for: N1SCR04-722-PL5.ipt
2026-02-05 05:35:23 | IDW:     (No mapping found - keeping current reference)
2026-02-05 05:35:23 | IDW:   Processing reference: N1SCR04-722-PL6.ipt
2026-02-05 05:35:23 | IDW:   Full path from IDW: C:\Users\Quintin\Documents\Spectiv\3. Working\24. Primary - DMS\20. N1SCR03 - Deslime Screen Station\722 Underpan\N1SCR04-722-PL6.ipt
2026-02-05 05:35:23 | IDW:   Method 2: Resolving actual file path
2026-02-05 05:35:23 | IDW:   Method 2: Resolved to: N1SCR04-722-PL6.ipt
2026-02-05 05:35:23 | IDW:   Method 3: Searching live assembly references
2026-02-05 05:35:23 | IDW:   Method 3: Found in assembly at: C:\Users\Quintin\Documents\Spectiv\3. Working\24. Primary - DMS\20. N1SCR03 - Deslime Screen Station\722 Underpan\N1SCR04-722-PL6.ipt
2026-02-05 05:35:23 | IDW:   Method 4: Trying smart path structure matching
2026-02-05 05:35:23 | IDW:   Smart matching for: N1SCR04-722-PL6.ipt
2026-02-05 05:35:23 | IDW:   IDW relative structure: 24. Primary - DMS\20. N1SCR03 - Deslime Screen Station\722 Underpan\N1SCR04-722-PL6.ipt
2026-02-05 05:35:23 | IDW:   No smart match found for: N1SCR04-722-PL6.ipt
2026-02-05 05:35:23 | IDW:     (No mapping found - keeping current reference)
2026-02-05 05:35:23 | IDW:   Processing reference: N1SCR04-722-PL7.ipt
2026-02-05 05:35:23 | IDW:   Full path from IDW: C:\Users\Quintin\Documents\Spectiv\3. Working\24. Primary - DMS\20. N1SCR03 - Deslime Screen Station\722 Underpan\N1SCR04-722-PL7.ipt
2026-02-05 05:35:23 | IDW:   Method 2: Resolving actual file path
2026-02-05 05:35:23 | IDW:   Method 2: Resolved to: N1SCR04-722-PL7.ipt
2026-02-05 05:35:23 | IDW:   Method 3: Searching live assembly references
2026-02-05 05:35:23 | IDW:   Method 3: Found in assembly at: C:\Users\Quintin\Documents\Spectiv\3. Working\24. Primary - DMS\20. N1SCR03 - Deslime Screen Station\722 Underpan\N1SCR04-722-PL7.ipt
2026-02-05 05:35:23 | IDW:   Method 4: Trying smart path structure matching
2026-02-05 05:35:23 | IDW:   Smart matching for: N1SCR04-722-PL7.ipt
2026-02-05 05:35:23 | IDW:   IDW relative structure: 24. Primary - DMS\20. N1SCR03 - Deslime Screen Station\722 Underpan\N1SCR04-722-PL7.ipt
2026-02-05 05:35:23 | IDW:   No smart match found for: N1SCR04-722-PL7.ipt
2026-02-05 05:35:23 | IDW:     (No mapping found - keeping current reference)
2026-02-05 05:35:23 | IDW:   Processing reference: N1SCR04-722-PL8.ipt
2026-02-05 05:35:23 | IDW:   Full path from IDW: C:\Users\Quintin\Documents\Spectiv\3. Working\24. Primary - DMS\20. N1SCR03 - Deslime Screen Station\722 Underpan\N1SCR04-722-PL8.ipt
2026-02-05 05:35:23 | IDW:   Method 2: Resolving actual file path
2026-02-05 05:35:23 | IDW:   Method 2: Resolved to: N1SCR04-722-PL8.ipt
2026-02-05 05:35:23 | IDW:   Method 3: Searching live assembly references
2026-02-05 05:35:23 | IDW:   Method 3: Found in assembly at: C:\Users\Quintin\Documents\Spectiv\3. Working\24. Primary - DMS\20. N1SCR03 - Deslime Screen Station\722 Underpan\N1SCR04-722-PL8.ipt
2026-02-05 05:35:23 | IDW:   Method 4: Trying smart path structure matching
2026-02-05 05:35:23 | IDW:   Smart matching for: N1SCR04-722-PL8.ipt
2026-02-05 05:35:23 | IDW:   IDW relative structure: 24. Primary - DMS\20. N1SCR03 - Deslime Screen Station\722 Underpan\N1SCR04-722-PL8.ipt
2026-02-05 05:35:23 | IDW:   No smart match found for: N1SCR04-722-PL8.ipt
2026-02-05 05:35:23 | IDW:     (No mapping found - keeping current reference)
2026-02-05 05:35:23 | IDW:   Processing reference: N1SCR04-722-PL9.ipt
2026-02-05 05:35:23 | IDW:   Full path from IDW: C:\Users\Quintin\Documents\Spectiv\3. Working\24. Primary - DMS\20. N1SCR03 - Deslime Screen Station\722 Underpan\N1SCR04-722-PL9.ipt
2026-02-05 05:35:23 | IDW:   Method 2: Resolving actual file path
2026-02-05 05:35:23 | IDW:   Method 2: Resolved to: N1SCR04-722-PL9.ipt
2026-02-05 05:35:23 | IDW:   Method 3: Searching live assembly references
2026-02-05 05:35:23 | IDW:   Method 3: Found in assembly at: C:\Users\Quintin\Documents\Spectiv\3. Working\24. Primary - DMS\20. N1SCR03 - Deslime Screen Station\722 Underpan\N1SCR04-722-PL9.ipt
2026-02-05 05:35:23 | IDW:   Method 4: Trying smart path structure matching
2026-02-05 05:35:23 | IDW:   Smart matching for: N1SCR04-722-PL9.ipt
2026-02-05 05:35:23 | IDW:   IDW relative structure: 24. Primary - DMS\20. N1SCR03 - Deslime Screen Station\722 Underpan\N1SCR04-722-PL9.ipt
2026-02-05 05:35:23 | IDW:   No smart match found for: N1SCR04-722-PL9.ipt
2026-02-05 05:35:23 | IDW:     (No mapping found - keeping current reference)
2026-02-05 05:35:23 | IDW: No updates made
2026-02-05 05:35:23 | 
2026-02-05 05:35:23 | === DESIGN ASSISTANT METHOD SUMMARY ===
2026-02-05 05:35:23 | Total IDW files processed: 1
2026-02-05 05:35:23 | Total reference updates: 0
2026-02-05 05:35:23 | Total errors: 0
2026-02-05 05:35:23 | === STEP 2 COMPLETE ===
2026-02-05 05:35:23 | Mappings: 58
2026-02-05 05:35:23 | IDW Files: 1
2026-02-05 05:35:23 | Updates: 0
2026-02-05 05:35:23 | Errors: 0
