2026-01-16 15:45:05 | === STEP 2: IDW REFERENCE UPDATES - DESIGN ASSISTANT METHOD ===
2026-01-16 15:45:05 | NO AUTO-DETECTION - USER MUST SELECT MAPPING FILE
2026-01-16 15:45:05 | STEP 0: ASKING USER FOR MAPPING FILE (MANDATORY)
2026-01-16 15:45:08 | USER PROVIDED PATH: C:\Users\Quintin\Documents\Spectiv\3. Working\TEMP - RENAME TEST\000 Structure & Walkway before renaming\000 Structure & Walkway\STEP_1_MAPPING.txt
2026-01-16 15:45:08 | VERIFIED: Mapping file exists
2026-01-16 15:45:08 | PROJECT DIRECTORY: C:\Users\Quintin\Documents\Spectiv\3. Working\TEMP - RENAME TEST\000 Structure & Walkway before renaming\000 Structure & Walkway
2026-01-16 15:45:11 | SUCCESS: Connected to Inventor
2026-01-16 15:45:11 | LOADING MAPPING FILE: C:\Users\Quintin\Documents\Spectiv\3. Working\TEMP - RENAME TEST\000 Structure & Walkway before renaming\000 Structure & Walkway\STEP_1_MAPPING.txt
2026-01-16 15:45:11 | Loaded 495 mappings from file
2026-01-16 15:45:11 | LOADED: 495 mappings
2026-01-16 15:45:11 | FINDING IDW FILES - ONLY FROM MAPPING DIRECTORIES
2026-01-16 15:45:11 | WILL SEARCH 94 DIRECTORIES FROM MAPPING
2026-01-16 15:45:11 | SEARCHING: C:\Users\Quintin\Documents\Spectiv\3. Working\TEMP - RENAME TEST\000 Structure & Walkway before renaming\000 Structure & Walkway\1.Structure\Panel1
2026-01-16 15:45:11 | FOUND IDW: MGY-200-DRP-01-01-46.idw
2026-01-16 15:45:11 | FOUND IDW: MGY-200-DRP-01-01-46.0014.idw
2026-01-16 15:45:11 | SEARCHING: C:\Users\Quintin\Documents\Spectiv\3. Working\TEMP - RENAME TEST\000 Structure & Walkway before renaming\000 Structure & Walkway\1.Structure
2026-01-16 15:45:11 | FOUND IDW: MGY-200-DRP-01-01-00.idw
2026-01-16 15:45:11 | FOUND IDW: MGY-200-DRP-01-01-77.idw
2026-01-16 15:45:11 | FOUND IDW: MGY-200-DRP-01-01-77.0015.idw
2026-01-16 15:45:12 | FOUND IDW: MGY-200-DRP-01-01-01.idw
2026-01-16 15:45:12 | FOUND IDW: MGY-200-DRP-01-01-01.0015.idw
2026-01-16 15:45:12 | FOUND IDW: MGY-200-DRP-01-01-10.idw
2026-01-16 15:45:12 | FOUND IDW: MGY-200-DRP-01-01-10.0013.idw
2026-01-16 15:45:12 | FOUND IDW: MGY-200-DRP-01-01-11.idw
2026-01-16 15:45:12 | FOUND IDW: MGY-200-DRP-01-01-11.0013.idw
2026-01-16 15:45:12 | FOUND IDW: MGY-200-DRP-01-01-12.idw
2026-01-16 15:45:12 | FOUND IDW: MGY-200-DRP-01-01-12.0010.idw
2026-01-16 15:45:12 | FOUND IDW: MGY-200-DRP-01-01-13.idw
2026-01-16 15:45:12 | FOUND IDW: MGY-200-DRP-01-01-13.0010.idw
2026-01-16 15:45:12 | FOUND IDW: MGY-200-DRP-01-01-14.idw
2026-01-16 15:45:12 | FOUND IDW: MGY-200-DRP-01-01-14.0013.idw
2026-01-16 15:45:12 | FOUND IDW: MGY-200-DRP-01-01-15.idw
2026-01-16 15:45:12 | FOUND IDW: MGY-200-DRP-01-01-15.0016.idw
2026-01-16 15:45:12 | FOUND IDW: MGY-200-DRP-01-01-16.idw
2026-01-16 15:45:12 | FOUND IDW: MGY-200-DRP-01-01-16.0019.idw
2026-01-16 15:45:12 | FOUND IDW: MGY-200-DRP-01-01-17.idw
2026-01-16 15:45:12 | FOUND IDW: MGY-200-DRP-01-01-17.0020.idw
2026-01-16 15:45:12 | FOUND IDW: MGY-200-DRP-01-01-18.idw
2026-01-16 15:45:12 | FOUND IDW: MGY-200-DRP-01-01-18.0013.idw
2026-01-16 15:45:12 | FOUND IDW: MGY-200-DRP-01-01-19.idw
2026-01-16 15:45:12 | FOUND IDW: MGY-200-DRP-01-01-19.0014.idw
2026-01-16 15:45:12 | FOUND IDW: MGY-200-DRP-01-01-02.idw
2026-01-16 15:45:12 | FOUND IDW: MGY-200-DRP-01-01-02.0016.idw
2026-01-16 15:45:12 | FOUND IDW: MGY-200-DRP-01-01-20.idw
2026-01-16 15:45:12 | FOUND IDW: MGY-200-DRP-01-01-20.0013.idw
2026-01-16 15:45:12 | FOUND IDW: MGY-200-DRP-01-01-21.idw
2026-01-16 15:45:12 | FOUND IDW: MGY-200-DRP-01-01-22.idw
2026-01-16 15:45:12 | FOUND IDW: MGY-200-DRP-01-01-23.idw
2026-01-16 15:45:12 | FOUND IDW: MGY-200-DRP-01-01-23.0016.idw
2026-01-16 15:45:12 | FOUND IDW: MGY-200-DRP-01-01-24.idw
2026-01-16 15:45:12 | FOUND IDW: MGY-200-DRP-01-01-24.0017.idw
2026-01-16 15:45:12 | FOUND IDW: MGY-200-DRP-01-01-25.idw
2026-01-16 15:45:12 | FOUND IDW: MGY-200-DRP-01-01-25.0013.idw
2026-01-16 15:45:12 | FOUND IDW: MGY-200-DRP-01-01-26.idw
2026-01-16 15:45:12 | FOUND IDW: MGY-200-DRP-01-01-26.0014.idw
2026-01-16 15:45:12 | FOUND IDW: MGY-200-DRP-01-01-27.idw
2026-01-16 15:45:12 | FOUND IDW: MGY-200-DRP-01-01-27.0014.idw
2026-01-16 15:45:12 | FOUND IDW: MGY-200-DRP-01-01-28.idw
2026-01-16 15:45:12 | FOUND IDW: MGY-200-DRP-01-01-28.0012.idw
2026-01-16 15:45:12 | FOUND IDW: MGY-200-DRP-01-01-29.idw
2026-01-16 15:45:12 | FOUND IDW: MGY-200-DRP-01-01-29.0014.idw
2026-01-16 15:45:12 | FOUND IDW: MGY-200-DRP-01-01-03.idw
2026-01-16 15:45:12 | FOUND IDW: MGY-200-DRP-01-01-30.idw
2026-01-16 15:45:12 | FOUND IDW: MGY-200-DRP-01-01-30.0012.idw
2026-01-16 15:45:12 | FOUND IDW: MGY-200-DRP-01-01-31.idw
2026-01-16 15:45:12 | FOUND IDW: MGY-200-DRP-01-01-31.0011.idw
2026-01-16 15:45:12 | FOUND IDW: MGY-200-DRP-01-01-32.idw
2026-01-16 15:45:12 | FOUND IDW: MGY-200-DRP-01-01-32.0011.idw
2026-01-16 15:45:12 | FOUND IDW: MGY-200-DRP-01-01-33.idw
2026-01-16 15:45:12 | FOUND IDW: MGY-200-DRP-01-01-33.0011.idw
2026-01-16 15:45:12 | FOUND IDW: MGY-200-DRP-01-01-34.idw
2026-01-16 15:45:12 | FOUND IDW: MGY-200-DRP-01-01-34.0015.idw
2026-01-16 15:45:12 | FOUND IDW: MGY-200-DRP-01-01-35.idw
2026-01-16 15:45:12 | FOUND IDW: MGY-200-DRP-01-01-35.0012.idw
2026-01-16 15:45:12 | FOUND IDW: MGY-200-DRP-01-01-36.idw
2026-01-16 15:45:12 | FOUND IDW: MGY-200-DRP-01-01-36.0012.idw
2026-01-16 15:45:12 | FOUND IDW: MGY-200-DRP-01-01-37.idw
2026-01-16 15:45:12 | FOUND IDW: MGY-200-DRP-01-01-37.0012.idw
2026-01-16 15:45:12 | FOUND IDW: MGY-200-DRP-01-01-38.idw
2026-01-16 15:45:12 | FOUND IDW: MGY-200-DRP-01-01-38.0013.idw
2026-01-16 15:45:12 | FOUND IDW: MGY-200-DRP-01-01-39.idw
2026-01-16 15:45:12 | FOUND IDW: MGY-200-DRP-01-01-39.0012.idw
2026-01-16 15:45:12 | FOUND IDW: MGY-200-DRP-01-01-04.idw
2026-01-16 15:45:12 | FOUND IDW: MGY-200-DRP-01-01-04.0010.idw
2026-01-16 15:45:12 | FOUND IDW: MGY-200-DRP-01-01-04.0011.idw
2026-01-16 15:45:12 | FOUND IDW: MGY-200-DRP-01-01-40.idw
2026-01-16 15:45:12 | FOUND IDW: MGY-200-DRP-01-01-40.0013.idw
2026-01-16 15:45:12 | FOUND IDW: MGY-200-DRP-01-01-41.idw
2026-01-16 15:45:12 | FOUND IDW: MGY-200-DRP-01-01-41.0013.idw
2026-01-16 15:45:12 | FOUND IDW: MGY-200-DRP-01-01-42.idw
2026-01-16 15:45:13 | FOUND IDW: MGY-200-DRP-01-01-42.0016.idw
2026-01-16 15:45:13 | FOUND IDW: MGY-200-DRP-01-01-43.idw
2026-01-16 15:45:13 | FOUND IDW: MGY-200-DRP-01-01-43.0016.idw
2026-01-16 15:45:13 | FOUND IDW: MGY-200-DRP-01-01-44.idw
2026-01-16 15:45:13 | FOUND IDW: MGY-200-DRP-01-01-44.0015.idw
2026-01-16 15:45:13 | FOUND IDW: MGY-200-DRP-01-01-45.idw
2026-01-16 15:45:13 | FOUND IDW: MGY-200-DRP-01-01-45.0016.idw
2026-01-16 15:45:13 | FOUND IDW: Beam-48_Beam-21_MGY-200-DRP-01-01-14.idw
2026-01-16 15:45:13 | FOUND IDW: Beam-48_Beam-21_MGY-200-DRP-01-01-14.0001.idw
2026-01-16 15:45:13 | FOUND IDW: MGY-200-DRP-01-01-04.idw
2026-01-16 15:45:13 | FOUND IDW: MGY-200-DRP-01-01-04.0001.idw
2026-01-16 15:45:13 | FOUND IDW: MGY-200-DRP-01-01-05.idw
2026-01-16 15:45:13 | FOUND IDW: MGY-200-DRP-01-01-05.0016.idw
2026-01-16 15:45:13 | FOUND IDW: MGY-200-DRP-01-01-06.idw
2026-01-16 15:45:13 | FOUND IDW: MGY-200-DRP-01-01-06.0016.idw
2026-01-16 15:45:13 | FOUND IDW: MGY-200-DRP-01-01-07.idw
2026-01-16 15:45:13 | FOUND IDW: MGY-200-DRP-01-01-07.0017.idw
2026-01-16 15:45:13 | FOUND IDW: MGY-200-DRP-01-01-08.idw
2026-01-16 15:45:13 | FOUND IDW: MGY-200-DRP-01-01-08.0011.idw
2026-01-16 15:45:13 | FOUND IDW: MGY-200-DRP-01-01-09.idw
2026-01-16 15:45:13 | FOUND IDW: MGY-200-DRP-01-01-09.0014.idw
2026-01-16 15:45:13 | FOUND IDW: MGY-200-DRP-01-01-64.idw
2026-01-16 15:45:13 | FOUND IDW: MGY-200-DRP-01-01-64.0016.idw
2026-01-16 15:45:13 | FOUND IDW: MGY-200-DRP-01-01-73.idw
2026-01-16 15:45:13 | FOUND IDW: MGY-200-DRP-01-01-73.0014.idw
2026-01-16 15:45:13 | FOUND IDW: MGY-200-DRP-01-01-74.idw
2026-01-16 15:45:13 | FOUND IDW: MGY-200-DRP-01-01-74.0017.idw
2026-01-16 15:45:13 | FOUND IDW: MGY-200-DRP-01-01-75.idw
2026-01-16 15:45:13 | FOUND IDW: MGY-200-DRP-01-01-75.0020.idw
2026-01-16 15:45:13 | FOUND IDW: MGY-200-DRP-01-01-76.idw
2026-01-16 15:45:13 | FOUND IDW: MGY-200-DRP-01-01-76.0021.idw
2026-01-16 15:45:13 | FOUND IDW: MGY-200-DRP-01-01-75.idw
2026-01-16 15:45:13 | FOUND IDW: MGY-200-DRP-01-01-75.0001.idw
2026-01-16 15:45:13 | FOUND IDW: MGY-200-DRP-01-01-65.idw
2026-01-16 15:45:13 | FOUND IDW: MGY-200-DRP-01-01-65.0018.idw
2026-01-16 15:45:13 | FOUND IDW: MGY-200-DRP-01-01-66.idw
2026-01-16 15:45:13 | FOUND IDW: MGY-200-DRP-01-01-66.0014.idw
2026-01-16 15:45:13 | FOUND IDW: MGY-200-DRP-01-01-67.idw
2026-01-16 15:45:13 | FOUND IDW: MGY-200-DRP-01-01-67.0015.idw
2026-01-16 15:45:13 | FOUND IDW: MGY-200-DRP-01-01-68.idw
2026-01-16 15:45:13 | FOUND IDW: MGY-200-DRP-01-01-68.0015.idw
2026-01-16 15:45:13 | FOUND IDW: MGY-200-DRP-01-01-69.idw
2026-01-16 15:45:13 | FOUND IDW: MGY-200-DRP-01-01-69.0017.idw
2026-01-16 15:45:13 | FOUND IDW: MGY-200-DRP-01-01-70.idw
2026-01-16 15:45:13 | FOUND IDW: MGY-200-DRP-01-01-70.0017.idw
2026-01-16 15:45:13 | FOUND IDW: MGY-200-DRP-01-01-71.idw
2026-01-16 15:45:13 | FOUND IDW: MGY-200-DRP-01-01-71.0016.idw
2026-01-16 15:45:13 | FOUND IDW: MGY-200-DRP-01-01-72.idw
2026-01-16 15:45:13 | FOUND IDW: MGY-200-DRP-01-01-60.idw
2026-01-16 15:45:13 | FOUND IDW: MGY-200-DRP-01-01-60.0015.idw
2026-01-16 15:45:13 | FOUND IDW: MGY-200-DRP-01-01-61.idw
2026-01-16 15:45:13 | FOUND IDW: MGY-200-DRP-01-01-61.0016.idw
2026-01-16 15:45:13 | FOUND IDW: MGY-200-DRP-01-01-62.idw
2026-01-16 15:45:13 | FOUND IDW: MGY-200-DRP-01-01-62.0018.idw
2026-01-16 15:45:13 | FOUND IDW: MGY-200-DRP-01-01-63.idw
2026-01-16 15:45:13 | FOUND IDW: MGY-200-DRP-01-01-63.0018.idw
2026-01-16 15:45:14 | FOUND IDW: MGY-200-DRP-01-01-00.0019.idw
2026-01-16 15:45:14 | FOUND IDW: MGY-200-DRP-01-01-55.idw
2026-01-16 15:45:14 | FOUND IDW: MGY-200-DRP-01-01-55.0017.idw
2026-01-16 15:45:14 | FOUND IDW: MGY-200-DRP-01-01-56.idw
2026-01-16 15:45:14 | FOUND IDW: MGY-200-DRP-01-01-56.0015.idw
2026-01-16 15:45:14 | FOUND IDW: MGY-200-DRP-01-01-57.idw
2026-01-16 15:45:14 | FOUND IDW: MGY-200-DRP-01-01-57.0015.idw
2026-01-16 15:45:14 | FOUND IDW: MGY-200-DRP-01-01-58.idw
2026-01-16 15:45:14 | FOUND IDW: MGY-200-DRP-01-01-58.0011.idw
2026-01-16 15:45:14 | FOUND IDW: MGY-200-DRP-01-01-59 - Copy.idw
2026-01-16 15:45:14 | FOUND IDW: MGY-200-DRP-01-01-59.idw
2026-01-16 15:45:14 | FOUND IDW: MGY-200-DRP-01-01-59 - Copy.0014.idw
2026-01-16 15:45:14 | FOUND IDW: MGY-200-DRP-01-01-59.0014.idw
2026-01-16 15:45:14 | FOUND IDW: MGY-200-DRP-01-01-47.idw
2026-01-16 15:45:14 | FOUND IDW: MGY-200-DRP-01-01-47.0014.idw
2026-01-16 15:45:14 | FOUND IDW: MGY-200-DRP-01-01-48.idw
2026-01-16 15:45:14 | FOUND IDW: MGY-200-DRP-01-01-48.0015.idw
2026-01-16 15:45:14 | FOUND IDW: MGY-200-DRP-01-01-49.idw
2026-01-16 15:45:14 | FOUND IDW: MGY-200-DRP-01-01-49.0019.idw
2026-01-16 15:45:14 | FOUND IDW: MGY-200-DRP-01-01-50.idw
2026-01-16 15:45:14 | FOUND IDW: MGY-200-DRP-01-01-51.idw
2026-01-16 15:45:14 | FOUND IDW: MGY-200-DRP-01-01-52.idw
2026-01-16 15:45:14 | FOUND IDW: MGY-200-DRP-01-01-52.0020.idw
2026-01-16 15:45:14 | FOUND IDW: MGY-200-DRP-01-01-53.idw
2026-01-16 15:45:14 | FOUND IDW: MGY-200-DRP-01-01-53.0018.idw
2026-01-16 15:45:14 | FOUND IDW: MGY-200-DRP-01-01-53.0019.idw
2026-01-16 15:45:14 | FOUND IDW: MGY-200-DRP-01-01-54.idw
2026-01-16 15:45:14 | FOUND IDW: MGY-200-DRP-01-01-54.0019.idw
2026-01-16 15:45:15 | SEARCHING: C:\Users\Quintin\Documents\Spectiv\3. Working\TEMP - RENAME TEST\000 Structure & Walkway before renaming\000 Structure & Walkway\1.Structure\Panel3
2026-01-16 15:45:15 | SEARCHING: C:\Users\Quintin\Documents\Spectiv\3. Working\TEMP - RENAME TEST\000 Structure & Walkway before renaming\000 Structure & Walkway\1.Structure\Panel4
2026-01-16 15:45:15 | SEARCHING: C:\Users\Quintin\Documents\Spectiv\3. Working\TEMP - RENAME TEST\000 Structure & Walkway before renaming\000 Structure & Walkway\1.Structure\Panel7
2026-01-16 15:45:15 | SEARCHING: C:\Users\Quintin\Documents\Spectiv\3. Working\TEMP - RENAME TEST\000 Structure & Walkway before renaming\000 Structure & Walkway\1.Structure\Panel8
2026-01-16 15:45:15 | SEARCHING: C:\Users\Quintin\Documents\Spectiv\3. Working\TEMP - RENAME TEST\000 Structure & Walkway before renaming\000 Structure & Walkway\1.Structure\Panel9
2026-01-16 15:45:15 | SEARCHING: C:\Users\Quintin\Documents\Spectiv\3. Working\TEMP - RENAME TEST\000 Structure & Walkway before renaming\000 Structure & Walkway\1.Structure\Panel10
2026-01-16 15:45:15 | SEARCHING: C:\Users\Quintin\Documents\Spectiv\3. Working\TEMP - RENAME TEST\000 Structure & Walkway before renaming\000 Structure & Walkway\1.Structure\Panel11
2026-01-16 15:45:15 | SEARCHING: C:\Users\Quintin\Documents\Spectiv\3. Working\TEMP - RENAME TEST\000 Structure & Walkway before renaming\000 Structure & Walkway\1.Structure\Panel12
2026-01-16 15:45:15 | SEARCHING: C:\Users\Quintin\Documents\Spectiv\3. Working\TEMP - RENAME TEST\000 Structure & Walkway before renaming\000 Structure & Walkway\1.Structure\Panel14
2026-01-16 15:45:15 | SEARCHING: C:\Users\Quintin\Documents\Spectiv\3. Working\TEMP - RENAME TEST\000 Structure & Walkway before renaming\000 Structure & Walkway\1.Structure\Beam1
2026-01-16 15:45:15 | SEARCHING: C:\Users\Quintin\Documents\Spectiv\3. Working\TEMP - RENAME TEST\000 Structure & Walkway before renaming\000 Structure & Walkway\1.Structure\Beam2
2026-01-16 15:45:15 | SEARCHING: C:\Users\Quintin\Documents\Spectiv\3. Working\TEMP - RENAME TEST\000 Structure & Walkway before renaming\000 Structure & Walkway\1.Structure\Beam49
2026-01-16 15:45:15 | SEARCHING: C:\Users\Quintin\Documents\Spectiv\3. Working\TEMP - RENAME TEST\000 Structure & Walkway before renaming\000 Structure & Walkway\1.Structure\Beam4
2026-01-16 15:45:15 | SEARCHING: C:\Users\Quintin\Documents\Spectiv\3. Working\TEMP - RENAME TEST\000 Structure & Walkway before renaming\000 Structure & Walkway\1.Structure\Beam5
2026-01-16 15:45:15 | SEARCHING: C:\Users\Quintin\Documents\Spectiv\3. Working\TEMP - RENAME TEST\000 Structure & Walkway before renaming\000 Structure & Walkway\1.Structure\Beam6
2026-01-16 15:45:15 | SEARCHING: C:\Users\Quintin\Documents\Spectiv\3. Working\TEMP - RENAME TEST\000 Structure & Walkway before renaming\000 Structure & Walkway\1.Structure\Beam7
2026-01-16 15:45:15 | SEARCHING: C:\Users\Quintin\Documents\Spectiv\3. Working\TEMP - RENAME TEST\000 Structure & Walkway before renaming\000 Structure & Walkway\1.Structure\Beam8
2026-01-16 15:45:15 | SEARCHING: C:\Users\Quintin\Documents\Spectiv\3. Working\TEMP - RENAME TEST\000 Structure & Walkway before renaming\000 Structure & Walkway\1.Structure\Beam9
2026-01-16 15:45:15 | SEARCHING: C:\Users\Quintin\Documents\Spectiv\3. Working\TEMP - RENAME TEST\000 Structure & Walkway before renaming\000 Structure & Walkway\1.Structure\Beam10
2026-01-16 15:45:15 | SEARCHING: C:\Users\Quintin\Documents\Spectiv\3. Working\TEMP - RENAME TEST\000 Structure & Walkway before renaming\000 Structure & Walkway\1.Structure\Beam11
2026-01-16 15:45:15 | SEARCHING: C:\Users\Quintin\Documents\Spectiv\3. Working\TEMP - RENAME TEST\000 Structure & Walkway before renaming\000 Structure & Walkway\1.Structure\Beam12
2026-01-16 15:45:15 | SEARCHING: C:\Users\Quintin\Documents\Spectiv\3. Working\TEMP - RENAME TEST\000 Structure & Walkway before renaming\000 Structure & Walkway\1.Structure\Beam13
2026-01-16 15:45:15 | SEARCHING: C:\Users\Quintin\Documents\Spectiv\3. Working\TEMP - RENAME TEST\000 Structure & Walkway before renaming\000 Structure & Walkway\1.Structure\Beam48
2026-01-16 15:45:15 | SEARCHING: C:\Users\Quintin\Documents\Spectiv\3. Working\TEMP - RENAME TEST\000 Structure & Walkway before renaming\000 Structure & Walkway\1.Structure\Beam16
2026-01-16 15:45:15 | SEARCHING: C:\Users\Quintin\Documents\Spectiv\3. Working\TEMP - RENAME TEST\000 Structure & Walkway before renaming\000 Structure & Walkway\1.Structure\Beam17
2026-01-16 15:45:15 | SEARCHING: C:\Users\Quintin\Documents\Spectiv\3. Working\TEMP - RENAME TEST\000 Structure & Walkway before renaming\000 Structure & Walkway\1.Structure\Beam20
2026-01-16 15:45:15 | SEARCHING: C:\Users\Quintin\Documents\Spectiv\3. Working\TEMP - RENAME TEST\000 Structure & Walkway before renaming\000 Structure & Walkway\1.Structure\Beam25
2026-01-16 15:45:15 | SEARCHING: C:\Users\Quintin\Documents\Spectiv\3. Working\TEMP - RENAME TEST\000 Structure & Walkway before renaming\000 Structure & Walkway\1.Structure\Beam26
2026-01-16 15:45:15 | SEARCHING: C:\Users\Quintin\Documents\Spectiv\3. Working\TEMP - RENAME TEST\000 Structure & Walkway before renaming\000 Structure & Walkway\1.Structure\Beam27
2026-01-16 15:45:15 | SEARCHING: C:\Users\Quintin\Documents\Spectiv\3. Working\TEMP - RENAME TEST\000 Structure & Walkway before renaming\000 Structure & Walkway\1.Structure\Beam28
2026-01-16 15:45:15 | SEARCHING: C:\Users\Quintin\Documents\Spectiv\3. Working\TEMP - RENAME TEST\000 Structure & Walkway before renaming\000 Structure & Walkway\1.Structure\Beam29
2026-01-16 15:45:15 | SEARCHING: C:\Users\Quintin\Documents\Spectiv\3. Working\TEMP - RENAME TEST\000 Structure & Walkway before renaming\000 Structure & Walkway\1.Structure\Beam30
2026-01-16 15:45:15 | SEARCHING: C:\Users\Quintin\Documents\Spectiv\3. Working\TEMP - RENAME TEST\000 Structure & Walkway before renaming\000 Structure & Walkway\1.Structure\Beam32
2026-01-16 15:45:15 | SEARCHING: C:\Users\Quintin\Documents\Spectiv\3. Working\TEMP - RENAME TEST\000 Structure & Walkway before renaming\000 Structure & Walkway\1.Structure\Beam33
2026-01-16 15:45:15 | SEARCHING: C:\Users\Quintin\Documents\Spectiv\3. Working\TEMP - RENAME TEST\000 Structure & Walkway before renaming\000 Structure & Walkway\1.Structure\Beam34
2026-01-16 15:45:15 | SEARCHING: C:\Users\Quintin\Documents\Spectiv\3. Working\TEMP - RENAME TEST\000 Structure & Walkway before renaming\000 Structure & Walkway\1.Structure\Beam35
2026-01-16 15:45:15 | SEARCHING: C:\Users\Quintin\Documents\Spectiv\3. Working\TEMP - RENAME TEST\000 Structure & Walkway before renaming\000 Structure & Walkway\1.Structure\Beam36
2026-01-16 15:45:16 | SEARCHING: C:\Users\Quintin\Documents\Spectiv\3. Working\TEMP - RENAME TEST\000 Structure & Walkway before renaming\000 Structure & Walkway\1.Structure\Beam37
2026-01-16 15:45:16 | SEARCHING: C:\Users\Quintin\Documents\Spectiv\3. Working\TEMP - RENAME TEST\000 Structure & Walkway before renaming\000 Structure & Walkway\1.Structure\Beam38
2026-01-16 15:45:16 | SEARCHING: C:\Users\Quintin\Documents\Spectiv\3. Working\TEMP - RENAME TEST\000 Structure & Walkway before renaming\000 Structure & Walkway\1.Structure\Beam39
2026-01-16 15:45:16 | SEARCHING: C:\Users\Quintin\Documents\Spectiv\3. Working\TEMP - RENAME TEST\000 Structure & Walkway before renaming\000 Structure & Walkway\1.Structure\Beam45
2026-01-16 15:45:16 | SEARCHING: C:\Users\Quintin\Documents\Spectiv\3. Working\TEMP - RENAME TEST\000 Structure & Walkway before renaming\000 Structure & Walkway\1.Structure\Column-1
2026-01-16 15:45:16 | SEARCHING: C:\Users\Quintin\Documents\Spectiv\3. Working\TEMP - RENAME TEST\000 Structure & Walkway before renaming\000 Structure & Walkway\1.Structure\Column-2
2026-01-16 15:45:16 | SEARCHING: C:\Users\Quintin\Documents\Spectiv\3. Working\TEMP - RENAME TEST\000 Structure & Walkway before renaming\000 Structure & Walkway\1.Structure\Column-3
2026-01-16 15:45:16 | SEARCHING: C:\Users\Quintin\Documents\Spectiv\3. Working\TEMP - RENAME TEST\000 Structure & Walkway before renaming\000 Structure & Walkway\1.Structure\Column-4
2026-01-16 15:45:16 | SEARCHING: C:\Users\Quintin\Documents\Spectiv\3. Working\TEMP - RENAME TEST\000 Structure & Walkway before renaming\000 Structure & Walkway\1.Structure\Beam19
2026-01-16 15:45:16 | SEARCHING: C:\Users\Quintin\Documents\Spectiv\3. Working\TEMP - RENAME TEST\000 Structure & Walkway before renaming\000 Structure & Walkway\1.Structure\Beam18
2026-01-16 15:45:16 | SEARCHING: C:\Users\Quintin\Documents\Spectiv\3. Working\TEMP - RENAME TEST\000 Structure & Walkway before renaming\000 Structure & Walkway\1.Structure\Beam15
2026-01-16 15:45:16 | SEARCHING: C:\Users\Quintin\Documents\Spectiv\3. Working\TEMP - RENAME TEST\000 Structure & Walkway before renaming\000 Structure & Walkway\1.Structure\Beam24
2026-01-16 15:45:16 | SEARCHING: C:\Users\Quintin\Documents\Spectiv\3. Working\TEMP - RENAME TEST\000 Structure & Walkway before renaming\000 Structure & Walkway\1.Structure\Beam31
2026-01-16 15:45:16 | SEARCHING: C:\Users\Quintin\Documents\Spectiv\3. Working\TEMP - RENAME TEST\000 Structure & Walkway before renaming\000 Structure & Walkway\1.Structure\Beam46
2026-01-16 15:45:16 | SEARCHING: C:\Users\Quintin\Documents\Spectiv\3. Working\TEMP - RENAME TEST\000 Structure & Walkway before renaming\000 Structure & Walkway\1.Structure\Beam47
2026-01-16 15:45:16 | SEARCHING: C:\Users\Quintin\Documents\Spectiv\3. Working\TEMP - RENAME TEST\000 Structure & Walkway before renaming\000 Structure & Walkway\1.Structure\Beam23
2026-01-16 15:45:16 | SEARCHING: C:\Users\Quintin\Documents\Spectiv\3. Working\TEMP - RENAME TEST\000 Structure & Walkway before renaming\000 Structure & Walkway\1.Structure\Beam14
2026-01-16 15:45:16 | SEARCHING: C:\Users\Quintin\Documents\Spectiv\3. Working\TEMP - RENAME TEST\000 Structure & Walkway before renaming\000 Structure & Walkway\1.Structure\Panel2
2026-01-16 15:45:16 | SEARCHING: C:\Users\Quintin\Documents\Spectiv\3. Working\TEMP - RENAME TEST\000 Structure & Walkway before renaming\000 Structure & Walkway\1.Structure\Centrifuge Frame
2026-01-16 15:45:16 | SEARCHING: C:\Users\Quintin\Documents\Spectiv\3. Working\TEMP - RENAME TEST\000 Structure & Walkway before renaming\000 Structure & Walkway\1.Structure\Panel13
2026-01-16 15:45:16 | SEARCHING: C:\Users\Quintin\Documents\Spectiv\3. Working\TEMP - RENAME TEST\000 Structure & Walkway before renaming\000 Structure & Walkway\1.Structure\Pedestal Support Bracket 1
2026-01-16 15:45:16 | SEARCHING: C:\Users\Quintin\Documents\Spectiv\3. Working\TEMP - RENAME TEST\000 Structure & Walkway before renaming\000 Structure & Walkway\1.Structure\Beam42
2026-01-16 15:45:16 | SEARCHING: C:\Users\Quintin\Documents\Spectiv\3. Working\TEMP - RENAME TEST\000 Structure & Walkway before renaming\000 Structure & Walkway\1.Structure\Channel-10
2026-01-16 15:45:16 | SEARCHING: C:\Users\Quintin\Documents\Spectiv\3. Working\TEMP - RENAME TEST\000 Structure & Walkway before renaming\000 Structure & Walkway\1.Structure\Channel-11
2026-01-16 15:45:16 | SEARCHING: C:\Users\Quintin\Documents\Spectiv\3. Working\TEMP - RENAME TEST\000 Structure & Walkway before renaming\000 Structure & Walkway\1.Structure\Channel-12
2026-01-16 15:45:16 | SEARCHING: C:\Users\Quintin\Documents\Spectiv\3. Working\TEMP - RENAME TEST\000 Structure & Walkway before renaming\000 Structure & Walkway\1.Structure\Channel-13
2026-01-16 15:45:16 | SEARCHING: C:\Users\Quintin\Documents\Spectiv\3. Working\TEMP - RENAME TEST\000 Structure & Walkway before renaming\000 Structure & Walkway\1.Structure\Channel-2
2026-01-16 15:45:16 | SEARCHING: C:\Users\Quintin\Documents\Spectiv\3. Working\TEMP - RENAME TEST\000 Structure & Walkway before renaming\000 Structure & Walkway\1.Structure\Channel-1
2026-01-16 15:45:16 | SEARCHING: C:\Users\Quintin\Documents\Spectiv\3. Working\TEMP - RENAME TEST\000 Structure & Walkway before renaming\000 Structure & Walkway\1.Structure\Channel-4
2026-01-16 15:45:16 | SEARCHING: C:\Users\Quintin\Documents\Spectiv\3. Working\TEMP - RENAME TEST\000 Structure & Walkway before renaming\000 Structure & Walkway\1.Structure\Channel-5
2026-01-16 15:45:16 | SEARCHING: C:\Users\Quintin\Documents\Spectiv\3. Working\TEMP - RENAME TEST\000 Structure & Walkway before renaming\000 Structure & Walkway\1.Structure\Channel-6
2026-01-16 15:45:16 | SEARCHING: C:\Users\Quintin\Documents\Spectiv\3. Working\TEMP - RENAME TEST\000 Structure & Walkway before renaming\000 Structure & Walkway\1.Structure\Channel-7
2026-01-16 15:45:16 | SEARCHING: C:\Users\Quintin\Documents\Spectiv\3. Working\TEMP - RENAME TEST\000 Structure & Walkway before renaming\000 Structure & Walkway\1.Structure\Channel-8
2026-01-16 15:45:16 | SEARCHING: C:\Users\Quintin\Documents\Spectiv\3. Working\TEMP - RENAME TEST\000 Structure & Walkway before renaming\000 Structure & Walkway\1.Structure\Channel-14
2026-01-16 15:45:16 | SEARCHING: C:\Users\Quintin\Documents\Spectiv\3. Working\TEMP - RENAME TEST\000 Structure & Walkway before renaming\000 Structure & Walkway\Walkway-1
2026-01-16 15:45:16 | FOUND IDW: MGY-200-DRP-01-02.idw
2026-01-16 15:45:16 | FOUND IDW: MGY-200-DRP-01-02.0050.idw
2026-01-16 15:45:16 | SEARCHING: C:\Users\Quintin\Documents\Spectiv\3. Working\TEMP - RENAME TEST\000 Structure & Walkway before renaming\000 Structure & Walkway
2026-01-16 15:45:16 | FOUND IDW: MGY-200-DRP-01-00.idw
2026-01-16 15:45:18 | FOUND IDW: MGY-200-DRP-10-00.idw
2026-01-16 15:45:18 | FOUND IDW: MGY-200-DRP-10-01.idw
2026-01-16 15:45:18 | FOUND IDW: MGY-200-DRP-01-12.idw
2026-01-16 15:45:18 | FOUND IDW: MGY-200-DRP-01-12.0013.idw
2026-01-16 15:45:18 | FOUND IDW: MGY-200-DRP-01-13.idw
2026-01-16 15:45:18 | FOUND IDW: MGY-200-DRP-01-13.0015.idw
2026-01-16 15:45:18 | FOUND IDW: MGY-200-DRP-01-14.idw
2026-01-16 15:45:18 | FOUND IDW: MGY-200-DRP-01-14.0015.idw
2026-01-16 15:45:18 | FOUND IDW: MGY-200-DRP-01-15.idw
2026-01-16 15:45:18 | FOUND IDW: MGY-200-DRP-01-15.0016.idw
2026-01-16 15:45:18 | FOUND IDW: MGY-200-DRP-01-16.idw
2026-01-16 15:45:18 | FOUND IDW: MGY-200-DRP-01-16.0013.idw
2026-01-16 15:45:19 | FOUND IDW: MGY-200-DRP-01-17.idw
2026-01-16 15:45:19 | FOUND IDW: MGY-200-DRP-01-17.0016.idw
2026-01-16 15:45:19 | FOUND IDW: MGY-200-DRP-01-00.0007.idw
2026-01-16 15:45:19 | FOUND IDW: MGY-200-DRP-09.idw
2026-01-16 15:45:19 | FOUND IDW: MGY-200-DRD-02.idw
2026-01-16 15:45:19 | FOUND IDW: MGY-200-DRP-02.idw
2026-01-16 15:45:19 | FOUND IDW: MGY-200-DRP-02.0017.idw
2026-01-16 15:45:19 | FOUND IDW: MGY-200-DRP-01-18.idw
2026-01-16 15:45:19 | FOUND IDW: MGY-200-DRP-01-18.0049.idw
2026-01-16 15:45:19 | FOUND IDW: MGY-200-DRP-01-19.idw
2026-01-16 15:45:19 | FOUND IDW: MGY-200-DRP-01-19.0049.idw
2026-01-16 15:45:19 | FOUND IDW: MGY-200-DRP-01-18.0049.idw
2026-01-16 15:45:19 | FOUND IDW: MGY-200-DRP-01-18.idw
2026-01-16 15:45:19 | FOUND IDW: MGY-200-DRP-01-18.0051.idw
2026-01-16 15:45:19 | FOUND IDW: MGY-200-DRP-01-11.idw
2026-01-16 15:45:19 | FOUND IDW: MGY-200-DRP-01-11.0018.idw
2026-01-16 15:45:19 | FOUND IDW: MGY-200-DRP-01-08.idw
2026-01-16 15:45:19 | FOUND IDW: MGY-200-DRP-01-08.0001.idw
2026-01-16 15:45:19 | FOUND IDW: MGY-300-SP-01-02.idw
2026-01-16 15:45:19 | FOUND IDW: MGY-200-DRP-01-05.idw
2026-01-16 15:45:19 | FOUND IDW: MGY-200-DRP-01-05.0001.idw
2026-01-16 15:45:19 | FOUND IDW: MGY-200-DRP-01-13.idw
2026-01-16 15:45:19 | FOUND IDW: MGY-200-DRP-01-15.idw
2026-01-16 15:45:19 | FOUND IDW: MGY-200-DRP-01-16.idw
2026-01-16 15:45:20 | FOUND IDW: MGY-200-DRP-01-16.0001.idw
2026-01-16 15:45:20 | FOUND IDW: MGY-200-DRP-01-03.idw
2026-01-16 15:45:20 | FOUND IDW: MGY-200-DRP-01-03.0052.idw
2026-01-16 15:45:20 | FOUND IDW: MGY-200-DRP-01-04.idw
2026-01-16 15:45:20 | FOUND IDW: MGY-200-DRP-01-04.0018.idw
2026-01-16 15:45:20 | FOUND IDW: MGY-200-DRP-01-05.idw
2026-01-16 15:45:20 | FOUND IDW: MGY-200-DRP-01-05.0021.idw
2026-01-16 15:45:20 | FOUND IDW: MGY-200-DRP-01-06.idw
2026-01-16 15:45:20 | FOUND IDW: MGY-200-DRP-01-06.0014.idw
2026-01-16 15:45:20 | FOUND IDW: MGY-200-DRP-01-07.idw
2026-01-16 15:45:20 | FOUND IDW: MGY-200-DRP-01-07.0019.idw
2026-01-16 15:45:20 | FOUND IDW: MGY-200-DRP-01-08.idw
2026-01-16 15:45:20 | FOUND IDW: MGY-200-DRP-01-08.0023.idw
2026-01-16 15:45:20 | FOUND IDW: MGY-200-DRP-01-09.idw
2026-01-16 15:45:20 | FOUND IDW: MGY-200-DRP-01-09.0016.idw
2026-01-16 15:45:20 | FOUND IDW: MGY-200-DRP-01-10.idw
2026-01-16 15:45:20 | FOUND IDW: MGY-200-DRP-01-10.0016.idw
2026-01-16 15:45:20 | SEARCHING: C:\Users\Quintin\Documents\Spectiv\3. Working\TEMP - RENAME TEST\000 Structure & Walkway before renaming\000 Structure & Walkway\Walkway-2
2026-01-16 15:45:20 | SEARCHING: C:\Users\Quintin\Documents\Spectiv\3. Working\TEMP - RENAME TEST\000 Structure & Walkway before renaming\000 Structure & Walkway\Walkway-3
2026-01-16 15:45:20 | SEARCHING: C:\Users\Quintin\Documents\Spectiv\3. Working\TEMP - RENAME TEST\000 Structure & Walkway before renaming\000 Structure & Walkway\Walkway-4
2026-01-16 15:45:20 | SEARCHING: C:\Users\Quintin\Documents\Spectiv\3. Working\TEMP - RENAME TEST\000 Structure & Walkway before renaming\000 Structure & Walkway\Walkway-5
2026-01-16 15:45:20 | SEARCHING: C:\Users\Quintin\Documents\Spectiv\3. Working\TEMP - RENAME TEST\000 Structure & Walkway before renaming\000 Structure & Walkway\Walkway-6
2026-01-16 15:45:21 | SEARCHING: C:\Users\Quintin\Documents\Spectiv\3. Working\TEMP - RENAME TEST\000 Structure & Walkway before renaming\000 Structure & Walkway\Walkway-8
2026-01-16 15:45:21 | SEARCHING: C:\Users\Quintin\Documents\Spectiv\3. Working\TEMP - RENAME TEST\000 Structure & Walkway before renaming\000 Structure & Walkway\Walkway-9
2026-01-16 15:45:21 | SEARCHING: C:\Users\Quintin\Documents\Spectiv\3. Working\TEMP - RENAME TEST\000 Structure & Walkway before renaming\000 Structure & Walkway\Walkway-10
2026-01-16 15:45:21 | SEARCHING: C:\Users\Quintin\Documents\Spectiv\3. Working\TEMP - RENAME TEST\000 Structure & Walkway before renaming\000 Structure & Walkway\Knee Brace-1
2026-01-16 15:45:21 | SEARCHING: C:\Users\Quintin\Documents\Spectiv\3. Working\TEMP - RENAME TEST\000 Structure & Walkway before renaming\000 Structure & Walkway\Knee Brace-2
2026-01-16 15:45:21 | SEARCHING: C:\Users\Quintin\Documents\Spectiv\3. Working\TEMP - RENAME TEST\000 Structure & Walkway before renaming\000 Structure & Walkway\Knee Brace-4
2026-01-16 15:45:21 | SEARCHING: C:\Users\Quintin\Documents\Spectiv\3. Working\TEMP - RENAME TEST\000 Structure & Walkway before renaming\000 Structure & Walkway\Walkway-13
2026-01-16 15:45:21 | SEARCHING: C:\Users\Quintin\Documents\Spectiv\3. Working\TEMP - RENAME TEST\000 Structure & Walkway before renaming\000 Structure & Walkway\Walkway-16
2026-01-16 15:45:21 | SEARCHING: C:\Users\Quintin\Documents\Spectiv\3. Working\TEMP - RENAME TEST\000 Structure & Walkway before renaming\000 Structure & Walkway\Walkway-7
2026-01-16 15:45:21 | SEARCHING: C:\Users\Quintin\Documents\Spectiv\3. Working\TEMP - RENAME TEST\000 Structure & Walkway before renaming\000 Structure & Walkway\Knee Brace-3
2026-01-16 15:45:21 | SEARCHING: C:\Users\Quintin\Documents\Spectiv\3. Working\TEMP - RENAME TEST\000 Structure & Walkway before renaming\000 Structure & Walkway\Staircase-3
2026-01-16 15:45:21 | SEARCHING: C:\Users\Quintin\Documents\Spectiv\3. Working\TEMP - RENAME TEST
2026-01-16 15:45:25 | SEARCHING: C:\Users\Quintin\Documents\Spectiv\3. Working
2026-01-16 15:45:25 | FOUND IDW: MGY-100-SCR-00.idw
2026-01-16 15:45:25 | FOUND IDW: Chutes.idw
2026-01-16 15:45:25 | FOUND IDW: Structure.idw
2026-01-16 15:45:25 | FOUND IDW: MGY-100-SCR-00.0017.idw
2026-01-16 15:45:25 | FOUND IDW: MGY-100-SCR-07.idw
2026-01-16 15:45:25 | FOUND IDW: MGY-100-SCR-07.0006.idw
2026-01-16 15:45:25 | FOUND IDW: UMTH-0100-SC-01-02.idw
2026-01-16 15:45:25 | FOUND IDW: UMTH-0100-SC-01-02.0020.idw
2026-01-16 15:45:25 | FOUND IDW: MGY-100-SCR-05.idw
2026-01-16 15:45:25 | FOUND IDW: MGY-100-SCR-05.0020.idw
2026-01-16 15:45:25 | FOUND IDW: MGY-100-SCR-03-00.idw
2026-01-16 15:45:25 | FOUND IDW: MGY-100-SCR-03-05.idw
2026-01-16 15:45:25 | FOUND IDW: MGY-100-SCR-03-05.0022.idw
2026-01-16 15:45:25 | FOUND IDW: MGY-100-SCR-03-06.idw
2026-01-16 15:45:25 | FOUND IDW: MGY-100-SCR-03-06.0017.idw
2026-01-16 15:45:25 | FOUND IDW: MGY-100-SCR-03-03.idw
2026-01-16 15:45:26 | FOUND IDW: MGY-100-SCR-03-03.0022.idw
2026-01-16 15:45:26 | FOUND IDW: MGY-100-SCR-03-04.idw
2026-01-16 15:45:26 | FOUND IDW: MGY-100-SCR-03-04.idw
2026-01-16 15:45:26 | FOUND IDW: MGY-100-SCR-03-04.0018.idw
2026-01-16 15:45:26 | FOUND IDW: MGY-100-SCR-03-07.idw
2026-01-16 15:45:26 | FOUND IDW: VVF-100-SC-03-07.idw
2026-01-16 15:45:26 | FOUND IDW: MGY-100-SCR-03-07.0010.idw
2026-01-16 15:45:26 | FOUND IDW: MGY-100-SCR-03-07.idw
2026-01-16 15:45:26 | FOUND IDW: VVF-100-SC-03-07.idw
2026-01-16 15:45:26 | FOUND IDW: MGY-100-SCR-03-07.0010.idw
2026-01-16 15:45:26 | FOUND IDW: MGY-100-SCR-03-02.idw
2026-01-16 15:45:26 | FOUND IDW: MGY-100-SCR-03-02.0015.idw
2026-01-16 15:45:26 | FOUND IDW: MGY-100-SCR-03-00.0005.idw
2026-01-16 15:45:26 | FOUND IDW: MGY-100-SCR-03-01.idw
2026-01-16 15:45:26 | FOUND IDW: MGY-100-SCR-03-01.0017.idw
2026-01-16 15:45:26 | FOUND IDW: ARO-CVR-D01-16-07.idw
2026-01-16 15:45:26 | FOUND IDW: MGY-100-SCR-02.idw
2026-01-16 15:45:26 | FOUND IDW: MGY-100-SCR-02.0016.idw
2026-01-16 15:45:26 | FOUND IDW: PEN-PB-SP-SNL522.idw
2026-01-16 15:45:26 | FOUND IDW: PEN-PB-SP-SNL522.idw
2026-01-16 15:45:26 | FOUND IDW: MGY-100-SCR-04.idw
2026-01-16 15:45:26 | FOUND IDW: IMP-088.idw
2026-01-16 15:45:26 | FOUND IDW: UMTH-0100-SC-01-03.idw
2026-01-16 15:45:26 | FOUND IDW: VVF-100-SC-05-01.idw
2026-01-16 15:45:26 | FOUND IDW: MGY-100-SCR-08.idw
2026-01-16 15:45:26 | FOUND IDW: MGY-100-SCR-08.0051.idw
2026-01-16 15:45:26 | FOUND IDW: MGY-100-SCR-09.idw
2026-01-16 15:45:26 | FOUND IDW: MGY-100-SCR-09.0054.idw
2026-01-16 15:45:26 | FOUND IDW: MGY-100-SCR-10.idw
2026-01-16 15:45:26 | FOUND IDW: MGY-100-SCR-10.0053.idw
2026-01-16 15:45:26 | FOUND IDW: MGY-100-SCR-11.idw
2026-01-16 15:45:26 | FOUND IDW: MGY-100-SCR-11.0055.idw
2026-01-16 15:45:26 | FOUND IDW: MGY-100-SCR-01-00.idw
2026-01-16 15:45:26 | FOUND IDW: MGY-100-SCR-01-62.idw
2026-01-16 15:45:27 | FOUND IDW: MGY-100-SCR-01-62.0019.idw
2026-01-16 15:45:27 | FOUND IDW: MGY-100-SCR-01-01.idw
2026-01-16 15:45:27 | FOUND IDW: MGY-100-SCR-01-01.0012.idw
2026-01-16 15:45:27 | FOUND IDW: MGY-100-SCR-01-10.idw
2026-01-16 15:45:27 | FOUND IDW: MGY-100-SCR-01-10.0011.idw
2026-01-16 15:45:27 | FOUND IDW: MGY-100-SCR-01-11.idw
2026-01-16 15:45:27 | FOUND IDW: MGY-100-SCR-01-11.0013.idw
2026-01-16 15:45:27 | FOUND IDW: MGY-100-SCR-01-12.idw
2026-01-16 15:45:27 | FOUND IDW: MGY-100-SCR-01-12.0013.idw
2026-01-16 15:45:27 | FOUND IDW: MGY-100-SCR-01-13.idw
2026-01-16 15:45:27 | FOUND IDW: MGY-100-SCR-01-13.0013.idw
2026-01-16 15:45:27 | FOUND IDW: MGY-100-SCR-01-14.idw
2026-01-16 15:45:27 | FOUND IDW: MGY-100-SCR-01-14.0010.idw
2026-01-16 15:45:27 | FOUND IDW: MGY-100-SCR-01-15.idw
2026-01-16 15:45:27 | FOUND IDW: MGY-100-SCR-01-15.0011.idw
2026-01-16 15:45:27 | FOUND IDW: MGY-100-SCR-01-16.idw
2026-01-16 15:45:27 | FOUND IDW: MGY-100-SCR-01-16.0011.idw
2026-01-16 15:45:27 | FOUND IDW: MGY-100-SCR-01-17.idw
2026-01-16 15:45:27 | FOUND IDW: MGY-100-SCR-01-17.0011.idw
2026-01-16 15:45:27 | FOUND IDW: MGY-100-SCR-01-18.idw
2026-01-16 15:45:27 | FOUND IDW: MGY-100-SCR-01-18.0011.idw
2026-01-16 15:45:27 | FOUND IDW: MGY-100-SCR-01-19.idw
2026-01-16 15:45:27 | FOUND IDW: MGY-100-SCR-01-19.0010.idw
2026-01-16 15:45:27 | FOUND IDW: MGY-100-SCR-01-02.idw
2026-01-16 15:45:27 | FOUND IDW: MGY-100-SCR-01-02.0009.idw
2026-01-16 15:45:27 | FOUND IDW: MGY-100-SCR-01-20.idw
2026-01-16 15:45:27 | FOUND IDW: MGY-100-SCR-01-20.0012.idw
2026-01-16 15:45:27 | FOUND IDW: MGY-100-SCR-01-21.idw
2026-01-16 15:45:27 | FOUND IDW: MGY-100-SCR-01-21.0011.idw
2026-01-16 15:45:27 | FOUND IDW: MGY-100-SCR-01-22.idw
2026-01-16 15:45:27 | FOUND IDW: MGY-100-SCR-01-22.0011.idw
2026-01-16 15:45:27 | FOUND IDW: MGY-100-SCR-01-23.idw
2026-01-16 15:45:27 | FOUND IDW: MGY-100-SCR-01-23.0013.idw
2026-01-16 15:45:27 | FOUND IDW: MGY-100-SCR-01-24.idw
2026-01-16 15:45:27 | FOUND IDW: MGY-100-SCR-01-24.0013.idw
2026-01-16 15:45:27 | FOUND IDW: MGY-100-SCR-01-25.idw
2026-01-16 15:45:27 | FOUND IDW: MGY-100-SCR-01-25.0012.idw
2026-01-16 15:45:27 | FOUND IDW: MGY-100-SCR-01-26.idw
2026-01-16 15:45:27 | FOUND IDW: MGY-100-SCR-01-26.0012.idw
2026-01-16 15:45:27 | FOUND IDW: MGY-100-SCR-01-27.idw
2026-01-16 15:45:27 | FOUND IDW: MGY-100-SCR-01-27.0012.idw
2026-01-16 15:45:27 | FOUND IDW: MGY-100-SCR-01-28.idw
2026-01-16 15:45:27 | FOUND IDW: MGY-100-SCR-01-28.0015.idw
2026-01-16 15:45:27 | FOUND IDW: MGY-100-SCR-01-29.idw
2026-01-16 15:45:27 | FOUND IDW: MGY-100-SCR-01-29.0013.idw
2026-01-16 15:45:27 | FOUND IDW: MGY-100-SCR-01-03.idw
2026-01-16 15:45:27 | FOUND IDW: MGY-100-SCR-01-03.0010.idw
2026-01-16 15:45:27 | FOUND IDW: MGY-100-SCR-01-30.idw
2026-01-16 15:45:27 | FOUND IDW: MGY-100-SCR-01-30.0015.idw
2026-01-16 15:45:28 | FOUND IDW: MGY-100-SCR-01-31.idw
2026-01-16 15:45:28 | FOUND IDW: MGY-100-SCR-01-31.0017.idw
2026-01-16 15:45:28 | FOUND IDW: MGY-100-SCR-01-32.idw
2026-01-16 15:45:28 | FOUND IDW: MGY-100-SCR-01-32.0019.idw
2026-01-16 15:45:28 | FOUND IDW: MGY-100-SCR-01-33.idw
2026-01-16 15:45:28 | FOUND IDW: MGY-100-SCR-01-33.0010.idw
2026-01-16 15:45:28 | FOUND IDW: MGY-100-SCR-01-34.idw
2026-01-16 15:45:28 | FOUND IDW: MGY-100-SCR-01-34.0013.idw
2026-01-16 15:45:28 | FOUND IDW: MGY-100-SCR-01-35.idw
2026-01-16 15:45:28 | FOUND IDW: MGY-100-SCR-01-35.0016.idw
2026-01-16 15:45:28 | FOUND IDW: MGY-100-SCR-01-36.idw
2026-01-16 15:45:28 | FOUND IDW: MGY-100-SCR-01-36.0011.idw
2026-01-16 15:45:28 | FOUND IDW: MGY-100-SCR-01-37.idw
2026-01-16 15:45:28 | FOUND IDW: MGY-100-SCR-01-37.0012.idw
2026-01-16 15:45:28 | FOUND IDW: MGY-100-SCR-01-38.idw
2026-01-16 15:45:28 | FOUND IDW: MGY-100-SCR-01-38.0015.idw
2026-01-16 15:45:28 | FOUND IDW: MGY-100-SCR-01-39.idw
2026-01-16 15:45:28 | FOUND IDW: MGY-100-SCR-01-39.0012.idw
2026-01-16 15:45:28 | FOUND IDW: MGY-100-SCR-01-04.idw
2026-01-16 15:45:28 | FOUND IDW: MGY-100-SCR-01-04.0010.idw
2026-01-16 15:45:28 | FOUND IDW: MGY-100-SCR-01-40.idw
2026-01-16 15:45:28 | FOUND IDW: MGY-100-SCR-01-40.0015.idw
2026-01-16 15:45:28 | FOUND IDW: MGY-100-SCR-01-41.idw
2026-01-16 15:45:28 | FOUND IDW: MGY-100-SCR-01-41.0011.idw
2026-01-16 15:45:28 | FOUND IDW: MGY-100-SCR-01-42.idw
2026-01-16 15:45:28 | FOUND IDW: MGY-100-SCR-01-42.0016.idw
2026-01-16 15:45:28 | FOUND IDW: MGY-100-SCR-01-43.idw
2026-01-16 15:45:28 | FOUND IDW: MGY-100-SCR-01-43.0016.idw
2026-01-16 15:45:28 | FOUND IDW: MGY-100-SCR-01-44.idw
2026-01-16 15:45:28 | FOUND IDW: MGY-100-SCR-01-44.0018.idw
2026-01-16 15:45:28 | FOUND IDW: MGY-100-SCR-01-45.idw
2026-01-16 15:45:28 | FOUND IDW: MGY-100-SCR-01-45.0018.idw
2026-01-16 15:45:28 | FOUND IDW: MGY-100-SCR-01-46.idw
2026-01-16 15:45:28 | FOUND IDW: MGY-100-SCR-01-46.0017.idw
2026-01-16 15:45:28 | FOUND IDW: MGY-100-SCR-01-47.idw
2026-01-16 15:45:28 | FOUND IDW: MGY-100-SCR-01-47.0016.idw
2026-01-16 15:45:28 | FOUND IDW: MGY-100-SCR-01-48.idw
2026-01-16 15:45:28 | FOUND IDW: MGY-100-SCR-01-48.0019.idw
2026-01-16 15:45:28 | FOUND IDW: MGY-100-SCR-01-49.idw
2026-01-16 15:45:28 | FOUND IDW: MGY-100-SCR-01-49.0020.idw
2026-01-16 15:45:28 | FOUND IDW: MGY-100-SCR-01-05.idw
2026-01-16 15:45:28 | FOUND IDW: MGY-100-SCR-01-05.0012.idw
2026-01-16 15:45:29 | FOUND IDW: MGY-100-SCR-01-18.idw
2026-01-16 15:45:29 | FOUND IDW: MGY-100-SCR-01-18.0011.idw
2026-01-16 15:45:29 | FOUND IDW: MGY-100-SCR-01-19.idw
2026-01-16 15:45:29 | FOUND IDW: MGY-100-SCR-01-19.0010.idw
2026-01-16 15:45:29 | FOUND IDW: MGY-100-SCR-01-13.idw
2026-01-16 15:45:29 | FOUND IDW: MGY-100-SCR-01-13.0013.idw
2026-01-16 15:45:29 | FOUND IDW: MGY-100-SCR-01-06.idw
2026-01-16 15:45:29 | FOUND IDW: MGY-100-SCR-01-06.0013.idw
2026-01-16 15:45:29 | FOUND IDW: MGY-100-SCR-01-07.idw
2026-01-16 15:45:29 | FOUND IDW: MGY-100-SCR-01-07.0012.idw
2026-01-16 15:45:29 | FOUND IDW: MGY-100-SCR-01-08.idw
2026-01-16 15:45:29 | FOUND IDW: MGY-100-SCR-01-08.0010.idw
2026-01-16 15:45:29 | FOUND IDW: MGY-100-SCR-01-09.idw
2026-01-16 15:45:29 | FOUND IDW: MGY-100-SCR-01-09.0013.idw
2026-01-16 15:45:29 | FOUND IDW: MGY-100-SCR-01-58.idw
2026-01-16 15:45:29 | FOUND IDW: MGY-100-SCR-01-58.0011.idw
2026-01-16 15:45:29 | FOUND IDW: MGY-100-SCR-01-59.idw
2026-01-16 15:45:29 | FOUND IDW: MGY-100-SCR-01-59.0012.idw
2026-01-16 15:45:29 | FOUND IDW: MGY-100-SCR-01-60.idw
2026-01-16 15:45:29 | FOUND IDW: MGY-100-SCR-01-60.0015.idw
2026-01-16 15:45:29 | FOUND IDW: MGY-100-SCR-01-61.idw
2026-01-16 15:45:29 | FOUND IDW: MGY-100-SCR-01-61.0019.idw
2026-01-16 15:45:29 | FOUND IDW: MGY-100-SCR-01-50.idw
2026-01-16 15:45:29 | FOUND IDW: MGY-100-SCR-01-50.0015.idw
2026-01-16 15:45:29 | FOUND IDW: MGY-100-SCR-01-51.idw
2026-01-16 15:45:29 | FOUND IDW: MGY-100-SCR-01-51.0016.idw
2026-01-16 15:45:29 | FOUND IDW: MGY-100-SCR-01-52.idw
2026-01-16 15:45:29 | FOUND IDW: MGY-100-SCR-01-52.0014.idw
2026-01-16 15:45:29 | FOUND IDW: MGY-100-SCR-01-53.idw
2026-01-16 15:45:29 | FOUND IDW: MGY-100-SCR-01-53.0018.idw
2026-01-16 15:45:29 | FOUND IDW: MGY-100-SCR-01-54.idw
2026-01-16 15:45:29 | FOUND IDW: MGY-100-SCR-01-54.0013.idw
2026-01-16 15:45:29 | FOUND IDW: MGY-100-SCR-01-55.idw
2026-01-16 15:45:29 | FOUND IDW: MGY-100-SCR-01-55.0016.idw
2026-01-16 15:45:29 | FOUND IDW: MGY-100-SCR-01-56.idw
2026-01-16 15:45:29 | FOUND IDW: MGY-100-SCR-01-56.0015.idw
2026-01-16 15:45:29 | FOUND IDW: MGY-100-SCR-01-57.idw
2026-01-16 15:45:29 | FOUND IDW: MGY-100-SCR-01-57.0016.idw
2026-01-16 15:45:29 | FOUND IDW: MGY-100-SCR-01-00.0009.idw
2026-01-16 15:45:30 | FOUND IDW: MGY-100-SCN-00.idw
2026-01-16 15:45:30 | FOUND IDW: Chutes.idw
2026-01-16 15:45:30 | FOUND IDW: Structure.idw
2026-01-16 15:45:30 | FOUND IDW: MGY-100-SCN-GR.idw
2026-01-16 15:45:30 | FOUND IDW: MGY-100-SCN-00.0006.idw
2026-01-16 15:45:30 | FOUND IDW: MGY-100-SCN-10-00.idw
2026-01-16 15:45:30 | FOUND IDW: Gantry-2 (Both walkways).idw
2026-01-16 15:45:30 | FOUND IDW: Gantry-2 (LH walkway).idw
2026-01-16 15:45:30 | FOUND IDW: Gantry-2 (No walkways).idw
2026-01-16 15:45:30 | FOUND IDW: Gantry-2 (RH walkway).idw
2026-01-16 15:45:30 | FOUND IDW: MGY-100-SCN-10-06-00.idw
2026-01-16 15:45:30 | FOUND IDW: MGY-100-SCN-10-06-03.idw
2026-01-16 15:45:30 | FOUND IDW: MGY-100-SCN-10-06-02.idw
2026-01-16 15:45:30 | FOUND IDW: MGY-100-SCN-10-06-01.idw
2026-01-16 15:45:30 | FOUND IDW: MGY-100-SCN-10-01.idw
2026-01-16 15:45:30 | FOUND IDW: MGY-100-SCN-10-02.idw
2026-01-16 15:45:30 | FOUND IDW: MGY-100-SCN-10-03.idw
2026-01-16 15:45:30 | FOUND IDW: PEN-PB-SP-SNL520.idw
2026-01-16 15:45:30 | FOUND IDW: PEN-PB-SP-SNL520.idw
2026-01-16 15:45:30 | FOUND IDW: PEN-PB-SP-SNL522.idw
2026-01-16 15:45:30 | FOUND IDW: MGY-100-SCN-10-04.idw
2026-01-16 15:45:30 | FOUND IDW: MGY-100-SCN-10-05.idw
2026-01-16 15:45:30 | FOUND IDW: HCI-PAL-FX-CV08-01-00.idw
2026-01-16 15:45:30 | FOUND IDW: HCI-PAL-FX-CV08-01-01.idw
2026-01-16 15:45:31 | FOUND IDW: HCI-PAL-FX-CV08-01-02.idw
2026-01-16 15:45:31 | FOUND IDW: HCI-PAL-FX-CV08-01-03.idw
2026-01-16 15:45:31 | FOUND IDW: HCI-PAL-FX-CV08-01-04.idw
2026-01-16 15:45:31 | FOUND IDW: IMP-PB-SP-SNL522.idw
2026-01-16 15:45:31 | FOUND IDW: HCI-PAL-FX-CV08-01-00.idw
2026-01-16 15:45:31 | FOUND IDW: HCI-PAL-FX-CV08-01-01.idw
2026-01-16 15:45:31 | FOUND IDW: HCI-PAL-FX-CV08-01-02.idw
2026-01-16 15:45:31 | FOUND IDW: HCI-PAL-FX-CV08-01-03.idw
2026-01-16 15:45:31 | FOUND IDW: HCI-PAL-FX-CV08-01-04.idw
2026-01-16 15:45:31 | FOUND IDW: IMP-PB-SP-SNL522.idw
2026-01-16 15:45:31 | FOUND IDW: MGY-100-SCN-08.idw
2026-01-16 15:45:31 | FOUND IDW: MGY-100-SCN-08.0015.idw
2026-01-16 15:45:31 | FOUND IDW: MGY-100-SCN-03-00.idw
2026-01-16 15:45:31 | FOUND IDW: MGY-100-SCN-03-05.idw
2026-01-16 15:45:31 | FOUND IDW: MGY-100-SCN-03-03.idw
2026-01-16 15:45:31 | FOUND IDW: MGY-100-SCN-03-04.idw
2026-01-16 15:45:31 | FOUND IDW: MGY-100-SCN-03-02.idw
2026-01-16 15:45:31 | FOUND IDW: MGY-100-SCN-03-01.idw
2026-01-16 15:45:31 | FOUND IDW: MGY-100-SCN-02-00.idw
2026-01-16 15:45:31 | FOUND IDW: MGY-100-SCN-02-01.idw
2026-01-16 15:45:31 | FOUND IDW: MGY-100-SCN-02-02.idw
2026-01-16 15:45:31 | FOUND IDW: MGY-100-SCN-02-03.idw
2026-01-16 15:45:31 | FOUND IDW: MGY-100-SCN-02-04.idw
2026-01-16 15:45:31 | FOUND IDW: MGY-100-SCN-02-00.0016.idw
2026-01-16 15:45:31 | FOUND IDW: MGY-100-SCN-02-01.0014.idw
2026-01-16 15:45:31 | FOUND IDW: MGY-100-SCN-02-02.0014.idw
2026-01-16 15:45:31 | FOUND IDW: MGY-100-SCN-02-03.0014.idw
2026-01-16 15:45:31 | FOUND IDW: MGY-100-SCN-02-04.0015.idw
2026-01-16 15:45:31 | FOUND IDW: MGY-100-SCN-09.idw
2026-01-16 15:45:31 | FOUND IDW: MGY-100-SCN-09.0012.idw
2026-01-16 15:45:31 | FOUND IDW: MGY-100-SCN-05.idw
2026-01-16 15:45:31 | FOUND IDW: MGY-100-SCN-05.0052.idw
2026-01-16 15:45:31 | FOUND IDW: MGY-100-SCN-06.idw
2026-01-16 15:45:31 | FOUND IDW: MGY-100-SCN-06.0070.idw
2026-01-16 15:45:31 | FOUND IDW: MGY-100-SCN-07.idw
2026-01-16 15:45:31 | FOUND IDW: MGY-100-SCN-07.0079.idw
2026-01-16 15:45:31 | FOUND IDW: MGY-100-SCN-01-00.idw
2026-01-16 15:45:31 | FOUND IDW: MGY-100-SCN-01-01.idw
2026-01-16 15:45:31 | FOUND IDW: MGY-100-SCN-01-02.idw
2026-01-16 15:45:31 | FOUND IDW: MGY-100-SCN-01-03.idw
2026-01-16 15:45:31 | FOUND IDW: MGY-100-SCN-01-04.idw
2026-01-16 15:45:31 | FOUND IDW: MGY-100-SCN-01-05.idw
2026-01-16 15:45:32 | FOUND IDW: MGY-100-SCN-01-06.idw
2026-01-16 15:45:32 | FOUND IDW: MGY-100-SCN-01-07.idw
2026-01-16 15:45:32 | FOUND IDW: MGY-100-SCN-01-08.idw
2026-01-16 15:45:32 | FOUND IDW: MGY-100-SCN-01-09.idw
2026-01-16 15:45:32 | FOUND IDW: MGY-100-SCN-01-10.idw
2026-01-16 15:45:32 | FOUND IDW: MGY-100-SCN-01-11.idw
2026-01-16 15:45:32 | FOUND IDW: MGY-100-SCN-01-12.idw
2026-01-16 15:45:32 | FOUND IDW: MGY-100-SCN-01-13.idw
2026-01-16 15:45:32 | FOUND IDW: MGY-100-SCN-01-14.idw
2026-01-16 15:45:32 | FOUND IDW: MGY-100-SCN-01-15.idw
2026-01-16 15:45:32 | FOUND IDW: MGY-100-SCN-01-16.idw
2026-01-16 15:45:32 | FOUND IDW: MGY-100-SCN-01-17.idw
2026-01-16 15:45:32 | FOUND IDW: MGY-100-SCN-01-18.idw
2026-01-16 15:45:32 | FOUND IDW: MGY-100-SCN-01-19.idw
2026-01-16 15:45:32 | FOUND IDW: MGY-100-SCN-01-20.idw
2026-01-16 15:45:32 | FOUND IDW: MGY-100-SCN-01-21.idw
2026-01-16 15:45:32 | FOUND IDW: MGY-100-SCN-01-22.idw
2026-01-16 15:45:32 | FOUND IDW: MGY-100-SCN-01-23.idw
2026-01-16 15:45:32 | FOUND IDW: MGY-100-SCN-01-24.idw
2026-01-16 15:45:32 | FOUND IDW: MGY-100-SCN-01-25.idw
2026-01-16 15:45:32 | FOUND IDW: MGY-100-SCN-01-26.idw
2026-01-16 15:45:32 | FOUND IDW: MGY-100-SCN-01-27.idw
2026-01-16 15:45:32 | FOUND IDW: MGY-100-SCN-01-28.idw
2026-01-16 15:45:32 | FOUND IDW: MGY-100-SCN-01-29.idw
2026-01-16 15:45:32 | FOUND IDW: MGY-100-SCN-01-30.idw
2026-01-16 15:45:32 | FOUND IDW: MGY-100-SCN-01-31.idw
2026-01-16 15:45:32 | FOUND IDW: MGY-100-SCN-01-32.idw
2026-01-16 15:45:32 | FOUND IDW: MGY-100-SCN-01-33.idw
2026-01-16 15:45:32 | FOUND IDW: MGY-100-SCN-01-34.idw
2026-01-16 15:45:32 | FOUND IDW: MGY-100-SCN-01-35.idw
2026-01-16 15:45:32 | FOUND IDW: MGY-100-SCN-01-36.idw
2026-01-16 15:45:32 | FOUND IDW: MGY-100-SCN-01-37.idw
2026-01-16 15:45:32 | FOUND IDW: MGY-100-SCN-01-38.idw
2026-01-16 15:45:32 | FOUND IDW: MGY-100-SCN-01-39.idw
2026-01-16 15:45:32 | FOUND IDW: MGY-100-SCN-01-40.idw
2026-01-16 15:45:32 | FOUND IDW: MGY-100-SCN-01-00.0008.idw
2026-01-16 15:45:32 | FOUND IDW: MGY-100-SCN-01-01.0010.idw
2026-01-16 15:45:32 | FOUND IDW: MGY-100-SCN-01-02.0009.idw
2026-01-16 15:45:32 | FOUND IDW: MGY-100-SCN-01-03.0010.idw
2026-01-16 15:45:32 | FOUND IDW: MGY-100-SCN-01-04.0011.idw
2026-01-16 15:45:32 | FOUND IDW: MGY-100-SCN-01-05.0011.idw
2026-01-16 15:45:32 | FOUND IDW: MGY-100-SCN-01-06.0013.idw
2026-01-16 15:45:32 | FOUND IDW: MGY-100-SCN-01-07.0011.idw
2026-01-16 15:45:32 | FOUND IDW: MGY-100-SCN-01-08.0013.idw
2026-01-16 15:45:32 | FOUND IDW: MGY-100-SCN-01-09.0010.idw
2026-01-16 15:45:32 | FOUND IDW: MGY-100-SCN-01-10.0012.idw
2026-01-16 15:45:32 | FOUND IDW: MGY-100-SCN-01-11.0010.idw
2026-01-16 15:45:32 | FOUND IDW: MGY-100-SCN-01-12.0014.idw
2026-01-16 15:45:32 | FOUND IDW: MGY-100-SCN-01-13.0009.idw
2026-01-16 15:45:32 | FOUND IDW: MGY-100-SCN-01-14.0011.idw
2026-01-16 15:45:32 | FOUND IDW: MGY-100-SCN-01-15.0012.idw
2026-01-16 15:45:32 | FOUND IDW: MGY-100-SCN-01-16.0015.idw
2026-01-16 15:45:32 | FOUND IDW: MGY-100-SCN-01-17.0012.idw
2026-01-16 15:45:32 | FOUND IDW: MGY-100-SCN-01-18.0012.idw
2026-01-16 15:45:32 | FOUND IDW: MGY-100-SCN-01-19.0014.idw
2026-01-16 15:45:32 | FOUND IDW: MGY-100-SCN-01-20.0014.idw
2026-01-16 15:45:32 | FOUND IDW: MGY-100-SCN-01-21.0015.idw
2026-01-16 15:45:32 | FOUND IDW: MGY-100-SCN-01-22.0016.idw
2026-01-16 15:45:32 | FOUND IDW: MGY-100-SCN-01-23.0015.idw
2026-01-16 15:45:32 | FOUND IDW: MGY-100-SCN-01-24.0016.idw
2026-01-16 15:45:32 | FOUND IDW: MGY-100-SCN-01-25.0016.idw
2026-01-16 15:45:32 | FOUND IDW: MGY-100-SCN-01-26.0012.idw
2026-01-16 15:45:32 | FOUND IDW: MGY-100-SCN-01-27.0010.idw
2026-01-16 15:45:32 | FOUND IDW: MGY-100-SCN-01-28.0013.idw
2026-01-16 15:45:32 | FOUND IDW: MGY-100-SCN-01-29.0009.idw
2026-01-16 15:45:32 | FOUND IDW: MGY-100-SCN-01-30.0011.idw
2026-01-16 15:45:32 | FOUND IDW: MGY-100-SCN-01-31.0013.idw
2026-01-16 15:45:32 | FOUND IDW: MGY-100-SCN-01-32.0014.idw
2026-01-16 15:45:32 | FOUND IDW: MGY-100-SCN-01-33.0015.idw
2026-01-16 15:45:32 | FOUND IDW: MGY-100-SCN-01-34.0009.idw
2026-01-16 15:45:32 | FOUND IDW: MGY-100-SCN-01-35.0013.idw
2026-01-16 15:45:32 | FOUND IDW: MGY-100-SCN-01-36.0012.idw
2026-01-16 15:45:32 | FOUND IDW: MGY-100-SCN-01-37.0014.idw
2026-01-16 15:45:32 | FOUND IDW: MGY-100-SCN-01-38.0013.idw
2026-01-16 15:45:32 | FOUND IDW: MGY-100-SCN-01-39.0015.idw
2026-01-16 15:45:32 | FOUND IDW: MGY-100-SCN-01-40.0065.idw
2026-01-16 15:45:32 | FOUND IDW: MGY-100-SCN-04-00.idw
2026-01-16 15:45:32 | FOUND IDW: MGY-100-SCN-04-01.idw
2026-01-16 15:45:32 | FOUND IDW: MGY-100-SCN-04-02.idw
2026-01-16 15:45:32 | FOUND IDW: MGY-100-SCN-04-00.0005.idw
2026-01-16 15:45:32 | FOUND IDW: MGY-100-SCN-04-01.0037.idw
2026-01-16 15:45:32 | FOUND IDW: MGY-200-DSL-00.idw
2026-01-16 15:45:33 | FOUND IDW: Chutes.idw
2026-01-16 15:45:33 | FOUND IDW: Structure.idw
2026-01-16 15:45:33 | FOUND IDW: MGY-200-DSL-GR.idw
2026-01-16 15:45:33 | FOUND IDW: MGY-200-DSL-04-00.idw
2026-01-16 15:45:33 | FOUND IDW: MGY-200-DSL-04-02.idw
2026-01-16 15:45:33 | FOUND IDW: MGY-200-DSL-04-03.idw
2026-01-16 15:45:33 | FOUND IDW: MGY-200-DSL-04-04.idw
2026-01-16 15:45:33 | FOUND IDW: MGY-200-DSL-04-01.idw
2026-01-16 15:45:33 | FOUND IDW: MGY-200-DSL-06-00.idw
2026-01-16 15:45:33 | FOUND IDW: MGY-200-DSL-06-02.idw
2026-01-16 15:45:33 | FOUND IDW: MGY-200-DSL-06-01-00.idw
2026-01-16 15:45:33 | FOUND IDW: MGY-200-DSL-06-01-01.idw
2026-01-16 15:45:33 | FOUND IDW: MGY-200-DSL-06-01-02.idw
2026-01-16 15:45:33 | FOUND IDW: MGY-200-DSL-09-00.idw
2026-01-16 15:45:33 | FOUND IDW: MGY-200-DSL-09-04.idw
2026-01-16 15:45:33 | FOUND IDW: MGY-200-DSL-09-03.idw
2026-01-16 15:45:33 | FOUND IDW: MGY-200-DSL-09-05.idw
2026-01-16 15:45:33 | FOUND IDW: MGY-200-DSL-09-06.idw
2026-01-16 15:45:33 | FOUND IDW: MGY-200-DSL-09-02.idw
2026-01-16 15:45:33 | FOUND IDW: MGY-200-DSL-09-07.idw
2026-01-16 15:45:33 | FOUND IDW: MGY-200-DSL-09-01.idw
2026-01-16 15:45:33 | FOUND IDW: MGY-200-DSL-08.idw
2026-01-16 15:45:33 | FOUND IDW: PEN-PB-SP-SNL520.idw
2026-01-16 15:45:33 | FOUND IDW: PEN-PB-SP-SNL520.idw
2026-01-16 15:45:33 | FOUND IDW: PEN-PB-SP-SNL522.idw
2026-01-16 15:45:33 | FOUND IDW: VVF-300-DS-03-08.idw
2026-01-16 15:45:33 | FOUND IDW: MGY-200-DSL-05-00.idw
2026-01-16 15:45:33 | FOUND IDW: MGY-200-DSL-05-02.idw
2026-01-16 15:45:34 | FOUND IDW: MGY-200-DSL-05-03.idw
2026-01-16 15:45:34 | FOUND IDW: MGY-200-DSL-05-04.idw
2026-01-16 15:45:34 | FOUND IDW: MGY-200-DSL-05-05.idw
2026-01-16 15:45:34 | FOUND IDW: MGY-200-DSL-05-09.idw
2026-01-16 15:45:34 | FOUND IDW: MGY-200-DSL-05-07.idw
2026-01-16 15:45:34 | FOUND IDW: MGY-200-DSL-05-08.idw
2026-01-16 15:45:34 | FOUND IDW: MGY-200-DSL-05-06.idw
2026-01-16 15:45:34 | FOUND IDW: MGY-200-DSL-05-01.idw
2026-01-16 15:45:34 | FOUND IDW: MGY-200-DSL-03-00.idw
2026-01-16 15:45:34 | FOUND IDW: MGY-200-DSL-03-01.idw
2026-01-16 15:45:34 | FOUND IDW: MGY-200-DSL-03-02.idw
2026-01-16 15:45:34 | FOUND IDW: MGY-200-DSL-07.idw
2026-01-16 15:45:34 | FOUND IDW: MGY-200-DSL-01-00.idw
2026-01-16 15:45:34 | FOUND IDW: MGY-200-DSL-01-01-00.idw
2026-01-16 15:45:34 | FOUND IDW: MGY-200-DSL-01-01-36.idw
2026-01-16 15:45:34 | FOUND IDW: MGY-200-DSL-01-01-11.idw
2026-01-16 15:45:34 | FOUND IDW: MGY-200-DSL-01-01-20.idw
2026-01-16 15:45:34 | FOUND IDW: MGY-200-DSL-01-01-21.idw
2026-01-16 15:45:34 | FOUND IDW: MGY-200-DSL-01-01-22.idw
2026-01-16 15:45:34 | FOUND IDW: MGY-200-DSL-01-01-23.idw
2026-01-16 15:45:34 | FOUND IDW: MGY-200-DSL-01-01-24.idw
2026-01-16 15:45:34 | FOUND IDW: MGY-200-DSL-01-01-25.idw
2026-01-16 15:45:34 | FOUND IDW: MGY-200-DSL-01-01-12.idw
2026-01-16 15:45:34 | FOUND IDW: MGY-200-DSL-01-01-13.idw
2026-01-16 15:45:34 | FOUND IDW: MGY-200-DSL-01-01-14.idw
2026-01-16 15:45:34 | FOUND IDW: MGY-200-DSL-01-01-15.idw
2026-01-16 15:45:34 | FOUND IDW: MGY-200-DSL-01-01-16.idw
2026-01-16 15:45:34 | FOUND IDW: MGY-200-DSL-01-01-17.idw
2026-01-16 15:45:34 | FOUND IDW: MGY-200-DSL-01-01-18.idw
2026-01-16 15:45:34 | FOUND IDW: MGY-200-DSL-01-01-19.idw
