2/4/2026 1:01:55 PM - === IDW COPY VIEWS TO NEXT SHEET - 1:10 SCALE ===
2/4/2026 1:01:55 PM - Drawing: N1SCR04-734-PA.idw
2/4/2026 1:01:57 PM - Source: Sheet:6 (6 views)
2/4/2026 1:01:57 PM - Assembly: N1SCR04-734-PLA2.iam
2/4/2026 1:01:58 PM - Found 19 unique part(s)
2/4/2026 1:01:58 PM - Using Sheet 7
2/4/2026 1:01:58 PM - 
2/4/2026 1:01:58 PM - === PLACING PART VIEWS AT 1:10 ===
2/4/2026 1:01:58 PM - 
2/4/2026 1:01:58 PM - [1/19] N1SCR04-734-PL4.ipt
2/4/2026 1:01:58 PM -   Position: (2, 27)
2/4/2026 1:01:58 PM -   View copied: 20
2/4/2026 1:01:58 PM -   Position set
2/4/2026 1:01:58 PM -   Scale set to 1:10
2/4/2026 1:01:58 PM -   SUCCESS
2/4/2026 1:01:58 PM - 
2/4/2026 1:01:58 PM - [2/19] N1SCR04-734-PL5.ipt
2/4/2026 1:01:58 PM -   Position: (10, 27)
2/4/2026 1:01:59 PM -   View copied: 21
2/4/2026 1:01:59 PM -   Position set
2/4/2026 1:01:59 PM -   Scale set to 1:10
2/4/2026 1:01:59 PM -   SUCCESS
2/4/2026 1:01:59 PM - 
2/4/2026 1:01:59 PM - [3/19] N1SCR04-734-PL6.ipt
2/4/2026 1:01:59 PM -   Position: (18, 27)
2/4/2026 1:01:59 PM -   View copied: 22
2/4/2026 1:01:59 PM -   Position set
2/4/2026 1:01:59 PM -   Scale set to 1:10
2/4/2026 1:01:59 PM -   SUCCESS
2/4/2026 1:01:59 PM - 
2/4/2026 1:01:59 PM - [4/19] N1SCR04-734-A1.ipt
2/4/2026 1:01:59 PM -   Position: (2, 21)
2/4/2026 1:02:00 PM -   View copied: 23
2/4/2026 1:02:00 PM -   Position set
2/4/2026 1:02:00 PM -   Scale set to 1:10
2/4/2026 1:02:00 PM -   SUCCESS
2/4/2026 1:02:00 PM - 
2/4/2026 1:02:00 PM - [5/19] N1SCR04-734-A2.ipt
2/4/2026 1:02:00 PM -   Position: (10, 21)
2/4/2026 1:02:00 PM -   View copied: 24
2/4/2026 1:02:00 PM -   Position set
2/4/2026 1:02:00 PM -   Scale set to 1:10
2/4/2026 1:02:00 PM -   SUCCESS
2/4/2026 1:02:00 PM - 
2/4/2026 1:02:00 PM - [6/19] N1SCR04-734-A3.ipt
2/4/2026 1:02:00 PM -   Position: (18, 21)
2/4/2026 1:02:00 PM -   View copied: 25
2/4/2026 1:02:01 PM -   Position set
2/4/2026 1:02:01 PM -   Scale set to 1:10
2/4/2026 1:02:01 PM -   SUCCESS
2/4/2026 1:02:01 PM - 
2/4/2026 1:02:01 PM - [7/19] N1SCR04-734-A4.ipt
2/4/2026 1:02:01 PM -   Position: (2, 15)
2/4/2026 1:02:01 PM -   View copied: 26
2/4/2026 1:02:01 PM -   Position set
2/4/2026 1:02:01 PM -   Scale set to 1:10
2/4/2026 1:02:01 PM -   SUCCESS
2/4/2026 1:02:01 PM - 
2/4/2026 1:02:01 PM - [8/19] N1SCR04-734-PL7.ipt
2/4/2026 1:02:01 PM -   Position: (10, 15)
2/4/2026 1:02:01 PM -   View copied: 27
2/4/2026 1:02:01 PM -   Position set
2/4/2026 1:02:01 PM -   Scale set to 1:10
2/4/2026 1:02:01 PM -   SUCCESS
2/4/2026 1:02:01 PM - 
2/4/2026 1:02:01 PM - [9/19] N1SCR04-734-PL8.ipt
2/4/2026 1:02:01 PM -   Position: (18, 15)
2/4/2026 1:02:02 PM -   View copied: 28
2/4/2026 1:02:02 PM -   Position set
2/4/2026 1:02:02 PM -   Scale set to 1:10
2/4/2026 1:02:02 PM -   SUCCESS
2/4/2026 1:02:02 PM - 
2/4/2026 1:02:02 PM - [10/19] N1SCR04-734-PL9.ipt
2/4/2026 1:02:02 PM -   Position: (2, 9)
2/4/2026 1:02:02 PM -   View copied: 29
2/4/2026 1:02:02 PM -   Position set
2/4/2026 1:02:02 PM -   Scale set to 1:10
2/4/2026 1:02:02 PM -   SUCCESS
2/4/2026 1:02:02 PM - 
2/4/2026 1:02:02 PM - [11/19] N1SCR04-734-PL10.ipt
2/4/2026 1:02:02 PM -   Position: (10, 9)
2/4/2026 1:02:03 PM -   View copied: 30
2/4/2026 1:02:03 PM -   Position set
2/4/2026 1:02:03 PM -   Scale set to 1:10
2/4/2026 1:02:03 PM -   SUCCESS
2/4/2026 1:02:03 PM - 
2/4/2026 1:02:03 PM - [12/19] N1SCR04-734-PL11.ipt
2/4/2026 1:02:03 PM -   Position: (18, 9)
2/4/2026 1:02:03 PM -   View copied: 31
2/4/2026 1:02:03 PM -   Position set
2/4/2026 1:02:03 PM -   Scale set to 1:10
2/4/2026 1:02:03 PM -   SUCCESS
2/4/2026 1:02:03 PM - 
2/4/2026 1:02:03 PM - [13/19] N1SCR04-734-PL12.ipt
2/4/2026 1:02:03 PM -   Position: (2, 3)
2/4/2026 1:02:04 PM -   View copied: 32
2/4/2026 1:02:04 PM -   Position set
2/4/2026 1:02:04 PM -   Scale set to 1:10
2/4/2026 1:02:04 PM -   SUCCESS
2/4/2026 1:02:04 PM - 
2/4/2026 1:02:04 PM - [14/19] N1SCR04-734-FLG1.ipt
2/4/2026 1:02:04 PM -   Position: (10, 3)
2/4/2026 1:02:05 PM -   View copied: 33
2/4/2026 1:02:05 PM -   Position set
2/4/2026 1:02:05 PM -   Scale set to 1:10
2/4/2026 1:02:05 PM -   SUCCESS
2/4/2026 1:02:05 PM - 
2/4/2026 1:02:05 PM - [15/19] N1SCR04-734-PL13.ipt
2/4/2026 1:02:05 PM -   Position: (18, 3)
2/4/2026 1:02:05 PM -   View copied: 34
2/4/2026 1:02:05 PM -   Position set
2/4/2026 1:02:05 PM -   Scale set to 1:10
2/4/2026 1:02:05 PM -   SUCCESS
2/4/2026 1:02:06 PM - 
2/4/2026 1:02:06 PM - [16/19] N1SCR04-734-P1.ipt
2/4/2026 1:02:06 PM -   Position: (2, -3)
2/4/2026 1:02:06 PM -   View copied: 35
2/4/2026 1:02:06 PM -   Position set
2/4/2026 1:02:06 PM -   Scale set to 1:10
2/4/2026 1:02:06 PM -   SUCCESS
2/4/2026 1:02:06 PM - 
2/4/2026 1:02:06 PM - [17/19] ISO 7091 - ST 16 - 100 HV.ipt
2/4/2026 1:02:06 PM -   Position: (10, -3)
2/4/2026 1:02:06 PM -   View copied: 36
2/4/2026 1:02:06 PM -   Position set
2/4/2026 1:02:07 PM -   Scale set to 1:10
2/4/2026 1:02:07 PM -   SUCCESS
2/4/2026 1:02:07 PM - 
2/4/2026 1:02:07 PM - [18/19] ISO 4017 - M16 x 40 - ISO.ipt
2/4/2026 1:02:07 PM -   Position: (18, -3)
2/4/2026 1:02:07 PM -   View copied: 37
2/4/2026 1:02:07 PM -   Position set
2/4/2026 1:02:08 PM -   Scale set to 1:10
2/4/2026 1:02:08 PM -   SUCCESS
2/4/2026 1:02:08 PM - 
2/4/2026 1:02:08 PM - [19/19] ISO 4032 - M16 - ISO.ipt
2/4/2026 1:02:08 PM -   Position: (2, -9)
2/4/2026 1:02:08 PM -   View copied: 38
2/4/2026 1:02:08 PM -   Position set
2/4/2026 1:02:08 PM -   Scale set to 1:10
2/4/2026 1:02:08 PM -   SUCCESS
2/4/2026 1:02:09 PM - 
2/4/2026 1:02:09 PM - === COMPLETE ===
2/4/2026 1:02:09 PM - Placed: 19, Failed: 0
