2026-02-04 12:27:29 - === IDW ASSEMBLY TO SHEET 2 (1:10 SCALE) ===
2026-02-04 12:27:29 - Starting operation...
2026-02-04 12:27:29 - Target scale: 1:10 (0.1)
2026-02-04 12:27:29 - SUCCESS: Connected to Inventor
2026-02-04 12:27:29 - SUCCESS: Active document is a drawing: N1SCR04-734-PA.idw
2026-02-04 12:27:35 - User selected Sheet 6: Sheet:6
2026-02-04 12:27:35 - Source sheet has 6 view(s)
2026-02-04 12:27:35 - SUCCESS: Found assembly: N1SCR04-734-PLA2.iam
2026-02-04 12:27:35 - 
2026-02-04 12:27:35 - Scanning for all parts in assembly...
2026-02-04 12:27:36 - Found 19 unique part(s)
2026-02-04 12:27:36 - Using existing Sheet 7
2026-02-04 12:27:36 - Activated target sheet: Sheet:7
2026-02-04 12:27:36 - 
2026-02-04 12:27:36 - === PLACING PART VIEWS AT 1:10 SCALE ===
2026-02-04 12:27:36 - 
2026-02-04 12:27:36 - [1/19] Placing: N1SCR04-734-PL4.ipt
2026-02-04 12:27:36 -   Using already-open part document
2026-02-04 12:27:36 -   Position: Column 1, Row 1 (X:2cm, Y:18cm from bottom)
2026-02-04 12:27:36 -   Target scale: 1:10
2026-02-04 12:27:36 -   Activated sheet: Sheet:7 (now has 0 views)
2026-02-04 12:27:36 -   Views before: 0
2026-02-04 12:27:36 -   Views after: 0
2026-02-04 12:27:36 -   SUCCESS: View created at 1:10 scale
2026-02-04 12:27:36 - 
2026-02-04 12:27:36 - [2/19] Placing: N1SCR04-734-PL5.ipt
2026-02-04 12:27:36 -   Using already-open part document
2026-02-04 12:27:36 -   Position: Column 2, Row 1 (X:10cm, Y:18cm from bottom)
2026-02-04 12:27:36 -   Target scale: 1:10
2026-02-04 12:27:36 -   Activated sheet: Sheet:7 (now has 0 views)
2026-02-04 12:27:36 -   Views before: 0
2026-02-04 12:27:36 -   Views after: 0
2026-02-04 12:27:36 -   SUCCESS: View created at 1:10 scale
2026-02-04 12:27:36 - 
2026-02-04 12:27:36 - [3/19] Placing: N1SCR04-734-PL6.ipt
2026-02-04 12:27:37 -   Using already-open part document
2026-02-04 12:27:37 -   Position: Column 3, Row 1 (X:18cm, Y:18cm from bottom)
2026-02-04 12:27:37 -   Target scale: 1:10
2026-02-04 12:27:37 -   Activated sheet: Sheet:7 (now has 0 views)
2026-02-04 12:27:37 -   Views before: 0
2026-02-04 12:27:37 -   Views after: 0
2026-02-04 12:27:37 -   SUCCESS: View created at 1:10 scale
2026-02-04 12:27:37 - 
2026-02-04 12:27:37 - [4/19] Placing: N1SCR04-734-A1.ipt
2026-02-04 12:27:37 -   Using already-open part document
2026-02-04 12:27:37 -   Position: Column 1, Row 2 (X:2cm, Y:24cm from bottom)
2026-02-04 12:27:37 -   Target scale: 1:10
2026-02-04 12:27:37 -   Activated sheet: Sheet:7 (now has 0 views)
2026-02-04 12:27:37 -   Views before: 0
2026-02-04 12:27:37 -   Views after: 0
2026-02-04 12:27:37 -   SUCCESS: View created at 1:10 scale
2026-02-04 12:27:37 - 
2026-02-04 12:27:37 - [5/19] Placing: N1SCR04-734-A2.ipt
2026-02-04 12:27:37 -   Using already-open part document
2026-02-04 12:27:37 -   Position: Column 2, Row 2 (X:10cm, Y:24cm from bottom)
2026-02-04 12:27:37 -   Target scale: 1:10
2026-02-04 12:27:37 -   Activated sheet: Sheet:7 (now has 0 views)
2026-02-04 12:27:37 -   Views before: 0
2026-02-04 12:27:37 -   Views after: 0
2026-02-04 12:27:37 -   SUCCESS: View created at 1:10 scale
2026-02-04 12:27:37 - 
2026-02-04 12:27:37 - [6/19] Placing: N1SCR04-734-A3.ipt
2026-02-04 12:27:37 -   Using already-open part document
2026-02-04 12:27:37 -   Position: Column 3, Row 2 (X:18cm, Y:24cm from bottom)
2026-02-04 12:27:37 -   Target scale: 1:10
2026-02-04 12:27:37 -   Activated sheet: Sheet:7 (now has 0 views)
2026-02-04 12:27:37 -   Views before: 0
2026-02-04 12:27:37 -   Views after: 0
2026-02-04 12:27:37 -   SUCCESS: View created at 1:10 scale
2026-02-04 12:27:37 - 
2026-02-04 12:27:37 - [7/19] Placing: N1SCR04-734-A4.ipt
2026-02-04 12:27:38 -   Using already-open part document
2026-02-04 12:27:38 -   Position: Column 1, Row 3 (X:2cm, Y:30cm from bottom)
2026-02-04 12:27:38 -   Target scale: 1:10
2026-02-04 12:27:38 -   Activated sheet: Sheet:7 (now has 0 views)
2026-02-04 12:27:38 -   Views before: 0
2026-02-04 12:27:38 -   Views after: 0
2026-02-04 12:27:38 -   SUCCESS: View created at 1:10 scale
2026-02-04 12:27:38 - 
2026-02-04 12:27:38 - [8/19] Placing: N1SCR04-734-PL7.ipt
2026-02-04 12:27:38 -   Using already-open part document
2026-02-04 12:27:38 -   Position: Column 2, Row 3 (X:10cm, Y:30cm from bottom)
2026-02-04 12:27:38 -   Target scale: 1:10
2026-02-04 12:27:38 -   Activated sheet: Sheet:7 (now has 0 views)
2026-02-04 12:27:38 -   Views before: 0
2026-02-04 12:27:38 -   Views after: 0
2026-02-04 12:27:38 -   SUCCESS: View created at 1:10 scale
2026-02-04 12:27:38 - 
2026-02-04 12:27:38 - [9/19] Placing: N1SCR04-734-PL8.ipt
2026-02-04 12:27:38 -   Using already-open part document
2026-02-04 12:27:38 -   Position: Column 3, Row 3 (X:18cm, Y:30cm from bottom)
2026-02-04 12:27:38 -   Target scale: 1:10
2026-02-04 12:27:38 -   Activated sheet: Sheet:7 (now has 0 views)
2026-02-04 12:27:38 -   Views before: 0
2026-02-04 12:27:38 -   Views after: 0
2026-02-04 12:27:38 -   SUCCESS: View created at 1:10 scale
2026-02-04 12:27:38 - 
2026-02-04 12:27:38 - [10/19] Placing: N1SCR04-734-PL9.ipt
2026-02-04 12:27:39 -   Using already-open part document
2026-02-04 12:27:39 -   Position: Column 1, Row 4 (X:2cm, Y:36cm from bottom)
2026-02-04 12:27:39 -   Target scale: 1:10
2026-02-04 12:27:39 -   Activated sheet: Sheet:7 (now has 0 views)
2026-02-04 12:27:39 -   Views before: 0
2026-02-04 12:27:39 -   Views after: 0
2026-02-04 12:27:39 -   SUCCESS: View created at 1:10 scale
2026-02-04 12:27:39 - 
2026-02-04 12:27:39 - [11/19] Placing: N1SCR04-734-PL10.ipt
2026-02-04 12:27:39 -   Using already-open part document
2026-02-04 12:27:39 -   Position: Column 2, Row 4 (X:10cm, Y:36cm from bottom)
2026-02-04 12:27:39 -   Target scale: 1:10
2026-02-04 12:27:39 -   Activated sheet: Sheet:7 (now has 0 views)
2026-02-04 12:27:39 -   Views before: 0
2026-02-04 12:27:39 -   Views after: 0
2026-02-04 12:27:39 -   SUCCESS: View created at 1:10 scale
2026-02-04 12:27:39 - 
2026-02-04 12:27:39 - [12/19] Placing: N1SCR04-734-PL11.ipt
2026-02-04 12:27:39 -   Using already-open part document
2026-02-04 12:27:39 -   Position: Column 3, Row 4 (X:18cm, Y:36cm from bottom)
2026-02-04 12:27:39 -   Target scale: 1:10
2026-02-04 12:27:39 -   Activated sheet: Sheet:7 (now has 0 views)
2026-02-04 12:27:39 -   Views before: 0
2026-02-04 12:27:39 -   Views after: 0
2026-02-04 12:27:39 -   SUCCESS: View created at 1:10 scale
2026-02-04 12:27:39 - 
2026-02-04 12:27:39 - [13/19] Placing: N1SCR04-734-PL12.ipt
2026-02-04 12:27:40 -   Using already-open part document
2026-02-04 12:27:40 -   Position: Column 1, Row 5 (X:2cm, Y:42cm from bottom)
2026-02-04 12:27:40 -   Target scale: 1:10
2026-02-04 12:27:40 -   Activated sheet: Sheet:7 (now has 0 views)
2026-02-04 12:27:40 -   Views before: 0
2026-02-04 12:27:40 -   Views after: 0
2026-02-04 12:27:40 -   SUCCESS: View created at 1:10 scale
2026-02-04 12:27:40 - 
2026-02-04 12:27:40 - [14/19] Placing: N1SCR04-734-FLG1.ipt
2026-02-04 12:27:40 -   Using already-open part document
2026-02-04 12:27:40 -   Position: Column 2, Row 5 (X:10cm, Y:42cm from bottom)
2026-02-04 12:27:40 -   Target scale: 1:10
2026-02-04 12:27:40 -   Activated sheet: Sheet:7 (now has 0 views)
2026-02-04 12:27:40 -   Views before: 0
2026-02-04 12:27:40 -   Views after: 0
2026-02-04 12:27:40 -   SUCCESS: View created at 1:10 scale
2026-02-04 12:27:40 - 
2026-02-04 12:27:40 - [15/19] Placing: N1SCR04-734-PL13.ipt
2026-02-04 12:27:41 -   Using already-open part document
2026-02-04 12:27:41 -   Position: Column 3, Row 5 (X:18cm, Y:42cm from bottom)
2026-02-04 12:27:41 -   Target scale: 1:10
2026-02-04 12:27:41 -   Activated sheet: Sheet:7 (now has 0 views)
2026-02-04 12:27:41 -   Views before: 0
2026-02-04 12:27:41 -   Views after: 0
2026-02-04 12:27:41 -   SUCCESS: View created at 1:10 scale
2026-02-04 12:27:41 - 
2026-02-04 12:27:41 - [16/19] Placing: N1SCR04-734-P1.ipt
2026-02-04 12:27:41 -   Using already-open part document
2026-02-04 12:27:41 -   Position: Column 1, Row 6 (X:2cm, Y:48cm from bottom)
2026-02-04 12:27:41 -   Target scale: 1:10
2026-02-04 12:27:41 -   Activated sheet: Sheet:7 (now has 0 views)
2026-02-04 12:27:41 -   Views before: 0
2026-02-04 12:27:41 -   Views after: 0
2026-02-04 12:27:41 -   SUCCESS: View created at 1:10 scale
2026-02-04 12:27:41 - 
2026-02-04 12:27:41 - [17/19] Placing: ISO 7091 - ST 16 - 100 HV.ipt
2026-02-04 12:27:41 -   Using already-open part document
2026-02-04 12:27:41 -   Position: Column 2, Row 6 (X:10cm, Y:48cm from bottom)
2026-02-04 12:27:41 -   Target scale: 1:10
2026-02-04 12:27:41 -   Activated sheet: Sheet:7 (now has 0 views)
2026-02-04 12:27:41 -   Views before: 0
2026-02-04 12:27:42 -   Views after: 0
2026-02-04 12:27:42 -   SUCCESS: View created at 1:10 scale
2026-02-04 12:27:42 - 
2026-02-04 12:27:42 - [18/19] Placing: ISO 4017 - M16 x 40 - ISO.ipt
2026-02-04 12:27:42 -   Using already-open part document
2026-02-04 12:27:42 -   Position: Column 3, Row 6 (X:18cm, Y:48cm from bottom)
2026-02-04 12:27:42 -   Target scale: 1:10
2026-02-04 12:27:42 -   Activated sheet: Sheet:7 (now has 0 views)
2026-02-04 12:27:42 -   Views before: 0
2026-02-04 12:27:42 -   Views after: 0
2026-02-04 12:27:42 -   SUCCESS: View created at 1:10 scale
2026-02-04 12:27:42 - 
2026-02-04 12:27:42 - [19/19] Placing: ISO 4032 - M16 - ISO.ipt
2026-02-04 12:27:42 -   Using already-open part document
2026-02-04 12:27:42 -   Position: Column 1, Row 7 (X:2cm, Y:54cm from bottom)
2026-02-04 12:27:42 -   Target scale: 1:10
2026-02-04 12:27:42 -   Activated sheet: Sheet:7 (now has 0 views)
2026-02-04 12:27:42 -   Views before: 0
2026-02-04 12:27:42 -   Views after: 0
2026-02-04 12:27:42 -   SUCCESS: View created at 1:10 scale
2026-02-04 12:27:42 - 
2026-02-04 12:27:42 - Verification: Target sheet now has 0 view(s)
2026-02-04 12:27:42 - 
2026-02-04 12:27:42 - Saving drawing...
2026-02-04 12:27:42 - SUCCESS: Drawing saved
2026-02-04 12:27:42 - 
2026-02-04 12:27:42 - === PLACEMENT COMPLETE ===
2026-02-04 12:27:43 - Source Sheet: Sheet:6
2026-02-04 12:27:43 - Target Sheet: Sheet:7
2026-02-04 12:27:43 - Total parts found: 19
2026-02-04 12:27:43 - Views placed at 1:10: 19
2026-02-04 12:27:43 - Views failed: 0
2026-02-04 12:27:43 - Actual views on target sheet: 0
