1/25/2026 7:31:42 PM - === FIX BOM PLATE DIMENSIONS STARTED ===
1/25/2026 7:31:42 PM - Date/Time: 1/25/2026 7:31:42 PM
1/25/2026 7:31:42 PM - Attempting to get Inventor application...
1/25/2026 7:31:42 PM - Connected to Inventor successfully
1/25/2026 7:31:42 PM - Active document: C:\Users\Quintin\Documents\Spectiv\3. Working\22. DMS plant\21. SSCR04 - Primary Floats D&R Screen Station\726 Static Screen\Bottom\Static Screen Bottom Wider.iam
1/25/2026 7:31:42 PM - Document type: 12291
1/25/2026 7:31:42 PM - Processing assembly: C:\Users\Quintin\Documents\Spectiv\3. Working\22. DMS plant\21. SSCR04 - Primary Floats D&R Screen Station\726 Static Screen\Bottom\Static Screen Bottom Wider.iam
1/25/2026 7:31:42 PM - 
1/25/2026 7:31:42 PM - === STEP 1: Scanning assembly for plate parts ===
1/25/2026 7:31:42 PM - Looking for parts with PL, VRN, or S355JR in description...
1/25/2026 7:31:42 PM -   Found plate: N1SCR04-726-PL33.ipt (PL 6mm S355JR)
1/25/2026 7:31:42 PM -   Found plate: N1SCR04-726-PL34.ipt (PL 6mm S355JR)
1/25/2026 7:31:42 PM -   Found plate: N1SCR04-726-PL35.ipt (PL 6mm S355JR)
1/25/2026 7:31:42 PM -   Found plate: N1SCR04-726-PL36.ipt (PL 6mm S355JR)
1/25/2026 7:31:42 PM -   Found plate: N1SCR04-726-PL37.ipt (PL 6mm S355JR)
1/25/2026 7:31:42 PM -   Found plate: N1SCR04-726-PL38.ipt (PL 6mm S355JR)
1/25/2026 7:31:43 PM -   Found plate: N1SCR04-726-PL39.ipt (PL 20mm S355JR)
1/25/2026 7:31:43 PM - Found 7 plate parts
1/25/2026 7:31:43 PM - 
1/25/2026 7:31:43 PM - === STEP 2: Processing plate parts ===
1/25/2026 7:31:43 PM - 
1/25/2026 7:31:43 PM - Processing: C:\Users\Quintin\Documents\Spectiv\3. Working\22. DMS plant\21. SSCR04 - Primary Floats D&R Screen Station\726 Static Screen\Bottom\N1SCR04-726-PL33.ipt
1/25/2026 7:31:43 PM -   Part already open in Inventor
1/25/2026 7:31:43 PM -   Document SubType: {9C464203-9BAE-11D3-8BAD-0060B0CE6BB4}
1/25/2026 7:31:43 PM -   Sheet metal document detected via SubType
1/25/2026 7:31:43 PM -   Updated LENGTH custom iProperty (expression)
1/25/2026 7:31:43 PM -   ERROR creating WIDTH property: Invalid procedure call or argument
1/25/2026 7:31:43 PM -   Successfully set LENGTH and WIDTH custom iProperties
1/25/2026 7:31:43 PM -   Part saved
1/25/2026 7:31:43 PM - 
1/25/2026 7:31:43 PM - Processing: C:\Users\Quintin\Documents\Spectiv\3. Working\22. DMS plant\21. SSCR04 - Primary Floats D&R Screen Station\726 Static Screen\Bottom\N1SCR04-726-PL34.ipt
1/25/2026 7:31:43 PM -   Part already open in Inventor
1/25/2026 7:31:43 PM -   Document SubType: {9C464203-9BAE-11D3-8BAD-0060B0CE6BB4}
1/25/2026 7:31:43 PM -   Sheet metal document detected via SubType
1/25/2026 7:31:43 PM -   Updated LENGTH custom iProperty (expression)
1/25/2026 7:31:43 PM -   ERROR creating WIDTH property: Invalid procedure call or argument
1/25/2026 7:31:43 PM -   Successfully set LENGTH and WIDTH custom iProperties
1/25/2026 7:31:43 PM -   Part saved
1/25/2026 7:31:43 PM - 
1/25/2026 7:31:43 PM - Processing: C:\Users\Quintin\Documents\Spectiv\3. Working\22. DMS plant\21. SSCR04 - Primary Floats D&R Screen Station\726 Static Screen\Bottom\N1SCR04-726-PL35.ipt
1/25/2026 7:31:43 PM -   Part already open in Inventor
1/25/2026 7:31:43 PM -   Document SubType: {9C464203-9BAE-11D3-8BAD-0060B0CE6BB4}
1/25/2026 7:31:43 PM -   Sheet metal document detected via SubType
1/25/2026 7:31:43 PM -   Updated LENGTH custom iProperty (expression)
1/25/2026 7:31:43 PM -   ERROR creating WIDTH property: Invalid procedure call or argument
1/25/2026 7:31:43 PM -   Successfully set LENGTH and WIDTH custom iProperties
1/25/2026 7:31:43 PM -   Part saved
1/25/2026 7:31:43 PM - 
1/25/2026 7:31:43 PM - Processing: C:\Users\Quintin\Documents\Spectiv\3. Working\22. DMS plant\21. SSCR04 - Primary Floats D&R Screen Station\726 Static Screen\Bottom\N1SCR04-726-PL36.ipt
1/25/2026 7:31:43 PM -   Part already open in Inventor
1/25/2026 7:31:43 PM -   Document SubType: {9C464203-9BAE-11D3-8BAD-0060B0CE6BB4}
1/25/2026 7:31:43 PM -   Sheet metal document detected via SubType
1/25/2026 7:31:43 PM -   Updated LENGTH custom iProperty (expression)
1/25/2026 7:31:43 PM -   ERROR creating WIDTH property: Invalid procedure call or argument
1/25/2026 7:31:43 PM -   Successfully set LENGTH and WIDTH custom iProperties
1/25/2026 7:31:44 PM -   Part saved
1/25/2026 7:31:44 PM - 
1/25/2026 7:31:44 PM - Processing: C:\Users\Quintin\Documents\Spectiv\3. Working\22. DMS plant\21. SSCR04 - Primary Floats D&R Screen Station\726 Static Screen\Bottom\N1SCR04-726-PL37.ipt
1/25/2026 7:31:44 PM -   Part already open in Inventor
1/25/2026 7:31:44 PM -   Document SubType: {9C464203-9BAE-11D3-8BAD-0060B0CE6BB4}
1/25/2026 7:31:44 PM -   Sheet metal document detected via SubType
1/25/2026 7:31:44 PM -   Updated LENGTH custom iProperty (expression)
1/25/2026 7:31:44 PM -   ERROR creating WIDTH property: Invalid procedure call or argument
1/25/2026 7:31:44 PM -   Successfully set LENGTH and WIDTH custom iProperties
1/25/2026 7:31:44 PM -   Part saved
1/25/2026 7:31:44 PM - 
1/25/2026 7:31:44 PM - Processing: C:\Users\Quintin\Documents\Spectiv\3. Working\22. DMS plant\21. SSCR04 - Primary Floats D&R Screen Station\726 Static Screen\Bottom\N1SCR04-726-PL38.ipt
1/25/2026 7:31:44 PM -   Part already open in Inventor
1/25/2026 7:31:44 PM -   Document SubType: {9C464203-9BAE-11D3-8BAD-0060B0CE6BB4}
1/25/2026 7:31:44 PM -   Sheet metal document detected via SubType
1/25/2026 7:31:44 PM -   Updated LENGTH custom iProperty (expression)
1/25/2026 7:31:44 PM -   ERROR creating WIDTH property: Invalid procedure call or argument
1/25/2026 7:31:44 PM -   Successfully set LENGTH and WIDTH custom iProperties
1/25/2026 7:31:44 PM -   Part saved
1/25/2026 7:31:44 PM - 
1/25/2026 7:31:44 PM - Processing: C:\Users\Quintin\Documents\Spectiv\3. Working\22. DMS plant\21. SSCR04 - Primary Floats D&R Screen Station\726 Static Screen\Bottom\N1SCR04-726-PL39.ipt
1/25/2026 7:31:44 PM -   Part already open in Inventor
1/25/2026 7:31:44 PM -   Document SubType: {9C464203-9BAE-11D3-8BAD-0060B0CE6BB4}
1/25/2026 7:31:44 PM -   Sheet metal document detected via SubType
1/25/2026 7:31:44 PM -   Updated LENGTH custom iProperty (expression)
1/25/2026 7:31:44 PM -   ERROR creating WIDTH property: Invalid procedure call or argument
1/25/2026 7:31:44 PM -   Successfully set LENGTH and WIDTH custom iProperties
1/25/2026 7:31:44 PM -   Part saved
1/25/2026 7:31:44 PM - 
1/25/2026 7:31:44 PM - === STEP 3: Refreshing BOM ===
1/25/2026 7:31:45 PM - BOM refreshed successfully
1/25/2026 7:31:45 PM - 
1/25/2026 7:31:45 PM - === PROCESSING COMPLETE ===
1/25/2026 7:31:45 PM - Parts processed successfully: 7
1/25/2026 7:31:45 PM - Parts skipped (not sheet metal): 0
1/25/2026 7:31:45 PM - Parts failed: 0
1/25/2026 7:31:45 PM - Total plate parts: 7

