1/25/2026 7:36:03 PM - === FIX BOM PLATE DIMENSIONS (DIRECT) ===
1/25/2026 7:36:03 PM - Date/Time: 1/25/2026 7:36:03 PM
1/25/2026 7:36:03 PM - 
1/25/2026 7:36:03 PM - Assembly: Static Screen Bottom Wider.iam
1/25/2026 7:36:03 PM - 
1/25/2026 7:36:03 PM - BOM Rows: 14
1/25/2026 7:36:03 PM - 
1/25/2026 7:36:03 PM - === EXISTING BOM COLUMNS ===
1/25/2026 7:36:03 PM -      ^ Found LENGTH column at index 1
1/25/2026 7:36:03 PM -      ^ Found WIDTH column at index 1
1/25/2026 7:36:03 PM - 
1/25/2026 7:36:03 PM - 
1/25/2026 7:36:03 PM - === PROCESSING BOM ROWS ===
1/25/2026 7:36:03 PM - Processing plate: N1SCR04-726-PL33
1/25/2026 7:36:03 PM -     Attempting to set LENGTH formula...
1/25/2026 7:36:03 PM -       Expression failed: Object required
1/25/2026 7:36:03 PM -       Value failed: Object required
1/25/2026 7:36:03 PM -     Attempting to set WIDTH formula...
1/25/2026 7:36:03 PM -       Expression failed: Object required
1/25/2026 7:36:03 PM -       Value failed: Object required
1/25/2026 7:36:03 PM - Processing plate: N1SCR04-726-PL34
1/25/2026 7:36:03 PM -     Attempting to set LENGTH formula...
1/25/2026 7:36:03 PM -       Expression failed: Object required
1/25/2026 7:36:03 PM -       Value failed: Object required
1/25/2026 7:36:03 PM -     Attempting to set WIDTH formula...
1/25/2026 7:36:03 PM -       Expression failed: Object required
1/25/2026 7:36:03 PM -       Value failed: Object required
1/25/2026 7:36:03 PM - Processing plate: N1SCR04-726-PL36
1/25/2026 7:36:03 PM -     Attempting to set LENGTH formula...
1/25/2026 7:36:03 PM -       Expression failed: Object required
1/25/2026 7:36:03 PM -       Value failed: Object required
1/25/2026 7:36:03 PM -     Attempting to set WIDTH formula...
1/25/2026 7:36:03 PM -       Expression failed: Object required
1/25/2026 7:36:03 PM -       Value failed: Object required
1/25/2026 7:36:03 PM - Processing plate: N1SCR04-726-PL37
1/25/2026 7:36:03 PM -     Attempting to set LENGTH formula...
1/25/2026 7:36:03 PM -       Expression failed: Object required
1/25/2026 7:36:03 PM -       Value failed: Object required
1/25/2026 7:36:03 PM -     Attempting to set WIDTH formula...
1/25/2026 7:36:03 PM -       Expression failed: Object required
1/25/2026 7:36:03 PM -       Value failed: Object required
1/25/2026 7:36:03 PM - Processing plate: N1SCR04-726-PL38
1/25/2026 7:36:03 PM -     Attempting to set LENGTH formula...
1/25/2026 7:36:03 PM -       Expression failed: Object required
1/25/2026 7:36:03 PM -       Value failed: Object required
1/25/2026 7:36:03 PM -     Attempting to set WIDTH formula...
1/25/2026 7:36:03 PM -       Expression failed: Object required
1/25/2026 7:36:03 PM -       Value failed: Object required
1/25/2026 7:36:03 PM - Processing plate: N1SCR04-726-PL35
1/25/2026 7:36:03 PM -     Attempting to set LENGTH formula...
1/25/2026 7:36:03 PM -       Expression failed: Object required
1/25/2026 7:36:03 PM -       Value failed: Object required
1/25/2026 7:36:03 PM -     Attempting to set WIDTH formula...
1/25/2026 7:36:03 PM -       Expression failed: Object required
1/25/2026 7:36:03 PM -       Value failed: Object required
1/25/2026 7:36:03 PM - Processing plate: N1SCR04-726-PL39
1/25/2026 7:36:03 PM -     Attempting to set LENGTH formula...
1/25/2026 7:36:03 PM -       Expression failed: Object required
1/25/2026 7:36:03 PM -       Value failed: Object required
1/25/2026 7:36:03 PM -     Attempting to set WIDTH formula...
1/25/2026 7:36:03 PM -       Expression failed: Object required
1/25/2026 7:36:03 PM -       Value failed: Object required
1/25/2026 7:36:03 PM - 
1/25/2026 7:36:03 PM - === REFRESHING BOM ===
1/25/2026 7:36:03 PM - 
1/25/2026 7:36:03 PM - === COMPLETE ===
1/25/2026 7:36:03 PM - Plate parts updated: 7

