1/25/2026 5:38:33 PM - === FIX BOM PLATE DIMENSIONS STARTED ===
1/25/2026 5:38:33 PM - Date/Time: 1/25/2026 5:38:33 PM
1/25/2026 5:38:33 PM - Attempting to get Inventor application...
1/25/2026 5:38:33 PM - Connected to Inventor successfully
1/25/2026 5:38:33 PM - Active document: C:\Users\Quintin\Documents\Spectiv\3. Working\22. DMS plant\21. SSCR04 - Primary Floats D&R Screen Station\726 Static Screen\Bottom\Static Screen Bottom Wider.iam
1/25/2026 5:38:33 PM - Document type: 12291
1/25/2026 5:38:33 PM - Processing assembly: C:\Users\Quintin\Documents\Spectiv\3. Working\22. DMS plant\21. SSCR04 - Primary Floats D&R Screen Station\726 Static Screen\Bottom\Static Screen Bottom Wider.iam
1/25/2026 5:38:33 PM - 
1/25/2026 5:38:33 PM - === STEP 1: Scanning assembly for plate parts ===
1/25/2026 5:38:33 PM - Looking for parts with PL, VRN, or S355JR in description...
1/25/2026 5:38:33 PM -   Found plate: N1SCR04-726-PL33.ipt (PL 6mm S355JR)
1/25/2026 5:38:33 PM -   Found plate: N1SCR04-726-PL34.ipt (PL 6mm S355JR)
1/25/2026 5:38:33 PM -   Found plate: N1SCR04-726-PL35.ipt (PL 6mm S355JR)
1/25/2026 5:38:33 PM -   Found plate: N1SCR04-726-PL36.ipt (PL 6mm S355JR)
1/25/2026 5:38:33 PM -   Found plate: N1SCR04-726-PL37.ipt (PL 6mm S355JR)
1/25/2026 5:38:33 PM -   Found plate: N1SCR04-726-PL38.ipt (PL 6mm S355JR)
1/25/2026 5:38:33 PM -   Found plate: N1SCR04-726-PL39.ipt (PL 20mm S355JR)
1/25/2026 5:38:33 PM - Found 7 plate parts
1/25/2026 5:38:33 PM - 
1/25/2026 5:38:33 PM - === STEP 2: Processing plate parts ===
1/25/2026 5:38:33 PM - 
1/25/2026 5:38:33 PM - Processing: C:\Users\Quintin\Documents\Spectiv\3. Working\22. DMS plant\21. SSCR04 - Primary Floats D&R Screen Station\726 Static Screen\Bottom\N1SCR04-726-PL33.ipt
1/25/2026 5:38:33 PM -   Part already open in Inventor
1/25/2026 5:38:33 PM -   Component type: 
1/25/2026 5:38:33 PM -   Not a sheet metal part
1/25/2026 5:38:33 PM -   SKIPPED: Not a sheet metal part (no flat pattern)
1/25/2026 5:38:33 PM - 
1/25/2026 5:38:33 PM - Processing: C:\Users\Quintin\Documents\Spectiv\3. Working\22. DMS plant\21. SSCR04 - Primary Floats D&R Screen Station\726 Static Screen\Bottom\N1SCR04-726-PL34.ipt
1/25/2026 5:38:34 PM -   Part already open in Inventor
1/25/2026 5:38:34 PM -   Component type: 
1/25/2026 5:38:34 PM -   Not a sheet metal part
1/25/2026 5:38:34 PM -   SKIPPED: Not a sheet metal part (no flat pattern)
1/25/2026 5:38:34 PM - 
1/25/2026 5:38:34 PM - Processing: C:\Users\Quintin\Documents\Spectiv\3. Working\22. DMS plant\21. SSCR04 - Primary Floats D&R Screen Station\726 Static Screen\Bottom\N1SCR04-726-PL35.ipt
1/25/2026 5:38:34 PM -   Part already open in Inventor
1/25/2026 5:38:34 PM -   Component type: 
1/25/2026 5:38:34 PM -   Not a sheet metal part
1/25/2026 5:38:34 PM -   SKIPPED: Not a sheet metal part (no flat pattern)
1/25/2026 5:38:34 PM - 
1/25/2026 5:38:34 PM - Processing: C:\Users\Quintin\Documents\Spectiv\3. Working\22. DMS plant\21. SSCR04 - Primary Floats D&R Screen Station\726 Static Screen\Bottom\N1SCR04-726-PL36.ipt
1/25/2026 5:38:34 PM -   Part already open in Inventor
1/25/2026 5:38:34 PM -   Component type: 
1/25/2026 5:38:34 PM -   Not a sheet metal part
1/25/2026 5:38:34 PM -   SKIPPED: Not a sheet metal part (no flat pattern)
1/25/2026 5:38:34 PM - 
1/25/2026 5:38:34 PM - Processing: C:\Users\Quintin\Documents\Spectiv\3. Working\22. DMS plant\21. SSCR04 - Primary Floats D&R Screen Station\726 Static Screen\Bottom\N1SCR04-726-PL37.ipt
1/25/2026 5:38:34 PM -   Part already open in Inventor
1/25/2026 5:38:34 PM -   Component type: 
1/25/2026 5:38:34 PM -   Not a sheet metal part
1/25/2026 5:38:34 PM -   SKIPPED: Not a sheet metal part (no flat pattern)
1/25/2026 5:38:34 PM - 
1/25/2026 5:38:34 PM - Processing: C:\Users\Quintin\Documents\Spectiv\3. Working\22. DMS plant\21. SSCR04 - Primary Floats D&R Screen Station\726 Static Screen\Bottom\N1SCR04-726-PL38.ipt
1/25/2026 5:38:34 PM -   Part already open in Inventor
1/25/2026 5:38:34 PM -   Component type: 
1/25/2026 5:38:34 PM -   Not a sheet metal part
1/25/2026 5:38:34 PM -   SKIPPED: Not a sheet metal part (no flat pattern)
1/25/2026 5:38:34 PM - 
1/25/2026 5:38:34 PM - Processing: C:\Users\Quintin\Documents\Spectiv\3. Working\22. DMS plant\21. SSCR04 - Primary Floats D&R Screen Station\726 Static Screen\Bottom\N1SCR04-726-PL39.ipt
1/25/2026 5:38:34 PM -   Part already open in Inventor
1/25/2026 5:38:34 PM -   Component type: 
1/25/2026 5:38:34 PM -   Not a sheet metal part
1/25/2026 5:38:34 PM -   SKIPPED: Not a sheet metal part (no flat pattern)
1/25/2026 5:38:34 PM - 
1/25/2026 5:38:34 PM - === STEP 3: Refreshing BOM ===
1/25/2026 5:38:34 PM - BOM refreshed successfully
1/25/2026 5:38:34 PM - 
1/25/2026 5:38:34 PM - === PROCESSING COMPLETE ===
1/25/2026 5:38:34 PM - Parts processed successfully: 0
1/25/2026 5:38:34 PM - Parts skipped (not sheet metal): 7
1/25/2026 5:38:34 PM - Parts failed: 0
1/25/2026 5:38:34 PM - Total plate parts: 7

