=== FIX BOM PLATE DIMENSIONS ===
Date: 1/25/2026 7:41:15 PM

Assembly: Static Screen Bottom Wider.iam

=== SCANNING FOR PLATE PARTS ===
Processing: N1SCR04-726-PL33.ipt (PL 6mm S355JR)
  Cleaning up old properties...
  ERROR creating LENGTH: Invalid procedure call or argument
  ERROR creating WIDTH: Invalid procedure call or argument
  Saved
Processing: N1SCR04-726-PL34.ipt (PL 6mm S355JR)
  Cleaning up old properties...
  ERROR creating LENGTH: Invalid procedure call or argument
  ERROR creating WIDTH: Invalid procedure call or argument
  Saved
Processing: N1SCR04-726-PL35.ipt (PL 6mm S355JR)
  Cleaning up old properties...
  ERROR creating LENGTH: Invalid procedure call or argument
  ERROR creating WIDTH: Invalid procedure call or argument
  Saved
Processing: N1SCR04-726-PL36.ipt (PL 6mm S355JR)
  Cleaning up old properties...
  ERROR creating LENGTH: Invalid procedure call or argument
  ERROR creating WIDTH: Invalid procedure call or argument
  Saved
Processing: N1SCR04-726-PL37.ipt (PL 6mm S355JR)
  Cleaning up old properties...
  ERROR creating LENGTH: Invalid procedure call or argument
  ERROR creating WIDTH: Invalid procedure call or argument
  Saved
Processing: N1SCR04-726-PL38.ipt (PL 6mm S355JR)
  Cleaning up old properties...
  ERROR creating LENGTH: Invalid procedure call or argument
  ERROR creating WIDTH: Invalid procedure call or argument
  Saved
Processing: N1SCR04-726-PL39.ipt (PL 20mm S355JR)
  Cleaning up old properties...
  ERROR creating LENGTH: Invalid procedure call or argument
  ERROR creating WIDTH: Invalid procedure call or argument
  Saved

=== UPDATING ASSEMBLY ===
Assembly updated

=== COMPLETE ===
Plates processed: 7

